Running:
src/main_5q.py --output_dir experiments --comment classification from Scratch --name VRS_fromScratch --records_file VRS_records.xls --data_dir /mnt/d/OneDrive - Southern Methodist University/Phone_Privacy/input_feature/all_norm_downsample_480p_s22 --data_class vrs --val_ratio 0.1 --epochs 40 --lr 0.001 --dropout 0.2 --batch_size 8 --num_layers 3 --num_heads 4 --optimizer RAdam --pos_encoding learnable --task classification --normalization none --key_metric accuracy

Using device: cuda
Loading and preprocessing data ...
204 samples may be used for training
23 samples will be used for validation
0 samples will be used for testing
Creating model ...
Model:
TSTransformerEncoderClassiregressor(
  (project_inp): Linear(in_features=39, out_features=64, bias=True)
  (pos_enc): LearnablePositionalEncoding(
    (dropout): Dropout(p=0.2, inplace=False)
  )
  (transformer_encoder): TransformerEncoder(
    (layers): ModuleList(
      (0-2): 3 x TransformerBatchNormEncoderLayer(
        (self_attn): MultiheadAttention(
          (out_proj): NonDynamicallyQuantizableLinear(in_features=64, out_features=64, bias=True)
        )
        (linear1): Linear(in_features=64, out_features=256, bias=True)
        (dropout): Dropout(p=0.2, inplace=False)
        (linear2): Linear(in_features=256, out_features=64, bias=True)
        (norm1): BatchNorm1d(64, eps=1e-05, momentum=0.1, affine=True, track_running_stats=True)
        (norm2): BatchNorm1d(64, eps=1e-05, momentum=0.1, affine=True, track_running_stats=True)
        (dropout1): Dropout(p=0.2, inplace=False)
        (dropout2): Dropout(p=0.2, inplace=False)
      )
    )
  )
  (dropout1): Dropout(p=0.2, inplace=False)
  (output_layer): Linear(in_features=5120, out_features=5, bias=True)
)
Total number of parameters: 183237
Trainable parameters: 183237
Evaluating on validation set ...
Validation runtime: 0.0 hours, 0.0 minutes, 0.254133939743042 seconds

Avg val. time: 0.0 hours, 0.0 minutes, 0.254133939743042 seconds
Avg batch val. time: 0.08471131324768066 seconds
Avg sample val. time: 0.011049301727958347 seconds
Epoch 0 Validation Summary: epoch: 0.000000 | loss: 5.439409 | accuracy: 0.217391 | precision: 0.217391 | 
Starting training...
Epoch 1 Training Summary: epoch: 1.000000 | loss: 1.716218 | 
Epoch runtime: 0.0 hours, 0.0 minutes, 0.4720938205718994 seconds

Avg epoch train. time: 0.0 hours, 0.0 minutes, 0.4720938205718994 seconds
Avg batch train. time: 0.018157454637380745 seconds
Avg sample train. time: 0.0023141853949602913 seconds
Evaluating on validation set ...
Validation runtime: 0.0 hours, 0.0 minutes, 0.016542673110961914 seconds

Avg val. time: 0.0 hours, 0.0 minutes, 0.13533830642700195 seconds
Avg batch val. time: 0.04511276880900065 seconds
Avg sample val. time: 0.005884274192478346 seconds
Epoch 1 Validation Summary: epoch: 1.000000 | loss: 1.594796 | accuracy: 0.260870 | precision: 0.272556 | 
Epoch 2 Training Summary: epoch: 2.000000 | loss: 1.680525 | 
Epoch runtime: 0.0 hours, 0.0 minutes, 0.3504598140716553 seconds

Avg epoch train. time: 0.0 hours, 0.0 minutes, 0.41127681732177734 seconds
Avg batch train. time: 0.015818339127760667 seconds
Avg sample train. time: 0.0020160628300087123 seconds
Evaluating on validation set ...
Validation runtime: 0.0 hours, 0.0 minutes, 0.01963210105895996 seconds

Avg val. time: 0.0 hours, 0.0 minutes, 0.09676957130432129 seconds
Avg batch val. time: 0.032256523768107094 seconds
Avg sample val. time: 0.0042073726654052734 seconds
Epoch 2 Validation Summary: epoch: 2.000000 | loss: 1.599151 | accuracy: 0.260870 | precision: 0.304226 | 
Epoch 3 Training Summary: epoch: 3.000000 | loss: 1.669681 | 
Epoch runtime: 0.0 hours, 0.0 minutes, 0.32695627212524414 seconds

Avg epoch train. time: 0.0 hours, 0.0 minutes, 0.3831699689229329 seconds
Avg batch train. time: 0.014737306497035882 seconds
Avg sample train. time: 0.0018782841613869262 seconds
Epoch 4 Training Summary: epoch: 4.000000 | loss: 1.681220 | 
Epoch runtime: 0.0 hours, 0.0 minutes, 0.2795734405517578 seconds

Avg epoch train. time: 0.0 hours, 0.0 minutes, 0.35727083683013916 seconds
Avg batch train. time: 0.01374118603192843 seconds
Avg sample train. time: 0.00175132763152029 seconds
Evaluating on validation set ...
Validation runtime: 0.0 hours, 0.0 minutes, 0.014029502868652344 seconds

Avg val. time: 0.0 hours, 0.0 minutes, 0.07608455419540405 seconds
Avg batch val. time: 0.025361518065134685 seconds
Avg sample val. time: 0.00330802409545235 seconds
Epoch 4 Validation Summary: epoch: 4.000000 | loss: 1.595924 | accuracy: 0.260870 | precision: 0.346377 | 
Epoch 5 Training Summary: epoch: 5.000000 | loss: 1.639289 | 
Epoch runtime: 0.0 hours, 0.0 minutes, 0.2785770893096924 seconds

Avg epoch train. time: 0.0 hours, 0.0 minutes, 0.3415320873260498 seconds
Avg batch train. time: 0.013135849512540376 seconds
Avg sample train. time: 0.0016741768986571067 seconds
Epoch 6 Training Summary: epoch: 6.000000 | loss: 1.629920 | 
Epoch runtime: 0.0 hours, 0.0 minutes, 0.28624987602233887 seconds

Avg epoch train. time: 0.0 hours, 0.0 minutes, 0.33231838544209796 seconds
Avg batch train. time: 0.012781476363157613 seconds
Avg sample train. time: 0.0016290116933436174 seconds
Evaluating on validation set ...
Validation runtime: 0.0 hours, 0.0 minutes, 0.01366114616394043 seconds

Avg val. time: 0.0 hours, 0.0 minutes, 0.06359987258911133 seconds
Avg batch val. time: 0.021199957529703776 seconds
Avg sample val. time: 0.0027652118517004927 seconds
Epoch 6 Validation Summary: epoch: 6.000000 | loss: 1.581920 | accuracy: 0.217391 | precision: 0.163043 | 
Epoch 7 Training Summary: epoch: 7.000000 | loss: 1.661193 | 
Epoch runtime: 0.0 hours, 0.0 minutes, 0.2829277515411377 seconds

Avg epoch train. time: 0.0 hours, 0.0 minutes, 0.3252625805991037 seconds
Avg batch train. time: 0.01251009925381168 seconds
Avg sample train. time: 0.0015944244147014885 seconds
Epoch 8 Training Summary: epoch: 8.000000 | loss: 1.633410 | 
Epoch runtime: 0.0 hours, 0.0 minutes, 0.3019402027130127 seconds

Avg epoch train. time: 0.0 hours, 0.0 minutes, 0.3223472833633423 seconds
Avg batch train. time: 0.012397972437051626 seconds
Avg sample train. time: 0.0015801337419771681 seconds
Evaluating on validation set ...
Validation runtime: 0.0 hours, 0.0 minutes, 0.013817071914672852 seconds

Avg val. time: 0.0 hours, 0.0 minutes, 0.05530273914337158 seconds
Avg batch val. time: 0.01843424638112386 seconds
Avg sample val. time: 0.0024044669192770252 seconds
Epoch 8 Validation Summary: epoch: 8.000000 | loss: 1.593641 | accuracy: 0.217391 | precision: 0.285185 | 
Epoch 9 Training Summary: epoch: 9.000000 | loss: 1.608695 | 
Epoch runtime: 0.0 hours, 0.0 minutes, 0.30759286880493164 seconds

Avg epoch train. time: 0.0 hours, 0.0 minutes, 0.32070790396796334 seconds
Avg batch train. time: 0.012334919383383205 seconds
Avg sample train. time: 0.0015720975684704085 seconds
Epoch 10 Training Summary: epoch: 10.000000 | loss: 1.631579 | 
Epoch runtime: 0.0 hours, 0.0 minutes, 0.28112339973449707 seconds

Avg epoch train. time: 0.0 hours, 0.0 minutes, 0.3167494535446167 seconds
Avg batch train. time: 0.012182671290177565 seconds
Avg sample train. time: 0.0015526933997285133 seconds
Evaluating on validation set ...
Validation runtime: 0.0 hours, 0.0 minutes, 0.013265132904052734 seconds

Avg val. time: 0.0 hours, 0.0 minutes, 0.04929736682346889 seconds
Avg batch val. time: 0.016432455607822964 seconds
Avg sample val. time: 0.00214336377493343 seconds
Epoch 10 Validation Summary: epoch: 10.000000 | loss: 1.576683 | accuracy: 0.260870 | precision: 0.613636 | 
Epoch 11 Training Summary: epoch: 11.000000 | loss: 1.565277 | 
Epoch runtime: 0.0 hours, 0.0 minutes, 0.27762532234191895 seconds

Avg epoch train. time: 0.0 hours, 0.0 minutes, 0.31319271434437146 seconds
Avg batch train. time: 0.012045873628629671 seconds
Avg sample train. time: 0.0015352584036488798 seconds
Epoch 12 Training Summary: epoch: 12.000000 | loss: 1.534616 | 
Epoch runtime: 0.0 hours, 0.0 minutes, 0.28875112533569336 seconds

Avg epoch train. time: 0.0 hours, 0.0 minutes, 0.31115591526031494 seconds
Avg batch train. time: 0.011967535202319805 seconds
Avg sample train. time: 0.0015252740944133086 seconds
Evaluating on validation set ...
Validation runtime: 0.0 hours, 0.0 minutes, 0.014481067657470703 seconds

Avg val. time: 0.0 hours, 0.0 minutes, 0.044945329427719116 seconds
Avg batch val. time: 0.014981776475906372 seconds
Avg sample val. time: 0.001954144757726918 seconds
Epoch 12 Validation Summary: epoch: 12.000000 | loss: 1.604994 | accuracy: 0.260870 | precision: 0.458689 | 
Epoch 13 Training Summary: epoch: 13.000000 | loss: 1.546386 | 
Epoch runtime: 0.0 hours, 0.0 minutes, 0.3004281520843506 seconds

Avg epoch train. time: 0.0 hours, 0.0 minutes, 0.3103307027083177 seconds
Avg batch train. time: 0.01193579625801222 seconds
Avg sample train. time: 0.0015212289348446946 seconds
Epoch 14 Training Summary: epoch: 14.000000 | loss: 1.469319 | 
Epoch runtime: 0.0 hours, 0.0 minutes, 0.29248809814453125 seconds

Avg epoch train. time: 0.0 hours, 0.0 minutes, 0.3090562309537615 seconds
Avg batch train. time: 0.011886778113606212 seconds
Avg sample train. time: 0.0015149815242831446 seconds
Evaluating on validation set ...
Validation runtime: 0.0 hours, 0.0 minutes, 0.01373744010925293 seconds

Avg val. time: 0.0 hours, 0.0 minutes, 0.04147778617011176 seconds
Avg batch val. time: 0.013825928723370587 seconds
Avg sample val. time: 0.0018033820073961634 seconds
Epoch 14 Validation Summary: epoch: 14.000000 | loss: 1.430667 | accuracy: 0.434783 | precision: 0.593985 | 
Epoch 15 Training Summary: epoch: 15.000000 | loss: 1.374592 | 
Epoch runtime: 0.0 hours, 0.0 minutes, 0.2944221496582031 seconds

Avg epoch train. time: 0.0 hours, 0.0 minutes, 0.30808062553405763 seconds
Avg batch train. time: 0.011849254828232986 seconds
Avg sample train. time: 0.0015101991447747922 seconds
Epoch 16 Training Summary: epoch: 16.000000 | loss: 1.366475 | 
Epoch runtime: 0.0 hours, 0.0 minutes, 0.28231382369995117 seconds

Avg epoch train. time: 0.0 hours, 0.0 minutes, 0.30647020041942596 seconds
Avg batch train. time: 0.011787315400747152 seconds
Avg sample train. time: 0.001502304904016794 seconds
Evaluating on validation set ...
Validation runtime: 0.0 hours, 0.0 minutes, 0.014462471008300781 seconds

Avg val. time: 0.0 hours, 0.0 minutes, 0.03877625465393066 seconds
Avg batch val. time: 0.012925418217976888 seconds
Avg sample val. time: 0.0016859241153882897 seconds
Epoch 16 Validation Summary: epoch: 16.000000 | loss: 1.424224 | accuracy: 0.391304 | precision: 0.318783 | 
Epoch 17 Training Summary: epoch: 17.000000 | loss: 1.275345 | 
Epoch runtime: 0.0 hours, 0.0 minutes, 0.285327672958374 seconds

Avg epoch train. time: 0.0 hours, 0.0 minutes, 0.30522652233348174 seconds
Avg batch train. time: 0.011739481628210837 seconds
Avg sample train. time: 0.001496208442811185 seconds
Epoch 18 Training Summary: epoch: 18.000000 | loss: 1.201365 | 
Epoch runtime: 0.0 hours, 0.0 minutes, 0.2770273685455322 seconds

Avg epoch train. time: 0.0 hours, 0.0 minutes, 0.30365990267859566 seconds
Avg batch train. time: 0.011679227026099833 seconds
Avg sample train. time: 0.0014885289346989984 seconds
Evaluating on validation set ...
Validation runtime: 0.0 hours, 0.0 minutes, 0.013889312744140625 seconds

Avg val. time: 0.0 hours, 0.0 minutes, 0.0365138053894043 seconds
Avg batch val. time: 0.012171268463134766 seconds
Avg sample val. time: 0.0015875567560610564 seconds
Epoch 18 Validation Summary: epoch: 18.000000 | loss: 1.347704 | accuracy: 0.391304 | precision: 0.418519 | 
Epoch 19 Training Summary: epoch: 19.000000 | loss: 1.196837 | 
Epoch runtime: 0.0 hours, 0.0 minutes, 0.28013038635253906 seconds

Avg epoch train. time: 0.0 hours, 0.0 minutes, 0.3024215070824874 seconds
Avg batch train. time: 0.011631596426249514 seconds
Avg sample train. time: 0.0014824583680514087 seconds
Epoch 20 Training Summary: epoch: 20.000000 | loss: 1.190510 | 
Epoch runtime: 0.0 hours, 0.0 minutes, 0.2688612937927246 seconds

Avg epoch train. time: 0.0 hours, 0.0 minutes, 0.30074349641799925 seconds
Avg batch train. time: 0.011567057554538433 seconds
Avg sample train. time: 0.0014742328255784277 seconds
Evaluating on validation set ...
Validation runtime: 0.0 hours, 0.0 minutes, 0.015199422836303711 seconds

Avg val. time: 0.0 hours, 0.0 minutes, 0.034737606843312584 seconds
Avg batch val. time: 0.011579202281104194 seconds
Avg sample val. time: 0.0015103307323179383 seconds
Epoch 20 Validation Summary: epoch: 20.000000 | loss: 1.452826 | accuracy: 0.478261 | precision: 0.508709 | 
Epoch 21 Training Summary: epoch: 21.000000 | loss: 1.139754 | 
Epoch runtime: 0.0 hours, 0.0 minutes, 0.28652429580688477 seconds

Avg epoch train. time: 0.0 hours, 0.0 minutes, 0.30006639162699383 seconds
Avg batch train. time: 0.011541015062576685 seconds
Avg sample train. time: 0.0014709136844460481 seconds
Epoch 22 Training Summary: epoch: 22.000000 | loss: 1.066894 | 
Epoch runtime: 0.0 hours, 0.0 minutes, 0.3071584701538086 seconds

Avg epoch train. time: 0.0 hours, 0.0 minutes, 0.3003887588327581 seconds
Avg batch train. time: 0.011553413801259928 seconds
Avg sample train. time: 0.0014724939158468535 seconds
Evaluating on validation set ...
Validation runtime: 0.0 hours, 0.0 minutes, 0.013921022415161133 seconds

Avg val. time: 0.0 hours, 0.0 minutes, 0.03313633111807016 seconds
Avg batch val. time: 0.011045443706023388 seconds
Avg sample val. time: 0.0014407100486117461 seconds
Epoch 22 Validation Summary: epoch: 22.000000 | loss: 1.485339 | accuracy: 0.391304 | precision: 0.298551 | 
Epoch 23 Training Summary: epoch: 23.000000 | loss: 1.010711 | 
Epoch runtime: 0.0 hours, 0.0 minutes, 0.2738182544708252 seconds

Avg epoch train. time: 0.0 hours, 0.0 minutes, 0.2992335195126741 seconds
Avg batch train. time: 0.011508981519718233 seconds
Avg sample train. time: 0.0014668309780033043 seconds
Epoch 24 Training Summary: epoch: 24.000000 | loss: 0.983592 | 
Epoch runtime: 0.0 hours, 0.0 minutes, 0.2767810821533203 seconds

Avg epoch train. time: 0.0 hours, 0.0 minutes, 0.2982980012893677 seconds
Avg batch train. time: 0.011473000049591064 seconds
Avg sample train. time: 0.0014622451043596455 seconds
Evaluating on validation set ...
Validation runtime: 0.0 hours, 0.0 minutes, 0.01326298713684082 seconds

Avg val. time: 0.0 hours, 0.0 minutes, 0.031716806547982354 seconds
Avg batch val. time: 0.010572268849327451 seconds
Avg sample val. time: 0.001378991589042711 seconds
Epoch 24 Validation Summary: epoch: 24.000000 | loss: 1.538074 | accuracy: 0.478261 | precision: 0.439130 | 
Epoch 25 Training Summary: epoch: 25.000000 | loss: 0.851311 | 
Epoch runtime: 0.0 hours, 0.0 minutes, 0.2835226058959961 seconds

Avg epoch train. time: 0.0 hours, 0.0 minutes, 0.29770698547363283 seconds
Avg batch train. time: 0.0114502686720628 seconds
Avg sample train. time: 0.001459347968008004 seconds
Epoch 26 Training Summary: epoch: 26.000000 | loss: 0.849086 | 
Epoch runtime: 0.0 hours, 0.0 minutes, 0.27768754959106445 seconds

Avg epoch train. time: 0.0 hours, 0.0 minutes, 0.2969370071704571 seconds
Avg batch train. time: 0.011420654121940658 seconds
Avg sample train. time: 0.0014555735645610643 seconds
Evaluating on validation set ...
Validation runtime: 0.0 hours, 0.0 minutes, 0.013407707214355469 seconds

Avg val. time: 0.0 hours, 0.0 minutes, 0.03049619992574056 seconds
Avg batch val. time: 0.010165399975246852 seconds
Avg sample val. time: 0.0013259217359017634 seconds
Epoch 26 Validation Summary: epoch: 26.000000 | loss: 1.435815 | accuracy: 0.391304 | precision: 0.380124 | 
Epoch 27 Training Summary: epoch: 27.000000 | loss: 0.893138 | 
Epoch runtime: 0.0 hours, 0.0 minutes, 0.29714536666870117 seconds

Avg epoch train. time: 0.0 hours, 0.0 minutes, 0.2969447241889106 seconds
Avg batch train. time: 0.011420950930342715 seconds
Avg sample train. time: 0.0014556113930828951 seconds
Epoch 28 Training Summary: epoch: 28.000000 | loss: 0.697668 | 
Epoch runtime: 0.0 hours, 0.0 minutes, 0.30348896980285645 seconds

Avg epoch train. time: 0.0 hours, 0.0 minutes, 0.2971784472465515 seconds
Avg batch train. time: 0.01142994027871352 seconds
Avg sample train. time: 0.0014567570943458407 seconds
Evaluating on validation set ...
Validation runtime: 0.0 hours, 0.0 minutes, 0.016038894653320312 seconds

Avg val. time: 0.0 hours, 0.0 minutes, 0.029592618346214294 seconds
Avg batch val. time: 0.009864206115404764 seconds
Avg sample val. time: 0.0012866355802701867 seconds
Epoch 28 Validation Summary: epoch: 28.000000 | loss: 1.423438 | accuracy: 0.434783 | precision: 0.368012 | 
Epoch 29 Training Summary: epoch: 29.000000 | loss: 0.635219 | 
Epoch runtime: 0.0 hours, 0.0 minutes, 0.2954714298248291 seconds

Avg epoch train. time: 0.0 hours, 0.0 minutes, 0.29711958457683696 seconds
Avg batch train. time: 0.011427676329878345 seconds
Avg sample train. time: 0.00145646855184724 seconds
Epoch 30 Training Summary: epoch: 30.000000 | loss: 0.615375 | 
Epoch runtime: 0.0 hours, 0.0 minutes, 0.2866058349609375 seconds

Avg epoch train. time: 0.0 hours, 0.0 minutes, 0.29676912625630697 seconds
Avg batch train. time: 0.011414197163704114 seconds
Avg sample train. time: 0.0014547506189034655 seconds
Evaluating on validation set ...
Validation runtime: 0.0 hours, 0.0 minutes, 0.014328956604003906 seconds

Avg val. time: 0.0 hours, 0.0 minutes, 0.028694755890790152 seconds
Avg batch val. time: 0.009564918630263384 seconds
Avg sample val. time: 0.0012475980822082675 seconds
Epoch 30 Validation Summary: epoch: 30.000000 | loss: 1.730994 | accuracy: 0.434783 | precision: 0.465942 | 
Epoch 31 Training Summary: epoch: 31.000000 | loss: 0.547739 | 
Epoch runtime: 0.0 hours, 0.0 minutes, 0.28545379638671875 seconds

Avg epoch train. time: 0.0 hours, 0.0 minutes, 0.2964041156153525 seconds
Avg batch train. time: 0.011400158292898173 seconds
Avg sample train. time: 0.0014529613510556496 seconds
Epoch 32 Training Summary: epoch: 32.000000 | loss: 0.505236 | 
Epoch runtime: 0.0 hours, 0.0 minutes, 0.29376220703125 seconds

Avg epoch train. time: 0.0 hours, 0.0 minutes, 0.2963215559720993 seconds
Avg batch train. time: 0.011396982922003819 seconds
Avg sample train. time: 0.0014525566469220555 seconds
Evaluating on validation set ...
Validation runtime: 0.0 hours, 0.0 minutes, 0.014246225357055664 seconds

Avg val. time: 0.0 hours, 0.0 minutes, 0.027892059750027128 seconds
Avg batch val. time: 0.009297353250009043 seconds
Avg sample val. time: 0.0012126982500011794 seconds
Epoch 32 Validation Summary: epoch: 32.000000 | loss: 1.605175 | accuracy: 0.391304 | precision: 0.394928 | 
Epoch 33 Training Summary: epoch: 33.000000 | loss: 0.469814 | 
Epoch runtime: 0.0 hours, 0.0 minutes, 0.2843191623687744 seconds

Avg epoch train. time: 0.0 hours, 0.0 minutes, 0.29595784707502887 seconds
Avg batch train. time: 0.011382994118270342 seconds
Avg sample train. time: 0.0014507737601717101 seconds
Epoch 34 Training Summary: epoch: 34.000000 | loss: 0.524155 | 
Epoch runtime: 0.0 hours, 0.0 minutes, 0.31781911849975586 seconds

Avg epoch train. time: 0.0 hours, 0.0 minutes, 0.2966008256463444 seconds
Avg batch train. time: 0.011407724063320938 seconds
Avg sample train. time: 0.0014539256159134528 seconds
Evaluating on validation set ...
Validation runtime: 0.0 hours, 0.0 minutes, 0.014142036437988281 seconds

Avg val. time: 0.0 hours, 0.0 minutes, 0.027168374312551397 seconds
Avg batch val. time: 0.009056124770850466 seconds
Avg sample val. time: 0.0011812336657631042 seconds
Epoch 34 Validation Summary: epoch: 34.000000 | loss: 2.057612 | accuracy: 0.434783 | precision: 0.398551 | 
Epoch 35 Training Summary: epoch: 35.000000 | loss: 0.633403 | 
Epoch runtime: 0.0 hours, 0.0 minutes, 0.29633069038391113 seconds

Avg epoch train. time: 0.0 hours, 0.0 minutes, 0.2965931074959891 seconds
Avg batch train. time: 0.011407427211384196 seconds
Avg sample train. time: 0.0014538877818430838 seconds
Epoch 36 Training Summary: epoch: 36.000000 | loss: 0.489655 | 
Epoch runtime: 0.0 hours, 0.0 minutes, 0.286435604095459 seconds

Avg epoch train. time: 0.0 hours, 0.0 minutes, 0.2963109546237522 seconds
Avg batch train. time: 0.011396575177836623 seconds
Avg sample train. time: 0.001452504679528197 seconds
Evaluating on validation set ...
Validation runtime: 0.0 hours, 0.0 minutes, 0.013649702072143555 seconds

Avg val. time: 0.0 hours, 0.0 minutes, 0.026492440700531007 seconds
Avg batch val. time: 0.008830813566843669 seconds
Avg sample val. time: 0.0011518452478491742 seconds
Epoch 36 Validation Summary: epoch: 36.000000 | loss: 2.161482 | accuracy: 0.478261 | precision: 0.595342 | 
Epoch 37 Training Summary: epoch: 37.000000 | loss: 0.454283 | 
Epoch runtime: 0.0 hours, 0.0 minutes, 0.28766703605651855 seconds

Avg epoch train. time: 0.0 hours, 0.0 minutes, 0.2960773352030161 seconds
Avg batch train. time: 0.011387589815500618 seconds
Avg sample train. time: 0.0014513594862892946 seconds
Epoch 38 Training Summary: epoch: 38.000000 | loss: 0.378132 | 
Epoch runtime: 0.0 hours, 0.0 minutes, 0.29550886154174805 seconds

Avg epoch train. time: 0.0 hours, 0.0 minutes, 0.2960623753698249 seconds
Avg batch train. time: 0.011387014437300957 seconds
Avg sample train. time: 0.0014512861537736513 seconds
Evaluating on validation set ...
Validation runtime: 0.0 hours, 0.0 minutes, 0.013934135437011719 seconds

Avg val. time: 0.0 hours, 0.0 minutes, 0.025894426164172944 seconds
Avg batch val. time: 0.008631475388057648 seconds
Avg sample val. time: 0.0011258446158336063 seconds
Epoch 38 Validation Summary: epoch: 38.000000 | loss: 1.510780 | accuracy: 0.521739 | precision: 0.572464 | 
Epoch 39 Training Summary: epoch: 39.000000 | loss: 0.405481 | 
Epoch runtime: 0.0 hours, 0.0 minutes, 0.2883446216583252 seconds

Avg epoch train. time: 0.0 hours, 0.0 minutes, 0.2958644842490172 seconds
Avg batch train. time: 0.011379403240346815 seconds
Avg sample train. time: 0.0014503160992598882 seconds
Epoch 40 Training Summary: epoch: 40.000000 | loss: 0.400009 | 
Epoch runtime: 0.0 hours, 0.0 minutes, 0.31107187271118164 seconds

Avg epoch train. time: 0.0 hours, 0.0 minutes, 0.2962446689605713 seconds
Avg batch train. time: 0.011394025729252742 seconds
Avg sample train. time: 0.001452179749806722 seconds
Evaluating on validation set ...
Validation runtime: 0.0 hours, 0.0 minutes, 0.014086008071899414 seconds

Avg val. time: 0.0 hours, 0.0 minutes, 0.02535767988725142 seconds
Avg batch val. time: 0.00845255996241714 seconds
Avg sample val. time: 0.0011025078211848443 seconds
Epoch 40 Validation Summary: epoch: 40.000000 | loss: 1.782951 | accuracy: 0.434783 | precision: 0.478261 | 
Best accuracy was 0.5217391304347826. Other metrics: OrderedDict([('epoch', 38), ('loss', 1.5107795259226924), ('accuracy', 0.5217391304347826), ('precision', 0.572463768115942)])
All Done!
Total runtime: 0.0 hours, 0.0 minutes, 17.74481749534607 seconds

