Running:
src/main_5q.py --output_dir experiments --comment classification from Scratch --name VRS_fromScratch --records_file VRS_records.xls --data_dir /mnt/d/OneDrive - Southern Methodist University/Phone_Privacy/input_feature/all_norm_downsample_480p_s22 --data_class vrs --val_ratio 0.1 --epochs 40 --lr 0.001 --dropout 0.2 --batch_size 8 --num_layers 3 --num_heads 4 --optimizer RAdam --pos_encoding learnable --task classification --normalization none --key_metric accuracy

Using device: cuda
Loading and preprocessing data ...
67 samples may be used for training
8 samples will be used for validation
0 samples will be used for testing
Creating model ...
Model:
TSTransformerEncoderClassiregressor(
  (project_inp): Linear(in_features=39, out_features=64, bias=True)
  (pos_enc): LearnablePositionalEncoding(
    (dropout): Dropout(p=0.2, inplace=False)
  )
  (transformer_encoder): TransformerEncoder(
    (layers): ModuleList(
      (0-2): 3 x TransformerBatchNormEncoderLayer(
        (self_attn): MultiheadAttention(
          (out_proj): NonDynamicallyQuantizableLinear(in_features=64, out_features=64, bias=True)
        )
        (linear1): Linear(in_features=64, out_features=256, bias=True)
        (dropout): Dropout(p=0.2, inplace=False)
        (linear2): Linear(in_features=256, out_features=64, bias=True)
        (norm1): BatchNorm1d(64, eps=1e-05, momentum=0.1, affine=True, track_running_stats=True)
        (norm2): BatchNorm1d(64, eps=1e-05, momentum=0.1, affine=True, track_running_stats=True)
        (dropout1): Dropout(p=0.2, inplace=False)
        (dropout2): Dropout(p=0.2, inplace=False)
      )
    )
  )
  (dropout1): Dropout(p=0.2, inplace=False)
  (output_layer): Linear(in_features=5120, out_features=5, bias=True)
)
Total number of parameters: 183237
Trainable parameters: 183237
Evaluating on validation set ...
Validation runtime: 0.0 hours, 0.0 minutes, 0.22611069679260254 seconds

Avg val. time: 0.0 hours, 0.0 minutes, 0.22611069679260254 seconds
Avg batch val. time: 0.22611069679260254 seconds
Avg sample val. time: 0.028263837099075317 seconds
Epoch 0 Validation Summary: epoch: 0.000000 | loss: 3.690685 | accuracy: 0.250000 | precision: 0.250000 | 
Starting training...
Epoch 1 Training Summary: epoch: 1.000000 | loss: 1.751566 | 
Epoch runtime: 0.0 hours, 0.0 minutes, 0.228607177734375 seconds

Avg epoch train. time: 0.0 hours, 0.0 minutes, 0.228607177734375 seconds
Avg batch train. time: 0.025400797526041668 seconds
Avg sample train. time: 0.0034120474288712684 seconds
Evaluating on validation set ...
Validation runtime: 0.0 hours, 0.0 minutes, 0.0077362060546875 seconds

Avg val. time: 0.0 hours, 0.0 minutes, 0.11692345142364502 seconds
Avg batch val. time: 0.11692345142364502 seconds
Avg sample val. time: 0.014615431427955627 seconds
Epoch 1 Validation Summary: epoch: 1.000000 | loss: 1.577747 | accuracy: 0.250000 | precision: 0.333333 | 
Epoch 2 Training Summary: epoch: 2.000000 | loss: 1.707616 | 
Epoch runtime: 0.0 hours, 0.0 minutes, 0.09712719917297363 seconds

Avg epoch train. time: 0.0 hours, 0.0 minutes, 0.16286718845367432 seconds
Avg batch train. time: 0.01809635427263048 seconds
Avg sample train. time: 0.0024308535590100645 seconds
Evaluating on validation set ...
Validation runtime: 0.0 hours, 0.0 minutes, 0.006394624710083008 seconds

Avg val. time: 0.0 hours, 0.0 minutes, 0.08008050918579102 seconds
Avg batch val. time: 0.08008050918579102 seconds
Avg sample val. time: 0.010010063648223877 seconds
Epoch 2 Validation Summary: epoch: 2.000000 | loss: 1.625606 | accuracy: 0.375000 | precision: 0.377778 | 
Epoch 3 Training Summary: epoch: 3.000000 | loss: 1.547379 | 
Epoch runtime: 0.0 hours, 0.0 minutes, 0.09249091148376465 seconds

Avg epoch train. time: 0.0 hours, 0.0 minutes, 0.13940842946370444 seconds
Avg batch train. time: 0.01548982549596716 seconds
Avg sample train. time: 0.0020807228278164843 seconds
Epoch 4 Training Summary: epoch: 4.000000 | loss: 1.681596 | 
Epoch runtime: 0.0 hours, 0.0 minutes, 0.0919806957244873 seconds

Avg epoch train. time: 0.0 hours, 0.0 minutes, 0.12755149602890015 seconds
Avg batch train. time: 0.014172388447655572 seconds
Avg sample train. time: 0.0019037536720731365 seconds
Evaluating on validation set ...
Validation runtime: 0.0 hours, 0.0 minutes, 0.0064699649810791016 seconds

Avg val. time: 0.0 hours, 0.0 minutes, 0.06167787313461304 seconds
Avg batch val. time: 0.06167787313461304 seconds
Avg sample val. time: 0.00770973414182663 seconds
Epoch 4 Validation Summary: epoch: 4.000000 | loss: 1.660884 | accuracy: 0.125000 | precision: 0.047619 | 
Epoch 5 Training Summary: epoch: 5.000000 | loss: 1.646976 | 
Epoch runtime: 0.0 hours, 0.0 minutes, 0.08675456047058105 seconds

Avg epoch train. time: 0.0 hours, 0.0 minutes, 0.11939210891723633 seconds
Avg batch train. time: 0.013265789879692924 seconds
Avg sample train. time: 0.0017819717748841243 seconds
Epoch 6 Training Summary: epoch: 6.000000 | loss: 1.675544 | 
Epoch runtime: 0.0 hours, 0.0 minutes, 0.09263753890991211 seconds

Avg epoch train. time: 0.0 hours, 0.0 minutes, 0.11493301391601562 seconds
Avg batch train. time: 0.012770334879557291 seconds
Avg sample train. time: 0.001715418118149487 seconds
Evaluating on validation set ...
Validation runtime: 0.0 hours, 0.0 minutes, 0.006860017776489258 seconds

Avg val. time: 0.0 hours, 0.0 minutes, 0.050714302062988284 seconds
Avg batch val. time: 0.050714302062988284 seconds
Avg sample val. time: 0.0063392877578735355 seconds
Epoch 6 Validation Summary: epoch: 6.000000 | loss: 1.697325 | accuracy: 0.125000 | precision: 0.047619 | 
Epoch 7 Training Summary: epoch: 7.000000 | loss: 1.667402 | 
Epoch runtime: 0.0 hours, 0.0 minutes, 0.08878231048583984 seconds

Avg epoch train. time: 0.0 hours, 0.0 minutes, 0.11119719914027623 seconds
Avg batch train. time: 0.012355244348919582 seconds
Avg sample train. time: 0.0016596596886608393 seconds
Epoch 8 Training Summary: epoch: 8.000000 | loss: 1.621680 | 
Epoch runtime: 0.0 hours, 0.0 minutes, 0.09110212326049805 seconds

Avg epoch train. time: 0.0 hours, 0.0 minutes, 0.10868531465530396 seconds
Avg batch train. time: 0.012076146072811551 seconds
Avg sample train. time: 0.001622168875452298 seconds
Evaluating on validation set ...
Validation runtime: 0.0 hours, 0.0 minutes, 0.007125139236450195 seconds

Avg val. time: 0.0 hours, 0.0 minutes, 0.0434494415918986 seconds
Avg batch val. time: 0.0434494415918986 seconds
Avg sample val. time: 0.005431180198987325 seconds
Epoch 8 Validation Summary: epoch: 8.000000 | loss: 1.726242 | accuracy: 0.000000 | precision: 0.000000 | 
Epoch 9 Training Summary: epoch: 9.000000 | loss: 1.631562 | 
Epoch runtime: 0.0 hours, 0.0 minutes, 0.09067487716674805 seconds

Avg epoch train. time: 0.0 hours, 0.0 minutes, 0.10668415493435329 seconds
Avg batch train. time: 0.011853794992705922 seconds
Avg sample train. time: 0.0015923008199157209 seconds
Epoch 10 Training Summary: epoch: 10.000000 | loss: 1.462746 | 
Epoch runtime: 0.0 hours, 0.0 minutes, 0.09521889686584473 seconds

Avg epoch train. time: 0.0 hours, 0.0 minutes, 0.10553762912750245 seconds
Avg batch train. time: 0.011726403236389162 seconds
Avg sample train. time: 0.001575188494440335 seconds
Evaluating on validation set ...
Validation runtime: 0.0 hours, 0.0 minutes, 0.007124185562133789 seconds

Avg val. time: 0.0 hours, 0.0 minutes, 0.0382601193019322 seconds
Avg batch val. time: 0.0382601193019322 seconds
Avg sample val. time: 0.004782514912741525 seconds
Epoch 10 Validation Summary: epoch: 10.000000 | loss: 1.721069 | accuracy: 0.000000 | precision: 0.000000 | 
Epoch 11 Training Summary: epoch: 11.000000 | loss: 1.646573 | 
Epoch runtime: 0.0 hours, 0.0 minutes, 0.0956263542175293 seconds

Avg epoch train. time: 0.0 hours, 0.0 minutes, 0.1046366041356867 seconds
Avg batch train. time: 0.011626289348409634 seconds
Avg sample train. time: 0.00156174036023413 seconds
Epoch 12 Training Summary: epoch: 12.000000 | loss: 1.542683 | 
Epoch runtime: 0.0 hours, 0.0 minutes, 0.09501814842224121 seconds

Avg epoch train. time: 0.0 hours, 0.0 minutes, 0.10383506615956624 seconds
Avg batch train. time: 0.011537229573285138 seconds
Avg sample train. time: 0.0015497771068591975 seconds
Evaluating on validation set ...
Validation runtime: 0.0 hours, 0.0 minutes, 0.007349491119384766 seconds

Avg val. time: 0.0 hours, 0.0 minutes, 0.03439629077911377 seconds
Avg batch val. time: 0.03439629077911377 seconds
Avg sample val. time: 0.004299536347389221 seconds
Epoch 12 Validation Summary: epoch: 12.000000 | loss: 1.787666 | accuracy: 0.000000 | precision: 0.000000 | 
Epoch 13 Training Summary: epoch: 13.000000 | loss: 1.551216 | 
Epoch runtime: 0.0 hours, 0.0 minutes, 0.10262846946716309 seconds

Avg epoch train. time: 0.0 hours, 0.0 minutes, 0.10374225102938138 seconds
Avg batch train. time: 0.011526916781042375 seconds
Avg sample train. time: 0.0015483918064086773 seconds
Epoch 14 Training Summary: epoch: 14.000000 | loss: 1.508264 | 
Epoch runtime: 0.0 hours, 0.0 minutes, 0.10359907150268555 seconds

Avg epoch train. time: 0.0 hours, 0.0 minutes, 0.10373202392033168 seconds
Avg batch train. time: 0.011525780435592409 seconds
Avg sample train. time: 0.001548239162990025 seconds
Evaluating on validation set ...
Validation runtime: 0.0 hours, 0.0 minutes, 0.0072476863861083984 seconds

Avg val. time: 0.0 hours, 0.0 minutes, 0.03137977917989095 seconds
Avg batch val. time: 0.03137977917989095 seconds
Avg sample val. time: 0.003922472397486369 seconds
Epoch 14 Validation Summary: epoch: 14.000000 | loss: 1.812420 | accuracy: 0.000000 | precision: 0.000000 | 
Epoch 15 Training Summary: epoch: 15.000000 | loss: 1.503841 | 
Epoch runtime: 0.0 hours, 0.0 minutes, 0.09272193908691406 seconds

Avg epoch train. time: 0.0 hours, 0.0 minutes, 0.10299801826477051 seconds
Avg batch train. time: 0.011444224251641167 seconds
Avg sample train. time: 0.0015372838546980673 seconds
Epoch 16 Training Summary: epoch: 16.000000 | loss: 1.564022 | 
Epoch runtime: 0.0 hours, 0.0 minutes, 0.09639334678649902 seconds

Avg epoch train. time: 0.0 hours, 0.0 minutes, 0.10258522629737854 seconds
Avg batch train. time: 0.011398358477486504 seconds
Avg sample train. time: 0.0015311227805578887 seconds
Evaluating on validation set ...
Validation runtime: 0.0 hours, 0.0 minutes, 0.008017301559448242 seconds

Avg val. time: 0.0 hours, 0.0 minutes, 0.02904353141784668 seconds
Avg batch val. time: 0.02904353141784668 seconds
Avg sample val. time: 0.003630441427230835 seconds
Epoch 16 Validation Summary: epoch: 16.000000 | loss: 1.795544 | accuracy: 0.000000 | precision: 0.000000 | 
Epoch 17 Training Summary: epoch: 17.000000 | loss: 1.577081 | 
Epoch runtime: 0.0 hours, 0.0 minutes, 0.09637689590454102 seconds

Avg epoch train. time: 0.0 hours, 0.0 minutes, 0.10222003039191752 seconds
Avg batch train. time: 0.011357781154657501 seconds
Avg sample train. time: 0.001525672095401754 seconds
Epoch 18 Training Summary: epoch: 18.000000 | loss: 1.511048 | 
Epoch runtime: 0.0 hours, 0.0 minutes, 0.09309077262878418 seconds

Avg epoch train. time: 0.0 hours, 0.0 minutes, 0.10171284940507677 seconds
Avg batch train. time: 0.011301427711675197 seconds
Avg sample train. time: 0.001518102229926519 seconds
Evaluating on validation set ...
Validation runtime: 0.0 hours, 0.0 minutes, 0.007758140563964844 seconds

Avg val. time: 0.0 hours, 0.0 minutes, 0.027108495885675602 seconds
Avg batch val. time: 0.027108495885675602 seconds
Avg sample val. time: 0.0033885619857094503 seconds
Epoch 18 Validation Summary: epoch: 18.000000 | loss: 1.796016 | accuracy: 0.000000 | precision: 0.000000 | 
Epoch 19 Training Summary: epoch: 19.000000 | loss: 1.484361 | 
Epoch runtime: 0.0 hours, 0.0 minutes, 0.11023807525634766 seconds

Avg epoch train. time: 0.0 hours, 0.0 minutes, 0.10216154550251208 seconds
Avg batch train. time: 0.011351282833612454 seconds
Avg sample train. time: 0.001524799186604658 seconds
Epoch 20 Training Summary: epoch: 20.000000 | loss: 1.474142 | 
Epoch runtime: 0.0 hours, 0.0 minutes, 0.10722589492797852 seconds

Avg epoch train. time: 0.0 hours, 0.0 minutes, 0.1024147629737854 seconds
Avg batch train. time: 0.011379418108198378 seconds
Avg sample train. time: 0.0015285785518475434 seconds
Evaluating on validation set ...
Validation runtime: 0.0 hours, 0.0 minutes, 0.007596015930175781 seconds

Avg val. time: 0.0 hours, 0.0 minutes, 0.025482455889383953 seconds
Avg batch val. time: 0.025482455889383953 seconds
Avg sample val. time: 0.003185306986172994 seconds
Epoch 20 Validation Summary: epoch: 20.000000 | loss: 1.731212 | accuracy: 0.000000 | precision: 0.000000 | 
Epoch 21 Training Summary: epoch: 21.000000 | loss: 1.433651 | 
Epoch runtime: 0.0 hours, 0.0 minutes, 0.10184431076049805 seconds

Avg epoch train. time: 0.0 hours, 0.0 minutes, 0.10238759858267647 seconds
Avg batch train. time: 0.011376399842519608 seconds
Avg sample train. time: 0.0015281731131742758 seconds
Epoch 22 Training Summary: epoch: 22.000000 | loss: 1.370804 | 
Epoch runtime: 0.0 hours, 0.0 minutes, 0.09369039535522461 seconds

Avg epoch train. time: 0.0 hours, 0.0 minutes, 0.10199227116324684 seconds
Avg batch train. time: 0.011332474573694094 seconds
Avg sample train. time: 0.0015222727039290573 seconds
Evaluating on validation set ...
Validation runtime: 0.0 hours, 0.0 minutes, 0.007867097854614258 seconds

Avg val. time: 0.0 hours, 0.0 minutes, 0.024127428348247822 seconds
Avg batch val. time: 0.024127428348247822 seconds
Avg sample val. time: 0.003015928543530978 seconds
Epoch 22 Validation Summary: epoch: 22.000000 | loss: 1.709291 | accuracy: 0.000000 | precision: 0.000000 | 
Epoch 23 Training Summary: epoch: 23.000000 | loss: 1.247667 | 
Epoch runtime: 0.0 hours, 0.0 minutes, 0.10178828239440918 seconds

Avg epoch train. time: 0.0 hours, 0.0 minutes, 0.10198340208634087 seconds
Avg batch train. time: 0.01133148912070454 seconds
Avg sample train. time: 0.0015221403296468785 seconds
Epoch 24 Training Summary: epoch: 24.000000 | loss: 1.232132 | 
Epoch runtime: 0.0 hours, 0.0 minutes, 0.09625101089477539 seconds

Avg epoch train. time: 0.0 hours, 0.0 minutes, 0.10174455245335896 seconds
Avg batch train. time: 0.01130495027259544 seconds
Avg sample train. time: 0.0015185754097516264 seconds
Evaluating on validation set ...
Validation runtime: 0.0 hours, 0.0 minutes, 0.007402896881103516 seconds

Avg val. time: 0.0 hours, 0.0 minutes, 0.022932818957737515 seconds
Avg batch val. time: 0.022932818957737515 seconds
Avg sample val. time: 0.0028666023697171894 seconds
Epoch 24 Validation Summary: epoch: 24.000000 | loss: 1.703660 | accuracy: 0.000000 | precision: 0.000000 | 
Epoch 25 Training Summary: epoch: 25.000000 | loss: 1.171070 | 
Epoch runtime: 0.0 hours, 0.0 minutes, 0.09765768051147461 seconds

Avg epoch train. time: 0.0 hours, 0.0 minutes, 0.10158107757568359 seconds
Avg batch train. time: 0.011286786397298177 seconds
Avg sample train. time: 0.0015161354862042327 seconds
Epoch 26 Training Summary: epoch: 26.000000 | loss: 1.246068 | 
Epoch runtime: 0.0 hours, 0.0 minutes, 0.09680414199829102 seconds

Avg epoch train. time: 0.0 hours, 0.0 minutes, 0.10139734928424542 seconds
Avg batch train. time: 0.011266372142693935 seconds
Avg sample train. time: 0.0015133932728991853 seconds
Evaluating on validation set ...
Validation runtime: 0.0 hours, 0.0 minutes, 0.007813215255737305 seconds

Avg val. time: 0.0 hours, 0.0 minutes, 0.021924845377604165 seconds
Avg batch val. time: 0.021924845377604165 seconds
Avg sample val. time: 0.0027406056722005206 seconds
Epoch 26 Validation Summary: epoch: 26.000000 | loss: 1.791427 | accuracy: 0.000000 | precision: 0.000000 | 
Epoch 27 Training Summary: epoch: 27.000000 | loss: 1.075001 | 
Epoch runtime: 0.0 hours, 0.0 minutes, 0.1004190444946289 seconds

Avg epoch train. time: 0.0 hours, 0.0 minutes, 0.10136111577351888 seconds
Avg batch train. time: 0.011262346197057653 seconds
Avg sample train. time: 0.001512852474231625 seconds
Epoch 28 Training Summary: epoch: 28.000000 | loss: 1.028072 | 
Epoch runtime: 0.0 hours, 0.0 minutes, 0.11878108978271484 seconds

Avg epoch train. time: 0.0 hours, 0.0 minutes, 0.10198325770241874 seconds
Avg batch train. time: 0.011331473078046527 seconds
Avg sample train. time: 0.0015221381746629663 seconds
Evaluating on validation set ...
Validation runtime: 0.0 hours, 0.0 minutes, 0.007703304290771484 seconds

Avg val. time: 0.0 hours, 0.0 minutes, 0.021035999059677124 seconds
Avg batch val. time: 0.021035999059677124 seconds
Avg sample val. time: 0.0026294998824596405 seconds
Epoch 28 Validation Summary: epoch: 28.000000 | loss: 1.685251 | accuracy: 0.250000 | precision: 0.114286 | 
Epoch 29 Training Summary: epoch: 29.000000 | loss: 0.959004 | 
Epoch runtime: 0.0 hours, 0.0 minutes, 0.0956416130065918 seconds

Avg epoch train. time: 0.0 hours, 0.0 minutes, 0.10176458029911437 seconds
Avg batch train. time: 0.011307175588790484 seconds
Avg sample train. time: 0.0015188743328226025 seconds
Epoch 30 Training Summary: epoch: 30.000000 | loss: 0.931944 | 
Epoch runtime: 0.0 hours, 0.0 minutes, 0.09670448303222656 seconds

Avg epoch train. time: 0.0 hours, 0.0 minutes, 0.1015959103902181 seconds
Avg batch train. time: 0.011288434487802012 seconds
Avg sample train. time: 0.0015163568714957926 seconds
Evaluating on validation set ...
Validation runtime: 0.0 hours, 0.0 minutes, 0.008068323135375977 seconds

Avg val. time: 0.0 hours, 0.0 minutes, 0.020273194593541762 seconds
Avg batch val. time: 0.020273194593541762 seconds
Avg sample val. time: 0.0025341493241927203 seconds
Epoch 30 Validation Summary: epoch: 30.000000 | loss: 1.798810 | accuracy: 0.375000 | precision: 0.260000 | 
Epoch 31 Training Summary: epoch: 31.000000 | loss: 0.850875 | 
Epoch runtime: 0.0 hours, 0.0 minutes, 0.09346437454223633 seconds

Avg epoch train. time: 0.0 hours, 0.0 minutes, 0.10133360278221869 seconds
Avg batch train. time: 0.011259289198024299 seconds
Avg sample train. time: 0.0015124418325704282 seconds
Epoch 32 Training Summary: epoch: 32.000000 | loss: 0.751280 | 
Epoch runtime: 0.0 hours, 0.0 minutes, 0.09672021865844727 seconds

Avg epoch train. time: 0.0 hours, 0.0 minutes, 0.10118943452835083 seconds
Avg batch train. time: 0.011243270503150092 seconds
Avg sample train. time: 0.0015102900675873258 seconds
Evaluating on validation set ...
Validation runtime: 0.0 hours, 0.0 minutes, 0.00832819938659668 seconds

Avg val. time: 0.0 hours, 0.0 minutes, 0.01960958374871148 seconds
Avg batch val. time: 0.01960958374871148 seconds
Avg sample val. time: 0.002451197968588935 seconds
Epoch 32 Validation Summary: epoch: 32.000000 | loss: 1.857988 | accuracy: 0.375000 | precision: 0.523810 | 
Epoch 33 Training Summary: epoch: 33.000000 | loss: 0.674487 | 
Epoch runtime: 0.0 hours, 0.0 minutes, 0.09797358512878418 seconds

Avg epoch train. time: 0.0 hours, 0.0 minutes, 0.10109198454654578 seconds
Avg batch train. time: 0.011232442727393975 seconds
Avg sample train. time: 0.0015088355902469518 seconds
Epoch 34 Training Summary: epoch: 34.000000 | loss: 0.567125 | 
Epoch runtime: 0.0 hours, 0.0 minutes, 0.09791779518127441 seconds

Avg epoch train. time: 0.0 hours, 0.0 minutes, 0.10099862603580251 seconds
Avg batch train. time: 0.011222069559533612 seconds
Avg sample train. time: 0.0015074421796388434 seconds
Evaluating on validation set ...
Validation runtime: 0.0 hours, 0.0 minutes, 0.013387441635131836 seconds

Avg val. time: 0.0 hours, 0.0 minutes, 0.019282102584838867 seconds
Avg batch val. time: 0.019282102584838867 seconds
Avg sample val. time: 0.0024102628231048584 seconds
Epoch 34 Validation Summary: epoch: 34.000000 | loss: 1.690964 | accuracy: 0.500000 | precision: 0.500000 | 
Epoch 35 Training Summary: epoch: 35.000000 | loss: 0.555096 | 
Epoch runtime: 0.0 hours, 0.0 minutes, 0.1059880256652832 seconds

Avg epoch train. time: 0.0 hours, 0.0 minutes, 0.10114118031093053 seconds
Avg batch train. time: 0.011237908923436726 seconds
Avg sample train. time: 0.0015095698553870228 seconds
Epoch 36 Training Summary: epoch: 36.000000 | loss: 0.528508 | 
Epoch runtime: 0.0 hours, 0.0 minutes, 0.09915542602539062 seconds

Avg epoch train. time: 0.0 hours, 0.0 minutes, 0.10108602046966553 seconds
Avg batch train. time: 0.011231780052185059 seconds
Avg sample train. time: 0.0015087465741741124 seconds
Evaluating on validation set ...
Validation runtime: 0.0 hours, 0.0 minutes, 0.008574962615966797 seconds

Avg val. time: 0.0 hours, 0.0 minutes, 0.018746745586395264 seconds
Avg batch val. time: 0.018746745586395264 seconds
Avg sample val. time: 0.002343343198299408 seconds
Epoch 36 Validation Summary: epoch: 36.000000 | loss: 1.850742 | accuracy: 0.625000 | precision: 0.714286 | 
Epoch 37 Training Summary: epoch: 37.000000 | loss: 0.409241 | 
Epoch runtime: 0.0 hours, 0.0 minutes, 0.1057579517364502 seconds

Avg epoch train. time: 0.0 hours, 0.0 minutes, 0.10121228888228133 seconds
Avg batch train. time: 0.011245809875809037 seconds
Avg sample train. time: 0.0015106311773474825 seconds
Epoch 38 Training Summary: epoch: 38.000000 | loss: 0.363617 | 
Epoch runtime: 0.0 hours, 0.0 minutes, 0.11004877090454102 seconds

Avg epoch train. time: 0.0 hours, 0.0 minutes, 0.10144482788286711 seconds
Avg batch train. time: 0.011271647542540791 seconds
Avg sample train. time: 0.0015141019086995092 seconds
Evaluating on validation set ...
Validation runtime: 0.0 hours, 0.0 minutes, 0.008231639862060547 seconds

Avg val. time: 0.0 hours, 0.0 minutes, 0.018246026266188847 seconds
Avg batch val. time: 0.018246026266188847 seconds
Avg sample val. time: 0.002280753283273606 seconds
Epoch 38 Validation Summary: epoch: 38.000000 | loss: 1.859096 | accuracy: 0.375000 | precision: 0.250000 | 
Epoch 39 Training Summary: epoch: 39.000000 | loss: 0.329815 | 
Epoch runtime: 0.0 hours, 0.0 minutes, 0.09597492218017578 seconds

Avg epoch train. time: 0.0 hours, 0.0 minutes, 0.10130457389049041 seconds
Avg batch train. time: 0.011256063765610046 seconds
Avg sample train. time: 0.0015120085655297077 seconds
Epoch 40 Training Summary: epoch: 40.000000 | loss: 0.295843 | 
Epoch runtime: 0.0 hours, 0.0 minutes, 0.09674549102783203 seconds

Avg epoch train. time: 0.0 hours, 0.0 minutes, 0.10119059681892395 seconds
Avg batch train. time: 0.011243399646547105 seconds
Avg sample train. time: 0.0015103074152078202 seconds
Evaluating on validation set ...
Validation runtime: 0.0 hours, 0.0 minutes, 0.008229970932006836 seconds

Avg val. time: 0.0 hours, 0.0 minutes, 0.01779075102372603 seconds
Avg batch val. time: 0.01779075102372603 seconds
Avg sample val. time: 0.0022238438779657536 seconds
Epoch 40 Validation Summary: epoch: 40.000000 | loss: 2.450334 | accuracy: 0.375000 | precision: 0.333333 | 
Best accuracy was 0.625. Other metrics: OrderedDict([('epoch', 36), ('loss', 1.8507416248321533), ('accuracy', 0.625), ('precision', 0.7142857142857142)])
All Done!
Total runtime: 0.0 hours, 0.0 minutes, 7.2469282150268555 seconds

