Running:
src/main_5q.py --output_dir experiments --comment classification from Scratch --name VRS_fromScratch --records_file VRS_records.xls --data_dir /mnt/d/OneDrive - Southern Methodist University/Phone_Privacy/input_feature/opticalflow_22_downsample_480p_s22 --data_class vrs --val_ratio 0.1 --epochs 40 --lr 0.001 --dropout 0.2 --batch_size 8 --num_layers 3 --num_heads 4 --optimizer RAdam --pos_encoding learnable --task classification --normalization none --key_metric accuracy

Using device: cuda
Loading and preprocessing data ...
69 samples may be used for training
8 samples will be used for validation
0 samples will be used for testing
Creating model ...
Model:
TSTransformerEncoderClassiregressor(
  (project_inp): Linear(in_features=8, out_features=64, bias=True)
  (pos_enc): LearnablePositionalEncoding(
    (dropout): Dropout(p=0.2, inplace=False)
  )
  (transformer_encoder): TransformerEncoder(
    (layers): ModuleList(
      (0-2): 3 x TransformerBatchNormEncoderLayer(
        (self_attn): MultiheadAttention(
          (out_proj): NonDynamicallyQuantizableLinear(in_features=64, out_features=64, bias=True)
        )
        (linear1): Linear(in_features=64, out_features=256, bias=True)
        (dropout): Dropout(p=0.2, inplace=False)
        (linear2): Linear(in_features=256, out_features=64, bias=True)
        (norm1): BatchNorm1d(64, eps=1e-05, momentum=0.1, affine=True, track_running_stats=True)
        (norm2): BatchNorm1d(64, eps=1e-05, momentum=0.1, affine=True, track_running_stats=True)
        (dropout1): Dropout(p=0.2, inplace=False)
        (dropout2): Dropout(p=0.2, inplace=False)
      )
    )
  )
  (dropout1): Dropout(p=0.2, inplace=False)
  (output_layer): Linear(in_features=5120, out_features=5, bias=True)
)
Total number of parameters: 181253
Trainable parameters: 181253
Evaluating on validation set ...
Validation runtime: 0.0 hours, 0.0 minutes, 0.426973819732666 seconds

Avg val. time: 0.0 hours, 0.0 minutes, 0.426973819732666 seconds
Avg batch val. time: 0.426973819732666 seconds
Avg sample val. time: 0.05337172746658325 seconds
Epoch 0 Validation Summary: epoch: 0.000000 | loss: 10.733393 | accuracy: 0.250000 | precision: 0.388889 | 
Starting training...
Epoch 1 Training Summary: epoch: 1.000000 | loss: 1.639991 | 
Epoch runtime: 0.0 hours, 0.0 minutes, 0.36437034606933594 seconds

Avg epoch train. time: 0.0 hours, 0.0 minutes, 0.36437034606933594 seconds
Avg batch train. time: 0.04048559400770399 seconds
Avg sample train. time: 0.0052807296531787815 seconds
Evaluating on validation set ...
Validation runtime: 0.0 hours, 0.0 minutes, 0.008634567260742188 seconds

Avg val. time: 0.0 hours, 0.0 minutes, 0.2178041934967041 seconds
Avg batch val. time: 0.2178041934967041 seconds
Avg sample val. time: 0.027225524187088013 seconds
Epoch 1 Validation Summary: epoch: 1.000000 | loss: 1.699450 | accuracy: 0.250000 | precision: 0.433333 | 
Epoch 2 Training Summary: epoch: 2.000000 | loss: 1.499943 | 
Epoch runtime: 0.0 hours, 0.0 minutes, 0.11860895156860352 seconds

Avg epoch train. time: 0.0 hours, 0.0 minutes, 0.24148964881896973 seconds
Avg batch train. time: 0.026832183202107746 seconds
Avg sample train. time: 0.0034998499828836193 seconds
Evaluating on validation set ...
Validation runtime: 0.0 hours, 0.0 minutes, 0.007292270660400391 seconds

Avg val. time: 0.0 hours, 0.0 minutes, 0.14763355255126953 seconds
Avg batch val. time: 0.14763355255126953 seconds
Avg sample val. time: 0.01845419406890869 seconds
Epoch 2 Validation Summary: epoch: 2.000000 | loss: 1.604148 | accuracy: 0.250000 | precision: 0.433333 | 
Epoch 3 Training Summary: epoch: 3.000000 | loss: 1.402057 | 
Epoch runtime: 0.0 hours, 0.0 minutes, 0.10910391807556152 seconds

Avg epoch train. time: 0.0 hours, 0.0 minutes, 0.19736107190450033 seconds
Avg batch train. time: 0.021929007989388925 seconds
Avg sample train. time: 0.002860305389920295 seconds
Epoch 4 Training Summary: epoch: 4.000000 | loss: 1.407871 | 
Epoch runtime: 0.0 hours, 0.0 minutes, 0.09862542152404785 seconds

Avg epoch train. time: 0.0 hours, 0.0 minutes, 0.1726771593093872 seconds
Avg batch train. time: 0.019186351034376357 seconds
Avg sample train. time: 0.002502567526223003 seconds
Evaluating on validation set ...
Validation runtime: 0.0 hours, 0.0 minutes, 0.0070650577545166016 seconds

Avg val. time: 0.0 hours, 0.0 minutes, 0.1124914288520813 seconds
Avg batch val. time: 0.1124914288520813 seconds
Avg sample val. time: 0.014061428606510162 seconds
Epoch 4 Validation Summary: epoch: 4.000000 | loss: 1.516803 | accuracy: 0.250000 | precision: 0.214286 | 
Epoch 5 Training Summary: epoch: 5.000000 | loss: 1.216111 | 
Epoch runtime: 0.0 hours, 0.0 minutes, 0.10717988014221191 seconds

Avg epoch train. time: 0.0 hours, 0.0 minutes, 0.15957770347595215 seconds
Avg batch train. time: 0.017730855941772462 seconds
Avg sample train. time: 0.0023127203402311908 seconds
Epoch 6 Training Summary: epoch: 6.000000 | loss: 1.211350 | 
Epoch runtime: 0.0 hours, 0.0 minutes, 0.1352558135986328 seconds

Avg epoch train. time: 0.0 hours, 0.0 minutes, 0.15552405516306558 seconds
Avg batch train. time: 0.017280450573673955 seconds
Avg sample train. time: 0.002253971813957472 seconds
Evaluating on validation set ...
Validation runtime: 0.0 hours, 0.0 minutes, 0.01360177993774414 seconds

Avg val. time: 0.0 hours, 0.0 minutes, 0.09271349906921386 seconds
Avg batch val. time: 0.09271349906921386 seconds
Avg sample val. time: 0.011589187383651733 seconds
Epoch 6 Validation Summary: epoch: 6.000000 | loss: 1.529081 | accuracy: 0.375000 | precision: 0.277778 | 
Epoch 7 Training Summary: epoch: 7.000000 | loss: 1.121174 | 
Epoch runtime: 0.0 hours, 0.0 minutes, 0.12209820747375488 seconds

Avg epoch train. time: 0.0 hours, 0.0 minutes, 0.15074893406459264 seconds
Avg batch train. time: 0.016749881562732515 seconds
Avg sample train. time: 0.002184767160356415 seconds
Epoch 8 Training Summary: epoch: 8.000000 | loss: 1.075831 | 
Epoch runtime: 0.0 hours, 0.0 minutes, 0.10996270179748535 seconds

Avg epoch train. time: 0.0 hours, 0.0 minutes, 0.14565065503120422 seconds
Avg batch train. time: 0.016183406114578247 seconds
Avg sample train. time: 0.0021108790584232497 seconds
Evaluating on validation set ...
Validation runtime: 0.0 hours, 0.0 minutes, 0.008769750595092773 seconds

Avg val. time: 0.0 hours, 0.0 minutes, 0.07872287432352702 seconds
Avg batch val. time: 0.07872287432352702 seconds
Avg sample val. time: 0.009840359290440878 seconds
Epoch 8 Validation Summary: epoch: 8.000000 | loss: 1.587811 | accuracy: 0.250000 | precision: 0.250000 | 
Epoch 9 Training Summary: epoch: 9.000000 | loss: 1.022467 | 
Epoch runtime: 0.0 hours, 0.0 minutes, 0.11436772346496582 seconds

Avg epoch train. time: 0.0 hours, 0.0 minutes, 0.14217477374606663 seconds
Avg batch train. time: 0.015797197082896293 seconds
Avg sample train. time: 0.002060503967334299 seconds
Epoch 10 Training Summary: epoch: 10.000000 | loss: 0.901265 | 
Epoch runtime: 0.0 hours, 0.0 minutes, 0.11517930030822754 seconds

Avg epoch train. time: 0.0 hours, 0.0 minutes, 0.13947522640228271 seconds
Avg batch train. time: 0.015497247378031412 seconds
Avg sample train. time: 0.002021380092786706 seconds
Evaluating on validation set ...
Validation runtime: 0.0 hours, 0.0 minutes, 0.008726358413696289 seconds

Avg val. time: 0.0 hours, 0.0 minutes, 0.06872337205069405 seconds
Avg batch val. time: 0.06872337205069405 seconds
Avg sample val. time: 0.008590421506336756 seconds
Epoch 10 Validation Summary: epoch: 10.000000 | loss: 1.664381 | accuracy: 0.125000 | precision: 0.095238 | 
Epoch 11 Training Summary: epoch: 11.000000 | loss: 0.911066 | 
Epoch runtime: 0.0 hours, 0.0 minutes, 0.14046692848205566 seconds

Avg epoch train. time: 0.0 hours, 0.0 minutes, 0.13956538113680753 seconds
Avg batch train. time: 0.015507264570756392 seconds
Avg sample train. time: 0.002022686683142138 seconds
Epoch 12 Training Summary: epoch: 12.000000 | loss: 0.818644 | 
Epoch runtime: 0.0 hours, 0.0 minutes, 0.12579107284545898 seconds

Avg epoch train. time: 0.0 hours, 0.0 minutes, 0.13841752211252847 seconds
Avg batch train. time: 0.01537972467916983 seconds
Avg sample train. time: 0.0020060510451091083 seconds
Evaluating on validation set ...
Validation runtime: 0.0 hours, 0.0 minutes, 0.010086774826049805 seconds

Avg val. time: 0.0 hours, 0.0 minutes, 0.061393797397613525 seconds
Avg batch val. time: 0.061393797397613525 seconds
Avg sample val. time: 0.007674224674701691 seconds
Epoch 12 Validation Summary: epoch: 12.000000 | loss: 1.800794 | accuracy: 0.250000 | precision: 0.238095 | 
Epoch 13 Training Summary: epoch: 13.000000 | loss: 0.805535 | 
Epoch runtime: 0.0 hours, 0.0 minutes, 0.1667194366455078 seconds

Avg epoch train. time: 0.0 hours, 0.0 minutes, 0.1405945924612192 seconds
Avg batch train. time: 0.01562162138457991 seconds
Avg sample train. time: 0.002037602789293032 seconds
Epoch 14 Training Summary: epoch: 14.000000 | loss: 0.789676 | 
Epoch runtime: 0.0 hours, 0.0 minutes, 0.12807679176330566 seconds

Avg epoch train. time: 0.0 hours, 0.0 minutes, 0.13970046383993967 seconds
Avg batch train. time: 0.015522273759993297 seconds
Avg sample train. time: 0.0020246444034773864 seconds
Evaluating on validation set ...
Validation runtime: 0.0 hours, 0.0 minutes, 0.012556076049804688 seconds

Avg val. time: 0.0 hours, 0.0 minutes, 0.055967383914523654 seconds
Avg batch val. time: 0.055967383914523654 seconds
Avg sample val. time: 0.006995922989315457 seconds
Epoch 14 Validation Summary: epoch: 14.000000 | loss: 1.770544 | accuracy: 0.000000 | precision: 0.000000 | 
Epoch 15 Training Summary: epoch: 15.000000 | loss: 0.683570 | 
Epoch runtime: 0.0 hours, 0.0 minutes, 0.14758825302124023 seconds

Avg epoch train. time: 0.0 hours, 0.0 minutes, 0.14022631645202638 seconds
Avg batch train. time: 0.01558070182800293 seconds
Avg sample train. time: 0.002032265455826469 seconds
Epoch 16 Training Summary: epoch: 16.000000 | loss: 0.701271 | 
Epoch runtime: 0.0 hours, 0.0 minutes, 0.1594839096069336 seconds

Avg epoch train. time: 0.0 hours, 0.0 minutes, 0.14142991602420807 seconds
Avg batch train. time: 0.015714435113800898 seconds
Avg sample train. time: 0.0020497089278870735 seconds
Evaluating on validation set ...
Validation runtime: 0.0 hours, 0.0 minutes, 0.014030694961547852 seconds

Avg val. time: 0.0 hours, 0.0 minutes, 0.05177371501922608 seconds
Avg batch val. time: 0.05177371501922608 seconds
Avg sample val. time: 0.00647171437740326 seconds
Epoch 16 Validation Summary: epoch: 16.000000 | loss: 1.786083 | accuracy: 0.125000 | precision: 0.142857 | 
Epoch 17 Training Summary: epoch: 17.000000 | loss: 0.618452 | 
Epoch runtime: 0.0 hours, 0.0 minutes, 0.1448502540588379 seconds

Avg epoch train. time: 0.0 hours, 0.0 minutes, 0.1416311123791863 seconds
Avg batch train. time: 0.015736790264354032 seconds
Avg sample train. time: 0.0020526248170896566 seconds
Epoch 18 Training Summary: epoch: 18.000000 | loss: 0.623559 | 
Epoch runtime: 0.0 hours, 0.0 minutes, 0.19731855392456055 seconds

Avg epoch train. time: 0.0 hours, 0.0 minutes, 0.14472485913170707 seconds
Avg batch train. time: 0.016080539903523008 seconds
Avg sample train. time: 0.0020974617265464793 seconds
Evaluating on validation set ...
Validation runtime: 0.0 hours, 0.0 minutes, 0.018915414810180664 seconds

Avg val. time: 0.0 hours, 0.0 minutes, 0.04878659681840376 seconds
Avg batch val. time: 0.04878659681840376 seconds
Avg sample val. time: 0.00609832460230047 seconds
Epoch 18 Validation Summary: epoch: 18.000000 | loss: 1.836485 | accuracy: 0.125000 | precision: 0.285714 | 
Epoch 19 Training Summary: epoch: 19.000000 | loss: 0.549427 | 
Epoch runtime: 0.0 hours, 0.0 minutes, 0.18982672691345215 seconds

Avg epoch train. time: 0.0 hours, 0.0 minutes, 0.14709864164653577 seconds
Avg batch train. time: 0.016344293516281753 seconds
Avg sample train. time: 0.0021318643716889242 seconds
Epoch 20 Training Summary: epoch: 20.000000 | loss: 0.478197 | 
Epoch runtime: 0.0 hours, 0.0 minutes, 0.16955137252807617 seconds

Avg epoch train. time: 0.0 hours, 0.0 minutes, 0.1482212781906128 seconds
Avg batch train. time: 0.016469030910068086 seconds
Avg sample train. time: 0.00214813446653062 seconds
Evaluating on validation set ...
Validation runtime: 0.0 hours, 0.0 minutes, 0.013545989990234375 seconds

Avg val. time: 0.0 hours, 0.0 minutes, 0.045849879582722984 seconds
Avg batch val. time: 0.045849879582722984 seconds
Avg sample val. time: 0.005731234947840373 seconds
Epoch 20 Validation Summary: epoch: 20.000000 | loss: 1.889276 | accuracy: 0.250000 | precision: 0.238095 | 
Epoch 21 Training Summary: epoch: 21.000000 | loss: 0.438146 | 
Epoch runtime: 0.0 hours, 0.0 minutes, 0.13840126991271973 seconds

Avg epoch train. time: 0.0 hours, 0.0 minutes, 0.14775365874880836 seconds
Avg batch train. time: 0.01641707319431204 seconds
Avg sample train. time: 0.0021413573731711355 seconds
Epoch 22 Training Summary: epoch: 22.000000 | loss: 0.449691 | 
Epoch runtime: 0.0 hours, 0.0 minutes, 0.1341860294342041 seconds

Avg epoch train. time: 0.0 hours, 0.0 minutes, 0.14713694832541727 seconds
Avg batch train. time: 0.016348549813935253 seconds
Avg sample train. time: 0.0021324195409480762 seconds
Evaluating on validation set ...
Validation runtime: 0.0 hours, 0.0 minutes, 0.013912200927734375 seconds

Avg val. time: 0.0 hours, 0.0 minutes, 0.04339313507080078 seconds
Avg batch val. time: 0.04339313507080078 seconds
Avg sample val. time: 0.005424141883850098 seconds
Epoch 22 Validation Summary: epoch: 22.000000 | loss: 2.121177 | accuracy: 0.125000 | precision: 0.095238 | 
Epoch 23 Training Summary: epoch: 23.000000 | loss: 0.437551 | 
Epoch runtime: 0.0 hours, 0.0 minutes, 0.1281435489654541 seconds

Avg epoch train. time: 0.0 hours, 0.0 minutes, 0.14631114835324494 seconds
Avg batch train. time: 0.01625679426147166 seconds
Avg sample train. time: 0.002120451425409347 seconds
Epoch 24 Training Summary: epoch: 24.000000 | loss: 0.377828 | 
Epoch runtime: 0.0 hours, 0.0 minutes, 0.1410202980041504 seconds

Avg epoch train. time: 0.0 hours, 0.0 minutes, 0.146090696255366 seconds
Avg batch train. time: 0.016232299583929556 seconds
Avg sample train. time: 0.0021172564674690727 seconds
Evaluating on validation set ...
Validation runtime: 0.0 hours, 0.0 minutes, 0.011123895645141602 seconds

Avg val. time: 0.0 hours, 0.0 minutes, 0.04108818939753941 seconds
Avg batch val. time: 0.04108818939753941 seconds
Avg sample val. time: 0.005136023674692426 seconds
Epoch 24 Validation Summary: epoch: 24.000000 | loss: 2.095209 | accuracy: 0.250000 | precision: 0.333333 | 
Epoch 25 Training Summary: epoch: 25.000000 | loss: 0.338724 | 
Epoch runtime: 0.0 hours, 0.0 minutes, 0.11365103721618652 seconds

Avg epoch train. time: 0.0 hours, 0.0 minutes, 0.14479310989379882 seconds
Avg batch train. time: 0.016088123321533202 seconds
Avg sample train. time: 0.00209845086802607 seconds
Epoch 26 Training Summary: epoch: 26.000000 | loss: 0.301891 | 
Epoch runtime: 0.0 hours, 0.0 minutes, 0.14362525939941406 seconds

Avg epoch train. time: 0.0 hours, 0.0 minutes, 0.14474819256709173 seconds
Avg batch train. time: 0.016083132507454637 seconds
Avg sample train. time: 0.002097799892276692 seconds
Evaluating on validation set ...
Validation runtime: 0.0 hours, 0.0 minutes, 0.007760047912597656 seconds

Avg val. time: 0.0 hours, 0.0 minutes, 0.038866313298543294 seconds
Avg batch val. time: 0.038866313298543294 seconds
Avg sample val. time: 0.004858289162317912 seconds
Epoch 26 Validation Summary: epoch: 26.000000 | loss: 2.103612 | accuracy: 0.250000 | precision: 0.333333 | 
Epoch 27 Training Summary: epoch: 27.000000 | loss: 0.281439 | 
Epoch runtime: 0.0 hours, 0.0 minutes, 0.10991144180297852 seconds

Avg epoch train. time: 0.0 hours, 0.0 minutes, 0.14345794253879124 seconds
Avg batch train. time: 0.015939771393199027 seconds
Avg sample train. time: 0.002079100616504221 seconds
Epoch 28 Training Summary: epoch: 28.000000 | loss: 0.242895 | 
Epoch runtime: 0.0 hours, 0.0 minutes, 0.11851835250854492 seconds

Avg epoch train. time: 0.0 hours, 0.0 minutes, 0.14256724289485387 seconds
Avg batch train. time: 0.015840804766094875 seconds
Avg sample train. time: 0.002066191926012375 seconds
Evaluating on validation set ...
Validation runtime: 0.0 hours, 0.0 minutes, 0.007888317108154297 seconds

Avg val. time: 0.0 hours, 0.0 minutes, 0.03693018853664398 seconds
Avg batch val. time: 0.03693018853664398 seconds
Avg sample val. time: 0.004616273567080498 seconds
Epoch 28 Validation Summary: epoch: 28.000000 | loss: 2.242257 | accuracy: 0.375000 | precision: 0.428571 | 
Epoch 29 Training Summary: epoch: 29.000000 | loss: 0.235729 | 
Epoch runtime: 0.0 hours, 0.0 minutes, 0.10485553741455078 seconds

Avg epoch train. time: 0.0 hours, 0.0 minutes, 0.14126683925760203 seconds
Avg batch train. time: 0.015696315473066894 seconds
Avg sample train. time: 0.002047345496486986 seconds
Epoch 30 Training Summary: epoch: 30.000000 | loss: 0.186056 | 
Epoch runtime: 0.0 hours, 0.0 minutes, 0.13660001754760742 seconds

Avg epoch train. time: 0.0 hours, 0.0 minutes, 0.14111127853393554 seconds
Avg batch train. time: 0.01567903094821506 seconds
Avg sample train. time: 0.0020450909932454428 seconds
Evaluating on validation set ...
Validation runtime: 0.0 hours, 0.0 minutes, 0.008790731430053711 seconds

Avg val. time: 0.0 hours, 0.0 minutes, 0.03527492635390338 seconds
Avg batch val. time: 0.03527492635390338 seconds
Avg sample val. time: 0.004409365794237922 seconds
Epoch 30 Validation Summary: epoch: 30.000000 | loss: 2.388583 | accuracy: 0.375000 | precision: 0.523810 | 
Epoch 31 Training Summary: epoch: 31.000000 | loss: 0.151493 | 
Epoch runtime: 0.0 hours, 0.0 minutes, 0.12493777275085449 seconds

Avg epoch train. time: 0.0 hours, 0.0 minutes, 0.14058955254093294 seconds
Avg batch train. time: 0.015621061393436993 seconds
Avg sample train. time: 0.002037529746970043 seconds
Epoch 32 Training Summary: epoch: 32.000000 | loss: 0.181942 | 
Epoch runtime: 0.0 hours, 0.0 minutes, 0.13096976280212402 seconds

Avg epoch train. time: 0.0 hours, 0.0 minutes, 0.14028893411159515 seconds
Avg batch train. time: 0.015587659345732795 seconds
Avg sample train. time: 0.00203317295813906 seconds
Evaluating on validation set ...
Validation runtime: 0.0 hours, 0.0 minutes, 0.007940292358398438 seconds

Avg val. time: 0.0 hours, 0.0 minutes, 0.03375633557637533 seconds
Avg batch val. time: 0.03375633557637533 seconds
Avg sample val. time: 0.004219541947046916 seconds
Epoch 32 Validation Summary: epoch: 32.000000 | loss: 2.689836 | accuracy: 0.250000 | precision: 0.333333 | 
Epoch 33 Training Summary: epoch: 33.000000 | loss: 0.151094 | 
Epoch runtime: 0.0 hours, 0.0 minutes, 0.13365721702575684 seconds

Avg epoch train. time: 0.0 hours, 0.0 minutes, 0.14008797298778186 seconds
Avg batch train. time: 0.015565330331975762 seconds
Avg sample train. time: 0.002030260478083795 seconds
Epoch 34 Training Summary: epoch: 34.000000 | loss: 0.109734 | 
Epoch runtime: 0.0 hours, 0.0 minutes, 0.09302902221679688 seconds

Avg epoch train. time: 0.0 hours, 0.0 minutes, 0.13870388620039997 seconds
Avg batch train. time: 0.015411542911155552 seconds
Avg sample train. time: 0.002010201249281159 seconds
Evaluating on validation set ...
Validation runtime: 0.0 hours, 0.0 minutes, 0.006988048553466797 seconds

Avg val. time: 0.0 hours, 0.0 minutes, 0.0323474783646433 seconds
Avg batch val. time: 0.0323474783646433 seconds
Avg sample val. time: 0.004043434795580413 seconds
Epoch 34 Validation Summary: epoch: 34.000000 | loss: 2.728181 | accuracy: 0.375000 | precision: 0.523810 | 
Epoch 35 Training Summary: epoch: 35.000000 | loss: 0.122872 | 
Epoch runtime: 0.0 hours, 0.0 minutes, 0.08840036392211914 seconds

Avg epoch train. time: 0.0 hours, 0.0 minutes, 0.1372666427067348 seconds
Avg batch train. time: 0.0152518491896372 seconds
Avg sample train. time: 0.001989371633430939 seconds
Epoch 36 Training Summary: epoch: 36.000000 | loss: 0.079445 | 
Epoch runtime: 0.0 hours, 0.0 minutes, 0.08925437927246094 seconds

Avg epoch train. time: 0.0 hours, 0.0 minutes, 0.13593296872244942 seconds
Avg batch train. time: 0.015103663191383268 seconds
Avg sample train. time: 0.001970043024963035 seconds
Evaluating on validation set ...
Validation runtime: 0.0 hours, 0.0 minutes, 0.0069255828857421875 seconds

Avg val. time: 0.0 hours, 0.0 minutes, 0.031076383590698243 seconds
Avg batch val. time: 0.031076383590698243 seconds
Avg sample val. time: 0.0038845479488372804 seconds
Epoch 36 Validation Summary: epoch: 36.000000 | loss: 2.796936 | accuracy: 0.375000 | precision: 0.666667 | 
Epoch 37 Training Summary: epoch: 37.000000 | loss: 0.077393 | 
Epoch runtime: 0.0 hours, 0.0 minutes, 0.10610246658325195 seconds

Avg epoch train. time: 0.0 hours, 0.0 minutes, 0.13512673893490354 seconds
Avg batch train. time: 0.015014082103878171 seconds
Avg sample train. time: 0.001958358535288457 seconds
Epoch 38 Training Summary: epoch: 38.000000 | loss: 0.091094 | 
Epoch runtime: 0.0 hours, 0.0 minutes, 0.16606664657592773 seconds

Avg epoch train. time: 0.0 hours, 0.0 minutes, 0.13594094703071996 seconds
Avg batch train. time: 0.015104549670079995 seconds
Avg sample train. time: 0.00197015865261913 seconds
Evaluating on validation set ...
Validation runtime: 0.0 hours, 0.0 minutes, 0.009438753128051758 seconds

Avg val. time: 0.0 hours, 0.0 minutes, 0.030046020235334123 seconds
Avg batch val. time: 0.030046020235334123 seconds
Avg sample val. time: 0.0037557525294167654 seconds
Epoch 38 Validation Summary: epoch: 38.000000 | loss: 3.297715 | accuracy: 0.375000 | precision: 0.523810 | 
Epoch 39 Training Summary: epoch: 39.000000 | loss: 0.072645 | 
Epoch runtime: 0.0 hours, 0.0 minutes, 0.13281607627868652 seconds

Avg epoch train. time: 0.0 hours, 0.0 minutes, 0.13586082213964218 seconds
Avg batch train. time: 0.015095646904404687 seconds
Avg sample train. time: 0.0019689974223136546 seconds
Epoch 40 Training Summary: epoch: 40.000000 | loss: 0.078385 | 
Epoch runtime: 0.0 hours, 0.0 minutes, 0.09711027145385742 seconds

Avg epoch train. time: 0.0 hours, 0.0 minutes, 0.13489205837249757 seconds
Avg batch train. time: 0.014988006485833063 seconds
Avg sample train. time: 0.001954957367717356 seconds
Evaluating on validation set ...
Validation runtime: 0.0 hours, 0.0 minutes, 0.006459951400756836 seconds

Avg val. time: 0.0 hours, 0.0 minutes, 0.028973926197398792 seconds
Avg batch val. time: 0.028973926197398792 seconds
Avg sample val. time: 0.003621740774674849 seconds
Epoch 40 Validation Summary: epoch: 40.000000 | loss: 3.521450 | accuracy: 0.375000 | precision: 0.666667 | 
Best accuracy was 0.375. Other metrics: OrderedDict([('epoch', 6), ('loss', 1.5290809869766235), ('accuracy', 0.375), ('precision', 0.2777777777777778)])
All Done!
Total runtime: 0.0 hours, 0.0 minutes, 12.912021160125732 seconds

