Running:
src/main_5q.py --output_dir experiments --comment classification from Scratch --name VRS_fromScratch --records_file VRS_records.xls --data_dir /mnt/d/OneDrive - Southern Methodist University/Phone_Privacy/input_feature/opticalflow_downsample_480p_s22 --data_class vrs --val_ratio 0.1 --epochs 40 --lr 0.001 --dropout 0.2 --batch_size 8 --num_layers 3 --num_heads 4 --optimizer RAdam --pos_encoding learnable --task classification --normalization none --key_metric accuracy

Using device: cuda
Loading and preprocessing data ...
68 samples may be used for training
8 samples will be used for validation
0 samples will be used for testing
Creating model ...
Model:
TSTransformerEncoderClassiregressor(
  (project_inp): Linear(in_features=288, out_features=64, bias=True)
  (pos_enc): LearnablePositionalEncoding(
    (dropout): Dropout(p=0.2, inplace=False)
  )
  (transformer_encoder): TransformerEncoder(
    (layers): ModuleList(
      (0-2): 3 x TransformerBatchNormEncoderLayer(
        (self_attn): MultiheadAttention(
          (out_proj): NonDynamicallyQuantizableLinear(in_features=64, out_features=64, bias=True)
        )
        (linear1): Linear(in_features=64, out_features=256, bias=True)
        (dropout): Dropout(p=0.2, inplace=False)
        (linear2): Linear(in_features=256, out_features=64, bias=True)
        (norm1): BatchNorm1d(64, eps=1e-05, momentum=0.1, affine=True, track_running_stats=True)
        (norm2): BatchNorm1d(64, eps=1e-05, momentum=0.1, affine=True, track_running_stats=True)
        (dropout1): Dropout(p=0.2, inplace=False)
        (dropout2): Dropout(p=0.2, inplace=False)
      )
    )
  )
  (dropout1): Dropout(p=0.2, inplace=False)
  (output_layer): Linear(in_features=3200, out_features=5, bias=True)
)
Total number of parameters: 187653
Trainable parameters: 187653
Evaluating on validation set ...
Validation runtime: 0.0 hours, 0.0 minutes, 0.3803703784942627 seconds

Avg val. time: 0.0 hours, 0.0 minutes, 0.3803703784942627 seconds
Avg batch val. time: 0.3803703784942627 seconds
Avg sample val. time: 0.04754629731178284 seconds
Epoch 0 Validation Summary: epoch: 0.000000 | loss: 31.017546 | accuracy: 0.125000 | precision: 0.050000 | 
Starting training...
Epoch 1 Training Summary: epoch: 1.000000 | loss: 1.718426 | 
Epoch runtime: 0.0 hours, 0.0 minutes, 0.3502981662750244 seconds

Avg epoch train. time: 0.0 hours, 0.0 minutes, 0.3502981662750244 seconds
Avg batch train. time: 0.03892201847500271 seconds
Avg sample train. time: 0.005151443621691535 seconds
Evaluating on validation set ...
Validation runtime: 0.0 hours, 0.0 minutes, 0.010687112808227539 seconds

Avg val. time: 0.0 hours, 0.0 minutes, 0.19552874565124512 seconds
Avg batch val. time: 0.19552874565124512 seconds
Avg sample val. time: 0.02444109320640564 seconds
Epoch 1 Validation Summary: epoch: 1.000000 | loss: 1.545227 | accuracy: 0.250000 | precision: 0.333333 | 
Epoch 2 Training Summary: epoch: 2.000000 | loss: 1.743140 | 
Epoch runtime: 0.0 hours, 0.0 minutes, 0.150498628616333 seconds

Avg epoch train. time: 0.0 hours, 0.0 minutes, 0.2503983974456787 seconds
Avg batch train. time: 0.027822044160630967 seconds
Avg sample train. time: 0.0036823293742011577 seconds
Evaluating on validation set ...
Validation runtime: 0.0 hours, 0.0 minutes, 0.011281490325927734 seconds

Avg val. time: 0.0 hours, 0.0 minutes, 0.1341129938761393 seconds
Avg batch val. time: 0.1341129938761393 seconds
Avg sample val. time: 0.016764124234517414 seconds
Epoch 2 Validation Summary: epoch: 2.000000 | loss: 1.501998 | accuracy: 0.250000 | precision: 0.416667 | 
Epoch 3 Training Summary: epoch: 3.000000 | loss: 1.598667 | 
Epoch runtime: 0.0 hours, 0.0 minutes, 0.15664219856262207 seconds

Avg epoch train. time: 0.0 hours, 0.0 minutes, 0.2191463311513265 seconds
Avg batch train. time: 0.02434959235014739 seconds
Avg sample train. time: 0.003222740163990096 seconds
Epoch 4 Training Summary: epoch: 4.000000 | loss: 1.619976 | 
Epoch runtime: 0.0 hours, 0.0 minutes, 0.13875722885131836 seconds

Avg epoch train. time: 0.0 hours, 0.0 minutes, 0.19904905557632446 seconds
Avg batch train. time: 0.022116561730702717 seconds
Avg sample train. time: 0.0029271919937694773 seconds
Evaluating on validation set ...
Validation runtime: 0.0 hours, 0.0 minutes, 0.008558511734008789 seconds

Avg val. time: 0.0 hours, 0.0 minutes, 0.10272437334060669 seconds
Avg batch val. time: 0.10272437334060669 seconds
Avg sample val. time: 0.012840546667575836 seconds
Epoch 4 Validation Summary: epoch: 4.000000 | loss: 1.507367 | accuracy: 0.500000 | precision: 0.666667 | 
Epoch 5 Training Summary: epoch: 5.000000 | loss: 1.567947 | 
Epoch runtime: 0.0 hours, 0.0 minutes, 0.14971566200256348 seconds

Avg epoch train. time: 0.0 hours, 0.0 minutes, 0.18918237686157227 seconds
Avg batch train. time: 0.021020264095730254 seconds
Avg sample train. time: 0.0027820937773760626 seconds
Epoch 6 Training Summary: epoch: 6.000000 | loss: 1.484083 | 
Epoch runtime: 0.0 hours, 0.0 minutes, 0.1370084285736084 seconds

Avg epoch train. time: 0.0 hours, 0.0 minutes, 0.18048671881357828 seconds
Avg batch train. time: 0.020054079868175364 seconds
Avg sample train. time: 0.002654216453140857 seconds
Evaluating on validation set ...
Validation runtime: 0.0 hours, 0.0 minutes, 0.008799076080322266 seconds

Avg val. time: 0.0 hours, 0.0 minutes, 0.0839393138885498 seconds
Avg batch val. time: 0.0839393138885498 seconds
Avg sample val. time: 0.010492414236068726 seconds
Epoch 6 Validation Summary: epoch: 6.000000 | loss: 1.532644 | accuracy: 0.375000 | precision: 0.416667 | 
Epoch 7 Training Summary: epoch: 7.000000 | loss: 1.386433 | 
Epoch runtime: 0.0 hours, 0.0 minutes, 0.14974093437194824 seconds

Avg epoch train. time: 0.0 hours, 0.0 minutes, 0.17609446389334543 seconds
Avg batch train. time: 0.019566051543705047 seconds
Avg sample train. time: 0.0025896244690197857 seconds
Epoch 8 Training Summary: epoch: 8.000000 | loss: 1.365621 | 
Epoch runtime: 0.0 hours, 0.0 minutes, 0.14580225944519043 seconds

Avg epoch train. time: 0.0 hours, 0.0 minutes, 0.17230793833732605 seconds
Avg batch train. time: 0.019145326481925115 seconds
Avg sample train. time: 0.0025339402696665596 seconds
Evaluating on validation set ...
Validation runtime: 0.0 hours, 0.0 minutes, 0.009529829025268555 seconds

Avg val. time: 0.0 hours, 0.0 minutes, 0.07153773307800293 seconds
Avg batch val. time: 0.07153773307800293 seconds
Avg sample val. time: 0.008942216634750366 seconds
Epoch 8 Validation Summary: epoch: 8.000000 | loss: 1.489441 | accuracy: 0.250000 | precision: 0.250000 | 
Epoch 9 Training Summary: epoch: 9.000000 | loss: 1.275371 | 
Epoch runtime: 0.0 hours, 0.0 minutes, 0.1497173309326172 seconds

Avg epoch train. time: 0.0 hours, 0.0 minutes, 0.16979787084791395 seconds
Avg batch train. time: 0.018866430094212662 seconds
Avg sample train. time: 0.002497027512469323 seconds
Epoch 10 Training Summary: epoch: 10.000000 | loss: 1.277253 | 
Epoch runtime: 0.0 hours, 0.0 minutes, 0.1520094871520996 seconds

Avg epoch train. time: 0.0 hours, 0.0 minutes, 0.16801903247833253 seconds
Avg batch train. time: 0.01866878138648139 seconds
Avg sample train. time: 0.0024708681246813605 seconds
Evaluating on validation set ...
Validation runtime: 0.0 hours, 0.0 minutes, 0.012949228286743164 seconds

Avg val. time: 0.0 hours, 0.0 minutes, 0.06316794667925153 seconds
Avg batch val. time: 0.06316794667925153 seconds
Avg sample val. time: 0.007895993334906442 seconds
Epoch 10 Validation Summary: epoch: 10.000000 | loss: 1.672079 | accuracy: 0.250000 | precision: 0.333333 | 
Epoch 11 Training Summary: epoch: 11.000000 | loss: 1.167321 | 
Epoch runtime: 0.0 hours, 0.0 minutes, 0.1428060531616211 seconds

Avg epoch train. time: 0.0 hours, 0.0 minutes, 0.16572694344954056 seconds
Avg batch train. time: 0.018414104827726728 seconds
Avg sample train. time: 0.0024371609330814787 seconds
Epoch 12 Training Summary: epoch: 12.000000 | loss: 1.128347 | 
Epoch runtime: 0.0 hours, 0.0 minutes, 0.14841842651367188 seconds

Avg epoch train. time: 0.0 hours, 0.0 minutes, 0.16428456703821817 seconds
Avg batch train. time: 0.01825384078202424 seconds
Avg sample train. time: 0.0024159495152679144 seconds
Evaluating on validation set ...
Validation runtime: 0.0 hours, 0.0 minutes, 0.009338617324829102 seconds

Avg val. time: 0.0 hours, 0.0 minutes, 0.05643928050994873 seconds
Avg batch val. time: 0.05643928050994873 seconds
Avg sample val. time: 0.007054910063743591 seconds
Epoch 12 Validation Summary: epoch: 12.000000 | loss: 1.864245 | accuracy: 0.375000 | precision: 0.437500 | 
Epoch 13 Training Summary: epoch: 13.000000 | loss: 1.007238 | 
Epoch runtime: 0.0 hours, 0.0 minutes, 0.14172029495239258 seconds

Avg epoch train. time: 0.0 hours, 0.0 minutes, 0.162548853800847 seconds
Avg batch train. time: 0.018060983755649667 seconds
Avg sample train. time: 0.002390424320600691 seconds
Epoch 14 Training Summary: epoch: 14.000000 | loss: 1.005339 | 
Epoch runtime: 0.0 hours, 0.0 minutes, 0.1354973316192627 seconds

Avg epoch train. time: 0.0 hours, 0.0 minutes, 0.1606166022164481 seconds
Avg batch train. time: 0.0178462891351609 seconds
Avg sample train. time: 0.0023620088561242367 seconds
Evaluating on validation set ...
Validation runtime: 0.0 hours, 0.0 minutes, 0.011177778244018555 seconds

Avg val. time: 0.0 hours, 0.0 minutes, 0.05141022470262316 seconds
Avg batch val. time: 0.05141022470262316 seconds
Avg sample val. time: 0.006426278087827895 seconds
Epoch 14 Validation Summary: epoch: 14.000000 | loss: 1.874747 | accuracy: 0.375000 | precision: 0.333333 | 
Epoch 15 Training Summary: epoch: 15.000000 | loss: 0.948545 | 
Epoch runtime: 0.0 hours, 0.0 minutes, 0.14519309997558594 seconds

Avg epoch train. time: 0.0 hours, 0.0 minutes, 0.15958836873372395 seconds
Avg batch train. time: 0.01773204097041377 seconds
Avg sample train. time: 0.0023468877754959407 seconds
Epoch 16 Training Summary: epoch: 16.000000 | loss: 0.856243 | 
Epoch runtime: 0.0 hours, 0.0 minutes, 0.16291499137878418 seconds

Avg epoch train. time: 0.0 hours, 0.0 minutes, 0.15979628264904022 seconds
Avg batch train. time: 0.017755142516560025 seconds
Avg sample train. time: 0.002349945333074121 seconds
Evaluating on validation set ...
Validation runtime: 0.0 hours, 0.0 minutes, 0.009646892547607422 seconds

Avg val. time: 0.0 hours, 0.0 minutes, 0.04723389148712158 seconds
Avg batch val. time: 0.04723389148712158 seconds
Avg sample val. time: 0.005904236435890197 seconds
Epoch 16 Validation Summary: epoch: 16.000000 | loss: 1.823457 | accuracy: 0.375000 | precision: 0.312500 | 
Epoch 17 Training Summary: epoch: 17.000000 | loss: 0.809559 | 
Epoch runtime: 0.0 hours, 0.0 minutes, 0.15119051933288574 seconds

Avg epoch train. time: 0.0 hours, 0.0 minutes, 0.15929006127750173 seconds
Avg batch train. time: 0.017698895697500192 seconds
Avg sample train. time: 0.0023425009011397314 seconds
Epoch 18 Training Summary: epoch: 18.000000 | loss: 0.759148 | 
Epoch runtime: 0.0 hours, 0.0 minutes, 0.1542215347290039 seconds

Avg epoch train. time: 0.0 hours, 0.0 minutes, 0.15900847646925184 seconds
Avg batch train. time: 0.01766760849658354 seconds
Avg sample train. time: 0.002338359948077233 seconds
Evaluating on validation set ...
Validation runtime: 0.0 hours, 0.0 minutes, 0.009152889251708984 seconds

Avg val. time: 0.0 hours, 0.0 minutes, 0.043771982192993164 seconds
Avg batch val. time: 0.043771982192993164 seconds
Avg sample val. time: 0.0054714977741241455 seconds
Epoch 18 Validation Summary: epoch: 18.000000 | loss: 1.930933 | accuracy: 0.375000 | precision: 0.437500 | 
Epoch 19 Training Summary: epoch: 19.000000 | loss: 0.680593 | 
Epoch runtime: 0.0 hours, 0.0 minutes, 0.1502532958984375 seconds

Avg epoch train. time: 0.0 hours, 0.0 minutes, 0.15854767749184057 seconds
Avg batch train. time: 0.01761640861020451 seconds
Avg sample train. time: 0.0023315834925270672 seconds
Epoch 20 Training Summary: epoch: 20.000000 | loss: 0.599455 | 
Epoch runtime: 0.0 hours, 0.0 minutes, 0.1351768970489502 seconds

Avg epoch train. time: 0.0 hours, 0.0 minutes, 0.15737913846969603 seconds
Avg batch train. time: 0.017486570941077337 seconds
Avg sample train. time: 0.0023143990951425887 seconds
Evaluating on validation set ...
Validation runtime: 0.0 hours, 0.0 minutes, 0.007658243179321289 seconds

Avg val. time: 0.0 hours, 0.0 minutes, 0.04076250394185384 seconds
Avg batch val. time: 0.04076250394185384 seconds
Avg sample val. time: 0.00509531299273173 seconds
Epoch 20 Validation Summary: epoch: 20.000000 | loss: 2.234862 | accuracy: 0.250000 | precision: 0.156250 | 
Epoch 21 Training Summary: epoch: 21.000000 | loss: 0.619865 | 
Epoch runtime: 0.0 hours, 0.0 minutes, 0.14436721801757812 seconds

Avg epoch train. time: 0.0 hours, 0.0 minutes, 0.1567595232100714 seconds
Avg batch train. time: 0.01741772480111904 seconds
Avg sample train. time: 0.002305287106030462 seconds
Epoch 22 Training Summary: epoch: 22.000000 | loss: 0.511519 | 
Epoch runtime: 0.0 hours, 0.0 minutes, 0.1547861099243164 seconds

Avg epoch train. time: 0.0 hours, 0.0 minutes, 0.15666982260617343 seconds
Avg batch train. time: 0.017407758067352605 seconds
Avg sample train. time: 0.0023039679795025503 seconds
Evaluating on validation set ...
Validation runtime: 0.0 hours, 0.0 minutes, 0.009883403778076172 seconds

Avg val. time: 0.0 hours, 0.0 minutes, 0.038387188544640176 seconds
Avg batch val. time: 0.038387188544640176 seconds
Avg sample val. time: 0.004798398568080022 seconds
Epoch 22 Validation Summary: epoch: 22.000000 | loss: 2.145769 | accuracy: 0.500000 | precision: 0.354167 | 
Epoch 23 Training Summary: epoch: 23.000000 | loss: 0.532387 | 
Epoch runtime: 0.0 hours, 0.0 minutes, 0.15050959587097168 seconds

Avg epoch train. time: 0.0 hours, 0.0 minutes, 0.15640198666116464 seconds
Avg batch train. time: 0.01737799851790718 seconds
Avg sample train. time: 0.0023000292156053624 seconds
Epoch 24 Training Summary: epoch: 24.000000 | loss: 0.473979 | 
Epoch runtime: 0.0 hours, 0.0 minutes, 0.14092803001403809 seconds

Avg epoch train. time: 0.0 hours, 0.0 minutes, 0.1557572384675344 seconds
Avg batch train. time: 0.017306359829726045 seconds
Avg sample train. time: 0.0022905476245225647 seconds
Evaluating on validation set ...
Validation runtime: 0.0 hours, 0.0 minutes, 0.006951093673706055 seconds

Avg val. time: 0.0 hours, 0.0 minutes, 0.03614175319671631 seconds
Avg batch val. time: 0.03614175319671631 seconds
Avg sample val. time: 0.004517719149589539 seconds
Epoch 24 Validation Summary: epoch: 24.000000 | loss: 2.540363 | accuracy: 0.375000 | precision: 0.291667 | 
Epoch 25 Training Summary: epoch: 25.000000 | loss: 0.346805 | 
Epoch runtime: 0.0 hours, 0.0 minutes, 0.14748740196228027 seconds

Avg epoch train. time: 0.0 hours, 0.0 minutes, 0.15542644500732422 seconds
Avg batch train. time: 0.0172696050008138 seconds
Avg sample train. time: 0.0022856830148135915 seconds
Epoch 26 Training Summary: epoch: 26.000000 | loss: 0.421195 | 
Epoch runtime: 0.0 hours, 0.0 minutes, 0.15053892135620117 seconds

Avg epoch train. time: 0.0 hours, 0.0 minutes, 0.15523846332843488 seconds
Avg batch train. time: 0.017248718147603877 seconds
Avg sample train. time: 0.0022829185783593367 seconds
Evaluating on validation set ...
Validation runtime: 0.0 hours, 0.0 minutes, 0.008885622024536133 seconds

Avg val. time: 0.0 hours, 0.0 minutes, 0.03432467778523763 seconds
Avg batch val. time: 0.03432467778523763 seconds
Avg sample val. time: 0.004290584723154704 seconds
Epoch 26 Validation Summary: epoch: 26.000000 | loss: 2.720078 | accuracy: 0.250000 | precision: 0.208333 | 
Epoch 27 Training Summary: epoch: 27.000000 | loss: 0.310250 | 
Epoch runtime: 0.0 hours, 0.0 minutes, 0.15256667137145996 seconds

Avg epoch train. time: 0.0 hours, 0.0 minutes, 0.15513950807076912 seconds
Avg batch train. time: 0.017237723118974348 seconds
Avg sample train. time: 0.002281463353981899 seconds
Epoch 28 Training Summary: epoch: 28.000000 | loss: 0.299762 | 
Epoch runtime: 0.0 hours, 0.0 minutes, 0.14810729026794434 seconds

Avg epoch train. time: 0.0 hours, 0.0 minutes, 0.15488835743495397 seconds
Avg batch train. time: 0.01720981749277266 seconds
Avg sample train. time: 0.002277769962278735 seconds
Evaluating on validation set ...
Validation runtime: 0.0 hours, 0.0 minutes, 0.009392976760864258 seconds

Avg val. time: 0.0 hours, 0.0 minutes, 0.032766446471214294 seconds
Avg batch val. time: 0.032766446471214294 seconds
Avg sample val. time: 0.004095805808901787 seconds
Epoch 28 Validation Summary: epoch: 28.000000 | loss: 2.924263 | accuracy: 0.250000 | precision: 0.200000 | 
Epoch 29 Training Summary: epoch: 29.000000 | loss: 0.259196 | 
Epoch runtime: 0.0 hours, 0.0 minutes, 0.13659191131591797 seconds

Avg epoch train. time: 0.0 hours, 0.0 minutes, 0.1542574454998148 seconds
Avg batch train. time: 0.01713971616664609 seconds
Avg sample train. time: 0.002268491845585512 seconds
Epoch 30 Training Summary: epoch: 30.000000 | loss: 0.214857 | 
Epoch runtime: 0.0 hours, 0.0 minutes, 0.1596815586090088 seconds

Avg epoch train. time: 0.0 hours, 0.0 minutes, 0.15443824927012126 seconds
Avg batch train. time: 0.017159805474457918 seconds
Avg sample train. time: 0.002271150724560607 seconds
Evaluating on validation set ...
Validation runtime: 0.0 hours, 0.0 minutes, 0.009880542755126953 seconds

Avg val. time: 0.0 hours, 0.0 minutes, 0.03142021684085622 seconds
Avg batch val. time: 0.03142021684085622 seconds
Avg sample val. time: 0.003927527105107027 seconds
Epoch 30 Validation Summary: epoch: 30.000000 | loss: 3.100626 | accuracy: 0.375000 | precision: 0.375000 | 
Epoch 31 Training Summary: epoch: 31.000000 | loss: 0.216488 | 
Epoch runtime: 0.0 hours, 0.0 minutes, 0.14476370811462402 seconds

Avg epoch train. time: 0.0 hours, 0.0 minutes, 0.15412616729736328 seconds
Avg batch train. time: 0.01712512969970703 seconds
Avg sample train. time: 0.002266561283784754 seconds
Epoch 32 Training Summary: epoch: 32.000000 | loss: 0.331167 | 
Epoch runtime: 0.0 hours, 0.0 minutes, 0.15719246864318848 seconds

Avg epoch train. time: 0.0 hours, 0.0 minutes, 0.15422198921442032 seconds
Avg batch train. time: 0.017135776579380035 seconds
Avg sample train. time: 0.002267970429623828 seconds
Evaluating on validation set ...
Validation runtime: 0.0 hours, 0.0 minutes, 0.010078191757202148 seconds

Avg val. time: 0.0 hours, 0.0 minutes, 0.030234548780653212 seconds
Avg batch val. time: 0.030234548780653212 seconds
Avg sample val. time: 0.0037793185975816515 seconds
Epoch 32 Validation Summary: epoch: 32.000000 | loss: 3.148653 | accuracy: 0.375000 | precision: 0.375000 | 
Epoch 33 Training Summary: epoch: 33.000000 | loss: 0.154479 | 
Epoch runtime: 0.0 hours, 0.0 minutes, 0.15370774269104004 seconds

Avg epoch train. time: 0.0 hours, 0.0 minutes, 0.1542064059864391 seconds
Avg batch train. time: 0.017134045109604343 seconds
Avg sample train. time: 0.0022677412645064573 seconds
Epoch 34 Training Summary: epoch: 34.000000 | loss: 0.164008 | 
Epoch runtime: 0.0 hours, 0.0 minutes, 0.1585233211517334 seconds

Avg epoch train. time: 0.0 hours, 0.0 minutes, 0.15433337407953598 seconds
Avg batch train. time: 0.017148152675504 seconds
Avg sample train. time: 0.0022696084423461174 seconds
Evaluating on validation set ...
Validation runtime: 0.0 hours, 0.0 minutes, 0.01434016227722168 seconds

Avg val. time: 0.0 hours, 0.0 minutes, 0.029398002122577867 seconds
Avg batch val. time: 0.029398002122577867 seconds
Avg sample val. time: 0.0036747502653222334 seconds
Epoch 34 Validation Summary: epoch: 34.000000 | loss: 3.201785 | accuracy: 0.375000 | precision: 0.437500 | 
Epoch 35 Training Summary: epoch: 35.000000 | loss: 0.098701 | 
Epoch runtime: 0.0 hours, 0.0 minutes, 0.16031193733215332 seconds

Avg epoch train. time: 0.0 hours, 0.0 minutes, 0.15450419017246791 seconds
Avg batch train. time: 0.017167132241385323 seconds
Avg sample train. time: 0.0022721204437127634 seconds
Epoch 36 Training Summary: epoch: 36.000000 | loss: 0.210992 | 
Epoch runtime: 0.0 hours, 0.0 minutes, 0.15479826927185059 seconds

Avg epoch train. time: 0.0 hours, 0.0 minutes, 0.15451235903633964 seconds
Avg batch train. time: 0.017168039892926628 seconds
Avg sample train. time: 0.002272240574063818 seconds
Evaluating on validation set ...
Validation runtime: 0.0 hours, 0.0 minutes, 0.009009599685668945 seconds

Avg val. time: 0.0 hours, 0.0 minutes, 0.02837858200073242 seconds
Avg batch val. time: 0.02837858200073242 seconds
Avg sample val. time: 0.0035473227500915526 seconds
Epoch 36 Validation Summary: epoch: 36.000000 | loss: 3.410089 | accuracy: 0.500000 | precision: 0.708333 | 
Epoch 37 Training Summary: epoch: 37.000000 | loss: 0.151120 | 
Epoch runtime: 0.0 hours, 0.0 minutes, 0.15335774421691895 seconds

Avg epoch train. time: 0.0 hours, 0.0 minutes, 0.15448115323040937 seconds
Avg batch train. time: 0.017164572581156598 seconds
Avg sample train. time: 0.002271781665153079 seconds
Epoch 38 Training Summary: epoch: 38.000000 | loss: 0.084242 | 
Epoch runtime: 0.0 hours, 0.0 minutes, 0.1744842529296875 seconds

Avg epoch train. time: 0.0 hours, 0.0 minutes, 0.15500755059091667 seconds
Avg batch train. time: 0.017223061176768518 seconds
Avg sample train. time: 0.002279522802807598 seconds
Evaluating on validation set ...
Validation runtime: 0.0 hours, 0.0 minutes, 0.009654760360717773 seconds

Avg val. time: 0.0 hours, 0.0 minutes, 0.02748697144644601 seconds
Avg batch val. time: 0.02748697144644601 seconds
Avg sample val. time: 0.0034358714308057514 seconds
Epoch 38 Validation Summary: epoch: 38.000000 | loss: 3.203717 | accuracy: 0.500000 | precision: 0.708333 | 
Epoch 39 Training Summary: epoch: 39.000000 | loss: 0.131403 | 
Epoch runtime: 0.0 hours, 0.0 minutes, 0.15971016883850098 seconds

Avg epoch train. time: 0.0 hours, 0.0 minutes, 0.15512813054598296 seconds
Avg batch train. time: 0.01723645894955366 seconds
Avg sample train. time: 0.0022812960374409257 seconds
Epoch 40 Training Summary: epoch: 40.000000 | loss: 0.103765 | 
Epoch runtime: 0.0 hours, 0.0 minutes, 0.16012859344482422 seconds

Avg epoch train. time: 0.0 hours, 0.0 minutes, 0.15525314211845398 seconds
Avg batch train. time: 0.017250349124272663 seconds
Avg sample train. time: 0.0022831344429184407 seconds
Evaluating on validation set ...
Validation runtime: 0.0 hours, 0.0 minutes, 0.009502649307250977 seconds

Avg val. time: 0.0 hours, 0.0 minutes, 0.02666950225830078 seconds
Avg batch val. time: 0.02666950225830078 seconds
Avg sample val. time: 0.0033336877822875977 seconds
Epoch 40 Validation Summary: epoch: 40.000000 | loss: 3.765400 | accuracy: 0.500000 | precision: 0.708333 | 
Best accuracy was 0.5. Other metrics: OrderedDict([('epoch', 4), ('loss', 1.5073668956756592), ('accuracy', 0.5), ('precision', 0.6666666666666666)])
All Done!
Total runtime: 0.0 hours, 0.0 minutes, 13.506225109100342 seconds

