Running:
src/main_5q.py --output_dir experiments --comment classification from Scratch --name VRS_fromScratch --records_file VRS_records.xls --data_dir /mnt/d/OneDrive - Southern Methodist University/Phone_Privacy/input_feature/opticalflow_downsample_480p_s22 --data_class vrs --val_ratio 0.1 --epochs 40 --lr 0.001 --dropout 0.2 --batch_size 8 --num_layers 3 --num_heads 4 --optimizer RAdam --pos_encoding learnable --task classification --normalization none --key_metric accuracy

Using device: cuda
Loading and preprocessing data ...
67 samples may be used for training
8 samples will be used for validation
0 samples will be used for testing
Creating model ...
Model:
TSTransformerEncoderClassiregressor(
  (project_inp): Linear(in_features=8, out_features=64, bias=True)
  (pos_enc): LearnablePositionalEncoding(
    (dropout): Dropout(p=0.2, inplace=False)
  )
  (transformer_encoder): TransformerEncoder(
    (layers): ModuleList(
      (0-2): 3 x TransformerBatchNormEncoderLayer(
        (self_attn): MultiheadAttention(
          (out_proj): NonDynamicallyQuantizableLinear(in_features=64, out_features=64, bias=True)
        )
        (linear1): Linear(in_features=64, out_features=256, bias=True)
        (dropout): Dropout(p=0.2, inplace=False)
        (linear2): Linear(in_features=256, out_features=64, bias=True)
        (norm1): BatchNorm1d(64, eps=1e-05, momentum=0.1, affine=True, track_running_stats=True)
        (norm2): BatchNorm1d(64, eps=1e-05, momentum=0.1, affine=True, track_running_stats=True)
        (dropout1): Dropout(p=0.2, inplace=False)
        (dropout2): Dropout(p=0.2, inplace=False)
      )
    )
  )
  (dropout1): Dropout(p=0.2, inplace=False)
  (output_layer): Linear(in_features=5120, out_features=5, bias=True)
)
Total number of parameters: 181253
Trainable parameters: 181253
Evaluating on validation set ...
Validation runtime: 0.0 hours, 0.0 minutes, 0.25931453704833984 seconds

Avg val. time: 0.0 hours, 0.0 minutes, 0.25931453704833984 seconds
Avg batch val. time: 0.25931453704833984 seconds
Avg sample val. time: 0.03241431713104248 seconds
Epoch 0 Validation Summary: epoch: 0.000000 | loss: 4.685933 | accuracy: 0.250000 | precision: 0.266667 | 
Starting training...
Epoch 1 Training Summary: epoch: 1.000000 | loss: 1.707205 | 
Epoch runtime: 0.0 hours, 0.0 minutes, 0.24590182304382324 seconds

Avg epoch train. time: 0.0 hours, 0.0 minutes, 0.24590182304382324 seconds
Avg batch train. time: 0.02732242478264703 seconds
Avg sample train. time: 0.0036701764633406456 seconds
Evaluating on validation set ...
Validation runtime: 0.0 hours, 0.0 minutes, 0.007077455520629883 seconds

Avg val. time: 0.0 hours, 0.0 minutes, 0.13319599628448486 seconds
Avg batch val. time: 0.13319599628448486 seconds
Avg sample val. time: 0.016649499535560608 seconds
Epoch 1 Validation Summary: epoch: 1.000000 | loss: 1.778323 | accuracy: 0.125000 | precision: 0.111111 | 
Epoch 2 Training Summary: epoch: 2.000000 | loss: 1.625821 | 
Epoch runtime: 0.0 hours, 0.0 minutes, 0.09367084503173828 seconds

Avg epoch train. time: 0.0 hours, 0.0 minutes, 0.16978633403778076 seconds
Avg batch train. time: 0.018865148226420086 seconds
Avg sample train. time: 0.0025341243886235934 seconds
Evaluating on validation set ...
Validation runtime: 0.0 hours, 0.0 minutes, 0.00831913948059082 seconds

Avg val. time: 0.0 hours, 0.0 minutes, 0.09157037734985352 seconds
Avg batch val. time: 0.09157037734985352 seconds
Avg sample val. time: 0.01144629716873169 seconds
Epoch 2 Validation Summary: epoch: 2.000000 | loss: 1.797979 | accuracy: 0.000000 | precision: 0.000000 | 
Epoch 3 Training Summary: epoch: 3.000000 | loss: 1.590908 | 
Epoch runtime: 0.0 hours, 0.0 minutes, 0.08677077293395996 seconds

Avg epoch train. time: 0.0 hours, 0.0 minutes, 0.14211448033650717 seconds
Avg batch train. time: 0.015790497815167462 seconds
Avg sample train. time: 0.00212111164681354 seconds
Epoch 4 Training Summary: epoch: 4.000000 | loss: 1.529530 | 
Epoch runtime: 0.0 hours, 0.0 minutes, 0.09087824821472168 seconds

Avg epoch train. time: 0.0 hours, 0.0 minutes, 0.1293054223060608 seconds
Avg batch train. time: 0.014367269145117866 seconds
Avg sample train. time: 0.0019299316762098626 seconds
Evaluating on validation set ...
Validation runtime: 0.0 hours, 0.0 minutes, 0.006567239761352539 seconds

Avg val. time: 0.0 hours, 0.0 minutes, 0.07031959295272827 seconds
Avg batch val. time: 0.07031959295272827 seconds
Avg sample val. time: 0.008789949119091034 seconds
Epoch 4 Validation Summary: epoch: 4.000000 | loss: 1.917697 | accuracy: 0.000000 | precision: 0.000000 | 
Epoch 5 Training Summary: epoch: 5.000000 | loss: 1.452813 | 
Epoch runtime: 0.0 hours, 0.0 minutes, 0.0852670669555664 seconds

Avg epoch train. time: 0.0 hours, 0.0 minutes, 0.12049775123596192 seconds
Avg batch train. time: 0.01338863902621799 seconds
Avg sample train. time: 0.0017984738990442077 seconds
Epoch 6 Training Summary: epoch: 6.000000 | loss: 1.409299 | 
Epoch runtime: 0.0 hours, 0.0 minutes, 0.11388921737670898 seconds

Avg epoch train. time: 0.0 hours, 0.0 minutes, 0.11939632892608643 seconds
Avg batch train. time: 0.013266258769565158 seconds
Avg sample train. time: 0.001782034760090842 seconds
Evaluating on validation set ...
Validation runtime: 0.0 hours, 0.0 minutes, 0.006737470626831055 seconds

Avg val. time: 0.0 hours, 0.0 minutes, 0.05760316848754883 seconds
Avg batch val. time: 0.05760316848754883 seconds
Avg sample val. time: 0.007200396060943604 seconds
Epoch 6 Validation Summary: epoch: 6.000000 | loss: 2.020051 | accuracy: 0.125000 | precision: 0.083333 | 
Epoch 7 Training Summary: epoch: 7.000000 | loss: 1.349251 | 
Epoch runtime: 0.0 hours, 0.0 minutes, 0.0832061767578125 seconds

Avg epoch train. time: 0.0 hours, 0.0 minutes, 0.11422630718776158 seconds
Avg batch train. time: 0.012691811909751287 seconds
Avg sample train. time: 0.001704870256533755 seconds
Epoch 8 Training Summary: epoch: 8.000000 | loss: 1.300263 | 
Epoch runtime: 0.0 hours, 0.0 minutes, 0.08755779266357422 seconds

Avg epoch train. time: 0.0 hours, 0.0 minutes, 0.11089274287223816 seconds
Avg batch train. time: 0.01232141587469313 seconds
Avg sample train. time: 0.001655115565257286 seconds
Evaluating on validation set ...
Validation runtime: 0.0 hours, 0.0 minutes, 0.007049083709716797 seconds

Avg val. time: 0.0 hours, 0.0 minutes, 0.04917748769124349 seconds
Avg batch val. time: 0.04917748769124349 seconds
Avg sample val. time: 0.0061471859614054365 seconds
Epoch 8 Validation Summary: epoch: 8.000000 | loss: 2.338334 | accuracy: 0.125000 | precision: 0.055556 | 
Epoch 9 Training Summary: epoch: 9.000000 | loss: 1.286638 | 
Epoch runtime: 0.0 hours, 0.0 minutes, 0.0893869400024414 seconds

Avg epoch train. time: 0.0 hours, 0.0 minutes, 0.10850320922003852 seconds
Avg batch train. time: 0.012055912135559836 seconds
Avg sample train. time: 0.001619450883881172 seconds
Epoch 10 Training Summary: epoch: 10.000000 | loss: 1.206279 | 
Epoch runtime: 0.0 hours, 0.0 minutes, 0.08978009223937988 seconds

Avg epoch train. time: 0.0 hours, 0.0 minutes, 0.10663089752197266 seconds
Avg batch train. time: 0.011847877502441408 seconds
Avg sample train. time: 0.001591505933163771 seconds
Evaluating on validation set ...
Validation runtime: 0.0 hours, 0.0 minutes, 0.006163597106933594 seconds

Avg val. time: 0.0 hours, 0.0 minutes, 0.04303264617919922 seconds
Avg batch val. time: 0.04303264617919922 seconds
Avg sample val. time: 0.005379080772399902 seconds
Epoch 10 Validation Summary: epoch: 10.000000 | loss: 2.255047 | accuracy: 0.125000 | precision: 0.055556 | 
Epoch 11 Training Summary: epoch: 11.000000 | loss: 1.159139 | 
Epoch runtime: 0.0 hours, 0.0 minutes, 0.08563542366027832 seconds

Avg epoch train. time: 0.0 hours, 0.0 minutes, 0.10472221808000044 seconds
Avg batch train. time: 0.011635802008888939 seconds
Avg sample train. time: 0.001563018180298514 seconds
Epoch 12 Training Summary: epoch: 12.000000 | loss: 1.165708 | 
Epoch runtime: 0.0 hours, 0.0 minutes, 0.0879206657409668 seconds

Avg epoch train. time: 0.0 hours, 0.0 minutes, 0.1033220887184143 seconds
Avg batch train. time: 0.011480232079823812 seconds
Avg sample train. time: 0.001542120727140512 seconds
Evaluating on validation set ...
Validation runtime: 0.0 hours, 0.0 minutes, 0.009465694427490234 seconds

Avg val. time: 0.0 hours, 0.0 minutes, 0.038836777210235596 seconds
Avg batch val. time: 0.038836777210235596 seconds
Avg sample val. time: 0.0048545971512794495 seconds
Epoch 12 Validation Summary: epoch: 12.000000 | loss: 2.161681 | accuracy: 0.125000 | precision: 0.066667 | 
Epoch 13 Training Summary: epoch: 13.000000 | loss: 1.036187 | 
Epoch runtime: 0.0 hours, 0.0 minutes, 0.09188079833984375 seconds

Avg epoch train. time: 0.0 hours, 0.0 minutes, 0.10244198945852426 seconds
Avg batch train. time: 0.011382443273169361 seconds
Avg sample train. time: 0.0015289849172914068 seconds
Epoch 14 Training Summary: epoch: 14.000000 | loss: 0.989462 | 
Epoch runtime: 0.0 hours, 0.0 minutes, 0.08530330657958984 seconds

Avg epoch train. time: 0.0 hours, 0.0 minutes, 0.10121779782431466 seconds
Avg batch train. time: 0.011246421980479406 seconds
Avg sample train. time: 0.0015107134003629053 seconds
Evaluating on validation set ...
Validation runtime: 0.0 hours, 0.0 minutes, 0.006208181381225586 seconds

Avg val. time: 0.0 hours, 0.0 minutes, 0.03521137767367893 seconds
Avg batch val. time: 0.03521137767367893 seconds
Avg sample val. time: 0.004401422209209866 seconds
Epoch 14 Validation Summary: epoch: 14.000000 | loss: 2.673688 | accuracy: 0.125000 | precision: 0.055556 | 
Epoch 15 Training Summary: epoch: 15.000000 | loss: 0.995655 | 
Epoch runtime: 0.0 hours, 0.0 minutes, 0.0866689682006836 seconds

Avg epoch train. time: 0.0 hours, 0.0 minutes, 0.10024787584940592 seconds
Avg batch train. time: 0.011138652872156214 seconds
Avg sample train. time: 0.0014962369529762077 seconds
Epoch 16 Training Summary: epoch: 16.000000 | loss: 0.998385 | 
Epoch runtime: 0.0 hours, 0.0 minutes, 0.08518600463867188 seconds

Avg epoch train. time: 0.0 hours, 0.0 minutes, 0.09930650889873505 seconds
Avg batch train. time: 0.011034056544303894 seconds
Avg sample train. time: 0.00148218669998112 seconds
Evaluating on validation set ...
Validation runtime: 0.0 hours, 0.0 minutes, 0.006354570388793945 seconds

Avg val. time: 0.0 hours, 0.0 minutes, 0.03232569694519043 seconds
Avg batch val. time: 0.03232569694519043 seconds
Avg sample val. time: 0.004040712118148803 seconds
Epoch 16 Validation Summary: epoch: 16.000000 | loss: 2.556744 | accuracy: 0.125000 | precision: 0.062500 | 
Epoch 17 Training Summary: epoch: 17.000000 | loss: 0.891947 | 
Epoch runtime: 0.0 hours, 0.0 minutes, 0.10229301452636719 seconds

Avg epoch train. time: 0.0 hours, 0.0 minutes, 0.09948218570036046 seconds
Avg batch train. time: 0.011053576188928941 seconds
Avg sample train. time: 0.0014848087417964249 seconds
Epoch 18 Training Summary: epoch: 18.000000 | loss: 0.842636 | 
Epoch runtime: 0.0 hours, 0.0 minutes, 0.08762121200561523 seconds

Avg epoch train. time: 0.0 hours, 0.0 minutes, 0.09882324271731907 seconds
Avg batch train. time: 0.010980360301924341 seconds
Avg sample train. time: 0.0014749737719002847 seconds
Evaluating on validation set ...
Validation runtime: 0.0 hours, 0.0 minutes, 0.006440639495849609 seconds

Avg val. time: 0.0 hours, 0.0 minutes, 0.029972509904341263 seconds
Avg batch val. time: 0.029972509904341263 seconds
Avg sample val. time: 0.003746563738042658 seconds
Epoch 18 Validation Summary: epoch: 18.000000 | loss: 2.933854 | accuracy: 0.125000 | precision: 0.055556 | 
Epoch 19 Training Summary: epoch: 19.000000 | loss: 0.774045 | 
Epoch runtime: 0.0 hours, 0.0 minutes, 0.08399796485900879 seconds

Avg epoch train. time: 0.0 hours, 0.0 minutes, 0.09804296493530273 seconds
Avg batch train. time: 0.010893662770589193 seconds
Avg sample train. time: 0.0014633278348552647 seconds
Epoch 20 Training Summary: epoch: 20.000000 | loss: 0.776748 | 
Epoch runtime: 0.0 hours, 0.0 minutes, 0.08563399314880371 seconds

Avg epoch train. time: 0.0 hours, 0.0 minutes, 0.09742251634597779 seconds
Avg batch train. time: 0.010824724038441976 seconds
Avg sample train. time: 0.0014540674081489223 seconds
Evaluating on validation set ...
Validation runtime: 0.0 hours, 0.0 minutes, 0.006981849670410156 seconds

Avg val. time: 0.0 hours, 0.0 minutes, 0.028056621551513672 seconds
Avg batch val. time: 0.028056621551513672 seconds
Avg sample val. time: 0.003507077693939209 seconds
Epoch 20 Validation Summary: epoch: 20.000000 | loss: 3.083811 | accuracy: 0.125000 | precision: 0.062500 | 
Epoch 21 Training Summary: epoch: 21.000000 | loss: 0.746805 | 
Epoch runtime: 0.0 hours, 0.0 minutes, 0.08644342422485352 seconds

Avg epoch train. time: 0.0 hours, 0.0 minutes, 0.09689970243544806 seconds
Avg batch train. time: 0.010766633603938673 seconds
Avg sample train. time: 0.0014462642154544486 seconds
Epoch 22 Training Summary: epoch: 22.000000 | loss: 0.632414 | 
Epoch runtime: 0.0 hours, 0.0 minutes, 0.09043169021606445 seconds

Avg epoch train. time: 0.0 hours, 0.0 minutes, 0.09660570188002153 seconds
Avg batch train. time: 0.010733966875557948 seconds
Avg sample train. time: 0.0014418761474630079 seconds
Evaluating on validation set ...
Validation runtime: 0.0 hours, 0.0 minutes, 0.006158351898193359 seconds

Avg val. time: 0.0 hours, 0.0 minutes, 0.026372139270489033 seconds
Avg batch val. time: 0.026372139270489033 seconds
Avg sample val. time: 0.003296517408811129 seconds
Epoch 22 Validation Summary: epoch: 22.000000 | loss: 2.568957 | accuracy: 0.125000 | precision: 0.062500 | 
Epoch 23 Training Summary: epoch: 23.000000 | loss: 0.641578 | 
Epoch runtime: 0.0 hours, 0.0 minutes, 0.0892481803894043 seconds

Avg epoch train. time: 0.0 hours, 0.0 minutes, 0.09628580964129904 seconds
Avg batch train. time: 0.010698423293477671 seconds
Avg sample train. time: 0.0014371016364372992 seconds
Epoch 24 Training Summary: epoch: 24.000000 | loss: 0.575694 | 
Epoch runtime: 0.0 hours, 0.0 minutes, 0.09146881103515625 seconds

Avg epoch train. time: 0.0 hours, 0.0 minutes, 0.09608510136604309 seconds
Avg batch train. time: 0.010676122374004789 seconds
Avg sample train. time: 0.0014341059905379565 seconds
Evaluating on validation set ...
Validation runtime: 0.0 hours, 0.0 minutes, 0.007039546966552734 seconds

Avg val. time: 0.0 hours, 0.0 minutes, 0.02499123982020787 seconds
Avg batch val. time: 0.02499123982020787 seconds
Avg sample val. time: 0.0031239049775259836 seconds
Epoch 24 Validation Summary: epoch: 24.000000 | loss: 2.847673 | accuracy: 0.125000 | precision: 0.062500 | 
Epoch 25 Training Summary: epoch: 25.000000 | loss: 0.487437 | 
Epoch runtime: 0.0 hours, 0.0 minutes, 0.08931255340576172 seconds

Avg epoch train. time: 0.0 hours, 0.0 minutes, 0.09581419944763184 seconds
Avg batch train. time: 0.010646022160847982 seconds
Avg sample train. time: 0.0014300626783228633 seconds
Epoch 26 Training Summary: epoch: 26.000000 | loss: 0.465486 | 
Epoch runtime: 0.0 hours, 0.0 minutes, 0.09118819236755371 seconds

Avg epoch train. time: 0.0 hours, 0.0 minutes, 0.09563627609839806 seconds
Avg batch train. time: 0.010626252899822006 seconds
Avg sample train. time: 0.0014274071059462397 seconds
Evaluating on validation set ...
Validation runtime: 0.0 hours, 0.0 minutes, 0.00896000862121582 seconds

Avg val. time: 0.0 hours, 0.0 minutes, 0.023922491073608398 seconds
Avg batch val. time: 0.023922491073608398 seconds
Avg sample val. time: 0.0029903113842010497 seconds
Epoch 26 Validation Summary: epoch: 26.000000 | loss: 2.566322 | accuracy: 0.250000 | precision: 0.166667 | 
Epoch 27 Training Summary: epoch: 27.000000 | loss: 0.454890 | 
Epoch runtime: 0.0 hours, 0.0 minutes, 0.09373950958251953 seconds

Avg epoch train. time: 0.0 hours, 0.0 minutes, 0.09556602548669886 seconds
Avg batch train. time: 0.010618447276299873 seconds
Avg sample train. time: 0.0014263585893537142 seconds
Epoch 28 Training Summary: epoch: 28.000000 | loss: 0.405533 | 
Epoch runtime: 0.0 hours, 0.0 minutes, 0.0854032039642334 seconds

Avg epoch train. time: 0.0 hours, 0.0 minutes, 0.09520306757518224 seconds
Avg batch train. time: 0.010578118619464692 seconds
Avg sample train. time: 0.0014209413070922722 seconds
Evaluating on validation set ...
Validation runtime: 0.0 hours, 0.0 minutes, 0.008233070373535156 seconds

Avg val. time: 0.0 hours, 0.0 minutes, 0.02294190227985382 seconds
Avg batch val. time: 0.02294190227985382 seconds
Avg sample val. time: 0.0028677377849817276 seconds
Epoch 28 Validation Summary: epoch: 28.000000 | loss: 2.904652 | accuracy: 0.250000 | precision: 0.166667 | 
Epoch 29 Training Summary: epoch: 29.000000 | loss: 0.388214 | 
Epoch runtime: 0.0 hours, 0.0 minutes, 0.08442091941833496 seconds

Avg epoch train. time: 0.0 hours, 0.0 minutes, 0.09483126936287715 seconds
Avg batch train. time: 0.01053680770698635 seconds
Avg sample train. time: 0.0014153920800429427 seconds
Epoch 30 Training Summary: epoch: 30.000000 | loss: 0.360406 | 
Epoch runtime: 0.0 hours, 0.0 minutes, 0.09274649620056152 seconds

Avg epoch train. time: 0.0 hours, 0.0 minutes, 0.0947617769241333 seconds
Avg batch train. time: 0.010529086324903701 seconds
Avg sample train. time: 0.0014143548794646763 seconds
Evaluating on validation set ...
Validation runtime: 0.0 hours, 0.0 minutes, 0.006399869918823242 seconds

Avg val. time: 0.0 hours, 0.0 minutes, 0.021968841552734375 seconds
Avg batch val. time: 0.021968841552734375 seconds
Avg sample val. time: 0.002746105194091797 seconds
Epoch 30 Validation Summary: epoch: 30.000000 | loss: 3.628011 | accuracy: 0.250000 | precision: 0.166667 | 
Epoch 31 Training Summary: epoch: 31.000000 | loss: 0.350187 | 
Epoch runtime: 0.0 hours, 0.0 minutes, 0.08929729461669922 seconds

Avg epoch train. time: 0.0 hours, 0.0 minutes, 0.09458550330131285 seconds
Avg batch train. time: 0.010509500366812538 seconds
Avg sample train. time: 0.001411723929870341 seconds
Epoch 32 Training Summary: epoch: 32.000000 | loss: 0.358298 | 
Epoch runtime: 0.0 hours, 0.0 minutes, 0.08716320991516113 seconds

Avg epoch train. time: 0.0 hours, 0.0 minutes, 0.0943535566329956 seconds
Avg batch train. time: 0.01048372851477729 seconds
Avg sample train. time: 0.0014082620392984419 seconds
Evaluating on validation set ...
Validation runtime: 0.0 hours, 0.0 minutes, 0.007575035095214844 seconds

Avg val. time: 0.0 hours, 0.0 minutes, 0.021169185638427734 seconds
Avg batch val. time: 0.021169185638427734 seconds
Avg sample val. time: 0.002646148204803467 seconds
Epoch 32 Validation Summary: epoch: 32.000000 | loss: 3.579620 | accuracy: 0.250000 | precision: 0.187500 | 
Epoch 33 Training Summary: epoch: 33.000000 | loss: 0.280780 | 
Epoch runtime: 0.0 hours, 0.0 minutes, 0.09231781959533691 seconds

Avg epoch train. time: 0.0 hours, 0.0 minutes, 0.09429186763185443 seconds
Avg batch train. time: 0.01047687418131716 seconds
Avg sample train. time: 0.0014073413079381258 seconds
Epoch 34 Training Summary: epoch: 34.000000 | loss: 0.269272 | 
Epoch runtime: 0.0 hours, 0.0 minutes, 0.0845491886138916 seconds

Avg epoch train. time: 0.0 hours, 0.0 minutes, 0.09400531824897318 seconds
Avg batch train. time: 0.01044503536099702 seconds
Avg sample train. time: 0.0014030644514772116 seconds
Evaluating on validation set ...
Validation runtime: 0.0 hours, 0.0 minutes, 0.0060231685638427734 seconds

Avg val. time: 0.0 hours, 0.0 minutes, 0.020372026845028524 seconds
Avg batch val. time: 0.020372026845028524 seconds
Avg sample val. time: 0.0025465033556285655 seconds
Epoch 34 Validation Summary: epoch: 34.000000 | loss: 3.296151 | accuracy: 0.125000 | precision: 0.055556 | 
Epoch 35 Training Summary: epoch: 35.000000 | loss: 0.306638 | 
Epoch runtime: 0.0 hours, 0.0 minutes, 0.09693098068237305 seconds

Avg epoch train. time: 0.0 hours, 0.0 minutes, 0.09408890860421316 seconds
Avg batch train. time: 0.010454323178245907 seconds
Avg sample train. time: 0.0014043120687195995 seconds
Epoch 36 Training Summary: epoch: 36.000000 | loss: 0.231707 | 
Epoch runtime: 0.0 hours, 0.0 minutes, 0.09241724014282227 seconds

Avg epoch train. time: 0.0 hours, 0.0 minutes, 0.09404247336917454 seconds
Avg batch train. time: 0.01044916370768606 seconds
Avg sample train. time: 0.0014036190055100677 seconds
Evaluating on validation set ...
Validation runtime: 0.0 hours, 0.0 minutes, 0.007224321365356445 seconds

Avg val. time: 0.0 hours, 0.0 minutes, 0.01971464157104492 seconds
Avg batch val. time: 0.01971464157104492 seconds
Avg sample val. time: 0.002464330196380615 seconds
Epoch 36 Validation Summary: epoch: 36.000000 | loss: 4.036462 | accuracy: 0.250000 | precision: 0.187500 | 
Epoch 37 Training Summary: epoch: 37.000000 | loss: 0.225482 | 
Epoch runtime: 0.0 hours, 0.0 minutes, 0.09251117706298828 seconds

Avg epoch train. time: 0.0 hours, 0.0 minutes, 0.09400108698252085 seconds
Avg batch train. time: 0.010444565220280096 seconds
Avg sample train. time: 0.0014030012982465799 seconds
Epoch 38 Training Summary: epoch: 38.000000 | loss: 0.174675 | 
Epoch runtime: 0.0 hours, 0.0 minutes, 0.09051656723022461 seconds

Avg epoch train. time: 0.0 hours, 0.0 minutes, 0.09390938909430253 seconds
Avg batch train. time: 0.010434376566033614 seconds
Avg sample train. time: 0.0014016326730492915 seconds
Evaluating on validation set ...
Validation runtime: 0.0 hours, 0.0 minutes, 0.0068378448486328125 seconds

Avg val. time: 0.0 hours, 0.0 minutes, 0.019101460774739582 seconds
Avg batch val. time: 0.019101460774739582 seconds
Avg sample val. time: 0.0023876825968424478 seconds
Epoch 38 Validation Summary: epoch: 38.000000 | loss: 4.434532 | accuracy: 0.250000 | precision: 0.229167 | 
Epoch 39 Training Summary: epoch: 39.000000 | loss: 0.190328 | 
Epoch runtime: 0.0 hours, 0.0 minutes, 0.09624648094177246 seconds

Avg epoch train. time: 0.0 hours, 0.0 minutes, 0.09396931452628894 seconds
Avg batch train. time: 0.010441034947365438 seconds
Avg sample train. time: 0.0014025270824819245 seconds
Epoch 40 Training Summary: epoch: 40.000000 | loss: 0.191368 | 
Epoch runtime: 0.0 hours, 0.0 minutes, 0.08947300910949707 seconds

Avg epoch train. time: 0.0 hours, 0.0 minutes, 0.09385690689086915 seconds
Avg batch train. time: 0.010428545210096571 seconds
Avg sample train. time: 0.0014008493565801365 seconds
Evaluating on validation set ...
Validation runtime: 0.0 hours, 0.0 minutes, 0.006969928741455078 seconds

Avg val. time: 0.0 hours, 0.0 minutes, 0.018550027500499378 seconds
Avg batch val. time: 0.018550027500499378 seconds
Avg sample val. time: 0.0023187534375624223 seconds
Epoch 40 Validation Summary: epoch: 40.000000 | loss: 3.262959 | accuracy: 0.250000 | precision: 0.166667 | 
Best accuracy was 0.25. Other metrics: OrderedDict([('epoch', 0), ('loss', 4.6859331130981445), ('accuracy', 0.25), ('precision', 0.26666666666666666)])
All Done!
Total runtime: 0.0 hours, 0.0 minutes, 8.927704334259033 seconds

