Running:
src/main_crosssetting.py --output_dir experiments --target_user Zeyu --user_othersetting ZeyuZoom --comment classification from Scratch --name VRS_fromScratch --records_file VRS_records.xls --data_dir /mnt/d/OneDrive - Southern Methodist University/Phone_Privacy/input_feature/opticalflow_22_downsample_480p_s22 --test_data_dir /mnt/d/OneDrive - Southern Methodist University/Phone_Privacy/input_feature/opticalflow_22_downsample_480p_s22 --data_class vrs --val_ratio 0.1 --epochs 40 --lr 0.001 --dropout 0.2 --batch_size 8 --num_layers 3 --num_heads 4 --optimizer RAdam --pos_encoding learnable --task classification --normalization none --key_metric accuracy

Using device: cuda
Loading and preprocessing data ...
1080 samples may be used for training
120 samples will be used for validation
0 samples will be used for testing
Creating model ...
Model:
TSTransformerEncoderClassiregressor(
  (project_inp): Linear(in_features=8, out_features=64, bias=True)
  (pos_enc): LearnablePositionalEncoding(
    (dropout): Dropout(p=0.2, inplace=False)
  )
  (transformer_encoder): TransformerEncoder(
    (layers): ModuleList(
      (0-2): 3 x TransformerBatchNormEncoderLayer(
        (self_attn): MultiheadAttention(
          (out_proj): NonDynamicallyQuantizableLinear(in_features=64, out_features=64, bias=True)
        )
        (linear1): Linear(in_features=64, out_features=256, bias=True)
        (dropout): Dropout(p=0.2, inplace=False)
        (linear2): Linear(in_features=256, out_features=64, bias=True)
        (norm1): BatchNorm1d(64, eps=1e-05, momentum=0.1, affine=True, track_running_stats=True)
        (norm2): BatchNorm1d(64, eps=1e-05, momentum=0.1, affine=True, track_running_stats=True)
        (dropout1): Dropout(p=0.2, inplace=False)
        (dropout2): Dropout(p=0.2, inplace=False)
      )
    )
  )
  (dropout1): Dropout(p=0.2, inplace=False)
  (output_layer): Linear(in_features=5120, out_features=5, bias=True)
)
Total number of parameters: 181253
Trainable parameters: 181253
Evaluating on validation set ...
Validation runtime: 0.0 hours, 0.0 minutes, 0.25490498542785645 seconds

Avg val. time: 0.0 hours, 0.0 minutes, 0.25490498542785645 seconds
Avg batch val. time: 0.01699366569519043 seconds
Avg sample val. time: 0.002124208211898804 seconds
Epoch 0 Validation Summary: epoch: 0.000000 | loss: 6.056513 | accuracy: 0.225000 | precision: 0.274929 | 
Starting training...
Epoch 1 Training Summary: epoch: 1.000000 | loss: 1.665743 | 
Epoch runtime: 0.0 hours, 0.0 minutes, 1.4444351196289062 seconds

Avg epoch train. time: 0.0 hours, 0.0 minutes, 1.4444351196289062 seconds
Avg batch train. time: 0.010699519404658565 seconds
Avg sample train. time: 0.0013374399255823206 seconds
Evaluating on validation set ...
Validation runtime: 0.0 hours, 0.0 minutes, 0.04483532905578613 seconds

Avg val. time: 0.0 hours, 0.0 minutes, 0.1498701572418213 seconds
Avg batch val. time: 0.009991343816121418 seconds
Avg sample val. time: 0.0012489179770151773 seconds
Epoch 1 Validation Summary: epoch: 1.000000 | loss: 1.706319 | accuracy: 0.200000 | precision: 0.191468 | 
Epoch 2 Training Summary: epoch: 2.000000 | loss: 1.659161 | 
Epoch runtime: 0.0 hours, 0.0 minutes, 1.4151420593261719 seconds

Avg epoch train. time: 0.0 hours, 0.0 minutes, 1.429788589477539 seconds
Avg batch train. time: 0.010591026588722512 seconds
Avg sample train. time: 0.001323878323590314 seconds
Evaluating on validation set ...
Validation runtime: 0.0 hours, 0.0 minutes, 0.04687380790710449 seconds

Avg val. time: 0.0 hours, 0.0 minutes, 0.1155380407969157 seconds
Avg batch val. time: 0.007702536053127713 seconds
Avg sample val. time: 0.0009628170066409641 seconds
Epoch 2 Validation Summary: epoch: 2.000000 | loss: 1.693441 | accuracy: 0.250000 | precision: 0.195670 | 
Epoch 3 Training Summary: epoch: 3.000000 | loss: 1.595371 | 
Epoch runtime: 0.0 hours, 0.0 minutes, 1.4157018661499023 seconds

Avg epoch train. time: 0.0 hours, 0.0 minutes, 1.4250930150349934 seconds
Avg batch train. time: 0.010556244555814767 seconds
Avg sample train. time: 0.0013195305694768459 seconds
Epoch 4 Training Summary: epoch: 4.000000 | loss: 1.567550 | 
Epoch runtime: 0.0 hours, 0.0 minutes, 1.4117183685302734 seconds

Avg epoch train. time: 0.0 hours, 0.0 minutes, 1.4217493534088135 seconds
Avg batch train. time: 0.010531476691917136 seconds
Avg sample train. time: 0.001316434586489642 seconds
Evaluating on validation set ...
Validation runtime: 0.0 hours, 0.0 minutes, 0.046587228775024414 seconds

Avg val. time: 0.0 hours, 0.0 minutes, 0.09830033779144287 seconds
Avg batch val. time: 0.006553355852762858 seconds
Avg sample val. time: 0.0008191694815953573 seconds
Epoch 4 Validation Summary: epoch: 4.000000 | loss: 1.746957 | accuracy: 0.233333 | precision: 0.233099 | 
Epoch 5 Training Summary: epoch: 5.000000 | loss: 1.554098 | 
Epoch runtime: 0.0 hours, 0.0 minutes, 1.395617961883545 seconds

Avg epoch train. time: 0.0 hours, 0.0 minutes, 1.4165230751037599 seconds
Avg batch train. time: 0.01049276351928711 seconds
Avg sample train. time: 0.0013115954399108888 seconds
Epoch 6 Training Summary: epoch: 6.000000 | loss: 1.504943 | 
Epoch runtime: 0.0 hours, 0.0 minutes, 1.4280245304107666 seconds

Avg epoch train. time: 0.0 hours, 0.0 minutes, 1.4184399843215942 seconds
Avg batch train. time: 0.010506962846826624 seconds
Avg sample train. time: 0.001313370355853328 seconds
Evaluating on validation set ...
Validation runtime: 0.0 hours, 0.0 minutes, 0.04985666275024414 seconds

Avg val. time: 0.0 hours, 0.0 minutes, 0.08861160278320312 seconds
Avg batch val. time: 0.005907440185546875 seconds
Avg sample val. time: 0.0007384300231933593 seconds
Epoch 6 Validation Summary: epoch: 6.000000 | loss: 1.679519 | accuracy: 0.291667 | precision: 0.270489 | 
Epoch 7 Training Summary: epoch: 7.000000 | loss: 1.441033 | 
Epoch runtime: 0.0 hours, 0.0 minutes, 1.3970632553100586 seconds

Avg epoch train. time: 0.0 hours, 0.0 minutes, 1.415386165891375 seconds
Avg batch train. time: 0.01048434196956574 seconds
Avg sample train. time: 0.0013105427461957175 seconds
Epoch 8 Training Summary: epoch: 8.000000 | loss: 1.437931 | 
Epoch runtime: 0.0 hours, 0.0 minutes, 1.461327314376831 seconds

Avg epoch train. time: 0.0 hours, 0.0 minutes, 1.4211288094520569 seconds
Avg batch train. time: 0.010526880070015236 seconds
Avg sample train. time: 0.0013158600087519044 seconds
Evaluating on validation set ...
Validation runtime: 0.0 hours, 0.0 minutes, 0.05057406425476074 seconds

Avg val. time: 0.0 hours, 0.0 minutes, 0.08227201302846272 seconds
Avg batch val. time: 0.005484800868564181 seconds
Avg sample val. time: 0.0006856001085705227 seconds
Epoch 8 Validation Summary: epoch: 8.000000 | loss: 2.018798 | accuracy: 0.225000 | precision: 0.320651 | 
Epoch 9 Training Summary: epoch: 9.000000 | loss: 1.450760 | 
Epoch runtime: 0.0 hours, 0.0 minutes, 1.6766901016235352 seconds

Avg epoch train. time: 0.0 hours, 0.0 minutes, 1.449524508582221 seconds
Avg batch train. time: 0.010737218582090527 seconds
Avg sample train. time: 0.0013421523227613158 seconds
Epoch 10 Training Summary: epoch: 10.000000 | loss: 1.427000 | 
Epoch runtime: 0.0 hours, 0.0 minutes, 1.530353307723999 seconds

Avg epoch train. time: 0.0 hours, 0.0 minutes, 1.457607388496399 seconds
Avg batch train. time: 0.010797091766639993 seconds
Avg sample train. time: 0.001349636470829999 seconds
Evaluating on validation set ...
Validation runtime: 0.0 hours, 0.0 minutes, 0.0497283935546875 seconds

Avg val. time: 0.0 hours, 0.0 minutes, 0.07762292453220912 seconds
Avg batch val. time: 0.005174861635480608 seconds
Avg sample val. time: 0.000646857704435076 seconds
Epoch 10 Validation Summary: epoch: 10.000000 | loss: 1.767261 | accuracy: 0.258333 | precision: 0.262939 | 
Epoch 11 Training Summary: epoch: 11.000000 | loss: 1.367723 | 
Epoch runtime: 0.0 hours, 0.0 minutes, 1.5215823650360107 seconds

Avg epoch train. time: 0.0 hours, 0.0 minutes, 1.4634232954545454 seconds
Avg batch train. time: 0.010840172558922558 seconds
Avg sample train. time: 0.0013550215698653197 seconds
Epoch 12 Training Summary: epoch: 12.000000 | loss: 1.352061 | 
Epoch runtime: 0.0 hours, 0.0 minutes, 1.4400815963745117 seconds

Avg epoch train. time: 0.0 hours, 0.0 minutes, 1.4614781538645427 seconds
Avg batch train. time: 0.010825764102700317 seconds
Avg sample train. time: 0.0013532205128375396 seconds
Evaluating on validation set ...
Validation runtime: 0.0 hours, 0.0 minutes, 0.05066061019897461 seconds

Avg val. time: 0.0 hours, 0.0 minutes, 0.07425263524055481 seconds
Avg batch val. time: 0.004950175682703654 seconds
Avg sample val. time: 0.0006187719603379568 seconds
Epoch 12 Validation Summary: epoch: 12.000000 | loss: 1.756797 | accuracy: 0.291667 | precision: 0.319030 | 
Epoch 13 Training Summary: epoch: 13.000000 | loss: 1.293745 | 
Epoch runtime: 0.0 hours, 0.0 minutes, 1.4334595203399658 seconds

Avg epoch train. time: 0.0 hours, 0.0 minutes, 1.459322874362652 seconds
Avg batch train. time: 0.010809799069352978 seconds
Avg sample train. time: 0.0013512248836691223 seconds
Epoch 14 Training Summary: epoch: 14.000000 | loss: 1.303138 | 
Epoch runtime: 0.0 hours, 0.0 minutes, 1.5226905345916748 seconds

Avg epoch train. time: 0.0 hours, 0.0 minutes, 1.4638491358075822 seconds
Avg batch train. time: 0.010843326931908016 seconds
Avg sample train. time: 0.001355415866488502 seconds
Evaluating on validation set ...
Validation runtime: 0.0 hours, 0.0 minutes, 0.04963850975036621 seconds

Avg val. time: 0.0 hours, 0.0 minutes, 0.07151773240831164 seconds
Avg batch val. time: 0.004767848827220775 seconds
Avg sample val. time: 0.0005959811034025969 seconds
Epoch 14 Validation Summary: epoch: 14.000000 | loss: 1.997652 | accuracy: 0.291667 | precision: 0.307590 | 
Epoch 15 Training Summary: epoch: 15.000000 | loss: 1.269084 | 
Epoch runtime: 0.0 hours, 0.0 minutes, 1.4478564262390137 seconds

Avg epoch train. time: 0.0 hours, 0.0 minutes, 1.4627829551696778 seconds
Avg batch train. time: 0.010835429297553168 seconds
Avg sample train. time: 0.001354428662194146 seconds
Epoch 16 Training Summary: epoch: 16.000000 | loss: 1.238254 | 
Epoch runtime: 0.0 hours, 0.0 minutes, 1.435788631439209 seconds

Avg epoch train. time: 0.0 hours, 0.0 minutes, 1.4610958099365234 seconds
Avg batch train. time: 0.010822931925455729 seconds
Avg sample train. time: 0.001352866490681966 seconds
Evaluating on validation set ...
Validation runtime: 0.0 hours, 0.0 minutes, 0.04888153076171875 seconds

Avg val. time: 0.0 hours, 0.0 minutes, 0.06925411224365234 seconds
Avg batch val. time: 0.004616940816243489 seconds
Avg sample val. time: 0.0005771176020304362 seconds
Epoch 16 Validation Summary: epoch: 16.000000 | loss: 1.718667 | accuracy: 0.291667 | precision: 0.305083 | 
Epoch 17 Training Summary: epoch: 17.000000 | loss: 1.220849 | 
Epoch runtime: 0.0 hours, 0.0 minutes, 1.422067642211914 seconds

Avg epoch train. time: 0.0 hours, 0.0 minutes, 1.4588000353644877 seconds
Avg batch train. time: 0.010805926187885093 seconds
Avg sample train. time: 0.0013507407734856367 seconds
Epoch 18 Training Summary: epoch: 18.000000 | loss: 1.210874 | 
Epoch runtime: 0.0 hours, 0.0 minutes, 1.3513095378875732 seconds

Avg epoch train. time: 0.0 hours, 0.0 minutes, 1.4528283410602145 seconds
Avg batch train. time: 0.010761691415260849 seconds
Avg sample train. time: 0.001345211426907606 seconds
Evaluating on validation set ...
Validation runtime: 0.0 hours, 0.0 minutes, 0.04740595817565918 seconds

Avg val. time: 0.0 hours, 0.0 minutes, 0.06726791641928932 seconds
Avg batch val. time: 0.004484527761285955 seconds
Avg sample val. time: 0.0005605659701607443 seconds
Epoch 18 Validation Summary: epoch: 18.000000 | loss: 1.865878 | accuracy: 0.275000 | precision: 0.279056 | 
Epoch 19 Training Summary: epoch: 19.000000 | loss: 1.153354 | 
Epoch runtime: 0.0 hours, 0.0 minutes, 1.4429171085357666 seconds

Avg epoch train. time: 0.0 hours, 0.0 minutes, 1.4523066972431384 seconds
Avg batch train. time: 0.01075782738698621 seconds
Avg sample train. time: 0.0013447284233732762 seconds
Epoch 20 Training Summary: epoch: 20.000000 | loss: 1.196333 | 
Epoch runtime: 0.0 hours, 0.0 minutes, 1.4224450588226318 seconds

Avg epoch train. time: 0.0 hours, 0.0 minutes, 1.450813615322113 seconds
Avg batch train. time: 0.01074676752090454 seconds
Avg sample train. time: 0.0013433459401130676 seconds
Evaluating on validation set ...
Validation runtime: 0.0 hours, 0.0 minutes, 0.048250675201416016 seconds

Avg val. time: 0.0 hours, 0.0 minutes, 0.06568314631779988 seconds
Avg batch val. time: 0.004378876421186659 seconds
Avg sample val. time: 0.0005473595526483323 seconds
Epoch 20 Validation Summary: epoch: 20.000000 | loss: 1.874692 | accuracy: 0.283333 | precision: 0.305212 | 
Epoch 21 Training Summary: epoch: 21.000000 | loss: 1.131921 | 
Epoch runtime: 0.0 hours, 0.0 minutes, 1.364990234375 seconds

Avg epoch train. time: 0.0 hours, 0.0 minutes, 1.4467267876579648 seconds
Avg batch train. time: 0.010716494723392332 seconds
Avg sample train. time: 0.0013395618404240415 seconds
Epoch 22 Training Summary: epoch: 22.000000 | loss: 1.113716 | 
Epoch runtime: 0.0 hours, 0.0 minutes, 1.3948817253112793 seconds

Avg epoch train. time: 0.0 hours, 0.0 minutes, 1.4443701939149336 seconds
Avg batch train. time: 0.010699038473443953 seconds
Avg sample train. time: 0.0013373798091804942 seconds
Evaluating on validation set ...
Validation runtime: 0.0 hours, 0.0 minutes, 0.049841880798339844 seconds

Avg val. time: 0.0 hours, 0.0 minutes, 0.06446458743168758 seconds
Avg batch val. time: 0.0042976391621125055 seconds
Avg sample val. time: 0.0005372048952640632 seconds
Epoch 22 Validation Summary: epoch: 22.000000 | loss: 1.760172 | accuracy: 0.316667 | precision: 0.328197 | 
Epoch 23 Training Summary: epoch: 23.000000 | loss: 1.069921 | 
Epoch runtime: 0.0 hours, 0.0 minutes, 1.3868169784545898 seconds

Avg epoch train. time: 0.0 hours, 0.0 minutes, 1.4418678801992666 seconds
Avg batch train. time: 0.010680502816290864 seconds
Avg sample train. time: 0.001335062852036358 seconds
Epoch 24 Training Summary: epoch: 24.000000 | loss: 1.058380 | 
Epoch runtime: 0.0 hours, 0.0 minutes, 1.34736967086792 seconds

Avg epoch train. time: 0.0 hours, 0.0 minutes, 1.4379304548104603 seconds
Avg batch train. time: 0.010651336702299705 seconds
Avg sample train. time: 0.0013314170877874632 seconds
Evaluating on validation set ...
Validation runtime: 0.0 hours, 0.0 minutes, 0.04662322998046875 seconds

Avg val. time: 0.0 hours, 0.0 minutes, 0.06319020475660052 seconds
Avg batch val. time: 0.004212680317106701 seconds
Avg sample val. time: 0.0005265850396383376 seconds
Epoch 24 Validation Summary: epoch: 24.000000 | loss: 2.061097 | accuracy: 0.316667 | precision: 0.309927 | 
Epoch 25 Training Summary: epoch: 25.000000 | loss: 1.033752 | 
Epoch runtime: 0.0 hours, 0.0 minutes, 1.4395501613616943 seconds

Avg epoch train. time: 0.0 hours, 0.0 minutes, 1.4379952430725098 seconds
Avg batch train. time: 0.010651816615351925 seconds
Avg sample train. time: 0.0013314770769189907 seconds
Epoch 26 Training Summary: epoch: 26.000000 | loss: 1.058721 | 
Epoch runtime: 0.0 hours, 0.0 minutes, 1.371783971786499 seconds

Avg epoch train. time: 0.0 hours, 0.0 minutes, 1.4354486557153554 seconds
Avg batch train. time: 0.010632953005298929 seconds
Avg sample train. time: 0.001329119125662366 seconds
Evaluating on validation set ...
Validation runtime: 0.0 hours, 0.0 minutes, 0.04789590835571289 seconds

Avg val. time: 0.0 hours, 0.0 minutes, 0.06217058499654134 seconds
Avg batch val. time: 0.00414470566643609 seconds
Avg sample val. time: 0.0005180882083045112 seconds
Epoch 26 Validation Summary: epoch: 26.000000 | loss: 1.991787 | accuracy: 0.333333 | precision: 0.343959 | 
Epoch 27 Training Summary: epoch: 27.000000 | loss: 1.050646 | 
Epoch runtime: 0.0 hours, 0.0 minutes, 1.4551951885223389 seconds

Avg epoch train. time: 0.0 hours, 0.0 minutes, 1.436180008782281 seconds
Avg batch train. time: 0.010638370435424304 seconds
Avg sample train. time: 0.001329796304428038 seconds
Epoch 28 Training Summary: epoch: 28.000000 | loss: 1.013596 | 
Epoch runtime: 0.0 hours, 0.0 minutes, 1.4110171794891357 seconds

Avg epoch train. time: 0.0 hours, 0.0 minutes, 1.4352813363075256 seconds
Avg batch train. time: 0.010631713602277968 seconds
Avg sample train. time: 0.001328964200284746 seconds
Evaluating on validation set ...
Validation runtime: 0.0 hours, 0.0 minutes, 0.04985666275024414 seconds

Avg val. time: 0.0 hours, 0.0 minutes, 0.061400964856147766 seconds
Avg batch val. time: 0.004093397657076518 seconds
Avg sample val. time: 0.0005116747071345647 seconds
Epoch 28 Validation Summary: epoch: 28.000000 | loss: 2.118035 | accuracy: 0.258333 | precision: 0.254736 | 
Epoch 29 Training Summary: epoch: 29.000000 | loss: 0.929806 | 
Epoch runtime: 0.0 hours, 0.0 minutes, 1.4611320495605469 seconds

Avg epoch train. time: 0.0 hours, 0.0 minutes, 1.4361727402128022 seconds
Avg batch train. time: 0.010638316594168905 seconds
Avg sample train. time: 0.0013297895742711131 seconds
Epoch 30 Training Summary: epoch: 30.000000 | loss: 0.924252 | 
Epoch runtime: 0.0 hours, 0.0 minutes, 1.4625322818756104 seconds

Avg epoch train. time: 0.0 hours, 0.0 minutes, 1.4370513916015626 seconds
Avg batch train. time: 0.010644825122974537 seconds
Avg sample train. time: 0.0013306031403718171 seconds
Evaluating on validation set ...
Validation runtime: 0.0 hours, 0.0 minutes, 0.05201148986816406 seconds

Avg val. time: 0.0 hours, 0.0 minutes, 0.06084864279803108 seconds
Avg batch val. time: 0.004056576186535405 seconds
Avg sample val. time: 0.0005070720233169257 seconds
Epoch 30 Validation Summary: epoch: 30.000000 | loss: 1.960887 | accuracy: 0.291667 | precision: 0.288874 | 
Epoch 31 Training Summary: epoch: 31.000000 | loss: 0.883019 | 
Epoch runtime: 0.0 hours, 0.0 minutes, 1.484299659729004 seconds

Avg epoch train. time: 0.0 hours, 0.0 minutes, 1.4385755292830928 seconds
Avg batch train. time: 0.010656115031726613 seconds
Avg sample train. time: 0.0013320143789658267 seconds
Epoch 32 Training Summary: epoch: 32.000000 | loss: 0.926784 | 
Epoch runtime: 0.0 hours, 0.0 minutes, 1.4177367687225342 seconds

Avg epoch train. time: 0.0 hours, 0.0 minutes, 1.4379243180155754 seconds
Avg batch train. time: 0.010651291244559817 seconds
Avg sample train. time: 0.0013314114055699771 seconds
Evaluating on validation set ...
Validation runtime: 0.0 hours, 0.0 minutes, 0.04683518409729004 seconds

Avg val. time: 0.0 hours, 0.0 minutes, 0.06007011731465658 seconds
Avg batch val. time: 0.0040046744876437715 seconds
Avg sample val. time: 0.0005005843109554714 seconds
Epoch 32 Validation Summary: epoch: 32.000000 | loss: 2.323901 | accuracy: 0.233333 | precision: 0.232345 | 
Epoch 33 Training Summary: epoch: 33.000000 | loss: 0.912485 | 
Epoch runtime: 0.0 hours, 0.0 minutes, 1.3874433040618896 seconds

Avg epoch train. time: 0.0 hours, 0.0 minutes, 1.4363945903200093 seconds
Avg batch train. time: 0.010639959928296364 seconds
Avg sample train. time: 0.0013299949910370455 seconds
Epoch 34 Training Summary: epoch: 34.000000 | loss: 0.917855 | 
Epoch runtime: 0.0 hours, 0.0 minutes, 1.3674893379211426 seconds

Avg epoch train. time: 0.0 hours, 0.0 minutes, 1.4343679652494543 seconds
Avg batch train. time: 0.010624947890736699 seconds
Avg sample train. time: 0.0013281184863420874 seconds
Evaluating on validation set ...
Validation runtime: 0.0 hours, 0.0 minutes, 0.04728341102600098 seconds

Avg val. time: 0.0 hours, 0.0 minutes, 0.059397132773148384 seconds
Avg batch val. time: 0.003959808851543225 seconds
Avg sample val. time: 0.0004949761064429032 seconds
Epoch 34 Validation Summary: epoch: 34.000000 | loss: 2.372126 | accuracy: 0.275000 | precision: 0.273538 | 
Epoch 35 Training Summary: epoch: 35.000000 | loss: 0.883455 | 
Epoch runtime: 0.0 hours, 0.0 minutes, 1.4407086372375488 seconds

Avg epoch train. time: 0.0 hours, 0.0 minutes, 1.434549127306257 seconds
Avg batch train. time: 0.0106262898318982 seconds
Avg sample train. time: 0.001328286228987275 seconds
Epoch 36 Training Summary: epoch: 36.000000 | loss: 0.859108 | 
Epoch runtime: 0.0 hours, 0.0 minutes, 1.4727308750152588 seconds

Avg epoch train. time: 0.0 hours, 0.0 minutes, 1.4356097314092848 seconds
Avg batch train. time: 0.010634146158587295 seconds
Avg sample train. time: 0.0013292682698234119 seconds
Evaluating on validation set ...
Validation runtime: 0.0 hours, 0.0 minutes, 0.05139970779418945 seconds

Avg val. time: 0.0 hours, 0.0 minutes, 0.05899726152420044 seconds
Avg batch val. time: 0.00393315076828003 seconds
Avg sample val. time: 0.0004916438460350037 seconds
Epoch 36 Validation Summary: epoch: 36.000000 | loss: 2.121180 | accuracy: 0.291667 | precision: 0.293206 | 
Epoch 37 Training Summary: epoch: 37.000000 | loss: 0.846577 | 
Epoch runtime: 0.0 hours, 0.0 minutes, 1.3851854801177979 seconds

Avg epoch train. time: 0.0 hours, 0.0 minutes, 1.4342469138068121 seconds
Avg batch train. time: 0.010624051213383794 seconds
Avg sample train. time: 0.0013280064016729742 seconds
Epoch 38 Training Summary: epoch: 38.000000 | loss: 0.813976 | 
Epoch runtime: 0.0 hours, 0.0 minutes, 1.3894004821777344 seconds

Avg epoch train. time: 0.0 hours, 0.0 minutes, 1.4330667445534153 seconds
Avg batch train. time: 0.010615309218914187 seconds
Avg sample train. time: 0.0013269136523642734 seconds
Evaluating on validation set ...
Validation runtime: 0.0 hours, 0.0 minutes, 0.048799991607666016 seconds

Avg val. time: 0.0 hours, 0.0 minutes, 0.0585116772424607 seconds
Avg batch val. time: 0.0039007784828307135 seconds
Avg sample val. time: 0.0004875973103538392 seconds
Epoch 38 Validation Summary: epoch: 38.000000 | loss: 2.236580 | accuracy: 0.258333 | precision: 0.250530 | 
Epoch 39 Training Summary: epoch: 39.000000 | loss: 0.795421 | 
Epoch runtime: 0.0 hours, 0.0 minutes, 1.37058687210083 seconds

Avg epoch train. time: 0.0 hours, 0.0 minutes, 1.4314646965418107 seconds
Avg batch train. time: 0.010603442196606005 seconds
Avg sample train. time: 0.0013254302745757506 seconds
Epoch 40 Training Summary: epoch: 40.000000 | loss: 0.797401 | 
Epoch runtime: 0.0 hours, 0.0 minutes, 1.3585460186004639 seconds

Avg epoch train. time: 0.0 hours, 0.0 minutes, 1.429641729593277 seconds
Avg batch train. time: 0.010589938737727978 seconds
Avg sample train. time: 0.0013237423422159972 seconds
Evaluating on validation set ...
Validation runtime: 0.0 hours, 0.0 minutes, 0.046578168869018555 seconds

Avg val. time: 0.0 hours, 0.0 minutes, 0.05796924504366788 seconds
Avg batch val. time: 0.0038646163362445252 seconds
Avg sample val. time: 0.00048307704203056566 seconds
Epoch 40 Validation Summary: epoch: 40.000000 | loss: 2.333619 | accuracy: 0.316667 | precision: 0.309548 | 
Best accuracy was 0.3333333333333333. Other metrics: OrderedDict([('epoch', 26), ('loss', 1.9917866071065267), ('accuracy', 0.3333333333333333), ('precision', 0.3439587692784624)])
All Done!
Total runtime: 0.0 hours, 1.0 minutes, 9.834714889526367 seconds

