Running:
src/main_crosssetting.py --output_dir experiments --target_user ZeyuZoom --user_othersetting Zeyu --comment classification from Scratch --name VRS_fromScratch --records_file VRS_records.xls --data_dir /mnt/d/OneDrive - Southern Methodist University/Phone_Privacy/input_feature/opticalflow_22_downsample_480p_s22 --test_data_dir /mnt/d/OneDrive - Southern Methodist University/Phone_Privacy/input_feature/all_processpos_norm_downsample_480p_s22 --data_class vrs --val_ratio 0.1 --epochs 40 --lr 0.001 --dropout 0.2 --batch_size 8 --num_layers 3 --num_heads 4 --optimizer RAdam --pos_encoding learnable --task classification --normalization none --key_metric accuracy

Using device: cuda
Loading and preprocessing data ...
67 samples may be used for training
8 samples will be used for validation
0 samples will be used for testing
Creating model ...
Model:
TSTransformerEncoderClassiregressor(
  (project_inp): Linear(in_features=8, out_features=64, bias=True)
  (pos_enc): LearnablePositionalEncoding(
    (dropout): Dropout(p=0.2, inplace=False)
  )
  (transformer_encoder): TransformerEncoder(
    (layers): ModuleList(
      (0-2): 3 x TransformerBatchNormEncoderLayer(
        (self_attn): MultiheadAttention(
          (out_proj): NonDynamicallyQuantizableLinear(in_features=64, out_features=64, bias=True)
        )
        (linear1): Linear(in_features=64, out_features=256, bias=True)
        (dropout): Dropout(p=0.2, inplace=False)
        (linear2): Linear(in_features=256, out_features=64, bias=True)
        (norm1): BatchNorm1d(64, eps=1e-05, momentum=0.1, affine=True, track_running_stats=True)
        (norm2): BatchNorm1d(64, eps=1e-05, momentum=0.1, affine=True, track_running_stats=True)
        (dropout1): Dropout(p=0.2, inplace=False)
        (dropout2): Dropout(p=0.2, inplace=False)
      )
    )
  )
  (dropout1): Dropout(p=0.2, inplace=False)
  (output_layer): Linear(in_features=5120, out_features=5, bias=True)
)
Total number of parameters: 181253
Trainable parameters: 181253
Evaluating on validation set ...
Validation runtime: 0.0 hours, 0.0 minutes, 0.17856836318969727 seconds

Avg val. time: 0.0 hours, 0.0 minutes, 0.17856836318969727 seconds
Avg batch val. time: 0.17856836318969727 seconds
Avg sample val. time: 0.022321045398712158 seconds
Epoch 0 Validation Summary: epoch: 0.000000 | loss: 3.780828 | accuracy: 0.000000 | precision: 0.000000 | 
Starting training...
Epoch 1 Training Summary: epoch: 1.000000 | loss: 1.691707 | 
Epoch runtime: 0.0 hours, 0.0 minutes, 0.2156054973602295 seconds

Avg epoch train. time: 0.0 hours, 0.0 minutes, 0.2156054973602295 seconds
Avg batch train. time: 0.02395616637335883 seconds
Avg sample train. time: 0.003217992497913873 seconds
Evaluating on validation set ...
Validation runtime: 0.0 hours, 0.0 minutes, 0.007275581359863281 seconds

Avg val. time: 0.0 hours, 0.0 minutes, 0.09292197227478027 seconds
Avg batch val. time: 0.09292197227478027 seconds
Avg sample val. time: 0.011615246534347534 seconds
Epoch 1 Validation Summary: epoch: 1.000000 | loss: 1.747776 | accuracy: 0.125000 | precision: 0.066667 | 
Epoch 2 Training Summary: epoch: 2.000000 | loss: 1.728622 | 
Epoch runtime: 0.0 hours, 0.0 minutes, 0.08676004409790039 seconds

Avg epoch train. time: 0.0 hours, 0.0 minutes, 0.15118277072906494 seconds
Avg batch train. time: 0.016798085636562772 seconds
Avg sample train. time: 0.0022564592646129094 seconds
Evaluating on validation set ...
Validation runtime: 0.0 hours, 0.0 minutes, 0.006228923797607422 seconds

Avg val. time: 0.0 hours, 0.0 minutes, 0.06402428944905598 seconds
Avg batch val. time: 0.06402428944905598 seconds
Avg sample val. time: 0.008003036181131998 seconds
Epoch 2 Validation Summary: epoch: 2.000000 | loss: 1.719614 | accuracy: 0.000000 | precision: 0.000000 | 
Epoch 3 Training Summary: epoch: 3.000000 | loss: 1.693009 | 
Epoch runtime: 0.0 hours, 0.0 minutes, 0.08937859535217285 seconds

Avg epoch train. time: 0.0 hours, 0.0 minutes, 0.13058137893676758 seconds
Avg batch train. time: 0.014509042104085287 seconds
Avg sample train. time: 0.0019489758050263819 seconds
Epoch 4 Training Summary: epoch: 4.000000 | loss: 1.573424 | 
Epoch runtime: 0.0 hours, 0.0 minutes, 0.09792661666870117 seconds

Avg epoch train. time: 0.0 hours, 0.0 minutes, 0.12241768836975098 seconds
Avg batch train. time: 0.013601965374416776 seconds
Avg sample train. time: 0.0018271296771604623 seconds
Evaluating on validation set ...
Validation runtime: 0.0 hours, 0.0 minutes, 0.006686210632324219 seconds

Avg val. time: 0.0 hours, 0.0 minutes, 0.04968976974487305 seconds
Avg batch val. time: 0.04968976974487305 seconds
Avg sample val. time: 0.006211221218109131 seconds
Epoch 4 Validation Summary: epoch: 4.000000 | loss: 1.702464 | accuracy: 0.125000 | precision: 0.066667 | 
Epoch 5 Training Summary: epoch: 5.000000 | loss: 1.537667 | 
Epoch runtime: 0.0 hours, 0.0 minutes, 0.10133647918701172 seconds

Avg epoch train. time: 0.0 hours, 0.0 minutes, 0.11820144653320312 seconds
Avg batch train. time: 0.013133494059244792 seconds
Avg sample train. time: 0.0017642006945254197 seconds
Epoch 6 Training Summary: epoch: 6.000000 | loss: 1.452986 | 
Epoch runtime: 0.0 hours, 0.0 minutes, 0.08582210540771484 seconds

Avg epoch train. time: 0.0 hours, 0.0 minutes, 0.11280488967895508 seconds
Avg batch train. time: 0.012533876630995009 seconds
Avg sample train. time: 0.0016836550698351505 seconds
Evaluating on validation set ...
Validation runtime: 0.0 hours, 0.0 minutes, 0.006894350051879883 seconds

Avg val. time: 0.0 hours, 0.0 minutes, 0.041130685806274415 seconds
Avg batch val. time: 0.041130685806274415 seconds
Avg sample val. time: 0.005141335725784302 seconds
Epoch 6 Validation Summary: epoch: 6.000000 | loss: 1.678270 | accuracy: 0.125000 | precision: 0.066667 | 
Epoch 7 Training Summary: epoch: 7.000000 | loss: 1.434775 | 
Epoch runtime: 0.0 hours, 0.0 minutes, 0.08567643165588379 seconds

Avg epoch train. time: 0.0 hours, 0.0 minutes, 0.10892939567565918 seconds
Avg batch train. time: 0.012103266186184354 seconds
Avg sample train. time: 0.0016258118757561072 seconds
Epoch 8 Training Summary: epoch: 8.000000 | loss: 1.394060 | 
Epoch runtime: 0.0 hours, 0.0 minutes, 0.09114217758178711 seconds

Avg epoch train. time: 0.0 hours, 0.0 minutes, 0.10670599341392517 seconds
Avg batch train. time: 0.01185622149043613 seconds
Avg sample train. time: 0.0015926267673720175 seconds
Evaluating on validation set ...
Validation runtime: 0.0 hours, 0.0 minutes, 0.007130622863769531 seconds

Avg val. time: 0.0 hours, 0.0 minutes, 0.03546400864919027 seconds
Avg batch val. time: 0.03546400864919027 seconds
Avg sample val. time: 0.004433001081148784 seconds
Epoch 8 Validation Summary: epoch: 8.000000 | loss: 1.628025 | accuracy: 0.125000 | precision: 0.066667 | 
Epoch 9 Training Summary: epoch: 9.000000 | loss: 1.240928 | 
Epoch runtime: 0.0 hours, 0.0 minutes, 0.08866500854492188 seconds

Avg epoch train. time: 0.0 hours, 0.0 minutes, 0.10470143953959148 seconds
Avg batch train. time: 0.01163349328217683 seconds
Avg sample train. time: 0.0015627080528297236 seconds
Epoch 10 Training Summary: epoch: 10.000000 | loss: 1.247884 | 
Epoch runtime: 0.0 hours, 0.0 minutes, 0.08414530754089355 seconds

Avg epoch train. time: 0.0 hours, 0.0 minutes, 0.10264582633972168 seconds
Avg batch train. time: 0.011405091815524631 seconds
Avg sample train. time: 0.0015320272588018162 seconds
Evaluating on validation set ...
Validation runtime: 0.0 hours, 0.0 minutes, 0.0064275264739990234 seconds

Avg val. time: 0.0 hours, 0.0 minutes, 0.03131593976702009 seconds
Avg batch val. time: 0.03131593976702009 seconds
Avg sample val. time: 0.003914492470877511 seconds
Epoch 10 Validation Summary: epoch: 10.000000 | loss: 1.585905 | accuracy: 0.125000 | precision: 0.166667 | 
Epoch 11 Training Summary: epoch: 11.000000 | loss: 1.125589 | 
Epoch runtime: 0.0 hours, 0.0 minutes, 0.08644890785217285 seconds

Avg epoch train. time: 0.0 hours, 0.0 minutes, 0.10117337920448997 seconds
Avg batch train. time: 0.011241486578276665 seconds
Avg sample train. time: 0.0015100504358879102 seconds
Epoch 12 Training Summary: epoch: 12.000000 | loss: 1.031274 | 
Epoch runtime: 0.0 hours, 0.0 minutes, 0.0808112621307373 seconds

Avg epoch train. time: 0.0 hours, 0.0 minutes, 0.09947653611501057 seconds
Avg batch train. time: 0.011052948457223398 seconds
Avg sample train. time: 0.0014847244196270234 seconds
Evaluating on validation set ...
Validation runtime: 0.0 hours, 0.0 minutes, 0.006331682205200195 seconds

Avg val. time: 0.0 hours, 0.0 minutes, 0.028192907571792603 seconds
Avg batch val. time: 0.028192907571792603 seconds
Avg sample val. time: 0.0035241134464740753 seconds
Epoch 12 Validation Summary: epoch: 12.000000 | loss: 1.551131 | accuracy: 0.125000 | precision: 0.125000 | 
Epoch 13 Training Summary: epoch: 13.000000 | loss: 1.059491 | 
Epoch runtime: 0.0 hours, 0.0 minutes, 0.08705782890319824 seconds

Avg epoch train. time: 0.0 hours, 0.0 minutes, 0.09852125094487117 seconds
Avg batch train. time: 0.010946805660541242 seconds
Avg sample train. time: 0.0014704664320130025 seconds
Epoch 14 Training Summary: epoch: 14.000000 | loss: 1.016492 | 
Epoch runtime: 0.0 hours, 0.0 minutes, 0.09277105331420898 seconds

Avg epoch train. time: 0.0 hours, 0.0 minutes, 0.09811052254268102 seconds
Avg batch train. time: 0.010901169171409002 seconds
Avg sample train. time: 0.001464336157353448 seconds
Evaluating on validation set ...
Validation runtime: 0.0 hours, 0.0 minutes, 0.008756875991821289 seconds

Avg val. time: 0.0 hours, 0.0 minutes, 0.026033348507351346 seconds
Avg batch val. time: 0.026033348507351346 seconds
Avg sample val. time: 0.0032541685634189183 seconds
Epoch 14 Validation Summary: epoch: 14.000000 | loss: 1.487387 | accuracy: 0.125000 | precision: 0.125000 | 
Epoch 15 Training Summary: epoch: 15.000000 | loss: 0.959173 | 
Epoch runtime: 0.0 hours, 0.0 minutes, 0.09000492095947266 seconds

Avg epoch train. time: 0.0 hours, 0.0 minutes, 0.09757014910380045 seconds
Avg batch train. time: 0.01084112767820005 seconds
Avg sample train. time: 0.0014562708821462753 seconds
Epoch 16 Training Summary: epoch: 16.000000 | loss: 0.899833 | 
Epoch runtime: 0.0 hours, 0.0 minutes, 0.08643412590026855 seconds

Avg epoch train. time: 0.0 hours, 0.0 minutes, 0.09687414765357971 seconds
Avg batch train. time: 0.010763794183731079 seconds
Avg sample train. time: 0.0014458828007996973 seconds
Evaluating on validation set ...
Validation runtime: 0.0 hours, 0.0 minutes, 0.006922483444213867 seconds

Avg val. time: 0.0 hours, 0.0 minutes, 0.0241222620010376 seconds
Avg batch val. time: 0.0241222620010376 seconds
Avg sample val. time: 0.0030152827501297 seconds
Epoch 16 Validation Summary: epoch: 16.000000 | loss: 1.488533 | accuracy: 0.250000 | precision: 0.187500 | 
Epoch 17 Training Summary: epoch: 17.000000 | loss: 0.818817 | 
Epoch runtime: 0.0 hours, 0.0 minutes, 0.0909266471862793 seconds

Avg epoch train. time: 0.0 hours, 0.0 minutes, 0.09652429468491498 seconds
Avg batch train. time: 0.01072492163165722 seconds
Avg sample train. time: 0.0014406611147002237 seconds
Epoch 18 Training Summary: epoch: 18.000000 | loss: 0.816755 | 
Epoch runtime: 0.0 hours, 0.0 minutes, 0.0851597785949707 seconds

Avg epoch train. time: 0.0 hours, 0.0 minutes, 0.09589293267991808 seconds
Avg batch train. time: 0.010654770297768675 seconds
Avg sample train. time: 0.0014312378011928071 seconds
Evaluating on validation set ...
Validation runtime: 0.0 hours, 0.0 minutes, 0.0068781375885009766 seconds

Avg val. time: 0.0 hours, 0.0 minutes, 0.02255461432717063 seconds
Avg batch val. time: 0.02255461432717063 seconds
Avg sample val. time: 0.002819326790896329 seconds
Epoch 18 Validation Summary: epoch: 18.000000 | loss: 1.462098 | accuracy: 0.250000 | precision: 0.187500 | 
Epoch 19 Training Summary: epoch: 19.000000 | loss: 0.640292 | 
Epoch runtime: 0.0 hours, 0.0 minutes, 0.08900713920593262 seconds

Avg epoch train. time: 0.0 hours, 0.0 minutes, 0.09553052249707673 seconds
Avg batch train. time: 0.010614502499675193 seconds
Avg sample train. time: 0.00142582869398622 seconds
Epoch 20 Training Summary: epoch: 20.000000 | loss: 0.706978 | 
Epoch runtime: 0.0 hours, 0.0 minutes, 0.09834694862365723 seconds

Avg epoch train. time: 0.0 hours, 0.0 minutes, 0.09567134380340576 seconds
Avg batch train. time: 0.010630149311489529 seconds
Avg sample train. time: 0.0014279305045284442 seconds
Evaluating on validation set ...
Validation runtime: 0.0 hours, 0.0 minutes, 0.007203817367553711 seconds

Avg val. time: 0.0 hours, 0.0 minutes, 0.021275381247202556 seconds
Avg batch val. time: 0.021275381247202556 seconds
Avg sample val. time: 0.0026594226559003196 seconds
Epoch 20 Validation Summary: epoch: 20.000000 | loss: 1.414237 | accuracy: 0.250000 | precision: 0.187500 | 
Epoch 21 Training Summary: epoch: 21.000000 | loss: 0.657707 | 
Epoch runtime: 0.0 hours, 0.0 minutes, 0.09145879745483398 seconds

Avg epoch train. time: 0.0 hours, 0.0 minutes, 0.09547074635823567 seconds
Avg batch train. time: 0.01060786070647063 seconds
Avg sample train. time: 0.0014249365128094877 seconds
Epoch 22 Training Summary: epoch: 22.000000 | loss: 0.538709 | 
Epoch runtime: 0.0 hours, 0.0 minutes, 0.09683108329772949 seconds

Avg epoch train. time: 0.0 hours, 0.0 minutes, 0.0955325798554854 seconds
Avg batch train. time: 0.010614731095053932 seconds
Avg sample train. time: 0.0014258594008281402 seconds
Evaluating on validation set ...
Validation runtime: 0.0 hours, 0.0 minutes, 0.007060050964355469 seconds

Avg val. time: 0.0 hours, 0.0 minutes, 0.020181894302368164 seconds
Avg batch val. time: 0.020181894302368164 seconds
Avg sample val. time: 0.0025227367877960205 seconds
Epoch 22 Validation Summary: epoch: 22.000000 | loss: 1.378457 | accuracy: 0.250000 | precision: 0.187500 | 
Epoch 23 Training Summary: epoch: 23.000000 | loss: 0.504006 | 
Epoch runtime: 0.0 hours, 0.0 minutes, 0.08688950538635254 seconds

Avg epoch train. time: 0.0 hours, 0.0 minutes, 0.09515679400900136 seconds
Avg batch train. time: 0.010572977112111262 seconds
Avg sample train. time: 0.0014202506568507666 seconds
Epoch 24 Training Summary: epoch: 24.000000 | loss: 0.490453 | 
Epoch runtime: 0.0 hours, 0.0 minutes, 0.0939490795135498 seconds

Avg epoch train. time: 0.0 hours, 0.0 minutes, 0.09510647257169087 seconds
Avg batch train. time: 0.010567385841298986 seconds
Avg sample train. time: 0.001419499590622252 seconds
Evaluating on validation set ...
Validation runtime: 0.0 hours, 0.0 minutes, 0.007355690002441406 seconds

Avg val. time: 0.0 hours, 0.0 minutes, 0.019265736852373396 seconds
Avg batch val. time: 0.019265736852373396 seconds
Avg sample val. time: 0.0024082171065466745 seconds
Epoch 24 Validation Summary: epoch: 24.000000 | loss: 1.287333 | accuracy: 0.375000 | precision: 0.300000 | 
Epoch 25 Training Summary: epoch: 25.000000 | loss: 0.438417 | 
Epoch runtime: 0.0 hours, 0.0 minutes, 0.08774805068969727 seconds

Avg epoch train. time: 0.0 hours, 0.0 minutes, 0.09481213569641113 seconds
Avg batch train. time: 0.010534681744045682 seconds
Avg sample train. time: 0.0014151065029315093 seconds
Epoch 26 Training Summary: epoch: 26.000000 | loss: 0.382418 | 
Epoch runtime: 0.0 hours, 0.0 minutes, 0.0879676342010498 seconds

Avg epoch train. time: 0.0 hours, 0.0 minutes, 0.09454888563889724 seconds
Avg batch train. time: 0.010505431737655248 seconds
Avg sample train. time: 0.0014111773975954813 seconds
Evaluating on validation set ...
Validation runtime: 0.0 hours, 0.0 minutes, 0.006793022155761719 seconds

Avg val. time: 0.0 hours, 0.0 minutes, 0.01843422253926595 seconds
Avg batch val. time: 0.01843422253926595 seconds
Avg sample val. time: 0.002304277817408244 seconds
Epoch 26 Validation Summary: epoch: 26.000000 | loss: 1.270623 | accuracy: 0.375000 | precision: 0.333333 | 
Epoch 27 Training Summary: epoch: 27.000000 | loss: 0.346158 | 
Epoch runtime: 0.0 hours, 0.0 minutes, 0.08589339256286621 seconds

Avg epoch train. time: 0.0 hours, 0.0 minutes, 0.09422831182126645 seconds
Avg batch train. time: 0.01046981242458516 seconds
Avg sample train. time: 0.0014063927137502456 seconds
Epoch 28 Training Summary: epoch: 28.000000 | loss: 0.314803 | 
Epoch runtime: 0.0 hours, 0.0 minutes, 0.0874791145324707 seconds

Avg epoch train. time: 0.0 hours, 0.0 minutes, 0.09398726906095232 seconds
Avg batch train. time: 0.01044302989566137 seconds
Avg sample train. time: 0.0014027950606112288 seconds
Evaluating on validation set ...
Validation runtime: 0.0 hours, 0.0 minutes, 0.007263898849487305 seconds

Avg val. time: 0.0 hours, 0.0 minutes, 0.017736077308654785 seconds
Avg batch val. time: 0.017736077308654785 seconds
Avg sample val. time: 0.002217009663581848 seconds
Epoch 28 Validation Summary: epoch: 28.000000 | loss: 1.332830 | accuracy: 0.500000 | precision: 0.625000 | 
Epoch 29 Training Summary: epoch: 29.000000 | loss: 0.360276 | 
Epoch runtime: 0.0 hours, 0.0 minutes, 0.09412384033203125 seconds

Avg epoch train. time: 0.0 hours, 0.0 minutes, 0.09399197841512746 seconds
Avg batch train. time: 0.010443553157236385 seconds
Avg sample train. time: 0.0014028653494795144 seconds
Epoch 30 Training Summary: epoch: 30.000000 | loss: 0.246219 | 
Epoch runtime: 0.0 hours, 0.0 minutes, 0.09282588958740234 seconds

Avg epoch train. time: 0.0 hours, 0.0 minutes, 0.09395310878753663 seconds
Avg batch train. time: 0.010439234309726292 seconds
Avg sample train. time: 0.0014022852057841287 seconds
Evaluating on validation set ...
Validation runtime: 0.0 hours, 0.0 minutes, 0.007379293441772461 seconds

Avg val. time: 0.0 hours, 0.0 minutes, 0.017126854728249943 seconds
Avg batch val. time: 0.017126854728249943 seconds
Avg sample val. time: 0.002140856841031243 seconds
Epoch 30 Validation Summary: epoch: 30.000000 | loss: 1.280212 | accuracy: 0.500000 | precision: 0.708333 | 
Epoch 31 Training Summary: epoch: 31.000000 | loss: 0.227105 | 
Epoch runtime: 0.0 hours, 0.0 minutes, 0.0871729850769043 seconds

Avg epoch train. time: 0.0 hours, 0.0 minutes, 0.09373439511945171 seconds
Avg batch train. time: 0.01041493279105019 seconds
Avg sample train. time: 0.0013990208226783837 seconds
Epoch 32 Training Summary: epoch: 32.000000 | loss: 0.245969 | 
Epoch runtime: 0.0 hours, 0.0 minutes, 0.08632278442382812 seconds

Avg epoch train. time: 0.0 hours, 0.0 minutes, 0.09350278228521347 seconds
Avg batch train. time: 0.010389198031690385 seconds
Avg sample train. time: 0.0013955639147046786 seconds
Evaluating on validation set ...
Validation runtime: 0.0 hours, 0.0 minutes, 0.0068683624267578125 seconds

Avg val. time: 0.0 hours, 0.0 minutes, 0.016556938489278156 seconds
Avg batch val. time: 0.016556938489278156 seconds
Avg sample val. time: 0.0020696173111597695 seconds
Epoch 32 Validation Summary: epoch: 32.000000 | loss: 1.353989 | accuracy: 0.375000 | precision: 0.444444 | 
Epoch 33 Training Summary: epoch: 33.000000 | loss: 0.220378 | 
Epoch runtime: 0.0 hours, 0.0 minutes, 0.08986997604370117 seconds

Avg epoch train. time: 0.0 hours, 0.0 minutes, 0.09339269724759189 seconds
Avg batch train. time: 0.010376966360843544 seconds
Avg sample train. time: 0.00139392085444167 seconds
Epoch 34 Training Summary: epoch: 34.000000 | loss: 0.165739 | 
Epoch runtime: 0.0 hours, 0.0 minutes, 0.08730792999267578 seconds

Avg epoch train. time: 0.0 hours, 0.0 minutes, 0.09321373350480024 seconds
Avg batch train. time: 0.01035708150053336 seconds
Avg sample train. time: 0.0013912497538029886 seconds
Evaluating on validation set ...
Validation runtime: 0.0 hours, 0.0 minutes, 0.006935834884643555 seconds

Avg val. time: 0.0 hours, 0.0 minutes, 0.01605056461535002 seconds
Avg batch val. time: 0.01605056461535002 seconds
Avg sample val. time: 0.0020063205769187526 seconds
Epoch 34 Validation Summary: epoch: 34.000000 | loss: 1.638884 | accuracy: 0.375000 | precision: 0.437500 | 
Epoch 35 Training Summary: epoch: 35.000000 | loss: 0.156152 | 
Epoch runtime: 0.0 hours, 0.0 minutes, 0.08663678169250488 seconds

Avg epoch train. time: 0.0 hours, 0.0 minutes, 0.09302582059587751 seconds
Avg batch train. time: 0.010336202288430834 seconds
Avg sample train. time: 0.00138844508352056 seconds
Epoch 36 Training Summary: epoch: 36.000000 | loss: 0.151621 | 
Epoch runtime: 0.0 hours, 0.0 minutes, 0.09039640426635742 seconds

Avg epoch train. time: 0.0 hours, 0.0 minutes, 0.09295278125339085 seconds
Avg batch train. time: 0.010328086805932316 seconds
Avg sample train. time: 0.0013873549440804604 seconds
Evaluating on validation set ...
Validation runtime: 0.0 hours, 0.0 minutes, 0.007712841033935547 seconds

Avg val. time: 0.0 hours, 0.0 minutes, 0.015633678436279295 seconds
Avg batch val. time: 0.015633678436279295 seconds
Avg sample val. time: 0.001954209804534912 seconds
Epoch 36 Validation Summary: epoch: 36.000000 | loss: 1.652639 | accuracy: 0.375000 | precision: 0.416667 | 
Epoch 37 Training Summary: epoch: 37.000000 | loss: 0.101786 | 
Epoch runtime: 0.0 hours, 0.0 minutes, 0.0882718563079834 seconds

Avg epoch train. time: 0.0 hours, 0.0 minutes, 0.09282626976837983 seconds
Avg batch train. time: 0.010314029974264427 seconds
Avg sample train. time: 0.0013854667129608931 seconds
Epoch 38 Training Summary: epoch: 38.000000 | loss: 0.126217 | 
Epoch runtime: 0.0 hours, 0.0 minutes, 0.08472061157226562 seconds

Avg epoch train. time: 0.0 hours, 0.0 minutes, 0.09261296297374524 seconds
Avg batch train. time: 0.010290329219305026 seconds
Avg sample train. time: 0.0013822830294588843 seconds
Evaluating on validation set ...
Validation runtime: 0.0 hours, 0.0 minutes, 0.0064699649810791016 seconds

Avg val. time: 0.0 hours, 0.0 minutes, 0.015197311128888811 seconds
Avg batch val. time: 0.015197311128888811 seconds
Avg sample val. time: 0.0018996638911111014 seconds
Epoch 38 Validation Summary: epoch: 38.000000 | loss: 1.515696 | accuracy: 0.500000 | precision: 0.625000 | 
Epoch 39 Training Summary: epoch: 39.000000 | loss: 0.105140 | 
Epoch runtime: 0.0 hours, 0.0 minutes, 0.08527088165283203 seconds

Avg epoch train. time: 0.0 hours, 0.0 minutes, 0.09242470447833721 seconds
Avg batch train. time: 0.010269411608704135 seconds
Avg sample train. time: 0.0013794732011692121 seconds
Epoch 40 Training Summary: epoch: 40.000000 | loss: 0.111807 | 
Epoch runtime: 0.0 hours, 0.0 minutes, 0.09412074089050293 seconds

Avg epoch train. time: 0.0 hours, 0.0 minutes, 0.09246710538864136 seconds
Avg batch train. time: 0.01027412282096015 seconds
Avg sample train. time: 0.0013801060505767367 seconds
Evaluating on validation set ...
Validation runtime: 0.0 hours, 0.0 minutes, 0.00656890869140625 seconds

Avg val. time: 0.0 hours, 0.0 minutes, 0.014805111018094149 seconds
Avg batch val. time: 0.014805111018094149 seconds
Avg sample val. time: 0.0018506388772617686 seconds
Epoch 40 Validation Summary: epoch: 40.000000 | loss: 1.898813 | accuracy: 0.250000 | precision: 0.166667 | 
Best accuracy was 0.5. Other metrics: OrderedDict([('epoch', 28), ('loss', 1.3328304290771484), ('accuracy', 0.5), ('precision', 0.625)])
All Done!
Total runtime: 0.0 hours, 0.0 minutes, 6.799882411956787 seconds

