Running:
src/main_crosssetting.py --output_dir experiments --target_user ZeyuZoom --user_othersetting Zeyu --comment classification from Scratch --name VRS_fromScratch --records_file VRS_records.xls --data_dir /mnt/d/OneDrive - Southern Methodist University/Phone_Privacy/input_feature/opticalflow_22_downsample_480p_s22 --test_data_dir /mnt/d/OneDrive - Southern Methodist University/Phone_Privacy/input_feature/opticalflow_22_downsample_480p_s22 --data_class vrs --val_ratio 0.1 --epochs 40 --lr 0.001 --dropout 0.2 --batch_size 8 --num_layers 3 --num_heads 4 --optimizer RAdam --pos_encoding learnable --task classification --normalization none --key_metric accuracy

Using device: cuda
Loading and preprocessing data ...
67 samples may be used for training
8 samples will be used for validation
0 samples will be used for testing
Creating model ...
Model:
TSTransformerEncoderClassiregressor(
  (project_inp): Linear(in_features=8, out_features=64, bias=True)
  (pos_enc): LearnablePositionalEncoding(
    (dropout): Dropout(p=0.2, inplace=False)
  )
  (transformer_encoder): TransformerEncoder(
    (layers): ModuleList(
      (0-2): 3 x TransformerBatchNormEncoderLayer(
        (self_attn): MultiheadAttention(
          (out_proj): NonDynamicallyQuantizableLinear(in_features=64, out_features=64, bias=True)
        )
        (linear1): Linear(in_features=64, out_features=256, bias=True)
        (dropout): Dropout(p=0.2, inplace=False)
        (linear2): Linear(in_features=256, out_features=64, bias=True)
        (norm1): BatchNorm1d(64, eps=1e-05, momentum=0.1, affine=True, track_running_stats=True)
        (norm2): BatchNorm1d(64, eps=1e-05, momentum=0.1, affine=True, track_running_stats=True)
        (dropout1): Dropout(p=0.2, inplace=False)
        (dropout2): Dropout(p=0.2, inplace=False)
      )
    )
  )
  (dropout1): Dropout(p=0.2, inplace=False)
  (output_layer): Linear(in_features=5120, out_features=5, bias=True)
)
Total number of parameters: 181253
Trainable parameters: 181253
Evaluating on validation set ...
Validation runtime: 0.0 hours, 0.0 minutes, 0.1830911636352539 seconds

Avg val. time: 0.0 hours, 0.0 minutes, 0.1830911636352539 seconds
Avg batch val. time: 0.1830911636352539 seconds
Avg sample val. time: 0.02288639545440674 seconds
Epoch 0 Validation Summary: epoch: 0.000000 | loss: 3.277546 | accuracy: 0.125000 | precision: 0.080000 | 
Starting training...
Epoch 1 Training Summary: epoch: 1.000000 | loss: 1.714299 | 
Epoch runtime: 0.0 hours, 0.0 minutes, 0.20497560501098633 seconds

Avg epoch train. time: 0.0 hours, 0.0 minutes, 0.20497560501098633 seconds
Avg batch train. time: 0.022775067223442927 seconds
Avg sample train. time: 0.0030593373882236764 seconds
Evaluating on validation set ...
Validation runtime: 0.0 hours, 0.0 minutes, 0.005985736846923828 seconds

Avg val. time: 0.0 hours, 0.0 minutes, 0.09453845024108887 seconds
Avg batch val. time: 0.09453845024108887 seconds
Avg sample val. time: 0.011817306280136108 seconds
Epoch 1 Validation Summary: epoch: 1.000000 | loss: 1.715916 | accuracy: 0.125000 | precision: 0.047619 | 
Epoch 2 Training Summary: epoch: 2.000000 | loss: 1.677178 | 
Epoch runtime: 0.0 hours, 0.0 minutes, 0.090423583984375 seconds

Avg epoch train. time: 0.0 hours, 0.0 minutes, 0.14769959449768066 seconds
Avg batch train. time: 0.01641106605529785 seconds
Avg sample train. time: 0.0022044715596668757 seconds
Evaluating on validation set ...
Validation runtime: 0.0 hours, 0.0 minutes, 0.0060236454010009766 seconds

Avg val. time: 0.0 hours, 0.0 minutes, 0.0650335152943929 seconds
Avg batch val. time: 0.0650335152943929 seconds
Avg sample val. time: 0.008129189411799112 seconds
Epoch 2 Validation Summary: epoch: 2.000000 | loss: 1.680056 | accuracy: 0.000000 | precision: 0.000000 | 
Epoch 3 Training Summary: epoch: 3.000000 | loss: 1.626046 | 
Epoch runtime: 0.0 hours, 0.0 minutes, 0.07961320877075195 seconds

Avg epoch train. time: 0.0 hours, 0.0 minutes, 0.12500413258870444 seconds
Avg batch train. time: 0.013889348065411604 seconds
Avg sample train. time: 0.0018657333222194693 seconds
Epoch 4 Training Summary: epoch: 4.000000 | loss: 1.656190 | 
Epoch runtime: 0.0 hours, 0.0 minutes, 0.07898187637329102 seconds

Avg epoch train. time: 0.0 hours, 0.0 minutes, 0.11349856853485107 seconds
Avg batch train. time: 0.012610952059427897 seconds
Avg sample train. time: 0.0016940084855947921 seconds
Evaluating on validation set ...
Validation runtime: 0.0 hours, 0.0 minutes, 0.006844997406005859 seconds

Avg val. time: 0.0 hours, 0.0 minutes, 0.05048638582229614 seconds
Avg batch val. time: 0.05048638582229614 seconds
Avg sample val. time: 0.006310798227787018 seconds
Epoch 4 Validation Summary: epoch: 4.000000 | loss: 1.638010 | accuracy: 0.250000 | precision: 0.200000 | 
Epoch 5 Training Summary: epoch: 5.000000 | loss: 1.569061 | 
Epoch runtime: 0.0 hours, 0.0 minutes, 0.08208894729614258 seconds

Avg epoch train. time: 0.0 hours, 0.0 minutes, 0.10721664428710938 seconds
Avg batch train. time: 0.011912960476345486 seconds
Avg sample train. time: 0.0016002484221956624 seconds
Epoch 6 Training Summary: epoch: 6.000000 | loss: 1.477937 | 
Epoch runtime: 0.0 hours, 0.0 minutes, 0.07731318473815918 seconds

Avg epoch train. time: 0.0 hours, 0.0 minutes, 0.10223273436228435 seconds
Avg batch train. time: 0.011359192706920483 seconds
Avg sample train. time: 0.0015258617068997665 seconds
Evaluating on validation set ...
Validation runtime: 0.0 hours, 0.0 minutes, 0.005757808685302734 seconds

Avg val. time: 0.0 hours, 0.0 minutes, 0.041540670394897464 seconds
Avg batch val. time: 0.041540670394897464 seconds
Avg sample val. time: 0.005192583799362183 seconds
Epoch 6 Validation Summary: epoch: 6.000000 | loss: 1.592988 | accuracy: 0.250000 | precision: 0.250000 | 
Epoch 7 Training Summary: epoch: 7.000000 | loss: 1.378919 | 
Epoch runtime: 0.0 hours, 0.0 minutes, 0.08232927322387695 seconds

Avg epoch train. time: 0.0 hours, 0.0 minutes, 0.09938938277108329 seconds
Avg batch train. time: 0.011043264752342588 seconds
Avg sample train. time: 0.0014834236234490044 seconds
Epoch 8 Training Summary: epoch: 8.000000 | loss: 1.348542 | 
Epoch runtime: 0.0 hours, 0.0 minutes, 0.07744216918945312 seconds

Avg epoch train. time: 0.0 hours, 0.0 minutes, 0.09664598107337952 seconds
Avg batch train. time: 0.010738442341486612 seconds
Avg sample train. time: 0.0014424773294534256 seconds
Evaluating on validation set ...
Validation runtime: 0.0 hours, 0.0 minutes, 0.005822658538818359 seconds

Avg val. time: 0.0 hours, 0.0 minutes, 0.03558766841888428 seconds
Avg batch val. time: 0.03558766841888428 seconds
Avg sample val. time: 0.004448458552360535 seconds
Epoch 8 Validation Summary: epoch: 8.000000 | loss: 1.560586 | accuracy: 0.250000 | precision: 0.250000 | 
Epoch 9 Training Summary: epoch: 9.000000 | loss: 1.321169 | 
Epoch runtime: 0.0 hours, 0.0 minutes, 0.08559513092041016 seconds

Avg epoch train. time: 0.0 hours, 0.0 minutes, 0.0954181088341607 seconds
Avg batch train. time: 0.010602012092684522 seconds
Avg sample train. time: 0.0014241508781218015 seconds
Epoch 10 Training Summary: epoch: 10.000000 | loss: 1.263244 | 
Epoch runtime: 0.0 hours, 0.0 minutes, 0.08125066757202148 seconds

Avg epoch train. time: 0.0 hours, 0.0 minutes, 0.09400136470794677 seconds
Avg batch train. time: 0.010444596078660752 seconds
Avg sample train. time: 0.0014030054434021908 seconds
Evaluating on validation set ...
Validation runtime: 0.0 hours, 0.0 minutes, 0.0070073604583740234 seconds

Avg val. time: 0.0 hours, 0.0 minutes, 0.031504767281668525 seconds
Avg batch val. time: 0.031504767281668525 seconds
Avg sample val. time: 0.003938095910208566 seconds
Epoch 10 Validation Summary: epoch: 10.000000 | loss: 1.546169 | accuracy: 0.250000 | precision: 0.250000 | 
Epoch 11 Training Summary: epoch: 11.000000 | loss: 1.182977 | 
Epoch runtime: 0.0 hours, 0.0 minutes, 0.08351969718933105 seconds

Avg epoch train. time: 0.0 hours, 0.0 minutes, 0.09304848584261807 seconds
Avg batch train. time: 0.010338720649179785 seconds
Avg sample train. time: 0.0013887833707853445 seconds
Epoch 12 Training Summary: epoch: 12.000000 | loss: 1.152159 | 
Epoch runtime: 0.0 hours, 0.0 minutes, 0.08256220817565918 seconds

Avg epoch train. time: 0.0 hours, 0.0 minutes, 0.0921746293703715 seconds
Avg batch train. time: 0.010241625485596834 seconds
Avg sample train. time: 0.0013757407368712165 seconds
Evaluating on validation set ...
Validation runtime: 0.0 hours, 0.0 minutes, 0.005896568298339844 seconds

Avg val. time: 0.0 hours, 0.0 minutes, 0.02830374240875244 seconds
Avg batch val. time: 0.02830374240875244 seconds
Avg sample val. time: 0.003537967801094055 seconds
Epoch 12 Validation Summary: epoch: 12.000000 | loss: 1.518112 | accuracy: 0.250000 | precision: 0.333333 | 
Epoch 13 Training Summary: epoch: 13.000000 | loss: 1.078735 | 
Epoch runtime: 0.0 hours, 0.0 minutes, 0.08064770698547363 seconds

Avg epoch train. time: 0.0 hours, 0.0 minutes, 0.09128794303307167 seconds
Avg batch train. time: 0.010143104781452408 seconds
Avg sample train. time: 0.0013625066124339055 seconds
Epoch 14 Training Summary: epoch: 14.000000 | loss: 1.019926 | 
Epoch runtime: 0.0 hours, 0.0 minutes, 0.08300018310546875 seconds

Avg epoch train. time: 0.0 hours, 0.0 minutes, 0.09069596018110003 seconds
Avg batch train. time: 0.010077328909011115 seconds
Avg sample train. time: 0.001353671047479105 seconds
Evaluating on validation set ...
Validation runtime: 0.0 hours, 0.0 minutes, 0.005869388580322266 seconds

Avg val. time: 0.0 hours, 0.0 minutes, 0.025811036427815754 seconds
Avg batch val. time: 0.025811036427815754 seconds
Avg sample val. time: 0.0032263795534769693 seconds
Epoch 14 Validation Summary: epoch: 14.000000 | loss: 1.550060 | accuracy: 0.125000 | precision: 0.200000 | 
Epoch 15 Training Summary: epoch: 15.000000 | loss: 1.010078 | 
Epoch runtime: 0.0 hours, 0.0 minutes, 0.08209347724914551 seconds

Avg epoch train. time: 0.0 hours, 0.0 minutes, 0.09012246131896973 seconds
Avg batch train. time: 0.010013606813218858 seconds
Avg sample train. time: 0.0013451113629696974 seconds
Epoch 16 Training Summary: epoch: 16.000000 | loss: 0.885271 | 
Epoch runtime: 0.0 hours, 0.0 minutes, 0.08254790306091309 seconds

Avg epoch train. time: 0.0 hours, 0.0 minutes, 0.08964905142784119 seconds
Avg batch train. time: 0.009961005714204576 seconds
Avg sample train. time: 0.0013380455436991221 seconds
Evaluating on validation set ...
Validation runtime: 0.0 hours, 0.0 minutes, 0.0072154998779296875 seconds

Avg val. time: 0.0 hours, 0.0 minutes, 0.02395148277282715 seconds
Avg batch val. time: 0.02395148277282715 seconds
Avg sample val. time: 0.0029939353466033936 seconds
Epoch 16 Validation Summary: epoch: 16.000000 | loss: 1.579789 | accuracy: 0.250000 | precision: 0.250000 | 
Epoch 17 Training Summary: epoch: 17.000000 | loss: 0.819449 | 
Epoch runtime: 0.0 hours, 0.0 minutes, 0.09115147590637207 seconds

Avg epoch train. time: 0.0 hours, 0.0 minutes, 0.089737429338343 seconds
Avg batch train. time: 0.009970825482038112 seconds
Avg sample train. time: 0.001339364616990194 seconds
Epoch 18 Training Summary: epoch: 18.000000 | loss: 0.797868 | 
Epoch runtime: 0.0 hours, 0.0 minutes, 0.08821797370910645 seconds

Avg epoch train. time: 0.0 hours, 0.0 minutes, 0.08965301513671875 seconds
Avg batch train. time: 0.009961446126302084 seconds
Avg sample train. time: 0.0013381047035331158 seconds
Evaluating on validation set ...
Validation runtime: 0.0 hours, 0.0 minutes, 0.006270885467529297 seconds

Avg val. time: 0.0 hours, 0.0 minutes, 0.0223441557450728 seconds
Avg batch val. time: 0.0223441557450728 seconds
Avg sample val. time: 0.0027930194681341 seconds
Epoch 18 Validation Summary: epoch: 18.000000 | loss: 1.485004 | accuracy: 0.250000 | precision: 0.250000 | 
Epoch 19 Training Summary: epoch: 19.000000 | loss: 0.714539 | 
Epoch runtime: 0.0 hours, 0.0 minutes, 0.08920502662658691 seconds

Avg epoch train. time: 0.0 hours, 0.0 minutes, 0.08962943679408024 seconds
Avg batch train. time: 0.00995882631045336 seconds
Avg sample train. time: 0.0013377527879713468 seconds
Epoch 20 Training Summary: epoch: 20.000000 | loss: 0.652456 | 
Epoch runtime: 0.0 hours, 0.0 minutes, 0.08965158462524414 seconds

Avg epoch train. time: 0.0 hours, 0.0 minutes, 0.08963054418563843 seconds
Avg batch train. time: 0.009958949353959825 seconds
Avg sample train. time: 0.0013377693162035587 seconds
Evaluating on validation set ...
Validation runtime: 0.0 hours, 0.0 minutes, 0.006168365478515625 seconds

Avg val. time: 0.0 hours, 0.0 minutes, 0.0209961732228597 seconds
Avg batch val. time: 0.0209961732228597 seconds
Avg sample val. time: 0.0026245216528574624 seconds
Epoch 20 Validation Summary: epoch: 20.000000 | loss: 1.446190 | accuracy: 0.250000 | precision: 0.250000 | 
Epoch 21 Training Summary: epoch: 21.000000 | loss: 0.593317 | 
Epoch runtime: 0.0 hours, 0.0 minutes, 0.09568428993225098 seconds

Avg epoch train. time: 0.0 hours, 0.0 minutes, 0.08991881779261998 seconds
Avg batch train. time: 0.009990979754735554 seconds
Avg sample train. time: 0.001342071907352537 seconds
Epoch 22 Training Summary: epoch: 22.000000 | loss: 0.575280 | 
Epoch runtime: 0.0 hours, 0.0 minutes, 0.08288121223449707 seconds

Avg epoch train. time: 0.0 hours, 0.0 minutes, 0.08959892663088712 seconds
Avg batch train. time: 0.00995543629232079 seconds
Avg sample train. time: 0.0013372974124013003 seconds
Evaluating on validation set ...
Validation runtime: 0.0 hours, 0.0 minutes, 0.0056858062744140625 seconds

Avg val. time: 0.0 hours, 0.0 minutes, 0.019818452688363884 seconds
Avg batch val. time: 0.019818452688363884 seconds
Avg sample val. time: 0.0024773065860454854 seconds
Epoch 22 Validation Summary: epoch: 22.000000 | loss: 1.512656 | accuracy: 0.250000 | precision: 0.250000 | 
Epoch 23 Training Summary: epoch: 23.000000 | loss: 0.471334 | 
Epoch runtime: 0.0 hours, 0.0 minutes, 0.07697391510009766 seconds

Avg epoch train. time: 0.0 hours, 0.0 minutes, 0.08905001308607019 seconds
Avg batch train. time: 0.009894445898452243 seconds
Avg sample train. time: 0.0013291046729264208 seconds
Epoch 24 Training Summary: epoch: 24.000000 | loss: 0.454738 | 
Epoch runtime: 0.0 hours, 0.0 minutes, 0.07964658737182617 seconds

Avg epoch train. time: 0.0 hours, 0.0 minutes, 0.08865820368131001 seconds
Avg batch train. time: 0.009850911520145557 seconds
Avg sample train. time: 0.001323256771362836 seconds
Evaluating on validation set ...
Validation runtime: 0.0 hours, 0.0 minutes, 0.005791664123535156 seconds

Avg val. time: 0.0 hours, 0.0 minutes, 0.018816539219447544 seconds
Avg batch val. time: 0.018816539219447544 seconds
Avg sample val. time: 0.002352067402430943 seconds
Epoch 24 Validation Summary: epoch: 24.000000 | loss: 1.427676 | accuracy: 0.375000 | precision: 0.361111 | 
Epoch 25 Training Summary: epoch: 25.000000 | loss: 0.405198 | 
Epoch runtime: 0.0 hours, 0.0 minutes, 0.08010005950927734 seconds

Avg epoch train. time: 0.0 hours, 0.0 minutes, 0.08831587791442871 seconds
Avg batch train. time: 0.009812875323825413 seconds
Avg sample train. time: 0.0013181474315586375 seconds
Epoch 26 Training Summary: epoch: 26.000000 | loss: 0.423646 | 
Epoch runtime: 0.0 hours, 0.0 minutes, 0.08448672294616699 seconds

Avg epoch train. time: 0.0 hours, 0.0 minutes, 0.08816860272334172 seconds
Avg batch train. time: 0.009796511413704636 seconds
Avg sample train. time: 0.0013159492943782345 seconds
Evaluating on validation set ...
Validation runtime: 0.0 hours, 0.0 minutes, 0.006502389907836914 seconds

Avg val. time: 0.0 hours, 0.0 minutes, 0.017995595932006836 seconds
Avg batch val. time: 0.017995595932006836 seconds
Avg sample val. time: 0.0022494494915008545 seconds
Epoch 26 Validation Summary: epoch: 26.000000 | loss: 1.447823 | accuracy: 0.375000 | precision: 0.361111 | 
Epoch 27 Training Summary: epoch: 27.000000 | loss: 0.354685 | 
Epoch runtime: 0.0 hours, 0.0 minutes, 0.07956743240356445 seconds

Avg epoch train. time: 0.0 hours, 0.0 minutes, 0.08785004085964626 seconds
Avg batch train. time: 0.009761115651071807 seconds
Avg sample train. time: 0.0013111946396962128 seconds
Epoch 28 Training Summary: epoch: 28.000000 | loss: 0.288715 | 
Epoch runtime: 0.0 hours, 0.0 minutes, 0.07611584663391113 seconds

Avg epoch train. time: 0.0 hours, 0.0 minutes, 0.08743096249444145 seconds
Avg batch train. time: 0.009714551388271271 seconds
Avg sample train. time: 0.0013049397387230068 seconds
Evaluating on validation set ...
Validation runtime: 0.0 hours, 0.0 minutes, 0.005352497100830078 seconds

Avg val. time: 0.0 hours, 0.0 minutes, 0.01720540225505829 seconds
Avg batch val. time: 0.01720540225505829 seconds
Avg sample val. time: 0.002150675281882286 seconds
Epoch 28 Validation Summary: epoch: 28.000000 | loss: 1.550655 | accuracy: 0.375000 | precision: 0.361111 | 
Epoch 29 Training Summary: epoch: 29.000000 | loss: 0.301433 | 
Epoch runtime: 0.0 hours, 0.0 minutes, 0.07890105247497559 seconds

Avg epoch train. time: 0.0 hours, 0.0 minutes, 0.087136827666184 seconds
Avg batch train. time: 0.009681869740687112 seconds
Avg sample train. time: 0.0013005496666594627 seconds
Epoch 30 Training Summary: epoch: 30.000000 | loss: 0.230121 | 
Epoch runtime: 0.0 hours, 0.0 minutes, 0.07547831535339355 seconds

Avg epoch train. time: 0.0 hours, 0.0 minutes, 0.08674821058909098 seconds
Avg batch train. time: 0.009638690065454553 seconds
Avg sample train. time: 0.0012947494117774773 seconds
Evaluating on validation set ...
Validation runtime: 0.0 hours, 0.0 minutes, 0.006232500076293945 seconds

Avg val. time: 0.0 hours, 0.0 minutes, 0.01655993742101333 seconds
Avg batch val. time: 0.01655993742101333 seconds
Avg sample val. time: 0.002069992177626666 seconds
Epoch 30 Validation Summary: epoch: 30.000000 | loss: 1.523778 | accuracy: 0.250000 | precision: 0.250000 | 
Epoch 31 Training Summary: epoch: 31.000000 | loss: 0.199400 | 
Epoch runtime: 0.0 hours, 0.0 minutes, 0.08360409736633301 seconds

Avg epoch train. time: 0.0 hours, 0.0 minutes, 0.08664678758190524 seconds
Avg batch train. time: 0.009627420842433915 seconds
Avg sample train. time: 0.0012932356355508244 seconds
Epoch 32 Training Summary: epoch: 32.000000 | loss: 0.160299 | 
Epoch runtime: 0.0 hours, 0.0 minutes, 0.07875442504882812 seconds

Avg epoch train. time: 0.0 hours, 0.0 minutes, 0.08640015125274658 seconds
Avg batch train. time: 0.009600016805860732 seconds
Avg sample train. time: 0.0012895544963096505 seconds
Evaluating on validation set ...
Validation runtime: 0.0 hours, 0.0 minutes, 0.005948781967163086 seconds

Avg val. time: 0.0 hours, 0.0 minutes, 0.015970428784688313 seconds
Avg batch val. time: 0.015970428784688313 seconds
Avg sample val. time: 0.001996303598086039 seconds
Epoch 32 Validation Summary: epoch: 32.000000 | loss: 1.926548 | accuracy: 0.375000 | precision: 0.312500 | 
Epoch 33 Training Summary: epoch: 33.000000 | loss: 0.224683 | 
Epoch runtime: 0.0 hours, 0.0 minutes, 0.08418059349060059 seconds

Avg epoch train. time: 0.0 hours, 0.0 minutes, 0.08633289192662094 seconds
Avg batch train. time: 0.009592543547402327 seconds
Avg sample train. time: 0.0012885506257704618 seconds
Epoch 34 Training Summary: epoch: 34.000000 | loss: 0.165488 | 
Epoch runtime: 0.0 hours, 0.0 minutes, 0.07922649383544922 seconds

Avg epoch train. time: 0.0 hours, 0.0 minutes, 0.08612388021805707 seconds
Avg batch train. time: 0.009569320024228563 seconds
Avg sample train. time: 0.0012854310480307025 seconds
Evaluating on validation set ...
Validation runtime: 0.0 hours, 0.0 minutes, 0.005848884582519531 seconds

Avg val. time: 0.0 hours, 0.0 minutes, 0.015437715931942588 seconds
Avg batch val. time: 0.015437715931942588 seconds
Avg sample val. time: 0.0019297144914928236 seconds
Epoch 34 Validation Summary: epoch: 34.000000 | loss: 2.037698 | accuracy: 0.250000 | precision: 0.187500 | 
Epoch 35 Training Summary: epoch: 35.000000 | loss: 0.151364 | 
Epoch runtime: 0.0 hours, 0.0 minutes, 0.0736544132232666 seconds

Avg epoch train. time: 0.0 hours, 0.0 minutes, 0.08576760973249163 seconds
Avg batch train. time: 0.009529734414721292 seconds
Avg sample train. time: 0.00128011357809689 seconds
Epoch 36 Training Summary: epoch: 36.000000 | loss: 0.113141 | 
Epoch runtime: 0.0 hours, 0.0 minutes, 0.07677292823791504 seconds

Avg epoch train. time: 0.0 hours, 0.0 minutes, 0.0855177574687534 seconds
Avg batch train. time: 0.009501973052083711 seconds
Avg sample train. time: 0.0012763844398321403 seconds
Evaluating on validation set ...
Validation runtime: 0.0 hours, 0.0 minutes, 0.006335020065307617 seconds

Avg val. time: 0.0 hours, 0.0 minutes, 0.01498258113861084 seconds
Avg batch val. time: 0.01498258113861084 seconds
Avg sample val. time: 0.001872822642326355 seconds
Epoch 36 Validation Summary: epoch: 36.000000 | loss: 1.958974 | accuracy: 0.250000 | precision: 0.166667 | 
Epoch 37 Training Summary: epoch: 37.000000 | loss: 0.135209 | 
Epoch runtime: 0.0 hours, 0.0 minutes, 0.0774986743927002 seconds

Avg epoch train. time: 0.0 hours, 0.0 minutes, 0.08530102549372492 seconds
Avg batch train. time: 0.009477891721524991 seconds
Avg sample train. time: 0.0012731496342347005 seconds
Epoch 38 Training Summary: epoch: 38.000000 | loss: 0.103327 | 
Epoch runtime: 0.0 hours, 0.0 minutes, 0.08129692077636719 seconds

Avg epoch train. time: 0.0 hours, 0.0 minutes, 0.08519565431695235 seconds
Avg batch train. time: 0.009466183812994706 seconds
Avg sample train. time: 0.0012715769301037663 seconds
Evaluating on validation set ...
Validation runtime: 0.0 hours, 0.0 minutes, 0.0055103302001953125 seconds

Avg val. time: 0.0 hours, 0.0 minutes, 0.014531521570114862 seconds
Avg batch val. time: 0.014531521570114862 seconds
Avg sample val. time: 0.0018164401962643577 seconds
Epoch 38 Validation Summary: epoch: 38.000000 | loss: 1.835120 | accuracy: 0.125000 | precision: 0.125000 | 
Epoch 39 Training Summary: epoch: 39.000000 | loss: 0.086877 | 
Epoch runtime: 0.0 hours, 0.0 minutes, 0.07528424263000488 seconds

Avg epoch train. time: 0.0 hours, 0.0 minutes, 0.08494151555574857 seconds
Avg batch train. time: 0.009437946172860952 seconds
Avg sample train. time: 0.001267783814264904 seconds
Epoch 40 Training Summary: epoch: 40.000000 | loss: 0.082752 | 
Epoch runtime: 0.0 hours, 0.0 minutes, 0.08133959770202637 seconds

Avg epoch train. time: 0.0 hours, 0.0 minutes, 0.08485146760940551 seconds
Avg batch train. time: 0.0094279408454895 seconds
Avg sample train. time: 0.0012664398150657539 seconds
Evaluating on validation set ...
Validation runtime: 0.0 hours, 0.0 minutes, 0.00552678108215332 seconds

Avg val. time: 0.0 hours, 0.0 minutes, 0.01412221518429843 seconds
Avg batch val. time: 0.01412221518429843 seconds
Avg sample val. time: 0.0017652768980373037 seconds
Epoch 40 Validation Summary: epoch: 40.000000 | loss: 2.259504 | accuracy: 0.125000 | precision: 0.041667 | 
Best accuracy was 0.375. Other metrics: OrderedDict([('epoch', 24), ('loss', 1.4276764392852783), ('accuracy', 0.375), ('precision', 0.3611111111111111)])
All Done!
Total runtime: 0.0 hours, 0.0 minutes, 6.148658990859985 seconds

