Running:
src/main_crosssetting.py --output_dir experiments --target_user ZeyuZoom --user_othersetting Zeyu --comment classification from Scratch --name VRS_fromScratch --records_file VRS_records.xls --data_dir /mnt/d/OneDrive - Southern Methodist University/Phone_Privacy/input_feature/all_processpos_norm_downsample_480p_s22 --test_data_dir /mnt/d/OneDrive - Southern Methodist University/Phone_Privacy/input_feature/all_processpos_norm_downsample_480p_s22 --data_class vrs --val_ratio 0.1 --epochs 40 --lr 0.001 --dropout 0.2 --batch_size 8 --num_layers 3 --num_heads 4 --optimizer RAdam --pos_encoding learnable --task classification --normalization none --key_metric accuracy

Using device: cuda
Loading and preprocessing data ...
67 samples may be used for training
8 samples will be used for validation
0 samples will be used for testing
Creating model ...
Model:
TSTransformerEncoderClassiregressor(
  (project_inp): Linear(in_features=39, out_features=64, bias=True)
  (pos_enc): LearnablePositionalEncoding(
    (dropout): Dropout(p=0.2, inplace=False)
  )
  (transformer_encoder): TransformerEncoder(
    (layers): ModuleList(
      (0-2): 3 x TransformerBatchNormEncoderLayer(
        (self_attn): MultiheadAttention(
          (out_proj): NonDynamicallyQuantizableLinear(in_features=64, out_features=64, bias=True)
        )
        (linear1): Linear(in_features=64, out_features=256, bias=True)
        (dropout): Dropout(p=0.2, inplace=False)
        (linear2): Linear(in_features=256, out_features=64, bias=True)
        (norm1): BatchNorm1d(64, eps=1e-05, momentum=0.1, affine=True, track_running_stats=True)
        (norm2): BatchNorm1d(64, eps=1e-05, momentum=0.1, affine=True, track_running_stats=True)
        (dropout1): Dropout(p=0.2, inplace=False)
        (dropout2): Dropout(p=0.2, inplace=False)
      )
    )
  )
  (dropout1): Dropout(p=0.2, inplace=False)
  (output_layer): Linear(in_features=5120, out_features=5, bias=True)
)
Total number of parameters: 183237
Trainable parameters: 183237
Evaluating on validation set ...
Validation runtime: 0.0 hours, 0.0 minutes, 0.22050142288208008 seconds

Avg val. time: 0.0 hours, 0.0 minutes, 0.22050142288208008 seconds
Avg batch val. time: 0.22050142288208008 seconds
Avg sample val. time: 0.02756267786026001 seconds
Epoch 0 Validation Summary: epoch: 0.000000 | loss: 6.507193 | accuracy: 0.250000 | precision: 0.250000 | 
Starting training...
Epoch 1 Training Summary: epoch: 1.000000 | loss: 1.651305 | 
Epoch runtime: 0.0 hours, 0.0 minutes, 0.21590185165405273 seconds

Avg epoch train. time: 0.0 hours, 0.0 minutes, 0.21590185165405273 seconds
Avg batch train. time: 0.023989094628228083 seconds
Avg sample train. time: 0.003222415696329145 seconds
Evaluating on validation set ...
Validation runtime: 0.0 hours, 0.0 minutes, 0.00707244873046875 seconds

Avg val. time: 0.0 hours, 0.0 minutes, 0.11378693580627441 seconds
Avg batch val. time: 0.11378693580627441 seconds
Avg sample val. time: 0.014223366975784302 seconds
Epoch 1 Validation Summary: epoch: 1.000000 | loss: 1.727717 | accuracy: 0.250000 | precision: 0.250000 | 
Epoch 2 Training Summary: epoch: 2.000000 | loss: 1.649465 | 
Epoch runtime: 0.0 hours, 0.0 minutes, 0.0919795036315918 seconds

Avg epoch train. time: 0.0 hours, 0.0 minutes, 0.15394067764282227 seconds
Avg batch train. time: 0.017104519738091364 seconds
Avg sample train. time: 0.0022976220543704817 seconds
Evaluating on validation set ...
Validation runtime: 0.0 hours, 0.0 minutes, 0.006865739822387695 seconds

Avg val. time: 0.0 hours, 0.0 minutes, 0.07814653714497884 seconds
Avg batch val. time: 0.07814653714497884 seconds
Avg sample val. time: 0.009768317143122355 seconds
Epoch 2 Validation Summary: epoch: 2.000000 | loss: 1.603799 | accuracy: 0.250000 | precision: 0.250000 | 
Epoch 3 Training Summary: epoch: 3.000000 | loss: 1.571490 | 
Epoch runtime: 0.0 hours, 0.0 minutes, 0.08898115158081055 seconds

Avg epoch train. time: 0.0 hours, 0.0 minutes, 0.13228750228881836 seconds
Avg batch train. time: 0.014698611365424262 seconds
Avg sample train. time: 0.0019744403326689306 seconds
Epoch 4 Training Summary: epoch: 4.000000 | loss: 1.686333 | 
Epoch runtime: 0.0 hours, 0.0 minutes, 0.08730769157409668 seconds

Avg epoch train. time: 0.0 hours, 0.0 minutes, 0.12104254961013794 seconds
Avg batch train. time: 0.013449172178904215 seconds
Avg sample train. time: 0.0018066052180617602 seconds
Evaluating on validation set ...
Validation runtime: 0.0 hours, 0.0 minutes, 0.0066127777099609375 seconds

Avg val. time: 0.0 hours, 0.0 minutes, 0.060263097286224365 seconds
Avg batch val. time: 0.060263097286224365 seconds
Avg sample val. time: 0.007532887160778046 seconds
Epoch 4 Validation Summary: epoch: 4.000000 | loss: 1.567132 | accuracy: 0.125000 | precision: 0.125000 | 
Epoch 5 Training Summary: epoch: 5.000000 | loss: 1.644498 | 
Epoch runtime: 0.0 hours, 0.0 minutes, 0.08720946311950684 seconds

Avg epoch train. time: 0.0 hours, 0.0 minutes, 0.11427593231201172 seconds
Avg batch train. time: 0.012697325812445747 seconds
Avg sample train. time: 0.0017056109300300256 seconds
Epoch 6 Training Summary: epoch: 6.000000 | loss: 1.609678 | 
Epoch runtime: 0.0 hours, 0.0 minutes, 0.08493304252624512 seconds

Avg epoch train. time: 0.0 hours, 0.0 minutes, 0.10938545068105061 seconds
Avg batch train. time: 0.012153938964561179 seconds
Avg sample train. time: 0.0016326186668813524 seconds
Evaluating on validation set ...
Validation runtime: 0.0 hours, 0.0 minutes, 0.006509304046630859 seconds

Avg val. time: 0.0 hours, 0.0 minutes, 0.04951233863830566 seconds
Avg batch val. time: 0.04951233863830566 seconds
Avg sample val. time: 0.006189042329788208 seconds
Epoch 6 Validation Summary: epoch: 6.000000 | loss: 1.528399 | accuracy: 0.250000 | precision: 0.388889 | 
Epoch 7 Training Summary: epoch: 7.000000 | loss: 1.579535 | 
Epoch runtime: 0.0 hours, 0.0 minutes, 0.0884404182434082 seconds

Avg epoch train. time: 0.0 hours, 0.0 minutes, 0.10639330318995885 seconds
Avg batch train. time: 0.01182147813221765 seconds
Avg sample train. time: 0.0015879597491038635 seconds
Epoch 8 Training Summary: epoch: 8.000000 | loss: 1.507694 | 
Epoch runtime: 0.0 hours, 0.0 minutes, 0.08690333366394043 seconds

Avg epoch train. time: 0.0 hours, 0.0 minutes, 0.10395705699920654 seconds
Avg batch train. time: 0.01155078411102295 seconds
Avg sample train. time: 0.001551597865659799 seconds
Evaluating on validation set ...
Validation runtime: 0.0 hours, 0.0 minutes, 0.006701231002807617 seconds

Avg val. time: 0.0 hours, 0.0 minutes, 0.04237715403238932 seconds
Avg batch val. time: 0.04237715403238932 seconds
Avg sample val. time: 0.005297144254048665 seconds
Epoch 8 Validation Summary: epoch: 8.000000 | loss: 1.482004 | accuracy: 0.500000 | precision: 0.533333 | 
Epoch 9 Training Summary: epoch: 9.000000 | loss: 1.495275 | 
Epoch runtime: 0.0 hours, 0.0 minutes, 0.08376288414001465 seconds

Avg epoch train. time: 0.0 hours, 0.0 minutes, 0.10171326001485188 seconds
Avg batch train. time: 0.011301473334983542 seconds
Avg sample train. time: 0.001518108358430625 seconds
Epoch 10 Training Summary: epoch: 10.000000 | loss: 1.470560 | 
Epoch runtime: 0.0 hours, 0.0 minutes, 0.08139777183532715 seconds

Avg epoch train. time: 0.0 hours, 0.0 minutes, 0.09968171119689942 seconds
Avg batch train. time: 0.01107574568854438 seconds
Avg sample train. time: 0.001487786734282081 seconds
Evaluating on validation set ...
Validation runtime: 0.0 hours, 0.0 minutes, 0.006255149841308594 seconds

Avg val. time: 0.0 hours, 0.0 minutes, 0.03721686771937779 seconds
Avg batch val. time: 0.03721686771937779 seconds
Avg sample val. time: 0.004652108464922223 seconds
Epoch 10 Validation Summary: epoch: 10.000000 | loss: 1.436784 | accuracy: 0.500000 | precision: 0.404762 | 
Epoch 11 Training Summary: epoch: 11.000000 | loss: 1.423267 | 
Epoch runtime: 0.0 hours, 0.0 minutes, 0.0900275707244873 seconds

Avg epoch train. time: 0.0 hours, 0.0 minutes, 0.09880406206304376 seconds
Avg batch train. time: 0.010978229118115974 seconds
Avg sample train. time: 0.0014746874934782651 seconds
Epoch 12 Training Summary: epoch: 12.000000 | loss: 1.429472 | 
Epoch runtime: 0.0 hours, 0.0 minutes, 0.0824739933013916 seconds

Avg epoch train. time: 0.0 hours, 0.0 minutes, 0.09744322299957275 seconds
Avg batch train. time: 0.010827024777730307 seconds
Avg sample train. time: 0.0014543764626801904 seconds
Evaluating on validation set ...
Validation runtime: 0.0 hours, 0.0 minutes, 0.006500244140625 seconds

Avg val. time: 0.0 hours, 0.0 minutes, 0.03337728977203369 seconds
Avg batch val. time: 0.03337728977203369 seconds
Avg sample val. time: 0.004172161221504211 seconds
Epoch 12 Validation Summary: epoch: 12.000000 | loss: 1.378220 | accuracy: 0.500000 | precision: 0.404762 | 
Epoch 13 Training Summary: epoch: 13.000000 | loss: 1.355185 | 
Epoch runtime: 0.0 hours, 0.0 minutes, 0.08359980583190918 seconds

Avg epoch train. time: 0.0 hours, 0.0 minutes, 0.09637834475590633 seconds
Avg batch train. time: 0.01070870497287848 seconds
Avg sample train. time: 0.0014384827575508407 seconds
Epoch 14 Training Summary: epoch: 14.000000 | loss: 1.377965 | 
Epoch runtime: 0.0 hours, 0.0 minutes, 0.08376860618591309 seconds

Avg epoch train. time: 0.0 hours, 0.0 minutes, 0.09547764914376396 seconds
Avg batch train. time: 0.01060862768264044 seconds
Avg sample train. time: 0.0014250395394591634 seconds
Evaluating on validation set ...
Validation runtime: 0.0 hours, 0.0 minutes, 0.0070743560791015625 seconds

Avg val. time: 0.0 hours, 0.0 minutes, 0.03045474158393012 seconds
Avg batch val. time: 0.03045474158393012 seconds
Avg sample val. time: 0.003806842697991265 seconds
Epoch 14 Validation Summary: epoch: 14.000000 | loss: 1.304242 | accuracy: 0.500000 | precision: 0.428571 | 
Epoch 15 Training Summary: epoch: 15.000000 | loss: 1.261623 | 
Epoch runtime: 0.0 hours, 0.0 minutes, 0.09257721900939941 seconds

Avg epoch train. time: 0.0 hours, 0.0 minutes, 0.09528428713480631 seconds
Avg batch train. time: 0.010587143014978479 seconds
Avg sample train. time: 0.0014221535393254673 seconds
Epoch 16 Training Summary: epoch: 16.000000 | loss: 1.154456 | 
Epoch runtime: 0.0 hours, 0.0 minutes, 0.09212303161621094 seconds

Avg epoch train. time: 0.0 hours, 0.0 minutes, 0.0950867086648941 seconds
Avg batch train. time: 0.0105651898516549 seconds
Avg sample train. time: 0.001419204606938718 seconds
Evaluating on validation set ...
Validation runtime: 0.0 hours, 0.0 minutes, 0.0064542293548583984 seconds

Avg val. time: 0.0 hours, 0.0 minutes, 0.028054690361022948 seconds
Avg batch val. time: 0.028054690361022948 seconds
Avg sample val. time: 0.0035068362951278685 seconds
Epoch 16 Validation Summary: epoch: 16.000000 | loss: 1.270242 | accuracy: 0.500000 | precision: 0.428571 | 
Epoch 17 Training Summary: epoch: 17.000000 | loss: 1.174328 | 
Epoch runtime: 0.0 hours, 0.0 minutes, 0.09155154228210449 seconds

Avg epoch train. time: 0.0 hours, 0.0 minutes, 0.09487875770120059 seconds
Avg batch train. time: 0.010542084189022288 seconds
Avg sample train. time: 0.0014161008612119492 seconds
Epoch 18 Training Summary: epoch: 18.000000 | loss: 1.119724 | 
Epoch runtime: 0.0 hours, 0.0 minutes, 0.08980703353881836 seconds

Avg epoch train. time: 0.0 hours, 0.0 minutes, 0.09459699524773492 seconds
Avg batch train. time: 0.010510777249748325 seconds
Avg sample train. time: 0.0014118954514587302 seconds
Evaluating on validation set ...
Validation runtime: 0.0 hours, 0.0 minutes, 0.006889820098876953 seconds

Avg val. time: 0.0 hours, 0.0 minutes, 0.026130611246282406 seconds
Avg batch val. time: 0.026130611246282406 seconds
Avg sample val. time: 0.0032663264057853007 seconds
Epoch 18 Validation Summary: epoch: 18.000000 | loss: 1.214738 | accuracy: 0.500000 | precision: 0.428571 | 
Epoch 19 Training Summary: epoch: 19.000000 | loss: 1.038371 | 
Epoch runtime: 0.0 hours, 0.0 minutes, 0.0866239070892334 seconds

Avg epoch train. time: 0.0 hours, 0.0 minutes, 0.09417735902886641 seconds
Avg batch train. time: 0.010464151003207378 seconds
Avg sample train. time: 0.001405632224311439 seconds
Epoch 20 Training Summary: epoch: 20.000000 | loss: 1.039374 | 
Epoch runtime: 0.0 hours, 0.0 minutes, 0.09140133857727051 seconds

Avg epoch train. time: 0.0 hours, 0.0 minutes, 0.09403855800628662 seconds
Avg batch train. time: 0.01044872866736518 seconds
Avg sample train. time: 0.0014035605672580093 seconds
Evaluating on validation set ...
Validation runtime: 0.0 hours, 0.0 minutes, 0.0068891048431396484 seconds

Avg val. time: 0.0 hours, 0.0 minutes, 0.02452715237935384 seconds
Avg batch val. time: 0.02452715237935384 seconds
Avg sample val. time: 0.00306589404741923 seconds
Epoch 20 Validation Summary: epoch: 20.000000 | loss: 1.332104 | accuracy: 0.250000 | precision: 0.380952 | 
Epoch 21 Training Summary: epoch: 21.000000 | loss: 0.883532 | 
Epoch runtime: 0.0 hours, 0.0 minutes, 0.08739161491394043 seconds

Avg epoch train. time: 0.0 hours, 0.0 minutes, 0.09372203690665108 seconds
Avg batch train. time: 0.010413559656294565 seconds
Avg sample train. time: 0.001398836371741061 seconds
Epoch 22 Training Summary: epoch: 22.000000 | loss: 0.903937 | 
Epoch runtime: 0.0 hours, 0.0 minutes, 0.08910369873046875 seconds

Avg epoch train. time: 0.0 hours, 0.0 minutes, 0.09351211244409735 seconds
Avg batch train. time: 0.010390234716010817 seconds
Avg sample train. time: 0.0013957031708074232 seconds
Evaluating on validation set ...
Validation runtime: 0.0 hours, 0.0 minutes, 0.008225202560424805 seconds

Avg val. time: 0.0 hours, 0.0 minutes, 0.023273156239436224 seconds
Avg batch val. time: 0.023273156239436224 seconds
Avg sample val. time: 0.002909144529929528 seconds
Epoch 22 Validation Summary: epoch: 22.000000 | loss: 1.439171 | accuracy: 0.125000 | precision: 0.133333 | 
Epoch 23 Training Summary: epoch: 23.000000 | loss: 0.892763 | 
Epoch runtime: 0.0 hours, 0.0 minutes, 0.09495043754577637 seconds

Avg epoch train. time: 0.0 hours, 0.0 minutes, 0.09357464831808339 seconds
Avg batch train. time: 0.01039718314645371 seconds
Avg sample train. time: 0.0013966365420609462 seconds
Epoch 24 Training Summary: epoch: 24.000000 | loss: 0.802789 | 
Epoch runtime: 0.0 hours, 0.0 minutes, 0.09042692184448242 seconds

Avg epoch train. time: 0.0 hours, 0.0 minutes, 0.09344349304835002 seconds
Avg batch train. time: 0.010382610338705557 seconds
Avg sample train. time: 0.0013946790007216422 seconds
Evaluating on validation set ...
Validation runtime: 0.0 hours, 0.0 minutes, 0.0075075626373291016 seconds

Avg val. time: 0.0 hours, 0.0 minutes, 0.022147042410714284 seconds
Avg batch val. time: 0.022147042410714284 seconds
Avg sample val. time: 0.0027683803013392855 seconds
Epoch 24 Validation Summary: epoch: 24.000000 | loss: 1.347347 | accuracy: 0.375000 | precision: 0.452381 | 
Epoch 25 Training Summary: epoch: 25.000000 | loss: 0.688460 | 
Epoch runtime: 0.0 hours, 0.0 minutes, 0.09274482727050781 seconds

Avg epoch train. time: 0.0 hours, 0.0 minutes, 0.09341554641723633 seconds
Avg batch train. time: 0.010379505157470704 seconds
Avg sample train. time: 0.0013942618868244229 seconds
Epoch 26 Training Summary: epoch: 26.000000 | loss: 0.682469 | 
Epoch runtime: 0.0 hours, 0.0 minutes, 0.09596586227416992 seconds

Avg epoch train. time: 0.0 hours, 0.0 minutes, 0.09351363548865685 seconds
Avg batch train. time: 0.010390403943184095 seconds
Avg sample train. time: 0.001395725902815774 seconds
Evaluating on validation set ...
Validation runtime: 0.0 hours, 0.0 minutes, 0.00713038444519043 seconds

Avg val. time: 0.0 hours, 0.0 minutes, 0.02114593187967936 seconds
Avg batch val. time: 0.02114593187967936 seconds
Avg sample val. time: 0.00264324148495992 seconds
Epoch 26 Validation Summary: epoch: 26.000000 | loss: 1.425699 | accuracy: 0.375000 | precision: 0.452381 | 
Epoch 27 Training Summary: epoch: 27.000000 | loss: 0.759908 | 
Epoch runtime: 0.0 hours, 0.0 minutes, 0.09907865524291992 seconds

Avg epoch train. time: 0.0 hours, 0.0 minutes, 0.09371974733140734 seconds
Avg batch train. time: 0.01041330525904526 seconds
Avg sample train. time: 0.001398802198976229 seconds
Epoch 28 Training Summary: epoch: 28.000000 | loss: 0.685075 | 
Epoch runtime: 0.0 hours, 0.0 minutes, 0.08850836753845215 seconds

Avg epoch train. time: 0.0 hours, 0.0 minutes, 0.09353362662451607 seconds
Avg batch train. time: 0.010392625180501786 seconds
Avg sample train. time: 0.0013960242779778517 seconds
Evaluating on validation set ...
Validation runtime: 0.0 hours, 0.0 minutes, 0.006916046142578125 seconds

Avg val. time: 0.0 hours, 0.0 minutes, 0.020256564021110535 seconds
Avg batch val. time: 0.020256564021110535 seconds
Avg sample val. time: 0.002532070502638817 seconds
Epoch 28 Validation Summary: epoch: 28.000000 | loss: 1.355402 | accuracy: 0.500000 | precision: 0.520833 | 
Epoch 29 Training Summary: epoch: 29.000000 | loss: 0.594832 | 
Epoch runtime: 0.0 hours, 0.0 minutes, 0.09540748596191406 seconds

Avg epoch train. time: 0.0 hours, 0.0 minutes, 0.0935982424637367 seconds
Avg batch train. time: 0.010399804718192967 seconds
Avg sample train. time: 0.0013969886934886075 seconds
Epoch 30 Training Summary: epoch: 30.000000 | loss: 0.560538 | 
Epoch runtime: 0.0 hours, 0.0 minutes, 0.08557248115539551 seconds

Avg epoch train. time: 0.0 hours, 0.0 minutes, 0.093330717086792 seconds
Avg batch train. time: 0.010370079676310222 seconds
Avg sample train. time: 0.0013929957774148059 seconds
Evaluating on validation set ...
Validation runtime: 0.0 hours, 0.0 minutes, 0.006998538970947266 seconds

Avg val. time: 0.0 hours, 0.0 minutes, 0.019476680194630343 seconds
Avg batch val. time: 0.019476680194630343 seconds
Avg sample val. time: 0.002434585024328793 seconds
Epoch 30 Validation Summary: epoch: 30.000000 | loss: 1.447639 | accuracy: 0.250000 | precision: 0.200000 | 
Epoch 31 Training Summary: epoch: 31.000000 | loss: 0.568906 | 
Epoch runtime: 0.0 hours, 0.0 minutes, 0.0939474105834961 seconds

Avg epoch train. time: 0.0 hours, 0.0 minutes, 0.09335061042539534 seconds
Avg batch train. time: 0.010372290047266149 seconds
Avg sample train. time: 0.0013932926929163484 seconds
Epoch 32 Training Summary: epoch: 32.000000 | loss: 0.448329 | 
Epoch runtime: 0.0 hours, 0.0 minutes, 0.08507585525512695 seconds

Avg epoch train. time: 0.0 hours, 0.0 minutes, 0.09309202432632446 seconds
Avg batch train. time: 0.010343558258480497 seconds
Avg sample train. time: 0.0013894331989003652 seconds
Evaluating on validation set ...
Validation runtime: 0.0 hours, 0.0 minutes, 0.007586240768432617 seconds

Avg val. time: 0.0 hours, 0.0 minutes, 0.018816100226508245 seconds
Avg batch val. time: 0.018816100226508245 seconds
Avg sample val. time: 0.0023520125283135306 seconds
Epoch 32 Validation Summary: epoch: 32.000000 | loss: 1.406473 | accuracy: 0.375000 | precision: 0.452381 | 
Epoch 33 Training Summary: epoch: 33.000000 | loss: 0.388449 | 
Epoch runtime: 0.0 hours, 0.0 minutes, 0.09814453125 seconds

Avg epoch train. time: 0.0 hours, 0.0 minutes, 0.09324513059673888 seconds
Avg batch train. time: 0.01036057006630432 seconds
Avg sample train. time: 0.0013917183671155057 seconds
Epoch 34 Training Summary: epoch: 34.000000 | loss: 0.435476 | 
Epoch runtime: 0.0 hours, 0.0 minutes, 0.09058809280395508 seconds

Avg epoch train. time: 0.0 hours, 0.0 minutes, 0.09316698242636288 seconds
Avg batch train. time: 0.010351886936262543 seconds
Avg sample train. time: 0.0013905519765128789 seconds
Evaluating on validation set ...
Validation runtime: 0.0 hours, 0.0 minutes, 0.0066738128662109375 seconds

Avg val. time: 0.0 hours, 0.0 minutes, 0.018177032470703125 seconds
Avg batch val. time: 0.018177032470703125 seconds
Avg sample val. time: 0.0022721290588378906 seconds
Epoch 34 Validation Summary: epoch: 34.000000 | loss: 1.412791 | accuracy: 0.500000 | precision: 0.520833 | 
Epoch 35 Training Summary: epoch: 35.000000 | loss: 0.357414 | 
Epoch runtime: 0.0 hours, 0.0 minutes, 0.09653234481811523 seconds

Avg epoch train. time: 0.0 hours, 0.0 minutes, 0.0932631356375558 seconds
Avg batch train. time: 0.010362570626395088 seconds
Avg sample train. time: 0.001391987099067997 seconds
Epoch 36 Training Summary: epoch: 36.000000 | loss: 0.364381 | 
Epoch runtime: 0.0 hours, 0.0 minutes, 0.09112215042114258 seconds

Avg epoch train. time: 0.0 hours, 0.0 minutes, 0.09320366382598877 seconds
Avg batch train. time: 0.010355962647332085 seconds
Avg sample train. time: 0.0013910994600893846 seconds
Evaluating on validation set ...
Validation runtime: 0.0 hours, 0.0 minutes, 0.006670236587524414 seconds

Avg val. time: 0.0 hours, 0.0 minutes, 0.01760169267654419 seconds
Avg batch val. time: 0.01760169267654419 seconds
Avg sample val. time: 0.002200211584568024 seconds
Epoch 36 Validation Summary: epoch: 36.000000 | loss: 1.406443 | accuracy: 0.500000 | precision: 0.520833 | 
Epoch 37 Training Summary: epoch: 37.000000 | loss: 0.268115 | 
Epoch runtime: 0.0 hours, 0.0 minutes, 0.0942680835723877 seconds

Avg epoch train. time: 0.0 hours, 0.0 minutes, 0.0932324319272428 seconds
Avg batch train. time: 0.010359159103026977 seconds
Avg sample train. time: 0.001391528834734967 seconds
Epoch 38 Training Summary: epoch: 38.000000 | loss: 0.316518 | 
Epoch runtime: 0.0 hours, 0.0 minutes, 0.08893132209777832 seconds

Avg epoch train. time: 0.0 hours, 0.0 minutes, 0.09311924482646741 seconds
Avg batch train. time: 0.010346582758496379 seconds
Avg sample train. time: 0.0013898394750219017 seconds
Evaluating on validation set ...
Validation runtime: 0.0 hours, 0.0 minutes, 0.006780862808227539 seconds

Avg val. time: 0.0 hours, 0.0 minutes, 0.017086415063767207 seconds
Avg batch val. time: 0.017086415063767207 seconds
Avg sample val. time: 0.002135801882970901 seconds
Epoch 38 Validation Summary: epoch: 38.000000 | loss: 1.356299 | accuracy: 0.500000 | precision: 0.523810 | 
Epoch 39 Training Summary: epoch: 39.000000 | loss: 0.276480 | 
Epoch runtime: 0.0 hours, 0.0 minutes, 0.0981760025024414 seconds

Avg epoch train. time: 0.0 hours, 0.0 minutes, 0.09324890527969752 seconds
Avg batch train. time: 0.010360989475521947 seconds
Avg sample train. time: 0.0013917747056671273 seconds
Epoch 40 Training Summary: epoch: 40.000000 | loss: 0.285501 | 
Epoch runtime: 0.0 hours, 0.0 minutes, 0.09081292152404785 seconds

Avg epoch train. time: 0.0 hours, 0.0 minutes, 0.09318800568580628 seconds
Avg batch train. time: 0.010354222853978474 seconds
Avg sample train. time: 0.0013908657565045713 seconds
Evaluating on validation set ...
Validation runtime: 0.0 hours, 0.0 minutes, 0.006908416748046875 seconds

Avg val. time: 0.0 hours, 0.0 minutes, 0.01662377877668901 seconds
Avg batch val. time: 0.01662377877668901 seconds
Avg sample val. time: 0.0020779723470861263 seconds
Epoch 40 Validation Summary: epoch: 40.000000 | loss: 1.373672 | accuracy: 0.500000 | precision: 0.500000 | 
Best accuracy was 0.5. Other metrics: OrderedDict([('epoch', 8), ('loss', 1.482004165649414), ('accuracy', 0.5), ('precision', 0.5333333333333333)])
All Done!
Total runtime: 0.0 hours, 0.0 minutes, 6.986981630325317 seconds

