Running:
src/main_5q.py --output_dir experiments --comment classification from Scratch --name VRS_fromScratch --records_file VRS_records.xls --data_dir /mnt/d/OneDrive - Southern Methodist University/Phone_Privacy/input_feature/opticalflow_22_downsample_480p_s22 --data_class vrs --val_ratio 0.1 --epochs 40 --lr 0.001 --dropout 0.2 --batch_size 8 --num_layers 3 --num_heads 4 --optimizer RAdam --pos_encoding learnable --task classification --normalization none --key_metric accuracy

Using device: cuda
Loading and preprocessing data ...
339 samples may be used for training
38 samples will be used for validation
0 samples will be used for testing
Creating model ...
Model:
TSTransformerEncoderClassiregressor(
  (project_inp): Linear(in_features=8, out_features=64, bias=True)
  (pos_enc): LearnablePositionalEncoding(
    (dropout): Dropout(p=0.2, inplace=False)
  )
  (transformer_encoder): TransformerEncoder(
    (layers): ModuleList(
      (0-2): 3 x TransformerBatchNormEncoderLayer(
        (self_attn): MultiheadAttention(
          (out_proj): NonDynamicallyQuantizableLinear(in_features=64, out_features=64, bias=True)
        )
        (linear1): Linear(in_features=64, out_features=256, bias=True)
        (dropout): Dropout(p=0.2, inplace=False)
        (linear2): Linear(in_features=256, out_features=64, bias=True)
        (norm1): BatchNorm1d(64, eps=1e-05, momentum=0.1, affine=True, track_running_stats=True)
        (norm2): BatchNorm1d(64, eps=1e-05, momentum=0.1, affine=True, track_running_stats=True)
        (dropout1): Dropout(p=0.2, inplace=False)
        (dropout2): Dropout(p=0.2, inplace=False)
      )
    )
  )
  (dropout1): Dropout(p=0.2, inplace=False)
  (output_layer): Linear(in_features=5120, out_features=5, bias=True)
)
Total number of parameters: 181253
Trainable parameters: 181253
Evaluating on validation set ...
Validation runtime: 0.0 hours, 0.0 minutes, 0.22472548484802246 seconds

Avg val. time: 0.0 hours, 0.0 minutes, 0.22472548484802246 seconds
Avg batch val. time: 0.04494509696960449 seconds
Avg sample val. time: 0.00591382854863217 seconds
Epoch 0 Validation Summary: epoch: 0.000000 | loss: 4.675939 | accuracy: 0.157895 | precision: 0.124444 | 
Starting training...
Epoch 1 Training Summary: epoch: 1.000000 | loss: 1.615977 | 
Epoch runtime: 0.0 hours, 0.0 minutes, 0.6825408935546875 seconds

Avg epoch train. time: 0.0 hours, 0.0 minutes, 0.6825408935546875 seconds
Avg batch train. time: 0.015873044036155522 seconds
Avg sample train. time: 0.002013394966238016 seconds
Evaluating on validation set ...
Validation runtime: 0.0 hours, 0.0 minutes, 0.0295107364654541 seconds

Avg val. time: 0.0 hours, 0.0 minutes, 0.12711811065673828 seconds
Avg batch val. time: 0.025423622131347655 seconds
Avg sample val. time: 0.003345213438335218 seconds
Epoch 1 Validation Summary: epoch: 1.000000 | loss: 1.580983 | accuracy: 0.289474 | precision: 0.317460 | 
Epoch 2 Training Summary: epoch: 2.000000 | loss: 1.574664 | 
Epoch runtime: 0.0 hours, 0.0 minutes, 0.4641695022583008 seconds

Avg epoch train. time: 0.0 hours, 0.0 minutes, 0.5733551979064941 seconds
Avg batch train. time: 0.013333841811778933 seconds
Avg sample train. time: 0.0016913132681607497 seconds
Evaluating on validation set ...
Validation runtime: 0.0 hours, 0.0 minutes, 0.018972158432006836 seconds

Avg val. time: 0.0 hours, 0.0 minutes, 0.09106945991516113 seconds
Avg batch val. time: 0.018213891983032228 seconds
Avg sample val. time: 0.0023965647346095033 seconds
Epoch 2 Validation Summary: epoch: 2.000000 | loss: 1.582343 | accuracy: 0.368421 | precision: 0.293301 | 
Epoch 3 Training Summary: epoch: 3.000000 | loss: 1.527986 | 
Epoch runtime: 0.0 hours, 0.0 minutes, 0.45407557487487793 seconds

Avg epoch train. time: 0.0 hours, 0.0 minutes, 0.5335953235626221 seconds
Avg batch train. time: 0.012409193571223769 seconds
Avg sample train. time: 0.0015740275031345785 seconds
Epoch 4 Training Summary: epoch: 4.000000 | loss: 1.394503 | 
Epoch runtime: 0.0 hours, 0.0 minutes, 0.4695601463317871 seconds

Avg epoch train. time: 0.0 hours, 0.0 minutes, 0.5175865292549133 seconds
Avg batch train. time: 0.01203689602918403 seconds
Avg sample train. time: 0.001526803921105939 seconds
Evaluating on validation set ...
Validation runtime: 0.0 hours, 0.0 minutes, 0.018466711044311523 seconds

Avg val. time: 0.0 hours, 0.0 minutes, 0.07291877269744873 seconds
Avg batch val. time: 0.014583754539489745 seconds
Avg sample val. time: 0.0019189150709854929 seconds
Epoch 4 Validation Summary: epoch: 4.000000 | loss: 1.716061 | accuracy: 0.315789 | precision: 0.335759 | 
Epoch 5 Training Summary: epoch: 5.000000 | loss: 1.385809 | 
Epoch runtime: 0.0 hours, 0.0 minutes, 0.48070573806762695 seconds

Avg epoch train. time: 0.0 hours, 0.0 minutes, 0.510210371017456 seconds
Avg batch train. time: 0.011865357465522234 seconds
Avg sample train. time: 0.0015050453422343836 seconds
Epoch 6 Training Summary: epoch: 6.000000 | loss: 1.315977 | 
Epoch runtime: 0.0 hours, 0.0 minutes, 0.6011991500854492 seconds

Avg epoch train. time: 0.0 hours, 0.0 minutes, 0.5253751675287882 seconds
Avg batch train. time: 0.012218027151832284 seconds
Avg sample train. time: 0.0015497792552471629 seconds
Evaluating on validation set ...
Validation runtime: 0.0 hours, 0.0 minutes, 0.022243738174438477 seconds

Avg val. time: 0.0 hours, 0.0 minutes, 0.06278376579284668 seconds
Avg batch val. time: 0.012556753158569337 seconds
Avg sample val. time: 0.0016522043629696496 seconds
Epoch 6 Validation Summary: epoch: 6.000000 | loss: 1.792855 | accuracy: 0.368421 | precision: 0.301378 | 
Epoch 7 Training Summary: epoch: 7.000000 | loss: 1.241879 | 
Epoch runtime: 0.0 hours, 0.0 minutes, 0.6203906536102295 seconds

Avg epoch train. time: 0.0 hours, 0.0 minutes, 0.5389488083975655 seconds
Avg batch train. time: 0.012533693218548036 seconds
Avg sample train. time: 0.0015898194937981284 seconds
Epoch 8 Training Summary: epoch: 8.000000 | loss: 1.215426 | 
Epoch runtime: 0.0 hours, 0.0 minutes, 0.5733704566955566 seconds

Avg epoch train. time: 0.0 hours, 0.0 minutes, 0.5432515144348145 seconds
Avg batch train. time: 0.012633756149646848 seconds
Avg sample train. time: 0.0016025118419906031 seconds
Evaluating on validation set ...
Validation runtime: 0.0 hours, 0.0 minutes, 0.021547317504882812 seconds

Avg val. time: 0.0 hours, 0.0 minutes, 0.05591102441151937 seconds
Avg batch val. time: 0.011182204882303873 seconds
Avg sample val. time: 0.0014713427476715623 seconds
Epoch 8 Validation Summary: epoch: 8.000000 | loss: 1.908229 | accuracy: 0.289474 | precision: 0.260965 | 
Epoch 9 Training Summary: epoch: 9.000000 | loss: 1.135572 | 
Epoch runtime: 0.0 hours, 0.0 minutes, 0.4942021369934082 seconds

Avg epoch train. time: 0.0 hours, 0.0 minutes, 0.5378015836079916 seconds
Avg batch train. time: 0.012507013572278874 seconds
Avg sample train. time: 0.0015864353498760814 seconds
Epoch 10 Training Summary: epoch: 10.000000 | loss: 1.165427 | 
Epoch runtime: 0.0 hours, 0.0 minutes, 0.439603328704834 seconds

Avg epoch train. time: 0.0 hours, 0.0 minutes, 0.5279817581176758 seconds
Avg batch train. time: 0.012278645537620368 seconds
Avg sample train. time: 0.001557468313031492 seconds
Evaluating on validation set ...
Validation runtime: 0.0 hours, 0.0 minutes, 0.020160436630249023 seconds

Avg val. time: 0.0 hours, 0.0 minutes, 0.0508037975856236 seconds
Avg batch val. time: 0.01016075951712472 seconds
Avg sample val. time: 0.0013369420417269368 seconds
Epoch 10 Validation Summary: epoch: 10.000000 | loss: 1.984058 | accuracy: 0.236842 | precision: 0.266040 | 
Epoch 11 Training Summary: epoch: 11.000000 | loss: 1.026421 | 
Epoch runtime: 0.0 hours, 0.0 minutes, 0.46982526779174805 seconds

Avg epoch train. time: 0.0 hours, 0.0 minutes, 0.5226948044516824 seconds
Avg batch train. time: 0.012155693126783312 seconds
Avg sample train. time: 0.0015418725795034879 seconds
Epoch 12 Training Summary: epoch: 12.000000 | loss: 1.034735 | 
Epoch runtime: 0.0 hours, 0.0 minutes, 0.4910435676574707 seconds

Avg epoch train. time: 0.0 hours, 0.0 minutes, 0.520057201385498 seconds
Avg batch train. time: 0.012094353520592977 seconds
Avg sample train. time: 0.001534092039485245 seconds
Evaluating on validation set ...
Validation runtime: 0.0 hours, 0.0 minutes, 0.01990199089050293 seconds

Avg val. time: 0.0 hours, 0.0 minutes, 0.04694107174873352 seconds
Avg batch val. time: 0.009388214349746704 seconds
Avg sample val. time: 0.0012352913618087769 seconds
Epoch 12 Validation Summary: epoch: 12.000000 | loss: 2.102879 | accuracy: 0.342105 | precision: 0.433271 | 
Epoch 13 Training Summary: epoch: 13.000000 | loss: 1.011780 | 
Epoch runtime: 0.0 hours, 0.0 minutes, 0.5215334892272949 seconds

Avg epoch train. time: 0.0 hours, 0.0 minutes, 0.5201707619887131 seconds
Avg batch train. time: 0.012096994464853794 seconds
Avg sample train. time: 0.001534427026515378 seconds
Epoch 14 Training Summary: epoch: 14.000000 | loss: 0.887423 | 
Epoch runtime: 0.0 hours, 0.0 minutes, 0.4857454299926758 seconds

Avg epoch train. time: 0.0 hours, 0.0 minutes, 0.5177118097032819 seconds
Avg batch train. time: 0.0120398095279833 seconds
Avg sample train. time: 0.0015271734799506842 seconds
Evaluating on validation set ...
Validation runtime: 0.0 hours, 0.0 minutes, 0.0223844051361084 seconds

Avg val. time: 0.0 hours, 0.0 minutes, 0.044212553236219615 seconds
Avg batch val. time: 0.008842510647243923 seconds
Avg sample val. time: 0.001163488243058411 seconds
Epoch 14 Validation Summary: epoch: 14.000000 | loss: 1.991544 | accuracy: 0.263158 | precision: 0.259649 | 
Epoch 15 Training Summary: epoch: 15.000000 | loss: 0.916539 | 
Epoch runtime: 0.0 hours, 0.0 minutes, 0.49832725524902344 seconds

Avg epoch train. time: 0.0 hours, 0.0 minutes, 0.516419506072998 seconds
Avg batch train. time: 0.012009755955186 seconds
Avg sample train. time: 0.0015233613748466019 seconds
Epoch 16 Training Summary: epoch: 16.000000 | loss: 0.826693 | 
Epoch runtime: 0.0 hours, 0.0 minutes, 0.4840712547302246 seconds

Avg epoch train. time: 0.0 hours, 0.0 minutes, 0.5143977403640747 seconds
Avg batch train. time: 0.011962738148001738 seconds
Avg sample train. time: 0.0015173974642008104 seconds
Evaluating on validation set ...
Validation runtime: 0.0 hours, 0.0 minutes, 0.019714832305908203 seconds

Avg val. time: 0.0 hours, 0.0 minutes, 0.041762781143188474 seconds
Avg batch val. time: 0.008352556228637694 seconds
Avg sample val. time: 0.0010990205563996967 seconds
Epoch 16 Validation Summary: epoch: 16.000000 | loss: 2.026962 | accuracy: 0.342105 | precision: 0.373152 | 
Epoch 17 Training Summary: epoch: 17.000000 | loss: 0.742623 | 
Epoch runtime: 0.0 hours, 0.0 minutes, 0.4629664421081543 seconds

Avg epoch train. time: 0.0 hours, 0.0 minutes, 0.5113723698784324 seconds
Avg batch train. time: 0.011892380694847264 seconds
Avg sample train. time: 0.001508473067488001 seconds
Epoch 18 Training Summary: epoch: 18.000000 | loss: 0.736664 | 
Epoch runtime: 0.0 hours, 0.0 minutes, 0.45945215225219727 seconds

Avg epoch train. time: 0.0 hours, 0.0 minutes, 0.5084879133436415 seconds
Avg batch train. time: 0.011825300310317245 seconds
Avg sample train. time: 0.0014999643461464352 seconds
Evaluating on validation set ...
Validation runtime: 0.0 hours, 0.0 minutes, 0.018616199493408203 seconds

Avg val. time: 0.0 hours, 0.0 minutes, 0.039658546447753906 seconds
Avg batch val. time: 0.007931709289550781 seconds
Avg sample val. time: 0.0010436459591514186 seconds
Epoch 18 Validation Summary: epoch: 18.000000 | loss: 2.218458 | accuracy: 0.342105 | precision: 0.315550 | 
Epoch 19 Training Summary: epoch: 19.000000 | loss: 0.691441 | 
Epoch runtime: 0.0 hours, 0.0 minutes, 0.48439621925354004 seconds

Avg epoch train. time: 0.0 hours, 0.0 minutes, 0.5072199294441625 seconds
Avg batch train. time: 0.011795812312654941 seconds
Avg sample train. time: 0.0014962239806612463 seconds
Epoch 20 Training Summary: epoch: 20.000000 | loss: 0.633258 | 
Epoch runtime: 0.0 hours, 0.0 minutes, 0.46114635467529297 seconds

Avg epoch train. time: 0.0 hours, 0.0 minutes, 0.504916250705719 seconds
Avg batch train. time: 0.011742238388505093 seconds
Avg sample train. time: 0.001489428468158463 seconds
Evaluating on validation set ...
Validation runtime: 0.0 hours, 0.0 minutes, 0.020842313766479492 seconds

Avg val. time: 0.0 hours, 0.0 minutes, 0.038090527057647705 seconds
Avg batch val. time: 0.007618105411529541 seconds
Avg sample val. time: 0.0010023822909907291 seconds
Epoch 20 Validation Summary: epoch: 20.000000 | loss: 2.567166 | accuracy: 0.368421 | precision: 0.396053 | 
Epoch 21 Training Summary: epoch: 21.000000 | loss: 0.580351 | 
Epoch runtime: 0.0 hours, 0.0 minutes, 0.4738006591796875 seconds

Avg epoch train. time: 0.0 hours, 0.0 minutes, 0.503434555871146 seconds
Avg batch train. time: 0.01170778036909642 seconds
Avg sample train. time: 0.001485057686935534 seconds
Epoch 22 Training Summary: epoch: 22.000000 | loss: 0.576128 | 
Epoch runtime: 0.0 hours, 0.0 minutes, 0.4607734680175781 seconds

Avg epoch train. time: 0.0 hours, 0.0 minutes, 0.5014954155141657 seconds
Avg batch train. time: 0.011662684081724783 seconds
Avg sample train. time: 0.001479337508891344 seconds
Evaluating on validation set ...
Validation runtime: 0.0 hours, 0.0 minutes, 0.020830869674682617 seconds

Avg val. time: 0.0 hours, 0.0 minutes, 0.03676286110511193 seconds
Avg batch val. time: 0.007352572221022385 seconds
Avg sample val. time: 0.0009674437132924192 seconds
Epoch 22 Validation Summary: epoch: 22.000000 | loss: 2.641529 | accuracy: 0.368421 | precision: 0.386364 | 
Epoch 23 Training Summary: epoch: 23.000000 | loss: 0.544883 | 
Epoch runtime: 0.0 hours, 0.0 minutes, 0.465991735458374 seconds

Avg epoch train. time: 0.0 hours, 0.0 minutes, 0.4999517772508704 seconds
Avg batch train. time: 0.011626785517462103 seconds
Avg sample train. time: 0.0014747840036898833 seconds
Epoch 24 Training Summary: epoch: 24.000000 | loss: 0.565196 | 
Epoch runtime: 0.0 hours, 0.0 minutes, 0.47255516052246094 seconds

Avg epoch train. time: 0.0 hours, 0.0 minutes, 0.49881025155385333 seconds
Avg batch train. time: 0.011600238408229147 seconds
Avg sample train. time: 0.0014714166712503048 seconds
Evaluating on validation set ...
Validation runtime: 0.0 hours, 0.0 minutes, 0.01871323585510254 seconds

Avg val. time: 0.0 hours, 0.0 minutes, 0.035473602158682685 seconds
Avg batch val. time: 0.007094720431736537 seconds
Avg sample val. time: 0.0009335158462811233 seconds
Epoch 24 Validation Summary: epoch: 24.000000 | loss: 2.519098 | accuracy: 0.263158 | precision: 0.266986 | 
Epoch 25 Training Summary: epoch: 25.000000 | loss: 0.472089 | 
Epoch runtime: 0.0 hours, 0.0 minutes, 0.47665977478027344 seconds

Avg epoch train. time: 0.0 hours, 0.0 minutes, 0.4979242324829102 seconds
Avg batch train. time: 0.01157963331355605 seconds
Avg sample train. time: 0.0014688030456723013 seconds
Epoch 26 Training Summary: epoch: 26.000000 | loss: 0.533038 | 
Epoch runtime: 0.0 hours, 0.0 minutes, 0.47539281845092773 seconds

Avg epoch train. time: 0.0 hours, 0.0 minutes, 0.49705763963552624 seconds
Avg batch train. time: 0.011559479991523866 seconds
Avg sample train. time: 0.001466246724588573 seconds
Evaluating on validation set ...
Validation runtime: 0.0 hours, 0.0 minutes, 0.022087812423706055 seconds

Avg val. time: 0.0 hours, 0.0 minutes, 0.03458121617635091 seconds
Avg batch val. time: 0.0069162432352701825 seconds
Avg sample val. time: 0.0009100320046408134 seconds
Epoch 26 Validation Summary: epoch: 26.000000 | loss: 2.758729 | accuracy: 0.342105 | precision: 0.356478 | 
Epoch 27 Training Summary: epoch: 27.000000 | loss: 0.421708 | 
Epoch runtime: 0.0 hours, 0.0 minutes, 0.5134210586547852 seconds

Avg epoch train. time: 0.0 hours, 0.0 minutes, 0.49766369219179507 seconds
Avg batch train. time: 0.01157357423701849 seconds
Avg sample train. time: 0.0014680344902412833 seconds
Epoch 28 Training Summary: epoch: 28.000000 | loss: 0.493566 | 
Epoch runtime: 0.0 hours, 0.0 minutes, 0.47203946113586426 seconds

Avg epoch train. time: 0.0 hours, 0.0 minutes, 0.4967485410826547 seconds
Avg batch train. time: 0.011552291653084993 seconds
Avg sample train. time: 0.001465334929447359 seconds
Evaluating on validation set ...
Validation runtime: 0.0 hours, 0.0 minutes, 0.02014446258544922 seconds

Avg val. time: 0.0 hours, 0.0 minutes, 0.033678919076919556 seconds
Avg batch val. time: 0.006735783815383911 seconds
Avg sample val. time: 0.0008862873441294619 seconds
Epoch 28 Validation Summary: epoch: 28.000000 | loss: 2.652159 | accuracy: 0.263158 | precision: 0.252273 | 
Epoch 29 Training Summary: epoch: 29.000000 | loss: 0.451639 | 
Epoch runtime: 0.0 hours, 0.0 minutes, 0.45309877395629883 seconds

Avg epoch train. time: 0.0 hours, 0.0 minutes, 0.4952433766989872 seconds
Avg batch train. time: 0.011517287830209005 seconds
Avg sample train. time: 0.0014608949165161864 seconds
Epoch 30 Training Summary: epoch: 30.000000 | loss: 0.363841 | 
Epoch runtime: 0.0 hours, 0.0 minutes, 0.501333475112915 seconds

Avg epoch train. time: 0.0 hours, 0.0 minutes, 0.4954463799794515 seconds
Avg batch train. time: 0.011522008836731431 seconds
Avg sample train. time: 0.0014614937462520694 seconds
Evaluating on validation set ...
Validation runtime: 0.0 hours, 0.0 minutes, 0.029462814331054688 seconds

Avg val. time: 0.0 hours, 0.0 minutes, 0.03343091291539809 seconds
Avg batch val. time: 0.006686182583079618 seconds
Avg sample val. time: 0.0008797608661946866 seconds
Epoch 30 Validation Summary: epoch: 30.000000 | loss: 2.979908 | accuracy: 0.421053 | precision: 0.409509 | 
Epoch 31 Training Summary: epoch: 31.000000 | loss: 0.411915 | 
Epoch runtime: 0.0 hours, 0.0 minutes, 0.4541049003601074 seconds

Avg epoch train. time: 0.0 hours, 0.0 minutes, 0.49411278386269847 seconds
Avg batch train. time: 0.011490994973551128 seconds
Avg sample train. time: 0.0014575598344032403 seconds
Epoch 32 Training Summary: epoch: 32.000000 | loss: 0.395677 | 
Epoch runtime: 0.0 hours, 0.0 minutes, 0.4536409378051758 seconds

Avg epoch train. time: 0.0 hours, 0.0 minutes, 0.4928480386734009 seconds
Avg batch train. time: 0.011461582294730254 seconds
Avg sample train. time: 0.0014538290226354007 seconds
Evaluating on validation set ...
Validation runtime: 0.0 hours, 0.0 minutes, 0.01848745346069336 seconds

Avg val. time: 0.0 hours, 0.0 minutes, 0.032600720723470054 seconds
Avg batch val. time: 0.0065201441446940105 seconds
Avg sample val. time: 0.000857913703249212 seconds
Epoch 32 Validation Summary: epoch: 32.000000 | loss: 3.299217 | accuracy: 0.447368 | precision: 0.443108 | 
Epoch 33 Training Summary: epoch: 33.000000 | loss: 0.400071 | 
Epoch runtime: 0.0 hours, 0.0 minutes, 0.4333031177520752 seconds

Avg epoch train. time: 0.0 hours, 0.0 minutes, 0.4910436471303304 seconds
Avg batch train. time: 0.011419619700705357 seconds
Avg sample train. time: 0.0014485063337177887 seconds
Epoch 34 Training Summary: epoch: 34.000000 | loss: 0.367589 | 
Epoch runtime: 0.0 hours, 0.0 minutes, 0.4325735569000244 seconds

Avg epoch train. time: 0.0 hours, 0.0 minutes, 0.4893239385941449 seconds
Avg batch train. time: 0.011379626478933603 seconds
Avg sample train. time: 0.0014434334471803685 seconds
Evaluating on validation set ...
Validation runtime: 0.0 hours, 0.0 minutes, 0.01787543296813965 seconds

Avg val. time: 0.0 hours, 0.0 minutes, 0.031825705578452664 seconds
Avg batch val. time: 0.006365141115690533 seconds
Avg sample val. time: 0.0008375185678540175 seconds
Epoch 34 Validation Summary: epoch: 34.000000 | loss: 3.067215 | accuracy: 0.289474 | precision: 0.308772 | 
Epoch 35 Training Summary: epoch: 35.000000 | loss: 0.341127 | 
Epoch runtime: 0.0 hours, 0.0 minutes, 0.4562342166900635 seconds

Avg epoch train. time: 0.0 hours, 0.0 minutes, 0.48837851796831405 seconds
Avg batch train. time: 0.01135763995275149 seconds
Avg sample train. time: 0.0014406445957767377 seconds
Epoch 36 Training Summary: epoch: 36.000000 | loss: 0.267365 | 
Epoch runtime: 0.0 hours, 0.0 minutes, 0.4652554988861084 seconds

Avg epoch train. time: 0.0 hours, 0.0 minutes, 0.4877362118826972 seconds
Avg batch train. time: 0.011342702601923191 seconds
Avg sample train. time: 0.0014387498875595788 seconds
Evaluating on validation set ...
Validation runtime: 0.0 hours, 0.0 minutes, 0.022663593292236328 seconds

Avg val. time: 0.0 hours, 0.0 minutes, 0.031367599964141846 seconds
Avg batch val. time: 0.006273519992828369 seconds
Avg sample val. time: 0.0008254631569511012 seconds
Epoch 36 Validation Summary: epoch: 36.000000 | loss: 3.398732 | accuracy: 0.315789 | precision: 0.311341 | 
Epoch 37 Training Summary: epoch: 37.000000 | loss: 0.314205 | 
Epoch runtime: 0.0 hours, 0.0 minutes, 0.4595465660095215 seconds

Avg epoch train. time: 0.0 hours, 0.0 minutes, 0.4869743295618006 seconds
Avg batch train. time: 0.011324984408413967 seconds
Avg sample train. time: 0.0014365024470849575 seconds
Epoch 38 Training Summary: epoch: 38.000000 | loss: 0.282886 | 
Epoch runtime: 0.0 hours, 0.0 minutes, 0.45056939125061035 seconds

Avg epoch train. time: 0.0 hours, 0.0 minutes, 0.48601630486940084 seconds
Avg batch train. time: 0.01130270476440467 seconds
Avg sample train. time: 0.0014336764155439552 seconds
Evaluating on validation set ...
Validation runtime: 0.0 hours, 0.0 minutes, 0.018982887268066406 seconds

Avg val. time: 0.0 hours, 0.0 minutes, 0.030777851740519207 seconds
Avg batch val. time: 0.006155570348103842 seconds
Avg sample val. time: 0.0008099434668557686 seconds
Epoch 38 Validation Summary: epoch: 38.000000 | loss: 3.464712 | accuracy: 0.394737 | precision: 0.428655 | 
Epoch 39 Training Summary: epoch: 39.000000 | loss: 0.390606 | 
Epoch runtime: 0.0 hours, 0.0 minutes, 0.46745944023132324 seconds

Avg epoch train. time: 0.0 hours, 0.0 minutes, 0.48554048782739884 seconds
Avg batch train. time: 0.011291639251799972 seconds
Avg sample train. time: 0.001432272825449554 seconds
Epoch 40 Training Summary: epoch: 40.000000 | loss: 0.299081 | 
Epoch runtime: 0.0 hours, 0.0 minutes, 0.44431519508361816 seconds

Avg epoch train. time: 0.0 hours, 0.0 minutes, 0.4845098555088043 seconds
Avg batch train. time: 0.011267671058344286 seconds
Avg sample train. time: 0.0014292326121203667 seconds
Evaluating on validation set ...
Validation runtime: 0.0 hours, 0.0 minutes, 0.019125938415527344 seconds

Avg val. time: 0.0 hours, 0.0 minutes, 0.03024821931665594 seconds
Avg batch val. time: 0.006049643863331188 seconds
Avg sample val. time: 0.0007960057714909458 seconds
Epoch 40 Validation Summary: epoch: 40.000000 | loss: 3.772324 | accuracy: 0.289474 | precision: 0.329532 | 
Best accuracy was 0.4473684210526316. Other metrics: OrderedDict([('epoch', 32), ('loss', 3.299217148831016), ('accuracy', 0.4473684210526316), ('precision', 0.4431077694235589)])
All Done!
Total runtime: 0.0 hours, 0.0 minutes, 34.684147119522095 seconds

