Running:
src/main_5q.py --output_dir experiments --comment classification from Scratch --name VRS_fromScratch --records_file VRS_records.xls --data_dir /mnt/d/OneDrive - Southern Methodist University/Phone_Privacy/input_feature/all_processpos_norm_downsample_480p_s22 --data_class vrs --val_ratio 0.1 --epochs 40 --lr 0.001 --dropout 0.2 --batch_size 8 --num_layers 3 --num_heads 4 --optimizer RAdam --pos_encoding learnable --task classification --normalization none --key_metric accuracy

Using device: cuda
Loading and preprocessing data ...
67 samples may be used for training
8 samples will be used for validation
0 samples will be used for testing
Creating model ...
Model:
TSTransformerEncoderClassiregressor(
  (project_inp): Linear(in_features=39, out_features=64, bias=True)
  (pos_enc): LearnablePositionalEncoding(
    (dropout): Dropout(p=0.2, inplace=False)
  )
  (transformer_encoder): TransformerEncoder(
    (layers): ModuleList(
      (0-2): 3 x TransformerBatchNormEncoderLayer(
        (self_attn): MultiheadAttention(
          (out_proj): NonDynamicallyQuantizableLinear(in_features=64, out_features=64, bias=True)
        )
        (linear1): Linear(in_features=64, out_features=256, bias=True)
        (dropout): Dropout(p=0.2, inplace=False)
        (linear2): Linear(in_features=256, out_features=64, bias=True)
        (norm1): BatchNorm1d(64, eps=1e-05, momentum=0.1, affine=True, track_running_stats=True)
        (norm2): BatchNorm1d(64, eps=1e-05, momentum=0.1, affine=True, track_running_stats=True)
        (dropout1): Dropout(p=0.2, inplace=False)
        (dropout2): Dropout(p=0.2, inplace=False)
      )
    )
  )
  (dropout1): Dropout(p=0.2, inplace=False)
  (output_layer): Linear(in_features=5120, out_features=5, bias=True)
)
Total number of parameters: 183237
Trainable parameters: 183237
Evaluating on validation set ...
Validation runtime: 0.0 hours, 0.0 minutes, 0.23377394676208496 seconds

Avg val. time: 0.0 hours, 0.0 minutes, 0.23377394676208496 seconds
Avg batch val. time: 0.23377394676208496 seconds
Avg sample val. time: 0.02922174334526062 seconds
Epoch 0 Validation Summary: epoch: 0.000000 | loss: 2.590081 | accuracy: 0.250000 | precision: 0.250000 | 
Starting training...
Epoch 1 Training Summary: epoch: 1.000000 | loss: 1.797678 | 
Epoch runtime: 0.0 hours, 0.0 minutes, 0.21934032440185547 seconds

Avg epoch train. time: 0.0 hours, 0.0 minutes, 0.21934032440185547 seconds
Avg batch train. time: 0.02437114715576172 seconds
Avg sample train. time: 0.0032737361851023204 seconds
Evaluating on validation set ...
Validation runtime: 0.0 hours, 0.0 minutes, 0.009083747863769531 seconds

Avg val. time: 0.0 hours, 0.0 minutes, 0.12142884731292725 seconds
Avg batch val. time: 0.12142884731292725 seconds
Avg sample val. time: 0.015178605914115906 seconds
Epoch 1 Validation Summary: epoch: 1.000000 | loss: 1.606312 | accuracy: 0.250000 | precision: 0.250000 | 
Epoch 2 Training Summary: epoch: 2.000000 | loss: 1.663015 | 
Epoch runtime: 0.0 hours, 0.0 minutes, 0.11203837394714355 seconds

Avg epoch train. time: 0.0 hours, 0.0 minutes, 0.1656893491744995 seconds
Avg batch train. time: 0.0184099276860555 seconds
Avg sample train. time: 0.0024729753608134257 seconds
Evaluating on validation set ...
Validation runtime: 0.0 hours, 0.0 minutes, 0.008208036422729492 seconds

Avg val. time: 0.0 hours, 0.0 minutes, 0.08368857701619466 seconds
Avg batch val. time: 0.08368857701619466 seconds
Avg sample val. time: 0.010461072127024332 seconds
Epoch 2 Validation Summary: epoch: 2.000000 | loss: 1.616879 | accuracy: 0.250000 | precision: 0.266667 | 
Epoch 3 Training Summary: epoch: 3.000000 | loss: 1.673840 | 
Epoch runtime: 0.0 hours, 0.0 minutes, 0.12543392181396484 seconds

Avg epoch train. time: 0.0 hours, 0.0 minutes, 0.15227087338765463 seconds
Avg batch train. time: 0.016918985931961627 seconds
Avg sample train. time: 0.0022726996028008153 seconds
Epoch 4 Training Summary: epoch: 4.000000 | loss: 1.659966 | 
Epoch runtime: 0.0 hours, 0.0 minutes, 0.13012003898620605 seconds

Avg epoch train. time: 0.0 hours, 0.0 minutes, 0.14673316478729248 seconds
Avg batch train. time: 0.01630368497636583 seconds
Avg sample train. time: 0.002190047235631231 seconds
Evaluating on validation set ...
Validation runtime: 0.0 hours, 0.0 minutes, 0.008803606033325195 seconds

Avg val. time: 0.0 hours, 0.0 minutes, 0.0649673342704773 seconds
Avg batch val. time: 0.0649673342704773 seconds
Avg sample val. time: 0.008120916783809662 seconds
Epoch 4 Validation Summary: epoch: 4.000000 | loss: 1.611563 | accuracy: 0.250000 | precision: 0.312500 | 
Epoch 5 Training Summary: epoch: 5.000000 | loss: 1.663243 | 
Epoch runtime: 0.0 hours, 0.0 minutes, 0.10903167724609375 seconds

Avg epoch train. time: 0.0 hours, 0.0 minutes, 0.13919286727905272 seconds
Avg batch train. time: 0.015465874142116968 seconds
Avg sample train. time: 0.0020775054817769065 seconds
Epoch 6 Training Summary: epoch: 6.000000 | loss: 1.642058 | 
Epoch runtime: 0.0 hours, 0.0 minutes, 0.09625387191772461 seconds

Avg epoch train. time: 0.0 hours, 0.0 minutes, 0.1320363680521647 seconds
Avg batch train. time: 0.014670707561351633 seconds
Avg sample train. time: 0.00197069206048007 seconds
Evaluating on validation set ...
Validation runtime: 0.0 hours, 0.0 minutes, 0.007117271423339844 seconds

Avg val. time: 0.0 hours, 0.0 minutes, 0.053397321701049806 seconds
Avg batch val. time: 0.053397321701049806 seconds
Avg sample val. time: 0.006674665212631226 seconds
Epoch 6 Validation Summary: epoch: 6.000000 | loss: 1.600565 | accuracy: 0.375000 | precision: 0.437500 | 
Epoch 7 Training Summary: epoch: 7.000000 | loss: 1.548916 | 
Epoch runtime: 0.0 hours, 0.0 minutes, 0.08581900596618652 seconds

Avg epoch train. time: 0.0 hours, 0.0 minutes, 0.12543388775416783 seconds
Avg batch train. time: 0.013937098639351981 seconds
Avg sample train. time: 0.0018721475784204155 seconds
Epoch 8 Training Summary: epoch: 8.000000 | loss: 1.693841 | 
Epoch runtime: 0.0 hours, 0.0 minutes, 0.09967756271362305 seconds

Avg epoch train. time: 0.0 hours, 0.0 minutes, 0.12221434712409973 seconds
Avg batch train. time: 0.013579371902677748 seconds
Avg sample train. time: 0.0018240947331955185 seconds
Evaluating on validation set ...
Validation runtime: 0.0 hours, 0.0 minutes, 0.008412837982177734 seconds

Avg val. time: 0.0 hours, 0.0 minutes, 0.04589990774790446 seconds
Avg batch val. time: 0.04589990774790446 seconds
Avg sample val. time: 0.005737488468488057 seconds
Epoch 8 Validation Summary: epoch: 8.000000 | loss: 1.592267 | accuracy: 0.500000 | precision: 0.866667 | 
Epoch 9 Training Summary: epoch: 9.000000 | loss: 1.649732 | 
Epoch runtime: 0.0 hours, 0.0 minutes, 0.12156939506530762 seconds

Avg epoch train. time: 0.0 hours, 0.0 minutes, 0.12214268578423394 seconds
Avg batch train. time: 0.01357140953158155 seconds
Avg sample train. time: 0.0018230251609587156 seconds
Epoch 10 Training Summary: epoch: 10.000000 | loss: 1.509536 | 
Epoch runtime: 0.0 hours, 0.0 minutes, 0.09701371192932129 seconds

Avg epoch train. time: 0.0 hours, 0.0 minutes, 0.11962978839874268 seconds
Avg batch train. time: 0.013292198710971408 seconds
Avg sample train. time: 0.0017855192298319802 seconds
Evaluating on validation set ...
Validation runtime: 0.0 hours, 0.0 minutes, 0.007355690002441406 seconds

Avg val. time: 0.0 hours, 0.0 minutes, 0.04039359092712402 seconds
Avg batch val. time: 0.04039359092712402 seconds
Avg sample val. time: 0.005049198865890503 seconds
Epoch 10 Validation Summary: epoch: 10.000000 | loss: 1.586354 | accuracy: 0.250000 | precision: 0.190476 | 
Epoch 11 Training Summary: epoch: 11.000000 | loss: 1.621335 | 
Epoch runtime: 0.0 hours, 0.0 minutes, 0.09226584434509277 seconds

Avg epoch train. time: 0.0 hours, 0.0 minutes, 0.11714215712113814 seconds
Avg batch train. time: 0.013015795235682016 seconds
Avg sample train. time: 0.0017483904047931066 seconds
Epoch 12 Training Summary: epoch: 12.000000 | loss: 1.708789 | 
Epoch runtime: 0.0 hours, 0.0 minutes, 0.09511327743530273 seconds

Avg epoch train. time: 0.0 hours, 0.0 minutes, 0.11530641714731853 seconds
Avg batch train. time: 0.012811824127479837 seconds
Avg sample train. time: 0.0017209913007062466 seconds
Evaluating on validation set ...
Validation runtime: 0.0 hours, 0.0 minutes, 0.007029056549072266 seconds

Avg val. time: 0.0 hours, 0.0 minutes, 0.036223024129867554 seconds
Avg batch val. time: 0.036223024129867554 seconds
Avg sample val. time: 0.004527878016233444 seconds
Epoch 12 Validation Summary: epoch: 12.000000 | loss: 1.573564 | accuracy: 0.250000 | precision: 0.250000 | 
Epoch 13 Training Summary: epoch: 13.000000 | loss: 1.587808 | 
Epoch runtime: 0.0 hours, 0.0 minutes, 0.09556770324707031 seconds

Avg epoch train. time: 0.0 hours, 0.0 minutes, 0.11378805453960712 seconds
Avg batch train. time: 0.012643117171067458 seconds
Avg sample train. time: 0.001698329172232942 seconds
Epoch 14 Training Summary: epoch: 14.000000 | loss: 1.504316 | 
Epoch runtime: 0.0 hours, 0.0 minutes, 0.09880876541137695 seconds

Avg epoch train. time: 0.0 hours, 0.0 minutes, 0.11271810531616211 seconds
Avg batch train. time: 0.012524233924018012 seconds
Avg sample train. time: 0.0016823597808382404 seconds
Evaluating on validation set ...
Validation runtime: 0.0 hours, 0.0 minutes, 0.0070798397064208984 seconds

Avg val. time: 0.0 hours, 0.0 minutes, 0.03298489252726237 seconds
Avg batch val. time: 0.03298489252726237 seconds
Avg sample val. time: 0.004123111565907796 seconds
Epoch 14 Validation Summary: epoch: 14.000000 | loss: 1.592359 | accuracy: 0.250000 | precision: 0.190476 | 
Epoch 15 Training Summary: epoch: 15.000000 | loss: 1.464264 | 
Epoch runtime: 0.0 hours, 0.0 minutes, 0.09568405151367188 seconds

Avg epoch train. time: 0.0 hours, 0.0 minutes, 0.11158250172932943 seconds
Avg batch train. time: 0.01239805574770327 seconds
Avg sample train. time: 0.001665410473572081 seconds
Epoch 16 Training Summary: epoch: 16.000000 | loss: 1.512191 | 
Epoch runtime: 0.0 hours, 0.0 minutes, 0.09224653244018555 seconds

Avg epoch train. time: 0.0 hours, 0.0 minutes, 0.11037400364875793 seconds
Avg batch train. time: 0.012263778183195326 seconds
Avg sample train. time: 0.0016473731887874318 seconds
Evaluating on validation set ...
Validation runtime: 0.0 hours, 0.0 minutes, 0.007314443588256836 seconds

Avg val. time: 0.0 hours, 0.0 minutes, 0.030417847633361816 seconds
Avg batch val. time: 0.030417847633361816 seconds
Avg sample val. time: 0.003802230954170227 seconds
Epoch 16 Validation Summary: epoch: 16.000000 | loss: 1.640986 | accuracy: 0.250000 | precision: 0.250000 | 
Epoch 17 Training Summary: epoch: 17.000000 | loss: 1.393258 | 
Epoch runtime: 0.0 hours, 0.0 minutes, 0.09374308586120605 seconds

Avg epoch train. time: 0.0 hours, 0.0 minutes, 0.10939571436713724 seconds
Avg batch train. time: 0.012155079374126361 seconds
Avg sample train. time: 0.001632771856225929 seconds
Epoch 18 Training Summary: epoch: 18.000000 | loss: 1.483235 | 
Epoch runtime: 0.0 hours, 0.0 minutes, 0.09376120567321777 seconds

Avg epoch train. time: 0.0 hours, 0.0 minutes, 0.10852713055080837 seconds
Avg batch train. time: 0.01205857006120093 seconds
Avg sample train. time: 0.0016198079186687817 seconds
Evaluating on validation set ...
Validation runtime: 0.0 hours, 0.0 minutes, 0.006229400634765625 seconds

Avg val. time: 0.0 hours, 0.0 minutes, 0.02821889790621671 seconds
Avg batch val. time: 0.02821889790621671 seconds
Avg sample val. time: 0.0035273622382770886 seconds
Epoch 18 Validation Summary: epoch: 18.000000 | loss: 1.539801 | accuracy: 0.375000 | precision: 0.316667 | 
Epoch 19 Training Summary: epoch: 19.000000 | loss: 1.390184 | 
Epoch runtime: 0.0 hours, 0.0 minutes, 0.0999002456665039 seconds

Avg epoch train. time: 0.0 hours, 0.0 minutes, 0.10807308397795025 seconds
Avg batch train. time: 0.012008120441994473 seconds
Avg sample train. time: 0.0016130311041485112 seconds
Epoch 20 Training Summary: epoch: 20.000000 | loss: 1.403161 | 
Epoch runtime: 0.0 hours, 0.0 minutes, 0.0916738510131836 seconds

Avg epoch train. time: 0.0 hours, 0.0 minutes, 0.10725312232971192 seconds
Avg batch train. time: 0.011917013592190212 seconds
Avg sample train. time: 0.001600792870592715 seconds
Evaluating on validation set ...
Validation runtime: 0.0 hours, 0.0 minutes, 0.0071413516998291016 seconds

Avg val. time: 0.0 hours, 0.0 minutes, 0.026462435722351074 seconds
Avg batch val. time: 0.026462435722351074 seconds
Avg sample val. time: 0.0033078044652938843 seconds
Epoch 20 Validation Summary: epoch: 20.000000 | loss: 1.578462 | accuracy: 0.375000 | precision: 0.316667 | 
Epoch 21 Training Summary: epoch: 21.000000 | loss: 1.210585 | 
Epoch runtime: 0.0 hours, 0.0 minutes, 0.08756756782531738 seconds

Avg epoch train. time: 0.0 hours, 0.0 minutes, 0.1063157149723598 seconds
Avg batch train. time: 0.01181285721915109 seconds
Avg sample train. time: 0.00158680171600537 seconds
Epoch 22 Training Summary: epoch: 22.000000 | loss: 1.381065 | 
Epoch runtime: 0.0 hours, 0.0 minutes, 0.1171114444732666 seconds

Avg epoch train. time: 0.0 hours, 0.0 minutes, 0.10680642994967374 seconds
Avg batch train. time: 0.011867381105519305 seconds
Avg sample train. time: 0.001594125820144384 seconds
Evaluating on validation set ...
Validation runtime: 0.0 hours, 0.0 minutes, 0.009544610977172852 seconds

Avg val. time: 0.0 hours, 0.0 minutes, 0.025161064588106595 seconds
Avg batch val. time: 0.025161064588106595 seconds
Avg sample val. time: 0.0031451330735133244 seconds
Epoch 22 Validation Summary: epoch: 22.000000 | loss: 1.689820 | accuracy: 0.375000 | precision: 0.444444 | 
Epoch 23 Training Summary: epoch: 23.000000 | loss: 1.191713 | 
Epoch runtime: 0.0 hours, 0.0 minutes, 0.11089611053466797 seconds

Avg epoch train. time: 0.0 hours, 0.0 minutes, 0.10698424214902132 seconds
Avg batch train. time: 0.011887138016557924 seconds
Avg sample train. time: 0.0015967797335674824 seconds
Epoch 24 Training Summary: epoch: 24.000000 | loss: 1.239541 | 
Epoch runtime: 0.0 hours, 0.0 minutes, 0.09861111640930176 seconds

Avg epoch train. time: 0.0 hours, 0.0 minutes, 0.10663536190986633 seconds
Avg batch train. time: 0.011848373545540703 seconds
Avg sample train. time: 0.0015915725658189005 seconds
Evaluating on validation set ...
Validation runtime: 0.0 hours, 0.0 minutes, 0.0070798397064208984 seconds

Avg val. time: 0.0 hours, 0.0 minutes, 0.023869548525129045 seconds
Avg batch val. time: 0.023869548525129045 seconds
Avg sample val. time: 0.0029836935656411307 seconds
Epoch 24 Validation Summary: epoch: 24.000000 | loss: 1.541328 | accuracy: 0.375000 | precision: 0.277778 | 
Epoch 25 Training Summary: epoch: 25.000000 | loss: 1.199885 | 
Epoch runtime: 0.0 hours, 0.0 minutes, 0.10872936248779297 seconds

Avg epoch train. time: 0.0 hours, 0.0 minutes, 0.1067191219329834 seconds
Avg batch train. time: 0.011857680214775934 seconds
Avg sample train. time: 0.0015928227154176626 seconds
Epoch 26 Training Summary: epoch: 26.000000 | loss: 1.125513 | 
Epoch runtime: 0.0 hours, 0.0 minutes, 0.10315084457397461 seconds

Avg epoch train. time: 0.0 hours, 0.0 minutes, 0.10658188049609844 seconds
Avg batch train. time: 0.01184243116623316 seconds
Avg sample train. time: 0.0015907743357626634 seconds
Evaluating on validation set ...
Validation runtime: 0.0 hours, 0.0 minutes, 0.008555889129638672 seconds

Avg val. time: 0.0 hours, 0.0 minutes, 0.02284863789876302 seconds
Avg batch val. time: 0.02284863789876302 seconds
Avg sample val. time: 0.0028560797373453775 seconds
Epoch 26 Validation Summary: epoch: 26.000000 | loss: 1.279939 | accuracy: 0.375000 | precision: 0.458333 | 
Epoch 27 Training Summary: epoch: 27.000000 | loss: 1.008129 | 
Epoch runtime: 0.0 hours, 0.0 minutes, 0.10129618644714355 seconds

Avg epoch train. time: 0.0 hours, 0.0 minutes, 0.10638611404984086 seconds
Avg batch train. time: 0.011820679338871206 seconds
Avg sample train. time: 0.0015878524485050875 seconds
Epoch 28 Training Summary: epoch: 28.000000 | loss: 1.025500 | 
Epoch runtime: 0.0 hours, 0.0 minutes, 0.10083293914794922 seconds

Avg epoch train. time: 0.0 hours, 0.0 minutes, 0.1061877863747733 seconds
Avg batch train. time: 0.011798642930530366 seconds
Avg sample train. time: 0.0015848923339518404 seconds
Evaluating on validation set ...
Validation runtime: 0.0 hours, 0.0 minutes, 0.007976770401000977 seconds

Avg val. time: 0.0 hours, 0.0 minutes, 0.021919146180152893 seconds
Avg batch val. time: 0.021919146180152893 seconds
Avg sample val. time: 0.0027398932725191116 seconds
Epoch 28 Validation Summary: epoch: 28.000000 | loss: 1.295786 | accuracy: 0.250000 | precision: 0.166667 | 
Epoch 29 Training Summary: epoch: 29.000000 | loss: 0.935628 | 
Epoch runtime: 0.0 hours, 0.0 minutes, 0.10373187065124512 seconds

Avg epoch train. time: 0.0 hours, 0.0 minutes, 0.10610309962568612 seconds
Avg batch train. time: 0.011789233291742902 seconds
Avg sample train. time: 0.001583628352622181 seconds
Epoch 30 Training Summary: epoch: 30.000000 | loss: 0.887963 | 
Epoch runtime: 0.0 hours, 0.0 minutes, 0.09489989280700684 seconds

Avg epoch train. time: 0.0 hours, 0.0 minutes, 0.1057296593983968 seconds
Avg batch train. time: 0.0117477399331552 seconds
Avg sample train. time: 0.0015780546178865195 seconds
Evaluating on validation set ...
Validation runtime: 0.0 hours, 0.0 minutes, 0.010059118270874023 seconds

Avg val. time: 0.0 hours, 0.0 minutes, 0.02122149747960708 seconds
Avg batch val. time: 0.02122149747960708 seconds
Avg sample val. time: 0.002652687184950885 seconds
Epoch 30 Validation Summary: epoch: 30.000000 | loss: 1.184127 | accuracy: 0.250000 | precision: 0.200000 | 
Epoch 31 Training Summary: epoch: 31.000000 | loss: 0.771177 | 
Epoch runtime: 0.0 hours, 0.0 minutes, 0.10616087913513184 seconds

Avg epoch train. time: 0.0 hours, 0.0 minutes, 0.10574356971248504 seconds
Avg batch train. time: 0.01174928552360945 seconds
Avg sample train. time: 0.0015782622345147021 seconds
Epoch 32 Training Summary: epoch: 32.000000 | loss: 0.750076 | 
Epoch runtime: 0.0 hours, 0.0 minutes, 0.10282468795776367 seconds

Avg epoch train. time: 0.0 hours, 0.0 minutes, 0.10565235465765 seconds
Avg batch train. time: 0.011739150517516665 seconds
Avg sample train. time: 0.0015769008157858208 seconds
Evaluating on validation set ...
Validation runtime: 0.0 hours, 0.0 minutes, 0.007849454879760742 seconds

Avg val. time: 0.0 hours, 0.0 minutes, 0.02047860622406006 seconds
Avg batch val. time: 0.02047860622406006 seconds
Avg sample val. time: 0.0025598257780075073 seconds
Epoch 32 Validation Summary: epoch: 32.000000 | loss: 0.953535 | accuracy: 0.625000 | precision: 0.733333 | 
Epoch 33 Training Summary: epoch: 33.000000 | loss: 0.594214 | 
Epoch runtime: 0.0 hours, 0.0 minutes, 0.0992121696472168 seconds

Avg epoch train. time: 0.0 hours, 0.0 minutes, 0.10545719753612172 seconds
Avg batch train. time: 0.011717466392902413 seconds
Avg sample train. time: 0.0015739880229271898 seconds
Epoch 34 Training Summary: epoch: 34.000000 | loss: 0.628938 | 
Epoch runtime: 0.0 hours, 0.0 minutes, 0.10331368446350098 seconds

Avg epoch train. time: 0.0 hours, 0.0 minutes, 0.1053941530339858 seconds
Avg batch train. time: 0.011710461448220645 seconds
Avg sample train. time: 0.0015730470602087433 seconds
Evaluating on validation set ...
Validation runtime: 0.0 hours, 0.0 minutes, 0.008435964584350586 seconds

Avg val. time: 0.0 hours, 0.0 minutes, 0.019844782979864823 seconds
Avg batch val. time: 0.019844782979864823 seconds
Avg sample val. time: 0.002480597872483103 seconds
Epoch 34 Validation Summary: epoch: 34.000000 | loss: 0.983369 | accuracy: 0.750000 | precision: 0.888889 | 
Epoch 35 Training Summary: epoch: 35.000000 | loss: 0.692189 | 
Epoch runtime: 0.0 hours, 0.0 minutes, 0.10896062850952148 seconds

Avg epoch train. time: 0.0 hours, 0.0 minutes, 0.10549605233328684 seconds
Avg batch train. time: 0.011721783592587427 seconds
Avg sample train. time: 0.0015745679452729379 seconds
Epoch 36 Training Summary: epoch: 36.000000 | loss: 0.515326 | 
Epoch runtime: 0.0 hours, 0.0 minutes, 0.09767675399780273 seconds

Avg epoch train. time: 0.0 hours, 0.0 minutes, 0.1052788496017456 seconds
Avg batch train. time: 0.011697649955749512 seconds
Avg sample train. time: 0.0015713261134588897 seconds
Evaluating on validation set ...
Validation runtime: 0.0 hours, 0.0 minutes, 0.007600545883178711 seconds

Avg val. time: 0.0 hours, 0.0 minutes, 0.019232571125030518 seconds
Avg batch val. time: 0.019232571125030518 seconds
Avg sample val. time: 0.0024040713906288147 seconds
Epoch 36 Validation Summary: epoch: 36.000000 | loss: 1.072316 | accuracy: 0.500000 | precision: 0.791667 | 
Epoch 37 Training Summary: epoch: 37.000000 | loss: 0.464225 | 
Epoch runtime: 0.0 hours, 0.0 minutes, 0.10840797424316406 seconds

Avg epoch train. time: 0.0 hours, 0.0 minutes, 0.10536342053800016 seconds
Avg batch train. time: 0.011707046726444462 seconds
Avg sample train. time: 0.0015725883662388084 seconds
Epoch 38 Training Summary: epoch: 38.000000 | loss: 0.485794 | 
Epoch runtime: 0.0 hours, 0.0 minutes, 0.11692476272583008 seconds

Avg epoch train. time: 0.0 hours, 0.0 minutes, 0.10566766638504832 seconds
Avg batch train. time: 0.011740851820560925 seconds
Avg sample train. time: 0.0015771293490305718 seconds
Evaluating on validation set ...
Validation runtime: 0.0 hours, 0.0 minutes, 0.010276556015014648 seconds

Avg val. time: 0.0 hours, 0.0 minutes, 0.01880609421502976 seconds
Avg batch val. time: 0.01880609421502976 seconds
Avg sample val. time: 0.00235076177687872 seconds
Epoch 38 Validation Summary: epoch: 38.000000 | loss: 0.960296 | accuracy: 0.500000 | precision: 0.555556 | 
Epoch 39 Training Summary: epoch: 39.000000 | loss: 0.405152 | 
Epoch runtime: 0.0 hours, 0.0 minutes, 0.09971785545349121 seconds

Avg epoch train. time: 0.0 hours, 0.0 minutes, 0.105515107130393 seconds
Avg batch train. time: 0.011723900792265889 seconds
Avg sample train. time: 0.0015748523452297463 seconds
Epoch 40 Training Summary: epoch: 40.000000 | loss: 0.376939 | 
Epoch runtime: 0.0 hours, 0.0 minutes, 0.09507346153259277 seconds

Avg epoch train. time: 0.0 hours, 0.0 minutes, 0.105254065990448 seconds
Avg batch train. time: 0.011694896221160888 seconds
Avg sample train. time: 0.0015709562088126567 seconds
Evaluating on validation set ...
Validation runtime: 0.0 hours, 0.0 minutes, 0.008466958999633789 seconds

Avg val. time: 0.0 hours, 0.0 minutes, 0.018336133523420853 seconds
Avg batch val. time: 0.018336133523420853 seconds
Avg sample val. time: 0.0022920166904276066 seconds
Epoch 40 Validation Summary: epoch: 40.000000 | loss: 0.838729 | accuracy: 0.625000 | precision: 0.690476 | 
Best accuracy was 0.75. Other metrics: OrderedDict([('epoch', 34), ('loss', 0.9833688735961914), ('accuracy', 0.75), ('precision', 0.8888888888888888)])
All Done!
Total runtime: 0.0 hours, 0.0 minutes, 7.7024126052856445 seconds

