Running:
src/main_5q.py --output_dir experiments --comment classification from Scratch --name VRS_fromScratch --records_file VRS_records.xls --data_dir /mnt/d/OneDrive - Southern Methodist University/Phone_Privacy/input_feature/all_norm_downsample_480p_s22 --data_class vrs --val_ratio 0.1 --epochs 40 --lr 0.001 --dropout 0.2 --batch_size 8 --num_layers 3 --num_heads 4 --optimizer RAdam --pos_encoding learnable --task classification --normalization none --key_metric accuracy

Using device: cuda
Loading and preprocessing data ...
135 samples may be used for training
16 samples will be used for validation
0 samples will be used for testing
Creating model ...
Model:
TSTransformerEncoderClassiregressor(
  (project_inp): Linear(in_features=39, out_features=64, bias=True)
  (pos_enc): LearnablePositionalEncoding(
    (dropout): Dropout(p=0.2, inplace=False)
  )
  (transformer_encoder): TransformerEncoder(
    (layers): ModuleList(
      (0-2): 3 x TransformerBatchNormEncoderLayer(
        (self_attn): MultiheadAttention(
          (out_proj): NonDynamicallyQuantizableLinear(in_features=64, out_features=64, bias=True)
        )
        (linear1): Linear(in_features=64, out_features=256, bias=True)
        (dropout): Dropout(p=0.2, inplace=False)
        (linear2): Linear(in_features=256, out_features=64, bias=True)
        (norm1): BatchNorm1d(64, eps=1e-05, momentum=0.1, affine=True, track_running_stats=True)
        (norm2): BatchNorm1d(64, eps=1e-05, momentum=0.1, affine=True, track_running_stats=True)
        (dropout1): Dropout(p=0.2, inplace=False)
        (dropout2): Dropout(p=0.2, inplace=False)
      )
    )
  )
  (dropout1): Dropout(p=0.2, inplace=False)
  (output_layer): Linear(in_features=5120, out_features=5, bias=True)
)
Total number of parameters: 183237
Trainable parameters: 183237
Evaluating on validation set ...
Validation runtime: 0.0 hours, 0.0 minutes, 0.2547304630279541 seconds

Avg val. time: 0.0 hours, 0.0 minutes, 0.2547304630279541 seconds
Avg batch val. time: 0.12736523151397705 seconds
Avg sample val. time: 0.01592065393924713 seconds
Epoch 0 Validation Summary: epoch: 0.000000 | loss: 2.724802 | accuracy: 0.187500 | precision: 0.187500 | 
Starting training...
Epoch 1 Training Summary: epoch: 1.000000 | loss: 1.687123 | 
Epoch runtime: 0.0 hours, 0.0 minutes, 0.2976095676422119 seconds

Avg epoch train. time: 0.0 hours, 0.0 minutes, 0.2976095676422119 seconds
Avg batch train. time: 0.01750644515542423 seconds
Avg sample train. time: 0.0022045153158682363 seconds
Evaluating on validation set ...
Validation runtime: 0.0 hours, 0.0 minutes, 0.010431051254272461 seconds

Avg val. time: 0.0 hours, 0.0 minutes, 0.13258075714111328 seconds
Avg batch val. time: 0.06629037857055664 seconds
Avg sample val. time: 0.00828629732131958 seconds
Epoch 1 Validation Summary: epoch: 1.000000 | loss: 1.617676 | accuracy: 0.187500 | precision: 0.188209 | 
Epoch 2 Training Summary: epoch: 2.000000 | loss: 1.671101 | 
Epoch runtime: 0.0 hours, 0.0 minutes, 0.17052626609802246 seconds

Avg epoch train. time: 0.0 hours, 0.0 minutes, 0.2340679168701172 seconds
Avg batch train. time: 0.013768700992359835 seconds
Avg sample train. time: 0.0017338364212601274 seconds
Evaluating on validation set ...
Validation runtime: 0.0 hours, 0.0 minutes, 0.011390924453735352 seconds

Avg val. time: 0.0 hours, 0.0 minutes, 0.09218414624532063 seconds
Avg batch val. time: 0.04609207312266032 seconds
Avg sample val. time: 0.00576150914033254 seconds
Epoch 2 Validation Summary: epoch: 2.000000 | loss: 1.608970 | accuracy: 0.312500 | precision: 0.324286 | 
Epoch 3 Training Summary: epoch: 3.000000 | loss: 1.627673 | 
Epoch runtime: 0.0 hours, 0.0 minutes, 0.17232704162597656 seconds

Avg epoch train. time: 0.0 hours, 0.0 minutes, 0.2134876251220703 seconds
Avg batch train. time: 0.0125580955954159 seconds
Avg sample train. time: 0.0015813898157190393 seconds
Epoch 4 Training Summary: epoch: 4.000000 | loss: 1.684886 | 
Epoch runtime: 0.0 hours, 0.0 minutes, 0.17919325828552246 seconds

Avg epoch train. time: 0.0 hours, 0.0 minutes, 0.20491403341293335 seconds
Avg batch train. time: 0.01205376667134902 seconds
Avg sample train. time: 0.0015178817289846914 seconds
Evaluating on validation set ...
Validation runtime: 0.0 hours, 0.0 minutes, 0.008971452713012695 seconds

Avg val. time: 0.0 hours, 0.0 minutes, 0.07138097286224365 seconds
Avg batch val. time: 0.035690486431121826 seconds
Avg sample val. time: 0.004461310803890228 seconds
Epoch 4 Validation Summary: epoch: 4.000000 | loss: 1.605851 | accuracy: 0.312500 | precision: 0.463736 | 
Epoch 5 Training Summary: epoch: 5.000000 | loss: 1.636243 | 
Epoch runtime: 0.0 hours, 0.0 minutes, 0.1832718849182129 seconds

Avg epoch train. time: 0.0 hours, 0.0 minutes, 0.20058560371398926 seconds
Avg batch train. time: 0.011799153159646428 seconds
Avg sample train. time: 0.0014858192867702909 seconds
Epoch 6 Training Summary: epoch: 6.000000 | loss: 1.673968 | 
Epoch runtime: 0.0 hours, 0.0 minutes, 0.18350601196289062 seconds

Avg epoch train. time: 0.0 hours, 0.0 minutes, 0.19773900508880615 seconds
Avg batch train. time: 0.01163170618169448 seconds
Avg sample train. time: 0.0014647333710281938 seconds
Evaluating on validation set ...
Validation runtime: 0.0 hours, 0.0 minutes, 0.010071992874145508 seconds

Avg val. time: 0.0 hours, 0.0 minutes, 0.05911917686462402 seconds
Avg batch val. time: 0.02955958843231201 seconds
Avg sample val. time: 0.0036949485540390013 seconds
Epoch 6 Validation Summary: epoch: 6.000000 | loss: 1.585704 | accuracy: 0.250000 | precision: 0.238462 | 
Epoch 7 Training Summary: epoch: 7.000000 | loss: 1.659359 | 
Epoch runtime: 0.0 hours, 0.0 minutes, 0.1961355209350586 seconds

Avg epoch train. time: 0.0 hours, 0.0 minutes, 0.19750993592398508 seconds
Avg batch train. time: 0.0116182315249403 seconds
Avg sample train. time: 0.0014630365623998895 seconds
Epoch 8 Training Summary: epoch: 8.000000 | loss: 1.570058 | 
Epoch runtime: 0.0 hours, 0.0 minutes, 0.1868269443511963 seconds

Avg epoch train. time: 0.0 hours, 0.0 minutes, 0.19617456197738647 seconds
Avg batch train. time: 0.011539680116316852 seconds
Avg sample train. time: 0.0014531449035361961 seconds
Evaluating on validation set ...
Validation runtime: 0.0 hours, 0.0 minutes, 0.011383533477783203 seconds

Avg val. time: 0.0 hours, 0.0 minutes, 0.05116323630015055 seconds
Avg batch val. time: 0.025581618150075276 seconds
Avg sample val. time: 0.0031977022687594094 seconds
Epoch 8 Validation Summary: epoch: 8.000000 | loss: 1.567897 | accuracy: 0.312500 | precision: 0.566667 | 
Epoch 9 Training Summary: epoch: 9.000000 | loss: 1.582271 | 
Epoch runtime: 0.0 hours, 0.0 minutes, 0.18324732780456543 seconds

Avg epoch train. time: 0.0 hours, 0.0 minutes, 0.1947382026248508 seconds
Avg batch train. time: 0.011455188389697106 seconds
Avg sample train. time: 0.0014425052046285246 seconds
Epoch 10 Training Summary: epoch: 10.000000 | loss: 1.604994 | 
Epoch runtime: 0.0 hours, 0.0 minutes, 0.18663454055786133 seconds

Avg epoch train. time: 0.0 hours, 0.0 minutes, 0.19392783641815187 seconds
Avg batch train. time: 0.011407519789303051 seconds
Avg sample train. time: 0.00143650249198631 seconds
Evaluating on validation set ...
Validation runtime: 0.0 hours, 0.0 minutes, 0.010615825653076172 seconds

Avg val. time: 0.0 hours, 0.0 minutes, 0.045370749064854214 seconds
Avg batch val. time: 0.022685374532427107 seconds
Avg sample val. time: 0.0028356718165533884 seconds
Epoch 10 Validation Summary: epoch: 10.000000 | loss: 1.547508 | accuracy: 0.250000 | precision: 0.194444 | 
Epoch 11 Training Summary: epoch: 11.000000 | loss: 1.548588 | 
Epoch runtime: 0.0 hours, 0.0 minutes, 0.1866145133972168 seconds

Avg epoch train. time: 0.0 hours, 0.0 minutes, 0.19326298887079413 seconds
Avg batch train. time: 0.011368411110046713 seconds
Avg sample train. time: 0.0014315776953392157 seconds
Epoch 12 Training Summary: epoch: 12.000000 | loss: 1.557016 | 
Epoch runtime: 0.0 hours, 0.0 minutes, 0.1884627342224121 seconds

Avg epoch train. time: 0.0 hours, 0.0 minutes, 0.1928629676500956 seconds
Avg batch train. time: 0.011344880450005625 seconds
Avg sample train. time: 0.0014286145751858934 seconds
Evaluating on validation set ...
Validation runtime: 0.0 hours, 0.0 minutes, 0.013541936874389648 seconds

Avg val. time: 0.0 hours, 0.0 minutes, 0.04139214754104614 seconds
Avg batch val. time: 0.02069607377052307 seconds
Avg sample val. time: 0.002587009221315384 seconds
Epoch 12 Validation Summary: epoch: 12.000000 | loss: 1.524042 | accuracy: 0.312500 | precision: 0.368687 | 
Epoch 13 Training Summary: epoch: 13.000000 | loss: 1.504608 | 
Epoch runtime: 0.0 hours, 0.0 minutes, 0.2028343677520752 seconds

Avg epoch train. time: 0.0 hours, 0.0 minutes, 0.19362999842717096 seconds
Avg batch train. time: 0.011389999907480644 seconds
Avg sample train. time: 0.001434296284645711 seconds
Epoch 14 Training Summary: epoch: 14.000000 | loss: 1.446915 | 
Epoch runtime: 0.0 hours, 0.0 minutes, 0.1918032169342041 seconds

Avg epoch train. time: 0.0 hours, 0.0 minutes, 0.1934995140348162 seconds
Avg batch train. time: 0.011382324354989188 seconds
Avg sample train. time: 0.001433329733591231 seconds
Evaluating on validation set ...
Validation runtime: 0.0 hours, 0.0 minutes, 0.011061668395996094 seconds

Avg val. time: 0.0 hours, 0.0 minutes, 0.03802209430270725 seconds
Avg batch val. time: 0.019011047151353624 seconds
Avg sample val. time: 0.002376380893919203 seconds
Epoch 14 Validation Summary: epoch: 14.000000 | loss: 1.509507 | accuracy: 0.250000 | precision: 0.250000 | 
Epoch 15 Training Summary: epoch: 15.000000 | loss: 1.428265 | 
Epoch runtime: 0.0 hours, 0.0 minutes, 0.18619561195373535 seconds

Avg epoch train. time: 0.0 hours, 0.0 minutes, 0.1930125872294108 seconds
Avg batch train. time: 0.011353681601730047 seconds
Avg sample train. time: 0.001429722868366006 seconds
Epoch 16 Training Summary: epoch: 16.000000 | loss: 1.369374 | 
Epoch runtime: 0.0 hours, 0.0 minutes, 0.18088436126708984 seconds

Avg epoch train. time: 0.0 hours, 0.0 minutes, 0.19225457310676575 seconds
Avg batch train. time: 0.011309092535692103 seconds
Avg sample train. time: 0.0014241079489390055 seconds
Evaluating on validation set ...
Validation runtime: 0.0 hours, 0.0 minutes, 0.010652542114257812 seconds

Avg val. time: 0.0 hours, 0.0 minutes, 0.035285139083862306 seconds
Avg batch val. time: 0.017642569541931153 seconds
Avg sample val. time: 0.002205321192741394 seconds
Epoch 16 Validation Summary: epoch: 16.000000 | loss: 1.368120 | accuracy: 0.562500 | precision: 0.638462 | 
Epoch 17 Training Summary: epoch: 17.000000 | loss: 1.328259 | 
Epoch runtime: 0.0 hours, 0.0 minutes, 0.19762086868286133 seconds

Avg epoch train. time: 0.0 hours, 0.0 minutes, 0.19257023755241842 seconds
Avg batch train. time: 0.011327661032495202 seconds
Avg sample train. time: 0.0014264462040919884 seconds
Epoch 18 Training Summary: epoch: 18.000000 | loss: 1.255112 | 
Epoch runtime: 0.0 hours, 0.0 minutes, 0.18820428848266602 seconds

Avg epoch train. time: 0.0 hours, 0.0 minutes, 0.19232768482632107 seconds
Avg batch train. time: 0.01131339322507771 seconds
Avg sample train. time: 0.001424649517232008 seconds
Evaluating on validation set ...
Validation runtime: 0.0 hours, 0.0 minutes, 0.011342763900756836 seconds

Avg val. time: 0.0 hours, 0.0 minutes, 0.03310855952176181 seconds
Avg batch val. time: 0.016554279760880905 seconds
Avg sample val. time: 0.002069284970110113 seconds
Epoch 18 Validation Summary: epoch: 18.000000 | loss: 1.305299 | accuracy: 0.437500 | precision: 0.433333 | 
Epoch 19 Training Summary: epoch: 19.000000 | loss: 1.225411 | 
Epoch runtime: 0.0 hours, 0.0 minutes, 0.17803430557250977 seconds

Avg epoch train. time: 0.0 hours, 0.0 minutes, 0.19157540170769943 seconds
Avg batch train. time: 0.011269141276923496 seconds
Avg sample train. time: 0.0014190770496866625 seconds
Epoch 20 Training Summary: epoch: 20.000000 | loss: 1.217102 | 
Epoch runtime: 0.0 hours, 0.0 minutes, 0.1831345558166504 seconds

Avg epoch train. time: 0.0 hours, 0.0 minutes, 0.19115335941314698 seconds
Avg batch train. time: 0.011244315259596882 seconds
Avg sample train. time: 0.0014159508104677554 seconds
Evaluating on validation set ...
Validation runtime: 0.0 hours, 0.0 minutes, 0.011080503463745117 seconds

Avg val. time: 0.0 hours, 0.0 minutes, 0.03127288818359375 seconds
Avg batch val. time: 0.015636444091796875 seconds
Avg sample val. time: 0.0019545555114746094 seconds
Epoch 20 Validation Summary: epoch: 20.000000 | loss: 1.191260 | accuracy: 0.562500 | precision: 0.752747 | 
Epoch 21 Training Summary: epoch: 21.000000 | loss: 1.177746 | 
Epoch runtime: 0.0 hours, 0.0 minutes, 0.17696166038513184 seconds

Avg epoch train. time: 0.0 hours, 0.0 minutes, 0.19047756422133671 seconds
Avg batch train. time: 0.0112045626012551 seconds
Avg sample train. time: 0.0014109449201580497 seconds
Epoch 22 Training Summary: epoch: 22.000000 | loss: 1.099273 | 
Epoch runtime: 0.0 hours, 0.0 minutes, 0.18454718589782715 seconds

Avg epoch train. time: 0.0 hours, 0.0 minutes, 0.1902080015702681 seconds
Avg batch train. time: 0.011188705974721653 seconds
Avg sample train. time: 0.0014089481597797638 seconds
Evaluating on validation set ...
Validation runtime: 0.0 hours, 0.0 minutes, 0.010387420654296875 seconds

Avg val. time: 0.0 hours, 0.0 minutes, 0.029666313758263223 seconds
Avg batch val. time: 0.014833156879131611 seconds
Avg sample val. time: 0.0018541446098914514 seconds
Epoch 22 Validation Summary: epoch: 22.000000 | loss: 1.109345 | accuracy: 0.625000 | precision: 0.565625 | 
Epoch 23 Training Summary: epoch: 23.000000 | loss: 1.074715 | 
Epoch runtime: 0.0 hours, 0.0 minutes, 0.17702317237854004 seconds

Avg epoch train. time: 0.0 hours, 0.0 minutes, 0.1896347481271495 seconds
Avg batch train. time: 0.01115498518394997 seconds
Avg sample train. time: 0.0014047018379788852 seconds
Epoch 24 Training Summary: epoch: 24.000000 | loss: 0.944079 | 
Epoch runtime: 0.0 hours, 0.0 minutes, 0.20153045654296875 seconds

Avg epoch train. time: 0.0 hours, 0.0 minutes, 0.1901304026444753 seconds
Avg batch train. time: 0.011184141332027959 seconds
Avg sample train. time: 0.0014083733529220393 seconds
Evaluating on validation set ...
Validation runtime: 0.0 hours, 0.0 minutes, 0.010259628295898438 seconds

Avg val. time: 0.0 hours, 0.0 minutes, 0.028280121939522878 seconds
Avg batch val. time: 0.014140060969761439 seconds
Avg sample val. time: 0.0017675076212201799 seconds
Epoch 24 Validation Summary: epoch: 24.000000 | loss: 1.147699 | accuracy: 0.562500 | precision: 0.656593 | 
Epoch 25 Training Summary: epoch: 25.000000 | loss: 0.939550 | 
Epoch runtime: 0.0 hours, 0.0 minutes, 0.17585039138793945 seconds

Avg epoch train. time: 0.0 hours, 0.0 minutes, 0.18955920219421388 seconds
Avg batch train. time: 0.011150541305541993 seconds
Avg sample train. time: 0.0014041422384756584 seconds
Epoch 26 Training Summary: epoch: 26.000000 | loss: 0.834426 | 
Epoch runtime: 0.0 hours, 0.0 minutes, 0.18251705169677734 seconds

Avg epoch train. time: 0.0 hours, 0.0 minutes, 0.18928835025200477 seconds
Avg batch train. time: 0.011134608838353223 seconds
Avg sample train. time: 0.001402135927792628 seconds
Evaluating on validation set ...
Validation runtime: 0.0 hours, 0.0 minutes, 0.01244211196899414 seconds

Avg val. time: 0.0 hours, 0.0 minutes, 0.027224254608154298 seconds
Avg batch val. time: 0.013612127304077149 seconds
Avg sample val. time: 0.0017015159130096436 seconds
Epoch 26 Validation Summary: epoch: 26.000000 | loss: 1.078815 | accuracy: 0.625000 | precision: 0.659375 | 
Epoch 27 Training Summary: epoch: 27.000000 | loss: 0.759769 | 
Epoch runtime: 0.0 hours, 0.0 minutes, 0.18275046348571777 seconds

Avg epoch train. time: 0.0 hours, 0.0 minutes, 0.18904620629769783 seconds
Avg batch train. time: 0.011120365076335167 seconds
Avg sample train. time: 0.0014003422688718358 seconds
Epoch 28 Training Summary: epoch: 28.000000 | loss: 0.714324 | 
Epoch runtime: 0.0 hours, 0.0 minutes, 0.17896389961242676 seconds

Avg epoch train. time: 0.0 hours, 0.0 minutes, 0.18868612391608103 seconds
Avg batch train. time: 0.011099183759769472 seconds
Avg sample train. time: 0.0013976749919709707 seconds
Evaluating on validation set ...
Validation runtime: 0.0 hours, 0.0 minutes, 0.010788917541503906 seconds

Avg val. time: 0.0 hours, 0.0 minutes, 0.026197046041488647 seconds
Avg batch val. time: 0.013098523020744324 seconds
Avg sample val. time: 0.0016373153775930405 seconds
Epoch 28 Validation Summary: epoch: 28.000000 | loss: 1.056976 | accuracy: 0.625000 | precision: 0.550000 | 
Epoch 29 Training Summary: epoch: 29.000000 | loss: 0.642673 | 
Epoch runtime: 0.0 hours, 0.0 minutes, 0.18957090377807617 seconds

Avg epoch train. time: 0.0 hours, 0.0 minutes, 0.18871663356649465 seconds
Avg batch train. time: 0.01110097844508792 seconds
Avg sample train. time: 0.0013979009893814419 seconds
Epoch 30 Training Summary: epoch: 30.000000 | loss: 0.705596 | 
Epoch runtime: 0.0 hours, 0.0 minutes, 0.19216346740722656 seconds

Avg epoch train. time: 0.0 hours, 0.0 minutes, 0.18883152802785239 seconds
Avg batch train. time: 0.011107736942814847 seconds
Avg sample train. time: 0.0013987520594655732 seconds
Evaluating on validation set ...
Validation runtime: 0.0 hours, 0.0 minutes, 0.010702133178710938 seconds

Avg val. time: 0.0 hours, 0.0 minutes, 0.025285580578972313 seconds
Avg batch val. time: 0.012642790289486157 seconds
Avg sample val. time: 0.0015803487861857696 seconds
Epoch 30 Validation Summary: epoch: 30.000000 | loss: 1.082031 | accuracy: 0.562500 | precision: 0.513542 | 
Epoch 31 Training Summary: epoch: 31.000000 | loss: 0.594568 | 
Epoch runtime: 0.0 hours, 0.0 minutes, 0.18599653244018555 seconds

Avg epoch train. time: 0.0 hours, 0.0 minutes, 0.18874007655728248 seconds
Avg batch train. time: 0.011102357444546029 seconds
Avg sample train. time: 0.0013980746411650553 seconds
Epoch 32 Training Summary: epoch: 32.000000 | loss: 0.541260 | 
Epoch runtime: 0.0 hours, 0.0 minutes, 0.18535399436950684 seconds

Avg epoch train. time: 0.0 hours, 0.0 minutes, 0.1886342614889145 seconds
Avg batch train. time: 0.011096133028759676 seconds
Avg sample train. time: 0.0013972908258438111 seconds
Evaluating on validation set ...
Validation runtime: 0.0 hours, 0.0 minutes, 0.010369539260864258 seconds

Avg val. time: 0.0 hours, 0.0 minutes, 0.024456911616855197 seconds
Avg batch val. time: 0.012228455808427598 seconds
Avg sample val. time: 0.0015285569760534498 seconds
Epoch 32 Validation Summary: epoch: 32.000000 | loss: 1.019641 | accuracy: 0.750000 | precision: 0.765625 | 
Epoch 33 Training Summary: epoch: 33.000000 | loss: 0.466929 | 
Epoch runtime: 0.0 hours, 0.0 minutes, 0.1889021396636963 seconds

Avg epoch train. time: 0.0 hours, 0.0 minutes, 0.18864237900936243 seconds
Avg batch train. time: 0.011096610529962496 seconds
Avg sample train. time: 0.0013973509556249068 seconds
Epoch 34 Training Summary: epoch: 34.000000 | loss: 0.457009 | 
Epoch runtime: 0.0 hours, 0.0 minutes, 0.18190407752990723 seconds

Avg epoch train. time: 0.0 hours, 0.0 minutes, 0.18844419367173137 seconds
Avg batch train. time: 0.011084952568925374 seconds
Avg sample train. time: 0.001395882916086899 seconds
Evaluating on validation set ...
Validation runtime: 0.0 hours, 0.0 minutes, 0.010360479354858398 seconds

Avg val. time: 0.0 hours, 0.0 minutes, 0.023714994129381682 seconds
Avg batch val. time: 0.011857497064690841 seconds
Avg sample val. time: 0.0014821871330863551 seconds
Epoch 34 Validation Summary: epoch: 34.000000 | loss: 1.087199 | accuracy: 0.625000 | precision: 0.618750 | 
Epoch 35 Training Summary: epoch: 35.000000 | loss: 0.441795 | 
Epoch runtime: 0.0 hours, 0.0 minutes, 0.1811366081237793 seconds

Avg epoch train. time: 0.0 hours, 0.0 minutes, 0.18823540551321846 seconds
Avg batch train. time: 0.011072670912542262 seconds
Avg sample train. time: 0.0013943363371349516 seconds
Epoch 36 Training Summary: epoch: 36.000000 | loss: 0.393142 | 
Epoch runtime: 0.0 hours, 0.0 minutes, 0.19734406471252441 seconds

Avg epoch train. time: 0.0 hours, 0.0 minutes, 0.1884884238243103 seconds
Avg batch train. time: 0.011087554342606488 seconds
Avg sample train. time: 0.001396210546846743 seconds
Evaluating on validation set ...
Validation runtime: 0.0 hours, 0.0 minutes, 0.012615442276000977 seconds

Avg val. time: 0.0 hours, 0.0 minutes, 0.023160016536712645 seconds
Avg batch val. time: 0.011580008268356323 seconds
Avg sample val. time: 0.0014475010335445403 seconds
Epoch 36 Validation Summary: epoch: 36.000000 | loss: 1.268329 | accuracy: 0.375000 | precision: 0.325000 | 
Epoch 37 Training Summary: epoch: 37.000000 | loss: 0.361162 | 
Epoch runtime: 0.0 hours, 0.0 minutes, 0.20494866371154785 seconds

Avg epoch train. time: 0.0 hours, 0.0 minutes, 0.188933295172614 seconds
Avg batch train. time: 0.011113723245447883 seconds
Avg sample train. time: 0.0013995058901675112 seconds
Epoch 38 Training Summary: epoch: 38.000000 | loss: 0.359253 | 
Epoch runtime: 0.0 hours, 0.0 minutes, 0.1890430450439453 seconds

Avg epoch train. time: 0.0 hours, 0.0 minutes, 0.18893618332712273 seconds
Avg batch train. time: 0.011113893136889572 seconds
Avg sample train. time: 0.0013995272839046127 seconds
Evaluating on validation set ...
Validation runtime: 0.0 hours, 0.0 minutes, 0.010174751281738281 seconds

Avg val. time: 0.0 hours, 0.0 minutes, 0.02254167057219006 seconds
Avg batch val. time: 0.01127083528609503 seconds
Avg sample val. time: 0.0014088544107618787 seconds
Epoch 38 Validation Summary: epoch: 38.000000 | loss: 1.441305 | accuracy: 0.500000 | precision: 0.568750 | 
Epoch 39 Training Summary: epoch: 39.000000 | loss: 0.261967 | 
Epoch runtime: 0.0 hours, 0.0 minutes, 0.1805565357208252 seconds

Avg epoch train. time: 0.0 hours, 0.0 minutes, 0.1887213205679869 seconds
Avg batch train. time: 0.011101254151058053 seconds
Avg sample train. time: 0.0013979357079110142 seconds
Epoch 40 Training Summary: epoch: 40.000000 | loss: 0.340148 | 
Epoch runtime: 0.0 hours, 0.0 minutes, 0.19568467140197754 seconds

Avg epoch train. time: 0.0 hours, 0.0 minutes, 0.18889540433883667 seconds
Avg batch train. time: 0.011111494372872746 seconds
Avg sample train. time: 0.001399225217324716 seconds
Evaluating on validation set ...
Validation runtime: 0.0 hours, 0.0 minutes, 0.011191368103027344 seconds

Avg val. time: 0.0 hours, 0.0 minutes, 0.022025747732682663 seconds
Avg batch val. time: 0.011012873866341331 seconds
Avg sample val. time: 0.0013766092332926664 seconds
Epoch 40 Validation Summary: epoch: 40.000000 | loss: 1.004649 | accuracy: 0.687500 | precision: 0.712500 | 
Best accuracy was 0.75. Other metrics: OrderedDict([('epoch', 32), ('loss', 1.019640564918518), ('accuracy', 0.75), ('precision', 0.765625)])
All Done!
Total runtime: 0.0 hours, 0.0 minutes, 12.1286141872406 seconds

