Running:
src/main_crosssetting.py --output_dir experiments --target_user Zeyu --user_othersetting ZeyuZoom --comment classification from Scratch --name VRS_fromScratch --records_file VRS_records.xls --data_dir /mnt/d/OneDrive - Southern Methodist University/Phone_Privacy/input_feature/all_processpos_norm_downsample_480p_s22 --test_data_dir /mnt/d/OneDrive - Southern Methodist University/Phone_Privacy/input_feature/all_processpos_norm_downsample_480p_s22 --data_class vrs --val_ratio 0.1 --epochs 40 --lr 0.001 --dropout 0.2 --batch_size 8 --num_layers 3 --num_heads 4 --optimizer RAdam --pos_encoding learnable --task classification --normalization none --key_metric accuracy

Using device: cuda
Loading and preprocessing data ...
1069 samples may be used for training
119 samples will be used for validation
0 samples will be used for testing
Creating model ...
Model:
TSTransformerEncoderClassiregressor(
  (project_inp): Linear(in_features=39, out_features=64, bias=True)
  (pos_enc): LearnablePositionalEncoding(
    (dropout): Dropout(p=0.2, inplace=False)
  )
  (transformer_encoder): TransformerEncoder(
    (layers): ModuleList(
      (0-2): 3 x TransformerBatchNormEncoderLayer(
        (self_attn): MultiheadAttention(
          (out_proj): NonDynamicallyQuantizableLinear(in_features=64, out_features=64, bias=True)
        )
        (linear1): Linear(in_features=64, out_features=256, bias=True)
        (dropout): Dropout(p=0.2, inplace=False)
        (linear2): Linear(in_features=256, out_features=64, bias=True)
        (norm1): BatchNorm1d(64, eps=1e-05, momentum=0.1, affine=True, track_running_stats=True)
        (norm2): BatchNorm1d(64, eps=1e-05, momentum=0.1, affine=True, track_running_stats=True)
        (dropout1): Dropout(p=0.2, inplace=False)
        (dropout2): Dropout(p=0.2, inplace=False)
      )
    )
  )
  (dropout1): Dropout(p=0.2, inplace=False)
  (output_layer): Linear(in_features=5120, out_features=5, bias=True)
)
Total number of parameters: 183237
Trainable parameters: 183237
Evaluating on validation set ...
Validation runtime: 0.0 hours, 0.0 minutes, 0.25853919982910156 seconds

Avg val. time: 0.0 hours, 0.0 minutes, 0.25853919982910156 seconds
Avg batch val. time: 0.017235946655273438 seconds
Avg sample val. time: 0.0021725983178916097 seconds
Epoch 0 Validation Summary: epoch: 0.000000 | loss: 3.684815 | accuracy: 0.184874 | precision: 0.129356 | 
Starting training...
Epoch 1 Training Summary: epoch: 1.000000 | loss: 1.682521 | 
Epoch runtime: 0.0 hours, 0.0 minutes, 1.433114767074585 seconds

Avg epoch train. time: 0.0 hours, 0.0 minutes, 1.433114767074585 seconds
Avg batch train. time: 0.010694886321452126 seconds
Avg sample train. time: 0.0013406125042793125 seconds
Evaluating on validation set ...
Validation runtime: 0.0 hours, 0.0 minutes, 0.04367375373840332 seconds

Avg val. time: 0.0 hours, 0.0 minutes, 0.15110647678375244 seconds
Avg batch val. time: 0.01007376511891683 seconds
Avg sample val. time: 0.0012698023259138862 seconds
Epoch 1 Validation Summary: epoch: 1.000000 | loss: 1.624262 | accuracy: 0.210084 | precision: 0.173809 | 
Epoch 2 Training Summary: epoch: 2.000000 | loss: 1.672700 | 
Epoch runtime: 0.0 hours, 0.0 minutes, 1.3843016624450684 seconds

Avg epoch train. time: 0.0 hours, 0.0 minutes, 1.4087082147598267 seconds
Avg batch train. time: 0.01051274787134199 seconds
Avg sample train. time: 0.0013177813047332335 seconds
Evaluating on validation set ...
Validation runtime: 0.0 hours, 0.0 minutes, 0.04819130897521973 seconds

Avg val. time: 0.0 hours, 0.0 minutes, 0.11680142084757487 seconds
Avg batch val. time: 0.007786761389838325 seconds
Avg sample val. time: 0.000981524544937604 seconds
Epoch 2 Validation Summary: epoch: 2.000000 | loss: 1.565620 | accuracy: 0.285714 | precision: 0.194490 | 
Epoch 3 Training Summary: epoch: 3.000000 | loss: 1.626211 | 
Epoch runtime: 0.0 hours, 0.0 minutes, 1.3818359375 seconds

Avg epoch train. time: 0.0 hours, 0.0 minutes, 1.399750789006551 seconds
Avg batch train. time: 0.01044590141049665 seconds
Avg sample train. time: 0.0013094020477142667 seconds
Epoch 4 Training Summary: epoch: 4.000000 | loss: 1.615683 | 
Epoch runtime: 0.0 hours, 0.0 minutes, 1.3050601482391357 seconds

Avg epoch train. time: 0.0 hours, 0.0 minutes, 1.3760781288146973 seconds
Avg batch train. time: 0.01026923976727386 seconds
Avg sample train. time: 0.001287257370266321 seconds
Evaluating on validation set ...
Validation runtime: 0.0 hours, 0.0 minutes, 0.04387617111206055 seconds

Avg val. time: 0.0 hours, 0.0 minutes, 0.09857010841369629 seconds
Avg batch val. time: 0.006571340560913086 seconds
Avg sample val. time: 0.000828320238770557 seconds
Epoch 4 Validation Summary: epoch: 4.000000 | loss: 1.572739 | accuracy: 0.277311 | precision: 0.424050 | 
Epoch 5 Training Summary: epoch: 5.000000 | loss: 1.527616 | 
Epoch runtime: 0.0 hours, 0.0 minutes, 1.3761401176452637 seconds

Avg epoch train. time: 0.0 hours, 0.0 minutes, 1.3760905265808105 seconds
Avg batch train. time: 0.010269332287916497 seconds
Avg sample train. time: 0.001287268967802442 seconds
Epoch 6 Training Summary: epoch: 6.000000 | loss: 1.539758 | 
Epoch runtime: 0.0 hours, 0.0 minutes, 1.369279384613037 seconds

Avg epoch train. time: 0.0 hours, 0.0 minutes, 1.3749553362528484 seconds
Avg batch train. time: 0.01026086071830484 seconds
Avg sample train. time: 0.0012862070498155737 seconds
Evaluating on validation set ...
Validation runtime: 0.0 hours, 0.0 minutes, 0.04657864570617676 seconds

Avg val. time: 0.0 hours, 0.0 minutes, 0.08817181587219239 seconds
Avg batch val. time: 0.005878121058146159 seconds
Avg sample val. time: 0.0007409396291780873 seconds
Epoch 6 Validation Summary: epoch: 6.000000 | loss: 1.444409 | accuracy: 0.352941 | precision: 0.334502 | 
Epoch 7 Training Summary: epoch: 7.000000 | loss: 1.525590 | 
Epoch runtime: 0.0 hours, 0.0 minutes, 1.4447364807128906 seconds

Avg epoch train. time: 0.0 hours, 0.0 minutes, 1.3849240711757116 seconds
Avg batch train. time: 0.010335254262505311 seconds
Avg sample train. time: 0.0012955323397340613 seconds
Epoch 8 Training Summary: epoch: 8.000000 | loss: 1.497818 | 
Epoch runtime: 0.0 hours, 0.0 minutes, 1.4565770626068115 seconds

Avg epoch train. time: 0.0 hours, 0.0 minutes, 1.393880695104599 seconds
Avg batch train. time: 0.01040209473958656 seconds
Avg sample train. time: 0.0013039108466834416 seconds
Evaluating on validation set ...
Validation runtime: 0.0 hours, 0.0 minutes, 0.047801971435546875 seconds

Avg val. time: 0.0 hours, 0.0 minutes, 0.0814435084660848 seconds
Avg batch val. time: 0.00542956723107232 seconds
Avg sample val. time: 0.0006843992308074353 seconds
Epoch 8 Validation Summary: epoch: 8.000000 | loss: 1.509538 | accuracy: 0.319328 | precision: 0.309829 | 
Epoch 9 Training Summary: epoch: 9.000000 | loss: 1.423348 | 
Epoch runtime: 0.0 hours, 0.0 minutes, 1.4348034858703613 seconds

Avg epoch train. time: 0.0 hours, 0.0 minutes, 1.3984276718563504 seconds
Avg batch train. time: 0.010436027401913062 seconds
Avg sample train. time: 0.001308164332887138 seconds
Epoch 10 Training Summary: epoch: 10.000000 | loss: 1.361063 | 
Epoch runtime: 0.0 hours, 0.0 minutes, 1.3435251712799072 seconds

Avg epoch train. time: 0.0 hours, 0.0 minutes, 1.392937421798706 seconds
Avg batch train. time: 0.010395055386557508 seconds
Avg sample train. time: 0.0013030284581840093 seconds
Evaluating on validation set ...
Validation runtime: 0.0 hours, 0.0 minutes, 0.045969486236572266 seconds

Avg val. time: 0.0 hours, 0.0 minutes, 0.07637579100472587 seconds
Avg batch val. time: 0.005091719400315058 seconds
Avg sample val. time: 0.0006418133697876124 seconds
Epoch 10 Validation Summary: epoch: 10.000000 | loss: 1.403067 | accuracy: 0.319328 | precision: 0.305621 | 
Epoch 11 Training Summary: epoch: 11.000000 | loss: 1.417231 | 
Epoch runtime: 0.0 hours, 0.0 minutes, 1.3185629844665527 seconds

Avg epoch train. time: 0.0 hours, 0.0 minutes, 1.3861761093139648 seconds
Avg batch train. time: 0.01034459783070123 seconds
Avg sample train. time: 0.001296703563436824 seconds
Epoch 12 Training Summary: epoch: 12.000000 | loss: 1.346162 | 
Epoch runtime: 0.0 hours, 0.0 minutes, 1.2937662601470947 seconds

Avg epoch train. time: 0.0 hours, 0.0 minutes, 1.378475288550059 seconds
Avg batch train. time: 0.010287129019030292 seconds
Avg sample train. time: 0.0012894998021983715 seconds
Evaluating on validation set ...
Validation runtime: 0.0 hours, 0.0 minutes, 0.045093536376953125 seconds

Avg val. time: 0.0 hours, 0.0 minutes, 0.07246550917625427 seconds
Avg batch val. time: 0.004831033945083618 seconds
Avg sample val. time: 0.0006089538586239855 seconds
Epoch 12 Validation Summary: epoch: 12.000000 | loss: 1.496972 | accuracy: 0.344538 | precision: 0.302578 | 
Epoch 13 Training Summary: epoch: 13.000000 | loss: 1.344191 | 
Epoch runtime: 0.0 hours, 0.0 minutes, 1.295170783996582 seconds

Avg epoch train. time: 0.0 hours, 0.0 minutes, 1.3720672497382531 seconds
Avg batch train. time: 0.010239307833867561 seconds
Avg sample train. time: 0.0012835053786138945 seconds
Epoch 14 Training Summary: epoch: 14.000000 | loss: 1.309554 | 
Epoch runtime: 0.0 hours, 0.0 minutes, 1.2702631950378418 seconds

Avg epoch train. time: 0.0 hours, 0.0 minutes, 1.3647955315453666 seconds
Avg batch train. time: 0.010185041280189303 seconds
Avg sample train. time: 0.001276703022961054 seconds
Evaluating on validation set ...
Validation runtime: 0.0 hours, 0.0 minutes, 0.04339909553527832 seconds

Avg val. time: 0.0 hours, 0.0 minutes, 0.06923590766059028 seconds
Avg batch val. time: 0.004615727177372685 seconds
Avg sample val. time: 0.0005818143500889939 seconds
Epoch 14 Validation Summary: epoch: 14.000000 | loss: 1.400928 | accuracy: 0.378151 | precision: 0.382835 | 
Epoch 15 Training Summary: epoch: 15.000000 | loss: 1.283430 | 
Epoch runtime: 0.0 hours, 0.0 minutes, 1.2911293506622314 seconds

Avg epoch train. time: 0.0 hours, 0.0 minutes, 1.3598844528198242 seconds
Avg batch train. time: 0.010148391438953911 seconds
Avg sample train. time: 0.0012721089362206027 seconds
Epoch 16 Training Summary: epoch: 16.000000 | loss: 1.290715 | 
Epoch runtime: 0.0 hours, 0.0 minutes, 1.2660648822784424 seconds

Avg epoch train. time: 0.0 hours, 0.0 minutes, 1.3540207296609879 seconds
Avg batch train. time: 0.010104632310902894 seconds
Avg sample train. time: 0.0012666236947249652 seconds
Evaluating on validation set ...
Validation runtime: 0.0 hours, 0.0 minutes, 0.04434967041015625 seconds

Avg val. time: 0.0 hours, 0.0 minutes, 0.06674728393554688 seconds
Avg batch val. time: 0.004449818929036458 seconds
Avg sample val. time: 0.0005609015456768645 seconds
Epoch 16 Validation Summary: epoch: 16.000000 | loss: 1.451383 | accuracy: 0.327731 | precision: 0.308439 | 
Epoch 17 Training Summary: epoch: 17.000000 | loss: 1.234118 | 
Epoch runtime: 0.0 hours, 0.0 minutes, 1.2806947231292725 seconds

Avg epoch train. time: 0.0 hours, 0.0 minutes, 1.3497074351591223 seconds
Avg batch train. time: 0.0100724435459636 seconds
Avg sample train. time: 0.0012625888074453903 seconds
Epoch 18 Training Summary: epoch: 18.000000 | loss: 1.246048 | 
Epoch runtime: 0.0 hours, 0.0 minutes, 1.288947582244873 seconds

Avg epoch train. time: 0.0 hours, 0.0 minutes, 1.3463318877749972 seconds
Avg batch train. time: 0.010047252893843263 seconds
Avg sample train. time: 0.001259431139172121 seconds
Evaluating on validation set ...
Validation runtime: 0.0 hours, 0.0 minutes, 0.045128583908081055 seconds

Avg val. time: 0.0 hours, 0.0 minutes, 0.06478194756941362 seconds
Avg batch val. time: 0.004318796504627575 seconds
Avg sample val. time: 0.0005443861140286859 seconds
Epoch 18 Validation Summary: epoch: 18.000000 | loss: 1.437613 | accuracy: 0.369748 | precision: 0.410300 | 
Epoch 19 Training Summary: epoch: 19.000000 | loss: 1.203142 | 
Epoch runtime: 0.0 hours, 0.0 minutes, 1.2546064853668213 seconds

Avg epoch train. time: 0.0 hours, 0.0 minutes, 1.3415042350166722 seconds
Avg batch train. time: 0.010011225634452777 seconds
Avg sample train. time: 0.0012549150935609655 seconds
Epoch 20 Training Summary: epoch: 20.000000 | loss: 1.196120 | 
Epoch runtime: 0.0 hours, 0.0 minutes, 1.2746410369873047 seconds

Avg epoch train. time: 0.0 hours, 0.0 minutes, 1.3381610751152038 seconds
Avg batch train. time: 0.009986276679964207 seconds
Avg sample train. time: 0.0012517877222780205 seconds
Evaluating on validation set ...
Validation runtime: 0.0 hours, 0.0 minutes, 0.04490923881530762 seconds

Avg val. time: 0.0 hours, 0.0 minutes, 0.06312588850657146 seconds
Avg batch val. time: 0.004208392567104763 seconds
Avg sample val. time: 0.0005304696513157265 seconds
Epoch 20 Validation Summary: epoch: 20.000000 | loss: 1.552441 | accuracy: 0.378151 | precision: 0.363930 | 
Epoch 21 Training Summary: epoch: 21.000000 | loss: 1.208259 | 
Epoch runtime: 0.0 hours, 0.0 minutes, 1.3569538593292236 seconds

Avg epoch train. time: 0.0 hours, 0.0 minutes, 1.3390559696015858 seconds
Avg batch train. time: 0.00999295499702676 seconds
Avg sample train. time: 0.0012526248546319793 seconds
Epoch 22 Training Summary: epoch: 22.000000 | loss: 1.188177 | 
Epoch runtime: 0.0 hours, 0.0 minutes, 1.3517589569091797 seconds

Avg epoch train. time: 0.0 hours, 0.0 minutes, 1.3396333781155674 seconds
Avg batch train. time: 0.009997264015787816 seconds
Avg sample train. time: 0.001253164993559932 seconds
Evaluating on validation set ...
Validation runtime: 0.0 hours, 0.0 minutes, 0.048126935958862305 seconds

Avg val. time: 0.0 hours, 0.0 minutes, 0.06197212292597844 seconds
Avg batch val. time: 0.0041314748617318955 seconds
Avg sample val. time: 0.0005207741422351129 seconds
Epoch 22 Validation Summary: epoch: 22.000000 | loss: 1.440289 | accuracy: 0.336134 | precision: 0.326120 | 
Epoch 23 Training Summary: epoch: 23.000000 | loss: 1.169373 | 
Epoch runtime: 0.0 hours, 0.0 minutes, 1.3322384357452393 seconds

Avg epoch train. time: 0.0 hours, 0.0 minutes, 1.3393118588820747 seconds
Avg batch train. time: 0.009994864618522946 seconds
Avg sample train. time: 0.0012528642272049344 seconds
Epoch 24 Training Summary: epoch: 24.000000 | loss: 1.193910 | 
Epoch runtime: 0.0 hours, 0.0 minutes, 1.2984721660614014 seconds

Avg epoch train. time: 0.0 hours, 0.0 minutes, 1.3376102050145466 seconds
Avg batch train. time: 0.009982165709063781 seconds
Avg sample train. time: 0.0012512724088068724 seconds
Evaluating on validation set ...
Validation runtime: 0.0 hours, 0.0 minutes, 0.046981096267700195 seconds

Avg val. time: 0.0 hours, 0.0 minutes, 0.060901335307529995 seconds
Avg batch val. time: 0.004060089020502 seconds
Avg sample val. time: 0.0005117759269540336 seconds
Epoch 24 Validation Summary: epoch: 24.000000 | loss: 1.447270 | accuracy: 0.327731 | precision: 0.354802 | 
Epoch 25 Training Summary: epoch: 25.000000 | loss: 1.152142 | 
Epoch runtime: 0.0 hours, 0.0 minutes, 1.3142552375793457 seconds

Avg epoch train. time: 0.0 hours, 0.0 minutes, 1.3366760063171386 seconds
Avg batch train. time: 0.009975194076993571 seconds
Avg sample train. time: 0.0012503985091834786 seconds
Epoch 26 Training Summary: epoch: 26.000000 | loss: 1.106273 | 
Epoch runtime: 0.0 hours, 0.0 minutes, 1.291085958480835 seconds

Avg epoch train. time: 0.0 hours, 0.0 minutes, 1.3349225429388194 seconds
Avg batch train. time: 0.009962108529394175 seconds
Avg sample train. time: 0.001248758225387109 seconds
Evaluating on validation set ...
Validation runtime: 0.0 hours, 0.0 minutes, 0.04534149169921875 seconds

Avg val. time: 0.0 hours, 0.0 minutes, 0.059864012400309245 seconds
Avg batch val. time: 0.003990934160020616 seconds
Avg sample val. time: 0.0005030589277336911 seconds
Epoch 26 Validation Summary: epoch: 26.000000 | loss: 1.607215 | accuracy: 0.319328 | precision: 0.324462 | 
Epoch 27 Training Summary: epoch: 27.000000 | loss: 1.100013 | 
Epoch runtime: 0.0 hours, 0.0 minutes, 1.3185391426086426 seconds

Avg epoch train. time: 0.0 hours, 0.0 minutes, 1.334315750333998 seconds
Avg batch train. time: 0.009957580226373119 seconds
Avg sample train. time: 0.0012481905990028045 seconds
Epoch 28 Training Summary: epoch: 28.000000 | loss: 1.112267 | 
Epoch runtime: 0.0 hours, 0.0 minutes, 1.4253520965576172 seconds

Avg epoch train. time: 0.0 hours, 0.0 minutes, 1.337567048413413 seconds
Avg batch train. time: 0.009981843644876217 seconds
Avg sample train. time: 0.0012512320378048765 seconds
Evaluating on validation set ...
Validation runtime: 0.0 hours, 0.0 minutes, 0.05037236213684082 seconds

Avg val. time: 0.0 hours, 0.0 minutes, 0.05927078425884247 seconds
Avg batch val. time: 0.0039513856172561646 seconds
Avg sample val. time: 0.0004980738173011972 seconds
Epoch 28 Validation Summary: epoch: 28.000000 | loss: 1.529886 | accuracy: 0.336134 | precision: 0.327025 | 
Epoch 29 Training Summary: epoch: 29.000000 | loss: 1.087924 | 
Epoch runtime: 0.0 hours, 0.0 minutes, 1.4908185005187988 seconds

Avg epoch train. time: 0.0 hours, 0.0 minutes, 1.342851581244633 seconds
Avg batch train. time: 0.010021280457049501 seconds
Avg sample train. time: 0.0012561754735684126 seconds
Epoch 30 Training Summary: epoch: 30.000000 | loss: 1.079592 | 
Epoch runtime: 0.0 hours, 0.0 minutes, 1.465090036392212 seconds

Avg epoch train. time: 0.0 hours, 0.0 minutes, 1.3469261964162191 seconds
Avg batch train. time: 0.010051688032956859 seconds
Avg sample train. time: 0.0012599870873865474 seconds
Evaluating on validation set ...
Validation runtime: 0.0 hours, 0.0 minutes, 0.04951000213623047 seconds

Avg val. time: 0.0 hours, 0.0 minutes, 0.058696620604571176 seconds
Avg batch val. time: 0.003913108040304745 seconds
Avg sample val. time: 0.0004932489126434552 seconds
Epoch 30 Validation Summary: epoch: 30.000000 | loss: 1.711533 | accuracy: 0.386555 | precision: 0.358377 | 
Epoch 31 Training Summary: epoch: 31.000000 | loss: 1.068080 | 
Epoch runtime: 0.0 hours, 0.0 minutes, 1.434337854385376 seconds

Avg epoch train. time: 0.0 hours, 0.0 minutes, 1.34974592731845 seconds
Avg batch train. time: 0.010072730800883955 seconds
Avg sample train. time: 0.0012626248150780636 seconds
Epoch 32 Training Summary: epoch: 32.000000 | loss: 1.036931 | 
Epoch runtime: 0.0 hours, 0.0 minutes, 1.4377970695495605 seconds

Avg epoch train. time: 0.0 hours, 0.0 minutes, 1.3524975255131721 seconds
Avg batch train. time: 0.010093265115769941 seconds
Avg sample train. time: 0.0012651988077765875 seconds
Evaluating on validation set ...
Validation runtime: 0.0 hours, 0.0 minutes, 0.05132007598876953 seconds

Avg val. time: 0.0 hours, 0.0 minutes, 0.058286812570359975 seconds
Avg batch val. time: 0.003885787504690665 seconds
Avg sample val. time: 0.0004898051476500838 seconds
Epoch 32 Validation Summary: epoch: 32.000000 | loss: 1.907709 | accuracy: 0.361345 | precision: 0.353926 | 
Epoch 33 Training Summary: epoch: 33.000000 | loss: 1.076779 | 
Epoch runtime: 0.0 hours, 0.0 minutes, 1.4915525913238525 seconds

Avg epoch train. time: 0.0 hours, 0.0 minutes, 1.3567113153862231 seconds
Avg batch train. time: 0.010124711308852412 seconds
Avg sample train. time: 0.0012691406130834642 seconds
Epoch 34 Training Summary: epoch: 34.000000 | loss: 1.026328 | 
Epoch runtime: 0.0 hours, 0.0 minutes, 1.466597318649292 seconds

Avg epoch train. time: 0.0 hours, 0.0 minutes, 1.3599432566586662 seconds
Avg batch train. time: 0.010148830273572136 seconds
Avg sample train. time: 0.00127216394448893 seconds
Evaluating on validation set ...
Validation runtime: 0.0 hours, 0.0 minutes, 0.053863525390625 seconds

Avg val. time: 0.0 hours, 0.0 minutes, 0.05805400798195287 seconds
Avg batch val. time: 0.003870267198796858 seconds
Avg sample val. time: 0.00048784880657103255 seconds
Epoch 34 Validation Summary: epoch: 34.000000 | loss: 1.841618 | accuracy: 0.336134 | precision: 0.342457 | 
Epoch 35 Training Summary: epoch: 35.000000 | loss: 1.049410 | 
Epoch runtime: 0.0 hours, 0.0 minutes, 1.453324317932129 seconds

Avg epoch train. time: 0.0 hours, 0.0 minutes, 1.3626112869807652 seconds
Avg batch train. time: 0.01016874094761765 seconds
Avg sample train. time: 0.0012746597633122218 seconds
Epoch 36 Training Summary: epoch: 36.000000 | loss: 1.015279 | 
Epoch runtime: 0.0 hours, 0.0 minutes, 1.487785816192627 seconds

Avg epoch train. time: 0.0 hours, 0.0 minutes, 1.3660883572366502 seconds
Avg batch train. time: 0.01019468923310933 seconds
Avg sample train. time: 0.0012779124015310105 seconds
Evaluating on validation set ...
Validation runtime: 0.0 hours, 0.0 minutes, 0.050256967544555664 seconds

Avg val. time: 0.0 hours, 0.0 minutes, 0.05766415596008301 seconds
Avg batch val. time: 0.003844277064005534 seconds
Avg sample val. time: 0.0004845727391603614 seconds
Epoch 36 Validation Summary: epoch: 36.000000 | loss: 1.770505 | accuracy: 0.361345 | precision: 0.373758 | 
Epoch 37 Training Summary: epoch: 37.000000 | loss: 1.002833 | 
Epoch runtime: 0.0 hours, 0.0 minutes, 1.47560715675354 seconds

Avg epoch train. time: 0.0 hours, 0.0 minutes, 1.369048324791161 seconds
Avg batch train. time: 0.01021677854321762 seconds
Avg sample train. time: 0.0012806813141170823 seconds
Epoch 38 Training Summary: epoch: 38.000000 | loss: 1.025779 | 
Epoch runtime: 0.0 hours, 0.0 minutes, 1.4858636856079102 seconds

Avg epoch train. time: 0.0 hours, 0.0 minutes, 1.3721224132337069 seconds
Avg batch train. time: 0.010239719501744082 seconds
Avg sample train. time: 0.001283556981509548 seconds
Evaluating on validation set ...
Validation runtime: 0.0 hours, 0.0 minutes, 0.05109977722167969 seconds

Avg val. time: 0.0 hours, 0.0 minutes, 0.05735156649634952 seconds
Avg batch val. time: 0.003823437766423301 seconds
Avg sample val. time: 0.0004819459369441136 seconds
Epoch 38 Validation Summary: epoch: 38.000000 | loss: 1.742462 | accuracy: 0.394958 | precision: 0.419441 | 
Epoch 39 Training Summary: epoch: 39.000000 | loss: 1.024042 | 
Epoch runtime: 0.0 hours, 0.0 minutes, 1.4315769672393799 seconds

Avg epoch train. time: 0.0 hours, 0.0 minutes, 1.373646888977442 seconds
Avg batch train. time: 0.010251096186398821 seconds
Avg sample train. time: 0.0012849830579770272 seconds
Epoch 40 Training Summary: epoch: 40.000000 | loss: 1.009254 | 
Epoch runtime: 0.0 hours, 0.0 minutes, 1.463667631149292 seconds

Avg epoch train. time: 0.0 hours, 0.0 minutes, 1.3758974075317383 seconds
Avg batch train. time: 0.01026789110098312 seconds
Avg sample train. time: 0.0012870883138744044 seconds
Evaluating on validation set ...
Validation runtime: 0.0 hours, 0.0 minutes, 0.05135536193847656 seconds

Avg val. time: 0.0 hours, 0.0 minutes, 0.057079011743718926 seconds
Avg batch val. time: 0.0038052674495812617 seconds
Avg sample val. time: 0.0004796555608715876 seconds
Epoch 40 Validation Summary: epoch: 40.000000 | loss: 1.653786 | accuracy: 0.420168 | precision: 0.410344 | 
Best accuracy was 0.42016806722689076. Other metrics: OrderedDict([('epoch', 40), ('loss', 1.6537864508749056), ('accuracy', 0.42016806722689076), ('precision', 0.4103439022667891)])
All Done!
Total runtime: 0.0 hours, 1.0 minutes, 11.205251693725586 seconds

