Running:
src/main_5q.py --output_dir experiments --comment classification from Scratch --name VRS_fromScratch --records_file VRS_records.xls --data_dir /mnt/d/OneDrive - Southern Methodist University/Phone_Privacy/input_feature/all_norm_downsample_480p_s22 --data_class vrs --val_ratio 0.1 --epochs 40 --lr 0.001 --dropout 0.2 --batch_size 8 --num_layers 3 --num_heads 4 --optimizer RAdam --pos_encoding learnable --task classification --normalization none --key_metric accuracy

Using device: cuda
Loading and preprocessing data ...
204 samples may be used for training
23 samples will be used for validation
0 samples will be used for testing
Creating model ...
Model:
TSTransformerEncoderClassiregressor(
  (project_inp): Linear(in_features=39, out_features=64, bias=True)
  (pos_enc): LearnablePositionalEncoding(
    (dropout): Dropout(p=0.2, inplace=False)
  )
  (transformer_encoder): TransformerEncoder(
    (layers): ModuleList(
      (0-2): 3 x TransformerBatchNormEncoderLayer(
        (self_attn): MultiheadAttention(
          (out_proj): NonDynamicallyQuantizableLinear(in_features=64, out_features=64, bias=True)
        )
        (linear1): Linear(in_features=64, out_features=256, bias=True)
        (dropout): Dropout(p=0.2, inplace=False)
        (linear2): Linear(in_features=256, out_features=64, bias=True)
        (norm1): BatchNorm1d(64, eps=1e-05, momentum=0.1, affine=True, track_running_stats=True)
        (norm2): BatchNorm1d(64, eps=1e-05, momentum=0.1, affine=True, track_running_stats=True)
        (dropout1): Dropout(p=0.2, inplace=False)
        (dropout2): Dropout(p=0.2, inplace=False)
      )
    )
  )
  (dropout1): Dropout(p=0.2, inplace=False)
  (output_layer): Linear(in_features=5120, out_features=5, bias=True)
)
Total number of parameters: 183237
Trainable parameters: 183237
Evaluating on validation set ...
Validation runtime: 0.0 hours, 0.0 minutes, 0.23531126976013184 seconds

Avg val. time: 0.0 hours, 0.0 minutes, 0.23531126976013184 seconds
Avg batch val. time: 0.07843708992004395 seconds
Avg sample val. time: 0.010230924772179645 seconds
Epoch 0 Validation Summary: epoch: 0.000000 | loss: 5.203749 | accuracy: 0.173913 | precision: 0.173913 | 
Starting training...
Epoch 1 Training Summary: epoch: 1.000000 | loss: 1.722247 | 
Epoch runtime: 0.0 hours, 0.0 minutes, 0.4106605052947998 seconds

Avg epoch train. time: 0.0 hours, 0.0 minutes, 0.4106605052947998 seconds
Avg batch train. time: 0.01579463481903076 seconds
Avg sample train. time: 0.002013041692621568 seconds
Evaluating on validation set ...
Validation runtime: 0.0 hours, 0.0 minutes, 0.013804197311401367 seconds

Avg val. time: 0.0 hours, 0.0 minutes, 0.1245577335357666 seconds
Avg batch val. time: 0.0415192445119222 seconds
Avg sample val. time: 0.005415553631989852 seconds
Epoch 1 Validation Summary: epoch: 1.000000 | loss: 1.610375 | accuracy: 0.260870 | precision: 0.258117 | 
Epoch 2 Training Summary: epoch: 2.000000 | loss: 1.713939 | 
Epoch runtime: 0.0 hours, 0.0 minutes, 0.26143789291381836 seconds

Avg epoch train. time: 0.0 hours, 0.0 minutes, 0.3360491991043091 seconds
Avg batch train. time: 0.01292496919631958 seconds
Avg sample train. time: 0.0016472999956093583 seconds
Evaluating on validation set ...
Validation runtime: 0.0 hours, 0.0 minutes, 0.012418270111083984 seconds

Avg val. time: 0.0 hours, 0.0 minutes, 0.08717791239420573 seconds
Avg batch val. time: 0.02905930413140191 seconds
Avg sample val. time: 0.00379034401713938 seconds
Epoch 2 Validation Summary: epoch: 2.000000 | loss: 1.612507 | accuracy: 0.130435 | precision: 0.095238 | 
Epoch 3 Training Summary: epoch: 3.000000 | loss: 1.670329 | 
Epoch runtime: 0.0 hours, 0.0 minutes, 0.2859687805175781 seconds

Avg epoch train. time: 0.0 hours, 0.0 minutes, 0.31935572624206543 seconds
Avg batch train. time: 0.012282912547771748 seconds
Avg sample train. time: 0.0015654692462846345 seconds
Epoch 4 Training Summary: epoch: 4.000000 | loss: 1.634798 | 
Epoch runtime: 0.0 hours, 0.0 minutes, 0.2890801429748535 seconds

Avg epoch train. time: 0.0 hours, 0.0 minutes, 0.31178683042526245 seconds
Avg batch train. time: 0.011991801170202402 seconds
Avg sample train. time: 0.00152836681581011 seconds
Evaluating on validation set ...
Validation runtime: 0.0 hours, 0.0 minutes, 0.013662576675415039 seconds

Avg val. time: 0.0 hours, 0.0 minutes, 0.06879907846450806 seconds
Avg batch val. time: 0.022933026154836018 seconds
Avg sample val. time: 0.0029912642810655675 seconds
Epoch 4 Validation Summary: epoch: 4.000000 | loss: 1.619555 | accuracy: 0.173913 | precision: 0.174242 | 
Epoch 5 Training Summary: epoch: 5.000000 | loss: 1.655663 | 
Epoch runtime: 0.0 hours, 0.0 minutes, 0.2978792190551758 seconds

Avg epoch train. time: 0.0 hours, 0.0 minutes, 0.3090053081512451 seconds
Avg batch train. time: 0.011884819544278658 seconds
Avg sample train. time: 0.001514731902702182 seconds
Epoch 6 Training Summary: epoch: 6.000000 | loss: 1.633139 | 
Epoch runtime: 0.0 hours, 0.0 minutes, 0.28374671936035156 seconds

Avg epoch train. time: 0.0 hours, 0.0 minutes, 0.3047955433527629 seconds
Avg batch train. time: 0.011722905513567803 seconds
Avg sample train. time: 0.0014940958007488377 seconds
Evaluating on validation set ...
Validation runtime: 0.0 hours, 0.0 minutes, 0.013387680053710938 seconds

Avg val. time: 0.0 hours, 0.0 minutes, 0.05771679878234863 seconds
Avg batch val. time: 0.019238932927449545 seconds
Avg sample val. time: 0.002509426034015158 seconds
Epoch 6 Validation Summary: epoch: 6.000000 | loss: 1.614511 | accuracy: 0.173913 | precision: 0.162500 | 
Epoch 7 Training Summary: epoch: 7.000000 | loss: 1.718767 | 
Epoch runtime: 0.0 hours, 0.0 minutes, 0.303086519241333 seconds

Avg epoch train. time: 0.0 hours, 0.0 minutes, 0.30455139705113005 seconds
Avg batch train. time: 0.01171351527119731 seconds
Avg sample train. time: 0.0014928990051525982 seconds
Epoch 8 Training Summary: epoch: 8.000000 | loss: 1.633307 | 
Epoch runtime: 0.0 hours, 0.0 minutes, 0.2925562858581543 seconds

Avg epoch train. time: 0.0 hours, 0.0 minutes, 0.30305200815200806 seconds
Avg batch train. time: 0.011655846467384925 seconds
Avg sample train. time: 0.001485549059568667 seconds
Evaluating on validation set ...
Validation runtime: 0.0 hours, 0.0 minutes, 0.014179229736328125 seconds

Avg val. time: 0.0 hours, 0.0 minutes, 0.05046053727467855 seconds
Avg batch val. time: 0.016820179091559518 seconds
Avg sample val. time: 0.0021939364032468934 seconds
Epoch 8 Validation Summary: epoch: 8.000000 | loss: 1.604060 | accuracy: 0.304348 | precision: 0.307398 | 
Epoch 9 Training Summary: epoch: 9.000000 | loss: 1.652409 | 
Epoch runtime: 0.0 hours, 0.0 minutes, 0.2838327884674072 seconds

Avg epoch train. time: 0.0 hours, 0.0 minutes, 0.30091653929816353 seconds
Avg batch train. time: 0.011573713049929367 seconds
Avg sample train. time: 0.0014750810749909976 seconds
Epoch 10 Training Summary: epoch: 10.000000 | loss: 1.603049 | 
Epoch runtime: 0.0 hours, 0.0 minutes, 0.2896873950958252 seconds

Avg epoch train. time: 0.0 hours, 0.0 minutes, 0.2997936248779297 seconds
Avg batch train. time: 0.011530524033766528 seconds
Avg sample train. time: 0.001469576592538871 seconds
Evaluating on validation set ...
Validation runtime: 0.0 hours, 0.0 minutes, 0.014699697494506836 seconds

Avg val. time: 0.0 hours, 0.0 minutes, 0.04535184587751116 seconds
Avg batch val. time: 0.015117281959170387 seconds
Avg sample val. time: 0.001971819385978746 seconds
Epoch 10 Validation Summary: epoch: 10.000000 | loss: 1.644466 | accuracy: 0.173913 | precision: 0.469597 | 
Epoch 11 Training Summary: epoch: 11.000000 | loss: 1.612525 | 
Epoch runtime: 0.0 hours, 0.0 minutes, 0.3086676597595215 seconds

Avg epoch train. time: 0.0 hours, 0.0 minutes, 0.30060035532171075 seconds
Avg batch train. time: 0.011561552127758105 seconds
Avg sample train. time: 0.0014735311535377979 seconds
Epoch 12 Training Summary: epoch: 12.000000 | loss: 1.552633 | 
Epoch runtime: 0.0 hours, 0.0 minutes, 0.28964805603027344 seconds

Avg epoch train. time: 0.0 hours, 0.0 minutes, 0.299687663714091 seconds
Avg batch train. time: 0.011526448604388116 seconds
Avg sample train. time: 0.0014690571750690736 seconds
Evaluating on validation set ...
Validation runtime: 0.0 hours, 0.0 minutes, 0.01424717903137207 seconds

Avg val. time: 0.0 hours, 0.0 minutes, 0.041463762521743774 seconds
Avg batch val. time: 0.013821254173914591 seconds
Avg sample val. time: 0.0018027722835540771 seconds
Epoch 12 Validation Summary: epoch: 12.000000 | loss: 1.575299 | accuracy: 0.217391 | precision: 0.256450 | 
Epoch 13 Training Summary: epoch: 13.000000 | loss: 1.594879 | 
Epoch runtime: 0.0 hours, 0.0 minutes, 0.2796359062194824 seconds

Avg epoch train. time: 0.0 hours, 0.0 minutes, 0.2981452208298903 seconds
Avg batch train. time: 0.011467123878072704 seconds
Avg sample train. time: 0.001461496180538678 seconds
Epoch 14 Training Summary: epoch: 14.000000 | loss: 1.545808 | 
Epoch runtime: 0.0 hours, 0.0 minutes, 0.2837798595428467 seconds

Avg epoch train. time: 0.0 hours, 0.0 minutes, 0.2971191235951015 seconds
Avg batch train. time: 0.011427658599811596 seconds
Avg sample train. time: 0.0014564662921328505 seconds
Evaluating on validation set ...
Validation runtime: 0.0 hours, 0.0 minutes, 0.013009786605834961 seconds

Avg val. time: 0.0 hours, 0.0 minutes, 0.038302209642198354 seconds
Avg batch val. time: 0.012767403214066117 seconds
Avg sample val. time: 0.0016653134627042762 seconds
Epoch 14 Validation Summary: epoch: 14.000000 | loss: 1.557603 | accuracy: 0.304348 | precision: 0.231481 | 
Epoch 15 Training Summary: epoch: 15.000000 | loss: 1.457590 | 
Epoch runtime: 0.0 hours, 0.0 minutes, 0.2788965702056885 seconds

Avg epoch train. time: 0.0 hours, 0.0 minutes, 0.295904286702474 seconds
Avg batch train. time: 0.011380934103941307 seconds
Avg sample train. time: 0.001450511209325853 seconds
Epoch 16 Training Summary: epoch: 16.000000 | loss: 1.453438 | 
Epoch runtime: 0.0 hours, 0.0 minutes, 0.2852327823638916 seconds

Avg epoch train. time: 0.0 hours, 0.0 minutes, 0.29523731768131256 seconds
Avg batch train. time: 0.011355281449281253 seconds
Avg sample train. time: 0.0014472417533397675 seconds
Evaluating on validation set ...
Validation runtime: 0.0 hours, 0.0 minutes, 0.015940427780151367 seconds

Avg val. time: 0.0 hours, 0.0 minutes, 0.03606603145599365 seconds
Avg batch val. time: 0.012022010485331218 seconds
Avg sample val. time: 0.001568088324173637 seconds
Epoch 16 Validation Summary: epoch: 16.000000 | loss: 1.555333 | accuracy: 0.304348 | precision: 0.219203 | 
Epoch 17 Training Summary: epoch: 17.000000 | loss: 1.463253 | 
Epoch runtime: 0.0 hours, 0.0 minutes, 0.28771376609802246 seconds

Avg epoch train. time: 0.0 hours, 0.0 minutes, 0.294794755823472 seconds
Avg batch train. time: 0.011338259839364307 seconds
Avg sample train. time: 0.001445072332468 seconds
Epoch 18 Training Summary: epoch: 18.000000 | loss: 1.328355 | 
Epoch runtime: 0.0 hours, 0.0 minutes, 0.31237006187438965 seconds

Avg epoch train. time: 0.0 hours, 0.0 minutes, 0.29577116171518963 seconds
Avg batch train. time: 0.011375813912122678 seconds
Avg sample train. time: 0.0014498586358587728 seconds
Evaluating on validation set ...
Validation runtime: 0.0 hours, 0.0 minutes, 0.015215635299682617 seconds

Avg val. time: 0.0 hours, 0.0 minutes, 0.03417054089632901 seconds
Avg batch val. time: 0.011390180298776337 seconds
Avg sample val. time: 0.0014856756911447396 seconds
Epoch 18 Validation Summary: epoch: 18.000000 | loss: 1.472647 | accuracy: 0.347826 | precision: 0.499339 | 
Epoch 19 Training Summary: epoch: 19.000000 | loss: 1.269519 | 
Epoch runtime: 0.0 hours, 0.0 minutes, 0.28790760040283203 seconds

Avg epoch train. time: 0.0 hours, 0.0 minutes, 0.2953572900671708 seconds
Avg batch train. time: 0.011359895771814262 seconds
Avg sample train. time: 0.0014478298532704453 seconds
Epoch 20 Training Summary: epoch: 20.000000 | loss: 1.231235 | 
Epoch runtime: 0.0 hours, 0.0 minutes, 0.280048131942749 seconds

Avg epoch train. time: 0.0 hours, 0.0 minutes, 0.2945918321609497 seconds
Avg batch train. time: 0.01133045508311345 seconds
Avg sample train. time: 0.0014440776086321063 seconds
Evaluating on validation set ...
Validation runtime: 0.0 hours, 0.0 minutes, 0.013411998748779297 seconds

Avg val. time: 0.0 hours, 0.0 minutes, 0.0324406623840332 seconds
Avg batch val. time: 0.010813554128011068 seconds
Avg sample val. time: 0.0014104635819144871 seconds
Epoch 20 Validation Summary: epoch: 20.000000 | loss: 1.535909 | accuracy: 0.347826 | precision: 0.371825 | 
Epoch 21 Training Summary: epoch: 21.000000 | loss: 1.216358 | 
Epoch runtime: 0.0 hours, 0.0 minutes, 0.3022639751434326 seconds

Avg epoch train. time: 0.0 hours, 0.0 minutes, 0.2949571723029727 seconds
Avg batch train. time: 0.01134450662703741 seconds
Avg sample train. time: 0.0014458684916812386 seconds
Epoch 22 Training Summary: epoch: 22.000000 | loss: 1.136293 | 
Epoch runtime: 0.0 hours, 0.0 minutes, 0.29905176162719727 seconds

Avg epoch train. time: 0.0 hours, 0.0 minutes, 0.2951432899995284 seconds
Avg batch train. time: 0.01135166499998186 seconds
Avg sample train. time: 0.0014467808333310215 seconds
Evaluating on validation set ...
Validation runtime: 0.0 hours, 0.0 minutes, 0.01648116111755371 seconds

Avg val. time: 0.0 hours, 0.0 minutes, 0.031213008440457858 seconds
Avg batch val. time: 0.010404336146819286 seconds
Avg sample val. time: 0.0013570873234981678 seconds
Epoch 22 Validation Summary: epoch: 22.000000 | loss: 1.462631 | accuracy: 0.521739 | precision: 0.618841 | 
Epoch 23 Training Summary: epoch: 23.000000 | loss: 1.080760 | 
Epoch runtime: 0.0 hours, 0.0 minutes, 0.3002479076385498 seconds

Avg epoch train. time: 0.0 hours, 0.0 minutes, 0.29536522989687714 seconds
Avg batch train. time: 0.01136020114987989 seconds
Avg sample train. time: 0.0014478687740042996 seconds
Epoch 24 Training Summary: epoch: 24.000000 | loss: 1.113854 | 
Epoch runtime: 0.0 hours, 0.0 minutes, 0.31093788146972656 seconds

Avg epoch train. time: 0.0 hours, 0.0 minutes, 0.29601409037907916 seconds
Avg batch train. time: 0.011385157322272275 seconds
Avg sample train. time: 0.001451049462642545 seconds
Evaluating on validation set ...
Validation runtime: 0.0 hours, 0.0 minutes, 0.013735055923461914 seconds

Avg val. time: 0.0 hours, 0.0 minutes, 0.029964583260672435 seconds
Avg batch val. time: 0.009988194420224144 seconds
Avg sample val. time: 0.0013028079678553232 seconds
Epoch 24 Validation Summary: epoch: 24.000000 | loss: 1.539506 | accuracy: 0.478261 | precision: 0.361111 | 
Epoch 25 Training Summary: epoch: 25.000000 | loss: 0.986116 | 
Epoch runtime: 0.0 hours, 0.0 minutes, 0.28774142265319824 seconds

Avg epoch train. time: 0.0 hours, 0.0 minutes, 0.2956831836700439 seconds
Avg batch train. time: 0.011372430141155536 seconds
Avg sample train. time: 0.0014494273709315878 seconds
Epoch 26 Training Summary: epoch: 26.000000 | loss: 0.932379 | 
Epoch runtime: 0.0 hours, 0.0 minutes, 0.2833123207092285 seconds

Avg epoch train. time: 0.0 hours, 0.0 minutes, 0.2952073812484741 seconds
Avg batch train. time: 0.011354130048018236 seconds
Avg sample train. time: 0.001447095006119971 seconds
Evaluating on validation set ...
Validation runtime: 0.0 hours, 0.0 minutes, 0.014324188232421875 seconds

Avg val. time: 0.0 hours, 0.0 minutes, 0.028921890258789062 seconds
Avg batch val. time: 0.00964063008626302 seconds
Avg sample val. time: 0.001257473489512568 seconds
Epoch 26 Validation Summary: epoch: 26.000000 | loss: 1.612389 | accuracy: 0.304348 | precision: 0.385611 | 
Epoch 27 Training Summary: epoch: 27.000000 | loss: 0.909256 | 
Epoch runtime: 0.0 hours, 0.0 minutes, 0.29230308532714844 seconds

Avg epoch train. time: 0.0 hours, 0.0 minutes, 0.29509981473286945 seconds
Avg batch train. time: 0.011349992874341132 seconds
Avg sample train. time: 0.001446567719278772 seconds
Epoch 28 Training Summary: epoch: 28.000000 | loss: 0.851916 | 
Epoch runtime: 0.0 hours, 0.0 minutes, 0.3004791736602783 seconds

Avg epoch train. time: 0.0 hours, 0.0 minutes, 0.29529193469456266 seconds
Avg batch train. time: 0.011357382103637025 seconds
Avg sample train. time: 0.0014475094837968759 seconds
Evaluating on validation set ...
Validation runtime: 0.0 hours, 0.0 minutes, 0.013241052627563477 seconds

Avg val. time: 0.0 hours, 0.0 minutes, 0.027941837906837463 seconds
Avg batch val. time: 0.009313945968945822 seconds
Avg sample val. time: 0.0012148625176885853 seconds
Epoch 28 Validation Summary: epoch: 28.000000 | loss: 1.434336 | accuracy: 0.391304 | precision: 0.366667 | 
Epoch 29 Training Summary: epoch: 29.000000 | loss: 0.756495 | 
Epoch runtime: 0.0 hours, 0.0 minutes, 0.2870955467224121 seconds

Avg epoch train. time: 0.0 hours, 0.0 minutes, 0.29500930062655745 seconds
Avg batch train. time: 0.011346511562559902 seconds
Avg sample train. time: 0.0014461240226792032 seconds
Epoch 30 Training Summary: epoch: 30.000000 | loss: 0.746566 | 
Epoch runtime: 0.0 hours, 0.0 minutes, 0.29256510734558105 seconds

Avg epoch train. time: 0.0 hours, 0.0 minutes, 0.29492782751719154 seconds
Avg batch train. time: 0.011343377981430444 seconds
Avg sample train. time: 0.0014457246446921155 seconds
Evaluating on validation set ...
Validation runtime: 0.0 hours, 0.0 minutes, 0.014018535614013672 seconds

Avg val. time: 0.0 hours, 0.0 minutes, 0.027122820124906653 seconds
Avg batch val. time: 0.009040940041635552 seconds
Avg sample val. time: 0.0011792530489089848 seconds
Epoch 30 Validation Summary: epoch: 30.000000 | loss: 1.645914 | accuracy: 0.478261 | precision: 0.457039 | 
Epoch 31 Training Summary: epoch: 31.000000 | loss: 0.726892 | 
Epoch runtime: 0.0 hours, 0.0 minutes, 0.29624342918395996 seconds

Avg epoch train. time: 0.0 hours, 0.0 minutes, 0.2949702662806357 seconds
Avg batch train. time: 0.011345010241562913 seconds
Avg sample train. time: 0.0014459326778462536 seconds
Epoch 32 Training Summary: epoch: 32.000000 | loss: 0.702222 | 
Epoch runtime: 0.0 hours, 0.0 minutes, 0.2919483184814453 seconds

Avg epoch train. time: 0.0 hours, 0.0 minutes, 0.294875830411911 seconds
Avg batch train. time: 0.011341378092765808 seconds
Avg sample train. time: 0.0014454697569211323 seconds
Evaluating on validation set ...
Validation runtime: 0.0 hours, 0.0 minutes, 0.013908863067626953 seconds

Avg val. time: 0.0 hours, 0.0 minutes, 0.026388711399502225 seconds
Avg batch val. time: 0.008796237133167408 seconds
Avg sample val. time: 0.0011473352782392272 seconds
Epoch 32 Validation Summary: epoch: 32.000000 | loss: 1.965758 | accuracy: 0.304348 | precision: 0.246377 | 
Epoch 33 Training Summary: epoch: 33.000000 | loss: 0.763654 | 
Epoch runtime: 0.0 hours, 0.0 minutes, 0.28258228302001953 seconds

Avg epoch train. time: 0.0 hours, 0.0 minutes, 0.29450329867276276 seconds
Avg batch train. time: 0.011327049948952414 seconds
Avg sample train. time: 0.0014436436209449156 seconds
Epoch 34 Training Summary: epoch: 34.000000 | loss: 0.604816 | 
Epoch runtime: 0.0 hours, 0.0 minutes, 0.30845189094543457 seconds

Avg epoch train. time: 0.0 hours, 0.0 minutes, 0.2949135513866649 seconds
Avg batch train. time: 0.011342828899487113 seconds
Avg sample train. time: 0.001445654663660122 seconds
Evaluating on validation set ...
Validation runtime: 0.0 hours, 0.0 minutes, 0.013928651809692383 seconds

Avg val. time: 0.0 hours, 0.0 minutes, 0.025732918789512234 seconds
Avg batch val. time: 0.008577639596504079 seconds
Avg sample val. time: 0.0011188225560657492 seconds
Epoch 34 Validation Summary: epoch: 34.000000 | loss: 1.679819 | accuracy: 0.391304 | precision: 0.456004 | 
Epoch 35 Training Summary: epoch: 35.000000 | loss: 0.657533 | 
Epoch runtime: 0.0 hours, 0.0 minutes, 0.2874631881713867 seconds

Avg epoch train. time: 0.0 hours, 0.0 minutes, 0.2947006838662284 seconds
Avg batch train. time: 0.01133464168716263 seconds
Avg sample train. time: 0.0014446111954226882 seconds
Epoch 36 Training Summary: epoch: 36.000000 | loss: 0.528241 | 
Epoch runtime: 0.0 hours, 0.0 minutes, 0.290388822555542 seconds

Avg epoch train. time: 0.0 hours, 0.0 minutes, 0.29458090994093156 seconds
Avg batch train. time: 0.011330034997728137 seconds
Avg sample train. time: 0.0014440240683378997 seconds
Evaluating on validation set ...
Validation runtime: 0.0 hours, 0.0 minutes, 0.013785362243652344 seconds

Avg val. time: 0.0 hours, 0.0 minutes, 0.02513554096221924 seconds
Avg batch val. time: 0.00837851365407308 seconds
Avg sample val. time: 0.0010928496070530104 seconds
Epoch 36 Validation Summary: epoch: 36.000000 | loss: 1.875244 | accuracy: 0.434783 | precision: 0.420807 | 
Epoch 37 Training Summary: epoch: 37.000000 | loss: 0.480741 | 
Epoch runtime: 0.0 hours, 0.0 minutes, 0.29859399795532227 seconds

Avg epoch train. time: 0.0 hours, 0.0 minutes, 0.2946893717791583 seconds
Avg batch train. time: 0.011334206606890706 seconds
Avg sample train. time: 0.001444555744015482 seconds
Epoch 38 Training Summary: epoch: 38.000000 | loss: 0.520261 | 
Epoch runtime: 0.0 hours, 0.0 minutes, 0.2953989505767822 seconds

Avg epoch train. time: 0.0 hours, 0.0 minutes, 0.2947080449054116 seconds
Avg batch train. time: 0.011334924804054292 seconds
Avg sample train. time: 0.001444647278948096 seconds
Evaluating on validation set ...
Validation runtime: 0.0 hours, 0.0 minutes, 0.014472007751464844 seconds

Avg val. time: 0.0 hours, 0.0 minutes, 0.024627753666469028 seconds
Avg batch val. time: 0.008209251222156343 seconds
Avg sample val. time: 0.0010707718985421316 seconds
Epoch 38 Validation Summary: epoch: 38.000000 | loss: 1.959334 | accuracy: 0.347826 | precision: 0.500000 | 
Epoch 39 Training Summary: epoch: 39.000000 | loss: 0.410647 | 
Epoch runtime: 0.0 hours, 0.0 minutes, 0.27591872215270996 seconds

Avg epoch train. time: 0.0 hours, 0.0 minutes, 0.29422626739893204 seconds
Avg batch train. time: 0.011316394899958924 seconds
Avg sample train. time: 0.001442285624504569 seconds
Epoch 40 Training Summary: epoch: 40.000000 | loss: 0.404443 | 
Epoch runtime: 0.0 hours, 0.0 minutes, 0.28023242950439453 seconds

Avg epoch train. time: 0.0 hours, 0.0 minutes, 0.2938764214515686 seconds
Avg batch train. time: 0.011302939286598793 seconds
Avg sample train. time: 0.0014405706933900422 seconds
Evaluating on validation set ...
Validation runtime: 0.0 hours, 0.0 minutes, 0.013663768768310547 seconds

Avg val. time: 0.0 hours, 0.0 minutes, 0.024129390716552734 seconds
Avg batch val. time: 0.008043130238850912 seconds
Avg sample val. time: 0.0010491039441979449 seconds
Epoch 40 Validation Summary: epoch: 40.000000 | loss: 2.103398 | accuracy: 0.434783 | precision: 0.439484 | 
Best accuracy was 0.5217391304347826. Other metrics: OrderedDict([('epoch', 22), ('loss', 1.4626313914423403), ('accuracy', 0.5217391304347826), ('precision', 0.6188405797101448)])
All Done!
Total runtime: 0.0 hours, 0.0 minutes, 17.773527145385742 seconds

