Running:
src/main_crosssetting.py --output_dir experiments --target_user ZeyuZoom --user_othersetting Zeyu --comment classification from Scratch --name VRS_fromScratch --records_file VRS_records.xls --data_dir /mnt/d/OneDrive - Southern Methodist University/Phone_Privacy/input_feature/opticalflow_22_downsample_480p_s22 --test_data_dir /mnt/d/OneDrive - Southern Methodist University/Phone_Privacy/input_feature/opticalflow_22_downsample_480p_s22 --data_class vrs --val_ratio 0.1 --epochs 40 --lr 0.001 --dropout 0.2 --batch_size 8 --num_layers 3 --num_heads 4 --optimizer RAdam --pos_encoding learnable --task classification --normalization none --key_metric accuracy

Using device: cuda
Loading and preprocessing data ...
67 samples may be used for training
8 samples will be used for validation
0 samples will be used for testing
Creating model ...
Model:
TSTransformerEncoderClassiregressor(
  (project_inp): Linear(in_features=8, out_features=64, bias=True)
  (pos_enc): LearnablePositionalEncoding(
    (dropout): Dropout(p=0.2, inplace=False)
  )
  (transformer_encoder): TransformerEncoder(
    (layers): ModuleList(
      (0-2): 3 x TransformerBatchNormEncoderLayer(
        (self_attn): MultiheadAttention(
          (out_proj): NonDynamicallyQuantizableLinear(in_features=64, out_features=64, bias=True)
        )
        (linear1): Linear(in_features=64, out_features=256, bias=True)
        (dropout): Dropout(p=0.2, inplace=False)
        (linear2): Linear(in_features=256, out_features=64, bias=True)
        (norm1): BatchNorm1d(64, eps=1e-05, momentum=0.1, affine=True, track_running_stats=True)
        (norm2): BatchNorm1d(64, eps=1e-05, momentum=0.1, affine=True, track_running_stats=True)
        (dropout1): Dropout(p=0.2, inplace=False)
        (dropout2): Dropout(p=0.2, inplace=False)
      )
    )
  )
  (dropout1): Dropout(p=0.2, inplace=False)
  (output_layer): Linear(in_features=5120, out_features=5, bias=True)
)
Total number of parameters: 181253
Trainable parameters: 181253
Evaluating on validation set ...
Validation runtime: 0.0 hours, 0.0 minutes, 0.2249011993408203 seconds

Avg val. time: 0.0 hours, 0.0 minutes, 0.2249011993408203 seconds
Avg batch val. time: 0.2249011993408203 seconds
Avg sample val. time: 0.02811264991760254 seconds
Epoch 0 Validation Summary: epoch: 0.000000 | loss: 4.671167 | accuracy: 0.250000 | precision: 0.190476 | 
Starting training...
Epoch 1 Training Summary: epoch: 1.000000 | loss: 1.679689 | 
Epoch runtime: 0.0 hours, 0.0 minutes, 0.21048927307128906 seconds

Avg epoch train. time: 0.0 hours, 0.0 minutes, 0.21048927307128906 seconds
Avg batch train. time: 0.023387697007921007 seconds
Avg sample train. time: 0.0031416309413625234 seconds
Evaluating on validation set ...
Validation runtime: 0.0 hours, 0.0 minutes, 0.006828784942626953 seconds

Avg val. time: 0.0 hours, 0.0 minutes, 0.11586499214172363 seconds
Avg batch val. time: 0.11586499214172363 seconds
Avg sample val. time: 0.014483124017715454 seconds
Epoch 1 Validation Summary: epoch: 1.000000 | loss: 1.538211 | accuracy: 0.250000 | precision: 0.133333 | 
Epoch 2 Training Summary: epoch: 2.000000 | loss: 1.658241 | 
Epoch runtime: 0.0 hours, 0.0 minutes, 0.08618593215942383 seconds

Avg epoch train. time: 0.0 hours, 0.0 minutes, 0.14833760261535645 seconds
Avg batch train. time: 0.016481955846150715 seconds
Avg sample train. time: 0.002213994068885917 seconds
Evaluating on validation set ...
Validation runtime: 0.0 hours, 0.0 minutes, 0.006720066070556641 seconds

Avg val. time: 0.0 hours, 0.0 minutes, 0.0794833501180013 seconds
Avg batch val. time: 0.0794833501180013 seconds
Avg sample val. time: 0.009935418764750162 seconds
Epoch 2 Validation Summary: epoch: 2.000000 | loss: 1.531800 | accuracy: 0.500000 | precision: 0.583333 | 
Epoch 3 Training Summary: epoch: 3.000000 | loss: 1.590668 | 
Epoch runtime: 0.0 hours, 0.0 minutes, 0.08683109283447266 seconds

Avg epoch train. time: 0.0 hours, 0.0 minutes, 0.12783543268839517 seconds
Avg batch train. time: 0.014203936965377242 seconds
Avg sample train. time: 0.0019079915326626145 seconds
Epoch 4 Training Summary: epoch: 4.000000 | loss: 1.528496 | 
Epoch runtime: 0.0 hours, 0.0 minutes, 0.0813441276550293 seconds

Avg epoch train. time: 0.0 hours, 0.0 minutes, 0.11621260643005371 seconds
Avg batch train. time: 0.012912511825561523 seconds
Avg sample train. time: 0.0017345165138813988 seconds
Evaluating on validation set ...
Validation runtime: 0.0 hours, 0.0 minutes, 0.006580829620361328 seconds

Avg val. time: 0.0 hours, 0.0 minutes, 0.06125771999359131 seconds
Avg batch val. time: 0.06125771999359131 seconds
Avg sample val. time: 0.007657214999198914 seconds
Epoch 4 Validation Summary: epoch: 4.000000 | loss: 1.508272 | accuracy: 0.625000 | precision: 0.638889 | 
Epoch 5 Training Summary: epoch: 5.000000 | loss: 1.508796 | 
Epoch runtime: 0.0 hours, 0.0 minutes, 0.08325409889221191 seconds

Avg epoch train. time: 0.0 hours, 0.0 minutes, 0.10962090492248536 seconds
Avg batch train. time: 0.012180100546942817 seconds
Avg sample train. time: 0.0016361329092908262 seconds
Epoch 6 Training Summary: epoch: 6.000000 | loss: 1.447293 | 
Epoch runtime: 0.0 hours, 0.0 minutes, 0.07883739471435547 seconds

Avg epoch train. time: 0.0 hours, 0.0 minutes, 0.10449031988779704 seconds
Avg batch train. time: 0.01161003554308856 seconds
Avg sample train. time: 0.0015595570132507022 seconds
Evaluating on validation set ...
Validation runtime: 0.0 hours, 0.0 minutes, 0.006200075149536133 seconds

Avg val. time: 0.0 hours, 0.0 minutes, 0.05024619102478027 seconds
Avg batch val. time: 0.05024619102478027 seconds
Avg sample val. time: 0.006280773878097534 seconds
Epoch 6 Validation Summary: epoch: 6.000000 | loss: 1.452389 | accuracy: 0.750000 | precision: 0.777778 | 
Epoch 7 Training Summary: epoch: 7.000000 | loss: 1.363385 | 
Epoch runtime: 0.0 hours, 0.0 minutes, 0.08109283447265625 seconds

Avg epoch train. time: 0.0 hours, 0.0 minutes, 0.10114782197134835 seconds
Avg batch train. time: 0.011238646885705372 seconds
Avg sample train. time: 0.0015096689846469903 seconds
Epoch 8 Training Summary: epoch: 8.000000 | loss: 1.334304 | 
Epoch runtime: 0.0 hours, 0.0 minutes, 0.07561016082763672 seconds

Avg epoch train. time: 0.0 hours, 0.0 minutes, 0.0979556143283844 seconds
Avg batch train. time: 0.010883957147598267 seconds
Avg sample train. time: 0.0014620240944534985 seconds
Evaluating on validation set ...
Validation runtime: 0.0 hours, 0.0 minutes, 0.006350994110107422 seconds

Avg val. time: 0.0 hours, 0.0 minutes, 0.0429303248723348 seconds
Avg batch val. time: 0.0429303248723348 seconds
Avg sample val. time: 0.00536629060904185 seconds
Epoch 8 Validation Summary: epoch: 8.000000 | loss: 1.417659 | accuracy: 0.500000 | precision: 0.500000 | 
Epoch 9 Training Summary: epoch: 9.000000 | loss: 1.237982 | 
Epoch runtime: 0.0 hours, 0.0 minutes, 0.08676743507385254 seconds

Avg epoch train. time: 0.0 hours, 0.0 minutes, 0.09671248330010308 seconds
Avg batch train. time: 0.010745831477789231 seconds
Avg sample train. time: 0.0014434699000015385 seconds
Epoch 10 Training Summary: epoch: 10.000000 | loss: 1.156873 | 
Epoch runtime: 0.0 hours, 0.0 minutes, 0.08045148849487305 seconds

Avg epoch train. time: 0.0 hours, 0.0 minutes, 0.09508638381958008 seconds
Avg batch train. time: 0.01056515375773112 seconds
Avg sample train. time: 0.0014191997585011953 seconds
Evaluating on validation set ...
Validation runtime: 0.0 hours, 0.0 minutes, 0.006702423095703125 seconds

Avg val. time: 0.0 hours, 0.0 minutes, 0.037754910332815986 seconds
Avg batch val. time: 0.037754910332815986 seconds
Avg sample val. time: 0.004719363791601998 seconds
Epoch 10 Validation Summary: epoch: 10.000000 | loss: 1.378950 | accuracy: 0.750000 | precision: 0.777778 | 
Epoch 11 Training Summary: epoch: 11.000000 | loss: 1.115162 | 
Epoch runtime: 0.0 hours, 0.0 minutes, 0.08307099342346191 seconds

Avg epoch train. time: 0.0 hours, 0.0 minutes, 0.09399407560175116 seconds
Avg batch train. time: 0.01044378617797235 seconds
Avg sample train. time: 0.0014028966507724054 seconds
Epoch 12 Training Summary: epoch: 12.000000 | loss: 1.086846 | 
Epoch runtime: 0.0 hours, 0.0 minutes, 0.08473682403564453 seconds

Avg epoch train. time: 0.0 hours, 0.0 minutes, 0.09322263797124226 seconds
Avg batch train. time: 0.010358070885693585 seconds
Avg sample train. time: 0.001391382656287198 seconds
Evaluating on validation set ...
Validation runtime: 0.0 hours, 0.0 minutes, 0.006273508071899414 seconds

Avg val. time: 0.0 hours, 0.0 minutes, 0.033819735050201416 seconds
Avg batch val. time: 0.033819735050201416 seconds
Avg sample val. time: 0.004227466881275177 seconds
Epoch 12 Validation Summary: epoch: 12.000000 | loss: 1.368397 | accuracy: 0.500000 | precision: 0.555556 | 
Epoch 13 Training Summary: epoch: 13.000000 | loss: 0.967000 | 
Epoch runtime: 0.0 hours, 0.0 minutes, 0.07640957832336426 seconds

Avg epoch train. time: 0.0 hours, 0.0 minutes, 0.09192932569063626 seconds
Avg batch train. time: 0.010214369521181807 seconds
Avg sample train. time: 0.0013720794879199443 seconds
Epoch 14 Training Summary: epoch: 14.000000 | loss: 0.960896 | 
Epoch runtime: 0.0 hours, 0.0 minutes, 0.07665681838989258 seconds

Avg epoch train. time: 0.0 hours, 0.0 minutes, 0.09083843231201172 seconds
Avg batch train. time: 0.01009315914577908 seconds
Avg sample train. time: 0.0013557974971942048 seconds
Evaluating on validation set ...
Validation runtime: 0.0 hours, 0.0 minutes, 0.006793975830078125 seconds

Avg val. time: 0.0 hours, 0.0 minutes, 0.03081687291463216 seconds
Avg batch val. time: 0.03081687291463216 seconds
Avg sample val. time: 0.00385210911432902 seconds
Epoch 14 Validation Summary: epoch: 14.000000 | loss: 1.368923 | accuracy: 0.500000 | precision: 0.500000 | 
Epoch 15 Training Summary: epoch: 15.000000 | loss: 0.913119 | 
Epoch runtime: 0.0 hours, 0.0 minutes, 0.08292889595031738 seconds

Avg epoch train. time: 0.0 hours, 0.0 minutes, 0.09031112988789876 seconds
Avg batch train. time: 0.010034569987544307 seconds
Avg sample train. time: 0.001347927311759683 seconds
Epoch 16 Training Summary: epoch: 16.000000 | loss: 0.862371 | 
Epoch runtime: 0.0 hours, 0.0 minutes, 0.07831263542175293 seconds

Avg epoch train. time: 0.0 hours, 0.0 minutes, 0.08956122398376465 seconds
Avg batch train. time: 0.009951247109307183 seconds
Avg sample train. time: 0.0013367346863248455 seconds
Evaluating on validation set ...
Validation runtime: 0.0 hours, 0.0 minutes, 0.00709223747253418 seconds

Avg val. time: 0.0 hours, 0.0 minutes, 0.028444409370422363 seconds
Avg batch val. time: 0.028444409370422363 seconds
Avg sample val. time: 0.0035555511713027954 seconds
Epoch 16 Validation Summary: epoch: 16.000000 | loss: 1.357634 | accuracy: 0.375000 | precision: 0.437500 | 
Epoch 17 Training Summary: epoch: 17.000000 | loss: 0.725320 | 
Epoch runtime: 0.0 hours, 0.0 minutes, 0.08166861534118652 seconds

Avg epoch train. time: 0.0 hours, 0.0 minutes, 0.08909695288714241 seconds
Avg batch train. time: 0.009899661431904712 seconds
Avg sample train. time: 0.0013298052669722747 seconds
Epoch 18 Training Summary: epoch: 18.000000 | loss: 0.736440 | 
Epoch runtime: 0.0 hours, 0.0 minutes, 0.08204007148742676 seconds

Avg epoch train. time: 0.0 hours, 0.0 minutes, 0.08870490392049153 seconds
Avg batch train. time: 0.00985610043561017 seconds
Avg sample train. time: 0.0013239537898580825 seconds
Evaluating on validation set ...
Validation runtime: 0.0 hours, 0.0 minutes, 0.007322072982788086 seconds

Avg val. time: 0.0 hours, 0.0 minutes, 0.02652419697154652 seconds
Avg batch val. time: 0.02652419697154652 seconds
Avg sample val. time: 0.003315524621443315 seconds
Epoch 18 Validation Summary: epoch: 18.000000 | loss: 1.317957 | accuracy: 0.375000 | precision: 0.250000 | 
Epoch 19 Training Summary: epoch: 19.000000 | loss: 0.633619 | 
Epoch runtime: 0.0 hours, 0.0 minutes, 0.08461403846740723 seconds

Avg epoch train. time: 0.0 hours, 0.0 minutes, 0.08848959521243446 seconds
Avg batch train. time: 0.009832177245826051 seconds
Avg sample train. time: 0.0013207402270512605 seconds
Epoch 20 Training Summary: epoch: 20.000000 | loss: 0.533749 | 
Epoch runtime: 0.0 hours, 0.0 minutes, 0.08192253112792969 seconds

Avg epoch train. time: 0.0 hours, 0.0 minutes, 0.08816124200820923 seconds
Avg batch train. time: 0.009795693556467693 seconds
Avg sample train. time: 0.0013158394329583465 seconds
Evaluating on validation set ...
Validation runtime: 0.0 hours, 0.0 minutes, 0.005964994430541992 seconds

Avg val. time: 0.0 hours, 0.0 minutes, 0.024810930093129475 seconds
Avg batch val. time: 0.024810930093129475 seconds
Avg sample val. time: 0.0031013662616411843 seconds
Epoch 20 Validation Summary: epoch: 20.000000 | loss: 1.346813 | accuracy: 0.500000 | precision: 0.638889 | 
Epoch 21 Training Summary: epoch: 21.000000 | loss: 0.545147 | 
Epoch runtime: 0.0 hours, 0.0 minutes, 0.08274006843566895 seconds

Avg epoch train. time: 0.0 hours, 0.0 minutes, 0.08790309088570732 seconds
Avg batch train. time: 0.009767010098411924 seconds
Avg sample train. time: 0.0013119864311299599 seconds
Epoch 22 Training Summary: epoch: 22.000000 | loss: 0.601219 | 
Epoch runtime: 0.0 hours, 0.0 minutes, 0.0855417251586914 seconds

Avg epoch train. time: 0.0 hours, 0.0 minutes, 0.08779575607993385 seconds
Avg batch train. time: 0.009755084008881539 seconds
Avg sample train. time: 0.0013103844191034904 seconds
Evaluating on validation set ...
Validation runtime: 0.0 hours, 0.0 minutes, 0.006381511688232422 seconds

Avg val. time: 0.0 hours, 0.0 minutes, 0.023393282523522012 seconds
Avg batch val. time: 0.023393282523522012 seconds
Avg sample val. time: 0.0029241603154402515 seconds
Epoch 22 Validation Summary: epoch: 22.000000 | loss: 1.236954 | accuracy: 0.375000 | precision: 0.406250 | 
Epoch 23 Training Summary: epoch: 23.000000 | loss: 0.455349 | 
Epoch runtime: 0.0 hours, 0.0 minutes, 0.08586406707763672 seconds

Avg epoch train. time: 0.0 hours, 0.0 minutes, 0.08771176960157312 seconds
Avg batch train. time: 0.00974575217795257 seconds
Avg sample train. time: 0.0013091308895757181 seconds
Epoch 24 Training Summary: epoch: 24.000000 | loss: 0.371834 | 
Epoch runtime: 0.0 hours, 0.0 minutes, 0.08253955841064453 seconds

Avg epoch train. time: 0.0 hours, 0.0 minutes, 0.0874962608019511 seconds
Avg batch train. time: 0.009721806755772344 seconds
Avg sample train. time: 0.0013059143403276283 seconds
Evaluating on validation set ...
Validation runtime: 0.0 hours, 0.0 minutes, 0.006445646286010742 seconds

Avg val. time: 0.0 hours, 0.0 minutes, 0.02218273707798549 seconds
Avg batch val. time: 0.02218273707798549 seconds
Avg sample val. time: 0.0027728421347481863 seconds
Epoch 24 Validation Summary: epoch: 24.000000 | loss: 1.222976 | accuracy: 0.500000 | precision: 0.638889 | 
Epoch 25 Training Summary: epoch: 25.000000 | loss: 0.386716 | 
Epoch runtime: 0.0 hours, 0.0 minutes, 0.08382725715637207 seconds

Avg epoch train. time: 0.0 hours, 0.0 minutes, 0.08734950065612793 seconds
Avg batch train. time: 0.009705500072903103 seconds
Avg sample train. time: 0.0013037238903899691 seconds
Epoch 26 Training Summary: epoch: 26.000000 | loss: 0.379681 | 
Epoch runtime: 0.0 hours, 0.0 minutes, 0.07729697227478027 seconds

Avg epoch train. time: 0.0 hours, 0.0 minutes, 0.08696286494915302 seconds
Avg batch train. time: 0.00966254054990589 seconds
Avg sample train. time: 0.0012979532081963138 seconds
Evaluating on validation set ...
Validation runtime: 0.0 hours, 0.0 minutes, 0.0062601566314697266 seconds

Avg val. time: 0.0 hours, 0.0 minutes, 0.02112123171488444 seconds
Avg batch val. time: 0.02112123171488444 seconds
Avg sample val. time: 0.002640153964360555 seconds
Epoch 26 Validation Summary: epoch: 26.000000 | loss: 1.351594 | accuracy: 0.625000 | precision: 0.750000 | 
Epoch 27 Training Summary: epoch: 27.000000 | loss: 0.364290 | 
Epoch runtime: 0.0 hours, 0.0 minutes, 0.08852744102478027 seconds

Avg epoch train. time: 0.0 hours, 0.0 minutes, 0.08702081221121329 seconds
Avg batch train. time: 0.009668979134579253 seconds
Avg sample train. time: 0.001298818092704676 seconds
Epoch 28 Training Summary: epoch: 28.000000 | loss: 0.297440 | 
Epoch runtime: 0.0 hours, 0.0 minutes, 0.0816347599029541 seconds

Avg epoch train. time: 0.0 hours, 0.0 minutes, 0.08682845320020403 seconds
Avg batch train. time: 0.009647605911133781 seconds
Avg sample train. time: 0.0012959470626896124 seconds
Evaluating on validation set ...
Validation runtime: 0.0 hours, 0.0 minutes, 0.006789207458496094 seconds

Avg val. time: 0.0 hours, 0.0 minutes, 0.02022548019886017 seconds
Avg batch val. time: 0.02022548019886017 seconds
Avg sample val. time: 0.002528185024857521 seconds
Epoch 28 Validation Summary: epoch: 28.000000 | loss: 1.183747 | accuracy: 0.500000 | precision: 0.611111 | 
Epoch 29 Training Summary: epoch: 29.000000 | loss: 0.261391 | 
Epoch runtime: 0.0 hours, 0.0 minutes, 0.08848357200622559 seconds

Avg epoch train. time: 0.0 hours, 0.0 minutes, 0.08688552626248064 seconds
Avg batch train. time: 0.009653947362497849 seconds
Avg sample train. time: 0.0012967988994400095 seconds
Epoch 30 Training Summary: epoch: 30.000000 | loss: 0.260250 | 
Epoch runtime: 0.0 hours, 0.0 minutes, 0.08801770210266113 seconds

Avg epoch train. time: 0.0 hours, 0.0 minutes, 0.08692326545715331 seconds
Avg batch train. time: 0.009658140606350368 seconds
Avg sample train. time: 0.0012973621710022883 seconds
Evaluating on validation set ...
Validation runtime: 0.0 hours, 0.0 minutes, 0.006644010543823242 seconds

Avg val. time: 0.0 hours, 0.0 minutes, 0.019426570219152114 seconds
Avg batch val. time: 0.019426570219152114 seconds
Avg sample val. time: 0.0024283212773940142 seconds
Epoch 30 Validation Summary: epoch: 30.000000 | loss: 1.178248 | accuracy: 0.500000 | precision: 0.520833 | 
Epoch 31 Training Summary: epoch: 31.000000 | loss: 0.183465 | 
Epoch runtime: 0.0 hours, 0.0 minutes, 0.08357429504394531 seconds

Avg epoch train. time: 0.0 hours, 0.0 minutes, 0.08681523415350145 seconds
Avg batch train. time: 0.009646137128166829 seconds
Avg sample train. time: 0.0012957497634850962 seconds
Epoch 32 Training Summary: epoch: 32.000000 | loss: 0.319533 | 
Epoch runtime: 0.0 hours, 0.0 minutes, 0.07910585403442383 seconds

Avg epoch train. time: 0.0 hours, 0.0 minutes, 0.08657431602478027 seconds
Avg batch train. time: 0.009619368447197808 seconds
Avg sample train. time: 0.0012921539705191085 seconds
Evaluating on validation set ...
Validation runtime: 0.0 hours, 0.0 minutes, 0.007110118865966797 seconds

Avg val. time: 0.0 hours, 0.0 minutes, 0.01874232292175293 seconds
Avg batch val. time: 0.01874232292175293 seconds
Avg sample val. time: 0.002342790365219116 seconds
Epoch 32 Validation Summary: epoch: 32.000000 | loss: 1.538223 | accuracy: 0.375000 | precision: 0.375000 | 
Epoch 33 Training Summary: epoch: 33.000000 | loss: 0.171107 | 
Epoch runtime: 0.0 hours, 0.0 minutes, 0.08005547523498535 seconds

Avg epoch train. time: 0.0 hours, 0.0 minutes, 0.08637677539478648 seconds
Avg batch train. time: 0.00959741948830961 seconds
Avg sample train. time: 0.0012892056029072609 seconds
Epoch 34 Training Summary: epoch: 34.000000 | loss: 0.172888 | 
Epoch runtime: 0.0 hours, 0.0 minutes, 0.08395671844482422 seconds

Avg epoch train. time: 0.0 hours, 0.0 minutes, 0.08630559724919937 seconds
Avg batch train. time: 0.009589510805466597 seconds
Avg sample train. time: 0.0012881432425253638 seconds
Evaluating on validation set ...
Validation runtime: 0.0 hours, 0.0 minutes, 0.006857633590698242 seconds

Avg val. time: 0.0 hours, 0.0 minutes, 0.018116812956960576 seconds
Avg batch val. time: 0.018116812956960576 seconds
Avg sample val. time: 0.002264601619620072 seconds
Epoch 34 Validation Summary: epoch: 34.000000 | loss: 1.291091 | accuracy: 0.500000 | precision: 0.611111 | 
Epoch 35 Training Summary: epoch: 35.000000 | loss: 0.131401 | 
Epoch runtime: 0.0 hours, 0.0 minutes, 0.07881784439086914 seconds

Avg epoch train. time: 0.0 hours, 0.0 minutes, 0.08609166145324706 seconds
Avg batch train. time: 0.009565740161471896 seconds
Avg sample train. time: 0.001284950170943986 seconds
Epoch 36 Training Summary: epoch: 36.000000 | loss: 0.171085 | 
Epoch runtime: 0.0 hours, 0.0 minutes, 0.08324551582336426 seconds

Avg epoch train. time: 0.0 hours, 0.0 minutes, 0.08601260185241699 seconds
Avg batch train. time: 0.009556955761379667 seconds
Avg sample train. time: 0.0012837701769017461 seconds
Evaluating on validation set ...
Validation runtime: 0.0 hours, 0.0 minutes, 0.0074462890625 seconds

Avg val. time: 0.0 hours, 0.0 minutes, 0.017583286762237547 seconds
Avg batch val. time: 0.017583286762237547 seconds
Avg sample val. time: 0.0021979108452796934 seconds
Epoch 36 Validation Summary: epoch: 36.000000 | loss: 1.445616 | accuracy: 0.375000 | precision: 0.361111 | 
Epoch 37 Training Summary: epoch: 37.000000 | loss: 0.139344 | 
Epoch runtime: 0.0 hours, 0.0 minutes, 0.08076691627502441 seconds

Avg epoch train. time: 0.0 hours, 0.0 minutes, 0.08587082656654152 seconds
Avg batch train. time: 0.009541202951837947 seconds
Avg sample train. time: 0.0012816541278588287 seconds
Epoch 38 Training Summary: epoch: 38.000000 | loss: 0.126182 | 
Epoch runtime: 0.0 hours, 0.0 minutes, 0.0837705135345459 seconds

Avg epoch train. time: 0.0 hours, 0.0 minutes, 0.08581555517096269 seconds
Avg batch train. time: 0.00953506168566252 seconds
Avg sample train. time: 0.0012808291816561596 seconds
Evaluating on validation set ...
Validation runtime: 0.0 hours, 0.0 minutes, 0.007627725601196289 seconds

Avg val. time: 0.0 hours, 0.0 minutes, 0.017109212421235583 seconds
Avg batch val. time: 0.017109212421235583 seconds
Avg sample val. time: 0.002138651552654448 seconds
Epoch 38 Validation Summary: epoch: 38.000000 | loss: 1.743203 | accuracy: 0.375000 | precision: 0.375000 | 
Epoch 39 Training Summary: epoch: 39.000000 | loss: 0.117521 | 
Epoch runtime: 0.0 hours, 0.0 minutes, 0.08290553092956543 seconds

Avg epoch train. time: 0.0 hours, 0.0 minutes, 0.08574093916477302 seconds
Avg batch train. time: 0.009526771018308114 seconds
Avg sample train. time: 0.0012797155099219853 seconds
Epoch 40 Training Summary: epoch: 40.000000 | loss: 0.077387 | 
Epoch runtime: 0.0 hours, 0.0 minutes, 0.08395147323608398 seconds

Avg epoch train. time: 0.0 hours, 0.0 minutes, 0.08569620251655578 seconds
Avg batch train. time: 0.009521800279617309 seconds
Avg sample train. time: 0.001279047798754564 seconds
Evaluating on validation set ...
Validation runtime: 0.0 hours, 0.0 minutes, 0.006437063217163086 seconds

Avg val. time: 0.0 hours, 0.0 minutes, 0.01662411473014138 seconds
Avg batch val. time: 0.01662411473014138 seconds
Avg sample val. time: 0.0020780143412676725 seconds
Epoch 40 Validation Summary: epoch: 40.000000 | loss: 1.656832 | accuracy: 0.375000 | precision: 0.312500 | 
Best accuracy was 0.75. Other metrics: OrderedDict([('epoch', 6), ('loss', 1.4523892402648926), ('accuracy', 0.75), ('precision', 0.7777777777777777)])
All Done!
Total runtime: 0.0 hours, 0.0 minutes, 6.2529449462890625 seconds

