Running:
src/main_5q.py --output_dir experiments --comment classification from Scratch --name VRS_fromScratch --records_file VRS_records.xls --data_dir /mnt/d/OneDrive - Southern Methodist University/Phone_Privacy/input_feature/combine_opticalflow_22_all_feat_downsample_480p_s22 --data_class vrs --val_ratio 0.1 --epochs 40 --lr 0.001 --dropout 0.2 --batch_size 8 --num_layers 3 --num_heads 4 --optimizer RAdam --pos_encoding learnable --task classification --normalization none --key_metric accuracy

Using device: cuda
Loading and preprocessing data ...
476 samples may be used for training
53 samples will be used for validation
0 samples will be used for testing
Creating model ...
Model:
TSTransformerEncoderClassiregressor(
  (project_inp): Linear(in_features=47, out_features=64, bias=True)
  (pos_enc): LearnablePositionalEncoding(
    (dropout): Dropout(p=0.2, inplace=False)
  )
  (transformer_encoder): TransformerEncoder(
    (layers): ModuleList(
      (0-2): 3 x TransformerBatchNormEncoderLayer(
        (self_attn): MultiheadAttention(
          (out_proj): NonDynamicallyQuantizableLinear(in_features=64, out_features=64, bias=True)
        )
        (linear1): Linear(in_features=64, out_features=256, bias=True)
        (dropout): Dropout(p=0.2, inplace=False)
        (linear2): Linear(in_features=256, out_features=64, bias=True)
        (norm1): BatchNorm1d(64, eps=1e-05, momentum=0.1, affine=True, track_running_stats=True)
        (norm2): BatchNorm1d(64, eps=1e-05, momentum=0.1, affine=True, track_running_stats=True)
        (dropout1): Dropout(p=0.2, inplace=False)
        (dropout2): Dropout(p=0.2, inplace=False)
      )
    )
  )
  (dropout1): Dropout(p=0.2, inplace=False)
  (output_layer): Linear(in_features=5120, out_features=5, bias=True)
)
Total number of parameters: 183749
Trainable parameters: 183749
Evaluating on validation set ...
Validation runtime: 0.0 hours, 0.0 minutes, 0.3847837448120117 seconds

Avg val. time: 0.0 hours, 0.0 minutes, 0.3847837448120117 seconds
Avg batch val. time: 0.05496910640171596 seconds
Avg sample val. time: 0.00726007065683041 seconds
Epoch 0 Validation Summary: epoch: 0.000000 | loss: 4.700532 | accuracy: 0.207547 | precision: 0.207547 | 
Starting training...
Epoch 1 Training Summary: epoch: 1.000000 | loss: 1.652164 | 
Epoch runtime: 0.0 hours, 0.0 minutes, 0.7812893390655518 seconds

Avg epoch train. time: 0.0 hours, 0.0 minutes, 0.7812893390655518 seconds
Avg batch train. time: 0.013021488984425863 seconds
Avg sample train. time: 0.001641364157700739 seconds
Evaluating on validation set ...
Validation runtime: 0.0 hours, 0.0 minutes, 0.021429061889648438 seconds

Avg val. time: 0.0 hours, 0.0 minutes, 0.20310640335083008 seconds
Avg batch val. time: 0.029015200478690013 seconds
Avg sample val. time: 0.0038321962896383033 seconds
Epoch 1 Validation Summary: epoch: 1.000000 | loss: 1.488631 | accuracy: 0.339623 | precision: 0.353202 | 
Epoch 2 Training Summary: epoch: 2.000000 | loss: 1.570842 | 
Epoch runtime: 0.0 hours, 0.0 minutes, 0.6084182262420654 seconds

Avg epoch train. time: 0.0 hours, 0.0 minutes, 0.6948537826538086 seconds
Avg batch train. time: 0.011580896377563477 seconds
Avg sample train. time: 0.0014597768543147239 seconds
Evaluating on validation set ...
Validation runtime: 0.0 hours, 0.0 minutes, 0.024960041046142578 seconds

Avg val. time: 0.0 hours, 0.0 minutes, 0.14372428258260092 seconds
Avg batch val. time: 0.02053204036894299 seconds
Avg sample val. time: 0.0027117789166528476 seconds
Epoch 2 Validation Summary: epoch: 2.000000 | loss: 1.479222 | accuracy: 0.283019 | precision: 0.256746 | 
Epoch 3 Training Summary: epoch: 3.000000 | loss: 1.501225 | 
Epoch runtime: 0.0 hours, 0.0 minutes, 0.6035065650939941 seconds

Avg epoch train. time: 0.0 hours, 0.0 minutes, 0.6644047101338705 seconds
Avg batch train. time: 0.011073411835564508 seconds
Avg sample train. time: 0.0013958082145669548 seconds
Epoch 4 Training Summary: epoch: 4.000000 | loss: 1.435545 | 
Epoch runtime: 0.0 hours, 0.0 minutes, 0.6144137382507324 seconds

Avg epoch train. time: 0.0 hours, 0.0 minutes, 0.6519069671630859 seconds
Avg batch train. time: 0.010865116119384765 seconds
Avg sample train. time: 0.0013695524520232897 seconds
Evaluating on validation set ...
Validation runtime: 0.0 hours, 0.0 minutes, 0.022465229034423828 seconds

Avg val. time: 0.0 hours, 0.0 minutes, 0.11340951919555664 seconds
Avg batch val. time: 0.01620135988507952 seconds
Avg sample val. time: 0.002139802248972767 seconds
Epoch 4 Validation Summary: epoch: 4.000000 | loss: 1.383027 | accuracy: 0.452830 | precision: 0.436108 | 
Epoch 5 Training Summary: epoch: 5.000000 | loss: 1.380187 | 
Epoch runtime: 0.0 hours, 0.0 minutes, 0.6198976039886475 seconds

Avg epoch train. time: 0.0 hours, 0.0 minutes, 0.6455050945281983 seconds
Avg batch train. time: 0.010758418242136638 seconds
Avg sample train. time: 0.0013561031397651224 seconds
Epoch 6 Training Summary: epoch: 6.000000 | loss: 1.295790 | 
Epoch runtime: 0.0 hours, 0.0 minutes, 0.6267075538635254 seconds

Avg epoch train. time: 0.0 hours, 0.0 minutes, 0.6423721710840861 seconds
Avg batch train. time: 0.010706202851401435 seconds
Avg sample train. time: 0.0013495213678237103 seconds
Evaluating on validation set ...
Validation runtime: 0.0 hours, 0.0 minutes, 0.022799968719482422 seconds

Avg val. time: 0.0 hours, 0.0 minutes, 0.0952876091003418 seconds
Avg batch val. time: 0.013612515585763114 seconds
Avg sample val. time: 0.001797879416987581 seconds
Epoch 6 Validation Summary: epoch: 6.000000 | loss: 1.274333 | accuracy: 0.509434 | precision: 0.578385 | 
Epoch 7 Training Summary: epoch: 7.000000 | loss: 1.210707 | 
Epoch runtime: 0.0 hours, 0.0 minutes, 0.6241891384124756 seconds

Avg epoch train. time: 0.0 hours, 0.0 minutes, 0.6397745949881417 seconds
Avg batch train. time: 0.010662909916469029 seconds
Avg sample train. time: 0.0013440642751851716 seconds
Epoch 8 Training Summary: epoch: 8.000000 | loss: 1.162585 | 
Epoch runtime: 0.0 hours, 0.0 minutes, 0.5911669731140137 seconds

Avg epoch train. time: 0.0 hours, 0.0 minutes, 0.6336986422538757 seconds
Avg batch train. time: 0.010561644037564596 seconds
Avg sample train. time: 0.0013312996686005792 seconds
Evaluating on validation set ...
Validation runtime: 0.0 hours, 0.0 minutes, 0.023470401763916016 seconds

Avg val. time: 0.0 hours, 0.0 minutes, 0.08331807454427083 seconds
Avg batch val. time: 0.011902582077752976 seconds
Avg sample val. time: 0.0015720391423447327 seconds
Epoch 8 Validation Summary: epoch: 8.000000 | loss: 1.232352 | accuracy: 0.547170 | precision: 0.550233 | 
Epoch 9 Training Summary: epoch: 9.000000 | loss: 1.158546 | 
Epoch runtime: 0.0 hours, 0.0 minutes, 0.6559514999389648 seconds

Avg epoch train. time: 0.0 hours, 0.0 minutes, 0.6361711819966634 seconds
Avg batch train. time: 0.010602853033277725 seconds
Avg sample train. time: 0.0013364940798249233 seconds
Epoch 10 Training Summary: epoch: 10.000000 | loss: 1.065391 | 
Epoch runtime: 0.0 hours, 0.0 minutes, 0.6132569313049316 seconds

Avg epoch train. time: 0.0 hours, 0.0 minutes, 0.6338797569274902 seconds
Avg batch train. time: 0.01056466261545817 seconds
Avg sample train. time: 0.0013316801616123743 seconds
Evaluating on validation set ...
Validation runtime: 0.0 hours, 0.0 minutes, 0.022955656051635742 seconds

Avg val. time: 0.0 hours, 0.0 minutes, 0.07469487190246582 seconds
Avg batch val. time: 0.010670695986066545 seconds
Avg sample val. time: 0.0014093372057069023 seconds
Epoch 10 Validation Summary: epoch: 10.000000 | loss: 1.318631 | accuracy: 0.452830 | precision: 0.450420 | 
Epoch 11 Training Summary: epoch: 11.000000 | loss: 1.052460 | 
Epoch runtime: 0.0 hours, 0.0 minutes, 0.5929279327392578 seconds

Avg epoch train. time: 0.0 hours, 0.0 minutes, 0.6301568638194691 seconds
Avg batch train. time: 0.010502614396991152 seconds
Avg sample train. time: 0.0013238589576039267 seconds
Epoch 12 Training Summary: epoch: 12.000000 | loss: 0.983324 | 
Epoch runtime: 0.0 hours, 0.0 minutes, 0.6260154247283936 seconds

Avg epoch train. time: 0.0 hours, 0.0 minutes, 0.6298117438952128 seconds
Avg batch train. time: 0.010496862398253546 seconds
Avg sample train. time: 0.0013231339157462453 seconds
Evaluating on validation set ...
Validation runtime: 0.0 hours, 0.0 minutes, 0.024063825607299805 seconds

Avg val. time: 0.0 hours, 0.0 minutes, 0.06836599111557007 seconds
Avg batch val. time: 0.009766570159367152 seconds
Avg sample val. time: 0.0012899243606711334 seconds
Epoch 12 Validation Summary: epoch: 12.000000 | loss: 1.354938 | accuracy: 0.490566 | precision: 0.492251 | 
Epoch 13 Training Summary: epoch: 13.000000 | loss: 0.885485 | 
Epoch runtime: 0.0 hours, 0.0 minutes, 0.645193338394165 seconds

Avg epoch train. time: 0.0 hours, 0.0 minutes, 0.6309949434720553 seconds
Avg batch train. time: 0.010516582391200922 seconds
Avg sample train. time: 0.0013256196291429733 seconds
Epoch 14 Training Summary: epoch: 14.000000 | loss: 0.889847 | 
Epoch runtime: 0.0 hours, 0.0 minutes, 0.5964038372039795 seconds

Avg epoch train. time: 0.0 hours, 0.0 minutes, 0.6285241501671928 seconds
Avg batch train. time: 0.010475402502786547 seconds
Avg sample train. time: 0.0013204288869058671 seconds
Evaluating on validation set ...
Validation runtime: 0.0 hours, 0.0 minutes, 0.022229671478271484 seconds

Avg val. time: 0.0 hours, 0.0 minutes, 0.06323973337809245 seconds
Avg batch val. time: 0.009034247625441779 seconds
Avg sample val. time: 0.001193202516567782 seconds
Epoch 14 Validation Summary: epoch: 14.000000 | loss: 1.614778 | accuracy: 0.566038 | precision: 0.669961 | 
Epoch 15 Training Summary: epoch: 15.000000 | loss: 0.935663 | 
Epoch runtime: 0.0 hours, 0.0 minutes, 0.6436753273010254 seconds

Avg epoch train. time: 0.0 hours, 0.0 minutes, 0.6295342286427815 seconds
Avg batch train. time: 0.010492237144046358 seconds
Avg sample train. time: 0.0013225509005100452 seconds
Epoch 16 Training Summary: epoch: 16.000000 | loss: 0.839411 | 
Epoch runtime: 0.0 hours, 0.0 minutes, 0.6250824928283691 seconds

Avg epoch train. time: 0.0 hours, 0.0 minutes, 0.6292559951543808 seconds
Avg batch train. time: 0.01048759991923968 seconds
Avg sample train. time: 0.0013219663763747497 seconds
Evaluating on validation set ...
Validation runtime: 0.0 hours, 0.0 minutes, 0.022872209548950195 seconds

Avg val. time: 0.0 hours, 0.0 minutes, 0.05920298099517822 seconds
Avg batch val. time: 0.008457568713596889 seconds
Avg sample val. time: 0.0011170373772675136 seconds
Epoch 16 Validation Summary: epoch: 16.000000 | loss: 1.522234 | accuracy: 0.452830 | precision: 0.508011 | 
Epoch 17 Training Summary: epoch: 17.000000 | loss: 0.696523 | 
Epoch runtime: 0.0 hours, 0.0 minutes, 0.6170480251312256 seconds

Avg epoch train. time: 0.0 hours, 0.0 minutes, 0.6285378792706657 seconds
Avg batch train. time: 0.010475631321177762 seconds
Avg sample train. time: 0.001320457729560222 seconds
Epoch 18 Training Summary: epoch: 18.000000 | loss: 0.713300 | 
Epoch runtime: 0.0 hours, 0.0 minutes, 0.628028154373169 seconds

Avg epoch train. time: 0.0 hours, 0.0 minutes, 0.6285095612208048 seconds
Avg batch train. time: 0.01047515935368008 seconds
Avg sample train. time: 0.0013203982378588337 seconds
Evaluating on validation set ...
Validation runtime: 0.0 hours, 0.0 minutes, 0.02469944953918457 seconds

Avg val. time: 0.0 hours, 0.0 minutes, 0.05606629631736062 seconds
Avg batch val. time: 0.008009470902480088 seconds
Avg sample val. time: 0.0010578546474973702 seconds
Epoch 18 Validation Summary: epoch: 18.000000 | loss: 2.026354 | accuracy: 0.471698 | precision: 0.557725 | 
Epoch 19 Training Summary: epoch: 19.000000 | loss: 0.705348 | 
Epoch runtime: 0.0 hours, 0.0 minutes, 0.6159536838531494 seconds

Avg epoch train. time: 0.0 hours, 0.0 minutes, 0.6278487255698756 seconds
Avg batch train. time: 0.010464145426164593 seconds
Avg sample train. time: 0.001319009927667806 seconds
Epoch 20 Training Summary: epoch: 20.000000 | loss: 0.658971 | 
Epoch runtime: 0.0 hours, 0.0 minutes, 0.6247916221618652 seconds

Avg epoch train. time: 0.0 hours, 0.0 minutes, 0.627695870399475 seconds
Avg batch train. time: 0.010461597839991251 seconds
Avg sample train. time: 0.0013186888033602418 seconds
Evaluating on validation set ...
Validation runtime: 0.0 hours, 0.0 minutes, 0.02219557762145996 seconds

Avg val. time: 0.0 hours, 0.0 minutes, 0.05324373642603556 seconds
Avg batch val. time: 0.007606248060862223 seconds
Avg sample val. time: 0.001004598800491237 seconds
Epoch 20 Validation Summary: epoch: 20.000000 | loss: 1.886168 | accuracy: 0.452830 | precision: 0.465271 | 
Epoch 21 Training Summary: epoch: 21.000000 | loss: 0.632614 | 
Epoch runtime: 0.0 hours, 0.0 minutes, 0.6181390285491943 seconds

Avg epoch train. time: 0.0 hours, 0.0 minutes, 0.6272407826923189 seconds
Avg batch train. time: 0.010454013044871981 seconds
Avg sample train. time: 0.0013177327367485691 seconds
Epoch 22 Training Summary: epoch: 22.000000 | loss: 0.576193 | 
Epoch runtime: 0.0 hours, 0.0 minutes, 0.6274724006652832 seconds

Avg epoch train. time: 0.0 hours, 0.0 minutes, 0.627251310781999 seconds
Avg batch train. time: 0.010454188513033317 seconds
Avg sample train. time: 0.0013177548545840316 seconds
Evaluating on validation set ...
Validation runtime: 0.0 hours, 0.0 minutes, 0.024454116821289062 seconds

Avg val. time: 0.0 hours, 0.0 minutes, 0.05102915030259352 seconds
Avg batch val. time: 0.007289878614656217 seconds
Avg sample val. time: 0.0009628141566527079 seconds
Epoch 22 Validation Summary: epoch: 22.000000 | loss: 1.806770 | accuracy: 0.377358 | precision: 0.397725 | 
Epoch 23 Training Summary: epoch: 23.000000 | loss: 0.553081 | 
Epoch runtime: 0.0 hours, 0.0 minutes, 0.6043062210083008 seconds

Avg epoch train. time: 0.0 hours, 0.0 minutes, 0.6262536981831426 seconds
Avg batch train. time: 0.01043756163638571 seconds
Avg sample train. time: 0.001315659029796518 seconds
Epoch 24 Training Summary: epoch: 24.000000 | loss: 0.543049 | 
Epoch runtime: 0.0 hours, 0.0 minutes, 0.6103944778442383 seconds

Avg epoch train. time: 0.0 hours, 0.0 minutes, 0.6255928973356882 seconds
Avg batch train. time: 0.010426548288928137 seconds
Avg sample train. time: 0.001314270792722034 seconds
Evaluating on validation set ...
Validation runtime: 0.0 hours, 0.0 minutes, 0.023266315460205078 seconds

Avg val. time: 0.0 hours, 0.0 minutes, 0.04904609067099435 seconds
Avg batch val. time: 0.007006584381570621 seconds
Avg sample val. time: 0.0009253979371885726 seconds
Epoch 24 Validation Summary: epoch: 24.000000 | loss: 2.061865 | accuracy: 0.471698 | precision: 0.482680 | 
Epoch 25 Training Summary: epoch: 25.000000 | loss: 0.451155 | 
Epoch runtime: 0.0 hours, 0.0 minutes, 0.6311132907867432 seconds

Avg epoch train. time: 0.0 hours, 0.0 minutes, 0.6258137130737305 seconds
Avg batch train. time: 0.010430228551228842 seconds
Avg sample train. time: 0.0013147346913313664 seconds
Epoch 26 Training Summary: epoch: 26.000000 | loss: 0.454146 | 
Epoch runtime: 0.0 hours, 0.0 minutes, 0.6084954738616943 seconds

Avg epoch train. time: 0.0 hours, 0.0 minutes, 0.6251476269501907 seconds
Avg batch train. time: 0.01041912711583651 seconds
Avg sample train. time: 0.0013133353507356947 seconds
Evaluating on validation set ...
Validation runtime: 0.0 hours, 0.0 minutes, 0.023845434188842773 seconds

Avg val. time: 0.0 hours, 0.0 minutes, 0.04736604690551758 seconds
Avg batch val. time: 0.006766578129359655 seconds
Avg sample val. time: 0.0008936989982173128 seconds
Epoch 26 Validation Summary: epoch: 26.000000 | loss: 2.047457 | accuracy: 0.528302 | precision: 0.557623 | 
Epoch 27 Training Summary: epoch: 27.000000 | loss: 0.412174 | 
Epoch runtime: 0.0 hours, 0.0 minutes, 0.617295503616333 seconds

Avg epoch train. time: 0.0 hours, 0.0 minutes, 0.6248568075674551 seconds
Avg batch train. time: 0.010414280126124251 seconds
Avg sample train. time: 0.001312724385645914 seconds
Epoch 28 Training Summary: epoch: 28.000000 | loss: 0.457994 | 
Epoch runtime: 0.0 hours, 0.0 minutes, 0.636721134185791 seconds

Avg epoch train. time: 0.0 hours, 0.0 minutes, 0.62528053351811 seconds
Avg batch train. time: 0.010421342225301833 seconds
Avg sample train. time: 0.0013136145662145167 seconds
Evaluating on validation set ...
Validation runtime: 0.0 hours, 0.0 minutes, 0.023701906204223633 seconds

Avg val. time: 0.0 hours, 0.0 minutes, 0.04588703811168671 seconds
Avg batch val. time: 0.006555291158812386 seconds
Avg sample val. time: 0.0008657931719186172 seconds
Epoch 28 Validation Summary: epoch: 28.000000 | loss: 2.273765 | accuracy: 0.377358 | precision: 0.368010 | 
Epoch 29 Training Summary: epoch: 29.000000 | loss: 0.425674 | 
Epoch runtime: 0.0 hours, 0.0 minutes, 0.6101930141448975 seconds

Avg epoch train. time: 0.0 hours, 0.0 minutes, 0.6247602742293785 seconds
Avg batch train. time: 0.010412671237156309 seconds
Avg sample train. time: 0.0013125215845155012 seconds
Epoch 30 Training Summary: epoch: 30.000000 | loss: 0.472949 | 
Epoch runtime: 0.0 hours, 0.0 minutes, 0.618011474609375 seconds

Avg epoch train. time: 0.0 hours, 0.0 minutes, 0.6245353142420451 seconds
Avg batch train. time: 0.010408921904034085 seconds
Avg sample train. time: 0.0013120489795000949 seconds
Evaluating on validation set ...
Validation runtime: 0.0 hours, 0.0 minutes, 0.023061037063598633 seconds

Avg val. time: 0.0 hours, 0.0 minutes, 0.04454433216768153 seconds
Avg batch val. time: 0.006363476023954504 seconds
Avg sample val. time: 0.000840459097503425 seconds
Epoch 30 Validation Summary: epoch: 30.000000 | loss: 2.279391 | accuracy: 0.471698 | precision: 0.489341 | 
Epoch 31 Training Summary: epoch: 31.000000 | loss: 0.394019 | 
Epoch runtime: 0.0 hours, 0.0 minutes, 0.599560022354126 seconds

Avg epoch train. time: 0.0 hours, 0.0 minutes, 0.6237296596650155 seconds
Avg batch train. time: 0.010395494327750257 seconds
Avg sample train. time: 0.0013103564278676796 seconds
Epoch 32 Training Summary: epoch: 32.000000 | loss: 0.404691 | 
Epoch runtime: 0.0 hours, 0.0 minutes, 0.572613000869751 seconds

Avg epoch train. time: 0.0 hours, 0.0 minutes, 0.6221322640776634 seconds
Avg batch train. time: 0.010368871067961057 seconds
Avg sample train. time: 0.0013070005547850072 seconds
Evaluating on validation set ...
Validation runtime: 0.0 hours, 0.0 minutes, 0.022707700729370117 seconds

Avg val. time: 0.0 hours, 0.0 minutes, 0.04333118597666422 seconds
Avg batch val. time: 0.006190169425237746 seconds
Avg sample val. time: 0.0008175695467295136 seconds
Epoch 32 Validation Summary: epoch: 32.000000 | loss: 2.362234 | accuracy: 0.415094 | precision: 0.425306 | 
Epoch 33 Training Summary: epoch: 33.000000 | loss: 0.409924 | 
Epoch runtime: 0.0 hours, 0.0 minutes, 0.5654029846191406 seconds

Avg epoch train. time: 0.0 hours, 0.0 minutes, 0.6204131950031627 seconds
Avg batch train. time: 0.010340219916719379 seconds
Avg sample train. time: 0.0013033890651326949 seconds
Epoch 34 Training Summary: epoch: 34.000000 | loss: 0.445428 | 
Epoch runtime: 0.0 hours, 0.0 minutes, 0.5927352905273438 seconds

Avg epoch train. time: 0.0 hours, 0.0 minutes, 0.6195991389891681 seconds
Avg batch train. time: 0.010326652316486135 seconds
Avg sample train. time: 0.001301678863422622 seconds
Evaluating on validation set ...
Validation runtime: 0.0 hours, 0.0 minutes, 0.02275681495666504 seconds

Avg val. time: 0.0 hours, 0.0 minutes, 0.04224832434403269 seconds
Avg batch val. time: 0.006035474906290384 seconds
Avg sample val. time: 0.0007971381951704281 seconds
Epoch 34 Validation Summary: epoch: 34.000000 | loss: 2.853981 | accuracy: 0.377358 | precision: 0.395508 | 
Epoch 35 Training Summary: epoch: 35.000000 | loss: 0.352602 | 
Epoch runtime: 0.0 hours, 0.0 minutes, 0.6057262420654297 seconds

Avg epoch train. time: 0.0 hours, 0.0 minutes, 0.6192027705056327 seconds
Avg batch train. time: 0.010320046175093878 seconds
Avg sample train. time: 0.0013008461565244384 seconds
Epoch 36 Training Summary: epoch: 36.000000 | loss: 0.378367 | 
Epoch runtime: 0.0 hours, 0.0 minutes, 0.5757460594177246 seconds

Avg epoch train. time: 0.0 hours, 0.0 minutes, 0.6179956396420797 seconds
Avg batch train. time: 0.010299927327367996 seconds
Avg sample train. time: 0.0012983101673152936 seconds
Evaluating on validation set ...
Validation runtime: 0.0 hours, 0.0 minutes, 0.023363828659057617 seconds

Avg val. time: 0.0 hours, 0.0 minutes, 0.04130409955978394 seconds
Avg batch val. time: 0.005900585651397706 seconds
Avg sample val. time: 0.0007793226332034705 seconds
Epoch 36 Validation Summary: epoch: 36.000000 | loss: 3.066139 | accuracy: 0.433962 | precision: 0.457527 | 
Epoch 37 Training Summary: epoch: 37.000000 | loss: 0.361283 | 
Epoch runtime: 0.0 hours, 0.0 minutes, 0.5884976387023926 seconds

Avg epoch train. time: 0.0 hours, 0.0 minutes, 0.6171983963734394 seconds
Avg batch train. time: 0.010286639939557325 seconds
Avg sample train. time: 0.0012966352864988223 seconds
Epoch 38 Training Summary: epoch: 38.000000 | loss: 0.238088 | 
Epoch runtime: 0.0 hours, 0.0 minutes, 0.5997626781463623 seconds

Avg epoch train. time: 0.0 hours, 0.0 minutes, 0.6167395616832533 seconds
Avg batch train. time: 0.010278992694720887 seconds
Avg sample train. time: 0.0012956713480740615 seconds
Evaluating on validation set ...
Validation runtime: 0.0 hours, 0.0 minutes, 0.022162199020385742 seconds

Avg val. time: 0.0 hours, 0.0 minutes, 0.04039258048647926 seconds
Avg batch val. time: 0.005770368640925608 seconds
Avg sample val. time: 0.0007621241601222502 seconds
Epoch 38 Validation Summary: epoch: 38.000000 | loss: 2.653280 | accuracy: 0.377358 | precision: 0.384584 | 
Epoch 39 Training Summary: epoch: 39.000000 | loss: 0.319706 | 
Epoch runtime: 0.0 hours, 0.0 minutes, 0.5836420059204102 seconds

Avg epoch train. time: 0.0 hours, 0.0 minutes, 0.615890906407283 seconds
Avg batch train. time: 0.010264848440121382 seconds
Avg sample train. time: 0.0012938884588388298 seconds
Epoch 40 Training Summary: epoch: 40.000000 | loss: 0.293767 | 
Epoch runtime: 0.0 hours, 0.0 minutes, 0.6024644374847412 seconds

Avg epoch train. time: 0.0 hours, 0.0 minutes, 0.6155552446842194 seconds
Avg batch train. time: 0.010259254078070323 seconds
Avg sample train. time: 0.0012931832871517215 seconds
Evaluating on validation set ...
Validation runtime: 0.0 hours, 0.0 minutes, 0.02203059196472168 seconds

Avg val. time: 0.0 hours, 0.0 minutes, 0.039557944644581185 seconds
Avg batch val. time: 0.005651134949225883 seconds
Avg sample val. time: 0.0007463763140487016 seconds
Epoch 40 Validation Summary: epoch: 40.000000 | loss: 3.181032 | accuracy: 0.358491 | precision: 0.394255 | 
Best accuracy was 0.5660377358490566. Other metrics: OrderedDict([('epoch', 14), ('loss', 1.6147778708979768), ('accuracy', 0.5660377358490566), ('precision', 0.6699610661874813)])
All Done!
Total runtime: 0.0 hours, 0.0 minutes, 54.12117338180542 seconds

