Running:
src/main_crosssetting.py --output_dir experiments --target_user Zeyu --user_othersetting ZeyuZoom --comment classification from Scratch --name VRS_fromScratch --records_file VRS_records.xls --data_dir /mnt/d/OneDrive - Southern Methodist University/Phone_Privacy/input_feature/all_processpos_norm_downsample_480p_s22 --test_data_dir /mnt/d/OneDrive - Southern Methodist University/Phone_Privacy/input_feature/all_processpos_norm_downsample_480p_s22 --data_class vrs --val_ratio 0.1 --epochs 40 --lr 0.001 --dropout 0.2 --batch_size 8 --num_layers 3 --num_heads 4 --optimizer RAdam --pos_encoding learnable --task classification --normalization none --key_metric accuracy

Using device: cuda
Loading and preprocessing data ...
1069 samples may be used for training
119 samples will be used for validation
0 samples will be used for testing
Creating model ...
Model:
TSTransformerEncoderClassiregressor(
  (project_inp): Linear(in_features=39, out_features=64, bias=True)
  (pos_enc): LearnablePositionalEncoding(
    (dropout): Dropout(p=0.2, inplace=False)
  )
  (transformer_encoder): TransformerEncoder(
    (layers): ModuleList(
      (0-2): 3 x TransformerBatchNormEncoderLayer(
        (self_attn): MultiheadAttention(
          (out_proj): NonDynamicallyQuantizableLinear(in_features=64, out_features=64, bias=True)
        )
        (linear1): Linear(in_features=64, out_features=256, bias=True)
        (dropout): Dropout(p=0.2, inplace=False)
        (linear2): Linear(in_features=256, out_features=64, bias=True)
        (norm1): BatchNorm1d(64, eps=1e-05, momentum=0.1, affine=True, track_running_stats=True)
        (norm2): BatchNorm1d(64, eps=1e-05, momentum=0.1, affine=True, track_running_stats=True)
        (dropout1): Dropout(p=0.2, inplace=False)
        (dropout2): Dropout(p=0.2, inplace=False)
      )
    )
  )
  (dropout1): Dropout(p=0.2, inplace=False)
  (output_layer): Linear(in_features=5120, out_features=5, bias=True)
)
Total number of parameters: 183237
Trainable parameters: 183237
Evaluating on validation set ...
Validation runtime: 0.0 hours, 0.0 minutes, 0.2734496593475342 seconds

Avg val. time: 0.0 hours, 0.0 minutes, 0.2734496593475342 seconds
Avg batch val. time: 0.018229977289835612 seconds
Avg sample val. time: 0.0022978962970381022 seconds
Epoch 0 Validation Summary: epoch: 0.000000 | loss: 3.287682 | accuracy: 0.193277 | precision: 0.193277 | 
Starting training...
Epoch 1 Training Summary: epoch: 1.000000 | loss: 1.690010 | 
Epoch runtime: 0.0 hours, 0.0 minutes, 1.4958436489105225 seconds

Avg epoch train. time: 0.0 hours, 0.0 minutes, 1.4958436489105225 seconds
Avg batch train. time: 0.011163012305302407 seconds
Avg sample train. time: 0.0013992924685785992 seconds
Evaluating on validation set ...
Validation runtime: 0.0 hours, 0.0 minutes, 0.04593324661254883 seconds

Avg val. time: 0.0 hours, 0.0 minutes, 0.1596914529800415 seconds
Avg batch val. time: 0.0106460968653361 seconds
Avg sample val. time: 0.0013419449830255588 seconds
Epoch 1 Validation Summary: epoch: 1.000000 | loss: 1.624816 | accuracy: 0.260504 | precision: 0.262414 | 
Epoch 2 Training Summary: epoch: 2.000000 | loss: 1.656652 | 
Epoch runtime: 0.0 hours, 0.0 minutes, 1.3906991481781006 seconds

Avg epoch train. time: 0.0 hours, 0.0 minutes, 1.4432713985443115 seconds
Avg batch train. time: 0.010770682078688892 seconds
Avg sample train. time: 0.001350113562716849 seconds
Evaluating on validation set ...
Validation runtime: 0.0 hours, 0.0 minutes, 0.05008530616760254 seconds

Avg val. time: 0.0 hours, 0.0 minutes, 0.12315607070922852 seconds
Avg batch val. time: 0.008210404713948568 seconds
Avg sample val. time: 0.0010349249639430968 seconds
Epoch 2 Validation Summary: epoch: 2.000000 | loss: 1.600278 | accuracy: 0.252101 | precision: 0.309873 | 
Epoch 3 Training Summary: epoch: 3.000000 | loss: 1.637470 | 
Epoch runtime: 0.0 hours, 0.0 minutes, 1.4168708324432373 seconds

Avg epoch train. time: 0.0 hours, 0.0 minutes, 1.4344712098439534 seconds
Avg batch train. time: 0.01070500902868622 seconds
Avg sample train. time: 0.0013418813936800311 seconds
Epoch 4 Training Summary: epoch: 4.000000 | loss: 1.600847 | 
Epoch runtime: 0.0 hours, 0.0 minutes, 1.421973466873169 seconds

Avg epoch train. time: 0.0 hours, 0.0 minutes, 1.4313467741012573 seconds
Avg batch train. time: 0.010681692344039234 seconds
Avg sample train. time: 0.0013389586287196047 seconds
Evaluating on validation set ...
Validation runtime: 0.0 hours, 0.0 minutes, 0.04684090614318848 seconds

Avg val. time: 0.0 hours, 0.0 minutes, 0.1040772795677185 seconds
Avg batch val. time: 0.006938485304514567 seconds
Avg sample val. time: 0.000874598987964021 seconds
Epoch 4 Validation Summary: epoch: 4.000000 | loss: 1.554127 | accuracy: 0.302521 | precision: 0.352545 | 
Epoch 5 Training Summary: epoch: 5.000000 | loss: 1.546801 | 
Epoch runtime: 0.0 hours, 0.0 minutes, 1.431922197341919 seconds

Avg epoch train. time: 0.0 hours, 0.0 minutes, 1.4314618587493897 seconds
Avg batch train. time: 0.010682551184696938 seconds
Avg sample train. time: 0.0013390662850789427 seconds
Epoch 6 Training Summary: epoch: 6.000000 | loss: 1.563158 | 
Epoch runtime: 0.0 hours, 0.0 minutes, 1.4378082752227783 seconds

Avg epoch train. time: 0.0 hours, 0.0 minutes, 1.4325195948282878 seconds
Avg batch train. time: 0.010690444737524537 seconds
Avg sample train. time: 0.0013400557482023273 seconds
Evaluating on validation set ...
Validation runtime: 0.0 hours, 0.0 minutes, 0.048018693923950195 seconds

Avg val. time: 0.0 hours, 0.0 minutes, 0.09286556243896485 seconds
Avg batch val. time: 0.00619103749593099 seconds
Avg sample val. time: 0.00078038287763836 seconds
Epoch 6 Validation Summary: epoch: 6.000000 | loss: 1.569929 | accuracy: 0.294118 | precision: 0.311832 | 
Epoch 7 Training Summary: epoch: 7.000000 | loss: 1.522180 | 
Epoch runtime: 0.0 hours, 0.0 minutes, 1.4400551319122314 seconds

Avg epoch train. time: 0.0 hours, 0.0 minutes, 1.433596100125994 seconds
Avg batch train. time: 0.01069847835914921 seconds
Avg sample train. time: 0.0013410627690607988 seconds
Epoch 8 Training Summary: epoch: 8.000000 | loss: 1.488516 | 
Epoch runtime: 0.0 hours, 0.0 minutes, 1.4423131942749023 seconds

Avg epoch train. time: 0.0 hours, 0.0 minutes, 1.4346857368946075 seconds
Avg batch train. time: 0.01070660997682543 seconds
Avg sample train. time: 0.0013420820738022522 seconds
Evaluating on validation set ...
Validation runtime: 0.0 hours, 0.0 minutes, 0.05076241493225098 seconds

Avg val. time: 0.0 hours, 0.0 minutes, 0.08584837118784587 seconds
Avg batch val. time: 0.005723224745856391 seconds
Avg sample val. time: 0.0007214148839314779 seconds
Epoch 8 Validation Summary: epoch: 8.000000 | loss: 1.549090 | accuracy: 0.319328 | precision: 0.260689 | 
Epoch 9 Training Summary: epoch: 9.000000 | loss: 1.486925 | 
Epoch runtime: 0.0 hours, 0.0 minutes, 1.6304242610931396 seconds

Avg epoch train. time: 0.0 hours, 0.0 minutes, 1.4564344618055556 seconds
Avg batch train. time: 0.010868913894071311 seconds
Avg sample train. time: 0.0013624269988826525 seconds
Epoch 10 Training Summary: epoch: 10.000000 | loss: 1.443393 | 
Epoch runtime: 0.0 hours, 0.0 minutes, 1.481083869934082 seconds

Avg epoch train. time: 0.0 hours, 0.0 minutes, 1.4588994026184081 seconds
Avg batch train. time: 0.01088730897476424 seconds
Avg sample train. time: 0.0013647328368740954 seconds
Evaluating on validation set ...
Validation runtime: 0.0 hours, 0.0 minutes, 0.053760528564453125 seconds

Avg val. time: 0.0 hours, 0.0 minutes, 0.08126439367021833 seconds
Avg batch val. time: 0.005417626244681222 seconds
Avg sample val. time: 0.0006828940644556162 seconds
Epoch 10 Validation Summary: epoch: 10.000000 | loss: 1.395604 | accuracy: 0.386555 | precision: 0.350159 | 
Epoch 11 Training Summary: epoch: 11.000000 | loss: 1.419620 | 
Epoch runtime: 0.0 hours, 0.0 minutes, 1.4359068870544434 seconds

Avg epoch train. time: 0.0 hours, 0.0 minutes, 1.4568091739307751 seconds
Avg batch train. time: 0.01087171025321474 seconds
Avg sample train. time: 0.0013627775247247664 seconds
Epoch 12 Training Summary: epoch: 12.000000 | loss: 1.389652 | 
Epoch runtime: 0.0 hours, 0.0 minutes, 1.4408378601074219 seconds

Avg epoch train. time: 0.0 hours, 0.0 minutes, 1.4554782311121623 seconds
Avg batch train. time: 0.010861777844120615 seconds
Avg sample train. time: 0.0013615324893472053 seconds
Evaluating on validation set ...
Validation runtime: 0.0 hours, 0.0 minutes, 0.04881024360656738 seconds

Avg val. time: 0.0 hours, 0.0 minutes, 0.07720762491226196 seconds
Avg batch val. time: 0.005147174994150797 seconds
Avg sample val. time: 0.000648803570691277 seconds
Epoch 12 Validation Summary: epoch: 12.000000 | loss: 1.445217 | accuracy: 0.344538 | precision: 0.336445 | 
Epoch 13 Training Summary: epoch: 13.000000 | loss: 1.328032 | 
Epoch runtime: 0.0 hours, 0.0 minutes, 1.4237143993377686 seconds

Avg epoch train. time: 0.0 hours, 0.0 minutes, 1.453034859437209 seconds
Avg batch train. time: 0.01084354372714335 seconds
Avg sample train. time: 0.0013592468282855087 seconds
Epoch 14 Training Summary: epoch: 14.000000 | loss: 1.333018 | 
Epoch runtime: 0.0 hours, 0.0 minutes, 1.4407901763916016 seconds

Avg epoch train. time: 0.0 hours, 0.0 minutes, 1.4521602392196655 seconds
Avg batch train. time: 0.010837016710594519 seconds
Avg sample train. time: 0.0013584286615712492 seconds
Evaluating on validation set ...
Validation runtime: 0.0 hours, 0.0 minutes, 0.04886937141418457 seconds

Avg val. time: 0.0 hours, 0.0 minutes, 0.07405893007914226 seconds
Avg batch val. time: 0.004937262005276151 seconds
Avg sample val. time: 0.0006223439502448929 seconds
Epoch 14 Validation Summary: epoch: 14.000000 | loss: 1.374422 | accuracy: 0.361345 | precision: 0.324242 | 
Epoch 15 Training Summary: epoch: 15.000000 | loss: 1.295200 | 
Epoch runtime: 0.0 hours, 0.0 minutes, 1.4410631656646729 seconds

Avg epoch train. time: 0.0 hours, 0.0 minutes, 1.4514204343159993 seconds
Avg batch train. time: 0.010831495778477607 seconds
Avg sample train. time: 0.0013577366083405045 seconds
Epoch 16 Training Summary: epoch: 16.000000 | loss: 1.276908 | 
Epoch runtime: 0.0 hours, 0.0 minutes, 1.4055428504943848 seconds

Avg epoch train. time: 0.0 hours, 0.0 minutes, 1.4485530853271484 seconds
Avg batch train. time: 0.010810097651695138 seconds
Avg sample train. time: 0.0013550543361339088 seconds
Evaluating on validation set ...
Validation runtime: 0.0 hours, 0.0 minutes, 0.048514366149902344 seconds

Avg val. time: 0.0 hours, 0.0 minutes, 0.07150447368621826 seconds
Avg batch val. time: 0.0047669649124145504 seconds
Avg sample val. time: 0.000600877930136288 seconds
Epoch 16 Validation Summary: epoch: 16.000000 | loss: 1.398072 | accuracy: 0.369748 | precision: 0.310362 | 
Epoch 17 Training Summary: epoch: 17.000000 | loss: 1.265776 | 
Epoch runtime: 0.0 hours, 0.0 minutes, 1.416489601135254 seconds

Avg epoch train. time: 0.0 hours, 0.0 minutes, 1.4466669980217428 seconds
Avg batch train. time: 0.010796022373296589 seconds
Avg sample train. time: 0.001353289988794895 seconds
Epoch 18 Training Summary: epoch: 18.000000 | loss: 1.253168 | 
Epoch runtime: 0.0 hours, 0.0 minutes, 1.4624836444854736 seconds

Avg epoch train. time: 0.0 hours, 0.0 minutes, 1.4475457006030612 seconds
Avg batch train. time: 0.010802579855246726 seconds
Avg sample train. time: 0.0013541119743714324 seconds
Evaluating on validation set ...
Validation runtime: 0.0 hours, 0.0 minutes, 0.04925537109375 seconds

Avg val. time: 0.0 hours, 0.0 minutes, 0.06948182799599388 seconds
Avg batch val. time: 0.004632121866399592 seconds
Avg sample val. time: 0.0005838809075293603 seconds
Epoch 18 Validation Summary: epoch: 18.000000 | loss: 1.413962 | accuracy: 0.369748 | precision: 0.323289 | 
Epoch 19 Training Summary: epoch: 19.000000 | loss: 1.243212 | 
Epoch runtime: 0.0 hours, 0.0 minutes, 1.4475347995758057 seconds

Avg epoch train. time: 0.0 hours, 0.0 minutes, 1.4475451268647845 seconds
Avg batch train. time: 0.010802575573617796 seconds
Avg sample train. time: 0.0013541114376658416 seconds
Epoch 20 Training Summary: epoch: 20.000000 | loss: 1.178082 | 
Epoch runtime: 0.0 hours, 0.0 minutes, 1.4415349960327148 seconds

Avg epoch train. time: 0.0 hours, 0.0 minutes, 1.4472446203231812 seconds
Avg batch train. time: 0.010800332987486427 seconds
Avg sample train. time: 0.0013538303277111144 seconds
Evaluating on validation set ...
Validation runtime: 0.0 hours, 0.0 minutes, 0.05067610740661621 seconds

Avg val. time: 0.0 hours, 0.0 minutes, 0.06791468461354573 seconds
Avg batch val. time: 0.004527645640903049 seconds
Avg sample val. time: 0.0005707116354079473 seconds
Epoch 20 Validation Summary: epoch: 20.000000 | loss: 1.344112 | accuracy: 0.378151 | precision: 0.368095 | 
Epoch 21 Training Summary: epoch: 21.000000 | loss: 1.206239 | 
Epoch runtime: 0.0 hours, 0.0 minutes, 1.437429666519165 seconds

Avg epoch train. time: 0.0 hours, 0.0 minutes, 1.446777241570609 seconds
Avg batch train. time: 0.01079684508634783 seconds
Avg sample train. time: 0.0013533931165300365 seconds
Epoch 22 Training Summary: epoch: 22.000000 | loss: 1.179097 | 
Epoch runtime: 0.0 hours, 0.0 minutes, 1.437368392944336 seconds

Avg epoch train. time: 0.0 hours, 0.0 minutes, 1.446349566633051 seconds
Avg batch train. time: 0.010793653482336203 seconds
Avg sample train. time: 0.0013529930464294209 seconds
Evaluating on validation set ...
Validation runtime: 0.0 hours, 0.0 minutes, 0.0486600399017334 seconds

Avg val. time: 0.0 hours, 0.0 minutes, 0.06643355809725247 seconds
Avg batch val. time: 0.004428903873150165 seconds
Avg sample val. time: 0.0005582651940945586 seconds
Epoch 22 Validation Summary: epoch: 22.000000 | loss: 1.403439 | accuracy: 0.411765 | precision: 0.400140 | 
Epoch 23 Training Summary: epoch: 23.000000 | loss: 1.160094 | 
Epoch runtime: 0.0 hours, 0.0 minutes, 1.4786643981933594 seconds

Avg epoch train. time: 0.0 hours, 0.0 minutes, 1.4477545593095862 seconds
Avg batch train. time: 0.010804138502310344 seconds
Avg sample train. time: 0.0013543073520201928 seconds
Epoch 24 Training Summary: epoch: 24.000000 | loss: 1.145529 | 
Epoch runtime: 0.0 hours, 0.0 minutes, 1.4321062564849854 seconds

Avg epoch train. time: 0.0 hours, 0.0 minutes, 1.4471025466918945 seconds
Avg batch train. time: 0.010799272736506675 seconds
Avg sample train. time: 0.0013536974244077592 seconds
Evaluating on validation set ...
Validation runtime: 0.0 hours, 0.0 minutes, 0.04971909523010254 seconds

Avg val. time: 0.0 hours, 0.0 minutes, 0.06523966789245605 seconds
Avg batch val. time: 0.004349311192830403 seconds
Avg sample val. time: 0.00054823250329795 seconds
Epoch 24 Validation Summary: epoch: 24.000000 | loss: 1.291314 | accuracy: 0.403361 | precision: 0.420175 | 
Epoch 25 Training Summary: epoch: 25.000000 | loss: 1.177351 | 
Epoch runtime: 0.0 hours, 0.0 minutes, 1.4625537395477295 seconds

Avg epoch train. time: 0.0 hours, 0.0 minutes, 1.447720594406128 seconds
Avg batch train. time: 0.010803885032881553 seconds
Avg sample train. time: 0.0013542755794257511 seconds
Epoch 26 Training Summary: epoch: 26.000000 | loss: 1.131715 | 
Epoch runtime: 0.0 hours, 0.0 minutes, 1.481616735458374 seconds

Avg epoch train. time: 0.0 hours, 0.0 minutes, 1.4490242921389067 seconds
Avg batch train. time: 0.010813614120439602 seconds
Avg sample train. time: 0.001355495128287097 seconds
Evaluating on validation set ...
Validation runtime: 0.0 hours, 0.0 minutes, 0.048712968826293945 seconds

Avg val. time: 0.0 hours, 0.0 minutes, 0.06413788795471191 seconds
Avg batch val. time: 0.004275859196980794 seconds
Avg sample val. time: 0.0005389738483589236 seconds
Epoch 26 Validation Summary: epoch: 26.000000 | loss: 1.471254 | accuracy: 0.428571 | precision: 0.415608 | 
Epoch 27 Training Summary: epoch: 27.000000 | loss: 1.099609 | 
Epoch runtime: 0.0 hours, 0.0 minutes, 1.4377169609069824 seconds

Avg epoch train. time: 0.0 hours, 0.0 minutes, 1.4486055020932798 seconds
Avg batch train. time: 0.01081048882159164 seconds
Avg sample train. time: 0.0013551033695914684 seconds
Epoch 28 Training Summary: epoch: 28.000000 | loss: 1.141844 | 
Epoch runtime: 0.0 hours, 0.0 minutes, 1.4436049461364746 seconds

Avg epoch train. time: 0.0 hours, 0.0 minutes, 1.4484269108091081 seconds
Avg batch train. time: 0.01080915605081424 seconds
Avg sample train. time: 0.0013549363057147878 seconds
Evaluating on validation set ...
Validation runtime: 0.0 hours, 0.0 minutes, 0.048906803131103516 seconds

Avg val. time: 0.0 hours, 0.0 minutes, 0.06318594515323639 seconds
Avg batch val. time: 0.004212396343549093 seconds
Avg sample val. time: 0.0005309743290187931 seconds
Epoch 28 Validation Summary: epoch: 28.000000 | loss: 1.642800 | accuracy: 0.378151 | precision: 0.381349 | 
Epoch 29 Training Summary: epoch: 29.000000 | loss: 1.120864 | 
Epoch runtime: 0.0 hours, 0.0 minutes, 1.4350967407226562 seconds

Avg epoch train. time: 0.0 hours, 0.0 minutes, 1.4479672497716443 seconds
Avg batch train. time: 0.01080572574456451 seconds
Avg sample train. time: 0.0013545063140988254 seconds
Epoch 30 Training Summary: epoch: 30.000000 | loss: 1.091527 | 
Epoch runtime: 0.0 hours, 0.0 minutes, 1.4179651737213135 seconds

Avg epoch train. time: 0.0 hours, 0.0 minutes, 1.4469671805699666 seconds
Avg batch train. time: 0.010798262541566916 seconds
Avg sample train. time: 0.0013535707956688183 seconds
Evaluating on validation set ...
Validation runtime: 0.0 hours, 0.0 minutes, 0.050432682037353516 seconds

Avg val. time: 0.0 hours, 0.0 minutes, 0.06243575320524328 seconds
Avg batch val. time: 0.004162383547016218 seconds
Avg sample val. time: 0.0005246701950020443 seconds
Epoch 30 Validation Summary: epoch: 30.000000 | loss: 1.538774 | accuracy: 0.369748 | precision: 0.376927 | 
Epoch 31 Training Summary: epoch: 31.000000 | loss: 1.103777 | 
Epoch runtime: 0.0 hours, 0.0 minutes, 1.43308687210083 seconds

Avg epoch train. time: 0.0 hours, 0.0 minutes, 1.4465194286838654 seconds
Avg batch train. time: 0.010794921109581085 seconds
Avg sample train. time: 0.0013531519445125026 seconds
Epoch 32 Training Summary: epoch: 32.000000 | loss: 1.072547 | 
Epoch runtime: 0.0 hours, 0.0 minutes, 1.429795265197754 seconds

Avg epoch train. time: 0.0 hours, 0.0 minutes, 1.4459967985749245 seconds
Avg batch train. time: 0.010791020884887497 seconds
Avg sample train. time: 0.0013526630482459537 seconds
Evaluating on validation set ...
Validation runtime: 0.0 hours, 0.0 minutes, 0.04770016670227051 seconds

Avg val. time: 0.0 hours, 0.0 minutes, 0.06161710951063368 seconds
Avg batch val. time: 0.0041078073007089115 seconds
Avg sample val. time: 0.0005177908362238124 seconds
Epoch 32 Validation Summary: epoch: 32.000000 | loss: 1.380184 | accuracy: 0.386555 | precision: 0.376109 | 
Epoch 33 Training Summary: epoch: 33.000000 | loss: 1.067323 | 
Epoch runtime: 0.0 hours, 0.0 minutes, 1.4458296298980713 seconds

Avg epoch train. time: 0.0 hours, 0.0 minutes, 1.445991732857444 seconds
Avg batch train. time: 0.010790983081025702 seconds
Avg sample train. time: 0.0013526583095018186 seconds
Epoch 34 Training Summary: epoch: 34.000000 | loss: 1.038372 | 
Epoch runtime: 0.0 hours, 0.0 minutes, 1.468799352645874 seconds

Avg epoch train. time: 0.0 hours, 0.0 minutes, 1.4466625452041626 seconds
Avg batch train. time: 0.010795989143314646 seconds
Avg sample train. time: 0.0013532858233902363 seconds
Evaluating on validation set ...
Validation runtime: 0.0 hours, 0.0 minutes, 0.04973125457763672 seconds

Avg val. time: 0.0 hours, 0.0 minutes, 0.060991538198370686 seconds
Avg batch val. time: 0.004066102546558046 seconds
Avg sample val. time: 0.0005125339344400898 seconds
Epoch 34 Validation Summary: epoch: 34.000000 | loss: 1.678674 | accuracy: 0.344538 | precision: 0.359691 | 
Epoch 35 Training Summary: epoch: 35.000000 | loss: 1.089530 | 
Epoch runtime: 0.0 hours, 0.0 minutes, 1.472764492034912 seconds

Avg epoch train. time: 0.0 hours, 0.0 minutes, 1.4474083151136126 seconds
Avg batch train. time: 0.010801554590400093 seconds
Avg sample train. time: 0.0013539834566076824 seconds
Epoch 36 Training Summary: epoch: 36.000000 | loss: 1.019269 | 
Epoch runtime: 0.0 hours, 0.0 minutes, 1.4429264068603516 seconds

Avg epoch train. time: 0.0 hours, 0.0 minutes, 1.4472838176621332 seconds
Avg batch train. time: 0.010800625504941293 seconds
Avg sample train. time: 0.0013538669950066728 seconds
Evaluating on validation set ...
Validation runtime: 0.0 hours, 0.0 minutes, 0.048780202865600586 seconds

Avg val. time: 0.0 hours, 0.0 minutes, 0.060380971431732176 seconds
Avg batch val. time: 0.0040253980954488115 seconds
Avg sample val. time: 0.0005074031212750603 seconds
Epoch 36 Validation Summary: epoch: 36.000000 | loss: 1.680895 | accuracy: 0.428571 | precision: 0.445308 | 
Epoch 37 Training Summary: epoch: 37.000000 | loss: 1.015599 | 
Epoch runtime: 0.0 hours, 0.0 minutes, 1.4318110942840576 seconds

Avg epoch train. time: 0.0 hours, 0.0 minutes, 1.4468656359492122 seconds
Avg batch train. time: 0.010797504745889643 seconds
Avg sample train. time: 0.0013534758053781219 seconds
Epoch 38 Training Summary: epoch: 38.000000 | loss: 1.042820 | 
Epoch runtime: 0.0 hours, 0.0 minutes, 1.4410009384155273 seconds

Avg epoch train. time: 0.0 hours, 0.0 minutes, 1.4467113018035889 seconds
Avg batch train. time: 0.010796352998534245 seconds
Avg sample train. time: 0.0013533314329313272 seconds
Evaluating on validation set ...
Validation runtime: 0.0 hours, 0.0 minutes, 0.05029463768005371 seconds

Avg val. time: 0.0 hours, 0.0 minutes, 0.059900669824509395 seconds
Avg batch val. time: 0.0039933779883006264 seconds
Avg sample val. time: 0.000503366973315205 seconds
Epoch 38 Validation Summary: epoch: 38.000000 | loss: 1.600916 | accuracy: 0.436975 | precision: 0.444007 | 
Epoch 39 Training Summary: epoch: 39.000000 | loss: 1.049429 | 
Epoch runtime: 0.0 hours, 0.0 minutes, 1.4725453853607178 seconds

Avg epoch train. time: 0.0 hours, 0.0 minutes, 1.4473737142024896 seconds
Avg batch train. time: 0.010801296374645445 seconds
Avg sample train. time: 0.0013539510890575206 seconds
Epoch 40 Training Summary: epoch: 40.000000 | loss: 1.021421 | 
Epoch runtime: 0.0 hours, 0.0 minutes, 1.4845960140228271 seconds

Avg epoch train. time: 0.0 hours, 0.0 minutes, 1.4483042716979981 seconds
Avg batch train. time: 0.01080824083356715 seconds
Avg sample train. time: 0.0013548215825051433 seconds
Evaluating on validation set ...
Validation runtime: 0.0 hours, 0.0 minutes, 0.051007747650146484 seconds

Avg val. time: 0.0 hours, 0.0 minutes, 0.05949644608931108 seconds
Avg batch val. time: 0.003966429739287405 seconds
Avg sample val. time: 0.0004999701352042948 seconds
Epoch 40 Validation Summary: epoch: 40.000000 | loss: 1.631597 | accuracy: 0.378151 | precision: 0.366979 | 
Best accuracy was 0.4369747899159664. Other metrics: OrderedDict([('epoch', 38), ('loss', 1.6009158326798127), ('accuracy', 0.4369747899159664), ('precision', 0.444007148313871)])
All Done!
Total runtime: 0.0 hours, 1.0 minutes, 13.709322214126587 seconds

