Running:
src/main_crosssetting.py --output_dir experiments --target_user Zeyu --user_othersetting ZeyuZoom --comment classification from Scratch --name VRS_fromScratch --records_file VRS_records.xls --data_dir /mnt/d/OneDrive - Southern Methodist University/Phone_Privacy/input_feature/all_processpos_norm_downsample_480p_s22 --test_data_dir /mnt/d/OneDrive - Southern Methodist University/Phone_Privacy/input_feature/all_processpos_norm_downsample_480p_s22 --data_class vrs --val_ratio 0.1 --epochs 40 --lr 0.001 --dropout 0.2 --batch_size 8 --num_layers 3 --num_heads 4 --optimizer RAdam --pos_encoding learnable --task classification --normalization none --key_metric accuracy

Using device: cuda
Loading and preprocessing data ...
1069 samples may be used for training
119 samples will be used for validation
0 samples will be used for testing
Creating model ...
Model:
TSTransformerEncoderClassiregressor(
  (project_inp): Linear(in_features=39, out_features=64, bias=True)
  (pos_enc): LearnablePositionalEncoding(
    (dropout): Dropout(p=0.2, inplace=False)
  )
  (transformer_encoder): TransformerEncoder(
    (layers): ModuleList(
      (0-2): 3 x TransformerBatchNormEncoderLayer(
        (self_attn): MultiheadAttention(
          (out_proj): NonDynamicallyQuantizableLinear(in_features=64, out_features=64, bias=True)
        )
        (linear1): Linear(in_features=64, out_features=256, bias=True)
        (dropout): Dropout(p=0.2, inplace=False)
        (linear2): Linear(in_features=256, out_features=64, bias=True)
        (norm1): BatchNorm1d(64, eps=1e-05, momentum=0.1, affine=True, track_running_stats=True)
        (norm2): BatchNorm1d(64, eps=1e-05, momentum=0.1, affine=True, track_running_stats=True)
        (dropout1): Dropout(p=0.2, inplace=False)
        (dropout2): Dropout(p=0.2, inplace=False)
      )
    )
  )
  (dropout1): Dropout(p=0.2, inplace=False)
  (output_layer): Linear(in_features=5120, out_features=5, bias=True)
)
Total number of parameters: 183237
Trainable parameters: 183237
Evaluating on validation set ...
Validation runtime: 0.0 hours, 0.0 minutes, 0.254622220993042 seconds

Avg val. time: 0.0 hours, 0.0 minutes, 0.254622220993042 seconds
Avg batch val. time: 0.016974814732869468 seconds
Avg sample val. time: 0.0021396825293532942 seconds
Epoch 0 Validation Summary: epoch: 0.000000 | loss: 4.595839 | accuracy: 0.193277 | precision: 0.095384 | 
Starting training...
Epoch 1 Training Summary: epoch: 1.000000 | loss: 1.677336 | 
Epoch runtime: 0.0 hours, 0.0 minutes, 1.5603106021881104 seconds

Avg epoch train. time: 0.0 hours, 0.0 minutes, 1.5603106021881104 seconds
Avg batch train. time: 0.011644108971553062 seconds
Avg sample train. time: 0.0014595983182302248 seconds
Evaluating on validation set ...
Validation runtime: 0.0 hours, 0.0 minutes, 0.04909348487854004 seconds

Avg val. time: 0.0 hours, 0.0 minutes, 0.15185785293579102 seconds
Avg batch val. time: 0.010123856862386068 seconds
Avg sample val. time: 0.0012761164112251346 seconds
Epoch 1 Validation Summary: epoch: 1.000000 | loss: 1.614701 | accuracy: 0.243697 | precision: 0.214991 | 
Epoch 2 Training Summary: epoch: 2.000000 | loss: 1.649260 | 
Epoch runtime: 0.0 hours, 0.0 minutes, 1.396263599395752 seconds

Avg epoch train. time: 0.0 hours, 0.0 minutes, 1.4782871007919312 seconds
Avg batch train. time: 0.011031993289492023 seconds
Avg sample train. time: 0.0013828691307688785 seconds
Evaluating on validation set ...
Validation runtime: 0.0 hours, 0.0 minutes, 0.050251007080078125 seconds

Avg val. time: 0.0 hours, 0.0 minutes, 0.11798890431722005 seconds
Avg batch val. time: 0.007865926954481336 seconds
Avg sample val. time: 0.0009915033976236978 seconds
Epoch 2 Validation Summary: epoch: 2.000000 | loss: 1.572290 | accuracy: 0.218487 | precision: 0.182616 | 
Epoch 3 Training Summary: epoch: 3.000000 | loss: 1.661563 | 
Epoch runtime: 0.0 hours, 0.0 minutes, 1.390028476715088 seconds

Avg epoch train. time: 0.0 hours, 0.0 minutes, 1.4488675594329834 seconds
Avg batch train. time: 0.010812444473380473 seconds
Avg sample train. time: 0.001355348512098207 seconds
Epoch 4 Training Summary: epoch: 4.000000 | loss: 1.589228 | 
Epoch runtime: 0.0 hours, 0.0 minutes, 1.404123067855835 seconds

Avg epoch train. time: 0.0 hours, 0.0 minutes, 1.4376814365386963 seconds
Avg batch train. time: 0.010728965944318629 seconds
Avg sample train. time: 0.0013448844121035513 seconds
Evaluating on validation set ...
Validation runtime: 0.0 hours, 0.0 minutes, 0.049046993255615234 seconds

Avg val. time: 0.0 hours, 0.0 minutes, 0.10075342655181885 seconds
Avg batch val. time: 0.00671689510345459 seconds
Avg sample val. time: 0.0008466674500152844 seconds
Epoch 4 Validation Summary: epoch: 4.000000 | loss: 1.537368 | accuracy: 0.361345 | precision: 0.607116 | 
Epoch 5 Training Summary: epoch: 5.000000 | loss: 1.599194 | 
Epoch runtime: 0.0 hours, 0.0 minutes, 1.4928100109100342 seconds

Avg epoch train. time: 0.0 hours, 0.0 minutes, 1.448707151412964 seconds
Avg batch train. time: 0.010811247398604208 seconds
Avg sample train. time: 0.0013551984578231654 seconds
Epoch 6 Training Summary: epoch: 6.000000 | loss: 1.540164 | 
Epoch runtime: 0.0 hours, 0.0 minutes, 1.4513955116271973 seconds

Avg epoch train. time: 0.0 hours, 0.0 minutes, 1.4491552114486694 seconds
Avg batch train. time: 0.010814591130213951 seconds
Avg sample train. time: 0.001355617597239167 seconds
Evaluating on validation set ...
Validation runtime: 0.0 hours, 0.0 minutes, 0.050084829330444336 seconds

Avg val. time: 0.0 hours, 0.0 minutes, 0.09061970710754394 seconds
Avg batch val. time: 0.006041313807169596 seconds
Avg sample val. time: 0.0007615101437608734 seconds
Epoch 6 Validation Summary: epoch: 6.000000 | loss: 1.401618 | accuracy: 0.361345 | precision: 0.310287 | 
Epoch 7 Training Summary: epoch: 7.000000 | loss: 1.505271 | 
Epoch runtime: 0.0 hours, 0.0 minutes, 1.5435280799865723 seconds

Avg epoch train. time: 0.0 hours, 0.0 minutes, 1.4626370498112269 seconds
Avg batch train. time: 0.010915201864262888 seconds
Avg sample train. time: 0.0013682292327513816 seconds
Epoch 8 Training Summary: epoch: 8.000000 | loss: 1.463016 | 
Epoch runtime: 0.0 hours, 0.0 minutes, 1.4742319583892822 seconds

Avg epoch train. time: 0.0 hours, 0.0 minutes, 1.4640864133834839 seconds
Avg batch train. time: 0.010926018010324506 seconds
Avg sample train. time: 0.0013695850452605089 seconds
Evaluating on validation set ...
Validation runtime: 0.0 hours, 0.0 minutes, 0.0467071533203125 seconds

Avg val. time: 0.0 hours, 0.0 minutes, 0.08330094814300537 seconds
Avg batch val. time: 0.005553396542867025 seconds
Avg sample val. time: 0.0007000079675882804 seconds
Epoch 8 Validation Summary: epoch: 8.000000 | loss: 1.520509 | accuracy: 0.336134 | precision: 0.402734 | 
Epoch 9 Training Summary: epoch: 9.000000 | loss: 1.423922 | 
Epoch runtime: 0.0 hours, 0.0 minutes, 1.8383798599243164 seconds

Avg epoch train. time: 0.0 hours, 0.0 minutes, 1.505674574110243 seconds
Avg batch train. time: 0.011236377418733158 seconds
Avg sample train. time: 0.0014084888438823603 seconds
Epoch 10 Training Summary: epoch: 10.000000 | loss: 1.400416 | 
Epoch runtime: 0.0 hours, 0.0 minutes, 1.6189627647399902 seconds

Avg epoch train. time: 0.0 hours, 0.0 minutes, 1.5170033931732179 seconds
Avg batch train. time: 0.011320920844576253 seconds
Avg sample train. time: 0.0014190864295352834 seconds
Evaluating on validation set ...
Validation runtime: 0.0 hours, 0.0 minutes, 0.05283021926879883 seconds

Avg val. time: 0.0 hours, 0.0 minutes, 0.07894798687526158 seconds
Avg batch val. time: 0.005263199125017439 seconds
Avg sample val. time: 0.000663428461136652 seconds
Epoch 10 Validation Summary: epoch: 10.000000 | loss: 1.446944 | accuracy: 0.361345 | precision: 0.375548 | 
Epoch 11 Training Summary: epoch: 11.000000 | loss: 1.354421 | 
Epoch runtime: 0.0 hours, 0.0 minutes, 1.7203290462493896 seconds

Avg epoch train. time: 0.0 hours, 0.0 minutes, 1.5354875434528699 seconds
Avg batch train. time: 0.011458862264573655 seconds
Avg sample train. time: 0.0014363774962140971 seconds
Epoch 12 Training Summary: epoch: 12.000000 | loss: 1.339518 | 
Epoch runtime: 0.0 hours, 0.0 minutes, 1.9090983867645264 seconds

Avg epoch train. time: 0.0 hours, 0.0 minutes, 1.5666217803955078 seconds
Avg batch train. time: 0.011691207316384386 seconds
Avg sample train. time: 0.001465502133204404 seconds
Evaluating on validation set ...
Validation runtime: 0.0 hours, 0.0 minutes, 0.08868050575256348 seconds

Avg val. time: 0.0 hours, 0.0 minutes, 0.08016455173492432 seconds
Avg batch val. time: 0.005344303448994955 seconds
Avg sample val. time: 0.0006736516952514648 seconds
Epoch 12 Validation Summary: epoch: 12.000000 | loss: 1.550389 | accuracy: 0.319328 | precision: 0.296575 | 
Epoch 13 Training Summary: epoch: 13.000000 | loss: 1.339448 | 
Epoch runtime: 0.0 hours, 0.0 minutes, 1.7571024894714355 seconds

Avg epoch train. time: 0.0 hours, 0.0 minutes, 1.5812741426321177 seconds
Avg batch train. time: 0.01180055330322476 seconds
Avg sample train. time: 0.001479208739599736 seconds
Epoch 14 Training Summary: epoch: 14.000000 | loss: 1.282227 | 
Epoch runtime: 0.0 hours, 0.0 minutes, 1.6531121730804443 seconds

Avg epoch train. time: 0.0 hours, 0.0 minutes, 1.5864054305212838 seconds
Avg batch train. time: 0.011838846496427491 seconds
Avg sample train. time: 0.0014840088218159811 seconds
Evaluating on validation set ...
Validation runtime: 0.0 hours, 0.0 minutes, 0.06215023994445801 seconds

Avg val. time: 0.0 hours, 0.0 minutes, 0.07816296153598362 seconds
Avg batch val. time: 0.005210864102398908 seconds
Avg sample val. time: 0.0006568316095460809 seconds
Epoch 14 Validation Summary: epoch: 14.000000 | loss: 1.340454 | accuracy: 0.378151 | precision: 0.376439 | 
Epoch 15 Training Summary: epoch: 15.000000 | loss: 1.246470 | 
Epoch runtime: 0.0 hours, 0.0 minutes, 1.7251734733581543 seconds

Avg epoch train. time: 0.0 hours, 0.0 minutes, 1.5956566333770752 seconds
Avg batch train. time: 0.011907885323709516 seconds
Avg sample train. time: 0.0014926628937110152 seconds
Epoch 16 Training Summary: epoch: 16.000000 | loss: 1.265935 | 
Epoch runtime: 0.0 hours, 0.0 minutes, 1.8516912460327148 seconds

Avg epoch train. time: 0.0 hours, 0.0 minutes, 1.6116587966680527 seconds
Avg batch train. time: 0.012027304452746662 seconds
Avg sample train. time: 0.001507632176490227 seconds
Evaluating on validation set ...
Validation runtime: 0.0 hours, 0.0 minutes, 0.05588197708129883 seconds

Avg val. time: 0.0 hours, 0.0 minutes, 0.07593486309051514 seconds
Avg batch val. time: 0.005062324206034343 seconds
Avg sample val. time: 0.0006381080931976063 seconds
Epoch 16 Validation Summary: epoch: 16.000000 | loss: 1.366062 | accuracy: 0.436975 | precision: 0.406542 | 
Epoch 17 Training Summary: epoch: 17.000000 | loss: 1.224463 | 
Epoch runtime: 0.0 hours, 0.0 minutes, 1.810941219329834 seconds

Avg epoch train. time: 0.0 hours, 0.0 minutes, 1.6233812921187456 seconds
Avg batch train. time: 0.012114785762080192 seconds
Avg sample train. time: 0.0015185980281746919 seconds
Epoch 18 Training Summary: epoch: 18.000000 | loss: 1.202813 | 
Epoch runtime: 0.0 hours, 0.0 minutes, 1.7426259517669678 seconds

Avg epoch train. time: 0.0 hours, 0.0 minutes, 1.6300059954325359 seconds
Avg batch train. time: 0.012164223846511462 seconds
Avg sample train. time: 0.0015247951313681347 seconds
Evaluating on validation set ...
Validation runtime: 0.0 hours, 0.0 minutes, 0.05719304084777832 seconds

Avg val. time: 0.0 hours, 0.0 minutes, 0.07423106106844815 seconds
Avg batch val. time: 0.00494873740456321 seconds
Avg sample val. time: 0.0006237904291466231 seconds
Epoch 18 Validation Summary: epoch: 18.000000 | loss: 1.395401 | accuracy: 0.386555 | precision: 0.403687 | 
Epoch 19 Training Summary: epoch: 19.000000 | loss: 1.213353 | 
Epoch runtime: 0.0 hours, 0.0 minutes, 1.5784430503845215 seconds

Avg epoch train. time: 0.0 hours, 0.0 minutes, 1.6272921562194824 seconds
Avg batch train. time: 0.012143971315070765 seconds
Avg sample train. time: 0.0015222564604485335 seconds
Epoch 20 Training Summary: epoch: 20.000000 | loss: 1.197420 | 
Epoch runtime: 0.0 hours, 0.0 minutes, 1.5202066898345947 seconds

Avg epoch train. time: 0.0 hours, 0.0 minutes, 1.621937882900238 seconds
Avg batch train. time: 0.012104014051494314 seconds
Avg sample train. time: 0.001517247785687781 seconds
Evaluating on validation set ...
Validation runtime: 0.0 hours, 0.0 minutes, 0.05443596839904785 seconds

Avg val. time: 0.0 hours, 0.0 minutes, 0.0725814700126648 seconds
Avg batch val. time: 0.004838764667510986 seconds
Avg sample val. time: 0.000609928319434158 seconds
Epoch 20 Validation Summary: epoch: 20.000000 | loss: 1.422149 | accuracy: 0.378151 | precision: 0.349791 | 
Epoch 21 Training Summary: epoch: 21.000000 | loss: 1.157279 | 
Epoch runtime: 0.0 hours, 0.0 minutes, 1.5529539585113525 seconds

Avg epoch train. time: 0.0 hours, 0.0 minutes, 1.6186529341198148 seconds
Avg batch train. time: 0.012079499508356828 seconds
Avg sample train. time: 0.0015141748682131102 seconds
Epoch 22 Training Summary: epoch: 22.000000 | loss: 1.184393 | 
Epoch runtime: 0.0 hours, 0.0 minutes, 1.4928510189056396 seconds

Avg epoch train. time: 0.0 hours, 0.0 minutes, 1.6129346652464434 seconds
Avg batch train. time: 0.012036825860048084 seconds
Avg sample train. time: 0.0015088256924662706 seconds
Evaluating on validation set ...
Validation runtime: 0.0 hours, 0.0 minutes, 0.04926013946533203 seconds

Avg val. time: 0.0 hours, 0.0 minutes, 0.07078752150902382 seconds
Avg batch val. time: 0.004719168100601588 seconds
Avg sample val. time: 0.0005948531219245698 seconds
Epoch 22 Validation Summary: epoch: 22.000000 | loss: 1.404621 | accuracy: 0.436975 | precision: 0.449215 | 
Epoch 23 Training Summary: epoch: 23.000000 | loss: 1.168902 | 
Epoch runtime: 0.0 hours, 0.0 minutes, 1.485048532485962 seconds

Avg epoch train. time: 0.0 hours, 0.0 minutes, 1.6073743986046833 seconds
Avg batch train. time: 0.01199533133287077 seconds
Avg sample train. time: 0.0015036243204908169 seconds
Epoch 24 Training Summary: epoch: 24.000000 | loss: 1.152377 | 
Epoch runtime: 0.0 hours, 0.0 minutes, 1.513369083404541 seconds

Avg epoch train. time: 0.0 hours, 0.0 minutes, 1.603457510471344 seconds
Avg batch train. time: 0.011966100824413016 seconds
Avg sample train. time: 0.0014999602530134182 seconds
Evaluating on validation set ...
Validation runtime: 0.0 hours, 0.0 minutes, 0.06561493873596191 seconds

Avg val. time: 0.0 hours, 0.0 minutes, 0.07041805131094796 seconds
Avg batch val. time: 0.004694536754063197 seconds
Avg sample val. time: 0.0005917483303441005 seconds
Epoch 24 Validation Summary: epoch: 24.000000 | loss: 1.349423 | accuracy: 0.394958 | precision: 0.379236 | 
Epoch 25 Training Summary: epoch: 25.000000 | loss: 1.161103 | 
Epoch runtime: 0.0 hours, 0.0 minutes, 1.6724610328674316 seconds

Avg epoch train. time: 0.0 hours, 0.0 minutes, 1.6062176513671875 seconds
Avg batch train. time: 0.011986698890799907 seconds
Avg sample train. time: 0.0015025422370132718 seconds
Epoch 26 Training Summary: epoch: 26.000000 | loss: 1.137593 | 
Epoch runtime: 0.0 hours, 0.0 minutes, 2.0848913192749023 seconds

Avg epoch train. time: 0.0 hours, 0.0 minutes, 1.6246281770559459 seconds
Avg batch train. time: 0.012124090873551836 seconds
Avg sample train. time: 0.0015197644312964882 seconds
Evaluating on validation set ...
Validation runtime: 0.0 hours, 0.0 minutes, 0.05445575714111328 seconds

Avg val. time: 0.0 hours, 0.0 minutes, 0.06935389836629231 seconds
Avg batch val. time: 0.004623593224419488 seconds
Avg sample val. time: 0.0005828058686243051 seconds
Epoch 26 Validation Summary: epoch: 26.000000 | loss: 1.528454 | accuracy: 0.344538 | precision: 0.326664 | 
Epoch 27 Training Summary: epoch: 27.000000 | loss: 1.138720 | 
Epoch runtime: 0.0 hours, 0.0 minutes, 2.114379405975342 seconds

Avg epoch train. time: 0.0 hours, 0.0 minutes, 1.642767111460368 seconds
Avg batch train. time: 0.012259456055674387 seconds
Avg sample train. time: 0.0015367325645092309 seconds
Epoch 28 Training Summary: epoch: 28.000000 | loss: 1.112183 | 
Epoch runtime: 0.0 hours, 0.0 minutes, 2.203653573989868 seconds

Avg epoch train. time: 0.0 hours, 0.0 minutes, 1.6627987708364214 seconds
Avg batch train. time: 0.01240894605101807 seconds
Avg sample train. time: 0.0015554712542903849 seconds
Evaluating on validation set ...
Validation runtime: 0.0 hours, 0.0 minutes, 0.12402057647705078 seconds

Avg val. time: 0.0 hours, 0.0 minutes, 0.07277056574821472 seconds
Avg batch val. time: 0.0048513710498809814 seconds
Avg sample val. time: 0.0006115173592286952 seconds
Epoch 28 Validation Summary: epoch: 28.000000 | loss: 1.500079 | accuracy: 0.420168 | precision: 0.407211 | 
Epoch 29 Training Summary: epoch: 29.000000 | loss: 1.111880 | 
Epoch runtime: 0.0 hours, 0.0 minutes, 1.7225632667541504 seconds

Avg epoch train. time: 0.0 hours, 0.0 minutes, 1.6648596155232396 seconds
Avg batch train. time: 0.0124243254889794 seconds
Avg sample train. time: 0.0015573990790675768 seconds
Epoch 30 Training Summary: epoch: 30.000000 | loss: 1.085274 | 
Epoch runtime: 0.0 hours, 0.0 minutes, 1.6464729309082031 seconds

Avg epoch train. time: 0.0 hours, 0.0 minutes, 1.6642467260360718 seconds
Avg batch train. time: 0.012419751686836357 seconds
Avg sample train. time: 0.0015568257493321531 seconds
Evaluating on validation set ...
Validation runtime: 0.0 hours, 0.0 minutes, 0.0606989860534668 seconds

Avg val. time: 0.0 hours, 0.0 minutes, 0.07206047282499425 seconds
Avg batch val. time: 0.004804031521666283 seconds
Avg sample val. time: 0.0006055501918066744 seconds
Epoch 30 Validation Summary: epoch: 30.000000 | loss: 1.573468 | accuracy: 0.386555 | precision: 0.359759 | 
Epoch 31 Training Summary: epoch: 31.000000 | loss: 1.069336 | 
Epoch runtime: 0.0 hours, 0.0 minutes, 1.7037885189056396 seconds

Avg epoch train. time: 0.0 hours, 0.0 minutes, 1.6655222677415418 seconds
Avg batch train. time: 0.012429270654787624 seconds
Avg sample train. time: 0.0015580189595337155 seconds
Epoch 32 Training Summary: epoch: 32.000000 | loss: 1.068512 | 
Epoch runtime: 0.0 hours, 0.0 minutes, 1.6184172630310059 seconds

Avg epoch train. time: 0.0 hours, 0.0 minutes, 1.6640502363443375 seconds
Avg batch train. time: 0.012418285345853264 seconds
Avg sample train. time: 0.0015566419423239826 seconds
Evaluating on validation set ...
Validation runtime: 0.0 hours, 0.0 minutes, 0.057169198989868164 seconds

Avg val. time: 0.0 hours, 0.0 minutes, 0.07123317983415392 seconds
Avg batch val. time: 0.004748878655610261 seconds
Avg sample val. time: 0.0005985981498668396 seconds
Epoch 32 Validation Summary: epoch: 32.000000 | loss: 1.487473 | accuracy: 0.420168 | precision: 0.426966 | 
Epoch 33 Training Summary: epoch: 33.000000 | loss: 1.099652 | 
Epoch runtime: 0.0 hours, 0.0 minutes, 1.6613588333129883 seconds

Avg epoch train. time: 0.0 hours, 0.0 minutes, 1.6639686786767207 seconds
Avg batch train. time: 0.012417676706542691 seconds
Avg sample train. time: 0.0015565656489024515 seconds
Epoch 34 Training Summary: epoch: 34.000000 | loss: 1.035861 | 
Epoch runtime: 0.0 hours, 0.0 minutes, 1.7091655731201172 seconds

Avg epoch train. time: 0.0 hours, 0.0 minutes, 1.6652979991015266 seconds
Avg batch train. time: 0.012427597008220348 seconds
Avg sample train. time: 0.0015578091666057312 seconds
Evaluating on validation set ...
Validation runtime: 0.0 hours, 0.0 minutes, 0.05568051338195801 seconds

Avg val. time: 0.0 hours, 0.0 minutes, 0.07041461844193309 seconds
Avg batch val. time: 0.0046943078961288725 seconds
Avg sample val. time: 0.00059171948270532 seconds
Epoch 34 Validation Summary: epoch: 34.000000 | loss: 1.506148 | accuracy: 0.428571 | precision: 0.430464 | 
Epoch 35 Training Summary: epoch: 35.000000 | loss: 1.029396 | 
Epoch runtime: 0.0 hours, 0.0 minutes, 1.601201057434082 seconds

Avg epoch train. time: 0.0 hours, 0.0 minutes, 1.6634666579110282 seconds
Avg batch train. time: 0.012413930282918121 seconds
Avg sample train. time: 0.0015560960317221966 seconds
Epoch 36 Training Summary: epoch: 36.000000 | loss: 0.989787 | 
Epoch runtime: 0.0 hours, 0.0 minutes, 1.5564143657684326 seconds

Avg epoch train. time: 0.0 hours, 0.0 minutes, 1.6604929831292894 seconds
Avg batch train. time: 0.012391738680069323 seconds
Avg sample train. time: 0.0015533142966597656 seconds
Evaluating on validation set ...
Validation runtime: 0.0 hours, 0.0 minutes, 0.05192995071411133 seconds

Avg val. time: 0.0 hours, 0.0 minutes, 0.06949038505554199 seconds
Avg batch val. time: 0.004632692337036132 seconds
Avg sample val. time: 0.0005839528155927898 seconds
Epoch 36 Validation Summary: epoch: 36.000000 | loss: 1.746485 | accuracy: 0.352941 | precision: 0.334888 | 
Epoch 37 Training Summary: epoch: 37.000000 | loss: 1.028951 | 
Epoch runtime: 0.0 hours, 0.0 minutes, 1.518331527709961 seconds

Avg epoch train. time: 0.0 hours, 0.0 minutes, 1.6566507816314697 seconds
Avg batch train. time: 0.012363065534563207 seconds
Avg sample train. time: 0.0015497200950715339 seconds
Epoch 38 Training Summary: epoch: 38.000000 | loss: 0.998337 | 
Epoch runtime: 0.0 hours, 0.0 minutes, 1.4822101593017578 seconds

Avg epoch train. time: 0.0 hours, 0.0 minutes, 1.6520602389385826 seconds
Avg batch train. time: 0.012328807753273004 seconds
Avg sample train. time: 0.0015454258549472241 seconds
Evaluating on validation set ...
Validation runtime: 0.0 hours, 0.0 minutes, 0.05204892158508301 seconds

Avg val. time: 0.0 hours, 0.0 minutes, 0.06865983917599633 seconds
Avg batch val. time: 0.004577322611733089 seconds
Avg sample val. time: 0.0005769734384537507 seconds
Epoch 38 Validation Summary: epoch: 38.000000 | loss: 1.734701 | accuracy: 0.386555 | precision: 0.392738 | 
Epoch 39 Training Summary: epoch: 39.000000 | loss: 1.034693 | 
Epoch runtime: 0.0 hours, 0.0 minutes, 1.445953130722046 seconds

Avg epoch train. time: 0.0 hours, 0.0 minutes, 1.6467754412920048 seconds
Avg batch train. time: 0.012289368964865708 seconds
Avg sample train. time: 0.0015404821714611833 seconds
Epoch 40 Training Summary: epoch: 40.000000 | loss: 0.964429 | 
Epoch runtime: 0.0 hours, 0.0 minutes, 1.5262234210968018 seconds

Avg epoch train. time: 0.0 hours, 0.0 minutes, 1.6437616407871247 seconds
Avg batch train. time: 0.012266877916321826 seconds
Avg sample train. time: 0.0015376629006427734 seconds
Evaluating on validation set ...
Validation runtime: 0.0 hours, 0.0 minutes, 0.04882454872131348 seconds

Avg val. time: 0.0 hours, 0.0 minutes, 0.06775823506441983 seconds
Avg batch val. time: 0.004517215670961322 seconds
Avg sample val. time: 0.0005693969333144523 seconds
Epoch 40 Validation Summary: epoch: 40.000000 | loss: 1.734218 | accuracy: 0.386555 | precision: 0.400224 | 
Best accuracy was 0.4369747899159664. Other metrics: OrderedDict([('epoch', 16), ('loss', 1.3660616233569234), ('accuracy', 0.4369747899159664), ('precision', 0.4065423787069687)])
All Done!
Total runtime: 0.0 hours, 1.0 minutes, 22.353073120117188 seconds

