Running:
src/main_crosssetting.py --output_dir experiments --target_user ZeyuZoom --user_othersetting Zeyu --comment classification from Scratch --name VRS_fromScratch --records_file VRS_records.xls --data_dir /mnt/d/OneDrive - Southern Methodist University/Phone_Privacy/input_feature/opticalflow_22_downsample_480p_s22 --test_data_dir /mnt/d/OneDrive - Southern Methodist University/Phone_Privacy/input_feature/opticalflow_22_downsample_480p_s22 --data_class vrs --val_ratio 0.1 --epochs 40 --lr 0.001 --dropout 0.2 --batch_size 8 --num_layers 3 --num_heads 4 --optimizer RAdam --pos_encoding learnable --task classification --normalization none --key_metric accuracy

Using device: cuda
Loading and preprocessing data ...
67 samples may be used for training
8 samples will be used for validation
0 samples will be used for testing
Creating model ...
Model:
TSTransformerEncoderClassiregressor(
  (project_inp): Linear(in_features=8, out_features=64, bias=True)
  (pos_enc): LearnablePositionalEncoding(
    (dropout): Dropout(p=0.2, inplace=False)
  )
  (transformer_encoder): TransformerEncoder(
    (layers): ModuleList(
      (0-2): 3 x TransformerBatchNormEncoderLayer(
        (self_attn): MultiheadAttention(
          (out_proj): NonDynamicallyQuantizableLinear(in_features=64, out_features=64, bias=True)
        )
        (linear1): Linear(in_features=64, out_features=256, bias=True)
        (dropout): Dropout(p=0.2, inplace=False)
        (linear2): Linear(in_features=256, out_features=64, bias=True)
        (norm1): BatchNorm1d(64, eps=1e-05, momentum=0.1, affine=True, track_running_stats=True)
        (norm2): BatchNorm1d(64, eps=1e-05, momentum=0.1, affine=True, track_running_stats=True)
        (dropout1): Dropout(p=0.2, inplace=False)
        (dropout2): Dropout(p=0.2, inplace=False)
      )
    )
  )
  (dropout1): Dropout(p=0.2, inplace=False)
  (output_layer): Linear(in_features=5120, out_features=5, bias=True)
)
Total number of parameters: 181253
Trainable parameters: 181253
Evaluating on validation set ...
Validation runtime: 0.0 hours, 0.0 minutes, 0.38468456268310547 seconds

Avg val. time: 0.0 hours, 0.0 minutes, 0.38468456268310547 seconds
Avg batch val. time: 0.38468456268310547 seconds
Avg sample val. time: 0.048085570335388184 seconds
Epoch 0 Validation Summary: epoch: 0.000000 | loss: 4.906029 | accuracy: 0.250000 | precision: 0.266667 | 
Starting training...
Epoch 1 Training Summary: epoch: 1.000000 | loss: 1.662840 | 
Epoch runtime: 0.0 hours, 0.0 minutes, 0.31528735160827637 seconds

Avg epoch train. time: 0.0 hours, 0.0 minutes, 0.31528735160827637 seconds
Avg batch train. time: 0.03503192795647515 seconds
Avg sample train. time: 0.004705781367287707 seconds
Evaluating on validation set ...
Validation runtime: 0.0 hours, 0.0 minutes, 0.007561445236206055 seconds

Avg val. time: 0.0 hours, 0.0 minutes, 0.19612300395965576 seconds
Avg batch val. time: 0.19612300395965576 seconds
Avg sample val. time: 0.02451537549495697 seconds
Epoch 1 Validation Summary: epoch: 1.000000 | loss: 1.688462 | accuracy: 0.375000 | precision: 0.450000 | 
Epoch 2 Training Summary: epoch: 2.000000 | loss: 1.695426 | 
Epoch runtime: 0.0 hours, 0.0 minutes, 0.09908151626586914 seconds

Avg epoch train. time: 0.0 hours, 0.0 minutes, 0.20718443393707275 seconds
Avg batch train. time: 0.02302049265967475 seconds
Avg sample train. time: 0.0030923049841354144 seconds
Evaluating on validation set ...
Validation runtime: 0.0 hours, 0.0 minutes, 0.007058858871459961 seconds

Avg val. time: 0.0 hours, 0.0 minutes, 0.13310162226359049 seconds
Avg batch val. time: 0.13310162226359049 seconds
Avg sample val. time: 0.01663770278294881 seconds
Epoch 2 Validation Summary: epoch: 2.000000 | loss: 1.622403 | accuracy: 0.125000 | precision: 0.285714 | 
Epoch 3 Training Summary: epoch: 3.000000 | loss: 1.648009 | 
Epoch runtime: 0.0 hours, 0.0 minutes, 0.09844160079956055 seconds

Avg epoch train. time: 0.0 hours, 0.0 minutes, 0.17093682289123535 seconds
Avg batch train. time: 0.01899298032124837 seconds
Avg sample train. time: 0.002551295864048289 seconds
Epoch 4 Training Summary: epoch: 4.000000 | loss: 1.620363 | 
Epoch runtime: 0.0 hours, 0.0 minutes, 0.08507633209228516 seconds

Avg epoch train. time: 0.0 hours, 0.0 minutes, 0.1494717001914978 seconds
Avg batch train. time: 0.0166079666879442 seconds
Avg sample train. time: 0.0022309208983805643 seconds
Evaluating on validation set ...
Validation runtime: 0.0 hours, 0.0 minutes, 0.006211042404174805 seconds

Avg val. time: 0.0 hours, 0.0 minutes, 0.10137897729873657 seconds
Avg batch val. time: 0.10137897729873657 seconds
Avg sample val. time: 0.012672372162342072 seconds
Epoch 4 Validation Summary: epoch: 4.000000 | loss: 1.616806 | accuracy: 0.125000 | precision: 0.133333 | 
Epoch 5 Training Summary: epoch: 5.000000 | loss: 1.493642 | 
Epoch runtime: 0.0 hours, 0.0 minutes, 0.08873915672302246 seconds

Avg epoch train. time: 0.0 hours, 0.0 minutes, 0.13732519149780273 seconds
Avg batch train. time: 0.01525835461086697 seconds
Avg sample train. time: 0.002049629723847802 seconds
Epoch 6 Training Summary: epoch: 6.000000 | loss: 1.406507 | 
Epoch runtime: 0.0 hours, 0.0 minutes, 0.119476318359375 seconds

Avg epoch train. time: 0.0 hours, 0.0 minutes, 0.1343503793080648 seconds
Avg batch train. time: 0.01492781992311831 seconds
Avg sample train. time: 0.002005229541911415 seconds
Evaluating on validation set ...
Validation runtime: 0.0 hours, 0.0 minutes, 0.010016441345214844 seconds

Avg val. time: 0.0 hours, 0.0 minutes, 0.08310647010803222 seconds
Avg batch val. time: 0.08310647010803222 seconds
Avg sample val. time: 0.010388308763504028 seconds
Epoch 6 Validation Summary: epoch: 6.000000 | loss: 1.575107 | accuracy: 0.250000 | precision: 0.428571 | 
Epoch 7 Training Summary: epoch: 7.000000 | loss: 1.366342 | 
Epoch runtime: 0.0 hours, 0.0 minutes, 0.10289216041564941 seconds

Avg epoch train. time: 0.0 hours, 0.0 minutes, 0.12985634803771973 seconds
Avg batch train. time: 0.014428483115302192 seconds
Avg sample train. time: 0.001938154448324175 seconds
Epoch 8 Training Summary: epoch: 8.000000 | loss: 1.316859 | 
Epoch runtime: 0.0 hours, 0.0 minutes, 0.09395217895507812 seconds

Avg epoch train. time: 0.0 hours, 0.0 minutes, 0.12536832690238953 seconds
Avg batch train. time: 0.013929814100265503 seconds
Avg sample train. time: 0.0018711690582446198 seconds
Evaluating on validation set ...
Validation runtime: 0.0 hours, 0.0 minutes, 0.00713801383972168 seconds

Avg val. time: 0.0 hours, 0.0 minutes, 0.07044506072998047 seconds
Avg batch val. time: 0.07044506072998047 seconds
Avg sample val. time: 0.008805632591247559 seconds
Epoch 8 Validation Summary: epoch: 8.000000 | loss: 1.539745 | accuracy: 0.250000 | precision: 0.250000 | 
Epoch 9 Training Summary: epoch: 9.000000 | loss: 1.236025 | 
Epoch runtime: 0.0 hours, 0.0 minutes, 0.10292243957519531 seconds

Avg epoch train. time: 0.0 hours, 0.0 minutes, 0.12287433942159016 seconds
Avg batch train. time: 0.013652704380176685 seconds
Avg sample train. time: 0.0018339453645013458 seconds
Epoch 10 Training Summary: epoch: 10.000000 | loss: 1.216971 | 
Epoch runtime: 0.0 hours, 0.0 minutes, 0.10496330261230469 seconds

Avg epoch train. time: 0.0 hours, 0.0 minutes, 0.12108323574066163 seconds
Avg batch train. time: 0.013453692860073514 seconds
Avg sample train. time: 0.0018072124737412182 seconds
Evaluating on validation set ...
Validation runtime: 0.0 hours, 0.0 minutes, 0.00750279426574707 seconds

Avg val. time: 0.0 hours, 0.0 minutes, 0.06145330837794712 seconds
Avg batch val. time: 0.06145330837794712 seconds
Avg sample val. time: 0.00768166354724339 seconds
Epoch 10 Validation Summary: epoch: 10.000000 | loss: 1.537853 | accuracy: 0.250000 | precision: 0.250000 | 
Epoch 11 Training Summary: epoch: 11.000000 | loss: 1.189908 | 
Epoch runtime: 0.0 hours, 0.0 minutes, 0.1032552719116211 seconds

Avg epoch train. time: 0.0 hours, 0.0 minutes, 0.11946251175620339 seconds
Avg batch train. time: 0.013273612417355932 seconds
Avg sample train. time: 0.0017830225635254236 seconds
Epoch 12 Training Summary: epoch: 12.000000 | loss: 1.100717 | 
Epoch runtime: 0.0 hours, 0.0 minutes, 0.10239505767822266 seconds

Avg epoch train. time: 0.0 hours, 0.0 minutes, 0.11804022391637166 seconds
Avg batch train. time: 0.013115580435152407 seconds
Avg sample train. time: 0.0017617943868115174 seconds
Evaluating on validation set ...
Validation runtime: 0.0 hours, 0.0 minutes, 0.006975650787353516 seconds

Avg val. time: 0.0 hours, 0.0 minutes, 0.054643601179122925 seconds
Avg batch val. time: 0.054643601179122925 seconds
Avg sample val. time: 0.006830450147390366 seconds
Epoch 12 Validation Summary: epoch: 12.000000 | loss: 1.505719 | accuracy: 0.250000 | precision: 0.250000 | 
Epoch 13 Training Summary: epoch: 13.000000 | loss: 1.057726 | 
Epoch runtime: 0.0 hours, 0.0 minutes, 0.09344673156738281 seconds

Avg epoch train. time: 0.0 hours, 0.0 minutes, 0.1161484168126033 seconds
Avg batch train. time: 0.01290537964584481 seconds
Avg sample train. time: 0.0017335584598896015 seconds
Epoch 14 Training Summary: epoch: 14.000000 | loss: 0.911375 | 
Epoch runtime: 0.0 hours, 0.0 minutes, 0.10040807723999023 seconds

Avg epoch train. time: 0.0 hours, 0.0 minutes, 0.11502410684313093 seconds
Avg batch train. time: 0.012780456315903436 seconds
Avg sample train. time: 0.001716777714076581 seconds
Evaluating on validation set ...
Validation runtime: 0.0 hours, 0.0 minutes, 0.007957696914672852 seconds

Avg val. time: 0.0 hours, 0.0 minutes, 0.049456278483072914 seconds
Avg batch val. time: 0.049456278483072914 seconds
Avg sample val. time: 0.006182034810384114 seconds
Epoch 14 Validation Summary: epoch: 14.000000 | loss: 1.512861 | accuracy: 0.250000 | precision: 0.250000 | 
Epoch 15 Training Summary: epoch: 15.000000 | loss: 0.940765 | 
Epoch runtime: 0.0 hours, 0.0 minutes, 0.12232851982116699 seconds

Avg epoch train. time: 0.0 hours, 0.0 minutes, 0.11551106770833333 seconds
Avg batch train. time: 0.012834563078703703 seconds
Avg sample train. time: 0.0017240457866915422 seconds
Epoch 16 Training Summary: epoch: 16.000000 | loss: 0.853468 | 
Epoch runtime: 0.0 hours, 0.0 minutes, 0.10482358932495117 seconds

Avg epoch train. time: 0.0 hours, 0.0 minutes, 0.11484310030937195 seconds
Avg batch train. time: 0.012760344478819106 seconds
Avg sample train. time: 0.0017140761240204768 seconds
Evaluating on validation set ...
Validation runtime: 0.0 hours, 0.0 minutes, 0.008575439453125 seconds

Avg val. time: 0.0 hours, 0.0 minutes, 0.045368194580078125 seconds
Avg batch val. time: 0.045368194580078125 seconds
Avg sample val. time: 0.005671024322509766 seconds
Epoch 16 Validation Summary: epoch: 16.000000 | loss: 1.469943 | accuracy: 0.250000 | precision: 0.277778 | 
Epoch 17 Training Summary: epoch: 17.000000 | loss: 0.767385 | 
Epoch runtime: 0.0 hours, 0.0 minutes, 0.11088180541992188 seconds

Avg epoch train. time: 0.0 hours, 0.0 minutes, 0.11461008296293371 seconds
Avg batch train. time: 0.01273445366254819 seconds
Avg sample train. time: 0.001710598253178115 seconds
Epoch 18 Training Summary: epoch: 18.000000 | loss: 0.731651 | 
Epoch runtime: 0.0 hours, 0.0 minutes, 0.09470176696777344 seconds

Avg epoch train. time: 0.0 hours, 0.0 minutes, 0.11350406540764703 seconds
Avg batch train. time: 0.012611562823071892 seconds
Avg sample train. time: 0.0016940905284723437 seconds
Evaluating on validation set ...
Validation runtime: 0.0 hours, 0.0 minutes, 0.008356571197509766 seconds

Avg val. time: 0.0 hours, 0.0 minutes, 0.042003501545299186 seconds
Avg batch val. time: 0.042003501545299186 seconds
Avg sample val. time: 0.005250437693162398 seconds
Epoch 18 Validation Summary: epoch: 18.000000 | loss: 1.494747 | accuracy: 0.375000 | precision: 0.479167 | 
Epoch 19 Training Summary: epoch: 19.000000 | loss: 0.667130 | 
Epoch runtime: 0.0 hours, 0.0 minutes, 0.10159063339233398 seconds

Avg epoch train. time: 0.0 hours, 0.0 minutes, 0.11287704266999897 seconds
Avg batch train. time: 0.012541893629999886 seconds
Avg sample train. time: 0.0016847319801492383 seconds
Epoch 20 Training Summary: epoch: 20.000000 | loss: 0.645199 | 
Epoch runtime: 0.0 hours, 0.0 minutes, 0.11164712905883789 seconds

Avg epoch train. time: 0.0 hours, 0.0 minutes, 0.11281554698944092 seconds
Avg batch train. time: 0.012535060776604547 seconds
Avg sample train. time: 0.00168381413417076 seconds
Evaluating on validation set ...
Validation runtime: 0.0 hours, 0.0 minutes, 0.007725954055786133 seconds

Avg val. time: 0.0 hours, 0.0 minutes, 0.03914703925450643 seconds
Avg batch val. time: 0.03914703925450643 seconds
Avg sample val. time: 0.004893379906813304 seconds
Epoch 20 Validation Summary: epoch: 20.000000 | loss: 1.553987 | accuracy: 0.375000 | precision: 0.333333 | 
Epoch 21 Training Summary: epoch: 21.000000 | loss: 0.669170 | 
Epoch runtime: 0.0 hours, 0.0 minutes, 0.10466933250427246 seconds

Avg epoch train. time: 0.0 hours, 0.0 minutes, 0.11242763201395671 seconds
Avg batch train. time: 0.012491959112661856 seconds
Avg sample train. time: 0.0016780243584172644 seconds
Epoch 22 Training Summary: epoch: 22.000000 | loss: 0.528909 | 
Epoch runtime: 0.0 hours, 0.0 minutes, 0.11424565315246582 seconds

Avg epoch train. time: 0.0 hours, 0.0 minutes, 0.11251026933843439 seconds
Avg batch train. time: 0.012501141037603821 seconds
Avg sample train. time: 0.0016792577513199162 seconds
Evaluating on validation set ...
Validation runtime: 0.0 hours, 0.0 minutes, 0.00894474983215332 seconds

Avg val. time: 0.0 hours, 0.0 minutes, 0.03682378622201773 seconds
Avg batch val. time: 0.03682378622201773 seconds
Avg sample val. time: 0.004602973277752216 seconds
Epoch 22 Validation Summary: epoch: 22.000000 | loss: 1.539598 | accuracy: 0.250000 | precision: 0.277778 | 
Epoch 23 Training Summary: epoch: 23.000000 | loss: 0.486474 | 
Epoch runtime: 0.0 hours, 0.0 minutes, 0.11453604698181152 seconds

Avg epoch train. time: 0.0 hours, 0.0 minutes, 0.11259834662727687 seconds
Avg batch train. time: 0.012510927403030763 seconds
Avg sample train. time: 0.0016805723377205503 seconds
Epoch 24 Training Summary: epoch: 24.000000 | loss: 0.430712 | 
Epoch runtime: 0.0 hours, 0.0 minutes, 0.09559106826782227 seconds

Avg epoch train. time: 0.0 hours, 0.0 minutes, 0.11188971002896626 seconds
Avg batch train. time: 0.012432190003218473 seconds
Avg sample train. time: 0.0016699956720741234 seconds
Evaluating on validation set ...
Validation runtime: 0.0 hours, 0.0 minutes, 0.008825540542602539 seconds

Avg val. time: 0.0 hours, 0.0 minutes, 0.03482391153063093 seconds
Avg batch val. time: 0.03482391153063093 seconds
Avg sample val. time: 0.004352988941328866 seconds
Epoch 24 Validation Summary: epoch: 24.000000 | loss: 1.500127 | accuracy: 0.250000 | precision: 0.333333 | 
Epoch 25 Training Summary: epoch: 25.000000 | loss: 0.412410 | 
Epoch runtime: 0.0 hours, 0.0 minutes, 0.09767270088195801 seconds

Avg epoch train. time: 0.0 hours, 0.0 minutes, 0.11132102966308594 seconds
Avg batch train. time: 0.012369003295898438 seconds
Avg sample train. time: 0.001661507905419193 seconds
Epoch 26 Training Summary: epoch: 26.000000 | loss: 0.354983 | 
Epoch runtime: 0.0 hours, 0.0 minutes, 0.10790181159973145 seconds

Avg epoch train. time: 0.0 hours, 0.0 minutes, 0.11118952127603385 seconds
Avg batch train. time: 0.01235439125289265 seconds
Avg sample train. time: 0.001659545093672147 seconds
Evaluating on validation set ...
Validation runtime: 0.0 hours, 0.0 minutes, 0.008711814880371094 seconds

Avg val. time: 0.0 hours, 0.0 minutes, 0.033083105087280275 seconds
Avg batch val. time: 0.033083105087280275 seconds
Avg sample val. time: 0.004135388135910034 seconds
Epoch 26 Validation Summary: epoch: 26.000000 | loss: 1.633567 | accuracy: 0.125000 | precision: 0.125000 | 
Epoch 27 Training Summary: epoch: 27.000000 | loss: 0.310759 | 
Epoch runtime: 0.0 hours, 0.0 minutes, 0.10586833953857422 seconds

Avg epoch train. time: 0.0 hours, 0.0 minutes, 0.11099244047094274 seconds
Avg batch train. time: 0.012332493385660304 seconds
Avg sample train. time: 0.0016566035891185484 seconds
Epoch 28 Training Summary: epoch: 28.000000 | loss: 0.263685 | 
Epoch runtime: 0.0 hours, 0.0 minutes, 0.10221028327941895 seconds

Avg epoch train. time: 0.0 hours, 0.0 minutes, 0.1106787919998169 seconds
Avg batch train. time: 0.01229764355553521 seconds
Avg sample train. time: 0.0016519222686539835 seconds
Evaluating on validation set ...
Validation runtime: 0.0 hours, 0.0 minutes, 0.006786346435546875 seconds

Avg val. time: 0.0 hours, 0.0 minutes, 0.031439557671546936 seconds
Avg batch val. time: 0.031439557671546936 seconds
Avg sample val. time: 0.003929944708943367 seconds
Epoch 28 Validation Summary: epoch: 28.000000 | loss: 1.715732 | accuracy: 0.250000 | precision: 0.250000 | 
Epoch 29 Training Summary: epoch: 29.000000 | loss: 0.234857 | 
Epoch runtime: 0.0 hours, 0.0 minutes, 0.09174895286560059 seconds

Avg epoch train. time: 0.0 hours, 0.0 minutes, 0.11002603892622323 seconds
Avg batch train. time: 0.012225115436247026 seconds
Avg sample train. time: 0.0016421796854660183 seconds
Epoch 30 Training Summary: epoch: 30.000000 | loss: 0.256299 | 
Epoch runtime: 0.0 hours, 0.0 minutes, 0.0979011058807373 seconds

Avg epoch train. time: 0.0 hours, 0.0 minutes, 0.1096218744913737 seconds
Avg batch train. time: 0.0121802082768193 seconds
Avg sample train. time: 0.0016361473804682642 seconds
Evaluating on validation set ...
Validation runtime: 0.0 hours, 0.0 minutes, 0.007808685302734375 seconds

Avg val. time: 0.0 hours, 0.0 minutes, 0.03004950635573443 seconds
Avg batch val. time: 0.03004950635573443 seconds
Avg sample val. time: 0.003756188294466804 seconds
Epoch 30 Validation Summary: epoch: 30.000000 | loss: 1.979221 | accuracy: 0.250000 | precision: 0.277778 | 
Epoch 31 Training Summary: epoch: 31.000000 | loss: 0.192857 | 
Epoch runtime: 0.0 hours, 0.0 minutes, 0.09567975997924805 seconds

Avg epoch train. time: 0.0 hours, 0.0 minutes, 0.1091721288619503 seconds
Avg batch train. time: 0.0121302365402167 seconds
Avg sample train. time: 0.0016294347591335864 seconds
Epoch 32 Training Summary: epoch: 32.000000 | loss: 0.188815 | 
Epoch runtime: 0.0 hours, 0.0 minutes, 0.0877528190612793 seconds

Avg epoch train. time: 0.0 hours, 0.0 minutes, 0.10850277543067932 seconds
Avg batch train. time: 0.012055863936742147 seconds
Avg sample train. time: 0.0016194444094131241 seconds
Evaluating on validation set ...
Validation runtime: 0.0 hours, 0.0 minutes, 0.007129669189453125 seconds

Avg val. time: 0.0 hours, 0.0 minutes, 0.028776182068718806 seconds
Avg batch val. time: 0.028776182068718806 seconds
Avg sample val. time: 0.0035970227585898507 seconds
Epoch 32 Validation Summary: epoch: 32.000000 | loss: 1.753824 | accuracy: 0.250000 | precision: 0.187500 | 
Epoch 33 Training Summary: epoch: 33.000000 | loss: 0.193881 | 
Epoch runtime: 0.0 hours, 0.0 minutes, 0.09523200988769531 seconds

Avg epoch train. time: 0.0 hours, 0.0 minutes, 0.10810063102028587 seconds
Avg batch train. time: 0.012011181224476208 seconds
Avg sample train. time: 0.0016134422540341174 seconds
Epoch 34 Training Summary: epoch: 34.000000 | loss: 0.137976 | 
Epoch runtime: 0.0 hours, 0.0 minutes, 0.09053421020507812 seconds

Avg epoch train. time: 0.0 hours, 0.0 minutes, 0.10758397158454447 seconds
Avg batch train. time: 0.011953774620504941 seconds
Avg sample train. time: 0.0016057309191723054 seconds
Evaluating on validation set ...
Validation runtime: 0.0 hours, 0.0 minutes, 0.007094144821166992 seconds

Avg val. time: 0.0 hours, 0.0 minutes, 0.0276350222135845 seconds
Avg batch val. time: 0.0276350222135845 seconds
Avg sample val. time: 0.0034543777766980624 seconds
Epoch 34 Validation Summary: epoch: 34.000000 | loss: 1.813184 | accuracy: 0.250000 | precision: 0.145833 | 
Epoch 35 Training Summary: epoch: 35.000000 | loss: 0.143268 | 
Epoch runtime: 0.0 hours, 0.0 minutes, 0.132188081741333 seconds

Avg epoch train. time: 0.0 hours, 0.0 minutes, 0.1082869461604527 seconds
Avg batch train. time: 0.012031882906716966 seconds
Avg sample train. time: 0.0016162230770216822 seconds
Epoch 36 Training Summary: epoch: 36.000000 | loss: 0.103221 | 
Epoch runtime: 0.0 hours, 0.0 minutes, 0.09801197052001953 seconds

Avg epoch train. time: 0.0 hours, 0.0 minutes, 0.10800153017044067 seconds
Avg batch train. time: 0.012000170018937852 seconds
Avg sample train. time: 0.0016119631368722489 seconds
Evaluating on validation set ...
Validation runtime: 0.0 hours, 0.0 minutes, 0.007915735244750977 seconds

Avg val. time: 0.0 hours, 0.0 minutes, 0.026649057865142822 seconds
Avg batch val. time: 0.026649057865142822 seconds
Avg sample val. time: 0.003331132233142853 seconds
Epoch 36 Validation Summary: epoch: 36.000000 | loss: 1.880212 | accuracy: 0.250000 | precision: 0.187500 | 
Epoch 37 Training Summary: epoch: 37.000000 | loss: 0.099139 | 
Epoch runtime: 0.0 hours, 0.0 minutes, 0.0939476490020752 seconds

Avg epoch train. time: 0.0 hours, 0.0 minutes, 0.10762169554426863 seconds
Avg batch train. time: 0.011957966171585404 seconds
Avg sample train. time: 0.001606293963347293 seconds
Epoch 38 Training Summary: epoch: 38.000000 | loss: 0.095730 | 
Epoch runtime: 0.0 hours, 0.0 minutes, 0.09778547286987305 seconds

Avg epoch train. time: 0.0 hours, 0.0 minutes, 0.10736284757915296 seconds
Avg batch train. time: 0.01192920528657255 seconds
Avg sample train. time: 0.00160243056088288 seconds
Evaluating on validation set ...
Validation runtime: 0.0 hours, 0.0 minutes, 0.008747339248657227 seconds

Avg val. time: 0.0 hours, 0.0 minutes, 0.025796595073881604 seconds
Avg batch val. time: 0.025796595073881604 seconds
Avg sample val. time: 0.0032245743842352005 seconds
Epoch 38 Validation Summary: epoch: 38.000000 | loss: 2.161461 | accuracy: 0.250000 | precision: 0.145833 | 
Epoch 39 Training Summary: epoch: 39.000000 | loss: 0.091388 | 
Epoch runtime: 0.0 hours, 0.0 minutes, 0.10138440132141113 seconds

Avg epoch train. time: 0.0 hours, 0.0 minutes, 0.10720955408536471 seconds
Avg batch train. time: 0.011912172676151635 seconds
Avg sample train. time: 0.0016001425982890257 seconds
Epoch 40 Training Summary: epoch: 40.000000 | loss: 0.107748 | 
Epoch runtime: 0.0 hours, 0.0 minutes, 0.09374880790710449 seconds

Avg epoch train. time: 0.0 hours, 0.0 minutes, 0.1068730354309082 seconds
Avg batch train. time: 0.011874781714545356 seconds
Avg sample train. time: 0.0015951199318046002 seconds
Evaluating on validation set ...
Validation runtime: 0.0 hours, 0.0 minutes, 0.0067446231842041016 seconds

Avg val. time: 0.0 hours, 0.0 minutes, 0.024930596351623535 seconds
Avg batch val. time: 0.024930596351623535 seconds
Avg sample val. time: 0.003116324543952942 seconds
Epoch 40 Validation Summary: epoch: 40.000000 | loss: 2.555397 | accuracy: 0.250000 | precision: 0.166667 | 
Best accuracy was 0.375. Other metrics: OrderedDict([('epoch', 1), ('loss', 1.6884620189666748), ('accuracy', 0.375), ('precision', 0.45)])
All Done!
Total runtime: 0.0 hours, 0.0 minutes, 8.816603183746338 seconds

