Running:
src/main_5q.py --output_dir experiments --comment classification from Scratch --name VRS_fromScratch --records_file VRS_records.xls --data_dir /mnt/d/OneDrive - Southern Methodist University/Phone_Privacy/input_feature/all_noprocesspos_nonorm_downsample_480p_s22 --data_class vrs --val_ratio 0.1 --epochs 40 --lr 0.001 --dropout 0.2 --batch_size 8 --num_layers 3 --num_heads 4 --optimizer RAdam --pos_encoding learnable --task classification --normalization none --key_metric accuracy

Using device: cuda
Loading and preprocessing data ...
271 samples may be used for training
31 samples will be used for validation
0 samples will be used for testing
Creating model ...
Model:
TSTransformerEncoderClassiregressor(
  (project_inp): Linear(in_features=39, out_features=64, bias=True)
  (pos_enc): LearnablePositionalEncoding(
    (dropout): Dropout(p=0.2, inplace=False)
  )
  (transformer_encoder): TransformerEncoder(
    (layers): ModuleList(
      (0-2): 3 x TransformerBatchNormEncoderLayer(
        (self_attn): MultiheadAttention(
          (out_proj): NonDynamicallyQuantizableLinear(in_features=64, out_features=64, bias=True)
        )
        (linear1): Linear(in_features=64, out_features=256, bias=True)
        (dropout): Dropout(p=0.2, inplace=False)
        (linear2): Linear(in_features=256, out_features=64, bias=True)
        (norm1): BatchNorm1d(64, eps=1e-05, momentum=0.1, affine=True, track_running_stats=True)
        (norm2): BatchNorm1d(64, eps=1e-05, momentum=0.1, affine=True, track_running_stats=True)
        (dropout1): Dropout(p=0.2, inplace=False)
        (dropout2): Dropout(p=0.2, inplace=False)
      )
    )
  )
  (dropout1): Dropout(p=0.2, inplace=False)
  (output_layer): Linear(in_features=5120, out_features=5, bias=True)
)
Total number of parameters: 183237
Trainable parameters: 183237
Evaluating on validation set ...
Validation runtime: 0.0 hours, 0.0 minutes, 0.2606079578399658 seconds

Avg val. time: 0.0 hours, 0.0 minutes, 0.2606079578399658 seconds
Avg batch val. time: 0.06515198945999146 seconds
Avg sample val. time: 0.008406708317418252 seconds
Epoch 0 Validation Summary: epoch: 0.000000 | loss: 14.751092 | accuracy: 0.258065 | precision: 0.316667 | 
Starting training...
Epoch 1 Training Summary: epoch: 1.000000 | loss: 1.704809 | 
Epoch runtime: 0.0 hours, 0.0 minutes, 0.49449658393859863 seconds

Avg epoch train. time: 0.0 hours, 0.0 minutes, 0.49449658393859863 seconds
Avg batch train. time: 0.014544017174664666 seconds
Avg sample train. time: 0.0018247106418398473 seconds
Evaluating on validation set ...
Validation runtime: 0.0 hours, 0.0 minutes, 0.014588117599487305 seconds

Avg val. time: 0.0 hours, 0.0 minutes, 0.13759803771972656 seconds
Avg batch val. time: 0.03439950942993164 seconds
Avg sample val. time: 0.004438646378055695 seconds
Epoch 1 Validation Summary: epoch: 1.000000 | loss: 1.591516 | accuracy: 0.322581 | precision: 0.255051 | 
Epoch 2 Training Summary: epoch: 2.000000 | loss: 1.697374 | 
Epoch runtime: 0.0 hours, 0.0 minutes, 0.32134318351745605 seconds

Avg epoch train. time: 0.0 hours, 0.0 minutes, 0.40791988372802734 seconds
Avg batch train. time: 0.011997643639059627 seconds
Avg sample train. time: 0.0015052394233506545 seconds
Evaluating on validation set ...
Validation runtime: 0.0 hours, 0.0 minutes, 0.014859914779663086 seconds

Avg val. time: 0.0 hours, 0.0 minutes, 0.09668533007303874 seconds
Avg batch val. time: 0.024171332518259685 seconds
Avg sample val. time: 0.0031188816152593144 seconds
Epoch 2 Validation Summary: epoch: 2.000000 | loss: 1.613076 | accuracy: 0.225806 | precision: 0.176667 | 
Epoch 3 Training Summary: epoch: 3.000000 | loss: 1.654947 | 
Epoch runtime: 0.0 hours, 0.0 minutes, 0.3271770477294922 seconds

Avg epoch train. time: 0.0 hours, 0.0 minutes, 0.38100560506184894 seconds
Avg batch train. time: 0.01120604720770144 seconds
Avg sample train. time: 0.0014059247419256418 seconds
Epoch 4 Training Summary: epoch: 4.000000 | loss: 1.628559 | 
Epoch runtime: 0.0 hours, 0.0 minutes, 0.335068941116333 seconds

Avg epoch train. time: 0.0 hours, 0.0 minutes, 0.36952143907546997 seconds
Avg batch train. time: 0.010868277619866765 seconds
Avg sample train. time: 0.0013635477456659408 seconds
Evaluating on validation set ...
Validation runtime: 0.0 hours, 0.0 minutes, 0.015249252319335938 seconds

Avg val. time: 0.0 hours, 0.0 minutes, 0.07632631063461304 seconds
Avg batch val. time: 0.01908157765865326 seconds
Avg sample val. time: 0.0024621390527294527 seconds
Epoch 4 Validation Summary: epoch: 4.000000 | loss: 1.634168 | accuracy: 0.225806 | precision: 0.346041 | 
Epoch 5 Training Summary: epoch: 5.000000 | loss: 1.645446 | 
Epoch runtime: 0.0 hours, 0.0 minutes, 0.3262350559234619 seconds

Avg epoch train. time: 0.0 hours, 0.0 minutes, 0.36086416244506836 seconds
Avg batch train. time: 0.010613651836619657 seconds
Avg sample train. time: 0.0013316020754430566 seconds
Epoch 6 Training Summary: epoch: 6.000000 | loss: 1.591675 | 
Epoch runtime: 0.0 hours, 0.0 minutes, 0.34224581718444824 seconds

Avg epoch train. time: 0.0 hours, 0.0 minutes, 0.35776110490163165 seconds
Avg batch train. time: 0.010522385438283283 seconds
Avg sample train. time: 0.001320151678603807 seconds
Evaluating on validation set ...
Validation runtime: 0.0 hours, 0.0 minutes, 0.016217470169067383 seconds

Avg val. time: 0.0 hours, 0.0 minutes, 0.0643045425415039 seconds
Avg batch val. time: 0.016076135635375976 seconds
Avg sample val. time: 0.002074340081983997 seconds
Epoch 6 Validation Summary: epoch: 6.000000 | loss: 1.563039 | accuracy: 0.290323 | precision: 0.417563 | 
Epoch 7 Training Summary: epoch: 7.000000 | loss: 1.581786 | 
Epoch runtime: 0.0 hours, 0.0 minutes, 0.3333852291107178 seconds

Avg epoch train. time: 0.0 hours, 0.0 minutes, 0.35427883693150114 seconds
Avg batch train. time: 0.010419965792102975 seconds
Avg sample train. time: 0.0013073019812970522 seconds
Epoch 8 Training Summary: epoch: 8.000000 | loss: 1.596643 | 
Epoch runtime: 0.0 hours, 0.0 minutes, 0.3451039791107178 seconds

Avg epoch train. time: 0.0 hours, 0.0 minutes, 0.3531319797039032 seconds
Avg batch train. time: 0.010386234697173624 seconds
Avg sample train. time: 0.001303070035807761 seconds
Evaluating on validation set ...
Validation runtime: 0.0 hours, 0.0 minutes, 0.017142057418823242 seconds

Avg val. time: 0.0 hours, 0.0 minutes, 0.056444128354390465 seconds
Avg batch val. time: 0.014111032088597616 seconds
Avg sample val. time: 0.0018207783340125957 seconds
Epoch 8 Validation Summary: epoch: 8.000000 | loss: 1.606753 | accuracy: 0.258065 | precision: 0.248622 | 
Epoch 9 Training Summary: epoch: 9.000000 | loss: 1.530662 | 
Epoch runtime: 0.0 hours, 0.0 minutes, 0.35712718963623047 seconds

Avg epoch train. time: 0.0 hours, 0.0 minutes, 0.3535758919186062 seconds
Avg batch train. time: 0.010399290938782536 seconds
Avg sample train. time: 0.0013047080882605396 seconds
Epoch 10 Training Summary: epoch: 10.000000 | loss: 1.477300 | 
Epoch runtime: 0.0 hours, 0.0 minutes, 0.3596522808074951 seconds

Avg epoch train. time: 0.0 hours, 0.0 minutes, 0.3541835308074951 seconds
Avg batch train. time: 0.01041716267080868 seconds
Avg sample train. time: 0.0013069502981826388 seconds
Evaluating on validation set ...
Validation runtime: 0.0 hours, 0.0 minutes, 0.017151355743408203 seconds

Avg val. time: 0.0 hours, 0.0 minutes, 0.05083087512425014 seconds
Avg batch val. time: 0.012707718781062536 seconds
Avg sample val. time: 0.0016397056491693595 seconds
Epoch 10 Validation Summary: epoch: 10.000000 | loss: 1.556296 | accuracy: 0.322581 | precision: 0.293333 | 
Epoch 11 Training Summary: epoch: 11.000000 | loss: 1.418639 | 
Epoch runtime: 0.0 hours, 0.0 minutes, 0.3630635738372803 seconds

Avg epoch train. time: 0.0 hours, 0.0 minutes, 0.35499080744656647 seconds
Avg batch train. time: 0.010440906101369602 seconds
Avg sample train. time: 0.001309929178769618 seconds
Epoch 12 Training Summary: epoch: 12.000000 | loss: 1.423487 | 
Epoch runtime: 0.0 hours, 0.0 minutes, 0.3617360591888428 seconds

Avg epoch train. time: 0.0 hours, 0.0 minutes, 0.35555291175842285 seconds
Avg batch train. time: 0.010457438581130084 seconds
Avg sample train. time: 0.0013120033644222246 seconds
Evaluating on validation set ...
Validation runtime: 0.0 hours, 0.0 minutes, 0.016248464584350586 seconds

Avg val. time: 0.0 hours, 0.0 minutes, 0.046508073806762695 seconds
Avg batch val. time: 0.011627018451690674 seconds
Avg sample val. time: 0.0015002604453794419 seconds
Epoch 12 Validation Summary: epoch: 12.000000 | loss: 1.553231 | accuracy: 0.225806 | precision: 0.178955 | 
Epoch 13 Training Summary: epoch: 13.000000 | loss: 1.337677 | 
Epoch runtime: 0.0 hours, 0.0 minutes, 0.35668230056762695 seconds

Avg epoch train. time: 0.0 hours, 0.0 minutes, 0.3556397878206693 seconds
Avg batch train. time: 0.010459993759431449 seconds
Avg sample train. time: 0.0013123239402976726 seconds
Epoch 14 Training Summary: epoch: 14.000000 | loss: 1.351949 | 
Epoch runtime: 0.0 hours, 0.0 minutes, 0.35446643829345703 seconds

Avg epoch train. time: 0.0 hours, 0.0 minutes, 0.35555597714015413 seconds
Avg batch train. time: 0.010457528739416298 seconds
Avg sample train. time: 0.0013120146757939267 seconds
Evaluating on validation set ...
Validation runtime: 0.0 hours, 0.0 minutes, 0.017095327377319336 seconds

Avg val. time: 0.0 hours, 0.0 minutes, 0.043239990870157875 seconds
Avg batch val. time: 0.010809997717539469 seconds
Avg sample val. time: 0.001394838415166383 seconds
Epoch 14 Validation Summary: epoch: 14.000000 | loss: 1.460163 | accuracy: 0.322581 | precision: 0.325020 | 
Epoch 15 Training Summary: epoch: 15.000000 | loss: 1.348992 | 
Epoch runtime: 0.0 hours, 0.0 minutes, 0.3658416271209717 seconds

Avg epoch train. time: 0.0 hours, 0.0 minutes, 0.35624168713887533 seconds
Avg batch train. time: 0.010477696680555157 seconds
Avg sample train. time: 0.00131454497099216 seconds
Epoch 16 Training Summary: epoch: 16.000000 | loss: 1.389166 | 
Epoch runtime: 0.0 hours, 0.0 minutes, 0.3461439609527588 seconds

Avg epoch train. time: 0.0 hours, 0.0 minutes, 0.35561057925224304 seconds
Avg batch train. time: 0.0104591346838895 seconds
Avg sample train. time: 0.001312216159602373 seconds
Evaluating on validation set ...
Validation runtime: 0.0 hours, 0.0 minutes, 0.015843868255615234 seconds

Avg val. time: 0.0 hours, 0.0 minutes, 0.04050037860870361 seconds
Avg batch val. time: 0.010125094652175903 seconds
Avg sample val. time: 0.0013064638260872133 seconds
Epoch 16 Validation Summary: epoch: 16.000000 | loss: 1.409040 | accuracy: 0.387097 | precision: 0.341398 | 
Epoch 17 Training Summary: epoch: 17.000000 | loss: 1.267192 | 
Epoch runtime: 0.0 hours, 0.0 minutes, 0.35202646255493164 seconds

Avg epoch train. time: 0.0 hours, 0.0 minutes, 0.35539974885828357 seconds
Avg batch train. time: 0.010452933789949517 seconds
Avg sample train. time: 0.0013114381876689432 seconds
Epoch 18 Training Summary: epoch: 18.000000 | loss: 1.223184 | 
Epoch runtime: 0.0 hours, 0.0 minutes, 0.35434913635253906 seconds

Avg epoch train. time: 0.0 hours, 0.0 minutes, 0.3553413814968533 seconds
Avg batch train. time: 0.010451217102848626 seconds
Avg sample train. time: 0.0013112228099514882 seconds
Evaluating on validation set ...
Validation runtime: 0.0 hours, 0.0 minutes, 0.01670384407043457 seconds

Avg val. time: 0.0 hours, 0.0 minutes, 0.03833705728704279 seconds
Avg batch val. time: 0.009584264321760698 seconds
Avg sample val. time: 0.001236679267323961 seconds
Epoch 18 Validation Summary: epoch: 18.000000 | loss: 1.454622 | accuracy: 0.290323 | precision: 0.266935 | 
Epoch 19 Training Summary: epoch: 19.000000 | loss: 1.214691 | 
Epoch runtime: 0.0 hours, 0.0 minutes, 0.3453197479248047 seconds

Avg epoch train. time: 0.0 hours, 0.0 minutes, 0.35481392709832443 seconds
Avg batch train. time: 0.010435703738186013 seconds
Avg sample train. time: 0.0013092764837576547 seconds
Epoch 20 Training Summary: epoch: 20.000000 | loss: 1.246151 | 
Epoch runtime: 0.0 hours, 0.0 minutes, 0.3502476215362549 seconds

Avg epoch train. time: 0.0 hours, 0.0 minutes, 0.35458561182022097 seconds
Avg batch train. time: 0.010428988582947676 seconds
Avg sample train. time: 0.001308433991956535 seconds
Evaluating on validation set ...
Validation runtime: 0.0 hours, 0.0 minutes, 0.019170045852661133 seconds

Avg val. time: 0.0 hours, 0.0 minutes, 0.03673980633417765 seconds
Avg batch val. time: 0.009184951583544413 seconds
Avg sample val. time: 0.0011851550430379888 seconds
Epoch 20 Validation Summary: epoch: 20.000000 | loss: 1.710920 | accuracy: 0.258065 | precision: 0.211982 | 
Epoch 21 Training Summary: epoch: 21.000000 | loss: 1.279811 | 
Epoch runtime: 0.0 hours, 0.0 minutes, 0.3568098545074463 seconds

Avg epoch train. time: 0.0 hours, 0.0 minutes, 0.35469152813866023 seconds
Avg batch train. time: 0.010432103768784125 seconds
Avg sample train. time: 0.001308824827079927 seconds
Epoch 22 Training Summary: epoch: 22.000000 | loss: 1.124445 | 
Epoch runtime: 0.0 hours, 0.0 minutes, 0.3505973815917969 seconds

Avg epoch train. time: 0.0 hours, 0.0 minutes, 0.35450543056834827 seconds
Avg batch train. time: 0.010426630310833773 seconds
Avg sample train. time: 0.0013081381201784069 seconds
Evaluating on validation set ...
Validation runtime: 0.0 hours, 0.0 minutes, 0.01692676544189453 seconds

Avg val. time: 0.0 hours, 0.0 minutes, 0.03521572626554049 seconds
Avg batch val. time: 0.008803931566385122 seconds
Avg sample val. time: 0.0011359911698561448 seconds
Epoch 22 Validation Summary: epoch: 22.000000 | loss: 1.409390 | accuracy: 0.225806 | precision: 0.202765 | 
Epoch 23 Training Summary: epoch: 23.000000 | loss: 1.034147 | 
Epoch runtime: 0.0 hours, 0.0 minutes, 0.35356903076171875 seconds

Avg epoch train. time: 0.0 hours, 0.0 minutes, 0.3544647175332774 seconds
Avg batch train. time: 0.010425432868625807 seconds
Avg sample train. time: 0.0013079878875766693 seconds
Epoch 24 Training Summary: epoch: 24.000000 | loss: 1.032129 | 
Epoch runtime: 0.0 hours, 0.0 minutes, 0.34189796447753906 seconds

Avg epoch train. time: 0.0 hours, 0.0 minutes, 0.35394110282262164 seconds
Avg batch train. time: 0.01041003243595946 seconds
Avg sample train. time: 0.0013060557299727736 seconds
Evaluating on validation set ...
Validation runtime: 0.0 hours, 0.0 minutes, 0.016378164291381836 seconds

Avg val. time: 0.0 hours, 0.0 minutes, 0.033870186124529154 seconds
Avg batch val. time: 0.008467546531132289 seconds
Avg sample val. time: 0.0010925866491783597 seconds
Epoch 24 Validation Summary: epoch: 24.000000 | loss: 1.313442 | accuracy: 0.322581 | precision: 0.300545 | 
Epoch 25 Training Summary: epoch: 25.000000 | loss: 0.991829 | 
Epoch runtime: 0.0 hours, 0.0 minutes, 0.3497147560119629 seconds

Avg epoch train. time: 0.0 hours, 0.0 minutes, 0.3537720489501953 seconds
Avg batch train. time: 0.010405060263241039 seconds
Avg sample train. time: 0.0013054319149453702 seconds
Epoch 26 Training Summary: epoch: 26.000000 | loss: 1.070884 | 
Epoch runtime: 0.0 hours, 0.0 minutes, 0.3596980571746826 seconds

Avg epoch train. time: 0.0 hours, 0.0 minutes, 0.3539999723434448 seconds
Avg batch train. time: 0.010411763892454259 seconds
Avg sample train. time: 0.0013062729606769183 seconds
Evaluating on validation set ...
Validation runtime: 0.0 hours, 0.0 minutes, 0.01652693748474121 seconds

Avg val. time: 0.0 hours, 0.0 minutes, 0.0327139695485433 seconds
Avg batch val. time: 0.008178492387135824 seconds
Avg sample val. time: 0.0010552893402755903 seconds
Epoch 26 Validation Summary: epoch: 26.000000 | loss: 1.560897 | accuracy: 0.290323 | precision: 0.380645 | 
Epoch 27 Training Summary: epoch: 27.000000 | loss: 1.120348 | 
Epoch runtime: 0.0 hours, 0.0 minutes, 0.35102009773254395 seconds

Avg epoch train. time: 0.0 hours, 0.0 minutes, 0.35388960661711516 seconds
Avg batch train. time: 0.010408517841679857 seconds
Avg sample train. time: 0.0013058657070742256 seconds
Epoch 28 Training Summary: epoch: 28.000000 | loss: 0.984148 | 
Epoch runtime: 0.0 hours, 0.0 minutes, 0.35076165199279785 seconds

Avg epoch train. time: 0.0 hours, 0.0 minutes, 0.35377789395196096 seconds
Avg batch train. time: 0.010405232175057675 seconds
Avg sample train. time: 0.0013054534832175682 seconds
Evaluating on validation set ...
Validation runtime: 0.0 hours, 0.0 minutes, 0.01626729965209961 seconds

Avg val. time: 0.0 hours, 0.0 minutes, 0.031686052680015564 seconds
Avg batch val. time: 0.007921513170003891 seconds
Avg sample val. time: 0.0010221307316134053 seconds
Epoch 28 Validation Summary: epoch: 28.000000 | loss: 1.652313 | accuracy: 0.322581 | precision: 0.309677 | 
Epoch 29 Training Summary: epoch: 29.000000 | loss: 0.925736 | 
Epoch runtime: 0.0 hours, 0.0 minutes, 0.35452795028686523 seconds

Avg epoch train. time: 0.0 hours, 0.0 minutes, 0.3538037579635094 seconds
Avg batch train. time: 0.010405992881279687 seconds
Avg sample train. time: 0.0013055489223745733 seconds
Epoch 30 Training Summary: epoch: 30.000000 | loss: 0.858718 | 
Epoch runtime: 0.0 hours, 0.0 minutes, 0.3410227298736572 seconds

Avg epoch train. time: 0.0 hours, 0.0 minutes, 0.3533777236938477 seconds
Avg batch train. time: 0.010393462461583755 seconds
Avg sample train. time: 0.0013039768401987 seconds
Evaluating on validation set ...
Validation runtime: 0.0 hours, 0.0 minutes, 0.016779184341430664 seconds

Avg val. time: 0.0 hours, 0.0 minutes, 0.03080917807186351 seconds
Avg batch val. time: 0.007702294517965878 seconds
Avg sample val. time: 0.0009938444539310811 seconds
Epoch 30 Validation Summary: epoch: 30.000000 | loss: 1.374413 | accuracy: 0.419355 | precision: 0.369355 | 
Epoch 31 Training Summary: epoch: 31.000000 | loss: 0.911849 | 
Epoch runtime: 0.0 hours, 0.0 minutes, 0.3601722717285156 seconds

Avg epoch train. time: 0.0 hours, 0.0 minutes, 0.35359690266270793 seconds
Avg batch train. time: 0.01039990890184435 seconds
Avg sample train. time: 0.001304785618681579 seconds
Epoch 32 Training Summary: epoch: 32.000000 | loss: 0.874933 | 
Epoch runtime: 0.0 hours, 0.0 minutes, 0.34324026107788086 seconds

Avg epoch train. time: 0.0 hours, 0.0 minutes, 0.35327325761318207 seconds
Avg batch train. time: 0.010390389929799473 seconds
Avg sample train. time: 0.001303591356506207 seconds
Evaluating on validation set ...
Validation runtime: 0.0 hours, 0.0 minutes, 0.016836166381835938 seconds

Avg val. time: 0.0 hours, 0.0 minutes, 0.030032899644639757 seconds
Avg batch val. time: 0.007508224911159939 seconds
Avg sample val. time: 0.0009688032143432179 seconds
Epoch 32 Validation Summary: epoch: 32.000000 | loss: 1.718384 | accuracy: 0.354839 | precision: 0.345161 | 
Epoch 33 Training Summary: epoch: 33.000000 | loss: 0.954063 | 
Epoch runtime: 0.0 hours, 0.0 minutes, 0.3486013412475586 seconds

Avg epoch train. time: 0.0 hours, 0.0 minutes, 0.3531316843899814 seconds
Avg batch train. time: 0.01038622601147004 seconds
Avg sample train. time: 0.0013030689460884922 seconds
Epoch 34 Training Summary: epoch: 34.000000 | loss: 0.828624 | 
Epoch runtime: 0.0 hours, 0.0 minutes, 0.3475031852722168 seconds

Avg epoch train. time: 0.0 hours, 0.0 minutes, 0.3529661402982824 seconds
Avg batch train. time: 0.01038135706759654 seconds
Avg sample train. time: 0.0013024580822814848 seconds
Evaluating on validation set ...
Validation runtime: 0.0 hours, 0.0 minutes, 0.01640939712524414 seconds

Avg val. time: 0.0 hours, 0.0 minutes, 0.029315873196250515 seconds
Avg batch val. time: 0.007328968299062629 seconds
Avg sample val. time: 0.0009456733289113069 seconds
Epoch 34 Validation Summary: epoch: 34.000000 | loss: 1.349484 | accuracy: 0.451613 | precision: 0.439980 | 
Epoch 35 Training Summary: epoch: 35.000000 | loss: 0.839744 | 
Epoch runtime: 0.0 hours, 0.0 minutes, 0.35813355445861816 seconds

Avg epoch train. time: 0.0 hours, 0.0 minutes, 0.3531137807028634 seconds
Avg batch train. time: 0.010385699432437159 seconds
Avg sample train. time: 0.0013030028808223742 seconds
Epoch 36 Training Summary: epoch: 36.000000 | loss: 0.895398 | 
Epoch runtime: 0.0 hours, 0.0 minutes, 0.3492240905761719 seconds

Avg epoch train. time: 0.0 hours, 0.0 minutes, 0.35300573375489974 seconds
Avg batch train. time: 0.010382521581026464 seconds
Avg sample train. time: 0.001302604183597416 seconds
Evaluating on validation set ...
Validation runtime: 0.0 hours, 0.0 minutes, 0.017603397369384766 seconds

Avg val. time: 0.0 hours, 0.0 minutes, 0.028730249404907225 seconds
Avg batch val. time: 0.007182562351226806 seconds
Avg sample val. time: 0.000926782238867975 seconds
Epoch 36 Validation Summary: epoch: 36.000000 | loss: 1.348591 | accuracy: 0.354839 | precision: 0.401613 | 
Epoch 37 Training Summary: epoch: 37.000000 | loss: 0.806897 | 
Epoch runtime: 0.0 hours, 0.0 minutes, 0.36028552055358887 seconds

Avg epoch train. time: 0.0 hours, 0.0 minutes, 0.3532024847494589 seconds
Avg batch train. time: 0.010388308374984086 seconds
Avg sample train. time: 0.0013033302020275237 seconds
Epoch 38 Training Summary: epoch: 38.000000 | loss: 0.827302 | 
Epoch runtime: 0.0 hours, 0.0 minutes, 0.35169243812561035 seconds

Avg epoch train. time: 0.0 hours, 0.0 minutes, 0.3531627466804103 seconds
Avg batch train. time: 0.010387139608247362 seconds
Avg sample train. time: 0.0013031835670863849 seconds
Evaluating on validation set ...
Validation runtime: 0.0 hours, 0.0 minutes, 0.016147136688232422 seconds

Avg val. time: 0.0 hours, 0.0 minutes, 0.028131053561256045 seconds
Avg batch val. time: 0.007032763390314011 seconds
Avg sample val. time: 0.0009074533406856789 seconds
Epoch 38 Validation Summary: epoch: 38.000000 | loss: 1.736209 | accuracy: 0.516129 | precision: 0.522776 | 
Epoch 39 Training Summary: epoch: 39.000000 | loss: 0.849024 | 
Epoch runtime: 0.0 hours, 0.0 minutes, 0.356264591217041 seconds

Avg epoch train. time: 0.0 hours, 0.0 minutes, 0.3532422811557085 seconds
Avg batch train. time: 0.010389478857520838 seconds
Avg sample train. time: 0.0013034770522350866 seconds
Epoch 40 Training Summary: epoch: 40.000000 | loss: 0.739290 | 
Epoch runtime: 0.0 hours, 0.0 minutes, 0.3501906394958496 seconds

Avg epoch train. time: 0.0 hours, 0.0 minutes, 0.353165990114212 seconds
Avg batch train. time: 0.010387235003359177 seconds
Avg sample train. time: 0.001303195535476797 seconds
Evaluating on validation set ...
Validation runtime: 0.0 hours, 0.0 minutes, 0.016242504119873047 seconds

Avg val. time: 0.0 hours, 0.0 minutes, 0.027590664950284092 seconds
Avg batch val. time: 0.006897666237571023 seconds
Avg sample val. time: 0.0008900214500091642 seconds
Epoch 40 Validation Summary: epoch: 40.000000 | loss: 1.353100 | accuracy: 0.548387 | precision: 0.553226 | 
Best accuracy was 0.5483870967741935. Other metrics: OrderedDict([('epoch', 40), ('loss', 1.3530997614706717), ('accuracy', 0.5483870967741935), ('precision', 0.5532258064516129)])
All Done!
Total runtime: 0.0 hours, 0.0 minutes, 21.3460590839386 seconds

