Running:
src/main_crosssetting.py --output_dir experiments --target_user Zeyu --user_othersetting ZeyuZoom --comment classification from Scratch --name VRS_fromScratch --records_file VRS_records.xls --data_dir /mnt/d/OneDrive - Southern Methodist University/Phone_Privacy/input_feature/opticalflow_22_downsample_480p_s22 --test_data_dir /mnt/d/OneDrive - Southern Methodist University/Phone_Privacy/input_feature/opticalflow_22_downsample_480p_s22 --data_class vrs --val_ratio 0.1 --epochs 40 --lr 0.001 --dropout 0.2 --batch_size 8 --num_layers 3 --num_heads 4 --optimizer RAdam --pos_encoding learnable --task classification --normalization none --key_metric accuracy

Using device: cuda
Loading and preprocessing data ...
1080 samples may be used for training
120 samples will be used for validation
0 samples will be used for testing
Creating model ...
Model:
TSTransformerEncoderClassiregressor(
  (project_inp): Linear(in_features=8, out_features=64, bias=True)
  (pos_enc): LearnablePositionalEncoding(
    (dropout): Dropout(p=0.2, inplace=False)
  )
  (transformer_encoder): TransformerEncoder(
    (layers): ModuleList(
      (0-2): 3 x TransformerBatchNormEncoderLayer(
        (self_attn): MultiheadAttention(
          (out_proj): NonDynamicallyQuantizableLinear(in_features=64, out_features=64, bias=True)
        )
        (linear1): Linear(in_features=64, out_features=256, bias=True)
        (dropout): Dropout(p=0.2, inplace=False)
        (linear2): Linear(in_features=256, out_features=64, bias=True)
        (norm1): BatchNorm1d(64, eps=1e-05, momentum=0.1, affine=True, track_running_stats=True)
        (norm2): BatchNorm1d(64, eps=1e-05, momentum=0.1, affine=True, track_running_stats=True)
        (dropout1): Dropout(p=0.2, inplace=False)
        (dropout2): Dropout(p=0.2, inplace=False)
      )
    )
  )
  (dropout1): Dropout(p=0.2, inplace=False)
  (output_layer): Linear(in_features=5120, out_features=5, bias=True)
)
Total number of parameters: 181253
Trainable parameters: 181253
Evaluating on validation set ...
Validation runtime: 0.0 hours, 0.0 minutes, 0.2501194477081299 seconds

Avg val. time: 0.0 hours, 0.0 minutes, 0.2501194477081299 seconds
Avg batch val. time: 0.016674629847208657 seconds
Avg sample val. time: 0.002084328730901082 seconds
Epoch 0 Validation Summary: epoch: 0.000000 | loss: 5.278063 | accuracy: 0.208333 | precision: 0.360417 | 
Starting training...
Epoch 1 Training Summary: epoch: 1.000000 | loss: 1.677239 | 
Epoch runtime: 0.0 hours, 0.0 minutes, 1.4656882286071777 seconds

Avg epoch train. time: 0.0 hours, 0.0 minutes, 1.4656882286071777 seconds
Avg batch train. time: 0.01085694984153465 seconds
Avg sample train. time: 0.0013571187301918313 seconds
Evaluating on validation set ...
Validation runtime: 0.0 hours, 0.0 minutes, 0.04040861129760742 seconds

Avg val. time: 0.0 hours, 0.0 minutes, 0.14526402950286865 seconds
Avg batch val. time: 0.009684268633524578 seconds
Avg sample val. time: 0.0012105335791905722 seconds
Epoch 1 Validation Summary: epoch: 1.000000 | loss: 1.690483 | accuracy: 0.141667 | precision: 0.194387 | 
Epoch 2 Training Summary: epoch: 2.000000 | loss: 1.682538 | 
Epoch runtime: 0.0 hours, 0.0 minutes, 1.2781968116760254 seconds

Avg epoch train. time: 0.0 hours, 0.0 minutes, 1.3719425201416016 seconds
Avg batch train. time: 0.010162537186234086 seconds
Avg sample train. time: 0.0012703171482792608 seconds
Evaluating on validation set ...
Validation runtime: 0.0 hours, 0.0 minutes, 0.04386758804321289 seconds

Avg val. time: 0.0 hours, 0.0 minutes, 0.1114652156829834 seconds
Avg batch val. time: 0.00743101437886556 seconds
Avg sample val. time: 0.000928876797358195 seconds
Epoch 2 Validation Summary: epoch: 2.000000 | loss: 1.682603 | accuracy: 0.258333 | precision: 0.214046 | 
Epoch 3 Training Summary: epoch: 3.000000 | loss: 1.609266 | 
Epoch runtime: 0.0 hours, 0.0 minutes, 1.3034839630126953 seconds

Avg epoch train. time: 0.0 hours, 0.0 minutes, 1.3491230010986328 seconds
Avg batch train. time: 0.009993503711841725 seconds
Avg sample train. time: 0.0012491879639802157 seconds
Epoch 4 Training Summary: epoch: 4.000000 | loss: 1.557946 | 
Epoch runtime: 0.0 hours, 0.0 minutes, 1.3164129257202148 seconds

Avg epoch train. time: 0.0 hours, 0.0 minutes, 1.3409454822540283 seconds
Avg batch train. time: 0.009932929498177987 seconds
Avg sample train. time: 0.0012416161872722483 seconds
Evaluating on validation set ...
Validation runtime: 0.0 hours, 0.0 minutes, 0.04443931579589844 seconds

Avg val. time: 0.0 hours, 0.0 minutes, 0.09470874071121216 seconds
Avg batch val. time: 0.006313916047414144 seconds
Avg sample val. time: 0.000789239505926768 seconds
Epoch 4 Validation Summary: epoch: 4.000000 | loss: 1.602409 | accuracy: 0.283333 | precision: 0.272453 | 
Epoch 5 Training Summary: epoch: 5.000000 | loss: 1.534908 | 
Epoch runtime: 0.0 hours, 0.0 minutes, 1.3597900867462158 seconds

Avg epoch train. time: 0.0 hours, 0.0 minutes, 1.3447144031524658 seconds
Avg batch train. time: 0.009960847430759007 seconds
Avg sample train. time: 0.0012451059288448758 seconds
Epoch 6 Training Summary: epoch: 6.000000 | loss: 1.480109 | 
Epoch runtime: 0.0 hours, 0.0 minutes, 1.4342455863952637 seconds

Avg epoch train. time: 0.0 hours, 0.0 minutes, 1.3596362670262654 seconds
Avg batch train. time: 0.010071379755750114 seconds
Avg sample train. time: 0.0012589224694687642 seconds
Evaluating on validation set ...
Validation runtime: 0.0 hours, 0.0 minutes, 0.05338573455810547 seconds

Avg val. time: 0.0 hours, 0.0 minutes, 0.08644413948059082 seconds
Avg batch val. time: 0.005762942632039388 seconds
Avg sample val. time: 0.0007203678290049235 seconds
Epoch 6 Validation Summary: epoch: 6.000000 | loss: 1.763086 | accuracy: 0.283333 | precision: 0.298506 | 
Epoch 7 Training Summary: epoch: 7.000000 | loss: 1.496995 | 
Epoch runtime: 0.0 hours, 0.0 minutes, 1.7101821899414062 seconds

Avg epoch train. time: 0.0 hours, 0.0 minutes, 1.4097142560141427 seconds
Avg batch train. time: 0.010442327822326982 seconds
Avg sample train. time: 0.0013052909777908728 seconds
Epoch 8 Training Summary: epoch: 8.000000 | loss: 1.453419 | 
Epoch runtime: 0.0 hours, 0.0 minutes, 1.4256811141967773 seconds

Avg epoch train. time: 0.0 hours, 0.0 minutes, 1.411710113286972 seconds
Avg batch train. time: 0.010457111950273866 seconds
Avg sample train. time: 0.0013071389937842333 seconds
Evaluating on validation set ...
Validation runtime: 0.0 hours, 0.0 minutes, 0.04881930351257324 seconds

Avg val. time: 0.0 hours, 0.0 minutes, 0.08017333348592122 seconds
Avg batch val. time: 0.005344888899061415 seconds
Avg sample val. time: 0.0006681111123826768 seconds
Epoch 8 Validation Summary: epoch: 8.000000 | loss: 1.689613 | accuracy: 0.316667 | precision: 0.359968 | 
Epoch 9 Training Summary: epoch: 9.000000 | loss: 1.429422 | 
Epoch runtime: 0.0 hours, 0.0 minutes, 1.4112000465393066 seconds

Avg epoch train. time: 0.0 hours, 0.0 minutes, 1.4116534392038982 seconds
Avg batch train. time: 0.010456692142251098 seconds
Avg sample train. time: 0.0013070865177813873 seconds
Epoch 10 Training Summary: epoch: 10.000000 | loss: 1.387583 | 
Epoch runtime: 0.0 hours, 0.0 minutes, 1.463514804840088 seconds

Avg epoch train. time: 0.0 hours, 0.0 minutes, 1.4168395757675172 seconds
Avg batch train. time: 0.010495107968648276 seconds
Avg sample train. time: 0.0013118884960810345 seconds
Evaluating on validation set ...
Validation runtime: 0.0 hours, 0.0 minutes, 0.04675006866455078 seconds

Avg val. time: 0.0 hours, 0.0 minutes, 0.07539858136858259 seconds
Avg batch val. time: 0.005026572091238839 seconds
Avg sample val. time: 0.0006283215114048549 seconds
Epoch 10 Validation Summary: epoch: 10.000000 | loss: 1.700537 | accuracy: 0.316667 | precision: 0.305281 | 
Epoch 11 Training Summary: epoch: 11.000000 | loss: 1.388163 | 
Epoch runtime: 0.0 hours, 0.0 minutes, 1.4409608840942383 seconds

Avg epoch train. time: 0.0 hours, 0.0 minutes, 1.4190324219790371 seconds
Avg batch train. time: 0.010511351273918794 seconds
Avg sample train. time: 0.0013139189092398493 seconds
Epoch 12 Training Summary: epoch: 12.000000 | loss: 1.348966 | 
Epoch runtime: 0.0 hours, 0.0 minutes, 1.4948959350585938 seconds

Avg epoch train. time: 0.0 hours, 0.0 minutes, 1.4253543814023335 seconds
Avg batch train. time: 0.010558180602980248 seconds
Avg sample train. time: 0.001319772575372531 seconds
Evaluating on validation set ...
Validation runtime: 0.0 hours, 0.0 minutes, 0.0501706600189209 seconds

Avg val. time: 0.0 hours, 0.0 minutes, 0.07224509119987488 seconds
Avg batch val. time: 0.004816339413324992 seconds
Avg sample val. time: 0.000602042426665624 seconds
Epoch 12 Validation Summary: epoch: 12.000000 | loss: 1.859410 | accuracy: 0.291667 | precision: 0.279100 | 
Epoch 13 Training Summary: epoch: 13.000000 | loss: 1.292365 | 
Epoch runtime: 0.0 hours, 0.0 minutes, 1.4759466648101807 seconds

Avg epoch train. time: 0.0 hours, 0.0 minutes, 1.4292460955106294 seconds
Avg batch train. time: 0.010587008114893551 seconds
Avg sample train. time: 0.001323376014361694 seconds
Epoch 14 Training Summary: epoch: 14.000000 | loss: 1.297602 | 
Epoch runtime: 0.0 hours, 0.0 minutes, 1.5681161880493164 seconds

Avg epoch train. time: 0.0 hours, 0.0 minutes, 1.4391653878348214 seconds
Avg batch train. time: 0.01066048435433201 seconds
Avg sample train. time: 0.0013325605442915012 seconds
Evaluating on validation set ...
Validation runtime: 0.0 hours, 0.0 minutes, 0.04985833168029785 seconds

Avg val. time: 0.0 hours, 0.0 minutes, 0.06975767347547743 seconds
Avg batch val. time: 0.004650511565031828 seconds
Avg sample val. time: 0.0005813139456289785 seconds
Epoch 14 Validation Summary: epoch: 14.000000 | loss: 1.761703 | accuracy: 0.300000 | precision: 0.288906 | 
Epoch 15 Training Summary: epoch: 15.000000 | loss: 1.291025 | 
Epoch runtime: 0.0 hours, 0.0 minutes, 1.4658851623535156 seconds

Avg epoch train. time: 0.0 hours, 0.0 minutes, 1.4409467061360677 seconds
Avg batch train. time: 0.010673679304711612 seconds
Avg sample train. time: 0.0013342099130889515 seconds
Epoch 16 Training Summary: epoch: 16.000000 | loss: 1.225126 | 
Epoch runtime: 0.0 hours, 0.0 minutes, 1.4536991119384766 seconds

Avg epoch train. time: 0.0 hours, 0.0 minutes, 1.4417437314987183 seconds
Avg batch train. time: 0.010679583196286802 seconds
Avg sample train. time: 0.0013349478995358503 seconds
Evaluating on validation set ...
Validation runtime: 0.0 hours, 0.0 minutes, 0.046327829360961914 seconds

Avg val. time: 0.0 hours, 0.0 minutes, 0.06741468906402588 seconds
Avg batch val. time: 0.004494312604268392 seconds
Avg sample val. time: 0.000561789075533549 seconds
Epoch 16 Validation Summary: epoch: 16.000000 | loss: 1.807138 | accuracy: 0.275000 | precision: 0.290859 | 
Epoch 17 Training Summary: epoch: 17.000000 | loss: 1.177972 | 
Epoch runtime: 0.0 hours, 0.0 minutes, 1.4471161365509033 seconds

Avg epoch train. time: 0.0 hours, 0.0 minutes, 1.4420597553253174 seconds
Avg batch train. time: 0.010681924113520869 seconds
Avg sample train. time: 0.0013352405141901086 seconds
Epoch 18 Training Summary: epoch: 18.000000 | loss: 1.158692 | 
Epoch runtime: 0.0 hours, 0.0 minutes, 1.6208398342132568 seconds

Avg epoch train. time: 0.0 hours, 0.0 minutes, 1.451991981930203 seconds
Avg batch train. time: 0.010755496162445947 seconds
Avg sample train. time: 0.0013444370203057434 seconds
Evaluating on validation set ...
Validation runtime: 0.0 hours, 0.0 minutes, 0.04984545707702637 seconds

Avg val. time: 0.0 hours, 0.0 minutes, 0.06581748615611684 seconds
Avg batch val. time: 0.004387832410407789 seconds
Avg sample val. time: 0.0005484790513009736 seconds
Epoch 18 Validation Summary: epoch: 18.000000 | loss: 1.917148 | accuracy: 0.316667 | precision: 0.339915 | 
Epoch 19 Training Summary: epoch: 19.000000 | loss: 1.155965 | 
Epoch runtime: 0.0 hours, 0.0 minutes, 1.4121649265289307 seconds

Avg epoch train. time: 0.0 hours, 0.0 minutes, 1.4498958211196096 seconds
Avg batch train. time: 0.010739969045330441 seconds
Avg sample train. time: 0.0013424961306663051 seconds
Epoch 20 Training Summary: epoch: 20.000000 | loss: 1.137948 | 
Epoch runtime: 0.0 hours, 0.0 minutes, 1.5447912216186523 seconds

Avg epoch train. time: 0.0 hours, 0.0 minutes, 1.4546405911445617 seconds
Avg batch train. time: 0.010775115489959717 seconds
Avg sample train. time: 0.0013468894362449646 seconds
Evaluating on validation set ...
Validation runtime: 0.0 hours, 0.0 minutes, 0.04993915557861328 seconds

Avg val. time: 0.0 hours, 0.0 minutes, 0.06449429194132487 seconds
Avg batch val. time: 0.004299619462754992 seconds
Avg sample val. time: 0.000537452432844374 seconds
Epoch 20 Validation Summary: epoch: 20.000000 | loss: 1.698996 | accuracy: 0.341667 | precision: 0.361187 | 
Epoch 21 Training Summary: epoch: 21.000000 | loss: 1.081421 | 
Epoch runtime: 0.0 hours, 0.0 minutes, 1.4245638847351074 seconds

Avg epoch train. time: 0.0 hours, 0.0 minutes, 1.453208367029826 seconds
Avg batch train. time: 0.010764506422443155 seconds
Avg sample train. time: 0.0013455633028053944 seconds
Epoch 22 Training Summary: epoch: 22.000000 | loss: 1.116616 | 
Epoch runtime: 0.0 hours, 0.0 minutes, 1.441486120223999 seconds

Avg epoch train. time: 0.0 hours, 0.0 minutes, 1.452675537629561 seconds
Avg batch train. time: 0.010760559537996749 seconds
Avg sample train. time: 0.0013450699422495936 seconds
Evaluating on validation set ...
Validation runtime: 0.0 hours, 0.0 minutes, 0.04906892776489258 seconds

Avg val. time: 0.0 hours, 0.0 minutes, 0.06330772546621469 seconds
Avg batch val. time: 0.004220515031080979 seconds
Avg sample val. time: 0.0005275643788851224 seconds
Epoch 22 Validation Summary: epoch: 22.000000 | loss: 1.872298 | accuracy: 0.266667 | precision: 0.255198 | 
Epoch 23 Training Summary: epoch: 23.000000 | loss: 1.055799 | 
Epoch runtime: 0.0 hours, 0.0 minutes, 1.4417412281036377 seconds

Avg epoch train. time: 0.0 hours, 0.0 minutes, 1.4522001328675642 seconds
Avg batch train. time: 0.010757038021241217 seconds
Avg sample train. time: 0.0013446297526551521 seconds
Epoch 24 Training Summary: epoch: 24.000000 | loss: 1.065582 | 
Epoch runtime: 0.0 hours, 0.0 minutes, 1.4003360271453857 seconds

Avg epoch train. time: 0.0 hours, 0.0 minutes, 1.4500391284624736 seconds
Avg batch train. time: 0.010741030581203508 seconds
Avg sample train. time: 0.0013426288226504384 seconds
Evaluating on validation set ...
Validation runtime: 0.0 hours, 0.0 minutes, 0.0476984977722168 seconds

Avg val. time: 0.0 hours, 0.0 minutes, 0.06219278063092913 seconds
Avg batch val. time: 0.004146185375395276 seconds
Avg sample val. time: 0.0005182731719244095 seconds
Epoch 24 Validation Summary: epoch: 24.000000 | loss: 2.109562 | accuracy: 0.266667 | precision: 0.266635 | 
Epoch 25 Training Summary: epoch: 25.000000 | loss: 1.051226 | 
Epoch runtime: 0.0 hours, 0.0 minutes, 1.375847339630127 seconds

Avg epoch train. time: 0.0 hours, 0.0 minutes, 1.4470714569091796 seconds
Avg batch train. time: 0.010719047828956886 seconds
Avg sample train. time: 0.0013398809786196108 seconds
Epoch 26 Training Summary: epoch: 26.000000 | loss: 1.022582 | 
Epoch runtime: 0.0 hours, 0.0 minutes, 1.5641403198242188 seconds

Avg epoch train. time: 0.0 hours, 0.0 minutes, 1.451574105482835 seconds
Avg batch train. time: 0.010752400781354334 seconds
Avg sample train. time: 0.0013440500976692918 seconds
Evaluating on validation set ...
Validation runtime: 0.0 hours, 0.0 minutes, 0.04850578308105469 seconds

Avg val. time: 0.0 hours, 0.0 minutes, 0.061280314127604166 seconds
Avg batch val. time: 0.004085354275173611 seconds
Avg sample val. time: 0.0005106692843967013 seconds
Epoch 26 Validation Summary: epoch: 26.000000 | loss: 2.003086 | accuracy: 0.325000 | precision: 0.325142 | 
Epoch 27 Training Summary: epoch: 27.000000 | loss: 0.974549 | 
Epoch runtime: 0.0 hours, 0.0 minutes, 1.4789097309112549 seconds

Avg epoch train. time: 0.0 hours, 0.0 minutes, 1.452586536054258 seconds
Avg batch train. time: 0.010759900267068578 seconds
Avg sample train. time: 0.0013449875333835723 seconds
Epoch 28 Training Summary: epoch: 28.000000 | loss: 0.946448 | 
Epoch runtime: 0.0 hours, 0.0 minutes, 1.3936207294464111 seconds

Avg epoch train. time: 0.0 hours, 0.0 minutes, 1.450480614389692 seconds
Avg batch train. time: 0.010744300847331053 seconds
Avg sample train. time: 0.0013430376059163816 seconds
Evaluating on validation set ...
Validation runtime: 0.0 hours, 0.0 minutes, 0.05102729797363281 seconds

Avg val. time: 0.0 hours, 0.0 minutes, 0.06063950061798096 seconds
Avg batch val. time: 0.004042633374532064 seconds
Avg sample val. time: 0.000505329171816508 seconds
Epoch 28 Validation Summary: epoch: 28.000000 | loss: 2.086177 | accuracy: 0.258333 | precision: 0.293170 | 
Epoch 29 Training Summary: epoch: 29.000000 | loss: 0.931442 | 
Epoch runtime: 0.0 hours, 0.0 minutes, 1.412921667098999 seconds

Avg epoch train. time: 0.0 hours, 0.0 minutes, 1.44918547827622 seconds
Avg batch train. time: 0.010734707246490519 seconds
Avg sample train. time: 0.0013418384058113148 seconds
Epoch 30 Training Summary: epoch: 30.000000 | loss: 0.952406 | 
Epoch runtime: 0.0 hours, 0.0 minutes, 1.4354770183563232 seconds

Avg epoch train. time: 0.0 hours, 0.0 minutes, 1.4487285296122232 seconds
Avg batch train. time: 0.010731322441572023 seconds
Avg sample train. time: 0.001341415305196503 seconds
Evaluating on validation set ...
Validation runtime: 0.0 hours, 0.0 minutes, 0.04692268371582031 seconds

Avg val. time: 0.0 hours, 0.0 minutes, 0.05983262903550092 seconds
Avg batch val. time: 0.003988841935700062 seconds
Avg sample val. time: 0.0004986052419625077 seconds
Epoch 30 Validation Summary: epoch: 30.000000 | loss: 2.071866 | accuracy: 0.266667 | precision: 0.241127 | 
Epoch 31 Training Summary: epoch: 31.000000 | loss: 0.888128 | 
Epoch runtime: 0.0 hours, 0.0 minutes, 1.4565660953521729 seconds

Avg epoch train. time: 0.0 hours, 0.0 minutes, 1.448981354313512 seconds
Avg batch train. time: 0.010733195217137125 seconds
Avg sample train. time: 0.0013416494021421406 seconds
Epoch 32 Training Summary: epoch: 32.000000 | loss: 0.921374 | 
Epoch runtime: 0.0 hours, 0.0 minutes, 1.4378762245178223 seconds

Avg epoch train. time: 0.0 hours, 0.0 minutes, 1.4486343190073967 seconds
Avg batch train. time: 0.010730624585239976 seconds
Avg sample train. time: 0.001341328073154997 seconds
Evaluating on validation set ...
Validation runtime: 0.0 hours, 0.0 minutes, 0.049738168716430664 seconds

Avg val. time: 0.0 hours, 0.0 minutes, 0.05927182568444146 seconds
Avg batch val. time: 0.003951455045629431 seconds
Avg sample val. time: 0.0004939318807036789 seconds
Epoch 32 Validation Summary: epoch: 32.000000 | loss: 2.002045 | accuracy: 0.316667 | precision: 0.307333 | 
Epoch 33 Training Summary: epoch: 33.000000 | loss: 0.864186 | 
Epoch runtime: 0.0 hours, 0.0 minutes, 1.4299342632293701 seconds

Avg epoch train. time: 0.0 hours, 0.0 minutes, 1.4480676506504868 seconds
Avg batch train. time: 0.010726427041855459 seconds
Avg sample train. time: 0.0013408033802319323 seconds
Epoch 34 Training Summary: epoch: 34.000000 | loss: 0.930351 | 
Epoch runtime: 0.0 hours, 0.0 minutes, 1.4398388862609863 seconds

Avg epoch train. time: 0.0 hours, 0.0 minutes, 1.4478256281684427 seconds
Avg batch train. time: 0.010724634282729205 seconds
Avg sample train. time: 0.0013405792853411506 seconds
Evaluating on validation set ...
Validation runtime: 0.0 hours, 0.0 minutes, 0.04656219482421875 seconds

Avg val. time: 0.0 hours, 0.0 minutes, 0.05860289774442974 seconds
Avg batch val. time: 0.003906859849628649 seconds
Avg sample val. time: 0.0004883574812035811 seconds
Epoch 34 Validation Summary: epoch: 34.000000 | loss: 2.444848 | accuracy: 0.200000 | precision: 0.206056 | 
Epoch 35 Training Summary: epoch: 35.000000 | loss: 0.873567 | 
Epoch runtime: 0.0 hours, 0.0 minutes, 1.6920266151428223 seconds

Avg epoch train. time: 0.0 hours, 0.0 minutes, 1.4548027992248536 seconds
Avg batch train. time: 0.010776317031295212 seconds
Avg sample train. time: 0.0013470396289119015 seconds
Epoch 36 Training Summary: epoch: 36.000000 | loss: 0.807815 | 
Epoch runtime: 0.0 hours, 0.0 minutes, 1.7174675464630127 seconds

Avg epoch train. time: 0.0 hours, 0.0 minutes, 1.4620990422036912 seconds
Avg batch train. time: 0.010830363275582898 seconds
Avg sample train. time: 0.0013537954094478622 seconds
Evaluating on validation set ...
Validation runtime: 0.0 hours, 0.0 minutes, 0.04821443557739258 seconds

Avg val. time: 0.0 hours, 0.0 minutes, 0.05808347463607788 seconds
Avg batch val. time: 0.0038722316424051923 seconds
Avg sample val. time: 0.00048402895530064903 seconds
Epoch 36 Validation Summary: epoch: 36.000000 | loss: 2.377495 | accuracy: 0.308333 | precision: 0.316077 | 
Epoch 37 Training Summary: epoch: 37.000000 | loss: 0.833439 | 
Epoch runtime: 0.0 hours, 0.0 minutes, 1.452117681503296 seconds

Avg epoch train. time: 0.0 hours, 0.0 minutes, 1.4618292756982751 seconds
Avg batch train. time: 0.010828365005172409 seconds
Avg sample train. time: 0.0013535456256465511 seconds
Epoch 38 Training Summary: epoch: 38.000000 | loss: 0.806231 | 
Epoch runtime: 0.0 hours, 0.0 minutes, 1.4210429191589355 seconds

Avg epoch train. time: 0.0 hours, 0.0 minutes, 1.4607559505261873 seconds
Avg batch train. time: 0.010820414448342128 seconds
Avg sample train. time: 0.001352551806042766 seconds
Evaluating on validation set ...
Validation runtime: 0.0 hours, 0.0 minutes, 0.04744887351989746 seconds

Avg val. time: 0.0 hours, 0.0 minutes, 0.05757706505911691 seconds
Avg batch val. time: 0.0038384710039411274 seconds
Avg sample val. time: 0.0004798088754926409 seconds
Epoch 38 Validation Summary: epoch: 38.000000 | loss: 2.228900 | accuracy: 0.283333 | precision: 0.276255 | 
Epoch 39 Training Summary: epoch: 39.000000 | loss: 0.831700 | 
Epoch runtime: 0.0 hours, 0.0 minutes, 1.5501391887664795 seconds

Avg epoch train. time: 0.0 hours, 0.0 minutes, 1.4630478284297845 seconds
Avg batch train. time: 0.010837391321702108 seconds
Avg sample train. time: 0.0013546739152127635 seconds
Epoch 40 Training Summary: epoch: 40.000000 | loss: 0.798429 | 
Epoch runtime: 0.0 hours, 0.0 minutes, 1.4261362552642822 seconds

Avg epoch train. time: 0.0 hours, 0.0 minutes, 1.462125039100647 seconds
Avg batch train. time: 0.010830555845189977 seconds
Avg sample train. time: 0.0013538194806487472 seconds
Evaluating on validation set ...
Validation runtime: 0.0 hours, 0.0 minutes, 0.05048322677612305 seconds

Avg val. time: 0.0 hours, 0.0 minutes, 0.05725461786443537 seconds
Avg batch val. time: 0.0038169745242956914 seconds
Avg sample val. time: 0.0004771218155369614 seconds
Epoch 40 Validation Summary: epoch: 40.000000 | loss: 2.136659 | accuracy: 0.258333 | precision: 0.278157 | 
Best accuracy was 0.3416666666666667. Other metrics: OrderedDict([('epoch', 20), ('loss', 1.6989955663681031), ('accuracy', 0.3416666666666667), ('precision', 0.3611871516283281)])
All Done!
Total runtime: 0.0 hours, 1.0 minutes, 10.47798466682434 seconds

