Running:
src/main_5q.py --output_dir experiments --comment classification from Scratch --name VRS_fromScratch --records_file VRS_records.xls --data_dir /mnt/d/OneDrive - Southern Methodist University/Phone_Privacy/input_feature/all_nonorm_downsample_480p_s22 --data_class vrs --val_ratio 0.1 --epochs 40 --lr 0.001 --dropout 0.2 --batch_size 8 --num_layers 3 --num_heads 4 --optimizer RAdam --pos_encoding learnable --task classification --normalization none --key_metric accuracy

Using device: cuda
Loading and preprocessing data ...
271 samples may be used for training
31 samples will be used for validation
0 samples will be used for testing
Creating model ...
Model:
TSTransformerEncoderClassiregressor(
  (project_inp): Linear(in_features=39, out_features=64, bias=True)
  (pos_enc): LearnablePositionalEncoding(
    (dropout): Dropout(p=0.2, inplace=False)
  )
  (transformer_encoder): TransformerEncoder(
    (layers): ModuleList(
      (0-2): 3 x TransformerBatchNormEncoderLayer(
        (self_attn): MultiheadAttention(
          (out_proj): NonDynamicallyQuantizableLinear(in_features=64, out_features=64, bias=True)
        )
        (linear1): Linear(in_features=64, out_features=256, bias=True)
        (dropout): Dropout(p=0.2, inplace=False)
        (linear2): Linear(in_features=256, out_features=64, bias=True)
        (norm1): BatchNorm1d(64, eps=1e-05, momentum=0.1, affine=True, track_running_stats=True)
        (norm2): BatchNorm1d(64, eps=1e-05, momentum=0.1, affine=True, track_running_stats=True)
        (dropout1): Dropout(p=0.2, inplace=False)
        (dropout2): Dropout(p=0.2, inplace=False)
      )
    )
  )
  (dropout1): Dropout(p=0.2, inplace=False)
  (output_layer): Linear(in_features=5120, out_features=5, bias=True)
)
Total number of parameters: 183237
Trainable parameters: 183237
Evaluating on validation set ...
Validation runtime: 0.0 hours, 0.0 minutes, 0.2658388614654541 seconds

Avg val. time: 0.0 hours, 0.0 minutes, 0.2658388614654541 seconds
Avg batch val. time: 0.06645971536636353 seconds
Avg sample val. time: 0.008575447144046906 seconds
Epoch 0 Validation Summary: epoch: 0.000000 | loss: 2.963955 | accuracy: 0.258065 | precision: 0.242857 | 
Starting training...
Epoch 1 Training Summary: epoch: 1.000000 | loss: 1.700970 | 
Epoch runtime: 0.0 hours, 0.0 minutes, 0.44266176223754883 seconds

Avg epoch train. time: 0.0 hours, 0.0 minutes, 0.44266176223754883 seconds
Avg batch train. time: 0.013019463595222025 seconds
Avg sample train. time: 0.0016334382370389255 seconds
Evaluating on validation set ...
Validation runtime: 0.0 hours, 0.0 minutes, 0.014961719512939453 seconds

Avg val. time: 0.0 hours, 0.0 minutes, 0.14040029048919678 seconds
Avg batch val. time: 0.035100072622299194 seconds
Avg sample val. time: 0.004529041628683767 seconds
Epoch 1 Validation Summary: epoch: 1.000000 | loss: 1.596041 | accuracy: 0.225806 | precision: 0.182683 | 
Epoch 2 Training Summary: epoch: 2.000000 | loss: 1.721070 | 
Epoch runtime: 0.0 hours, 0.0 minutes, 0.30020785331726074 seconds

Avg epoch train. time: 0.0 hours, 0.0 minutes, 0.3714348077774048 seconds
Avg batch train. time: 0.01092455316992367 seconds
Avg sample train. time: 0.0013706081467800915 seconds
Evaluating on validation set ...
Validation runtime: 0.0 hours, 0.0 minutes, 0.015588998794555664 seconds

Avg val. time: 0.0 hours, 0.0 minutes, 0.09879652659098308 seconds
Avg batch val. time: 0.02469913164774577 seconds
Avg sample val. time: 0.0031869847287413896 seconds
Epoch 2 Validation Summary: epoch: 2.000000 | loss: 1.613899 | accuracy: 0.322581 | precision: 0.513959 | 
Epoch 3 Training Summary: epoch: 3.000000 | loss: 1.666959 | 
Epoch runtime: 0.0 hours, 0.0 minutes, 0.3370797634124756 seconds

Avg epoch train. time: 0.0 hours, 0.0 minutes, 0.3599831263224284 seconds
Avg batch train. time: 0.010587739009483189 seconds
Avg sample train. time: 0.0013283510196399572 seconds
Epoch 4 Training Summary: epoch: 4.000000 | loss: 1.676351 | 
Epoch runtime: 0.0 hours, 0.0 minutes, 0.30453991889953613 seconds

Avg epoch train. time: 0.0 hours, 0.0 minutes, 0.3461223244667053 seconds
Avg batch train. time: 0.010180068366667804 seconds
Avg sample train. time: 0.0012772041493236358 seconds
Evaluating on validation set ...
Validation runtime: 0.0 hours, 0.0 minutes, 0.013396024703979492 seconds

Avg val. time: 0.0 hours, 0.0 minutes, 0.07744640111923218 seconds
Avg batch val. time: 0.019361600279808044 seconds
Avg sample val. time: 0.0024982710038461992 seconds
Epoch 4 Validation Summary: epoch: 4.000000 | loss: 1.646398 | accuracy: 0.193548 | precision: 0.231183 | 
Epoch 5 Training Summary: epoch: 5.000000 | loss: 1.631187 | 
Epoch runtime: 0.0 hours, 0.0 minutes, 0.31091952323913574 seconds

Avg epoch train. time: 0.0 hours, 0.0 minutes, 0.3390817642211914 seconds
Avg batch train. time: 0.009972993065329158 seconds
Avg sample train. time: 0.0012512242222184186 seconds
Epoch 6 Training Summary: epoch: 6.000000 | loss: 1.588002 | 
Epoch runtime: 0.0 hours, 0.0 minutes, 0.31175780296325684 seconds

Avg epoch train. time: 0.0 hours, 0.0 minutes, 0.33452777067820233 seconds
Avg batch train. time: 0.009839052078770658 seconds
Avg sample train. time: 0.0012344198180007466 seconds
Evaluating on validation set ...
Validation runtime: 0.0 hours, 0.0 minutes, 0.015115022659301758 seconds

Avg val. time: 0.0 hours, 0.0 minutes, 0.0649801254272461 seconds
Avg batch val. time: 0.016245031356811525 seconds
Avg sample val. time: 0.002096133078298261 seconds
Epoch 6 Validation Summary: epoch: 6.000000 | loss: 1.677371 | accuracy: 0.193548 | precision: 0.181106 | 
Epoch 7 Training Summary: epoch: 7.000000 | loss: 1.564750 | 
Epoch runtime: 0.0 hours, 0.0 minutes, 0.32900214195251465 seconds

Avg epoch train. time: 0.0 hours, 0.0 minutes, 0.3337383951459612 seconds
Avg batch train. time: 0.009815835151351801 seconds
Avg sample train. time: 0.0012315069931585283 seconds
Epoch 8 Training Summary: epoch: 8.000000 | loss: 1.528375 | 
Epoch runtime: 0.0 hours, 0.0 minutes, 0.3252904415130615 seconds

Avg epoch train. time: 0.0 hours, 0.0 minutes, 0.33268240094184875 seconds
Avg batch train. time: 0.009784776498289668 seconds
Avg sample train. time: 0.0012276103355787777 seconds
Evaluating on validation set ...
Validation runtime: 0.0 hours, 0.0 minutes, 0.014234066009521484 seconds

Avg val. time: 0.0 hours, 0.0 minutes, 0.05652244885762533 seconds
Avg batch val. time: 0.014130612214406332 seconds
Avg sample val. time: 0.0018233048018588816 seconds
Epoch 8 Validation Summary: epoch: 8.000000 | loss: 1.533894 | accuracy: 0.322581 | precision: 0.233164 | 
Epoch 9 Training Summary: epoch: 9.000000 | loss: 1.450753 | 
Epoch runtime: 0.0 hours, 0.0 minutes, 0.30421948432922363 seconds

Avg epoch train. time: 0.0 hours, 0.0 minutes, 0.3295198546515571 seconds
Avg batch train. time: 0.00969176043092815 seconds
Avg sample train. time: 0.0012159404230684763 seconds
Epoch 10 Training Summary: epoch: 10.000000 | loss: 1.425623 | 
Epoch runtime: 0.0 hours, 0.0 minutes, 0.3076670169830322 seconds

Avg epoch train. time: 0.0 hours, 0.0 minutes, 0.3273345708847046 seconds
Avg batch train. time: 0.009627487378961899 seconds
Avg sample train. time: 0.001207876645331013 seconds
Evaluating on validation set ...
Validation runtime: 0.0 hours, 0.0 minutes, 0.01378941535949707 seconds

Avg val. time: 0.0 hours, 0.0 minutes, 0.050417729786464145 seconds
Avg batch val. time: 0.012604432446616036 seconds
Avg sample val. time: 0.0016263783802085209 seconds
Epoch 10 Validation Summary: epoch: 10.000000 | loss: 1.550546 | accuracy: 0.322581 | precision: 0.232000 | 
Epoch 11 Training Summary: epoch: 11.000000 | loss: 1.315281 | 
Epoch runtime: 0.0 hours, 0.0 minutes, 0.32054805755615234 seconds

Avg epoch train. time: 0.0 hours, 0.0 minutes, 0.3267176151275635 seconds
Avg batch train. time: 0.009609341621398926 seconds
Avg sample train. time: 0.0012056000558212673 seconds
Epoch 12 Training Summary: epoch: 12.000000 | loss: 1.316058 | 
Epoch runtime: 0.0 hours, 0.0 minutes, 0.3286769390106201 seconds

Avg epoch train. time: 0.0 hours, 0.0 minutes, 0.3268808921178182 seconds
Avg batch train. time: 0.009614143885818181 seconds
Avg sample train. time: 0.0012062025539402886 seconds
Evaluating on validation set ...
Validation runtime: 0.0 hours, 0.0 minutes, 0.014786481857299805 seconds

Avg val. time: 0.0 hours, 0.0 minutes, 0.045963823795318604 seconds
Avg batch val. time: 0.011490955948829651 seconds
Avg sample val. time: 0.0014827039933973743 seconds
Epoch 12 Validation Summary: epoch: 12.000000 | loss: 1.474620 | accuracy: 0.322581 | precision: 0.316129 | 
Epoch 13 Training Summary: epoch: 13.000000 | loss: 1.276781 | 
Epoch runtime: 0.0 hours, 0.0 minutes, 0.30884337425231934 seconds

Avg epoch train. time: 0.0 hours, 0.0 minutes, 0.32549339074354905 seconds
Avg batch train. time: 0.00957333502186909 seconds
Avg sample train. time: 0.0012010826226699226 seconds
Epoch 14 Training Summary: epoch: 14.000000 | loss: 1.204768 | 
Epoch runtime: 0.0 hours, 0.0 minutes, 0.36177968978881836 seconds

Avg epoch train. time: 0.0 hours, 0.0 minutes, 0.32808526924678255 seconds
Avg batch train. time: 0.009649566742552428 seconds
Avg sample train. time: 0.0012106467499881275 seconds
Evaluating on validation set ...
Validation runtime: 0.0 hours, 0.0 minutes, 0.014316082000732422 seconds

Avg val. time: 0.0 hours, 0.0 minutes, 0.042447408040364586 seconds
Avg batch val. time: 0.010611852010091146 seconds
Avg sample val. time: 0.001369271227108535 seconds
Epoch 14 Validation Summary: epoch: 14.000000 | loss: 1.487932 | accuracy: 0.225806 | precision: 0.173754 | 
Epoch 15 Training Summary: epoch: 15.000000 | loss: 1.246805 | 
Epoch runtime: 0.0 hours, 0.0 minutes, 0.3304634094238281 seconds

Avg epoch train. time: 0.0 hours, 0.0 minutes, 0.32824381192525226 seconds
Avg batch train. time: 0.009654229762507419 seconds
Avg sample train. time: 0.001211231778321964 seconds
Epoch 16 Training Summary: epoch: 16.000000 | loss: 1.183296 | 
Epoch runtime: 0.0 hours, 0.0 minutes, 0.3117027282714844 seconds

Avg epoch train. time: 0.0 hours, 0.0 minutes, 0.3272099941968918 seconds
Avg batch train. time: 0.009623823358732112 seconds
Avg sample train. time: 0.0012074169527560583 seconds
Evaluating on validation set ...
Validation runtime: 0.0 hours, 0.0 minutes, 0.01362919807434082 seconds

Avg val. time: 0.0 hours, 0.0 minutes, 0.03956558704376221 seconds
Avg batch val. time: 0.009891396760940552 seconds
Avg sample val. time: 0.0012763092594762003 seconds
Epoch 16 Validation Summary: epoch: 16.000000 | loss: 1.512125 | accuracy: 0.290323 | precision: 0.329777 | 
Epoch 17 Training Summary: epoch: 17.000000 | loss: 1.148500 | 
Epoch runtime: 0.0 hours, 0.0 minutes, 0.38273000717163086 seconds

Avg epoch train. time: 0.0 hours, 0.0 minutes, 0.3304758773130529 seconds
Avg batch train. time: 0.009719878744501555 seconds
Avg sample train. time: 0.001219468181966985 seconds
Epoch 18 Training Summary: epoch: 18.000000 | loss: 1.125266 | 
Epoch runtime: 0.0 hours, 0.0 minutes, 0.30943870544433594 seconds

Avg epoch train. time: 0.0 hours, 0.0 minutes, 0.3293071455425686 seconds
Avg batch train. time: 0.009685504280663783 seconds
Avg sample train. time: 0.0012151555186072642 seconds
Evaluating on validation set ...
Validation runtime: 0.0 hours, 0.0 minutes, 0.014899730682373047 seconds

Avg val. time: 0.0 hours, 0.0 minutes, 0.0373232364654541 seconds
Avg batch val. time: 0.009330809116363525 seconds
Avg sample val. time: 0.0012039753698533581 seconds
Epoch 18 Validation Summary: epoch: 18.000000 | loss: 1.642774 | accuracy: 0.258065 | precision: 0.255300 | 
Epoch 19 Training Summary: epoch: 19.000000 | loss: 1.103149 | 
Epoch runtime: 0.0 hours, 0.0 minutes, 0.3071427345275879 seconds

Avg epoch train. time: 0.0 hours, 0.0 minutes, 0.3281405975944118 seconds
Avg batch train. time: 0.009651194046894464 seconds
Avg sample train. time: 0.0012108509136325159 seconds
Epoch 20 Training Summary: epoch: 20.000000 | loss: 1.099027 | 
Epoch runtime: 0.0 hours, 0.0 minutes, 0.30039024353027344 seconds

Avg epoch train. time: 0.0 hours, 0.0 minutes, 0.32675307989120483 seconds
Avg batch train. time: 0.009610384702682495 seconds
Avg sample train. time: 0.001205730922107767 seconds
Evaluating on validation set ...
Validation runtime: 0.0 hours, 0.0 minutes, 0.013468503952026367 seconds

Avg val. time: 0.0 hours, 0.0 minutes, 0.03533534208933512 seconds
Avg batch val. time: 0.00883383552233378 seconds
Avg sample val. time: 0.001139849744817262 seconds
Epoch 20 Validation Summary: epoch: 20.000000 | loss: 1.523309 | accuracy: 0.354839 | precision: 0.320968 | 
Epoch 21 Training Summary: epoch: 21.000000 | loss: 1.009555 | 
Epoch runtime: 0.0 hours, 0.0 minutes, 0.3464779853820801 seconds

Avg epoch train. time: 0.0 hours, 0.0 minutes, 0.32769236110505606 seconds
Avg batch train. time: 0.009638010620736943 seconds
Avg sample train. time: 0.0012091969044467014 seconds
Epoch 22 Training Summary: epoch: 22.000000 | loss: 1.018640 | 
Epoch runtime: 0.0 hours, 0.0 minutes, 0.34072232246398926 seconds

Avg epoch train. time: 0.0 hours, 0.0 minutes, 0.3282846320759166 seconds
Avg batch train. time: 0.009655430355174018 seconds
Avg sample train. time: 0.0012113824061841941 seconds
Evaluating on validation set ...
Validation runtime: 0.0 hours, 0.0 minutes, 0.014668941497802734 seconds

Avg val. time: 0.0 hours, 0.0 minutes, 0.03374561896690956 seconds
Avg batch val. time: 0.00843640474172739 seconds
Avg sample val. time: 0.001088568353771276 seconds
Epoch 22 Validation Summary: epoch: 22.000000 | loss: 1.547555 | accuracy: 0.387097 | precision: 0.388563 | 
Epoch 23 Training Summary: epoch: 23.000000 | loss: 1.024983 | 
Epoch runtime: 0.0 hours, 0.0 minutes, 0.36371946334838867 seconds

Avg epoch train. time: 0.0 hours, 0.0 minutes, 0.3298252769138502 seconds
Avg batch train. time: 0.009700743438642653 seconds
Avg sample train. time: 0.001217067442486532 seconds
Epoch 24 Training Summary: epoch: 24.000000 | loss: 0.968980 | 
Epoch runtime: 0.0 hours, 0.0 minutes, 0.32828235626220703 seconds

Avg epoch train. time: 0.0 hours, 0.0 minutes, 0.32976098855336505 seconds
Avg batch train. time: 0.009698852604510737 seconds
Avg sample train. time: 0.0012168302160640778 seconds
Evaluating on validation set ...
Validation runtime: 0.0 hours, 0.0 minutes, 0.014627456665039062 seconds

Avg val. time: 0.0 hours, 0.0 minutes, 0.03238003594534738 seconds
Avg batch val. time: 0.008095008986336845 seconds
Avg sample val. time: 0.001044517288559593 seconds
Epoch 24 Validation Summary: epoch: 24.000000 | loss: 1.726323 | accuracy: 0.322581 | precision: 0.367955 | 
Epoch 25 Training Summary: epoch: 25.000000 | loss: 0.850058 | 
Epoch runtime: 0.0 hours, 0.0 minutes, 0.36716747283935547 seconds

Avg epoch train. time: 0.0 hours, 0.0 minutes, 0.3312572479248047 seconds
Avg batch train. time: 0.009742860233082492 seconds
Avg sample train. time: 0.001222351468357213 seconds
Epoch 26 Training Summary: epoch: 26.000000 | loss: 0.907006 | 
Epoch runtime: 0.0 hours, 0.0 minutes, 0.31279921531677246 seconds

Avg epoch train. time: 0.0 hours, 0.0 minutes, 0.3305473235937265 seconds
Avg batch train. time: 0.00972198010569784 seconds
Avg sample train. time: 0.0012197318213790645 seconds
Evaluating on validation set ...
Validation runtime: 0.0 hours, 0.0 minutes, 0.014003992080688477 seconds

Avg val. time: 0.0 hours, 0.0 minutes, 0.031154966354370116 seconds
Avg batch val. time: 0.007788741588592529 seconds
Avg sample val. time: 0.0010049989146571005 seconds
Epoch 26 Validation Summary: epoch: 26.000000 | loss: 1.555311 | accuracy: 0.387097 | precision: 0.280893 | 
Epoch 27 Training Summary: epoch: 27.000000 | loss: 0.850091 | 
Epoch runtime: 0.0 hours, 0.0 minutes, 0.3192436695098877 seconds

Avg epoch train. time: 0.0 hours, 0.0 minutes, 0.33012866973876953 seconds
Avg batch train. time: 0.009709666757022633 seconds
Avg sample train. time: 0.0012181869732057916 seconds
Epoch 28 Training Summary: epoch: 28.000000 | loss: 0.861962 | 
Epoch runtime: 0.0 hours, 0.0 minutes, 0.31963419914245605 seconds

Avg epoch train. time: 0.0 hours, 0.0 minutes, 0.32975386721747263 seconds
Avg batch train. time: 0.009698643153455077 seconds
Avg sample train. time: 0.0012168039380718548 seconds
Evaluating on validation set ...
Validation runtime: 0.0 hours, 0.0 minutes, 0.016596317291259766 seconds

Avg val. time: 0.0 hours, 0.0 minutes, 0.03024505078792572 seconds
Avg batch val. time: 0.00756126269698143 seconds
Avg sample val. time: 0.0009756467996105071 seconds
Epoch 28 Validation Summary: epoch: 28.000000 | loss: 1.269192 | accuracy: 0.516129 | precision: 0.458679 | 
Epoch 29 Training Summary: epoch: 29.000000 | loss: 0.830630 | 
Epoch runtime: 0.0 hours, 0.0 minutes, 0.33441901206970215 seconds

Avg epoch train. time: 0.0 hours, 0.0 minutes, 0.3299147342813426 seconds
Avg batch train. time: 0.009703374537686547 seconds
Avg sample train. time: 0.0012173975434735889 seconds
Epoch 30 Training Summary: epoch: 30.000000 | loss: 0.716268 | 
Epoch runtime: 0.0 hours, 0.0 minutes, 0.3317227363586426 seconds

Avg epoch train. time: 0.0 hours, 0.0 minutes, 0.3299750010172526 seconds
Avg batch train. time: 0.009705147088742722 seconds
Avg sample train. time: 0.0012176199299529615 seconds
Evaluating on validation set ...
Validation runtime: 0.0 hours, 0.0 minutes, 0.014328718185424805 seconds

Avg val. time: 0.0 hours, 0.0 minutes, 0.029308795928955078 seconds
Avg batch val. time: 0.0073271989822387695 seconds
Avg sample val. time: 0.0009454450299662928 seconds
Epoch 30 Validation Summary: epoch: 30.000000 | loss: 1.575907 | accuracy: 0.387097 | precision: 0.350806 | 
Epoch 31 Training Summary: epoch: 31.000000 | loss: 0.738465 | 
Epoch runtime: 0.0 hours, 0.0 minutes, 0.321380615234375 seconds

Avg epoch train. time: 0.0 hours, 0.0 minutes, 0.32969776276619206 seconds
Avg batch train. time: 0.00969699302253506 seconds
Avg sample train. time: 0.0012165969105763545 seconds
Epoch 32 Training Summary: epoch: 32.000000 | loss: 0.657534 | 
Epoch runtime: 0.0 hours, 0.0 minutes, 0.30919718742370605 seconds

Avg epoch train. time: 0.0 hours, 0.0 minutes, 0.32905711978673935 seconds
Avg batch train. time: 0.009678150581962922 seconds
Avg sample train. time: 0.0012142329143422115 seconds
Evaluating on validation set ...
Validation runtime: 0.0 hours, 0.0 minutes, 0.013625144958496094 seconds

Avg val. time: 0.0 hours, 0.0 minutes, 0.0284374819861518 seconds
Avg batch val. time: 0.00710937049653795 seconds
Avg sample val. time: 0.0009173381285855419 seconds
Epoch 32 Validation Summary: epoch: 32.000000 | loss: 1.590481 | accuracy: 0.419355 | precision: 0.386259 | 
Epoch 33 Training Summary: epoch: 33.000000 | loss: 0.739001 | 
Epoch runtime: 0.0 hours, 0.0 minutes, 0.3014516830444336 seconds

Avg epoch train. time: 0.0 hours, 0.0 minutes, 0.3282205914006089 seconds
Avg batch train. time: 0.009653546805900262 seconds
Avg sample train. time: 0.001211146093729184 seconds
Epoch 34 Training Summary: epoch: 34.000000 | loss: 0.650760 | 
Epoch runtime: 0.0 hours, 0.0 minutes, 0.31147193908691406 seconds

Avg epoch train. time: 0.0 hours, 0.0 minutes, 0.32772798397961783 seconds
Avg batch train. time: 0.009639058352341702 seconds
Avg sample train. time: 0.0012093283541683316 seconds
Evaluating on validation set ...
Validation runtime: 0.0 hours, 0.0 minutes, 0.014862060546875 seconds

Avg val. time: 0.0 hours, 0.0 minutes, 0.027722986120926708 seconds
Avg batch val. time: 0.006930746530231677 seconds
Avg sample val. time: 0.0008942898748686035 seconds
Epoch 34 Validation Summary: epoch: 34.000000 | loss: 1.678891 | accuracy: 0.387097 | precision: 0.335484 | 
Epoch 35 Training Summary: epoch: 35.000000 | loss: 0.605817 | 
Epoch runtime: 0.0 hours, 0.0 minutes, 0.3206932544708252 seconds

Avg epoch train. time: 0.0 hours, 0.0 minutes, 0.32752699170793803 seconds
Avg batch train. time: 0.009633146814939354 seconds
Avg sample train. time: 0.001208586685269144 seconds
Epoch 36 Training Summary: epoch: 36.000000 | loss: 0.569426 | 
Epoch runtime: 0.0 hours, 0.0 minutes, 0.3152897357940674 seconds

Avg epoch train. time: 0.0 hours, 0.0 minutes, 0.32718706793255276 seconds
Avg batch train. time: 0.009623149056839787 seconds
Avg sample train. time: 0.0012073323539946595 seconds
Evaluating on validation set ...
Validation runtime: 0.0 hours, 0.0 minutes, 0.014887094497680664 seconds

Avg val. time: 0.0 hours, 0.0 minutes, 0.027081191539764404 seconds
Avg batch val. time: 0.006770297884941101 seconds
Avg sample val. time: 0.0008735868238633679 seconds
Epoch 36 Validation Summary: epoch: 36.000000 | loss: 1.717532 | accuracy: 0.451613 | precision: 0.448541 | 
Epoch 37 Training Summary: epoch: 37.000000 | loss: 0.625572 | 
Epoch runtime: 0.0 hours, 0.0 minutes, 0.31383657455444336 seconds

Avg epoch train. time: 0.0 hours, 0.0 minutes, 0.32682624378719843 seconds
Avg batch train. time: 0.009612536581976425 seconds
Avg sample train. time: 0.001206000899583758 seconds
Epoch 38 Training Summary: epoch: 38.000000 | loss: 0.605243 | 
Epoch runtime: 0.0 hours, 0.0 minutes, 0.3039238452911377 seconds

Avg epoch train. time: 0.0 hours, 0.0 minutes, 0.3262235490899337 seconds
Avg batch train. time: 0.00959481026735099 seconds
Avg sample train. time: 0.0012037769339111944 seconds
Evaluating on validation set ...
Validation runtime: 0.0 hours, 0.0 minutes, 0.013880252838134766 seconds

Avg val. time: 0.0 hours, 0.0 minutes, 0.026452575411115373 seconds
Avg batch val. time: 0.006613143852778843 seconds
Avg sample val. time: 0.0008533088842295281 seconds
Epoch 38 Validation Summary: epoch: 38.000000 | loss: 2.076885 | accuracy: 0.322581 | precision: 0.314516 | 
Epoch 39 Training Summary: epoch: 39.000000 | loss: 0.649384 | 
Epoch runtime: 0.0 hours, 0.0 minutes, 0.30098462104797363 seconds

Avg epoch train. time: 0.0 hours, 0.0 minutes, 0.32557639708885777 seconds
Avg batch train. time: 0.009575776384966405 seconds
Avg sample train. time: 0.0012013889191470767 seconds
Epoch 40 Training Summary: epoch: 40.000000 | loss: 0.638546 | 
Epoch runtime: 0.0 hours, 0.0 minutes, 0.2964015007019043 seconds

Avg epoch train. time: 0.0 hours, 0.0 minutes, 0.32484702467918397 seconds
Avg batch train. time: 0.009554324255270117 seconds
Avg sample train. time: 0.0011986975080412693 seconds
Evaluating on validation set ...
Validation runtime: 0.0 hours, 0.0 minutes, 0.01436924934387207 seconds

Avg val. time: 0.0 hours, 0.0 minutes, 0.02590333331714977 seconds
Avg batch val. time: 0.006475833329287442 seconds
Avg sample val. time: 0.0008355913973274119 seconds
Epoch 40 Validation Summary: epoch: 40.000000 | loss: 1.792451 | accuracy: 0.451613 | precision: 0.435484 | 
Best accuracy was 0.5161290322580645. Other metrics: OrderedDict([('epoch', 28), ('loss', 1.269192018816548), ('accuracy', 0.5161290322580645), ('precision', 0.458678955453149)])
All Done!
Total runtime: 0.0 hours, 0.0 minutes, 20.11479377746582 seconds

