Running:
src/main_5q.py --output_dir experiments --comment classification from Scratch --name VRS_fromScratch --records_file VRS_records.xls --data_dir /mnt/d/OneDrive - Southern Methodist University/Phone_Privacy/input_feature/all_norm_downsample_480p_s22 --data_class vrs --val_ratio 0.1 --epochs 40 --lr 0.001 --dropout 0.2 --batch_size 8 --num_layers 3 --num_heads 4 --optimizer RAdam --pos_encoding learnable --task classification --normalization none --key_metric accuracy

Using device: cuda
Loading and preprocessing data ...
67 samples may be used for training
8 samples will be used for validation
0 samples will be used for testing
Creating model ...
Model:
TSTransformerEncoderClassiregressor(
  (project_inp): Linear(in_features=39, out_features=64, bias=True)
  (pos_enc): LearnablePositionalEncoding(
    (dropout): Dropout(p=0.2, inplace=False)
  )
  (transformer_encoder): TransformerEncoder(
    (layers): ModuleList(
      (0-2): 3 x TransformerBatchNormEncoderLayer(
        (self_attn): MultiheadAttention(
          (out_proj): NonDynamicallyQuantizableLinear(in_features=64, out_features=64, bias=True)
        )
        (linear1): Linear(in_features=64, out_features=256, bias=True)
        (dropout): Dropout(p=0.2, inplace=False)
        (linear2): Linear(in_features=256, out_features=64, bias=True)
        (norm1): BatchNorm1d(64, eps=1e-05, momentum=0.1, affine=True, track_running_stats=True)
        (norm2): BatchNorm1d(64, eps=1e-05, momentum=0.1, affine=True, track_running_stats=True)
        (dropout1): Dropout(p=0.2, inplace=False)
        (dropout2): Dropout(p=0.2, inplace=False)
      )
    )
  )
  (dropout1): Dropout(p=0.2, inplace=False)
  (output_layer): Linear(in_features=5120, out_features=5, bias=True)
)
Total number of parameters: 183237
Trainable parameters: 183237
Evaluating on validation set ...
Validation runtime: 0.0 hours, 0.0 minutes, 0.21538400650024414 seconds

Avg val. time: 0.0 hours, 0.0 minutes, 0.21538400650024414 seconds
Avg batch val. time: 0.21538400650024414 seconds
Avg sample val. time: 0.026923000812530518 seconds
Epoch 0 Validation Summary: epoch: 0.000000 | loss: 8.053010 | accuracy: 0.250000 | precision: 0.250000 | 
Starting training...
Epoch 1 Training Summary: epoch: 1.000000 | loss: 1.740555 | 
Epoch runtime: 0.0 hours, 0.0 minutes, 0.21199774742126465 seconds

Avg epoch train. time: 0.0 hours, 0.0 minutes, 0.21199774742126465 seconds
Avg batch train. time: 0.023555305269029405 seconds
Avg sample train. time: 0.0031641454838994723 seconds
Evaluating on validation set ...
Validation runtime: 0.0 hours, 0.0 minutes, 0.007172107696533203 seconds

Avg val. time: 0.0 hours, 0.0 minutes, 0.11127805709838867 seconds
Avg batch val. time: 0.11127805709838867 seconds
Avg sample val. time: 0.013909757137298584 seconds
Epoch 1 Validation Summary: epoch: 1.000000 | loss: 1.811810 | accuracy: 0.250000 | precision: 0.250000 | 
Epoch 2 Training Summary: epoch: 2.000000 | loss: 1.743562 | 
Epoch runtime: 0.0 hours, 0.0 minutes, 0.09567475318908691 seconds

Avg epoch train. time: 0.0 hours, 0.0 minutes, 0.15383625030517578 seconds
Avg batch train. time: 0.017092916700575087 seconds
Avg sample train. time: 0.0022960634373906832 seconds
Evaluating on validation set ...
Validation runtime: 0.0 hours, 0.0 minutes, 0.006972074508666992 seconds

Avg val. time: 0.0 hours, 0.0 minutes, 0.07650939623514812 seconds
Avg batch val. time: 0.07650939623514812 seconds
Avg sample val. time: 0.009563674529393515 seconds
Epoch 2 Validation Summary: epoch: 2.000000 | loss: 1.641283 | accuracy: 0.250000 | precision: 0.250000 | 
Epoch 3 Training Summary: epoch: 3.000000 | loss: 1.652265 | 
Epoch runtime: 0.0 hours, 0.0 minutes, 0.0908050537109375 seconds

Avg epoch train. time: 0.0 hours, 0.0 minutes, 0.1328258514404297 seconds
Avg batch train. time: 0.014758427937825521 seconds
Avg sample train. time: 0.0019824753946332788 seconds
Epoch 4 Training Summary: epoch: 4.000000 | loss: 1.624591 | 
Epoch runtime: 0.0 hours, 0.0 minutes, 0.08659815788269043 seconds

Avg epoch train. time: 0.0 hours, 0.0 minutes, 0.12126892805099487 seconds
Avg batch train. time: 0.01347432533899943 seconds
Avg sample train. time: 0.0018099840007611175 seconds
Evaluating on validation set ...
Validation runtime: 0.0 hours, 0.0 minutes, 0.006681680679321289 seconds

Avg val. time: 0.0 hours, 0.0 minutes, 0.059052467346191406 seconds
Avg batch val. time: 0.059052467346191406 seconds
Avg sample val. time: 0.007381558418273926 seconds
Epoch 4 Validation Summary: epoch: 4.000000 | loss: 1.602136 | accuracy: 0.250000 | precision: 0.133333 | 
Epoch 5 Training Summary: epoch: 5.000000 | loss: 1.672553 | 
Epoch runtime: 0.0 hours, 0.0 minutes, 0.0919792652130127 seconds

Avg epoch train. time: 0.0 hours, 0.0 minutes, 0.11541099548339843 seconds
Avg batch train. time: 0.012823443942599827 seconds
Avg sample train. time: 0.0017225521713940064 seconds
Epoch 6 Training Summary: epoch: 6.000000 | loss: 1.685859 | 
Epoch runtime: 0.0 hours, 0.0 minutes, 0.09035825729370117 seconds

Avg epoch train. time: 0.0 hours, 0.0 minutes, 0.1112355391184489 seconds
Avg batch train. time: 0.012359504346494321 seconds
Avg sample train. time: 0.0016602319271410283 seconds
Evaluating on validation set ...
Validation runtime: 0.0 hours, 0.0 minutes, 0.006613969802856445 seconds

Avg val. time: 0.0 hours, 0.0 minutes, 0.04856476783752441 seconds
Avg batch val. time: 0.04856476783752441 seconds
Avg sample val. time: 0.006070595979690552 seconds
Epoch 6 Validation Summary: epoch: 6.000000 | loss: 1.574742 | accuracy: 0.250000 | precision: 0.133333 | 
Epoch 7 Training Summary: epoch: 7.000000 | loss: 1.600608 | 
Epoch runtime: 0.0 hours, 0.0 minutes, 0.08484196662902832 seconds

Avg epoch train. time: 0.0 hours, 0.0 minutes, 0.10746502876281738 seconds
Avg batch train. time: 0.011940558751424154 seconds
Avg sample train. time: 0.0016039556531763789 seconds
Epoch 8 Training Summary: epoch: 8.000000 | loss: 1.541573 | 
Epoch runtime: 0.0 hours, 0.0 minutes, 0.0848233699798584 seconds

Avg epoch train. time: 0.0 hours, 0.0 minutes, 0.10463482141494751 seconds
Avg batch train. time: 0.0116260912683275 seconds
Avg sample train. time: 0.001561713752461903 seconds
Evaluating on validation set ...
Validation runtime: 0.0 hours, 0.0 minutes, 0.0064165592193603516 seconds

Avg val. time: 0.0 hours, 0.0 minutes, 0.041540066401163735 seconds
Avg batch val. time: 0.041540066401163735 seconds
Avg sample val. time: 0.005192508300145467 seconds
Epoch 8 Validation Summary: epoch: 8.000000 | loss: 1.544563 | accuracy: 0.125000 | precision: 0.083333 | 
Epoch 9 Training Summary: epoch: 9.000000 | loss: 1.534166 | 
Epoch runtime: 0.0 hours, 0.0 minutes, 0.09197878837585449 seconds

Avg epoch train. time: 0.0 hours, 0.0 minutes, 0.10322859552171496 seconds
Avg batch train. time: 0.011469843946857218 seconds
Avg sample train. time: 0.0015407253062942531 seconds
Epoch 10 Training Summary: epoch: 10.000000 | loss: 1.573741 | 
Epoch runtime: 0.0 hours, 0.0 minutes, 0.08486700057983398 seconds

Avg epoch train. time: 0.0 hours, 0.0 minutes, 0.10139243602752686 seconds
Avg batch train. time: 0.011265826225280762 seconds
Avg sample train. time: 0.001513319940709356 seconds
Evaluating on validation set ...
Validation runtime: 0.0 hours, 0.0 minutes, 0.007292270660400391 seconds

Avg val. time: 0.0 hours, 0.0 minutes, 0.036647524152483256 seconds
Avg batch val. time: 0.036647524152483256 seconds
Avg sample val. time: 0.004580940519060407 seconds
Epoch 10 Validation Summary: epoch: 10.000000 | loss: 1.538626 | accuracy: 0.250000 | precision: 0.114286 | 
Epoch 11 Training Summary: epoch: 11.000000 | loss: 1.509155 | 
Epoch runtime: 0.0 hours, 0.0 minutes, 0.08867883682250977 seconds

Avg epoch train. time: 0.0 hours, 0.0 minutes, 0.10023665428161621 seconds
Avg batch train. time: 0.01113740603129069 seconds
Avg sample train. time: 0.0014960694668897942 seconds
Epoch 12 Training Summary: epoch: 12.000000 | loss: 1.639566 | 
Epoch runtime: 0.0 hours, 0.0 minutes, 0.11049437522888184 seconds

Avg epoch train. time: 0.0 hours, 0.0 minutes, 0.10109146436055501 seconds
Avg batch train. time: 0.011232384928950557 seconds
Avg sample train. time: 0.0015088278262769404 seconds
Evaluating on validation set ...
Validation runtime: 0.0 hours, 0.0 minutes, 0.008482217788696289 seconds

Avg val. time: 0.0 hours, 0.0 minutes, 0.03312686085700989 seconds
Avg batch val. time: 0.03312686085700989 seconds
Avg sample val. time: 0.004140857607126236 seconds
Epoch 12 Validation Summary: epoch: 12.000000 | loss: 1.497454 | accuracy: 0.375000 | precision: 0.400000 | 
Epoch 13 Training Summary: epoch: 13.000000 | loss: 1.432938 | 
Epoch runtime: 0.0 hours, 0.0 minutes, 0.09752845764160156 seconds

Avg epoch train. time: 0.0 hours, 0.0 minutes, 0.10081738692063552 seconds
Avg batch train. time: 0.011201931880070614 seconds
Avg sample train. time: 0.0015047371182184406 seconds
Epoch 14 Training Summary: epoch: 14.000000 | loss: 1.464171 | 
Epoch runtime: 0.0 hours, 0.0 minutes, 0.09340095520019531 seconds

Avg epoch train. time: 0.0 hours, 0.0 minutes, 0.10028764179774693 seconds
Avg batch train. time: 0.01114307131086077 seconds
Avg sample train. time: 0.0014968304745932377 seconds
Evaluating on validation set ...
Validation runtime: 0.0 hours, 0.0 minutes, 0.008608579635620117 seconds

Avg val. time: 0.0 hours, 0.0 minutes, 0.03040260738796658 seconds
Avg batch val. time: 0.03040260738796658 seconds
Avg sample val. time: 0.0038003259234958226 seconds
Epoch 14 Validation Summary: epoch: 14.000000 | loss: 1.447155 | accuracy: 0.250000 | precision: 0.190476 | 
Epoch 15 Training Summary: epoch: 15.000000 | loss: 1.387759 | 
Epoch runtime: 0.0 hours, 0.0 minutes, 0.09251117706298828 seconds

Avg epoch train. time: 0.0 hours, 0.0 minutes, 0.09976921081542969 seconds
Avg batch train. time: 0.011085467868381077 seconds
Avg sample train. time: 0.0014890926987377567 seconds
Epoch 16 Training Summary: epoch: 16.000000 | loss: 1.380387 | 
Epoch runtime: 0.0 hours, 0.0 minutes, 0.09308314323425293 seconds

Avg epoch train. time: 0.0 hours, 0.0 minutes, 0.09935133159160614 seconds
Avg batch train. time: 0.011039036843511794 seconds
Avg sample train. time: 0.0014828556953971066 seconds
Evaluating on validation set ...
Validation runtime: 0.0 hours, 0.0 minutes, 0.007756710052490234 seconds

Avg val. time: 0.0 hours, 0.0 minutes, 0.028138017654418944 seconds
Avg batch val. time: 0.028138017654418944 seconds
Avg sample val. time: 0.003517252206802368 seconds
Epoch 16 Validation Summary: epoch: 16.000000 | loss: 1.430931 | accuracy: 0.375000 | precision: 0.357143 | 
Epoch 17 Training Summary: epoch: 17.000000 | loss: 1.415692 | 
Epoch runtime: 0.0 hours, 0.0 minutes, 0.09626579284667969 seconds

Avg epoch train. time: 0.0 hours, 0.0 minutes, 0.09916982931249282 seconds
Avg batch train. time: 0.011018869923610314 seconds
Avg sample train. time: 0.0014801467061566094 seconds
Epoch 18 Training Summary: epoch: 18.000000 | loss: 1.410662 | 
Epoch runtime: 0.0 hours, 0.0 minutes, 0.09498095512390137 seconds

Avg epoch train. time: 0.0 hours, 0.0 minutes, 0.09893711407979329 seconds
Avg batch train. time: 0.010993012675532588 seconds
Avg sample train. time: 0.0014766733444745268 seconds
Evaluating on validation set ...
Validation runtime: 0.0 hours, 0.0 minutes, 0.00757598876953125 seconds

Avg val. time: 0.0 hours, 0.0 minutes, 0.026268742301247337 seconds
Avg batch val. time: 0.026268742301247337 seconds
Avg sample val. time: 0.003283592787655917 seconds
Epoch 18 Validation Summary: epoch: 18.000000 | loss: 1.435905 | accuracy: 0.375000 | precision: 0.285714 | 
Epoch 19 Training Summary: epoch: 19.000000 | loss: 1.290990 | 
Epoch runtime: 0.0 hours, 0.0 minutes, 0.09195423126220703 seconds

Avg epoch train. time: 0.0 hours, 0.0 minutes, 0.09856959393149928 seconds
Avg batch train. time: 0.01095217710349992 seconds
Avg sample train. time: 0.0014711879691268548 seconds
Epoch 20 Training Summary: epoch: 20.000000 | loss: 1.243270 | 
Epoch runtime: 0.0 hours, 0.0 minutes, 0.10992670059204102 seconds

Avg epoch train. time: 0.0 hours, 0.0 minutes, 0.09913744926452636 seconds
Avg batch train. time: 0.011015272140502928 seconds
Avg sample train. time: 0.0014796634218586025 seconds
Evaluating on validation set ...
Validation runtime: 0.0 hours, 0.0 minutes, 0.007722377777099609 seconds

Avg val. time: 0.0 hours, 0.0 minutes, 0.024723211924235027 seconds
Avg batch val. time: 0.024723211924235027 seconds
Avg sample val. time: 0.0030904014905293784 seconds
Epoch 20 Validation Summary: epoch: 20.000000 | loss: 1.406992 | accuracy: 0.375000 | precision: 0.375000 | 
Epoch 21 Training Summary: epoch: 21.000000 | loss: 1.234028 | 
Epoch runtime: 0.0 hours, 0.0 minutes, 0.09166097640991211 seconds

Avg epoch train. time: 0.0 hours, 0.0 minutes, 0.09878142674763997 seconds
Avg batch train. time: 0.010975714083071108 seconds
Avg sample train. time: 0.0014743496529498502 seconds
Epoch 22 Training Summary: epoch: 22.000000 | loss: 1.231573 | 
Epoch runtime: 0.0 hours, 0.0 minutes, 0.09670186042785645 seconds

Avg epoch train. time: 0.0 hours, 0.0 minutes, 0.09868690100583163 seconds
Avg batch train. time: 0.010965211222870181 seconds
Avg sample train. time: 0.0014729388209825617 seconds
Evaluating on validation set ...
Validation runtime: 0.0 hours, 0.0 minutes, 0.008865118026733398 seconds

Avg val. time: 0.0 hours, 0.0 minutes, 0.02350335854750413 seconds
Avg batch val. time: 0.02350335854750413 seconds
Avg sample val. time: 0.0029379198184380164 seconds
Epoch 22 Validation Summary: epoch: 22.000000 | loss: 1.414659 | accuracy: 0.500000 | precision: 0.571429 | 
Epoch 23 Training Summary: epoch: 23.000000 | loss: 1.180039 | 
Epoch runtime: 0.0 hours, 0.0 minutes, 0.09502744674682617 seconds

Avg epoch train. time: 0.0 hours, 0.0 minutes, 0.09852779429891835 seconds
Avg batch train. time: 0.010947532699879817 seconds
Avg sample train. time: 0.0014705640940137067 seconds
Epoch 24 Training Summary: epoch: 24.000000 | loss: 1.200710 | 
Epoch runtime: 0.0 hours, 0.0 minutes, 0.09607577323913574 seconds

Avg epoch train. time: 0.0 hours, 0.0 minutes, 0.09842562675476074 seconds
Avg batch train. time: 0.01093618075052897 seconds
Avg sample train. time: 0.0014690392052949365 seconds
Evaluating on validation set ...
Validation runtime: 0.0 hours, 0.0 minutes, 0.007612705230712891 seconds

Avg val. time: 0.0 hours, 0.0 minutes, 0.022368311882019043 seconds
Avg batch val. time: 0.022368311882019043 seconds
Avg sample val. time: 0.0027960389852523804 seconds
Epoch 24 Validation Summary: epoch: 24.000000 | loss: 1.411653 | accuracy: 0.500000 | precision: 0.571429 | 
Epoch 25 Training Summary: epoch: 25.000000 | loss: 1.049654 | 
Epoch runtime: 0.0 hours, 0.0 minutes, 0.09200263023376465 seconds

Avg epoch train. time: 0.0 hours, 0.0 minutes, 0.0981687068939209 seconds
Avg batch train. time: 0.010907634099324545 seconds
Avg sample train. time: 0.001465204580506282 seconds
Epoch 26 Training Summary: epoch: 26.000000 | loss: 0.990084 | 
Epoch runtime: 0.0 hours, 0.0 minutes, 0.09879565238952637 seconds

Avg epoch train. time: 0.0 hours, 0.0 minutes, 0.09819282018221341 seconds
Avg batch train. time: 0.010910313353579268 seconds
Avg sample train. time: 0.0014655644803315433 seconds
Evaluating on validation set ...
Validation runtime: 0.0 hours, 0.0 minutes, 0.007182598114013672 seconds

Avg val. time: 0.0 hours, 0.0 minutes, 0.021355930964152017 seconds
Avg batch val. time: 0.021355930964152017 seconds
Avg sample val. time: 0.002669491370519002 seconds
Epoch 26 Validation Summary: epoch: 26.000000 | loss: 1.457555 | accuracy: 0.625000 | precision: 0.785714 | 
Epoch 27 Training Summary: epoch: 27.000000 | loss: 0.969723 | 
Epoch runtime: 0.0 hours, 0.0 minutes, 0.09647679328918457 seconds

Avg epoch train. time: 0.0 hours, 0.0 minutes, 0.09812926363061976 seconds
Avg batch train. time: 0.010903251514513306 seconds
Avg sample train. time: 0.001464615875083877 seconds
Epoch 28 Training Summary: epoch: 28.000000 | loss: 0.965699 | 
Epoch runtime: 0.0 hours, 0.0 minutes, 0.10321712493896484 seconds

Avg epoch train. time: 0.0 hours, 0.0 minutes, 0.09831097296306066 seconds
Avg batch train. time: 0.010923441440340072 seconds
Avg sample train. time: 0.001467327954672547 seconds
Evaluating on validation set ...
Validation runtime: 0.0 hours, 0.0 minutes, 0.009804010391235352 seconds

Avg val. time: 0.0 hours, 0.0 minutes, 0.020633935928344727 seconds
Avg batch val. time: 0.020633935928344727 seconds
Avg sample val. time: 0.002579241991043091 seconds
Epoch 28 Validation Summary: epoch: 28.000000 | loss: 1.545713 | accuracy: 0.500000 | precision: 0.476190 | 
Epoch 29 Training Summary: epoch: 29.000000 | loss: 0.863403 | 
Epoch runtime: 0.0 hours, 0.0 minutes, 0.10544323921203613 seconds

Avg epoch train. time: 0.0 hours, 0.0 minutes, 0.09855691317854257 seconds
Avg batch train. time: 0.010950768130949175 seconds
Avg sample train. time: 0.0014709987041573516 seconds
Epoch 30 Training Summary: epoch: 30.000000 | loss: 0.781868 | 
Epoch runtime: 0.0 hours, 0.0 minutes, 0.10400676727294922 seconds

Avg epoch train. time: 0.0 hours, 0.0 minutes, 0.09873857498168945 seconds
Avg batch train. time: 0.010970952775743273 seconds
Avg sample train. time: 0.001473710074353574 seconds
Evaluating on validation set ...
Validation runtime: 0.0 hours, 0.0 minutes, 0.008441686630249023 seconds

Avg val. time: 0.0 hours, 0.0 minutes, 0.019916744793162626 seconds
Avg batch val. time: 0.019916744793162626 seconds
Avg sample val. time: 0.0024895930991453282 seconds
Epoch 30 Validation Summary: epoch: 30.000000 | loss: 1.486532 | accuracy: 0.500000 | precision: 0.500000 | 
Epoch 31 Training Summary: epoch: 31.000000 | loss: 0.775575 | 
Epoch runtime: 0.0 hours, 0.0 minutes, 0.09377264976501465 seconds

Avg epoch train. time: 0.0 hours, 0.0 minutes, 0.09857838384566768 seconds
Avg batch train. time: 0.010953153760629742 seconds
Avg sample train. time: 0.001471319161875637 seconds
Epoch 32 Training Summary: epoch: 32.000000 | loss: 0.781602 | 
Epoch runtime: 0.0 hours, 0.0 minutes, 0.09524035453796387 seconds

Avg epoch train. time: 0.0 hours, 0.0 minutes, 0.09847407042980194 seconds
Avg batch train. time: 0.010941563381089104 seconds
Avg sample train. time: 0.0014697622452209244 seconds
Evaluating on validation set ...
Validation runtime: 0.0 hours, 0.0 minutes, 0.007680654525756836 seconds

Avg val. time: 0.0 hours, 0.0 minutes, 0.019236962000528973 seconds
Avg batch val. time: 0.019236962000528973 seconds
Avg sample val. time: 0.0024046202500661216 seconds
Epoch 32 Validation Summary: epoch: 32.000000 | loss: 1.547130 | accuracy: 0.375000 | precision: 0.500000 | 
Epoch 33 Training Summary: epoch: 33.000000 | loss: 0.655373 | 
Epoch runtime: 0.0 hours, 0.0 minutes, 0.09257149696350098 seconds

Avg epoch train. time: 0.0 hours, 0.0 minutes, 0.09829520456718677 seconds
Avg batch train. time: 0.010921689396354085 seconds
Avg sample train. time: 0.0014670926054803995 seconds
Epoch 34 Training Summary: epoch: 34.000000 | loss: 0.564385 | 
Epoch runtime: 0.0 hours, 0.0 minutes, 0.0949702262878418 seconds

Avg epoch train. time: 0.0 hours, 0.0 minutes, 0.0981974110883825 seconds
Avg batch train. time: 0.010910823454264721 seconds
Avg sample train. time: 0.0014656330013191417 seconds
Evaluating on validation set ...
Validation runtime: 0.0 hours, 0.0 minutes, 0.00805974006652832 seconds

Avg val. time: 0.0 hours, 0.0 minutes, 0.018648687161897357 seconds
Avg batch val. time: 0.018648687161897357 seconds
Avg sample val. time: 0.0023310858952371697 seconds
Epoch 34 Validation Summary: epoch: 34.000000 | loss: 1.703550 | accuracy: 0.375000 | precision: 0.388889 | 
Epoch 35 Training Summary: epoch: 35.000000 | loss: 0.545741 | 
Epoch runtime: 0.0 hours, 0.0 minutes, 0.09339332580566406 seconds

Avg epoch train. time: 0.0 hours, 0.0 minutes, 0.09806015150887626 seconds
Avg batch train. time: 0.01089557238987514 seconds
Avg sample train. time: 0.00146358435087875 seconds
Epoch 36 Training Summary: epoch: 36.000000 | loss: 0.474160 | 
Epoch runtime: 0.0 hours, 0.0 minutes, 0.09364128112792969 seconds

Avg epoch train. time: 0.0 hours, 0.0 minutes, 0.09793740510940552 seconds
Avg batch train. time: 0.010881933901045058 seconds
Avg sample train. time: 0.001461752315065754 seconds
Evaluating on validation set ...
Validation runtime: 0.0 hours, 0.0 minutes, 0.007505893707275391 seconds

Avg val. time: 0.0 hours, 0.0 minutes, 0.01809154748916626 seconds
Avg batch val. time: 0.01809154748916626 seconds
Avg sample val. time: 0.0022614434361457824 seconds
Epoch 36 Validation Summary: epoch: 36.000000 | loss: 1.643647 | accuracy: 0.625000 | precision: 0.791667 | 
Epoch 37 Training Summary: epoch: 37.000000 | loss: 0.451196 | 
Epoch runtime: 0.0 hours, 0.0 minutes, 0.09699821472167969 seconds

Avg epoch train. time: 0.0 hours, 0.0 minutes, 0.09791202158541293 seconds
Avg batch train. time: 0.010879113509490326 seconds
Avg sample train. time: 0.0014613734564987004 seconds
Epoch 38 Training Summary: epoch: 38.000000 | loss: 0.461668 | 
Epoch runtime: 0.0 hours, 0.0 minutes, 0.09956502914428711 seconds

Avg epoch train. time: 0.0 hours, 0.0 minutes, 0.09795552178433067 seconds
Avg batch train. time: 0.01088394686492563 seconds
Avg sample train. time: 0.0014620227131989653 seconds
Evaluating on validation set ...
Validation runtime: 0.0 hours, 0.0 minutes, 0.008738994598388672 seconds

Avg val. time: 0.0 hours, 0.0 minutes, 0.01764618782770066 seconds
Avg batch val. time: 0.01764618782770066 seconds
Avg sample val. time: 0.0022057734784625823 seconds
Epoch 38 Validation Summary: epoch: 38.000000 | loss: 1.749459 | accuracy: 0.375000 | precision: 0.555556 | 
Epoch 39 Training Summary: epoch: 39.000000 | loss: 0.396472 | 
Epoch runtime: 0.0 hours, 0.0 minutes, 0.09879469871520996 seconds

Avg epoch train. time: 0.0 hours, 0.0 minutes, 0.0979770391415327 seconds
Avg batch train. time: 0.010886337682392522 seconds
Avg sample train. time: 0.0014623438677840701 seconds
Epoch 40 Training Summary: epoch: 40.000000 | loss: 0.281246 | 
Epoch runtime: 0.0 hours, 0.0 minutes, 0.09866976737976074 seconds

Avg epoch train. time: 0.0 hours, 0.0 minutes, 0.0979943573474884 seconds
Avg batch train. time: 0.010888261927498711 seconds
Avg sample train. time: 0.001462602348469976 seconds
Evaluating on validation set ...
Validation runtime: 0.0 hours, 0.0 minutes, 0.007153987884521484 seconds

Avg val. time: 0.0 hours, 0.0 minutes, 0.017169269648465244 seconds
Avg batch val. time: 0.017169269648465244 seconds
Avg sample val. time: 0.0021461587060581555 seconds
Epoch 40 Validation Summary: epoch: 40.000000 | loss: 1.801015 | accuracy: 0.375000 | precision: 0.625000 | 
Best accuracy was 0.625. Other metrics: OrderedDict([('epoch', 26), ('loss', 1.457554817199707), ('accuracy', 0.625), ('precision', 0.7857142857142856)])
All Done!
Total runtime: 0.0 hours, 0.0 minutes, 7.099335193634033 seconds

