Running:
src/main_5q.py --output_dir experiments --comment classification from Scratch --name VRS_fromScratch --records_file VRS_records.xls --data_dir /mnt/d/OneDrive - Southern Methodist University/Phone_Privacy/input_feature/all_processpos_nonorm_downsample_480p_s22 --data_class vrs --val_ratio 0.1 --epochs 40 --lr 0.001 --dropout 0.2 --batch_size 8 --num_layers 3 --num_heads 4 --optimizer RAdam --pos_encoding learnable --task classification --normalization none --key_metric accuracy

Using device: cuda
Loading and preprocessing data ...
271 samples may be used for training
31 samples will be used for validation
0 samples will be used for testing
Creating model ...
Model:
TSTransformerEncoderClassiregressor(
  (project_inp): Linear(in_features=39, out_features=64, bias=True)
  (pos_enc): LearnablePositionalEncoding(
    (dropout): Dropout(p=0.2, inplace=False)
  )
  (transformer_encoder): TransformerEncoder(
    (layers): ModuleList(
      (0-2): 3 x TransformerBatchNormEncoderLayer(
        (self_attn): MultiheadAttention(
          (out_proj): NonDynamicallyQuantizableLinear(in_features=64, out_features=64, bias=True)
        )
        (linear1): Linear(in_features=64, out_features=256, bias=True)
        (dropout): Dropout(p=0.2, inplace=False)
        (linear2): Linear(in_features=256, out_features=64, bias=True)
        (norm1): BatchNorm1d(64, eps=1e-05, momentum=0.1, affine=True, track_running_stats=True)
        (norm2): BatchNorm1d(64, eps=1e-05, momentum=0.1, affine=True, track_running_stats=True)
        (dropout1): Dropout(p=0.2, inplace=False)
        (dropout2): Dropout(p=0.2, inplace=False)
      )
    )
  )
  (dropout1): Dropout(p=0.2, inplace=False)
  (output_layer): Linear(in_features=5120, out_features=5, bias=True)
)
Total number of parameters: 183237
Trainable parameters: 183237
Evaluating on validation set ...
Validation runtime: 0.0 hours, 0.0 minutes, 0.2592461109161377 seconds

Avg val. time: 0.0 hours, 0.0 minutes, 0.2592461109161377 seconds
Avg batch val. time: 0.06481152772903442 seconds
Avg sample val. time: 0.008362777771488313 seconds
Epoch 0 Validation Summary: epoch: 0.000000 | loss: 16.224655 | accuracy: 0.193548 | precision: 0.100000 | 
Starting training...
Epoch 1 Training Summary: epoch: 1.000000 | loss: 1.640628 | 
Epoch runtime: 0.0 hours, 0.0 minutes, 0.6771080493927002 seconds

Avg epoch train. time: 0.0 hours, 0.0 minutes, 0.6771080493927002 seconds
Avg batch train. time: 0.019914942629197064 seconds
Avg sample train. time: 0.002498553687795942 seconds
Evaluating on validation set ...
Validation runtime: 0.0 hours, 0.0 minutes, 0.02049112319946289 seconds

Avg val. time: 0.0 hours, 0.0 minutes, 0.1398686170578003 seconds
Avg batch val. time: 0.03496715426445007 seconds
Avg sample val. time: 0.004511890872832268 seconds
Epoch 1 Validation Summary: epoch: 1.000000 | loss: 1.581859 | accuracy: 0.225806 | precision: 0.146774 | 
Epoch 2 Training Summary: epoch: 2.000000 | loss: 1.670844 | 
Epoch runtime: 0.0 hours, 0.0 minutes, 0.4748356342315674 seconds

Avg epoch train. time: 0.0 hours, 0.0 minutes, 0.5759718418121338 seconds
Avg batch train. time: 0.016940348288592172 seconds
Avg sample train. time: 0.0021253573498602723 seconds
Evaluating on validation set ...
Validation runtime: 0.0 hours, 0.0 minutes, 0.020451068878173828 seconds

Avg val. time: 0.0 hours, 0.0 minutes, 0.10006276766459148 seconds
Avg batch val. time: 0.02501569191614787 seconds
Avg sample val. time: 0.0032278312149868218 seconds
Epoch 2 Validation Summary: epoch: 2.000000 | loss: 1.602231 | accuracy: 0.161290 | precision: 0.190000 | 
Epoch 3 Training Summary: epoch: 3.000000 | loss: 1.658310 | 
Epoch runtime: 0.0 hours, 0.0 minutes, 0.40886783599853516 seconds

Avg epoch train. time: 0.0 hours, 0.0 minutes, 0.5202705065409342 seconds
Avg batch train. time: 0.015302073721792183 seconds
Avg sample train. time: 0.0019198173673097203 seconds
Epoch 4 Training Summary: epoch: 4.000000 | loss: 1.669822 | 
Epoch runtime: 0.0 hours, 0.0 minutes, 0.4284491539001465 seconds

Avg epoch train. time: 0.0 hours, 0.0 minutes, 0.4973151683807373 seconds
Avg batch train. time: 0.01462691671708051 seconds
Avg sample train. time: 0.0018351113224381451 seconds
Evaluating on validation set ...
Validation runtime: 0.0 hours, 0.0 minutes, 0.016255617141723633 seconds

Avg val. time: 0.0 hours, 0.0 minutes, 0.07911098003387451 seconds
Avg batch val. time: 0.019777745008468628 seconds
Avg sample val. time: 0.00255196709786692 seconds
Epoch 4 Validation Summary: epoch: 4.000000 | loss: 1.578420 | accuracy: 0.129032 | precision: 0.096565 | 
Epoch 5 Training Summary: epoch: 5.000000 | loss: 1.642630 | 
Epoch runtime: 0.0 hours, 0.0 minutes, 0.4422593116760254 seconds

Avg epoch train. time: 0.0 hours, 0.0 minutes, 0.48630399703979493 seconds
Avg batch train. time: 0.014303058736464556 seconds
Avg sample train. time: 0.001794479693873782 seconds
Epoch 6 Training Summary: epoch: 6.000000 | loss: 1.604477 | 
Epoch runtime: 0.0 hours, 0.0 minutes, 0.42296934127807617 seconds

Avg epoch train. time: 0.0 hours, 0.0 minutes, 0.4757482210795085 seconds
Avg batch train. time: 0.013992594737632603 seconds
Avg sample train. time: 0.001755528491068297 seconds
Evaluating on validation set ...
Validation runtime: 0.0 hours, 0.0 minutes, 0.022315502166748047 seconds

Avg val. time: 0.0 hours, 0.0 minutes, 0.06775188446044922 seconds
Avg batch val. time: 0.016937971115112305 seconds
Avg sample val. time: 0.0021855446600144907 seconds
Epoch 6 Validation Summary: epoch: 6.000000 | loss: 1.585819 | accuracy: 0.225806 | precision: 0.356989 | 
Epoch 7 Training Summary: epoch: 7.000000 | loss: 1.574151 | 
Epoch runtime: 0.0 hours, 0.0 minutes, 0.4254443645477295 seconds

Avg epoch train. time: 0.0 hours, 0.0 minutes, 0.4685619558606829 seconds
Avg batch train. time: 0.013781233995902437 seconds
Avg sample train. time: 0.0017290109072349922 seconds
Epoch 8 Training Summary: epoch: 8.000000 | loss: 1.541166 | 
Epoch runtime: 0.0 hours, 0.0 minutes, 0.4477863311767578 seconds

Avg epoch train. time: 0.0 hours, 0.0 minutes, 0.46596500277519226 seconds
Avg batch train. time: 0.013704853022799772 seconds
Avg sample train. time: 0.0017194280545210047 seconds
Evaluating on validation set ...
Validation runtime: 0.0 hours, 0.0 minutes, 0.022195816040039062 seconds

Avg val. time: 0.0 hours, 0.0 minutes, 0.06015920639038086 seconds
Avg batch val. time: 0.015039801597595215 seconds
Avg sample val. time: 0.0019406195609800278 seconds
Epoch 8 Validation Summary: epoch: 8.000000 | loss: 1.550807 | accuracy: 0.258065 | precision: 0.194667 | 
Epoch 9 Training Summary: epoch: 9.000000 | loss: 1.519724 | 
Epoch runtime: 0.0 hours, 0.0 minutes, 0.4341151714324951 seconds

Avg epoch train. time: 0.0 hours, 0.0 minutes, 0.4624261326260037 seconds
Avg batch train. time: 0.013600768606647167 seconds
Avg sample train. time: 0.0017063694930848845 seconds
Epoch 10 Training Summary: epoch: 10.000000 | loss: 1.441416 | 
Epoch runtime: 0.0 hours, 0.0 minutes, 0.4524538516998291 seconds

Avg epoch train. time: 0.0 hours, 0.0 minutes, 0.46142890453338625 seconds
Avg batch train. time: 0.013571438368629007 seconds
Avg sample train. time: 0.0017026896846250416 seconds
Evaluating on validation set ...
Validation runtime: 0.0 hours, 0.0 minutes, 0.022157669067382812 seconds

Avg val. time: 0.0 hours, 0.0 minutes, 0.05473041534423828 seconds
Avg batch val. time: 0.01368260383605957 seconds
Avg sample val. time: 0.0017654972691689768 seconds
Epoch 10 Validation Summary: epoch: 10.000000 | loss: 1.459247 | accuracy: 0.258065 | precision: 0.224000 | 
Epoch 11 Training Summary: epoch: 11.000000 | loss: 1.406975 | 
Epoch runtime: 0.0 hours, 0.0 minutes, 0.46059727668762207 seconds

Avg epoch train. time: 0.0 hours, 0.0 minutes, 0.4613533020019531 seconds
Avg batch train. time: 0.013569214764763327 seconds
Avg sample train. time: 0.001702410708494292 seconds
Epoch 12 Training Summary: epoch: 12.000000 | loss: 1.316349 | 
Epoch runtime: 0.0 hours, 0.0 minutes, 0.44896769523620605 seconds

Avg epoch train. time: 0.0 hours, 0.0 minutes, 0.46032116810480755 seconds
Avg batch train. time: 0.013538857885435516 seconds
Avg sample train. time: 0.0016986020963277032 seconds
Evaluating on validation set ...
Validation runtime: 0.0 hours, 0.0 minutes, 0.021515607833862305 seconds

Avg val. time: 0.0 hours, 0.0 minutes, 0.050578564405441284 seconds
Avg batch val. time: 0.012644641101360321 seconds
Avg sample val. time: 0.0016315665937239124 seconds
Epoch 12 Validation Summary: epoch: 12.000000 | loss: 1.449825 | accuracy: 0.354839 | precision: 0.343203 | 
Epoch 13 Training Summary: epoch: 13.000000 | loss: 1.369693 | 
Epoch runtime: 0.0 hours, 0.0 minutes, 0.4429306983947754 seconds

Avg epoch train. time: 0.0 hours, 0.0 minutes, 0.4589834396655743 seconds
Avg batch train. time: 0.013499512931340421 seconds
Avg sample train. time: 0.0016936658290242594 seconds
Epoch 14 Training Summary: epoch: 14.000000 | loss: 1.324423 | 
Epoch runtime: 0.0 hours, 0.0 minutes, 0.4303627014160156 seconds

Avg epoch train. time: 0.0 hours, 0.0 minutes, 0.45693910121917725 seconds
Avg batch train. time: 0.013439385329975802 seconds
Avg sample train. time: 0.0016861221447202113 seconds
Evaluating on validation set ...
Validation runtime: 0.0 hours, 0.0 minutes, 0.017305850982666016 seconds

Avg val. time: 0.0 hours, 0.0 minutes, 0.04688159624735514 seconds
Avg batch val. time: 0.011720399061838785 seconds
Avg sample val. time: 0.001512309556366295 seconds
Epoch 14 Validation Summary: epoch: 14.000000 | loss: 1.417913 | accuracy: 0.290323 | precision: 0.255273 | 
Epoch 15 Training Summary: epoch: 15.000000 | loss: 1.360836 | 
Epoch runtime: 0.0 hours, 0.0 minutes, 0.4153633117675781 seconds

Avg epoch train. time: 0.0 hours, 0.0 minutes, 0.45416738192240397 seconds
Avg batch train. time: 0.013357864174188352 seconds
Avg sample train. time: 0.001675894398237653 seconds
Epoch 16 Training Summary: epoch: 16.000000 | loss: 1.256946 | 
Epoch runtime: 0.0 hours, 0.0 minutes, 0.43418288230895996 seconds

Avg epoch train. time: 0.0 hours, 0.0 minutes, 0.4529183506965637 seconds
Avg batch train. time: 0.01332112796166364 seconds
Avg sample train. time: 0.0016712854269245894 seconds
Evaluating on validation set ...
Validation runtime: 0.0 hours, 0.0 minutes, 0.01987481117248535 seconds

Avg val. time: 0.0 hours, 0.0 minutes, 0.04418091773986817 seconds
Avg batch val. time: 0.011045229434967042 seconds
Avg sample val. time: 0.001425190894834457 seconds
Epoch 16 Validation Summary: epoch: 16.000000 | loss: 1.344552 | accuracy: 0.387097 | precision: 0.360829 | 
Epoch 17 Training Summary: epoch: 17.000000 | loss: 1.174946 | 
Epoch runtime: 0.0 hours, 0.0 minutes, 0.4277992248535156 seconds

Avg epoch train. time: 0.0 hours, 0.0 minutes, 0.4514407550587374 seconds
Avg batch train. time: 0.013277669266433452 seconds
Avg sample train. time: 0.001665833044497186 seconds
Epoch 18 Training Summary: epoch: 18.000000 | loss: 1.244710 | 
Epoch runtime: 0.0 hours, 0.0 minutes, 0.42580533027648926 seconds

Avg epoch train. time: 0.0 hours, 0.0 minutes, 0.4500165647930569 seconds
Avg batch train. time: 0.01323578131744285 seconds
Avg sample train. time: 0.0016605777298636787 seconds
Evaluating on validation set ...
Validation runtime: 0.0 hours, 0.0 minutes, 0.014378070831298828 seconds

Avg val. time: 0.0 hours, 0.0 minutes, 0.04147156802090732 seconds
Avg batch val. time: 0.01036789200522683 seconds
Avg sample val. time: 0.0013377925168034618 seconds
Epoch 18 Validation Summary: epoch: 18.000000 | loss: 1.415504 | accuracy: 0.419355 | precision: 0.438710 | 
Epoch 19 Training Summary: epoch: 19.000000 | loss: 1.185690 | 
Epoch runtime: 0.0 hours, 0.0 minutes, 0.5141234397888184 seconds

Avg epoch train. time: 0.0 hours, 0.0 minutes, 0.4533906108454654 seconds
Avg batch train. time: 0.013335017966043099 seconds
Avg sample train. time: 0.0016730280843006103 seconds
Epoch 20 Training Summary: epoch: 20.000000 | loss: 1.209066 | 
Epoch runtime: 0.0 hours, 0.0 minutes, 0.516193151473999 seconds

Avg epoch train. time: 0.0 hours, 0.0 minutes, 0.4565307378768921 seconds
Avg batch train. time: 0.013427374643438003 seconds
Avg sample train. time: 0.001684615268918421 seconds
Evaluating on validation set ...
Validation runtime: 0.0 hours, 0.0 minutes, 0.02098989486694336 seconds

Avg val. time: 0.0 hours, 0.0 minutes, 0.03976476192474365 seconds
Avg batch val. time: 0.009941190481185913 seconds
Avg sample val. time: 0.001282734255636892 seconds
Epoch 20 Validation Summary: epoch: 20.000000 | loss: 1.328897 | accuracy: 0.387097 | precision: 0.298729 | 
Epoch 21 Training Summary: epoch: 21.000000 | loss: 1.144293 | 
Epoch runtime: 0.0 hours, 0.0 minutes, 0.4680500030517578 seconds

Avg epoch train. time: 0.0 hours, 0.0 minutes, 0.4570792743137905 seconds
Avg batch train. time: 0.01344350806805266 seconds
Avg sample train. time: 0.001686639388611773 seconds
Epoch 22 Training Summary: epoch: 22.000000 | loss: 1.111250 | 
Epoch runtime: 0.0 hours, 0.0 minutes, 0.4723074436187744 seconds

Avg epoch train. time: 0.0 hours, 0.0 minutes, 0.4577714638276534 seconds
Avg batch train. time: 0.013463866583166275 seconds
Avg sample train. time: 0.0016891935934599755 seconds
Evaluating on validation set ...
Validation runtime: 0.0 hours, 0.0 minutes, 0.01864147186279297 seconds

Avg val. time: 0.0 hours, 0.0 minutes, 0.03813989345843975 seconds
Avg batch val. time: 0.009534973364609938 seconds
Avg sample val. time: 0.0012303191438206372 seconds
Epoch 22 Validation Summary: epoch: 22.000000 | loss: 1.414062 | accuracy: 0.387097 | precision: 0.306452 | 
Epoch 23 Training Summary: epoch: 23.000000 | loss: 1.100065 | 
Epoch runtime: 0.0 hours, 0.0 minutes, 0.4472177028656006 seconds

Avg epoch train. time: 0.0 hours, 0.0 minutes, 0.4573126046553902 seconds
Avg batch train. time: 0.013450370725158535 seconds
Avg sample train. time: 0.0016875003861822517 seconds
Epoch 24 Training Summary: epoch: 24.000000 | loss: 1.105039 | 
Epoch runtime: 0.0 hours, 0.0 minutes, 0.51096510887146 seconds

Avg epoch train. time: 0.0 hours, 0.0 minutes, 0.4595481256643931 seconds
Avg batch train. time: 0.013516121343070385 seconds
Avg sample train. time: 0.0016957495411970226 seconds
Evaluating on validation set ...
Validation runtime: 0.0 hours, 0.0 minutes, 0.02271580696105957 seconds

Avg val. time: 0.0 hours, 0.0 minutes, 0.037038172994341166 seconds
Avg batch val. time: 0.009259543248585292 seconds
Avg sample val. time: 0.0011947797740110054 seconds
Epoch 24 Validation Summary: epoch: 24.000000 | loss: 1.403221 | accuracy: 0.354839 | precision: 0.282677 | 
Epoch 25 Training Summary: epoch: 25.000000 | loss: 1.053699 | 
Epoch runtime: 0.0 hours, 0.0 minutes, 0.47927117347717285 seconds

Avg epoch train. time: 0.0 hours, 0.0 minutes, 0.4603370475769043 seconds
Avg batch train. time: 0.01353932492873248 seconds
Avg sample train. time: 0.0016986606921656985 seconds
Epoch 26 Training Summary: epoch: 26.000000 | loss: 1.059482 | 
Epoch runtime: 0.0 hours, 0.0 minutes, 0.44397926330566406 seconds

Avg epoch train. time: 0.0 hours, 0.0 minutes, 0.45970790202801043 seconds
Avg batch train. time: 0.01352082064788266 seconds
Avg sample train. time: 0.0016963391218745773 seconds
Evaluating on validation set ...
Validation runtime: 0.0 hours, 0.0 minutes, 0.01799321174621582 seconds

Avg val. time: 0.0 hours, 0.0 minutes, 0.03576850891113281 seconds
Avg batch val. time: 0.008942127227783203 seconds
Avg sample val. time: 0.0011538228681010584 seconds
Epoch 26 Validation Summary: epoch: 26.000000 | loss: 1.264005 | accuracy: 0.354839 | precision: 0.303226 | 
Epoch 27 Training Summary: epoch: 27.000000 | loss: 0.984706 | 
Epoch runtime: 0.0 hours, 0.0 minutes, 0.43595433235168457 seconds

Avg epoch train. time: 0.0 hours, 0.0 minutes, 0.4588281401881465 seconds
Avg batch train. time: 0.013494945299651367 seconds
Avg sample train. time: 0.0016930927682219429 seconds
Epoch 28 Training Summary: epoch: 28.000000 | loss: 0.992106 | 
Epoch runtime: 0.0 hours, 0.0 minutes, 0.44905567169189453 seconds

Avg epoch train. time: 0.0 hours, 0.0 minutes, 0.4584791234561375 seconds
Avg batch train. time: 0.013484680101651103 seconds
Avg sample train. time: 0.0016918048836019833 seconds
Evaluating on validation set ...
Validation runtime: 0.0 hours, 0.0 minutes, 0.018324851989746094 seconds

Avg val. time: 0.0 hours, 0.0 minutes, 0.03467828035354614 seconds
Avg batch val. time: 0.008669570088386536 seconds
Avg sample val. time: 0.0011186542049531013 seconds
Epoch 28 Validation Summary: epoch: 28.000000 | loss: 1.540822 | accuracy: 0.290323 | precision: 0.212607 | 
Epoch 29 Training Summary: epoch: 29.000000 | loss: 1.028744 | 
Epoch runtime: 0.0 hours, 0.0 minutes, 0.44094061851501465 seconds

Avg epoch train. time: 0.0 hours, 0.0 minutes, 0.457874347423685 seconds
Avg batch train. time: 0.013466892571284852 seconds
Avg sample train. time: 0.0016895732377257748 seconds
Epoch 30 Training Summary: epoch: 30.000000 | loss: 1.037868 | 
Epoch runtime: 0.0 hours, 0.0 minutes, 0.4277942180633545 seconds

Avg epoch train. time: 0.0 hours, 0.0 minutes, 0.4568716764450073 seconds
Avg batch train. time: 0.013437402248382567 seconds
Avg sample train. time: 0.0016858733448155252 seconds
Evaluating on validation set ...
Validation runtime: 0.0 hours, 0.0 minutes, 0.020919322967529297 seconds

Avg val. time: 0.0 hours, 0.0 minutes, 0.033868929919074565 seconds
Avg batch val. time: 0.008467232479768641 seconds
Avg sample val. time: 0.0010925461264217602 seconds
Epoch 30 Validation Summary: epoch: 30.000000 | loss: 1.381047 | accuracy: 0.290323 | precision: 0.304147 | 
Epoch 31 Training Summary: epoch: 31.000000 | loss: 0.928184 | 
Epoch runtime: 0.0 hours, 0.0 minutes, 0.43566370010375977 seconds

Avg epoch train. time: 0.0 hours, 0.0 minutes, 0.4561875481759348 seconds
Avg batch train. time: 0.013417280828703965 seconds
Avg sample train. time: 0.001683348886258062 seconds
Epoch 32 Training Summary: epoch: 32.000000 | loss: 1.045548 | 
Epoch runtime: 0.0 hours, 0.0 minutes, 0.48554420471191406 seconds

Avg epoch train. time: 0.0 hours, 0.0 minutes, 0.4571049436926842 seconds
Avg batch train. time: 0.013444263049784829 seconds
Avg sample train. time: 0.0016867341095671002 seconds
Evaluating on validation set ...
Validation runtime: 0.0 hours, 0.0 minutes, 0.017389535903930664 seconds

Avg val. time: 0.0 hours, 0.0 minutes, 0.03295340802934435 seconds
Avg batch val. time: 0.008238352007336087 seconds
Avg sample val. time: 0.0010630131622369145 seconds
Epoch 32 Validation Summary: epoch: 32.000000 | loss: 1.606452 | accuracy: 0.290323 | precision: 0.293333 | 
Epoch 33 Training Summary: epoch: 33.000000 | loss: 0.902532 | 
Epoch runtime: 0.0 hours, 0.0 minutes, 0.4082372188568115 seconds

Avg epoch train. time: 0.0 hours, 0.0 minutes, 0.4556241035461426 seconds
Avg batch train. time: 0.013400708927827723 seconds
Avg sample train. time: 0.001681269754782814 seconds
Epoch 34 Training Summary: epoch: 34.000000 | loss: 1.056069 | 
Epoch runtime: 0.0 hours, 0.0 minutes, 0.4468851089477539 seconds

Avg epoch train. time: 0.0 hours, 0.0 minutes, 0.4553670742932488 seconds
Avg batch train. time: 0.013393149243919083 seconds
Avg sample train. time: 0.0016803213073551615 seconds
Evaluating on validation set ...
Validation runtime: 0.0 hours, 0.0 minutes, 0.020825624465942383 seconds

Avg val. time: 0.0 hours, 0.0 minutes, 0.03231510363127056 seconds
Avg batch val. time: 0.00807877590781764 seconds
Avg sample val. time: 0.0010424226977829214 seconds
Epoch 34 Validation Summary: epoch: 34.000000 | loss: 1.228963 | accuracy: 0.451613 | precision: 0.444368 | 
Epoch 35 Training Summary: epoch: 35.000000 | loss: 0.912934 | 
Epoch runtime: 0.0 hours, 0.0 minutes, 0.4607522487640381 seconds

Avg epoch train. time: 0.0 hours, 0.0 minutes, 0.4555209364209856 seconds
Avg batch train. time: 0.013397674600617224 seconds
Avg sample train. time: 0.0016808890642840799 seconds
Epoch 36 Training Summary: epoch: 36.000000 | loss: 0.862855 | 
Epoch runtime: 0.0 hours, 0.0 minutes, 0.43611788749694824 seconds

Avg epoch train. time: 0.0 hours, 0.0 minutes, 0.4549819628397624 seconds
Avg batch train. time: 0.0133818224364636 seconds
Avg sample train. time: 0.001678900231881042 seconds
Evaluating on validation set ...
Validation runtime: 0.0 hours, 0.0 minutes, 0.017296314239501953 seconds

Avg val. time: 0.0 hours, 0.0 minutes, 0.03156416416168213 seconds
Avg batch val. time: 0.007891041040420533 seconds
Avg sample val. time: 0.0010181988439252302 seconds
Epoch 36 Validation Summary: epoch: 36.000000 | loss: 1.286091 | accuracy: 0.419355 | precision: 0.590323 | 
Epoch 37 Training Summary: epoch: 37.000000 | loss: 0.741593 | 
Epoch runtime: 0.0 hours, 0.0 minutes, 0.42424535751342773 seconds

Avg epoch train. time: 0.0 hours, 0.0 minutes, 0.4541512437768885 seconds
Avg batch train. time: 0.013357389522849662 seconds
Avg sample train. time: 0.0016758348478851973 seconds
Epoch 38 Training Summary: epoch: 38.000000 | loss: 0.822320 | 
Epoch runtime: 0.0 hours, 0.0 minutes, 0.4160904884338379 seconds

Avg epoch train. time: 0.0 hours, 0.0 minutes, 0.45314964495207133 seconds
Avg batch train. time: 0.013327930733884451 seconds
Avg sample train. time: 0.0016721389112622559 seconds
Evaluating on validation set ...
Validation runtime: 0.0 hours, 0.0 minutes, 0.018359899520874023 seconds

Avg val. time: 0.0 hours, 0.0 minutes, 0.03093538965497698 seconds
Avg batch val. time: 0.007733847413744245 seconds
Avg sample val. time: 0.000997915795321838 seconds
Epoch 38 Validation Summary: epoch: 38.000000 | loss: 1.604321 | accuracy: 0.419355 | precision: 0.459273 | 
Epoch 39 Training Summary: epoch: 39.000000 | loss: 0.786719 | 
Epoch runtime: 0.0 hours, 0.0 minutes, 0.4335310459136963 seconds

Avg epoch train. time: 0.0 hours, 0.0 minutes, 0.45264660395108736 seconds
Avg batch train. time: 0.013313135410326098 seconds
Avg sample train. time: 0.0016702826714062263 seconds
Epoch 40 Training Summary: epoch: 40.000000 | loss: 0.881121 | 
Epoch runtime: 0.0 hours, 0.0 minutes, 0.4001655578613281 seconds

Avg epoch train. time: 0.0 hours, 0.0 minutes, 0.4513345777988434 seconds
Avg batch train. time: 0.013274546405848336 seconds
Avg sample train. time: 0.001665441246490197 seconds
Evaluating on validation set ...
Validation runtime: 0.0 hours, 0.0 minutes, 0.018602609634399414 seconds

Avg val. time: 0.0 hours, 0.0 minutes, 0.03037480874495073 seconds
Avg batch val. time: 0.007593702186237682 seconds
Avg sample val. time: 0.000979832540159701 seconds
Epoch 40 Validation Summary: epoch: 40.000000 | loss: 1.596369 | accuracy: 0.354839 | precision: 0.305865 | 
Best accuracy was 0.45161290322580644. Other metrics: OrderedDict([('epoch', 34), ('loss', 1.2289633289460213), ('accuracy', 0.45161290322580644), ('precision', 0.44436813186813184)])
All Done!
Total runtime: 0.0 hours, 0.0 minutes, 25.76526165008545 seconds

