Running:
src/main_5q.py --output_dir experiments --comment classification from Scratch --name VRS_fromScratch --records_file VRS_records.xls --data_dir /mnt/d/OneDrive - Southern Methodist University/Phone_Privacy/input_feature/opticalflow_downsample_480p_s22 --data_class vrs --val_ratio 0.1 --epochs 40 --lr 0.001 --dropout 0.2 --batch_size 8 --num_layers 3 --num_heads 4 --optimizer RAdam --pos_encoding learnable --task classification --normalization none --key_metric accuracy

Using device: cuda
Loading and preprocessing data ...
68 samples may be used for training
8 samples will be used for validation
0 samples will be used for testing
Creating model ...
Model:
TSTransformerEncoderClassiregressor(
  (project_inp): Linear(in_features=8, out_features=64, bias=True)
  (pos_enc): LearnablePositionalEncoding(
    (dropout): Dropout(p=0.2, inplace=False)
  )
  (transformer_encoder): TransformerEncoder(
    (layers): ModuleList(
      (0-2): 3 x TransformerBatchNormEncoderLayer(
        (self_attn): MultiheadAttention(
          (out_proj): NonDynamicallyQuantizableLinear(in_features=64, out_features=64, bias=True)
        )
        (linear1): Linear(in_features=64, out_features=256, bias=True)
        (dropout): Dropout(p=0.2, inplace=False)
        (linear2): Linear(in_features=256, out_features=64, bias=True)
        (norm1): BatchNorm1d(64, eps=1e-05, momentum=0.1, affine=True, track_running_stats=True)
        (norm2): BatchNorm1d(64, eps=1e-05, momentum=0.1, affine=True, track_running_stats=True)
        (dropout1): Dropout(p=0.2, inplace=False)
        (dropout2): Dropout(p=0.2, inplace=False)
      )
    )
  )
  (dropout1): Dropout(p=0.2, inplace=False)
  (output_layer): Linear(in_features=5120, out_features=5, bias=True)
)
Total number of parameters: 181253
Trainable parameters: 181253
Evaluating on validation set ...
Validation runtime: 0.0 hours, 0.0 minutes, 0.36269593238830566 seconds

Avg val. time: 0.0 hours, 0.0 minutes, 0.36269593238830566 seconds
Avg batch val. time: 0.36269593238830566 seconds
Avg sample val. time: 0.04533699154853821 seconds
Epoch 0 Validation Summary: epoch: 0.000000 | loss: 15.674791 | accuracy: 0.250000 | precision: 0.190476 | 
Starting training...
Epoch 1 Training Summary: epoch: 1.000000 | loss: 1.694322 | 
Epoch runtime: 0.0 hours, 0.0 minutes, 0.301973819732666 seconds

Avg epoch train. time: 0.0 hours, 0.0 minutes, 0.301973819732666 seconds
Avg batch train. time: 0.03355264663696289 seconds
Avg sample train. time: 0.004440791466656853 seconds
Evaluating on validation set ...
Validation runtime: 0.0 hours, 0.0 minutes, 0.006615638732910156 seconds

Avg val. time: 0.0 hours, 0.0 minutes, 0.1846557855606079 seconds
Avg batch val. time: 0.1846557855606079 seconds
Avg sample val. time: 0.02308197319507599 seconds
Epoch 1 Validation Summary: epoch: 1.000000 | loss: 1.873307 | accuracy: 0.125000 | precision: 0.083333 | 
Epoch 2 Training Summary: epoch: 2.000000 | loss: 1.563451 | 
Epoch runtime: 0.0 hours, 0.0 minutes, 0.08962321281433105 seconds

Avg epoch train. time: 0.0 hours, 0.0 minutes, 0.19579851627349854 seconds
Avg batch train. time: 0.021755390697055392 seconds
Avg sample train. time: 0.002879389945198508 seconds
Evaluating on validation set ...
Validation runtime: 0.0 hours, 0.0 minutes, 0.008470773696899414 seconds

Avg val. time: 0.0 hours, 0.0 minutes, 0.12592744827270508 seconds
Avg batch val. time: 0.12592744827270508 seconds
Avg sample val. time: 0.015740931034088135 seconds
Epoch 2 Validation Summary: epoch: 2.000000 | loss: 1.783766 | accuracy: 0.000000 | precision: 0.000000 | 
Epoch 3 Training Summary: epoch: 3.000000 | loss: 1.466131 | 
Epoch runtime: 0.0 hours, 0.0 minutes, 0.09328436851501465 seconds

Avg epoch train. time: 0.0 hours, 0.0 minutes, 0.16162713368733725 seconds
Avg batch train. time: 0.01795857040970414 seconds
Avg sample train. time: 0.002376869613049077 seconds
Epoch 4 Training Summary: epoch: 4.000000 | loss: 1.441678 | 
Epoch runtime: 0.0 hours, 0.0 minutes, 0.08614444732666016 seconds

Avg epoch train. time: 0.0 hours, 0.0 minutes, 0.14275646209716797 seconds
Avg batch train. time: 0.01586182912190755 seconds
Avg sample train. time: 0.0020993597367230583 seconds
Evaluating on validation set ...
Validation runtime: 0.0 hours, 0.0 minutes, 0.006943464279174805 seconds

Avg val. time: 0.0 hours, 0.0 minutes, 0.09618145227432251 seconds
Avg batch val. time: 0.09618145227432251 seconds
Avg sample val. time: 0.012022681534290314 seconds
Epoch 4 Validation Summary: epoch: 4.000000 | loss: 1.685733 | accuracy: 0.250000 | precision: 0.166667 | 
Epoch 5 Training Summary: epoch: 5.000000 | loss: 1.378407 | 
Epoch runtime: 0.0 hours, 0.0 minutes, 0.0903475284576416 seconds

Avg epoch train. time: 0.0 hours, 0.0 minutes, 0.13227467536926268 seconds
Avg batch train. time: 0.014697186152140298 seconds
Avg sample train. time: 0.001945215814253863 seconds
Epoch 6 Training Summary: epoch: 6.000000 | loss: 1.340623 | 
Epoch runtime: 0.0 hours, 0.0 minutes, 0.08700037002563477 seconds

Avg epoch train. time: 0.0 hours, 0.0 minutes, 0.12472895781199138 seconds
Avg batch train. time: 0.013858773090221264 seconds
Avg sample train. time: 0.0018342493795881086 seconds
Evaluating on validation set ...
Validation runtime: 0.0 hours, 0.0 minutes, 0.00629878044128418 seconds

Avg val. time: 0.0 hours, 0.0 minutes, 0.07820491790771485 seconds
Avg batch val. time: 0.07820491790771485 seconds
Avg sample val. time: 0.009775614738464356 seconds
Epoch 6 Validation Summary: epoch: 6.000000 | loss: 1.667361 | accuracy: 0.250000 | precision: 0.166667 | 
Epoch 7 Training Summary: epoch: 7.000000 | loss: 1.255993 | 
Epoch runtime: 0.0 hours, 0.0 minutes, 0.10831904411315918 seconds

Avg epoch train. time: 0.0 hours, 0.0 minutes, 0.12238468442644392 seconds
Avg batch train. time: 0.01359829826960488 seconds
Avg sample train. time: 0.0017997747709771164 seconds
Epoch 8 Training Summary: epoch: 8.000000 | loss: 1.175366 | 
Epoch runtime: 0.0 hours, 0.0 minutes, 0.0939474105834961 seconds

Avg epoch train. time: 0.0 hours, 0.0 minutes, 0.11883002519607544 seconds
Avg batch train. time: 0.01320333613289727 seconds
Avg sample train. time: 0.0017475003705305211 seconds
Evaluating on validation set ...
Validation runtime: 0.0 hours, 0.0 minutes, 0.006884574890136719 seconds

Avg val. time: 0.0 hours, 0.0 minutes, 0.06631819407145183 seconds
Avg batch val. time: 0.06631819407145183 seconds
Avg sample val. time: 0.008289774258931478 seconds
Epoch 8 Validation Summary: epoch: 8.000000 | loss: 1.712803 | accuracy: 0.375000 | precision: 0.277778 | 
Epoch 9 Training Summary: epoch: 9.000000 | loss: 1.090008 | 
Epoch runtime: 0.0 hours, 0.0 minutes, 0.09121894836425781 seconds

Avg epoch train. time: 0.0 hours, 0.0 minutes, 0.11576212777031793 seconds
Avg batch train. time: 0.012862458641146437 seconds
Avg sample train. time: 0.0017023842319164402 seconds
Epoch 10 Training Summary: epoch: 10.000000 | loss: 1.088165 | 
Epoch runtime: 0.0 hours, 0.0 minutes, 0.08511924743652344 seconds

Avg epoch train. time: 0.0 hours, 0.0 minutes, 0.11269783973693848 seconds
Avg batch train. time: 0.012521982192993164 seconds
Avg sample train. time: 0.0016573211726020364 seconds
Evaluating on validation set ...
Validation runtime: 0.0 hours, 0.0 minutes, 0.007094383239746094 seconds

Avg val. time: 0.0 hours, 0.0 minutes, 0.05785764966692243 seconds
Avg batch val. time: 0.05785764966692243 seconds
Avg sample val. time: 0.007232206208365304 seconds
Epoch 10 Validation Summary: epoch: 10.000000 | loss: 1.796805 | accuracy: 0.375000 | precision: 0.277778 | 
Epoch 11 Training Summary: epoch: 11.000000 | loss: 1.005226 | 
Epoch runtime: 0.0 hours, 0.0 minutes, 0.08881568908691406 seconds

Avg epoch train. time: 0.0 hours, 0.0 minutes, 0.11052673513239081 seconds
Avg batch train. time: 0.012280748348043423 seconds
Avg sample train. time: 0.0016253931637116295 seconds
Epoch 12 Training Summary: epoch: 12.000000 | loss: 0.977946 | 
Epoch runtime: 0.0 hours, 0.0 minutes, 0.08933115005493164 seconds

Avg epoch train. time: 0.0 hours, 0.0 minutes, 0.10876043637593587 seconds
Avg batch train. time: 0.012084492930659541 seconds
Avg sample train. time: 0.001599418181999057 seconds
Evaluating on validation set ...
Validation runtime: 0.0 hours, 0.0 minutes, 0.008953332901000977 seconds

Avg val. time: 0.0 hours, 0.0 minutes, 0.05174461007118225 seconds
Avg batch val. time: 0.05174461007118225 seconds
Avg sample val. time: 0.006468076258897781 seconds
Epoch 12 Validation Summary: epoch: 12.000000 | loss: 1.724205 | accuracy: 0.250000 | precision: 0.166667 | 
Epoch 13 Training Summary: epoch: 13.000000 | loss: 0.837199 | 
Epoch runtime: 0.0 hours, 0.0 minutes, 0.09203767776489258 seconds

Avg epoch train. time: 0.0 hours, 0.0 minutes, 0.10747407032893254 seconds
Avg batch train. time: 0.011941563369881393 seconds
Avg sample train. time: 0.001580501034249008 seconds
Epoch 14 Training Summary: epoch: 14.000000 | loss: 0.785737 | 
Epoch runtime: 0.0 hours, 0.0 minutes, 0.08782148361206055 seconds

Avg epoch train. time: 0.0 hours, 0.0 minutes, 0.10607031413487025 seconds
Avg batch train. time: 0.011785590459430027 seconds
Avg sample train. time: 0.0015598575608069154 seconds
Evaluating on validation set ...
Validation runtime: 0.0 hours, 0.0 minutes, 0.009210348129272461 seconds

Avg val. time: 0.0 hours, 0.0 minutes, 0.04701858096652561 seconds
Avg batch val. time: 0.04701858096652561 seconds
Avg sample val. time: 0.005877322620815701 seconds
Epoch 14 Validation Summary: epoch: 14.000000 | loss: 1.955837 | accuracy: 0.250000 | precision: 0.138889 | 
Epoch 15 Training Summary: epoch: 15.000000 | loss: 0.769214 | 
Epoch runtime: 0.0 hours, 0.0 minutes, 0.08674263954162598 seconds

Avg epoch train. time: 0.0 hours, 0.0 minutes, 0.10478180249532064 seconds
Avg batch train. time: 0.011642422499480071 seconds
Avg sample train. time: 0.0015409088602253034 seconds
Epoch 16 Training Summary: epoch: 16.000000 | loss: 0.713973 | 
Epoch runtime: 0.0 hours, 0.0 minutes, 0.09096598625183105 seconds

Avg epoch train. time: 0.0 hours, 0.0 minutes, 0.10391831398010254 seconds
Avg batch train. time: 0.011546479331122505 seconds
Avg sample train. time: 0.0015282104997073904 seconds
Evaluating on validation set ...
Validation runtime: 0.0 hours, 0.0 minutes, 0.007312774658203125 seconds

Avg val. time: 0.0 hours, 0.0 minutes, 0.04304800033569336 seconds
Avg batch val. time: 0.04304800033569336 seconds
Avg sample val. time: 0.00538100004196167 seconds
Epoch 16 Validation Summary: epoch: 16.000000 | loss: 2.164466 | accuracy: 0.250000 | precision: 0.138889 | 
Epoch 17 Training Summary: epoch: 17.000000 | loss: 0.681527 | 
Epoch runtime: 0.0 hours, 0.0 minutes, 0.09574532508850098 seconds

Avg epoch train. time: 0.0 hours, 0.0 minutes, 0.10343754992765539 seconds
Avg batch train. time: 0.01149306110307282 seconds
Avg sample train. time: 0.0015211404401125792 seconds
Epoch 18 Training Summary: epoch: 18.000000 | loss: 0.580582 | 
Epoch runtime: 0.0 hours, 0.0 minutes, 0.09400296211242676 seconds

Avg epoch train. time: 0.0 hours, 0.0 minutes, 0.10291340616014269 seconds
Avg batch train. time: 0.011434822906682521 seconds
Avg sample train. time: 0.0015134324435315102 seconds
Evaluating on validation set ...
Validation runtime: 0.0 hours, 0.0 minutes, 0.006989955902099609 seconds

Avg val. time: 0.0 hours, 0.0 minutes, 0.03976999629627575 seconds
Avg batch val. time: 0.03976999629627575 seconds
Avg sample val. time: 0.004971249537034469 seconds
Epoch 18 Validation Summary: epoch: 18.000000 | loss: 2.372255 | accuracy: 0.250000 | precision: 0.166667 | 
Epoch 19 Training Summary: epoch: 19.000000 | loss: 0.572693 | 
Epoch runtime: 0.0 hours, 0.0 minutes, 0.0921628475189209 seconds

Avg epoch train. time: 0.0 hours, 0.0 minutes, 0.1023475872842889 seconds
Avg batch train. time: 0.011371954142698766 seconds
Avg sample train. time: 0.001505111577710131 seconds
Epoch 20 Training Summary: epoch: 20.000000 | loss: 0.506431 | 
Epoch runtime: 0.0 hours, 0.0 minutes, 0.09090185165405273 seconds

Avg epoch train. time: 0.0 hours, 0.0 minutes, 0.1017753005027771 seconds
Avg batch train. time: 0.011308366722530789 seconds
Avg sample train. time: 0.0014966955956290749 seconds
Evaluating on validation set ...
Validation runtime: 0.0 hours, 0.0 minutes, 0.00667572021484375 seconds

Avg val. time: 0.0 hours, 0.0 minutes, 0.03701213995615641 seconds
Avg batch val. time: 0.03701213995615641 seconds
Avg sample val. time: 0.004626517494519551 seconds
Epoch 20 Validation Summary: epoch: 20.000000 | loss: 2.426100 | accuracy: 0.250000 | precision: 0.166667 | 
Epoch 21 Training Summary: epoch: 21.000000 | loss: 0.485851 | 
Epoch runtime: 0.0 hours, 0.0 minutes, 0.09597015380859375 seconds

Avg epoch train. time: 0.0 hours, 0.0 minutes, 0.10149886494591123 seconds
Avg batch train. time: 0.011277651660656803 seconds
Avg sample train. time: 0.0014926303668516359 seconds
Epoch 22 Training Summary: epoch: 22.000000 | loss: 0.530853 | 
Epoch runtime: 0.0 hours, 0.0 minutes, 0.09621429443359375 seconds

Avg epoch train. time: 0.0 hours, 0.0 minutes, 0.10125865719535133 seconds
Avg batch train. time: 0.011250961910594593 seconds
Avg sample train. time: 0.0014890978999316372 seconds
Evaluating on validation set ...
Validation runtime: 0.0 hours, 0.0 minutes, 0.0068056583404541016 seconds

Avg val. time: 0.0 hours, 0.0 minutes, 0.03468856444725624 seconds
Avg batch val. time: 0.03468856444725624 seconds
Avg sample val. time: 0.00433607055590703 seconds
Epoch 22 Validation Summary: epoch: 22.000000 | loss: 2.769893 | accuracy: 0.250000 | precision: 0.138889 | 
Epoch 23 Training Summary: epoch: 23.000000 | loss: 0.405805 | 
Epoch runtime: 0.0 hours, 0.0 minutes, 0.09281778335571289 seconds

Avg epoch train. time: 0.0 hours, 0.0 minutes, 0.10089166268058446 seconds
Avg batch train. time: 0.011210184742287162 seconds
Avg sample train. time: 0.0014837009217733008 seconds
Epoch 24 Training Summary: epoch: 24.000000 | loss: 0.371807 | 
Epoch runtime: 0.0 hours, 0.0 minutes, 0.10452699661254883 seconds

Avg epoch train. time: 0.0 hours, 0.0 minutes, 0.10104313492774963 seconds
Avg batch train. time: 0.011227014991972182 seconds
Avg sample train. time: 0.0014859284548198477 seconds
Evaluating on validation set ...
Validation runtime: 0.0 hours, 0.0 minutes, 0.011255979537963867 seconds

Avg val. time: 0.0 hours, 0.0 minutes, 0.03301480838230678 seconds
Avg batch val. time: 0.03301480838230678 seconds
Avg sample val. time: 0.004126851047788348 seconds
Epoch 24 Validation Summary: epoch: 24.000000 | loss: 2.832466 | accuracy: 0.250000 | precision: 0.138889 | 
Epoch 25 Training Summary: epoch: 25.000000 | loss: 0.325952 | 
Epoch runtime: 0.0 hours, 0.0 minutes, 0.08951687812805176 seconds

Avg epoch train. time: 0.0 hours, 0.0 minutes, 0.10058208465576172 seconds
Avg batch train. time: 0.011175787183973525 seconds
Avg sample train. time: 0.0014791483037612017 seconds
Epoch 26 Training Summary: epoch: 26.000000 | loss: 0.308530 | 
Epoch runtime: 0.0 hours, 0.0 minutes, 0.09849095344543457 seconds

Avg epoch train. time: 0.0 hours, 0.0 minutes, 0.1005016565322876 seconds
Avg batch train. time: 0.011166850725809732 seconds
Avg sample train. time: 0.0014779655372395234 seconds
Evaluating on validation set ...
Validation runtime: 0.0 hours, 0.0 minutes, 0.009679794311523438 seconds

Avg val. time: 0.0 hours, 0.0 minutes, 0.03145914077758789 seconds
Avg batch val. time: 0.03145914077758789 seconds
Avg sample val. time: 0.003932392597198487 seconds
Epoch 26 Validation Summary: epoch: 26.000000 | loss: 2.983148 | accuracy: 0.250000 | precision: 0.166667 | 
Epoch 27 Training Summary: epoch: 27.000000 | loss: 0.314522 | 
Epoch runtime: 0.0 hours, 0.0 minutes, 0.10204291343688965 seconds

Avg epoch train. time: 0.0 hours, 0.0 minutes, 0.10055874012134693 seconds
Avg batch train. time: 0.011173193346816325 seconds
Avg sample train. time: 0.0014788050017845136 seconds
Epoch 28 Training Summary: epoch: 28.000000 | loss: 0.290311 | 
Epoch runtime: 0.0 hours, 0.0 minutes, 0.09450459480285645 seconds

Avg epoch train. time: 0.0 hours, 0.0 minutes, 0.10034252064568656 seconds
Avg batch train. time: 0.01114916896063184 seconds
Avg sample train. time: 0.0014756253036130376 seconds
Evaluating on validation set ...
Validation runtime: 0.0 hours, 0.0 minutes, 0.006693601608276367 seconds

Avg val. time: 0.0 hours, 0.0 minutes, 0.02991129457950592 seconds
Avg batch val. time: 0.02991129457950592 seconds
Avg sample val. time: 0.00373891182243824 seconds
Epoch 28 Validation Summary: epoch: 28.000000 | loss: 3.000642 | accuracy: 0.375000 | precision: 0.375000 | 
Epoch 29 Training Summary: epoch: 29.000000 | loss: 0.262876 | 
Epoch runtime: 0.0 hours, 0.0 minutes, 0.09857010841369629 seconds

Avg epoch train. time: 0.0 hours, 0.0 minutes, 0.10028140298251448 seconds
Avg batch train. time: 0.011142378109168275 seconds
Avg sample train. time: 0.0014747265144487423 seconds
Epoch 30 Training Summary: epoch: 30.000000 | loss: 0.219126 | 
Epoch runtime: 0.0 hours, 0.0 minutes, 0.10346055030822754 seconds

Avg epoch train. time: 0.0 hours, 0.0 minutes, 0.10038737456003825 seconds
Avg batch train. time: 0.011154152728893139 seconds
Avg sample train. time: 0.0014762849200005625 seconds
Evaluating on validation set ...
Validation runtime: 0.0 hours, 0.0 minutes, 0.00695490837097168 seconds

Avg val. time: 0.0 hours, 0.0 minutes, 0.028560918920180377 seconds
Avg batch val. time: 0.028560918920180377 seconds
Avg sample val. time: 0.003570114865022547 seconds
Epoch 30 Validation Summary: epoch: 30.000000 | loss: 3.440618 | accuracy: 0.375000 | precision: 0.375000 | 
Epoch 31 Training Summary: epoch: 31.000000 | loss: 0.203706 | 
Epoch runtime: 0.0 hours, 0.0 minutes, 0.10081195831298828 seconds

Avg epoch train. time: 0.0 hours, 0.0 minutes, 0.10040107081013341 seconds
Avg batch train. time: 0.011155674534459268 seconds
Avg sample train. time: 0.0014764863354431385 seconds
Epoch 32 Training Summary: epoch: 32.000000 | loss: 0.239364 | 
Epoch runtime: 0.0 hours, 0.0 minutes, 0.09050989151000977 seconds

Avg epoch train. time: 0.0 hours, 0.0 minutes, 0.10009197145700455 seconds
Avg batch train. time: 0.011121330161889395 seconds
Avg sample train. time: 0.001471940756720655 seconds
Evaluating on validation set ...
Validation runtime: 0.0 hours, 0.0 minutes, 0.007456302642822266 seconds

Avg val. time: 0.0 hours, 0.0 minutes, 0.027388440238104925 seconds
Avg batch val. time: 0.027388440238104925 seconds
Avg sample val. time: 0.0034235550297631156 seconds
Epoch 32 Validation Summary: epoch: 32.000000 | loss: 3.858088 | accuracy: 0.375000 | precision: 0.375000 | 
Epoch 33 Training Summary: epoch: 33.000000 | loss: 0.242320 | 
Epoch runtime: 0.0 hours, 0.0 minutes, 0.09213614463806152 seconds

Avg epoch train. time: 0.0 hours, 0.0 minutes, 0.09985088579582446 seconds
Avg batch train. time: 0.011094542866202718 seconds
Avg sample train. time: 0.0014683953793503597 seconds
Epoch 34 Training Summary: epoch: 34.000000 | loss: 0.199592 | 
Epoch runtime: 0.0 hours, 0.0 minutes, 0.11164116859436035 seconds

Avg epoch train. time: 0.0 hours, 0.0 minutes, 0.10019765881931081 seconds
Avg batch train. time: 0.011133073202145646 seconds
Avg sample train. time: 0.0014734949826369238 seconds
Evaluating on validation set ...
Validation runtime: 0.0 hours, 0.0 minutes, 0.007160663604736328 seconds

Avg val. time: 0.0 hours, 0.0 minutes, 0.026323820415296052 seconds
Avg batch val. time: 0.026323820415296052 seconds
Avg sample val. time: 0.0032904775519120065 seconds
Epoch 34 Validation Summary: epoch: 34.000000 | loss: 2.940100 | accuracy: 0.375000 | precision: 0.333333 | 
Epoch 35 Training Summary: epoch: 35.000000 | loss: 0.186414 | 
Epoch runtime: 0.0 hours, 0.0 minutes, 0.09854435920715332 seconds

Avg epoch train. time: 0.0 hours, 0.0 minutes, 0.10015042168753488 seconds
Avg batch train. time: 0.01112782463194832 seconds
Avg sample train. time: 0.0014728003189343364 seconds
Epoch 36 Training Summary: epoch: 36.000000 | loss: 0.150713 | 
Epoch runtime: 0.0 hours, 0.0 minutes, 0.09911394119262695 seconds

Avg epoch train. time: 0.0 hours, 0.0 minutes, 0.10012163056267633 seconds
Avg batch train. time: 0.011124625618075147 seconds
Avg sample train. time: 0.0014723769200393577 seconds
Evaluating on validation set ...
Validation runtime: 0.0 hours, 0.0 minutes, 0.007047891616821289 seconds

Avg val. time: 0.0 hours, 0.0 minutes, 0.025360023975372313 seconds
Avg batch val. time: 0.025360023975372313 seconds
Avg sample val. time: 0.003170002996921539 seconds
Epoch 36 Validation Summary: epoch: 36.000000 | loss: 3.162875 | accuracy: 0.250000 | precision: 0.222222 | 
Epoch 37 Training Summary: epoch: 37.000000 | loss: 0.154754 | 
Epoch runtime: 0.0 hours, 0.0 minutes, 0.10233640670776367 seconds

Avg epoch train. time: 0.0 hours, 0.0 minutes, 0.10018148937740841 seconds
Avg batch train. time: 0.011131276597489824 seconds
Avg sample train. time: 0.0014732571967265942 seconds
Epoch 38 Training Summary: epoch: 38.000000 | loss: 0.117346 | 
Epoch runtime: 0.0 hours, 0.0 minutes, 0.09157109260559082 seconds

Avg epoch train. time: 0.0 hours, 0.0 minutes, 0.09995489998867638 seconds
Avg batch train. time: 0.01110609999874182 seconds
Avg sample train. time: 0.001469924999833476 seconds
Evaluating on validation set ...
Validation runtime: 0.0 hours, 0.0 minutes, 0.009245157241821289 seconds

Avg val. time: 0.0 hours, 0.0 minutes, 0.02459264936901274 seconds
Avg batch val. time: 0.02459264936901274 seconds
Avg sample val. time: 0.0030740811711265927 seconds
Epoch 38 Validation Summary: epoch: 38.000000 | loss: 3.769260 | accuracy: 0.375000 | precision: 0.333333 | 
Epoch 39 Training Summary: epoch: 39.000000 | loss: 0.173213 | 
Epoch runtime: 0.0 hours, 0.0 minutes, 0.09581637382507324 seconds

Avg epoch train. time: 0.0 hours, 0.0 minutes, 0.09984878393319938 seconds
Avg batch train. time: 0.011094309325911041 seconds
Avg sample train. time: 0.001468364469605873 seconds
Epoch 40 Training Summary: epoch: 40.000000 | loss: 0.078496 | 
Epoch runtime: 0.0 hours, 0.0 minutes, 0.0914604663848877 seconds

Avg epoch train. time: 0.0 hours, 0.0 minutes, 0.09963907599449158 seconds
Avg batch train. time: 0.011071008443832398 seconds
Avg sample train. time: 0.0014652805293307585 seconds
Evaluating on validation set ...
Validation runtime: 0.0 hours, 0.0 minutes, 0.0070590972900390625 seconds

Avg val. time: 0.0 hours, 0.0 minutes, 0.02379566972905939 seconds
Avg batch val. time: 0.02379566972905939 seconds
Avg sample val. time: 0.002974458716132424 seconds
Epoch 40 Validation Summary: epoch: 40.000000 | loss: 3.824354 | accuracy: 0.375000 | precision: 0.333333 | 
Best accuracy was 0.375. Other metrics: OrderedDict([('epoch', 8), ('loss', 1.712802767753601), ('accuracy', 0.375), ('precision', 0.27777777777777773)])
All Done!
Total runtime: 0.0 hours, 0.0 minutes, 7.458509922027588 seconds

