Running:
src/main_5q.py --output_dir experiments --comment classification from Scratch --name VRS_fromScratch --records_file VRS_records.xls --data_dir /mnt/d/OneDrive - Southern Methodist University/Phone_Privacy/input_feature/all_noprocesspos_norm_downsample_480p_s22 --data_class vrs --val_ratio 0.1 --epochs 40 --lr 0.001 --dropout 0.2 --batch_size 8 --num_layers 3 --num_heads 4 --optimizer RAdam --pos_encoding learnable --task classification --normalization none --key_metric accuracy

Using device: cuda
Loading and preprocessing data ...
271 samples may be used for training
31 samples will be used for validation
0 samples will be used for testing
Creating model ...
Model:
TSTransformerEncoderClassiregressor(
  (project_inp): Linear(in_features=39, out_features=64, bias=True)
  (pos_enc): LearnablePositionalEncoding(
    (dropout): Dropout(p=0.2, inplace=False)
  )
  (transformer_encoder): TransformerEncoder(
    (layers): ModuleList(
      (0-2): 3 x TransformerBatchNormEncoderLayer(
        (self_attn): MultiheadAttention(
          (out_proj): NonDynamicallyQuantizableLinear(in_features=64, out_features=64, bias=True)
        )
        (linear1): Linear(in_features=64, out_features=256, bias=True)
        (dropout): Dropout(p=0.2, inplace=False)
        (linear2): Linear(in_features=256, out_features=64, bias=True)
        (norm1): BatchNorm1d(64, eps=1e-05, momentum=0.1, affine=True, track_running_stats=True)
        (norm2): BatchNorm1d(64, eps=1e-05, momentum=0.1, affine=True, track_running_stats=True)
        (dropout1): Dropout(p=0.2, inplace=False)
        (dropout2): Dropout(p=0.2, inplace=False)
      )
    )
  )
  (dropout1): Dropout(p=0.2, inplace=False)
  (output_layer): Linear(in_features=5120, out_features=5, bias=True)
)
Total number of parameters: 183237
Trainable parameters: 183237
Evaluating on validation set ...
Validation runtime: 0.0 hours, 0.0 minutes, 0.22925806045532227 seconds

Avg val. time: 0.0 hours, 0.0 minutes, 0.22925806045532227 seconds
Avg batch val. time: 0.057314515113830566 seconds
Avg sample val. time: 0.0073954213050103955 seconds
Epoch 0 Validation Summary: epoch: 0.000000 | loss: 2.390751 | accuracy: 0.193548 | precision: 0.234848 | 
Starting training...
Epoch 1 Training Summary: epoch: 1.000000 | loss: 1.658165 | 
Epoch runtime: 0.0 hours, 0.0 minutes, 0.4549081325531006 seconds

Avg epoch train. time: 0.0 hours, 0.0 minutes, 0.4549081325531006 seconds
Avg batch train. time: 0.013379650957444134 seconds
Avg sample train. time: 0.0016786277953988952 seconds
Evaluating on validation set ...
Validation runtime: 0.0 hours, 0.0 minutes, 0.016459941864013672 seconds

Avg val. time: 0.0 hours, 0.0 minutes, 0.12285900115966797 seconds
Avg batch val. time: 0.030714750289916992 seconds
Avg sample val. time: 0.003963193585795741 seconds
Epoch 1 Validation Summary: epoch: 1.000000 | loss: 1.560231 | accuracy: 0.354839 | precision: 0.360000 | 
Epoch 2 Training Summary: epoch: 2.000000 | loss: 1.675050 | 
Epoch runtime: 0.0 hours, 0.0 minutes, 0.3118157386779785 seconds

Avg epoch train. time: 0.0 hours, 0.0 minutes, 0.38336193561553955 seconds
Avg batch train. time: 0.01127535104751587 seconds
Avg sample train. time: 0.001414619688618227 seconds
Evaluating on validation set ...
Validation runtime: 0.0 hours, 0.0 minutes, 0.014285802841186523 seconds

Avg val. time: 0.0 hours, 0.0 minutes, 0.08666793505350749 seconds
Avg batch val. time: 0.021666983763376873 seconds
Avg sample val. time: 0.0027957398404357256 seconds
Epoch 2 Validation Summary: epoch: 2.000000 | loss: 1.565548 | accuracy: 0.258065 | precision: 0.420000 | 
Epoch 3 Training Summary: epoch: 3.000000 | loss: 1.712760 | 
Epoch runtime: 0.0 hours, 0.0 minutes, 0.3203551769256592 seconds

Avg epoch train. time: 0.0 hours, 0.0 minutes, 0.3623596827189128 seconds
Avg batch train. time: 0.010657637727026846 seconds
Avg sample train. time: 0.0013371206004387925 seconds
Epoch 4 Training Summary: epoch: 4.000000 | loss: 1.660240 | 
Epoch runtime: 0.0 hours, 0.0 minutes, 0.32359766960144043 seconds

Avg epoch train. time: 0.0 hours, 0.0 minutes, 0.3526691794395447 seconds
Avg batch train. time: 0.01037262292469249 seconds
Avg sample train. time: 0.0013013622857547774 seconds
Evaluating on validation set ...
Validation runtime: 0.0 hours, 0.0 minutes, 0.014360904693603516 seconds

Avg val. time: 0.0 hours, 0.0 minutes, 0.0685911774635315 seconds
Avg batch val. time: 0.017147794365882874 seconds
Avg sample val. time: 0.0022126186278558545 seconds
Epoch 4 Validation Summary: epoch: 4.000000 | loss: 1.578516 | accuracy: 0.225806 | precision: 0.133158 | 
Epoch 5 Training Summary: epoch: 5.000000 | loss: 1.695734 | 
Epoch runtime: 0.0 hours, 0.0 minutes, 0.3515455722808838 seconds

Avg epoch train. time: 0.0 hours, 0.0 minutes, 0.3524444580078125 seconds
Avg batch train. time: 0.010366013470818015 seconds
Avg sample train. time: 0.0013005330553793818 seconds
Epoch 6 Training Summary: epoch: 6.000000 | loss: 1.664364 | 
Epoch runtime: 0.0 hours, 0.0 minutes, 0.352034330368042 seconds

Avg epoch train. time: 0.0 hours, 0.0 minutes, 0.3523761034011841 seconds
Avg batch train. time: 0.010364003041211297 seconds
Avg sample train. time: 0.0013002808243586129 seconds
Evaluating on validation set ...
Validation runtime: 0.0 hours, 0.0 minutes, 0.015493392944335938 seconds

Avg val. time: 0.0 hours, 0.0 minutes, 0.057971620559692384 seconds
Avg batch val. time: 0.014492905139923096 seconds
Avg sample val. time: 0.0018700522761191092 seconds
Epoch 6 Validation Summary: epoch: 6.000000 | loss: 1.563954 | accuracy: 0.161290 | precision: 0.143011 | 
Epoch 7 Training Summary: epoch: 7.000000 | loss: 1.668361 | 
Epoch runtime: 0.0 hours, 0.0 minutes, 0.3517119884490967 seconds

Avg epoch train. time: 0.0 hours, 0.0 minutes, 0.35228122983660015 seconds
Avg batch train. time: 0.010361212642252945 seconds
Avg sample train. time: 0.0012999307374044287 seconds
Epoch 8 Training Summary: epoch: 8.000000 | loss: 1.661696 | 
Epoch runtime: 0.0 hours, 0.0 minutes, 0.35173463821411133 seconds

Avg epoch train. time: 0.0 hours, 0.0 minutes, 0.35221290588378906 seconds
Avg batch train. time: 0.01035920311422909 seconds
Avg sample train. time: 0.0012996786194973766 seconds
Evaluating on validation set ...
Validation runtime: 0.0 hours, 0.0 minutes, 0.016373634338378906 seconds

Avg val. time: 0.0 hours, 0.0 minutes, 0.05103862285614014 seconds
Avg batch val. time: 0.012759655714035034 seconds
Avg sample val. time: 0.0016464071889077463 seconds
Epoch 8 Validation Summary: epoch: 8.000000 | loss: 1.594071 | accuracy: 0.258065 | precision: 0.452308 | 
Epoch 9 Training Summary: epoch: 9.000000 | loss: 1.643870 | 
Epoch runtime: 0.0 hours, 0.0 minutes, 0.3451063632965088 seconds

Avg epoch train. time: 0.0 hours, 0.0 minutes, 0.3514232900407579 seconds
Avg batch train. time: 0.01033597911884582 seconds
Avg sample train. time: 0.0012967649078994756 seconds
Epoch 10 Training Summary: epoch: 10.000000 | loss: 1.558618 | 
Epoch runtime: 0.0 hours, 0.0 minutes, 0.3562612533569336 seconds

Avg epoch train. time: 0.0 hours, 0.0 minutes, 0.3519070863723755 seconds
Avg batch train. time: 0.010350208422716927 seconds
Avg sample train. time: 0.0012985501342154078 seconds
Evaluating on validation set ...
Validation runtime: 0.0 hours, 0.0 minutes, 0.016955852508544922 seconds

Avg val. time: 0.0 hours, 0.0 minutes, 0.04616965566362653 seconds
Avg batch val. time: 0.011542413915906633 seconds
Avg sample val. time: 0.0014893437310847268 seconds
Epoch 10 Validation Summary: epoch: 10.000000 | loss: 1.546238 | accuracy: 0.258065 | precision: 0.301075 | 
Epoch 11 Training Summary: epoch: 11.000000 | loss: 1.561192 | 
Epoch runtime: 0.0 hours, 0.0 minutes, 0.3472411632537842 seconds

Avg epoch train. time: 0.0 hours, 0.0 minutes, 0.35148291154341266 seconds
Avg batch train. time: 0.010337732692453314 seconds
Avg sample train. time: 0.001296984913444327 seconds
Epoch 12 Training Summary: epoch: 12.000000 | loss: 1.550728 | 
Epoch runtime: 0.0 hours, 0.0 minutes, 0.34228086471557617 seconds

Avg epoch train. time: 0.0 hours, 0.0 minutes, 0.3507160743077596 seconds
Avg batch train. time: 0.010315178656110577 seconds
Avg sample train. time: 0.0012941552557481904 seconds
Evaluating on validation set ...
Validation runtime: 0.0 hours, 0.0 minutes, 0.015851974487304688 seconds

Avg val. time: 0.0 hours, 0.0 minutes, 0.042379945516586304 seconds
Avg batch val. time: 0.010594986379146576 seconds
Avg sample val. time: 0.0013670950166640742 seconds
Epoch 12 Validation Summary: epoch: 12.000000 | loss: 1.558740 | accuracy: 0.258065 | precision: 0.176833 | 
Epoch 13 Training Summary: epoch: 13.000000 | loss: 1.489215 | 
Epoch runtime: 0.0 hours, 0.0 minutes, 0.35497260093688965 seconds

Avg epoch train. time: 0.0 hours, 0.0 minutes, 0.3510434994330773 seconds
Avg batch train. time: 0.010324808806855214 seconds
Avg sample train. time: 0.0012953634665427206 seconds
Epoch 14 Training Summary: epoch: 14.000000 | loss: 1.427849 | 
Epoch runtime: 0.0 hours, 0.0 minutes, 0.3466315269470215 seconds

Avg epoch train. time: 0.0 hours, 0.0 minutes, 0.35072835854121615 seconds
Avg batch train. time: 0.010315539957094593 seconds
Avg sample train. time: 0.0012942005850229378 seconds
Evaluating on validation set ...
Validation runtime: 0.0 hours, 0.0 minutes, 0.016035079956054688 seconds

Avg val. time: 0.0 hours, 0.0 minutes, 0.03945273823208279 seconds
Avg batch val. time: 0.009863184558020698 seconds
Avg sample val. time: 0.0012726689752284772 seconds
Epoch 14 Validation Summary: epoch: 14.000000 | loss: 1.509504 | accuracy: 0.322581 | precision: 0.333333 | 
Epoch 15 Training Summary: epoch: 15.000000 | loss: 1.398559 | 
Epoch runtime: 0.0 hours, 0.0 minutes, 0.35813117027282715 seconds

Avg epoch train. time: 0.0 hours, 0.0 minutes, 0.35122187932332355 seconds
Avg batch train. time: 0.010330055274215398 seconds
Avg sample train. time: 0.001296021694920013 seconds
Epoch 16 Training Summary: epoch: 16.000000 | loss: 1.422344 | 
Epoch runtime: 0.0 hours, 0.0 minutes, 0.3543586730957031 seconds

Avg epoch train. time: 0.0 hours, 0.0 minutes, 0.3514179289340973 seconds
Avg batch train. time: 0.010335821439238155 seconds
Avg sample train. time: 0.0012967451252180711 seconds
Evaluating on validation set ...
Validation runtime: 0.0 hours, 0.0 minutes, 0.01738142967224121 seconds

Avg val. time: 0.0 hours, 0.0 minutes, 0.03724560737609863 seconds
Avg batch val. time: 0.009311401844024658 seconds
Avg sample val. time: 0.001201471205680601 seconds
Epoch 16 Validation Summary: epoch: 16.000000 | loss: 1.612025 | accuracy: 0.354839 | precision: 0.293548 | 
Epoch 17 Training Summary: epoch: 17.000000 | loss: 1.377475 | 
Epoch runtime: 0.0 hours, 0.0 minutes, 0.35619330406188965 seconds

Avg epoch train. time: 0.0 hours, 0.0 minutes, 0.3516988333533792 seconds
Avg batch train. time: 0.010344083333922918 seconds
Avg sample train. time: 0.0012977816728906983 seconds
Epoch 18 Training Summary: epoch: 18.000000 | loss: 1.329524 | 
Epoch runtime: 0.0 hours, 0.0 minutes, 0.3710486888885498 seconds

Avg epoch train. time: 0.0 hours, 0.0 minutes, 0.35277382532755536 seconds
Avg batch train. time: 0.010375700744928098 seconds
Avg sample train. time: 0.0013017484329430086 seconds
Evaluating on validation set ...
Validation runtime: 0.0 hours, 0.0 minutes, 0.01589488983154297 seconds

Avg val. time: 0.0 hours, 0.0 minutes, 0.0353046330538663 seconds
Avg batch val. time: 0.008826158263466576 seconds
Avg sample val. time: 0.0011388591307698807 seconds
Epoch 18 Validation Summary: epoch: 18.000000 | loss: 1.634587 | accuracy: 0.322581 | precision: 0.306068 | 
Epoch 19 Training Summary: epoch: 19.000000 | loss: 1.304395 | 
Epoch runtime: 0.0 hours, 0.0 minutes, 0.3564159870147705 seconds

Avg epoch train. time: 0.0 hours, 0.0 minutes, 0.3529655180479351 seconds
Avg batch train. time: 0.010381338766115737 seconds
Avg sample train. time: 0.0013024557861547419 seconds
Epoch 20 Training Summary: epoch: 20.000000 | loss: 1.308551 | 
Epoch runtime: 0.0 hours, 0.0 minutes, 0.37355613708496094 seconds

Avg epoch train. time: 0.0 hours, 0.0 minutes, 0.3539950489997864 seconds
Avg batch train. time: 0.010411619088229011 seconds
Avg sample train. time: 0.0013062547933571454 seconds
Evaluating on validation set ...
Validation runtime: 0.0 hours, 0.0 minutes, 0.01658940315246582 seconds

Avg val. time: 0.0 hours, 0.0 minutes, 0.033745030562082924 seconds
Avg batch val. time: 0.008436257640520731 seconds
Avg sample val. time: 0.001088549372970417 seconds
Epoch 20 Validation Summary: epoch: 20.000000 | loss: 1.461744 | accuracy: 0.387097 | precision: 0.370968 | 
Epoch 21 Training Summary: epoch: 21.000000 | loss: 1.266813 | 
Epoch runtime: 0.0 hours, 0.0 minutes, 0.3711268901824951 seconds

Avg epoch train. time: 0.0 hours, 0.0 minutes, 0.35481085096086773 seconds
Avg batch train. time: 0.010435613263554933 seconds
Avg sample train. time: 0.001309265132696929 seconds
Epoch 22 Training Summary: epoch: 22.000000 | loss: 1.238314 | 
Epoch runtime: 0.0 hours, 0.0 minutes, 0.35913729667663574 seconds

Avg epoch train. time: 0.0 hours, 0.0 minutes, 0.35500750758431177 seconds
Avg batch train. time: 0.010441397281891522 seconds
Avg sample train. time: 0.0013099908028941394 seconds
Evaluating on validation set ...
Validation runtime: 0.0 hours, 0.0 minutes, 0.016120195388793945 seconds

Avg val. time: 0.0 hours, 0.0 minutes, 0.032389274010291465 seconds
Avg batch val. time: 0.008097318502572866 seconds
Avg sample val. time: 0.0010448152906545633 seconds
Epoch 22 Validation Summary: epoch: 22.000000 | loss: 1.522845 | accuracy: 0.387097 | precision: 0.347542 | 
Epoch 23 Training Summary: epoch: 23.000000 | loss: 1.213852 | 
Epoch runtime: 0.0 hours, 0.0 minutes, 0.37276148796081543 seconds

Avg epoch train. time: 0.0 hours, 0.0 minutes, 0.35577941977459454 seconds
Avg batch train. time: 0.010464100581605722 seconds
Avg sample train. time: 0.0013128391873601275 seconds
Epoch 24 Training Summary: epoch: 24.000000 | loss: 1.165355 | 
Epoch runtime: 0.0 hours, 0.0 minutes, 0.3489112854003906 seconds

Avg epoch train. time: 0.0 hours, 0.0 minutes, 0.3554932475090027 seconds
Avg batch train. time: 0.010455683750264785 seconds
Avg sample train. time: 0.0013117832011402314 seconds
Evaluating on validation set ...
Validation runtime: 0.0 hours, 0.0 minutes, 0.015842676162719727 seconds

Avg val. time: 0.0 hours, 0.0 minutes, 0.031207374164036343 seconds
Avg batch val. time: 0.007801843541009086 seconds
Avg sample val. time: 0.0010066894891624628 seconds
Epoch 24 Validation Summary: epoch: 24.000000 | loss: 1.806622 | accuracy: 0.193548 | precision: 0.215438 | 
Epoch 25 Training Summary: epoch: 25.000000 | loss: 1.168964 | 
Epoch runtime: 0.0 hours, 0.0 minutes, 0.3669915199279785 seconds

Avg epoch train. time: 0.0 hours, 0.0 minutes, 0.35595317840576174 seconds
Avg batch train. time: 0.010469211129581227 seconds
Avg sample train. time: 0.001313480363120892 seconds
Epoch 26 Training Summary: epoch: 26.000000 | loss: 1.055353 | 
Epoch runtime: 0.0 hours, 0.0 minutes, 0.3592536449432373 seconds

Avg epoch train. time: 0.0 hours, 0.0 minutes, 0.35608011942643386 seconds
Avg batch train. time: 0.010472944689012761 seconds
Avg sample train. time: 0.0013139487801713426 seconds
Evaluating on validation set ...
Validation runtime: 0.0 hours, 0.0 minutes, 0.0204160213470459 seconds

Avg val. time: 0.0 hours, 0.0 minutes, 0.030487950642903647 seconds
Avg batch val. time: 0.007621987660725912 seconds
Avg sample val. time: 0.0009834822788033434 seconds
Epoch 26 Validation Summary: epoch: 26.000000 | loss: 1.679658 | accuracy: 0.354839 | precision: 0.308798 | 
Epoch 27 Training Summary: epoch: 27.000000 | loss: 1.087254 | 
Epoch runtime: 0.0 hours, 0.0 minutes, 0.3698709011077881 seconds

Avg epoch train. time: 0.0 hours, 0.0 minutes, 0.35659088911833586 seconds
Avg batch train. time: 0.010487967327009878 seconds
Avg sample train. time: 0.0013158335391820512 seconds
Epoch 28 Training Summary: epoch: 28.000000 | loss: 1.009643 | 
Epoch runtime: 0.0 hours, 0.0 minutes, 0.3790156841278076 seconds

Avg epoch train. time: 0.0 hours, 0.0 minutes, 0.3573917746543884 seconds
Avg batch train. time: 0.010511522783952601 seconds
Avg sample train. time: 0.001318788836363057 seconds
Evaluating on validation set ...
Validation runtime: 0.0 hours, 0.0 minutes, 0.017717361450195312 seconds

Avg val. time: 0.0 hours, 0.0 minutes, 0.029689788818359375 seconds
Avg batch val. time: 0.007422447204589844 seconds
Avg sample val. time: 0.0009577351231728831 seconds
Epoch 28 Validation Summary: epoch: 28.000000 | loss: 1.618188 | accuracy: 0.419355 | precision: 0.368817 | 
Epoch 29 Training Summary: epoch: 29.000000 | loss: 0.947098 | 
Epoch runtime: 0.0 hours, 0.0 minutes, 0.3605029582977295 seconds

Avg epoch train. time: 0.0 hours, 0.0 minutes, 0.3574990568489864 seconds
Avg batch train. time: 0.010514678142617247 seconds
Avg sample train. time: 0.001319184711619876 seconds
Epoch 30 Training Summary: epoch: 30.000000 | loss: 1.009791 | 
Epoch runtime: 0.0 hours, 0.0 minutes, 0.3575098514556885 seconds

Avg epoch train. time: 0.0 hours, 0.0 minutes, 0.3574994166692098 seconds
Avg batch train. time: 0.010514688725564995 seconds
Avg sample train. time: 0.0013191860393697778 seconds
Evaluating on validation set ...
Validation runtime: 0.0 hours, 0.0 minutes, 0.016530275344848633 seconds

Avg val. time: 0.0 hours, 0.0 minutes, 0.028915699790505803 seconds
Avg batch val. time: 0.007228924947626451 seconds
Avg sample val. time: 0.0009327645093711549 seconds
Epoch 30 Validation Summary: epoch: 30.000000 | loss: 1.497756 | accuracy: 0.387097 | precision: 0.370968 | 
Epoch 31 Training Summary: epoch: 31.000000 | loss: 0.896825 | 
Epoch runtime: 0.0 hours, 0.0 minutes, 0.3719332218170166 seconds

Avg epoch train. time: 0.0 hours, 0.0 minutes, 0.357965023286881 seconds
Avg batch train. time: 0.010528383037849441 seconds
Avg sample train. time: 0.0013209041449700407 seconds
Epoch 32 Training Summary: epoch: 32.000000 | loss: 0.916399 | 
Epoch runtime: 0.0 hours, 0.0 minutes, 0.3764960765838623 seconds

Avg epoch train. time: 0.0 hours, 0.0 minutes, 0.35854411870241165 seconds
Avg batch train. time: 0.010545415255953284 seconds
Avg sample train. time: 0.0013230410284221833 seconds
Evaluating on validation set ...
Validation runtime: 0.0 hours, 0.0 minutes, 0.016663789749145508 seconds

Avg val. time: 0.0 hours, 0.0 minutes, 0.02823503812154134 seconds
Avg batch val. time: 0.007058759530385335 seconds
Avg sample val. time: 0.0009108076813400432 seconds
Epoch 32 Validation Summary: epoch: 32.000000 | loss: 1.603223 | accuracy: 0.419355 | precision: 0.445853 | 
Epoch 33 Training Summary: epoch: 33.000000 | loss: 0.829815 | 
Epoch runtime: 0.0 hours, 0.0 minutes, 0.3732728958129883 seconds

Avg epoch train. time: 0.0 hours, 0.0 minutes, 0.35899044528152 seconds
Avg batch train. time: 0.01055854250828 seconds
Avg sample train. time: 0.0013246879899687085 seconds
Epoch 34 Training Summary: epoch: 34.000000 | loss: 0.795798 | 
Epoch runtime: 0.0 hours, 0.0 minutes, 0.38764238357543945 seconds

Avg epoch train. time: 0.0 hours, 0.0 minutes, 0.35983314934898825 seconds
Avg batch train. time: 0.010583327922029066 seconds
Avg sample train. time: 0.0013277975990737573 seconds
Evaluating on validation set ...
Validation runtime: 0.0 hours, 0.0 minutes, 0.015802621841430664 seconds

Avg val. time: 0.0 hours, 0.0 minutes, 0.027580700422588148 seconds
Avg batch val. time: 0.006895175105647037 seconds
Avg sample val. time: 0.0008897000136318758 seconds
Epoch 34 Validation Summary: epoch: 34.000000 | loss: 1.399567 | accuracy: 0.451613 | precision: 0.473118 | 
Epoch 35 Training Summary: epoch: 35.000000 | loss: 0.799667 | 
Epoch runtime: 0.0 hours, 0.0 minutes, 0.34700584411621094 seconds

Avg epoch train. time: 0.0 hours, 0.0 minutes, 0.35946665491376606 seconds
Avg batch train. time: 0.010572548673934297 seconds
Avg sample train. time: 0.0013264452210840075 seconds
Epoch 36 Training Summary: epoch: 36.000000 | loss: 0.729695 | 
Epoch runtime: 0.0 hours, 0.0 minutes, 0.4028146266937256 seconds

Avg epoch train. time: 0.0 hours, 0.0 minutes, 0.3606707652409871 seconds
Avg batch train. time: 0.010607963683558444 seconds
Avg sample train. time: 0.0013308884326235688 seconds
Evaluating on validation set ...
Validation runtime: 0.0 hours, 0.0 minutes, 0.015516281127929688 seconds

Avg val. time: 0.0 hours, 0.0 minutes, 0.026977479457855225 seconds
Avg batch val. time: 0.006744369864463806 seconds
Avg sample val. time: 0.0008702412728340395 seconds
Epoch 36 Validation Summary: epoch: 36.000000 | loss: 1.784994 | accuracy: 0.387097 | precision: 0.394086 | 
Epoch 37 Training Summary: epoch: 37.000000 | loss: 0.746042 | 
Epoch runtime: 0.0 hours, 0.0 minutes, 0.36809635162353516 seconds

Avg epoch train. time: 0.0 hours, 0.0 minutes, 0.3608714567648398 seconds
Avg batch train. time: 0.010613866375436464 seconds
Avg sample train. time: 0.0013316289917521763 seconds
Epoch 38 Training Summary: epoch: 38.000000 | loss: 0.666472 | 
Epoch runtime: 0.0 hours, 0.0 minutes, 0.31578588485717773 seconds

Avg epoch train. time: 0.0 hours, 0.0 minutes, 0.3596849943462171 seconds
Avg batch train. time: 0.010578970421947562 seconds
Avg sample train. time: 0.0013272509016465576 seconds
Evaluating on validation set ...
Validation runtime: 0.0 hours, 0.0 minutes, 0.014709234237670898 seconds

Avg val. time: 0.0 hours, 0.0 minutes, 0.026393277304513112 seconds
Avg batch val. time: 0.006598319326128278 seconds
Avg sample val. time: 0.0008513960420810682 seconds
Epoch 38 Validation Summary: epoch: 38.000000 | loss: 1.839329 | accuracy: 0.516129 | precision: 0.472043 | 
Epoch 39 Training Summary: epoch: 39.000000 | loss: 0.626183 | 
Epoch runtime: 0.0 hours, 0.0 minutes, 0.3164067268371582 seconds

Avg epoch train. time: 0.0 hours, 0.0 minutes, 0.35857529517931813 seconds
Avg batch train. time: 0.010546332211156416 seconds
Avg sample train. time: 0.0013231560707723917 seconds
Epoch 40 Training Summary: epoch: 40.000000 | loss: 0.609641 | 
Epoch runtime: 0.0 hours, 0.0 minutes, 0.30368661880493164 seconds

Avg epoch train. time: 0.0 hours, 0.0 minutes, 0.3572030782699585 seconds
Avg batch train. time: 0.010505972890292897 seconds
Avg sample train. time: 0.0013180925397415443 seconds
Evaluating on validation set ...
Validation runtime: 0.0 hours, 0.0 minutes, 0.01369333267211914 seconds

Avg val. time: 0.0 hours, 0.0 minutes, 0.025816007093949753 seconds
Avg batch val. time: 0.006454001773487438 seconds
Avg sample val. time: 0.0008327744223854759 seconds
Epoch 40 Validation Summary: epoch: 40.000000 | loss: 1.930193 | accuracy: 0.451613 | precision: 0.392473 | 
Best accuracy was 0.5161290322580645. Other metrics: OrderedDict([('epoch', 38), ('loss', 1.8393290273604854), ('accuracy', 0.5161290322580645), ('precision', 0.4720430107526882)])
All Done!
Total runtime: 0.0 hours, 0.0 minutes, 21.439789533615112 seconds

