Running:
src/main_5q.py --output_dir experiments --comment classification from Scratch --name VRS_fromScratch --records_file VRS_records.xls --data_dir /mnt/d/OneDrive - Southern Methodist University/Phone_Privacy/input_feature/all_norm_downsample_480p_s22 --data_class vrs --val_ratio 0.1 --epochs 40 --lr 0.001 --dropout 0.2 --batch_size 8 --num_layers 3 --num_heads 4 --optimizer RAdam --pos_encoding learnable --task classification --normalization none --key_metric accuracy

Using device: cuda
Loading and preprocessing data ...
271 samples may be used for training
31 samples will be used for validation
0 samples will be used for testing
Creating model ...
Model:
TSTransformerEncoderClassiregressor(
  (project_inp): Linear(in_features=39, out_features=64, bias=True)
  (pos_enc): LearnablePositionalEncoding(
    (dropout): Dropout(p=0.2, inplace=False)
  )
  (transformer_encoder): TransformerEncoder(
    (layers): ModuleList(
      (0-2): 3 x TransformerBatchNormEncoderLayer(
        (self_attn): MultiheadAttention(
          (out_proj): NonDynamicallyQuantizableLinear(in_features=64, out_features=64, bias=True)
        )
        (linear1): Linear(in_features=64, out_features=256, bias=True)
        (dropout): Dropout(p=0.2, inplace=False)
        (linear2): Linear(in_features=256, out_features=64, bias=True)
        (norm1): BatchNorm1d(64, eps=1e-05, momentum=0.1, affine=True, track_running_stats=True)
        (norm2): BatchNorm1d(64, eps=1e-05, momentum=0.1, affine=True, track_running_stats=True)
        (dropout1): Dropout(p=0.2, inplace=False)
        (dropout2): Dropout(p=0.2, inplace=False)
      )
    )
  )
  (dropout1): Dropout(p=0.2, inplace=False)
  (output_layer): Linear(in_features=5120, out_features=5, bias=True)
)
Total number of parameters: 183237
Trainable parameters: 183237
Evaluating on validation set ...
Validation runtime: 0.0 hours, 0.0 minutes, 0.20750093460083008 seconds

Avg val. time: 0.0 hours, 0.0 minutes, 0.20750093460083008 seconds
Avg batch val. time: 0.05187523365020752 seconds
Avg sample val. time: 0.0066935785355106475 seconds
Epoch 0 Validation Summary: epoch: 0.000000 | loss: 2.563161 | accuracy: 0.193548 | precision: 0.193548 | 
Starting training...
Epoch 1 Training Summary: epoch: 1.000000 | loss: 1.685679 | 
Epoch runtime: 0.0 hours, 0.0 minutes, 0.5263767242431641 seconds

Avg epoch train. time: 0.0 hours, 0.0 minutes, 0.5263767242431641 seconds
Avg batch train. time: 0.01548166836009306 seconds
Avg sample train. time: 0.0019423495359526348 seconds
Evaluating on validation set ...
Validation runtime: 0.0 hours, 0.0 minutes, 0.015503168106079102 seconds

Avg val. time: 0.0 hours, 0.0 minutes, 0.11150205135345459 seconds
Avg batch val. time: 0.027875512838363647 seconds
Avg sample val. time: 0.0035968403662404707 seconds
Epoch 1 Validation Summary: epoch: 1.000000 | loss: 1.619531 | accuracy: 0.193548 | precision: 0.197778 | 
Epoch 2 Training Summary: epoch: 2.000000 | loss: 1.686084 | 
Epoch runtime: 0.0 hours, 0.0 minutes, 0.432265043258667 seconds

Avg epoch train. time: 0.0 hours, 0.0 minutes, 0.4793208837509155 seconds
Avg batch train. time: 0.014097673051497516 seconds
Avg sample train. time: 0.00176871174815836 seconds
Evaluating on validation set ...
Validation runtime: 0.0 hours, 0.0 minutes, 0.01738715171813965 seconds

Avg val. time: 0.0 hours, 0.0 minutes, 0.08013041814168294 seconds
Avg batch val. time: 0.020032604535420735 seconds
Avg sample val. time: 0.0025848521981188042 seconds
Epoch 2 Validation Summary: epoch: 2.000000 | loss: 1.629200 | accuracy: 0.225806 | precision: 0.266154 | 
Epoch 3 Training Summary: epoch: 3.000000 | loss: 1.695180 | 
Epoch runtime: 0.0 hours, 0.0 minutes, 0.44831180572509766 seconds

Avg epoch train. time: 0.0 hours, 0.0 minutes, 0.46898452440897626 seconds
Avg batch train. time: 0.013793662482616948 seconds
Avg sample train. time: 0.00173057020077113 seconds
Epoch 4 Training Summary: epoch: 4.000000 | loss: 1.646207 | 
Epoch runtime: 0.0 hours, 0.0 minutes, 0.4625403881072998 seconds

Avg epoch train. time: 0.0 hours, 0.0 minutes, 0.46737349033355713 seconds
Avg batch train. time: 0.013746279127457562 seconds
Avg sample train. time: 0.0017246254255850817 seconds
Evaluating on validation set ...
Validation runtime: 0.0 hours, 0.0 minutes, 0.018194913864135742 seconds

Avg val. time: 0.0 hours, 0.0 minutes, 0.06464654207229614 seconds
Avg batch val. time: 0.016161635518074036 seconds
Avg sample val. time: 0.002085372324912779 seconds
Epoch 4 Validation Summary: epoch: 4.000000 | loss: 1.629836 | accuracy: 0.129032 | precision: 0.112121 | 
Epoch 5 Training Summary: epoch: 5.000000 | loss: 1.649222 | 
Epoch runtime: 0.0 hours, 0.0 minutes, 0.4755692481994629 seconds

Avg epoch train. time: 0.0 hours, 0.0 minutes, 0.4690126419067383 seconds
Avg batch train. time: 0.013794489467845244 seconds
Avg sample train. time: 0.0017306739553754182 seconds
Epoch 6 Training Summary: epoch: 6.000000 | loss: 1.650437 | 
Epoch runtime: 0.0 hours, 0.0 minutes, 0.4426991939544678 seconds

Avg epoch train. time: 0.0 hours, 0.0 minutes, 0.46462706724802655 seconds
Avg batch train. time: 0.013665501977883134 seconds
Avg sample train. time: 0.0017144910230554485 seconds
Evaluating on validation set ...
Validation runtime: 0.0 hours, 0.0 minutes, 0.02069711685180664 seconds

Avg val. time: 0.0 hours, 0.0 minutes, 0.05585665702819824 seconds
Avg batch val. time: 0.01396416425704956 seconds
Avg sample val. time: 0.001801827646070911 seconds
Epoch 6 Validation Summary: epoch: 6.000000 | loss: 1.617104 | accuracy: 0.161290 | precision: 0.225806 | 
Epoch 7 Training Summary: epoch: 7.000000 | loss: 1.673001 | 
Epoch runtime: 0.0 hours, 0.0 minutes, 0.4408419132232666 seconds

Avg epoch train. time: 0.0 hours, 0.0 minutes, 0.46122918810163227 seconds
Avg batch train. time: 0.01356556435593036 seconds
Avg sample train. time: 0.0017019527236222594 seconds
Epoch 8 Training Summary: epoch: 8.000000 | loss: 1.560774 | 
Epoch runtime: 0.0 hours, 0.0 minutes, 0.44406652450561523 seconds

Avg epoch train. time: 0.0 hours, 0.0 minutes, 0.4590838551521301 seconds
Avg batch train. time: 0.013502466328003827 seconds
Avg sample train. time: 0.001694036365875019 seconds
Evaluating on validation set ...
Validation runtime: 0.0 hours, 0.0 minutes, 0.016849517822265625 seconds

Avg val. time: 0.0 hours, 0.0 minutes, 0.04935546716054281 seconds
Avg batch val. time: 0.012338866790135702 seconds
Avg sample val. time: 0.0015921118438884778 seconds
Epoch 8 Validation Summary: epoch: 8.000000 | loss: 1.642478 | accuracy: 0.290323 | precision: 0.174667 | 
Epoch 9 Training Summary: epoch: 9.000000 | loss: 1.535033 | 
Epoch runtime: 0.0 hours, 0.0 minutes, 0.43380045890808105 seconds

Avg epoch train. time: 0.0 hours, 0.0 minutes, 0.4562745889027913 seconds
Avg batch train. time: 0.013419840850082097 seconds
Avg sample train. time: 0.0016836700697519975 seconds
Epoch 10 Training Summary: epoch: 10.000000 | loss: 1.497585 | 
Epoch runtime: 0.0 hours, 0.0 minutes, 0.4194035530090332 seconds

Avg epoch train. time: 0.0 hours, 0.0 minutes, 0.4525874853134155 seconds
Avg batch train. time: 0.013311396626865162 seconds
Avg sample train. time: 0.0016700645214517177 seconds
Evaluating on validation set ...
Validation runtime: 0.0 hours, 0.0 minutes, 0.020547866821289062 seconds

Avg val. time: 0.0 hours, 0.0 minutes, 0.04524009568350656 seconds
Avg batch val. time: 0.01131002392087664 seconds
Avg sample val. time: 0.0014593579252744052 seconds
Epoch 10 Validation Summary: epoch: 10.000000 | loss: 1.691772 | accuracy: 0.161290 | precision: 0.137521 | 
Epoch 11 Training Summary: epoch: 11.000000 | loss: 1.550897 | 
Epoch runtime: 0.0 hours, 0.0 minutes, 0.4944922924041748 seconds

Avg epoch train. time: 0.0 hours, 0.0 minutes, 0.45639701323075726 seconds
Avg batch train. time: 0.013423441565610508 seconds
Avg sample train. time: 0.0016841218200396948 seconds
Epoch 12 Training Summary: epoch: 12.000000 | loss: 1.436858 | 
Epoch runtime: 0.0 hours, 0.0 minutes, 0.4954380989074707 seconds

Avg epoch train. time: 0.0 hours, 0.0 minutes, 0.4596504370371501 seconds
Avg batch train. time: 0.013519130501092649 seconds
Avg sample train. time: 0.0016961270739378233 seconds
Evaluating on validation set ...
Validation runtime: 0.0 hours, 0.0 minutes, 0.022677898406982422 seconds

Avg val. time: 0.0 hours, 0.0 minutes, 0.04241982102394104 seconds
Avg batch val. time: 0.01060495525598526 seconds
Avg sample val. time: 0.0013683813233529368 seconds
Epoch 12 Validation Summary: epoch: 12.000000 | loss: 1.689490 | accuracy: 0.193548 | precision: 0.233871 | 
Epoch 13 Training Summary: epoch: 13.000000 | loss: 1.440435 | 
Epoch runtime: 0.0 hours, 0.0 minutes, 0.4770965576171875 seconds

Avg epoch train. time: 0.0 hours, 0.0 minutes, 0.46099244631253755 seconds
Avg batch train. time: 0.013558601362133457 seconds
Avg sample train. time: 0.0017010791376846405 seconds
Epoch 14 Training Summary: epoch: 14.000000 | loss: 1.379890 | 
Epoch runtime: 0.0 hours, 0.0 minutes, 0.4335298538208008 seconds

Avg epoch train. time: 0.0 hours, 0.0 minutes, 0.45903083256312777 seconds
Avg batch train. time: 0.013500906840091993 seconds
Avg sample train. time: 0.0016938407105650472 seconds
Evaluating on validation set ...
Validation runtime: 0.0 hours, 0.0 minutes, 0.02015399932861328 seconds

Avg val. time: 0.0 hours, 0.0 minutes, 0.03994584083557129 seconds
Avg batch val. time: 0.009986460208892822 seconds
Avg sample val. time: 0.0012885755108248804 seconds
Epoch 14 Validation Summary: epoch: 14.000000 | loss: 1.654340 | accuracy: 0.354839 | precision: 0.456745 | 
Epoch 15 Training Summary: epoch: 15.000000 | loss: 1.311236 | 
Epoch runtime: 0.0 hours, 0.0 minutes, 0.4374392032623291 seconds

Avg epoch train. time: 0.0 hours, 0.0 minutes, 0.4575913906097412 seconds
Avg batch train. time: 0.01345857031205121 seconds
Avg sample train. time: 0.0016885291166411113 seconds
Epoch 16 Training Summary: epoch: 16.000000 | loss: 1.286442 | 
Epoch runtime: 0.0 hours, 0.0 minutes, 0.44264936447143555 seconds

Avg epoch train. time: 0.0 hours, 0.0 minutes, 0.4566575139760971 seconds
Avg batch train. time: 0.01343110335223815 seconds
Avg sample train. time: 0.0016850830774025724 seconds
Evaluating on validation set ...
Validation runtime: 0.0 hours, 0.0 minutes, 0.01966261863708496 seconds

Avg val. time: 0.0 hours, 0.0 minutes, 0.03791751861572266 seconds
Avg batch val. time: 0.009479379653930664 seconds
Avg sample val. time: 0.001223145761797505 seconds
Epoch 16 Validation Summary: epoch: 16.000000 | loss: 1.594440 | accuracy: 0.322581 | precision: 0.330645 | 
Epoch 17 Training Summary: epoch: 17.000000 | loss: 1.337147 | 
Epoch runtime: 0.0 hours, 0.0 minutes, 0.4426727294921875 seconds

Avg epoch train. time: 0.0 hours, 0.0 minutes, 0.45583487959469066 seconds
Avg batch train. time: 0.013406908223373254 seconds
Avg sample train. time: 0.0016820475261796702 seconds
Epoch 18 Training Summary: epoch: 18.000000 | loss: 1.195588 | 
Epoch runtime: 0.0 hours, 0.0 minutes, 0.4449169635772705 seconds

Avg epoch train. time: 0.0 hours, 0.0 minutes, 0.455228328704834 seconds
Avg batch train. time: 0.013389068491318646 seconds
Avg sample train. time: 0.0016798093310141475 seconds
Evaluating on validation set ...
Validation runtime: 0.0 hours, 0.0 minutes, 0.020321130752563477 seconds

Avg val. time: 0.0 hours, 0.0 minutes, 0.036317846991799095 seconds
Avg batch val. time: 0.009079461747949774 seconds
Avg sample val. time: 0.001171543451348358 seconds
Epoch 18 Validation Summary: epoch: 18.000000 | loss: 1.797886 | accuracy: 0.322581 | precision: 0.312000 | 
Epoch 19 Training Summary: epoch: 19.000000 | loss: 1.250606 | 
Epoch runtime: 0.0 hours, 0.0 minutes, 0.4223477840423584 seconds

Avg epoch train. time: 0.0 hours, 0.0 minutes, 0.4534977737225984 seconds
Avg batch train. time: 0.013338169815370542 seconds
Avg sample train. time: 0.0016734235192715809 seconds
Epoch 20 Training Summary: epoch: 20.000000 | loss: 1.102252 | 
Epoch runtime: 0.0 hours, 0.0 minutes, 0.4338057041168213 seconds

Avg epoch train. time: 0.0 hours, 0.0 minutes, 0.4525131702423096 seconds
Avg batch train. time: 0.013309210889479693 seconds
Avg sample train. time: 0.0016697902960970833 seconds
Evaluating on validation set ...
Validation runtime: 0.0 hours, 0.0 minutes, 0.01992058753967285 seconds

Avg val. time: 0.0 hours, 0.0 minutes, 0.03495140870412191 seconds
Avg batch val. time: 0.008737852176030477 seconds
Avg sample val. time: 0.0011274647969071584 seconds
Epoch 20 Validation Summary: epoch: 20.000000 | loss: 1.637646 | accuracy: 0.225806 | precision: 0.239247 | 
Epoch 21 Training Summary: epoch: 21.000000 | loss: 1.070540 | 
Epoch runtime: 0.0 hours, 0.0 minutes, 0.46735167503356934 seconds

Avg epoch train. time: 0.0 hours, 0.0 minutes, 0.45321976570856004 seconds
Avg batch train. time: 0.013329993109075296 seconds
Avg sample train. time: 0.0016723976594411809 seconds
Epoch 22 Training Summary: epoch: 22.000000 | loss: 1.126812 | 
Epoch runtime: 0.0 hours, 0.0 minutes, 0.4293191432952881 seconds

Avg epoch train. time: 0.0 hours, 0.0 minutes, 0.452133373780684 seconds
Avg batch train. time: 0.013298040405314236 seconds
Avg sample train. time: 0.0016683888331390554 seconds
Evaluating on validation set ...
Validation runtime: 0.0 hours, 0.0 minutes, 0.020005464553833008 seconds

Avg val. time: 0.0 hours, 0.0 minutes, 0.033801720692561224 seconds
Avg batch val. time: 0.008450430173140306 seconds
Avg sample val. time: 0.0010903780868568138 seconds
Epoch 22 Validation Summary: epoch: 22.000000 | loss: 1.419985 | accuracy: 0.387097 | precision: 0.410266 | 
Epoch 23 Training Summary: epoch: 23.000000 | loss: 1.024388 | 
Epoch runtime: 0.0 hours, 0.0 minutes, 0.4278585910797119 seconds

Avg epoch train. time: 0.0 hours, 0.0 minutes, 0.4510779484458592 seconds
Avg batch train. time: 0.01326699848370174 seconds
Avg sample train. time: 0.0016644942747079674 seconds
Epoch 24 Training Summary: epoch: 24.000000 | loss: 1.019389 | 
Epoch runtime: 0.0 hours, 0.0 minutes, 0.4163391590118408 seconds

Avg epoch train. time: 0.0 hours, 0.0 minutes, 0.4496304988861084 seconds
Avg batch train. time: 0.013224426437826717 seconds
Avg sample train. time: 0.0016591531324210641 seconds
Evaluating on validation set ...
Validation runtime: 0.0 hours, 0.0 minutes, 0.02013874053955078 seconds

Avg val. time: 0.0 hours, 0.0 minutes, 0.03282579353877476 seconds
Avg batch val. time: 0.00820644838469369 seconds
Avg sample val. time: 0.0010588965657669278 seconds
Epoch 24 Validation Summary: epoch: 24.000000 | loss: 1.699544 | accuracy: 0.322581 | precision: 0.188710 | 
Epoch 25 Training Summary: epoch: 25.000000 | loss: 0.972916 | 
Epoch runtime: 0.0 hours, 0.0 minutes, 0.4453611373901367 seconds

Avg epoch train. time: 0.0 hours, 0.0 minutes, 0.4494597244262695 seconds
Avg batch train. time: 0.013219403659596162 seconds
Avg sample train. time: 0.0016585229683626181 seconds
Epoch 26 Training Summary: epoch: 26.000000 | loss: 0.898201 | 
Epoch runtime: 0.0 hours, 0.0 minutes, 0.4454612731933594 seconds

Avg epoch train. time: 0.0 hours, 0.0 minutes, 0.44930593784038836 seconds
Avg batch train. time: 0.013214880524717304 seconds
Avg sample train. time: 0.0016579554901859348 seconds
Evaluating on validation set ...
Validation runtime: 0.0 hours, 0.0 minutes, 0.021780014038085938 seconds

Avg val. time: 0.0 hours, 0.0 minutes, 0.03208940823872884 seconds
Avg batch val. time: 0.00802235205968221 seconds
Avg sample val. time: 0.0010351422012493175 seconds
Epoch 26 Validation Summary: epoch: 26.000000 | loss: 1.531249 | accuracy: 0.354839 | precision: 0.236795 | 
Epoch 27 Training Summary: epoch: 27.000000 | loss: 0.850522 | 
Epoch runtime: 0.0 hours, 0.0 minutes, 0.4378039836883545 seconds

Avg epoch train. time: 0.0 hours, 0.0 minutes, 0.44887993953846117 seconds
Avg batch train. time: 0.013202351162895917 seconds
Avg sample train. time: 0.0016563835407323291 seconds
Epoch 28 Training Summary: epoch: 28.000000 | loss: 0.795422 | 
Epoch runtime: 0.0 hours, 0.0 minutes, 0.431102991104126 seconds

Avg epoch train. time: 0.0 hours, 0.0 minutes, 0.4482450485229492 seconds
Avg batch train. time: 0.0131836778977338 seconds
Avg sample train. time: 0.0016540407694573772 seconds
Evaluating on validation set ...
Validation runtime: 0.0 hours, 0.0 minutes, 0.01972675323486328 seconds

Avg val. time: 0.0 hours, 0.0 minutes, 0.031316742300987244 seconds
Avg batch val. time: 0.007829185575246811 seconds
Avg sample val. time: 0.0010102174935802336 seconds
Epoch 28 Validation Summary: epoch: 28.000000 | loss: 1.720936 | accuracy: 0.419355 | precision: 0.283969 | 
Epoch 29 Training Summary: epoch: 29.000000 | loss: 0.732119 | 
Epoch runtime: 0.0 hours, 0.0 minutes, 0.44939351081848145 seconds

Avg epoch train. time: 0.0 hours, 0.0 minutes, 0.44828465067107104 seconds
Avg batch train. time: 0.013184842666796207 seconds
Avg sample train. time: 0.0016541869028452805 seconds
Epoch 30 Training Summary: epoch: 30.000000 | loss: 0.809600 | 
Epoch runtime: 0.0 hours, 0.0 minutes, 0.4503495693206787 seconds

Avg epoch train. time: 0.0 hours, 0.0 minutes, 0.4483534812927246 seconds
Avg batch train. time: 0.013186867096844843 seconds
Avg sample train. time: 0.0016544408903790577 seconds
Evaluating on validation set ...
Validation runtime: 0.0 hours, 0.0 minutes, 0.02054286003112793 seconds

Avg val. time: 0.0 hours, 0.0 minutes, 0.030682984520407283 seconds
Avg batch val. time: 0.007670746130101821 seconds
Avg sample val. time: 0.0009897736942066865 seconds
Epoch 30 Validation Summary: epoch: 30.000000 | loss: 1.892996 | accuracy: 0.322581 | precision: 0.287250 | 
Epoch 31 Training Summary: epoch: 31.000000 | loss: 0.718505 | 
Epoch runtime: 0.0 hours, 0.0 minutes, 0.432401180267334 seconds

Avg epoch train. time: 0.0 hours, 0.0 minutes, 0.44783889093706686 seconds
Avg batch train. time: 0.01317173208638432 seconds
Avg sample train. time: 0.0016525420329781065 seconds
Epoch 32 Training Summary: epoch: 32.000000 | loss: 0.676994 | 
Epoch runtime: 0.0 hours, 0.0 minutes, 0.4318854808807373 seconds

Avg epoch train. time: 0.0 hours, 0.0 minutes, 0.44734034687280655 seconds
Avg batch train. time: 0.01315706902567078 seconds
Avg sample train. time: 0.001650702386984526 seconds
Evaluating on validation set ...
Validation runtime: 0.0 hours, 0.0 minutes, 0.01983499526977539 seconds

Avg val. time: 0.0 hours, 0.0 minutes, 0.030080318450927734 seconds
Avg batch val. time: 0.007520079612731934 seconds
Avg sample val. time: 0.0009703328532557334 seconds
Epoch 32 Validation Summary: epoch: 32.000000 | loss: 1.981739 | accuracy: 0.451613 | precision: 0.476344 | 
Epoch 33 Training Summary: epoch: 33.000000 | loss: 0.557245 | 
Epoch runtime: 0.0 hours, 0.0 minutes, 0.4393925666809082 seconds

Avg epoch train. time: 0.0 hours, 0.0 minutes, 0.44709950504880963 seconds
Avg batch train. time: 0.013149985442612047 seconds
Avg sample train. time: 0.0016498136717668253 seconds
Epoch 34 Training Summary: epoch: 34.000000 | loss: 0.582072 | 
Epoch runtime: 0.0 hours, 0.0 minutes, 0.44828367233276367 seconds

Avg epoch train. time: 0.0 hours, 0.0 minutes, 0.4471343334983377 seconds
Avg batch train. time: 0.013151009808774638 seconds
Avg sample train. time: 0.0016499421900307665 seconds
Evaluating on validation set ...
Validation runtime: 0.0 hours, 0.0 minutes, 0.018915414810180664 seconds

Avg val. time: 0.0 hours, 0.0 minutes, 0.029492691943519993 seconds
Avg batch val. time: 0.007373172985879998 seconds
Avg sample val. time: 0.0009513771594683868 seconds
Epoch 34 Validation Summary: epoch: 34.000000 | loss: 1.869582 | accuracy: 0.387097 | precision: 0.322424 | 
Epoch 35 Training Summary: epoch: 35.000000 | loss: 0.576658 | 
Epoch runtime: 0.0 hours, 0.0 minutes, 0.45147085189819336 seconds

Avg epoch train. time: 0.0 hours, 0.0 minutes, 0.44725823402404785 seconds
Avg batch train. time: 0.01315465394188376 seconds
Avg sample train. time: 0.001650399387542612 seconds
Epoch 36 Training Summary: epoch: 36.000000 | loss: 0.617509 | 
Epoch runtime: 0.0 hours, 0.0 minutes, 0.42558908462524414 seconds

Avg epoch train. time: 0.0 hours, 0.0 minutes, 0.4466563132074144 seconds
Avg batch train. time: 0.013136950388453365 seconds
Avg sample train. time: 0.0016481782775181343 seconds
Evaluating on validation set ...
Validation runtime: 0.0 hours, 0.0 minutes, 0.020527362823486328 seconds

Avg val. time: 0.0 hours, 0.0 minutes, 0.02904442548751831 seconds
Avg batch val. time: 0.007261106371879577 seconds
Avg sample val. time: 0.0009369169512102681 seconds
Epoch 36 Validation Summary: epoch: 36.000000 | loss: 1.634041 | accuracy: 0.483871 | precision: 0.487586 | 
Epoch 37 Training Summary: epoch: 37.000000 | loss: 0.519812 | 
Epoch runtime: 0.0 hours, 0.0 minutes, 0.43870019912719727 seconds

Avg epoch train. time: 0.0 hours, 0.0 minutes, 0.44644128309713826 seconds
Avg batch train. time: 0.013130625973445243 seconds
Avg sample train. time: 0.0016473848084765249 seconds
Epoch 38 Training Summary: epoch: 38.000000 | loss: 0.508385 | 
Epoch runtime: 0.0 hours, 0.0 minutes, 0.40647053718566895 seconds

Avg epoch train. time: 0.0 hours, 0.0 minutes, 0.44538942136262594 seconds
Avg batch train. time: 0.013099688863606644 seconds
Avg sample train. time: 0.0016435033998620883 seconds
Evaluating on validation set ...
Validation runtime: 0.0 hours, 0.0 minutes, 0.022661209106445312 seconds

Avg val. time: 0.0 hours, 0.0 minutes, 0.02874046280270531 seconds
Avg batch val. time: 0.0071851157006763275 seconds
Avg sample val. time: 0.0009271117033130745 seconds
Epoch 38 Validation Summary: epoch: 38.000000 | loss: 1.988388 | accuracy: 0.322581 | precision: 0.262903 | 
Epoch 39 Training Summary: epoch: 39.000000 | loss: 0.471231 | 
Epoch runtime: 0.0 hours, 0.0 minutes, 0.42435741424560547 seconds

Avg epoch train. time: 0.0 hours, 0.0 minutes, 0.4448501391288562 seconds
Avg batch train. time: 0.013083827621436946 seconds
Avg sample train. time: 0.0016415134285197644 seconds
Epoch 40 Training Summary: epoch: 40.000000 | loss: 0.530859 | 
Epoch runtime: 0.0 hours, 0.0 minutes, 0.43115687370300293 seconds

Avg epoch train. time: 0.0 hours, 0.0 minutes, 0.44450780749320984 seconds
Avg batch train. time: 0.013073759043917936 seconds
Avg sample train. time: 0.0016402502121520659 seconds
Evaluating on validation set ...
Validation runtime: 0.0 hours, 0.0 minutes, 0.01988673210144043 seconds

Avg val. time: 0.0 hours, 0.0 minutes, 0.02833802049810236 seconds
Avg batch val. time: 0.00708450512452559 seconds
Avg sample val. time: 0.0009141296934871729 seconds
Epoch 40 Validation Summary: epoch: 40.000000 | loss: 1.965016 | accuracy: 0.387097 | precision: 0.419969 | 
Best accuracy was 0.4838709677419355. Other metrics: OrderedDict([('epoch', 36), ('loss', 1.6340414477932839), ('accuracy', 0.4838709677419355), ('precision', 0.48758553274682304)])
All Done!
Total runtime: 0.0 hours, 0.0 minutes, 33.39047861099243 seconds

