Running:
src/main_crosssetting.py --output_dir experiments --target_user ZeyuZoom --user_othersetting Zeyu --comment classification from Scratch --name VRS_fromScratch --records_file VRS_records.xls --data_dir /mnt/d/OneDrive - Southern Methodist University/Phone_Privacy/input_feature/opticalflow_22_downsample_480p_s22 --test_data_dir /mnt/d/OneDrive - Southern Methodist University/Phone_Privacy/input_feature/all_processpos_norm_downsample_480p_s22 --data_class vrs --val_ratio 0.1 --epochs 40 --lr 0.001 --dropout 0.2 --batch_size 8 --num_layers 3 --num_heads 4 --optimizer RAdam --pos_encoding learnable --task classification --normalization none --key_metric accuracy

Using device: cuda
Loading and preprocessing data ...
67 samples may be used for training
8 samples will be used for validation
0 samples will be used for testing
Creating model ...
Model:
TSTransformerEncoderClassiregressor(
  (project_inp): Linear(in_features=8, out_features=64, bias=True)
  (pos_enc): LearnablePositionalEncoding(
    (dropout): Dropout(p=0.2, inplace=False)
  )
  (transformer_encoder): TransformerEncoder(
    (layers): ModuleList(
      (0-2): 3 x TransformerBatchNormEncoderLayer(
        (self_attn): MultiheadAttention(
          (out_proj): NonDynamicallyQuantizableLinear(in_features=64, out_features=64, bias=True)
        )
        (linear1): Linear(in_features=64, out_features=256, bias=True)
        (dropout): Dropout(p=0.2, inplace=False)
        (linear2): Linear(in_features=256, out_features=64, bias=True)
        (norm1): BatchNorm1d(64, eps=1e-05, momentum=0.1, affine=True, track_running_stats=True)
        (norm2): BatchNorm1d(64, eps=1e-05, momentum=0.1, affine=True, track_running_stats=True)
        (dropout1): Dropout(p=0.2, inplace=False)
        (dropout2): Dropout(p=0.2, inplace=False)
      )
    )
  )
  (dropout1): Dropout(p=0.2, inplace=False)
  (output_layer): Linear(in_features=5120, out_features=5, bias=True)
)
Total number of parameters: 181253
Trainable parameters: 181253
Evaluating on validation set ...
Validation runtime: 0.0 hours, 0.0 minutes, 0.35037708282470703 seconds

Avg val. time: 0.0 hours, 0.0 minutes, 0.35037708282470703 seconds
Avg batch val. time: 0.35037708282470703 seconds
Avg sample val. time: 0.04379713535308838 seconds
Epoch 0 Validation Summary: epoch: 0.000000 | loss: 2.698478 | accuracy: 0.375000 | precision: 0.428571 | 
Starting training...
Epoch 1 Training Summary: epoch: 1.000000 | loss: 1.728730 | 
Epoch runtime: 0.0 hours, 0.0 minutes, 0.300739049911499 seconds

Avg epoch train. time: 0.0 hours, 0.0 minutes, 0.300739049911499 seconds
Avg batch train. time: 0.03341544999016656 seconds
Avg sample train. time: 0.004488642535992523 seconds
Evaluating on validation set ...
Validation runtime: 0.0 hours, 0.0 minutes, 0.007008552551269531 seconds

Avg val. time: 0.0 hours, 0.0 minutes, 0.17869281768798828 seconds
Avg batch val. time: 0.17869281768798828 seconds
Avg sample val. time: 0.022336602210998535 seconds
Epoch 1 Validation Summary: epoch: 1.000000 | loss: 1.582328 | accuracy: 0.125000 | precision: 0.285714 | 
Epoch 2 Training Summary: epoch: 2.000000 | loss: 1.704260 | 
Epoch runtime: 0.0 hours, 0.0 minutes, 0.087982177734375 seconds

Avg epoch train. time: 0.0 hours, 0.0 minutes, 0.194360613822937 seconds
Avg batch train. time: 0.021595623758104112 seconds
Avg sample train. time: 0.002900904683924433 seconds
Evaluating on validation set ...
Validation runtime: 0.0 hours, 0.0 minutes, 0.006818294525146484 seconds

Avg val. time: 0.0 hours, 0.0 minutes, 0.12140130996704102 seconds
Avg batch val. time: 0.12140130996704102 seconds
Avg sample val. time: 0.015175163745880127 seconds
Epoch 2 Validation Summary: epoch: 2.000000 | loss: 1.570896 | accuracy: 0.250000 | precision: 0.321429 | 
Epoch 3 Training Summary: epoch: 3.000000 | loss: 1.629598 | 
Epoch runtime: 0.0 hours, 0.0 minutes, 0.08030080795288086 seconds

Avg epoch train. time: 0.0 hours, 0.0 minutes, 0.1563406785329183 seconds
Avg batch train. time: 0.017371186503657588 seconds
Avg sample train. time: 0.002333442963177885 seconds
Epoch 4 Training Summary: epoch: 4.000000 | loss: 1.575507 | 
Epoch runtime: 0.0 hours, 0.0 minutes, 0.08468031883239746 seconds

Avg epoch train. time: 0.0 hours, 0.0 minutes, 0.13842558860778809 seconds
Avg batch train. time: 0.015380620956420898 seconds
Avg sample train. time: 0.00206605356131027 seconds
Evaluating on validation set ...
Validation runtime: 0.0 hours, 0.0 minutes, 0.006224393844604492 seconds

Avg val. time: 0.0 hours, 0.0 minutes, 0.09260708093643188 seconds
Avg batch val. time: 0.09260708093643188 seconds
Avg sample val. time: 0.011575885117053986 seconds
Epoch 4 Validation Summary: epoch: 4.000000 | loss: 1.555607 | accuracy: 0.375000 | precision: 0.428571 | 
Epoch 5 Training Summary: epoch: 5.000000 | loss: 1.528043 | 
Epoch runtime: 0.0 hours, 0.0 minutes, 0.08077645301818848 seconds

Avg epoch train. time: 0.0 hours, 0.0 minutes, 0.12689576148986817 seconds
Avg batch train. time: 0.014099529054429797 seconds
Avg sample train. time: 0.0018939665894010175 seconds
Epoch 6 Training Summary: epoch: 6.000000 | loss: 1.461730 | 
Epoch runtime: 0.0 hours, 0.0 minutes, 0.07969021797180176 seconds

Avg epoch train. time: 0.0 hours, 0.0 minutes, 0.11902817090352376 seconds
Avg batch train. time: 0.013225352322613751 seconds
Avg sample train. time: 0.0017765398642316979 seconds
Evaluating on validation set ...
Validation runtime: 0.0 hours, 0.0 minutes, 0.006511211395263672 seconds

Avg val. time: 0.0 hours, 0.0 minutes, 0.07538790702819824 seconds
Avg batch val. time: 0.07538790702819824 seconds
Avg sample val. time: 0.00942348837852478 seconds
Epoch 6 Validation Summary: epoch: 6.000000 | loss: 1.525981 | accuracy: 0.375000 | precision: 0.452381 | 
Epoch 7 Training Summary: epoch: 7.000000 | loss: 1.374300 | 
Epoch runtime: 0.0 hours, 0.0 minutes, 0.0737149715423584 seconds

Avg epoch train. time: 0.0 hours, 0.0 minutes, 0.11255485670907157 seconds
Avg batch train. time: 0.012506095189896841 seconds
Avg sample train. time: 0.0016799232344637549 seconds
Epoch 8 Training Summary: epoch: 8.000000 | loss: 1.346222 | 
Epoch runtime: 0.0 hours, 0.0 minutes, 0.07897663116455078 seconds

Avg epoch train. time: 0.0 hours, 0.0 minutes, 0.10835757851600647 seconds
Avg batch train. time: 0.01203973094622294 seconds
Avg sample train. time: 0.0016172772912836787 seconds
Evaluating on validation set ...
Validation runtime: 0.0 hours, 0.0 minutes, 0.005879640579223633 seconds

Avg val. time: 0.0 hours, 0.0 minutes, 0.06380319595336914 seconds
Avg batch val. time: 0.06380319595336914 seconds
Avg sample val. time: 0.007975399494171143 seconds
Epoch 8 Validation Summary: epoch: 8.000000 | loss: 1.510383 | accuracy: 0.250000 | precision: 0.250000 | 
Epoch 9 Training Summary: epoch: 9.000000 | loss: 1.308072 | 
Epoch runtime: 0.0 hours, 0.0 minutes, 0.07433295249938965 seconds

Avg epoch train. time: 0.0 hours, 0.0 minutes, 0.10457706451416016 seconds
Avg batch train. time: 0.011619673834906684 seconds
Avg sample train. time: 0.0015608517091665695 seconds
Epoch 10 Training Summary: epoch: 10.000000 | loss: 1.248894 | 
Epoch runtime: 0.0 hours, 0.0 minutes, 0.07195353507995605 seconds

Avg epoch train. time: 0.0 hours, 0.0 minutes, 0.10131471157073975 seconds
Avg batch train. time: 0.011257190174526638 seconds
Avg sample train. time: 0.0015121598741901455 seconds
Evaluating on validation set ...
Validation runtime: 0.0 hours, 0.0 minutes, 0.006583690643310547 seconds

Avg val. time: 0.0 hours, 0.0 minutes, 0.05562898090907505 seconds
Avg batch val. time: 0.05562898090907505 seconds
Avg sample val. time: 0.006953622613634382 seconds
Epoch 10 Validation Summary: epoch: 10.000000 | loss: 1.532465 | accuracy: 0.250000 | precision: 0.250000 | 
Epoch 11 Training Summary: epoch: 11.000000 | loss: 1.140905 | 
Epoch runtime: 0.0 hours, 0.0 minutes, 0.07646059989929199 seconds

Avg epoch train. time: 0.0 hours, 0.0 minutes, 0.0990552468733354 seconds
Avg batch train. time: 0.011006138541481712 seconds
Avg sample train. time: 0.0014784365204975434 seconds
Epoch 12 Training Summary: epoch: 12.000000 | loss: 1.159553 | 
Epoch runtime: 0.0 hours, 0.0 minutes, 0.07742500305175781 seconds

Avg epoch train. time: 0.0 hours, 0.0 minutes, 0.0972527265548706 seconds
Avg batch train. time: 0.010805858506096734 seconds
Avg sample train. time: 0.0014515332321622478 seconds
Evaluating on validation set ...
Validation runtime: 0.0 hours, 0.0 minutes, 0.006000995635986328 seconds

Avg val. time: 0.0 hours, 0.0 minutes, 0.049425482749938965 seconds
Avg batch val. time: 0.049425482749938965 seconds
Avg sample val. time: 0.006178185343742371 seconds
Epoch 12 Validation Summary: epoch: 12.000000 | loss: 1.567506 | accuracy: 0.375000 | precision: 0.291667 | 
Epoch 13 Training Summary: epoch: 13.000000 | loss: 1.048015 | 
Epoch runtime: 0.0 hours, 0.0 minutes, 0.08103156089782715 seconds

Avg epoch train. time: 0.0 hours, 0.0 minutes, 0.09600494458125187 seconds
Avg batch train. time: 0.010667216064583542 seconds
Avg sample train. time: 0.0014329096206156997 seconds
Epoch 14 Training Summary: epoch: 14.000000 | loss: 1.067796 | 
Epoch runtime: 0.0 hours, 0.0 minutes, 0.07447481155395508 seconds

Avg epoch train. time: 0.0 hours, 0.0 minutes, 0.09446707793644496 seconds
Avg batch train. time: 0.010496341992938328 seconds
Avg sample train. time: 0.0014099563871111187 seconds
Evaluating on validation set ...
Validation runtime: 0.0 hours, 0.0 minutes, 0.005225181579589844 seconds

Avg val. time: 0.0 hours, 0.0 minutes, 0.04451433817545573 seconds
Avg batch val. time: 0.04451433817545573 seconds
Avg sample val. time: 0.005564292271931966 seconds
Epoch 14 Validation Summary: epoch: 14.000000 | loss: 1.521389 | accuracy: 0.375000 | precision: 0.361111 | 
Epoch 15 Training Summary: epoch: 15.000000 | loss: 0.906395 | 
Epoch runtime: 0.0 hours, 0.0 minutes, 0.0802145004272461 seconds

Avg epoch train. time: 0.0 hours, 0.0 minutes, 0.09351690610249837 seconds
Avg batch train. time: 0.010390767344722041 seconds
Avg sample train. time: 0.0013957747179477369 seconds
Epoch 16 Training Summary: epoch: 16.000000 | loss: 0.923204 | 
Epoch runtime: 0.0 hours, 0.0 minutes, 0.08243465423583984 seconds

Avg epoch train. time: 0.0 hours, 0.0 minutes, 0.09282426536083221 seconds
Avg batch train. time: 0.01031380726231469 seconds
Avg sample train. time: 0.0013854367964303315 seconds
Evaluating on validation set ...
Validation runtime: 0.0 hours, 0.0 minutes, 0.006264448165893555 seconds

Avg val. time: 0.0 hours, 0.0 minutes, 0.04068934917449951 seconds
Avg batch val. time: 0.04068934917449951 seconds
Avg sample val. time: 0.005086168646812439 seconds
Epoch 16 Validation Summary: epoch: 16.000000 | loss: 1.516672 | accuracy: 0.375000 | precision: 0.333333 | 
Epoch 17 Training Summary: epoch: 17.000000 | loss: 0.829172 | 
Epoch runtime: 0.0 hours, 0.0 minutes, 0.08442091941833496 seconds

Avg epoch train. time: 0.0 hours, 0.0 minutes, 0.0923299508936265 seconds
Avg batch train. time: 0.010258883432625166 seconds
Avg sample train. time: 0.0013780589685615896 seconds
Epoch 18 Training Summary: epoch: 18.000000 | loss: 0.702573 | 
Epoch runtime: 0.0 hours, 0.0 minutes, 0.07950997352600098 seconds

Avg epoch train. time: 0.0 hours, 0.0 minutes, 0.09161772992875841 seconds
Avg batch train. time: 0.010179747769862045 seconds
Avg sample train. time: 0.0013674288049068419 seconds
Evaluating on validation set ...
Validation runtime: 0.0 hours, 0.0 minutes, 0.006557941436767578 seconds

Avg val. time: 0.0 hours, 0.0 minutes, 0.03758649392561479 seconds
Avg batch val. time: 0.03758649392561479 seconds
Avg sample val. time: 0.004698311740701849 seconds
Epoch 18 Validation Summary: epoch: 18.000000 | loss: 1.581169 | accuracy: 0.375000 | precision: 0.291667 | 
Epoch 19 Training Summary: epoch: 19.000000 | loss: 0.669778 | 
Epoch runtime: 0.0 hours, 0.0 minutes, 0.08269953727722168 seconds

Avg epoch train. time: 0.0 hours, 0.0 minutes, 0.0911483513681512 seconds
Avg batch train. time: 0.010127594596461245 seconds
Avg sample train. time: 0.0013604231547485256 seconds
Epoch 20 Training Summary: epoch: 20.000000 | loss: 0.597913 | 
Epoch runtime: 0.0 hours, 0.0 minutes, 0.08495807647705078 seconds

Avg epoch train. time: 0.0 hours, 0.0 minutes, 0.0908388376235962 seconds
Avg batch train. time: 0.010093204180399577 seconds
Avg sample train. time: 0.0013558035466208387 seconds
Evaluating on validation set ...
Validation runtime: 0.0 hours, 0.0 minutes, 0.006331920623779297 seconds

Avg val. time: 0.0 hours, 0.0 minutes, 0.03498194615046183 seconds
Avg batch val. time: 0.03498194615046183 seconds
Avg sample val. time: 0.004372743268807729 seconds
Epoch 20 Validation Summary: epoch: 20.000000 | loss: 1.579426 | accuracy: 0.250000 | precision: 0.250000 | 
Epoch 21 Training Summary: epoch: 21.000000 | loss: 0.524441 | 
Epoch runtime: 0.0 hours, 0.0 minutes, 0.07947182655334473 seconds

Avg epoch train. time: 0.0 hours, 0.0 minutes, 0.09029755138215564 seconds
Avg batch train. time: 0.01003306126468396 seconds
Avg sample train. time: 0.0013477246474948603 seconds
Epoch 22 Training Summary: epoch: 22.000000 | loss: 0.554014 | 
Epoch runtime: 0.0 hours, 0.0 minutes, 0.07746148109436035 seconds

Avg epoch train. time: 0.0 hours, 0.0 minutes, 0.08971409364180132 seconds
Avg batch train. time: 0.009968232626866812 seconds
Avg sample train. time: 0.00133901632301196 seconds
Evaluating on validation set ...
Validation runtime: 0.0 hours, 0.0 minutes, 0.006551265716552734 seconds

Avg val. time: 0.0 hours, 0.0 minutes, 0.03279497073246883 seconds
Avg batch val. time: 0.03279497073246883 seconds
Avg sample val. time: 0.0040993713415586035 seconds
Epoch 22 Validation Summary: epoch: 22.000000 | loss: 1.622476 | accuracy: 0.375000 | precision: 0.333333 | 
Epoch 23 Training Summary: epoch: 23.000000 | loss: 0.463188 | 
Epoch runtime: 0.0 hours, 0.0 minutes, 0.08525919914245605 seconds

Avg epoch train. time: 0.0 hours, 0.0 minutes, 0.0895204025766124 seconds
Avg batch train. time: 0.009946711397401378 seconds
Avg sample train. time: 0.0013361254115912297 seconds
Epoch 24 Training Summary: epoch: 24.000000 | loss: 0.409472 | 
Epoch runtime: 0.0 hours, 0.0 minutes, 0.0830080509185791 seconds

Avg epoch train. time: 0.0 hours, 0.0 minutes, 0.08924905459086101 seconds
Avg batch train. time: 0.009916561621206778 seconds
Avg sample train. time: 0.001332075441654642 seconds
Evaluating on validation set ...
Validation runtime: 0.0 hours, 0.0 minutes, 0.006597042083740234 seconds

Avg val. time: 0.0 hours, 0.0 minutes, 0.030923690114702498 seconds
Avg batch val. time: 0.030923690114702498 seconds
Avg sample val. time: 0.003865461264337812 seconds
Epoch 24 Validation Summary: epoch: 24.000000 | loss: 1.626789 | accuracy: 0.375000 | precision: 0.291667 | 
Epoch 25 Training Summary: epoch: 25.000000 | loss: 0.419463 | 
Epoch runtime: 0.0 hours, 0.0 minutes, 0.08918070793151855 seconds

Avg epoch train. time: 0.0 hours, 0.0 minutes, 0.08924632072448731 seconds
Avg batch train. time: 0.009916257858276368 seconds
Avg sample train. time: 0.001332034637678915 seconds
Epoch 26 Training Summary: epoch: 26.000000 | loss: 0.348065 | 
Epoch runtime: 0.0 hours, 0.0 minutes, 0.08030176162719727 seconds

Avg epoch train. time: 0.0 hours, 0.0 minutes, 0.08890229922074538 seconds
Avg batch train. time: 0.009878033246749487 seconds
Avg sample train. time: 0.0013268999883693342 seconds
Evaluating on validation set ...
Validation runtime: 0.0 hours, 0.0 minutes, 0.005498409271240234 seconds

Avg val. time: 0.0 hours, 0.0 minutes, 0.029228671391805013 seconds
Avg batch val. time: 0.029228671391805013 seconds
Avg sample val. time: 0.0036535839239756267 seconds
Epoch 26 Validation Summary: epoch: 26.000000 | loss: 1.584311 | accuracy: 0.375000 | precision: 0.375000 | 
Epoch 27 Training Summary: epoch: 27.000000 | loss: 0.350902 | 
Epoch runtime: 0.0 hours, 0.0 minutes, 0.07963395118713379 seconds

Avg epoch train. time: 0.0 hours, 0.0 minutes, 0.08855902707135235 seconds
Avg batch train. time: 0.009839891896816928 seconds
Avg sample train. time: 0.0013217765234530203 seconds
Epoch 28 Training Summary: epoch: 28.000000 | loss: 0.313375 | 
Epoch runtime: 0.0 hours, 0.0 minutes, 0.08511829376220703 seconds

Avg epoch train. time: 0.0 hours, 0.0 minutes, 0.08843614373888288 seconds
Avg batch train. time: 0.009826238193209208 seconds
Avg sample train. time: 0.0013199424438639236 seconds
Evaluating on validation set ...
Validation runtime: 0.0 hours, 0.0 minutes, 0.006028413772583008 seconds

Avg val. time: 0.0 hours, 0.0 minutes, 0.027778655290603638 seconds
Avg batch val. time: 0.027778655290603638 seconds
Avg sample val. time: 0.0034723319113254547 seconds
Epoch 28 Validation Summary: epoch: 28.000000 | loss: 1.714375 | accuracy: 0.375000 | precision: 0.375000 | 
Epoch 29 Training Summary: epoch: 29.000000 | loss: 0.252495 | 
Epoch runtime: 0.0 hours, 0.0 minutes, 0.07352232933044434 seconds

Avg epoch train. time: 0.0 hours, 0.0 minutes, 0.08792187427652293 seconds
Avg batch train. time: 0.00976909714183588 seconds
Avg sample train. time: 0.001312266780246611 seconds
Epoch 30 Training Summary: epoch: 30.000000 | loss: 0.268210 | 
Epoch runtime: 0.0 hours, 0.0 minutes, 0.07877182960510254 seconds

Avg epoch train. time: 0.0 hours, 0.0 minutes, 0.08761687278747558 seconds
Avg batch train. time: 0.009735208087497288 seconds
Avg sample train. time: 0.0013077145192160536 seconds
Evaluating on validation set ...
Validation runtime: 0.0 hours, 0.0 minutes, 0.007508039474487305 seconds

Avg val. time: 0.0 hours, 0.0 minutes, 0.026586266124949735 seconds
Avg batch val. time: 0.026586266124949735 seconds
Avg sample val. time: 0.003323283265618717 seconds
Epoch 30 Validation Summary: epoch: 30.000000 | loss: 1.785403 | accuracy: 0.375000 | precision: 0.375000 | 
Epoch 31 Training Summary: epoch: 31.000000 | loss: 0.249654 | 
Epoch runtime: 0.0 hours, 0.0 minutes, 0.07983255386352539 seconds

Avg epoch train. time: 0.0 hours, 0.0 minutes, 0.08736576572541267 seconds
Avg batch train. time: 0.00970730730282363 seconds
Avg sample train. time: 0.0013039666526180997 seconds
Epoch 32 Training Summary: epoch: 32.000000 | loss: 0.186886 | 
Epoch runtime: 0.0 hours, 0.0 minutes, 0.07987713813781738 seconds

Avg epoch train. time: 0.0 hours, 0.0 minutes, 0.08713174611330032 seconds
Avg batch train. time: 0.009681305123700036 seconds
Avg sample train. time: 0.001300473822586572 seconds
Evaluating on validation set ...
Validation runtime: 0.0 hours, 0.0 minutes, 0.005499362945556641 seconds

Avg val. time: 0.0 hours, 0.0 minutes, 0.025414771503872342 seconds
Avg batch val. time: 0.025414771503872342 seconds
Avg sample val. time: 0.003176846437984043 seconds
Epoch 32 Validation Summary: epoch: 32.000000 | loss: 1.814849 | accuracy: 0.375000 | precision: 0.375000 | 
Epoch 33 Training Summary: epoch: 33.000000 | loss: 0.178178 | 
Epoch runtime: 0.0 hours, 0.0 minutes, 0.07599711418151855 seconds

Avg epoch train. time: 0.0 hours, 0.0 minutes, 0.08679433302445845 seconds
Avg batch train. time: 0.009643814780495384 seconds
Avg sample train. time: 0.0012954378063352008 seconds
Epoch 34 Training Summary: epoch: 34.000000 | loss: 0.145820 | 
Epoch runtime: 0.0 hours, 0.0 minutes, 0.07681608200073242 seconds

Avg epoch train. time: 0.0 hours, 0.0 minutes, 0.0865008550531724 seconds
Avg batch train. time: 0.009611206117019155 seconds
Avg sample train. time: 0.0012910575381070506 seconds
Evaluating on validation set ...
Validation runtime: 0.0 hours, 0.0 minutes, 0.0059795379638671875 seconds

Avg val. time: 0.0 hours, 0.0 minutes, 0.024391864475451018 seconds
Avg batch val. time: 0.024391864475451018 seconds
Avg sample val. time: 0.0030489830594313773 seconds
Epoch 34 Validation Summary: epoch: 34.000000 | loss: 2.024338 | accuracy: 0.375000 | precision: 0.312500 | 
Epoch 35 Training Summary: epoch: 35.000000 | loss: 0.180754 | 
Epoch runtime: 0.0 hours, 0.0 minutes, 0.08344388008117676 seconds

Avg epoch train. time: 0.0 hours, 0.0 minutes, 0.08641351291111538 seconds
Avg batch train. time: 0.009601501434568374 seconds
Avg sample train. time: 0.0012897539240464982 seconds
Epoch 36 Training Summary: epoch: 36.000000 | loss: 0.116241 | 
Epoch runtime: 0.0 hours, 0.0 minutes, 0.07965874671936035 seconds

Avg epoch train. time: 0.0 hours, 0.0 minutes, 0.08622588051689996 seconds
Avg batch train. time: 0.009580653390766662 seconds
Avg sample train. time: 0.0012869534405507456 seconds
Evaluating on validation set ...
Validation runtime: 0.0 hours, 0.0 minutes, 0.005248546600341797 seconds

Avg val. time: 0.0 hours, 0.0 minutes, 0.023434698581695557 seconds
Avg batch val. time: 0.023434698581695557 seconds
Avg sample val. time: 0.0029293373227119446 seconds
Epoch 36 Validation Summary: epoch: 36.000000 | loss: 1.871171 | accuracy: 0.375000 | precision: 0.375000 | 
Epoch 37 Training Summary: epoch: 37.000000 | loss: 0.133237 | 
Epoch runtime: 0.0 hours, 0.0 minutes, 0.0740203857421875 seconds

Avg epoch train. time: 0.0 hours, 0.0 minutes, 0.08589600227974556 seconds
Avg batch train. time: 0.009544000253305061 seconds
Avg sample train. time: 0.0012820298847723219 seconds
Epoch 38 Training Summary: epoch: 38.000000 | loss: 0.106002 | 
Epoch runtime: 0.0 hours, 0.0 minutes, 0.07319140434265137 seconds

Avg epoch train. time: 0.0 hours, 0.0 minutes, 0.0855616707550852 seconds
Avg batch train. time: 0.009506852306120576 seconds
Avg sample train. time: 0.001277039862016197 seconds
Evaluating on validation set ...
Validation runtime: 0.0 hours, 0.0 minutes, 0.0054531097412109375 seconds

Avg val. time: 0.0 hours, 0.0 minutes, 0.022578432446434385 seconds
Avg batch val. time: 0.022578432446434385 seconds
Avg sample val. time: 0.002822304055804298 seconds
Epoch 38 Validation Summary: epoch: 38.000000 | loss: 1.800236 | accuracy: 0.375000 | precision: 0.375000 | 
Epoch 39 Training Summary: epoch: 39.000000 | loss: 0.096871 | 
Epoch runtime: 0.0 hours, 0.0 minutes, 0.0783686637878418 seconds

Avg epoch train. time: 0.0 hours, 0.0 minutes, 0.08537723467900203 seconds
Avg batch train. time: 0.009486359408778004 seconds
Avg sample train. time: 0.0012742870847612243 seconds
Epoch 40 Training Summary: epoch: 40.000000 | loss: 0.116661 | 
Epoch runtime: 0.0 hours, 0.0 minutes, 0.08415722846984863 seconds

Avg epoch train. time: 0.0 hours, 0.0 minutes, 0.0853467345237732 seconds
Avg batch train. time: 0.009482970502641467 seconds
Avg sample train. time: 0.001273831858563779 seconds
Evaluating on validation set ...
Validation runtime: 0.0 hours, 0.0 minutes, 0.0061054229736328125 seconds

Avg val. time: 0.0 hours, 0.0 minutes, 0.02182965928857977 seconds
Avg batch val. time: 0.02182965928857977 seconds
Avg sample val. time: 0.002728707411072471 seconds
Epoch 40 Validation Summary: epoch: 40.000000 | loss: 1.676317 | accuracy: 0.375000 | precision: 0.375000 | 
Best accuracy was 0.375. Other metrics: OrderedDict([('epoch', 0), ('loss', 2.6984775066375732), ('accuracy', 0.375), ('precision', 0.42857142857142855)])
All Done!
Total runtime: 0.0 hours, 0.0 minutes, 8.035715818405151 seconds

