Running:
src/main_5q.py --output_dir experiments --comment classification from Scratch --name VRS_fromScratch --records_file VRS_records.xls --data_dir /mnt/d/OneDrive - Southern Methodist University/Phone_Privacy/input_feature/opticalflowRAFT_44_downsample_480p_s22 --data_class vrs --val_ratio 0.1 --epochs 40 --lr 0.001 --dropout 0.2 --batch_size 8 --num_layers 3 --num_heads 4 --optimizer RAdam --pos_encoding learnable --task classification --normalization none --key_metric accuracy

Using device: cuda
Loading and preprocessing data ...
1021 samples may be used for training
114 samples will be used for validation
0 samples will be used for testing
Creating model ...
Model:
TSTransformerEncoderClassiregressor(
  (project_inp): Linear(in_features=32, out_features=64, bias=True)
  (pos_enc): LearnablePositionalEncoding(
    (dropout): Dropout(p=0.2, inplace=False)
  )
  (transformer_encoder): TransformerEncoder(
    (layers): ModuleList(
      (0-2): 3 x TransformerBatchNormEncoderLayer(
        (self_attn): MultiheadAttention(
          (out_proj): NonDynamicallyQuantizableLinear(in_features=64, out_features=64, bias=True)
        )
        (linear1): Linear(in_features=64, out_features=256, bias=True)
        (dropout): Dropout(p=0.2, inplace=False)
        (linear2): Linear(in_features=256, out_features=64, bias=True)
        (norm1): BatchNorm1d(64, eps=1e-05, momentum=0.1, affine=True, track_running_stats=True)
        (norm2): BatchNorm1d(64, eps=1e-05, momentum=0.1, affine=True, track_running_stats=True)
        (dropout1): Dropout(p=0.2, inplace=False)
        (dropout2): Dropout(p=0.2, inplace=False)
      )
    )
  )
  (dropout1): Dropout(p=0.2, inplace=False)
  (output_layer): Linear(in_features=5120, out_features=5, bias=True)
)
Total number of parameters: 182789
Trainable parameters: 182789
Evaluating on validation set ...
Validation runtime: 0.0 hours, 0.0 minutes, 0.42209339141845703 seconds

Avg val. time: 0.0 hours, 0.0 minutes, 0.42209339141845703 seconds
Avg batch val. time: 0.028139559427897136 seconds
Avg sample val. time: 0.0037025736089338337 seconds
Epoch 0 Validation Summary: epoch: 0.000000 | loss: 4.117839 | accuracy: 0.192982 | precision: 0.187015 | 
Starting training...
Epoch 1 Training Summary: epoch: 1.000000 | loss: 1.653933 | 
Epoch runtime: 0.0 hours, 0.0 minutes, 1.3880372047424316 seconds

Avg epoch train. time: 0.0 hours, 0.0 minutes, 1.3880372047424316 seconds
Avg batch train. time: 0.010844040662050247 seconds
Avg sample train. time: 0.0013594879576321565 seconds
Evaluating on validation set ...
Validation runtime: 0.0 hours, 0.0 minutes, 0.04116964340209961 seconds

Avg val. time: 0.0 hours, 0.0 minutes, 0.23163151741027832 seconds
Avg batch val. time: 0.015442101160685222 seconds
Avg sample val. time: 0.0020318554158796345 seconds
Epoch 1 Validation Summary: epoch: 1.000000 | loss: 1.644501 | accuracy: 0.201754 | precision: 0.160858 | 
Epoch 2 Training Summary: epoch: 2.000000 | loss: 1.595332 | 
Epoch runtime: 0.0 hours, 0.0 minutes, 1.200085163116455 seconds

Avg epoch train. time: 0.0 hours, 0.0 minutes, 1.2940611839294434 seconds
Avg batch train. time: 0.010109852999448776 seconds
Avg sample train. time: 0.001267444842242354 seconds
Evaluating on validation set ...
Validation runtime: 0.0 hours, 0.0 minutes, 0.04157114028930664 seconds

Avg val. time: 0.0 hours, 0.0 minutes, 0.16827805836995444 seconds
Avg batch val. time: 0.011218537224663629 seconds
Avg sample val. time: 0.001476123319034688 seconds
Epoch 2 Validation Summary: epoch: 2.000000 | loss: 1.687406 | accuracy: 0.263158 | precision: 0.261582 | 
Epoch 3 Training Summary: epoch: 3.000000 | loss: 1.544846 | 
Epoch runtime: 0.0 hours, 0.0 minutes, 1.1474735736846924 seconds

Avg epoch train. time: 0.0 hours, 0.0 minutes, 1.245198647181193 seconds
Avg batch train. time: 0.009728114431103071 seconds
Avg sample train. time: 0.0012195873135956838 seconds
Epoch 4 Training Summary: epoch: 4.000000 | loss: 1.485039 | 
Epoch runtime: 0.0 hours, 0.0 minutes, 1.2405478954315186 seconds

Avg epoch train. time: 0.0 hours, 0.0 minutes, 1.2440359592437744 seconds
Avg batch train. time: 0.009719030931591988 seconds
Avg sample train. time: 0.0012184485399057536 seconds
Evaluating on validation set ...
Validation runtime: 0.0 hours, 0.0 minutes, 0.04631209373474121 seconds

Avg val. time: 0.0 hours, 0.0 minutes, 0.13778656721115112 seconds
Avg batch val. time: 0.009185771147410074 seconds
Avg sample val. time: 0.0012086540983434308 seconds
Epoch 4 Validation Summary: epoch: 4.000000 | loss: 1.760997 | accuracy: 0.298246 | precision: 0.285264 | 
Epoch 5 Training Summary: epoch: 5.000000 | loss: 1.455520 | 
Epoch runtime: 0.0 hours, 0.0 minutes, 1.4150185585021973 seconds

Avg epoch train. time: 0.0 hours, 0.0 minutes, 1.278232479095459 seconds
Avg batch train. time: 0.009986191242933273 seconds
Avg sample train. time: 0.001251941703325621 seconds
Epoch 6 Training Summary: epoch: 6.000000 | loss: 1.428653 | 
Epoch runtime: 0.0 hours, 0.0 minutes, 1.22249174118042 seconds

Avg epoch train. time: 0.0 hours, 0.0 minutes, 1.2689423561096191 seconds
Avg batch train. time: 0.0099136121571064 seconds
Avg sample train. time: 0.001242842660244485 seconds
Evaluating on validation set ...
Validation runtime: 0.0 hours, 0.0 minutes, 0.042992591857910156 seconds

Avg val. time: 0.0 hours, 0.0 minutes, 0.11882777214050293 seconds
Avg batch val. time: 0.00792185147603353 seconds
Avg sample val. time: 0.0010423488784254643 seconds
Epoch 6 Validation Summary: epoch: 6.000000 | loss: 1.932580 | accuracy: 0.263158 | precision: 0.219700 | 
Epoch 7 Training Summary: epoch: 7.000000 | loss: 1.411561 | 
Epoch runtime: 0.0 hours, 0.0 minutes, 1.2546653747558594 seconds

Avg epoch train. time: 0.0 hours, 0.0 minutes, 1.2669027873447962 seconds
Avg batch train. time: 0.00989767802613122 seconds
Avg sample train. time: 0.0012408450414738454 seconds
Epoch 8 Training Summary: epoch: 8.000000 | loss: 1.371499 | 
Epoch runtime: 0.0 hours, 0.0 minutes, 1.2386133670806885 seconds

Avg epoch train. time: 0.0 hours, 0.0 minutes, 1.2633666098117828 seconds
Avg batch train. time: 0.009870051639154553 seconds
Avg sample train. time: 0.0012373815962896991 seconds
Evaluating on validation set ...
Validation runtime: 0.0 hours, 0.0 minutes, 0.05338478088378906 seconds

Avg val. time: 0.0 hours, 0.0 minutes, 0.10792060693105061 seconds
Avg batch val. time: 0.007194707128736708 seconds
Avg sample val. time: 0.000946671990623251 seconds
Epoch 8 Validation Summary: epoch: 8.000000 | loss: 1.926236 | accuracy: 0.307018 | precision: 0.305644 | 
Epoch 9 Training Summary: epoch: 9.000000 | loss: 1.340478 | 
Epoch runtime: 0.0 hours, 0.0 minutes, 1.7153983116149902 seconds

Avg epoch train. time: 0.0 hours, 0.0 minutes, 1.3135923544565837 seconds
Avg batch train. time: 0.01026244026919206 seconds
Avg sample train. time: 0.0012865742942767715 seconds
Epoch 10 Training Summary: epoch: 10.000000 | loss: 1.321268 | 
Epoch runtime: 0.0 hours, 0.0 minutes, 1.7948739528656006 seconds

Avg epoch train. time: 0.0 hours, 0.0 minutes, 1.3617205142974853 seconds
Avg batch train. time: 0.010638441517949104 seconds
Avg sample train. time: 0.0013337125507321109 seconds
Evaluating on validation set ...
Validation runtime: 0.0 hours, 0.0 minutes, 0.06663131713867188 seconds

Avg val. time: 0.0 hours, 0.0 minutes, 0.1020221369607108 seconds
Avg batch val. time: 0.00680147579738072 seconds
Avg sample val. time: 0.0008949310259711474 seconds
Epoch 10 Validation Summary: epoch: 10.000000 | loss: 1.952197 | accuracy: 0.280702 | precision: 0.269017 | 
Epoch 11 Training Summary: epoch: 11.000000 | loss: 1.240984 | 
Epoch runtime: 0.0 hours, 0.0 minutes, 1.5266013145446777 seconds

Avg epoch train. time: 0.0 hours, 0.0 minutes, 1.376709677956321 seconds
Avg batch train. time: 0.010755544359033758 seconds
Avg sample train. time: 0.0013483934162157895 seconds
Epoch 12 Training Summary: epoch: 12.000000 | loss: 1.255696 | 
Epoch runtime: 0.0 hours, 0.0 minutes, 1.3265881538391113 seconds

Avg epoch train. time: 0.0 hours, 0.0 minutes, 1.372532884279887 seconds
Avg batch train. time: 0.010722913158436617 seconds
Avg sample train. time: 0.001344302531126236 seconds
Evaluating on validation set ...
Validation runtime: 0.0 hours, 0.0 minutes, 0.046204328536987305 seconds

Avg val. time: 0.0 hours, 0.0 minutes, 0.09504491090774536 seconds
Avg batch val. time: 0.006336327393849691 seconds
Avg sample val. time: 0.000833727288664433 seconds
Epoch 12 Validation Summary: epoch: 12.000000 | loss: 1.886668 | accuracy: 0.315789 | precision: 0.324416 | 
Epoch 13 Training Summary: epoch: 13.000000 | loss: 1.228838 | 
Epoch runtime: 0.0 hours, 0.0 minutes, 1.4964144229888916 seconds

Avg epoch train. time: 0.0 hours, 0.0 minutes, 1.3820622334113488 seconds
Avg batch train. time: 0.010797361198526163 seconds
Avg sample train. time: 0.001353635879932761 seconds
Epoch 14 Training Summary: epoch: 14.000000 | loss: 1.259159 | 
Epoch runtime: 0.0 hours, 0.0 minutes, 1.6468451023101807 seconds

Avg epoch train. time: 0.0 hours, 0.0 minutes, 1.400975295475551 seconds
Avg batch train. time: 0.010945119495902742 seconds
Avg sample train. time: 0.0013721599368026944 seconds
Evaluating on validation set ...
Validation runtime: 0.0 hours, 0.0 minutes, 0.06321096420288086 seconds

Avg val. time: 0.0 hours, 0.0 minutes, 0.09150780571831597 seconds
Avg batch val. time: 0.006100520381221065 seconds
Avg sample val. time: 0.0008027000501606665 seconds
Epoch 14 Validation Summary: epoch: 14.000000 | loss: 1.879037 | accuracy: 0.263158 | precision: 0.280411 | 
Epoch 15 Training Summary: epoch: 15.000000 | loss: 1.222965 | 
Epoch runtime: 0.0 hours, 0.0 minutes, 1.561976671218872 seconds

Avg epoch train. time: 0.0 hours, 0.0 minutes, 1.4117087205251058 seconds
Avg batch train. time: 0.011028974379102389 seconds
Avg sample train. time: 0.0013826725960089184 seconds
Epoch 16 Training Summary: epoch: 16.000000 | loss: 1.178643 | 
Epoch runtime: 0.0 hours, 0.0 minutes, 1.5225772857666016 seconds

Avg epoch train. time: 0.0 hours, 0.0 minutes, 1.4186380058526993 seconds
Avg batch train. time: 0.011083109420724213 seconds
Avg sample train. time: 0.0013894593593072472 seconds
Evaluating on validation set ...
Validation runtime: 0.0 hours, 0.0 minutes, 0.052971601486206055 seconds

Avg val. time: 0.0 hours, 0.0 minutes, 0.08765418529510498 seconds
Avg batch val. time: 0.005843612353006998 seconds
Avg sample val. time: 0.0007688963622377629 seconds
Epoch 16 Validation Summary: epoch: 16.000000 | loss: 1.973106 | accuracy: 0.219298 | precision: 0.243620 | 
Epoch 17 Training Summary: epoch: 17.000000 | loss: 1.180394 | 
Epoch runtime: 0.0 hours, 0.0 minutes, 1.363708257675171 seconds

Avg epoch train. time: 0.0 hours, 0.0 minutes, 1.4154068441951977 seconds
Avg batch train. time: 0.011057865970274982 seconds
Avg sample train. time: 0.0013862946564105756 seconds
Epoch 18 Training Summary: epoch: 18.000000 | loss: 1.132102 | 
Epoch runtime: 0.0 hours, 0.0 minutes, 1.2498552799224854 seconds

Avg epoch train. time: 0.0 hours, 0.0 minutes, 1.4062095350689359 seconds
Avg batch train. time: 0.010986011992726061 seconds
Avg sample train. time: 0.0013772865181870086 seconds
Evaluating on validation set ...
Validation runtime: 0.0 hours, 0.0 minutes, 0.04457902908325195 seconds

Avg val. time: 0.0 hours, 0.0 minutes, 0.08373826200311835 seconds
Avg batch val. time: 0.00558255080020789 seconds
Avg sample val. time: 0.0007345461579220908 seconds
Epoch 18 Validation Summary: epoch: 18.000000 | loss: 1.902642 | accuracy: 0.324561 | precision: 0.330114 | 
Epoch 19 Training Summary: epoch: 19.000000 | loss: 1.125113 | 
Epoch runtime: 0.0 hours, 0.0 minutes, 1.2714791297912598 seconds

Avg epoch train. time: 0.0 hours, 0.0 minutes, 1.399118461106953 seconds
Avg batch train. time: 0.01093061297739807 seconds
Avg sample train. time: 0.001370341293934332 seconds
Epoch 20 Training Summary: epoch: 20.000000 | loss: 1.091586 | 
Epoch runtime: 0.0 hours, 0.0 minutes, 1.2745954990386963 seconds

Avg epoch train. time: 0.0 hours, 0.0 minutes, 1.39289231300354 seconds
Avg batch train. time: 0.010881971195340156 seconds
Avg sample train. time: 0.0013642432056841724 seconds
Evaluating on validation set ...
Validation runtime: 0.0 hours, 0.0 minutes, 0.04615211486816406 seconds

Avg val. time: 0.0 hours, 0.0 minutes, 0.08060608307520549 seconds
Avg batch val. time: 0.005373738871680366 seconds
Avg sample val. time: 0.0007070709041684692 seconds
Epoch 20 Validation Summary: epoch: 20.000000 | loss: 2.237855 | accuracy: 0.298246 | precision: 0.288636 | 
Epoch 21 Training Summary: epoch: 21.000000 | loss: 1.055923 | 
Epoch runtime: 0.0 hours, 0.0 minutes, 1.2735228538513184 seconds

Avg epoch train. time: 0.0 hours, 0.0 minutes, 1.3872080530439104 seconds
Avg batch train. time: 0.01083756291440555 seconds
Avg sample train. time: 0.0013586758599842413 seconds
Epoch 22 Training Summary: epoch: 22.000000 | loss: 1.066639 | 
Epoch runtime: 0.0 hours, 0.0 minutes, 1.2300233840942383 seconds

Avg epoch train. time: 0.0 hours, 0.0 minutes, 1.3800632953643799 seconds
Avg batch train. time: 0.010781744495034218 seconds
Avg sample train. time: 0.0013516780561845052 seconds
Evaluating on validation set ...
Validation runtime: 0.0 hours, 0.0 minutes, 0.044461727142333984 seconds

Avg val. time: 0.0 hours, 0.0 minutes, 0.07782574800344613 seconds
Avg batch val. time: 0.005188383200229742 seconds
Avg sample val. time: 0.0006826820000302293 seconds
Epoch 22 Validation Summary: epoch: 22.000000 | loss: 2.417743 | accuracy: 0.219298 | precision: 0.261271 | 
Epoch 23 Training Summary: epoch: 23.000000 | loss: 1.054620 | 
Epoch runtime: 0.0 hours, 0.0 minutes, 1.2934257984161377 seconds

Avg epoch train. time: 0.0 hours, 0.0 minutes, 1.376296447670978 seconds
Avg batch train. time: 0.010752315997429516 seconds
Avg sample train. time: 0.001347988685280096 seconds
Epoch 24 Training Summary: epoch: 24.000000 | loss: 0.992255 | 
Epoch runtime: 0.0 hours, 0.0 minutes, 1.4131546020507812 seconds

Avg epoch train. time: 0.0 hours, 0.0 minutes, 1.3778322041034698 seconds
Avg batch train. time: 0.010764314094558358 seconds
Avg sample train. time: 0.0013494928541659841 seconds
Evaluating on validation set ...
Validation runtime: 0.0 hours, 0.0 minutes, 0.046532630920410156 seconds

Avg val. time: 0.0 hours, 0.0 minutes, 0.07559052535465785 seconds
Avg batch val. time: 0.00503936835697719 seconds
Avg sample val. time: 0.0006630747838127882 seconds
Epoch 24 Validation Summary: epoch: 24.000000 | loss: 2.094070 | accuracy: 0.298246 | precision: 0.295464 | 
Epoch 25 Training Summary: epoch: 25.000000 | loss: 0.993146 | 
Epoch runtime: 0.0 hours, 0.0 minutes, 1.3111457824707031 seconds

Avg epoch train. time: 0.0 hours, 0.0 minutes, 1.3751647472381592 seconds
Avg batch train. time: 0.010743474587798119 seconds
Avg sample train. time: 0.0013468802617415858 seconds
Epoch 26 Training Summary: epoch: 26.000000 | loss: 0.921224 | 
Epoch runtime: 0.0 hours, 0.0 minutes, 1.255932092666626 seconds

Avg epoch train. time: 0.0 hours, 0.0 minutes, 1.370578875908485 seconds
Avg batch train. time: 0.010707647468035039 seconds
Avg sample train. time: 0.001342388712936812 seconds
Evaluating on validation set ...
Validation runtime: 0.0 hours, 0.0 minutes, 0.047265052795410156 seconds

Avg val. time: 0.0 hours, 0.0 minutes, 0.07370216051737467 seconds
Avg batch val. time: 0.004913477367824978 seconds
Avg sample val. time: 0.0006465101799769708 seconds
Epoch 26 Validation Summary: epoch: 26.000000 | loss: 2.374781 | accuracy: 0.254386 | precision: 0.279553 | 
Epoch 27 Training Summary: epoch: 27.000000 | loss: 0.926234 | 
Epoch runtime: 0.0 hours, 0.0 minutes, 1.2141532897949219 seconds

Avg epoch train. time: 0.0 hours, 0.0 minutes, 1.3647853356820565 seconds
Avg batch train. time: 0.010662385435016066 seconds
Avg sample train. time: 0.001336714334654316 seconds
Epoch 28 Training Summary: epoch: 28.000000 | loss: 0.895611 | 
Epoch runtime: 0.0 hours, 0.0 minutes, 1.3009779453277588 seconds

Avg epoch train. time: 0.0 hours, 0.0 minutes, 1.3625065003122603 seconds
Avg batch train. time: 0.010644582033689533 seconds
Avg sample train. time: 0.001334482370531107 seconds
Evaluating on validation set ...
Validation runtime: 0.0 hours, 0.0 minutes, 0.042592763900756836 seconds

Avg val. time: 0.0 hours, 0.0 minutes, 0.07175782322883606 seconds
Avg batch val. time: 0.004783854881922404 seconds
Avg sample val. time: 0.0006294545897266321 seconds
Epoch 28 Validation Summary: epoch: 28.000000 | loss: 2.508201 | accuracy: 0.298246 | precision: 0.313146 | 
Epoch 29 Training Summary: epoch: 29.000000 | loss: 0.975243 | 
Epoch runtime: 0.0 hours, 0.0 minutes, 1.3104362487792969 seconds

Avg epoch train. time: 0.0 hours, 0.0 minutes, 1.3607109743973305 seconds
Avg batch train. time: 0.010630554487479144 seconds
Avg sample train. time: 0.0013327237751198143 seconds
Epoch 30 Training Summary: epoch: 30.000000 | loss: 0.891772 | 
Epoch runtime: 0.0 hours, 0.0 minutes, 1.2931430339813232 seconds

Avg epoch train. time: 0.0 hours, 0.0 minutes, 1.3584587097167968 seconds
Avg batch train. time: 0.010612958669662475 seconds
Avg sample train. time: 0.0013305178351780576 seconds
Evaluating on validation set ...
Validation runtime: 0.0 hours, 0.0 minutes, 0.046027421951293945 seconds

Avg val. time: 0.0 hours, 0.0 minutes, 0.07024427021251005 seconds
Avg batch val. time: 0.00468295134750067 seconds
Avg sample val. time: 0.0006161778088816671 seconds
Epoch 30 Validation Summary: epoch: 30.000000 | loss: 2.277215 | accuracy: 0.228070 | precision: 0.239532 | 
Epoch 31 Training Summary: epoch: 31.000000 | loss: 0.893239 | 
Epoch runtime: 0.0 hours, 0.0 minutes, 1.1980271339416504 seconds

Avg epoch train. time: 0.0 hours, 0.0 minutes, 1.3532834975950179 seconds
Avg batch train. time: 0.010572527324961077 seconds
Avg sample train. time: 0.0013254490671841506 seconds
Epoch 32 Training Summary: epoch: 32.000000 | loss: 0.841018 | 
Epoch runtime: 0.0 hours, 0.0 minutes, 1.215914249420166 seconds

Avg epoch train. time: 0.0 hours, 0.0 minutes, 1.3489907085895538 seconds
Avg batch train. time: 0.01053898991085589 seconds
Avg sample train. time: 0.0013212445725656746 seconds
Evaluating on validation set ...
Validation runtime: 0.0 hours, 0.0 minutes, 0.043509721755981445 seconds

Avg val. time: 0.0 hours, 0.0 minutes, 0.06875901752048069 seconds
Avg batch val. time: 0.004583934501365379 seconds
Avg sample val. time: 0.0006031492764954447 seconds
Epoch 32 Validation Summary: epoch: 32.000000 | loss: 2.356915 | accuracy: 0.228070 | precision: 0.228942 | 
Epoch 33 Training Summary: epoch: 33.000000 | loss: 0.833284 | 
Epoch runtime: 0.0 hours, 0.0 minutes, 1.1854729652404785 seconds

Avg epoch train. time: 0.0 hours, 0.0 minutes, 1.3440356254577637 seconds
Avg batch train. time: 0.010500278323888779 seconds
Avg sample train. time: 0.0013163914059331672 seconds
Epoch 34 Training Summary: epoch: 34.000000 | loss: 0.796769 | 
Epoch runtime: 0.0 hours, 0.0 minutes, 1.1405553817749023 seconds

Avg epoch train. time: 0.0 hours, 0.0 minutes, 1.3380509124082678 seconds
Avg batch train. time: 0.010453522753189592 seconds
Avg sample train. time: 0.0013105297868837098 seconds
Evaluating on validation set ...
Validation runtime: 0.0 hours, 0.0 minutes, 0.04255032539367676 seconds

Avg val. time: 0.0 hours, 0.0 minutes, 0.06737961267170153 seconds
Avg batch val. time: 0.004491974178113436 seconds
Avg sample val. time: 0.0005910492339622942 seconds
Epoch 34 Validation Summary: epoch: 34.000000 | loss: 2.480190 | accuracy: 0.245614 | precision: 0.262519 | 
Epoch 35 Training Summary: epoch: 35.000000 | loss: 0.838276 | 
Epoch runtime: 0.0 hours, 0.0 minutes, 1.119424819946289 seconds

Avg epoch train. time: 0.0 hours, 0.0 minutes, 1.33180445262364 seconds
Avg batch train. time: 0.010404722286122187 seconds
Avg sample train. time: 0.001304411804724427 seconds
Epoch 36 Training Summary: epoch: 36.000000 | loss: 0.850678 | 
Epoch runtime: 0.0 hours, 0.0 minutes, 1.136777639389038 seconds

Avg epoch train. time: 0.0 hours, 0.0 minutes, 1.3263870411449008 seconds
Avg batch train. time: 0.010362398758944538 seconds
Avg sample train. time: 0.0012991058189470136 seconds
Evaluating on validation set ...
Validation runtime: 0.0 hours, 0.0 minutes, 0.041529178619384766 seconds

Avg val. time: 0.0 hours, 0.0 minutes, 0.06608709096908569 seconds
Avg batch val. time: 0.004405806064605712 seconds
Avg sample val. time: 0.0005797113242902253 seconds
Epoch 36 Validation Summary: epoch: 36.000000 | loss: 2.479542 | accuracy: 0.263158 | precision: 0.265834 | 
Epoch 37 Training Summary: epoch: 37.000000 | loss: 0.792151 | 
Epoch runtime: 0.0 hours, 0.0 minutes, 1.4443762302398682 seconds

Avg epoch train. time: 0.0 hours, 0.0 minutes, 1.3295759381474674 seconds
Avg batch train. time: 0.01038731201677709 seconds
Avg sample train. time: 0.0013022291264911533 seconds
Epoch 38 Training Summary: epoch: 38.000000 | loss: 0.808203 | 
Epoch runtime: 0.0 hours, 0.0 minutes, 1.466186285018921 seconds

Avg epoch train. time: 0.0 hours, 0.0 minutes, 1.3331709472756637 seconds
Avg batch train. time: 0.010415398025591122 seconds
Avg sample train. time: 0.001305750193218084 seconds
Evaluating on validation set ...
Validation runtime: 0.0 hours, 0.0 minutes, 0.04594564437866211 seconds

Avg val. time: 0.0 hours, 0.0 minutes, 0.0651279744647798 seconds
Avg batch val. time: 0.0043418649643186535 seconds
Avg sample val. time: 0.0005712980216208755 seconds
Epoch 38 Validation Summary: epoch: 38.000000 | loss: 2.602708 | accuracy: 0.298246 | precision: 0.302243 | 
Epoch 39 Training Summary: epoch: 39.000000 | loss: 0.761608 | 
Epoch runtime: 0.0 hours, 0.0 minutes, 1.174781084060669 seconds

Avg epoch train. time: 0.0 hours, 0.0 minutes, 1.3291096687316895 seconds
Avg batch train. time: 0.010383669286966324 seconds
Avg sample train. time: 0.0013017724473375998 seconds
Epoch 40 Training Summary: epoch: 40.000000 | loss: 0.745445 | 
Epoch runtime: 0.0 hours, 0.0 minutes, 1.1508362293243408 seconds

Avg epoch train. time: 0.0 hours, 0.0 minutes, 1.3246528327465057 seconds
Avg batch train. time: 0.010348850255832076 seconds
Avg sample train. time: 0.0012974072798692515 seconds
Evaluating on validation set ...
Validation runtime: 0.0 hours, 0.0 minutes, 0.038336992263793945 seconds

Avg val. time: 0.0 hours, 0.0 minutes, 0.06391020254655318 seconds
Avg batch val. time: 0.004260680169770212 seconds
Avg sample val. time: 0.00056061581181187 seconds
Epoch 40 Validation Summary: epoch: 40.000000 | loss: 2.453864 | accuracy: 0.271930 | precision: 0.266519 | 
Best accuracy was 0.32456140350877194. Other metrics: OrderedDict([('epoch', 18), ('loss', 1.902641823417262), ('accuracy', 0.32456140350877194), ('precision', 0.3301144274828486)])
All Done!
Total runtime: 0.0 hours, 1.0 minutes, 52.63202500343323 seconds

