Running:
src/main_crosssetting.py --output_dir experiments --target_user Zeyu --user_othersetting ZeyuZoom --comment classification from Scratch --name VRS_fromScratch --records_file VRS_records.xls --data_dir /mnt/d/OneDrive - Southern Methodist University/Phone_Privacy/input_feature/all_processpos_norm_downsample_480p_s22 --test_data_dir /mnt/d/OneDrive - Southern Methodist University/Phone_Privacy/input_feature/all_processpos_norm_downsample_480p_s22 --data_class vrs --val_ratio 0.1 --epochs 40 --lr 0.001 --dropout 0.2 --batch_size 8 --num_layers 3 --num_heads 4 --optimizer RAdam --pos_encoding learnable --task classification --normalization none --key_metric accuracy

Using device: cuda
Loading and preprocessing data ...
67 samples may be used for training
8 samples will be used for validation
0 samples will be used for testing
Creating model ...
Model:
TSTransformerEncoderClassiregressor(
  (project_inp): Linear(in_features=39, out_features=64, bias=True)
  (pos_enc): LearnablePositionalEncoding(
    (dropout): Dropout(p=0.2, inplace=False)
  )
  (transformer_encoder): TransformerEncoder(
    (layers): ModuleList(
      (0-2): 3 x TransformerBatchNormEncoderLayer(
        (self_attn): MultiheadAttention(
          (out_proj): NonDynamicallyQuantizableLinear(in_features=64, out_features=64, bias=True)
        )
        (linear1): Linear(in_features=64, out_features=256, bias=True)
        (dropout): Dropout(p=0.2, inplace=False)
        (linear2): Linear(in_features=256, out_features=64, bias=True)
        (norm1): BatchNorm1d(64, eps=1e-05, momentum=0.1, affine=True, track_running_stats=True)
        (norm2): BatchNorm1d(64, eps=1e-05, momentum=0.1, affine=True, track_running_stats=True)
        (dropout1): Dropout(p=0.2, inplace=False)
        (dropout2): Dropout(p=0.2, inplace=False)
      )
    )
  )
  (dropout1): Dropout(p=0.2, inplace=False)
  (output_layer): Linear(in_features=5120, out_features=5, bias=True)
)
Total number of parameters: 183237
Trainable parameters: 183237
Evaluating on validation set ...
Validation runtime: 0.0 hours, 0.0 minutes, 0.22283220291137695 seconds

Avg val. time: 0.0 hours, 0.0 minutes, 0.22283220291137695 seconds
Avg batch val. time: 0.22283220291137695 seconds
Avg sample val. time: 0.02785402536392212 seconds
Epoch 0 Validation Summary: epoch: 0.000000 | loss: 4.300024 | accuracy: 0.250000 | precision: 0.250000 | 
Starting training...
Epoch 1 Training Summary: epoch: 1.000000 | loss: 1.612723 | 
Epoch runtime: 0.0 hours, 0.0 minutes, 0.20805144309997559 seconds

Avg epoch train. time: 0.0 hours, 0.0 minutes, 0.20805144309997559 seconds
Avg batch train. time: 0.0231168270111084 seconds
Avg sample train. time: 0.0031052454194026207 seconds
Evaluating on validation set ...
Validation runtime: 0.0 hours, 0.0 minutes, 0.006770610809326172 seconds

Avg val. time: 0.0 hours, 0.0 minutes, 0.11480140686035156 seconds
Avg batch val. time: 0.11480140686035156 seconds
Avg sample val. time: 0.014350175857543945 seconds
Epoch 1 Validation Summary: epoch: 1.000000 | loss: 1.755189 | accuracy: 0.250000 | precision: 0.250000 | 
Epoch 2 Training Summary: epoch: 2.000000 | loss: 1.646683 | 
Epoch runtime: 0.0 hours, 0.0 minutes, 0.0865941047668457 seconds

Avg epoch train. time: 0.0 hours, 0.0 minutes, 0.14732277393341064 seconds
Avg batch train. time: 0.016369197103712294 seconds
Avg sample train. time: 0.002198847372140457 seconds
Evaluating on validation set ...
Validation runtime: 0.0 hours, 0.0 minutes, 0.0064258575439453125 seconds

Avg val. time: 0.0 hours, 0.0 minutes, 0.07867622375488281 seconds
Avg batch val. time: 0.07867622375488281 seconds
Avg sample val. time: 0.009834527969360352 seconds
Epoch 2 Validation Summary: epoch: 2.000000 | loss: 1.627304 | accuracy: 0.125000 | precision: 0.066667 | 
Epoch 3 Training Summary: epoch: 3.000000 | loss: 1.618348 | 
Epoch runtime: 0.0 hours, 0.0 minutes, 0.08689355850219727 seconds

Avg epoch train. time: 0.0 hours, 0.0 minutes, 0.1271797021230062 seconds
Avg batch train. time: 0.014131078013667355 seconds
Avg sample train. time: 0.0018982045092986 seconds
Epoch 4 Training Summary: epoch: 4.000000 | loss: 1.664863 | 
Epoch runtime: 0.0 hours, 0.0 minutes, 0.09401607513427734 seconds

Avg epoch train. time: 0.0 hours, 0.0 minutes, 0.11888879537582397 seconds
Avg batch train. time: 0.01320986615286933 seconds
Avg sample train. time: 0.0017744596324749846 seconds
Evaluating on validation set ...
Validation runtime: 0.0 hours, 0.0 minutes, 0.007059574127197266 seconds

Avg val. time: 0.0 hours, 0.0 minutes, 0.060772061347961426 seconds
Avg batch val. time: 0.060772061347961426 seconds
Avg sample val. time: 0.007596507668495178 seconds
Epoch 4 Validation Summary: epoch: 4.000000 | loss: 1.601042 | accuracy: 0.250000 | precision: 0.280000 | 
Epoch 5 Training Summary: epoch: 5.000000 | loss: 1.604582 | 
Epoch runtime: 0.0 hours, 0.0 minutes, 0.0841360092163086 seconds

Avg epoch train. time: 0.0 hours, 0.0 minutes, 0.1119382381439209 seconds
Avg batch train. time: 0.012437582015991211 seconds
Avg sample train. time: 0.0016707199722973268 seconds
Epoch 6 Training Summary: epoch: 6.000000 | loss: 1.655119 | 
Epoch runtime: 0.0 hours, 0.0 minutes, 0.0840909481048584 seconds

Avg epoch train. time: 0.0 hours, 0.0 minutes, 0.10729702313741048 seconds
Avg batch train. time: 0.011921891459712276 seconds
Avg sample train. time: 0.0016014481065285146 seconds
Evaluating on validation set ...
Validation runtime: 0.0 hours, 0.0 minutes, 0.006805419921875 seconds

Avg val. time: 0.0 hours, 0.0 minutes, 0.04997873306274414 seconds
Avg batch val. time: 0.04997873306274414 seconds
Avg sample val. time: 0.006247341632843018 seconds
Epoch 6 Validation Summary: epoch: 6.000000 | loss: 1.582382 | accuracy: 0.500000 | precision: 0.500000 | 
Epoch 7 Training Summary: epoch: 7.000000 | loss: 1.566699 | 
Epoch runtime: 0.0 hours, 0.0 minutes, 0.08252358436584473 seconds

Avg epoch train. time: 0.0 hours, 0.0 minutes, 0.10375796045575823 seconds
Avg batch train. time: 0.011528662272862027 seconds
Avg sample train. time: 0.001548626275459078 seconds
Epoch 8 Training Summary: epoch: 8.000000 | loss: 1.657645 | 
Epoch runtime: 0.0 hours, 0.0 minutes, 0.08797025680541992 seconds

Avg epoch train. time: 0.0 hours, 0.0 minutes, 0.10178449749946594 seconds
Avg batch train. time: 0.011309388611051772 seconds
Avg sample train. time: 0.001519171604469641 seconds
Evaluating on validation set ...
Validation runtime: 0.0 hours, 0.0 minutes, 0.007555246353149414 seconds

Avg val. time: 0.0 hours, 0.0 minutes, 0.042908151944478355 seconds
Avg batch val. time: 0.042908151944478355 seconds
Avg sample val. time: 0.005363518993059794 seconds
Epoch 8 Validation Summary: epoch: 8.000000 | loss: 1.556856 | accuracy: 0.375000 | precision: 0.642857 | 
Epoch 9 Training Summary: epoch: 9.000000 | loss: 1.587866 | 
Epoch runtime: 0.0 hours, 0.0 minutes, 0.08848142623901367 seconds

Avg epoch train. time: 0.0 hours, 0.0 minutes, 0.1003063784705268 seconds
Avg batch train. time: 0.011145153163391867 seconds
Avg sample train. time: 0.0014971101264257731 seconds
Epoch 10 Training Summary: epoch: 10.000000 | loss: 1.586857 | 
Epoch runtime: 0.0 hours, 0.0 minutes, 0.0885319709777832 seconds

Avg epoch train. time: 0.0 hours, 0.0 minutes, 0.09912893772125245 seconds
Avg batch train. time: 0.011014326413472494 seconds
Avg sample train. time: 0.0014795363838992902 seconds
Evaluating on validation set ...
Validation runtime: 0.0 hours, 0.0 minutes, 0.006827116012573242 seconds

Avg val. time: 0.0 hours, 0.0 minutes, 0.03775371823992048 seconds
Avg batch val. time: 0.03775371823992048 seconds
Avg sample val. time: 0.00471921477999006 seconds
Epoch 10 Validation Summary: epoch: 10.000000 | loss: 1.543926 | accuracy: 0.250000 | precision: 0.333333 | 
Epoch 11 Training Summary: epoch: 11.000000 | loss: 1.587216 | 
Epoch runtime: 0.0 hours, 0.0 minutes, 0.08841705322265625 seconds

Avg epoch train. time: 0.0 hours, 0.0 minutes, 0.09815513003956187 seconds
Avg batch train. time: 0.010906125559951319 seconds
Avg sample train. time: 0.001465001940888983 seconds
Epoch 12 Training Summary: epoch: 12.000000 | loss: 1.555041 | 
Epoch runtime: 0.0 hours, 0.0 minutes, 0.08841538429260254 seconds

Avg epoch train. time: 0.0 hours, 0.0 minutes, 0.0973434845606486 seconds
Avg batch train. time: 0.010815942728960956 seconds
Avg sample train. time: 0.001452887829263412 seconds
Evaluating on validation set ...
Validation runtime: 0.0 hours, 0.0 minutes, 0.006202220916748047 seconds

Avg val. time: 0.0 hours, 0.0 minutes, 0.033809781074523926 seconds
Avg batch val. time: 0.033809781074523926 seconds
Avg sample val. time: 0.004226222634315491 seconds
Epoch 12 Validation Summary: epoch: 12.000000 | loss: 1.511518 | accuracy: 0.375000 | precision: 0.366667 | 
Epoch 13 Training Summary: epoch: 13.000000 | loss: 1.559457 | 
Epoch runtime: 0.0 hours, 0.0 minutes, 0.08290386199951172 seconds

Avg epoch train. time: 0.0 hours, 0.0 minutes, 0.09623274436363807 seconds
Avg batch train. time: 0.010692527151515342 seconds
Avg sample train. time: 0.0014363096173677324 seconds
Epoch 14 Training Summary: epoch: 14.000000 | loss: 1.524908 | 
Epoch runtime: 0.0 hours, 0.0 minutes, 0.0852060317993164 seconds

Avg epoch train. time: 0.0 hours, 0.0 minutes, 0.0954451220376151 seconds
Avg batch train. time: 0.010605013559735012 seconds
Avg sample train. time: 0.0014245540602629118 seconds
Evaluating on validation set ...
Validation runtime: 0.0 hours, 0.0 minutes, 0.0064754486083984375 seconds

Avg val. time: 0.0 hours, 0.0 minutes, 0.030772633022732206 seconds
Avg batch val. time: 0.030772633022732206 seconds
Avg sample val. time: 0.0038465791278415257 seconds
Epoch 14 Validation Summary: epoch: 14.000000 | loss: 1.464694 | accuracy: 0.250000 | precision: 0.300000 | 
Epoch 15 Training Summary: epoch: 15.000000 | loss: 1.541987 | 
Epoch runtime: 0.0 hours, 0.0 minutes, 0.08573079109191895 seconds

Avg epoch train. time: 0.0 hours, 0.0 minutes, 0.09479749997456868 seconds
Avg batch train. time: 0.010533055552729854 seconds
Avg sample train. time: 0.0014148880593219206 seconds
Epoch 16 Training Summary: epoch: 16.000000 | loss: 1.459968 | 
Epoch runtime: 0.0 hours, 0.0 minutes, 0.08510565757751465 seconds

Avg epoch train. time: 0.0 hours, 0.0 minutes, 0.09419175982475281 seconds
Avg batch train. time: 0.0104657510916392 seconds
Avg sample train. time: 0.0014058471615634748 seconds
Evaluating on validation set ...
Validation runtime: 0.0 hours, 0.0 minutes, 0.006547451019287109 seconds

Avg val. time: 0.0 hours, 0.0 minutes, 0.028350114822387695 seconds
Avg batch val. time: 0.028350114822387695 seconds
Avg sample val. time: 0.003543764352798462 seconds
Epoch 16 Validation Summary: epoch: 16.000000 | loss: 1.456173 | accuracy: 0.375000 | precision: 0.360000 | 
Epoch 17 Training Summary: epoch: 17.000000 | loss: 1.382416 | 
Epoch runtime: 0.0 hours, 0.0 minutes, 0.08900284767150879 seconds

Avg epoch train. time: 0.0 hours, 0.0 minutes, 0.0938865296980914 seconds
Avg batch train. time: 0.010431836633121267 seconds
Avg sample train. time: 0.0014012914880312149 seconds
Epoch 18 Training Summary: epoch: 18.000000 | loss: 1.334985 | 
Epoch runtime: 0.0 hours, 0.0 minutes, 0.0888831615447998 seconds

Avg epoch train. time: 0.0 hours, 0.0 minutes, 0.0936085648006863 seconds
Avg batch train. time: 0.0104009516445207 seconds
Avg sample train. time: 0.0013971427582191985 seconds
Evaluating on validation set ...
Validation runtime: 0.0 hours, 0.0 minutes, 0.007286548614501953 seconds

Avg val. time: 0.0 hours, 0.0 minutes, 0.026435245167125355 seconds
Avg batch val. time: 0.026435245167125355 seconds
Avg sample val. time: 0.0033044056458906693 seconds
Epoch 18 Validation Summary: epoch: 18.000000 | loss: 1.419398 | accuracy: 0.375000 | precision: 0.366667 | 
Epoch 19 Training Summary: epoch: 19.000000 | loss: 1.331417 | 
Epoch runtime: 0.0 hours, 0.0 minutes, 0.12813377380371094 seconds

Avg epoch train. time: 0.0 hours, 0.0 minutes, 0.0954256810640034 seconds
Avg batch train. time: 0.010602853451555934 seconds
Avg sample train. time: 0.0014242638964776626 seconds
Epoch 20 Training Summary: epoch: 20.000000 | loss: 1.302975 | 
Epoch runtime: 0.0 hours, 0.0 minutes, 0.09185981750488281 seconds

Avg epoch train. time: 0.0 hours, 0.0 minutes, 0.09524738788604736 seconds
Avg batch train. time: 0.010583043098449707 seconds
Avg sample train. time: 0.0014216028042693637 seconds
Evaluating on validation set ...
Validation runtime: 0.0 hours, 0.0 minutes, 0.007666349411010742 seconds

Avg val. time: 0.0 hours, 0.0 minutes, 0.02487117052078247 seconds
Avg batch val. time: 0.02487117052078247 seconds
Avg sample val. time: 0.003108896315097809 seconds
Epoch 20 Validation Summary: epoch: 20.000000 | loss: 1.340261 | accuracy: 0.375000 | precision: 0.285714 | 
Epoch 21 Training Summary: epoch: 21.000000 | loss: 1.243927 | 
Epoch runtime: 0.0 hours, 0.0 minutes, 0.08837652206420898 seconds

Avg epoch train. time: 0.0 hours, 0.0 minutes, 0.09492020379929315 seconds
Avg batch train. time: 0.010546689311032573 seconds
Avg sample train. time: 0.0014167194596909425 seconds
Epoch 22 Training Summary: epoch: 22.000000 | loss: 1.292314 | 
Epoch runtime: 0.0 hours, 0.0 minutes, 0.0986635684967041 seconds

Avg epoch train. time: 0.0 hours, 0.0 minutes, 0.09509035674008456 seconds
Avg batch train. time: 0.01056559519334273 seconds
Avg sample train. time: 0.0014192590558221576 seconds
Evaluating on validation set ...
Validation runtime: 0.0 hours, 0.0 minutes, 0.007734775543212891 seconds

Avg val. time: 0.0 hours, 0.0 minutes, 0.023552986291738656 seconds
Avg batch val. time: 0.023552986291738656 seconds
Avg sample val. time: 0.002944123286467332 seconds
Epoch 22 Validation Summary: epoch: 22.000000 | loss: 1.349537 | accuracy: 0.500000 | precision: 0.555556 | 
Epoch 23 Training Summary: epoch: 23.000000 | loss: 1.235790 | 
Epoch runtime: 0.0 hours, 0.0 minutes, 0.08762860298156738 seconds

Avg epoch train. time: 0.0 hours, 0.0 minutes, 0.09476593266362729 seconds
Avg batch train. time: 0.010529548073736366 seconds
Avg sample train. time: 0.001414416905427273 seconds
Epoch 24 Training Summary: epoch: 24.000000 | loss: 1.156386 | 
Epoch runtime: 0.0 hours, 0.0 minutes, 0.0898442268371582 seconds

Avg epoch train. time: 0.0 hours, 0.0 minutes, 0.09456086158752441 seconds
Avg batch train. time: 0.010506762398613824 seconds
Avg sample train. time: 0.0014113561430973793 seconds
Evaluating on validation set ...
Validation runtime: 0.0 hours, 0.0 minutes, 0.00691986083984375 seconds

Avg val. time: 0.0 hours, 0.0 minutes, 0.022364905902317593 seconds
Avg batch val. time: 0.022364905902317593 seconds
Avg sample val. time: 0.002795613237789699 seconds
Epoch 24 Validation Summary: epoch: 24.000000 | loss: 1.334475 | accuracy: 0.625000 | precision: 0.722222 | 
Epoch 25 Training Summary: epoch: 25.000000 | loss: 1.023535 | 
Epoch runtime: 0.0 hours, 0.0 minutes, 0.09160447120666504 seconds

Avg epoch train. time: 0.0 hours, 0.0 minutes, 0.09444260597229004 seconds
Avg batch train. time: 0.010493622885810005 seconds
Avg sample train. time: 0.0014095911339147768 seconds
Epoch 26 Training Summary: epoch: 26.000000 | loss: 0.991812 | 
Epoch runtime: 0.0 hours, 0.0 minutes, 0.09009003639221191 seconds

Avg epoch train. time: 0.0 hours, 0.0 minutes, 0.09427519944997934 seconds
Avg batch train. time: 0.010475022161108814 seconds
Avg sample train. time: 0.001407092529104169 seconds
Evaluating on validation set ...
Validation runtime: 0.0 hours, 0.0 minutes, 0.006993532180786133 seconds

Avg val. time: 0.0 hours, 0.0 minutes, 0.021340147654215495 seconds
Avg batch val. time: 0.021340147654215495 seconds
Avg sample val. time: 0.002667518456776937 seconds
Epoch 26 Validation Summary: epoch: 26.000000 | loss: 1.294670 | accuracy: 0.500000 | precision: 0.716667 | 
Epoch 27 Training Summary: epoch: 27.000000 | loss: 0.972073 | 
Epoch runtime: 0.0 hours, 0.0 minutes, 0.09144783020019531 seconds

Avg epoch train. time: 0.0 hours, 0.0 minutes, 0.0941704820703577 seconds
Avg batch train. time: 0.010463386896706412 seconds
Avg sample train. time: 0.0014055295831396672 seconds
Epoch 28 Training Summary: epoch: 28.000000 | loss: 0.996214 | 
Epoch runtime: 0.0 hours, 0.0 minutes, 0.09264588356018066 seconds

Avg epoch train. time: 0.0 hours, 0.0 minutes, 0.09411603212356567 seconds
Avg batch train. time: 0.010457336902618408 seconds
Avg sample train. time: 0.0014047168973666518 seconds
Evaluating on validation set ...
Validation runtime: 0.0 hours, 0.0 minutes, 0.007287740707397461 seconds

Avg val. time: 0.0 hours, 0.0 minutes, 0.020461872220039368 seconds
Avg batch val. time: 0.020461872220039368 seconds
Avg sample val. time: 0.002557734027504921 seconds
Epoch 28 Validation Summary: epoch: 28.000000 | loss: 1.392205 | accuracy: 0.375000 | precision: 0.560000 | 
Epoch 29 Training Summary: epoch: 29.000000 | loss: 0.877101 | 
Epoch runtime: 0.0 hours, 0.0 minutes, 0.0857853889465332 seconds

Avg epoch train. time: 0.0 hours, 0.0 minutes, 0.09382876856573696 seconds
Avg batch train. time: 0.010425418729526329 seconds
Avg sample train. time: 0.0014004293815781637 seconds
Epoch 30 Training Summary: epoch: 30.000000 | loss: 0.784506 | 
Epoch runtime: 0.0 hours, 0.0 minutes, 0.09293532371520996 seconds

Avg epoch train. time: 0.0 hours, 0.0 minutes, 0.0937989870707194 seconds
Avg batch train. time: 0.010422109674524378 seconds
Avg sample train. time: 0.0013999848816525285 seconds
Evaluating on validation set ...
Validation runtime: 0.0 hours, 0.0 minutes, 0.008314132690429688 seconds

Avg val. time: 0.0 hours, 0.0 minutes, 0.019747299306532917 seconds
Avg batch val. time: 0.019747299306532917 seconds
Avg sample val. time: 0.0024684124133166146 seconds
Epoch 30 Validation Summary: epoch: 30.000000 | loss: 1.243025 | accuracy: 0.375000 | precision: 0.360000 | 
Epoch 31 Training Summary: epoch: 31.000000 | loss: 0.873767 | 
Epoch runtime: 0.0 hours, 0.0 minutes, 0.09574484825134277 seconds

Avg epoch train. time: 0.0 hours, 0.0 minutes, 0.09386175678622338 seconds
Avg batch train. time: 0.010429084087358154 seconds
Avg sample train. time: 0.001400921743077961 seconds
Epoch 32 Training Summary: epoch: 32.000000 | loss: 0.747802 | 
Epoch runtime: 0.0 hours, 0.0 minutes, 0.09321832656860352 seconds

Avg epoch train. time: 0.0 hours, 0.0 minutes, 0.09384164959192276 seconds
Avg batch train. time: 0.010426849954658084 seconds
Avg sample train. time: 0.0014006216357003397 seconds
Evaluating on validation set ...
Validation runtime: 0.0 hours, 0.0 minutes, 0.007199287414550781 seconds

Avg val. time: 0.0 hours, 0.0 minutes, 0.01905018753475613 seconds
Avg batch val. time: 0.01905018753475613 seconds
Avg sample val. time: 0.0023812734418445164 seconds
Epoch 32 Validation Summary: epoch: 32.000000 | loss: 1.229883 | accuracy: 0.750000 | precision: 0.805556 | 
Epoch 33 Training Summary: epoch: 33.000000 | loss: 0.665695 | 
Epoch runtime: 0.0 hours, 0.0 minutes, 0.09244322776794434 seconds

Avg epoch train. time: 0.0 hours, 0.0 minutes, 0.09379927317301433 seconds
Avg batch train. time: 0.01042214146366826 seconds
Avg sample train. time: 0.0013999891518360348 seconds
Epoch 34 Training Summary: epoch: 34.000000 | loss: 0.627647 | 
Epoch runtime: 0.0 hours, 0.0 minutes, 0.09286975860595703 seconds

Avg epoch train. time: 0.0 hours, 0.0 minutes, 0.09377193450927734 seconds
Avg batch train. time: 0.01041910383436415 seconds
Avg sample train. time: 0.0013995811120787664 seconds
Evaluating on validation set ...
Validation runtime: 0.0 hours, 0.0 minutes, 0.006848573684692383 seconds

Avg val. time: 0.0 hours, 0.0 minutes, 0.018407997332121197 seconds
Avg batch val. time: 0.018407997332121197 seconds
Avg sample val. time: 0.0023009996665151497 seconds
Epoch 34 Validation Summary: epoch: 34.000000 | loss: 1.175327 | accuracy: 0.500000 | precision: 0.466667 | 
Epoch 35 Training Summary: epoch: 35.000000 | loss: 0.606190 | 
Epoch runtime: 0.0 hours, 0.0 minutes, 0.08517646789550781 seconds

Avg epoch train. time: 0.0 hours, 0.0 minutes, 0.09352634974888392 seconds
Avg batch train. time: 0.01039181663876488 seconds
Avg sample train. time: 0.00139591566789379 seconds
Epoch 36 Training Summary: epoch: 36.000000 | loss: 0.541492 | 
Epoch runtime: 0.0 hours, 0.0 minutes, 0.0977017879486084 seconds

Avg epoch train. time: 0.0 hours, 0.0 minutes, 0.09364233414332072 seconds
Avg batch train. time: 0.010404703793702303 seconds
Avg sample train. time: 0.0013976467782585182 seconds
Evaluating on validation set ...
Validation runtime: 0.0 hours, 0.0 minutes, 0.007272958755493164 seconds

Avg val. time: 0.0 hours, 0.0 minutes, 0.017851245403289796 seconds
Avg batch val. time: 0.017851245403289796 seconds
Avg sample val. time: 0.0022314056754112245 seconds
Epoch 36 Validation Summary: epoch: 36.000000 | loss: 1.326951 | accuracy: 0.500000 | precision: 0.750000 | 
Epoch 37 Training Summary: epoch: 37.000000 | loss: 0.535587 | 
Epoch runtime: 0.0 hours, 0.0 minutes, 0.08808517456054688 seconds

Avg epoch train. time: 0.0 hours, 0.0 minutes, 0.09349214064108359 seconds
Avg batch train. time: 0.010388015626787065 seconds
Avg sample train. time: 0.0013954050841952774 seconds
Epoch 38 Training Summary: epoch: 38.000000 | loss: 0.477340 | 
Epoch runtime: 0.0 hours, 0.0 minutes, 0.09819531440734863 seconds

Avg epoch train. time: 0.0 hours, 0.0 minutes, 0.09361590837177478 seconds
Avg batch train. time: 0.010401767596863863 seconds
Avg sample train. time: 0.0013972523637578325 seconds
Evaluating on validation set ...
Validation runtime: 0.0 hours, 0.0 minutes, 0.0067670345306396484 seconds

Avg val. time: 0.0 hours, 0.0 minutes, 0.017323425837925503 seconds
Avg batch val. time: 0.017323425837925503 seconds
Avg sample val. time: 0.002165428229740688 seconds
Epoch 38 Validation Summary: epoch: 38.000000 | loss: 1.286304 | accuracy: 0.625000 | precision: 0.638889 | 
Epoch 39 Training Summary: epoch: 39.000000 | loss: 0.524787 | 
Epoch runtime: 0.0 hours, 0.0 minutes, 0.08862566947937012 seconds

Avg epoch train. time: 0.0 hours, 0.0 minutes, 0.09348795352837978 seconds
Avg batch train. time: 0.010387550392042198 seconds
Avg sample train. time: 0.0013953425899758177 seconds
Epoch 40 Training Summary: epoch: 40.000000 | loss: 0.436346 | 
Epoch runtime: 0.0 hours, 0.0 minutes, 0.09433817863464355 seconds

Avg epoch train. time: 0.0 hours, 0.0 minutes, 0.09350920915603637 seconds
Avg batch train. time: 0.010389912128448486 seconds
Avg sample train. time: 0.0013956598381497966 seconds
Evaluating on validation set ...
Validation runtime: 0.0 hours, 0.0 minutes, 0.006882190704345703 seconds

Avg val. time: 0.0 hours, 0.0 minutes, 0.016848824240944603 seconds
Avg batch val. time: 0.016848824240944603 seconds
Avg sample val. time: 0.0021061030301180754 seconds
Epoch 40 Validation Summary: epoch: 40.000000 | loss: 1.940931 | accuracy: 0.250000 | precision: 0.333333 | 
Best accuracy was 0.75. Other metrics: OrderedDict([('epoch', 32), ('loss', 1.2298834323883057), ('accuracy', 0.75), ('precision', 0.8055555555555555)])
All Done!
Total runtime: 0.0 hours, 0.0 minutes, 6.989964485168457 seconds

