Running:
src/main_5q.py --output_dir experiments --comment classification from Scratch --name VRS_fromScratch --records_file VRS_records.xls --data_dir /mnt/d/OneDrive - Southern Methodist University/Phone_Privacy/input_feature/opticalflow_44_downsample_480p_s22 --data_class vrs --val_ratio 0.1 --epochs 40 --lr 0.001 --dropout 0.2 --batch_size 8 --num_layers 3 --num_heads 4 --optimizer RAdam --pos_encoding learnable --task classification --normalization none --key_metric accuracy

Using device: cuda
Loading and preprocessing data ...
67 samples may be used for training
8 samples will be used for validation
0 samples will be used for testing
Creating model ...
Model:
TSTransformerEncoderClassiregressor(
  (project_inp): Linear(in_features=32, out_features=64, bias=True)
  (pos_enc): LearnablePositionalEncoding(
    (dropout): Dropout(p=0.2, inplace=False)
  )
  (transformer_encoder): TransformerEncoder(
    (layers): ModuleList(
      (0-2): 3 x TransformerBatchNormEncoderLayer(
        (self_attn): MultiheadAttention(
          (out_proj): NonDynamicallyQuantizableLinear(in_features=64, out_features=64, bias=True)
        )
        (linear1): Linear(in_features=64, out_features=256, bias=True)
        (dropout): Dropout(p=0.2, inplace=False)
        (linear2): Linear(in_features=256, out_features=64, bias=True)
        (norm1): BatchNorm1d(64, eps=1e-05, momentum=0.1, affine=True, track_running_stats=True)
        (norm2): BatchNorm1d(64, eps=1e-05, momentum=0.1, affine=True, track_running_stats=True)
        (dropout1): Dropout(p=0.2, inplace=False)
        (dropout2): Dropout(p=0.2, inplace=False)
      )
    )
  )
  (dropout1): Dropout(p=0.2, inplace=False)
  (output_layer): Linear(in_features=5120, out_features=5, bias=True)
)
Total number of parameters: 182789
Trainable parameters: 182789
Evaluating on validation set ...
Validation runtime: 0.0 hours, 0.0 minutes, 0.3649618625640869 seconds

Avg val. time: 0.0 hours, 0.0 minutes, 0.3649618625640869 seconds
Avg batch val. time: 0.3649618625640869 seconds
Avg sample val. time: 0.045620232820510864 seconds
Epoch 0 Validation Summary: epoch: 0.000000 | loss: 1.356853 | accuracy: 0.375000 | precision: 0.527778 | 
Starting training...
Epoch 1 Training Summary: epoch: 1.000000 | loss: 1.673317 | 
Epoch runtime: 0.0 hours, 0.0 minutes, 0.30722713470458984 seconds

Avg epoch train. time: 0.0 hours, 0.0 minutes, 0.30722713470458984 seconds
Avg batch train. time: 0.03413634830050998 seconds
Avg sample train. time: 0.0045854796224565645 seconds
Evaluating on validation set ...
Validation runtime: 0.0 hours, 0.0 minutes, 0.007601261138916016 seconds

Avg val. time: 0.0 hours, 0.0 minutes, 0.18628156185150146 seconds
Avg batch val. time: 0.18628156185150146 seconds
Avg sample val. time: 0.023285195231437683 seconds
Epoch 1 Validation Summary: epoch: 1.000000 | loss: 1.640414 | accuracy: 0.250000 | precision: 0.333333 | 
Epoch 2 Training Summary: epoch: 2.000000 | loss: 1.704063 | 
Epoch runtime: 0.0 hours, 0.0 minutes, 0.10019159317016602 seconds

Avg epoch train. time: 0.0 hours, 0.0 minutes, 0.20370936393737793 seconds
Avg batch train. time: 0.02263437377081977 seconds
Avg sample train. time: 0.003040438267722059 seconds
Evaluating on validation set ...
Validation runtime: 0.0 hours, 0.0 minutes, 0.007175445556640625 seconds

Avg val. time: 0.0 hours, 0.0 minutes, 0.12657952308654785 seconds
Avg batch val. time: 0.12657952308654785 seconds
Avg sample val. time: 0.01582244038581848 seconds
Epoch 2 Validation Summary: epoch: 2.000000 | loss: 1.675549 | accuracy: 0.125000 | precision: 0.066667 | 
Epoch 3 Training Summary: epoch: 3.000000 | loss: 1.532205 | 
Epoch runtime: 0.0 hours, 0.0 minutes, 0.09494900703430176 seconds

Avg epoch train. time: 0.0 hours, 0.0 minutes, 0.16745591163635254 seconds
Avg batch train. time: 0.01860621240403917 seconds
Avg sample train. time: 0.0024993419647216797 seconds
Epoch 4 Training Summary: epoch: 4.000000 | loss: 1.522745 | 
Epoch runtime: 0.0 hours, 0.0 minutes, 0.09646868705749512 seconds

Avg epoch train. time: 0.0 hours, 0.0 minutes, 0.14970910549163818 seconds
Avg batch train. time: 0.016634345054626465 seconds
Avg sample train. time: 0.002234464261069227 seconds
Evaluating on validation set ...
Validation runtime: 0.0 hours, 0.0 minutes, 0.007211923599243164 seconds

Avg val. time: 0.0 hours, 0.0 minutes, 0.09673762321472168 seconds
Avg batch val. time: 0.09673762321472168 seconds
Avg sample val. time: 0.01209220290184021 seconds
Epoch 4 Validation Summary: epoch: 4.000000 | loss: 1.693272 | accuracy: 0.125000 | precision: 0.083333 | 
Epoch 5 Training Summary: epoch: 5.000000 | loss: 1.473437 | 
Epoch runtime: 0.0 hours, 0.0 minutes, 0.09330534934997559 seconds

Avg epoch train. time: 0.0 hours, 0.0 minutes, 0.13842835426330566 seconds
Avg batch train. time: 0.015380928251478406 seconds
Avg sample train. time: 0.0020660948397508306 seconds
Epoch 6 Training Summary: epoch: 6.000000 | loss: 1.408255 | 
Epoch runtime: 0.0 hours, 0.0 minutes, 0.1000216007232666 seconds

Avg epoch train. time: 0.0 hours, 0.0 minutes, 0.13202722867329916 seconds
Avg batch train. time: 0.014669692074811018 seconds
Avg sample train. time: 0.001970555651840286 seconds
Evaluating on validation set ...
Validation runtime: 0.0 hours, 0.0 minutes, 0.010549306869506836 seconds

Avg val. time: 0.0 hours, 0.0 minutes, 0.07949995994567871 seconds
Avg batch val. time: 0.07949995994567871 seconds
Avg sample val. time: 0.009937494993209839 seconds
Epoch 6 Validation Summary: epoch: 6.000000 | loss: 1.660489 | accuracy: 0.125000 | precision: 0.080000 | 
Epoch 7 Training Summary: epoch: 7.000000 | loss: 1.366882 | 
Epoch runtime: 0.0 hours, 0.0 minutes, 0.10060477256774902 seconds

Avg epoch train. time: 0.0 hours, 0.0 minutes, 0.12753830637250627 seconds
Avg batch train. time: 0.014170922930278475 seconds
Avg sample train. time: 0.0019035568115299442 seconds
Epoch 8 Training Summary: epoch: 8.000000 | loss: 1.252803 | 
Epoch runtime: 0.0 hours, 0.0 minutes, 0.10735344886779785 seconds

Avg epoch train. time: 0.0 hours, 0.0 minutes, 0.12501519918441772 seconds
Avg batch train. time: 0.013890577687157525 seconds
Avg sample train. time: 0.0018658984952898167 seconds
Evaluating on validation set ...
Validation runtime: 0.0 hours, 0.0 minutes, 0.008989810943603516 seconds

Avg val. time: 0.0 hours, 0.0 minutes, 0.06774826844533284 seconds
Avg batch val. time: 0.06774826844533284 seconds
Avg sample val. time: 0.008468533555666605 seconds
Epoch 8 Validation Summary: epoch: 8.000000 | loss: 1.661280 | accuracy: 0.125000 | precision: 0.133333 | 
Epoch 9 Training Summary: epoch: 9.000000 | loss: 1.232227 | 
Epoch runtime: 0.0 hours, 0.0 minutes, 0.12103891372680664 seconds

Avg epoch train. time: 0.0 hours, 0.0 minutes, 0.12457338968912761 seconds
Avg batch train. time: 0.0138414877432364 seconds
Avg sample train. time: 0.0018593043237183225 seconds
Epoch 10 Training Summary: epoch: 10.000000 | loss: 1.201261 | 
Epoch runtime: 0.0 hours, 0.0 minutes, 0.10821747779846191 seconds

Avg epoch train. time: 0.0 hours, 0.0 minutes, 0.12293779850006104 seconds
Avg batch train. time: 0.01365975538889567 seconds
Avg sample train. time: 0.0018348925149262842 seconds
Evaluating on validation set ...
Validation runtime: 0.0 hours, 0.0 minutes, 0.009501457214355469 seconds

Avg val. time: 0.0 hours, 0.0 minutes, 0.05942729541233608 seconds
Avg batch val. time: 0.05942729541233608 seconds
Avg sample val. time: 0.00742841192654201 seconds
Epoch 10 Validation Summary: epoch: 10.000000 | loss: 1.766466 | accuracy: 0.125000 | precision: 0.133333 | 
Epoch 11 Training Summary: epoch: 11.000000 | loss: 1.140106 | 
Epoch runtime: 0.0 hours, 0.0 minutes, 0.11322331428527832 seconds

Avg epoch train. time: 0.0 hours, 0.0 minutes, 0.12205466357144443 seconds
Avg batch train. time: 0.013561629285716047 seconds
Avg sample train. time: 0.0018217113965887227 seconds
Epoch 12 Training Summary: epoch: 12.000000 | loss: 1.035351 | 
Epoch runtime: 0.0 hours, 0.0 minutes, 0.10842180252075195 seconds

Avg epoch train. time: 0.0 hours, 0.0 minutes, 0.12091859181722005 seconds
Avg batch train. time: 0.013435399090802227 seconds
Avg sample train. time: 0.001804755101749553 seconds
Evaluating on validation set ...
Validation runtime: 0.0 hours, 0.0 minutes, 0.008882284164428711 seconds

Avg val. time: 0.0 hours, 0.0 minutes, 0.053109169006347656 seconds
Avg batch val. time: 0.053109169006347656 seconds
Avg sample val. time: 0.006638646125793457 seconds
Epoch 12 Validation Summary: epoch: 12.000000 | loss: 1.768510 | accuracy: 0.125000 | precision: 0.133333 | 
Epoch 13 Training Summary: epoch: 13.000000 | loss: 0.896109 | 
Epoch runtime: 0.0 hours, 0.0 minutes, 0.12955570220947266 seconds

Avg epoch train. time: 0.0 hours, 0.0 minutes, 0.1215829849243164 seconds
Avg batch train. time: 0.013509220547146268 seconds
Avg sample train. time: 0.001814671416780842 seconds
Epoch 14 Training Summary: epoch: 14.000000 | loss: 0.841026 | 
Epoch runtime: 0.0 hours, 0.0 minutes, 0.11264634132385254 seconds

Avg epoch train. time: 0.0 hours, 0.0 minutes, 0.12094465323856898 seconds
Avg batch train. time: 0.013438294804285442 seconds
Avg sample train. time: 0.0018051440781875969 seconds
Evaluating on validation set ...
Validation runtime: 0.0 hours, 0.0 minutes, 0.00850367546081543 seconds

Avg val. time: 0.0 hours, 0.0 minutes, 0.04815300305684408 seconds
Avg batch val. time: 0.04815300305684408 seconds
Avg sample val. time: 0.00601912538210551 seconds
Epoch 14 Validation Summary: epoch: 14.000000 | loss: 1.789132 | accuracy: 0.125000 | precision: 0.133333 | 
Epoch 15 Training Summary: epoch: 15.000000 | loss: 0.797149 | 
Epoch runtime: 0.0 hours, 0.0 minutes, 0.11429190635681152 seconds

Avg epoch train. time: 0.0 hours, 0.0 minutes, 0.12050113677978516 seconds
Avg batch train. time: 0.013389015197753908 seconds
Avg sample train. time: 0.0017985244295490323 seconds
Epoch 16 Training Summary: epoch: 16.000000 | loss: 0.692303 | 
Epoch runtime: 0.0 hours, 0.0 minutes, 0.11610245704650879 seconds

Avg epoch train. time: 0.0 hours, 0.0 minutes, 0.12022621929645538 seconds
Avg batch train. time: 0.013358468810717264 seconds
Avg sample train. time: 0.0017944211835291847 seconds
Evaluating on validation set ...
Validation runtime: 0.0 hours, 0.0 minutes, 0.010631322860717773 seconds

Avg val. time: 0.0 hours, 0.0 minutes, 0.04440083503723145 seconds
Avg batch val. time: 0.04440083503723145 seconds
Avg sample val. time: 0.005550104379653931 seconds
Epoch 16 Validation Summary: epoch: 16.000000 | loss: 1.777334 | accuracy: 0.250000 | precision: 0.380952 | 
Epoch 17 Training Summary: epoch: 17.000000 | loss: 0.594456 | 
Epoch runtime: 0.0 hours, 0.0 minutes, 0.11842513084411621 seconds

Avg epoch train. time: 0.0 hours, 0.0 minutes, 0.12012027291690602 seconds
Avg batch train. time: 0.013346696990767336 seconds
Avg sample train. time: 0.0017928398942821794 seconds
Epoch 18 Training Summary: epoch: 18.000000 | loss: 0.542074 | 
Epoch runtime: 0.0 hours, 0.0 minutes, 0.11284184455871582 seconds

Avg epoch train. time: 0.0 hours, 0.0 minutes, 0.11971591578589545 seconds
Avg batch train. time: 0.013301768420655051 seconds
Avg sample train. time: 0.00178680471322232 seconds
Evaluating on validation set ...
Validation runtime: 0.0 hours, 0.0 minutes, 0.008970975875854492 seconds

Avg val. time: 0.0 hours, 0.0 minutes, 0.04117993874983354 seconds
Avg batch val. time: 0.04117993874983354 seconds
Avg sample val. time: 0.005147492343729193 seconds
Epoch 18 Validation Summary: epoch: 18.000000 | loss: 1.839624 | accuracy: 0.250000 | precision: 0.300000 | 
Epoch 19 Training Summary: epoch: 19.000000 | loss: 0.547313 | 
Epoch runtime: 0.0 hours, 0.0 minutes, 0.11872076988220215 seconds

Avg epoch train. time: 0.0 hours, 0.0 minutes, 0.11966353968570106 seconds
Avg batch train. time: 0.013295948853966785 seconds
Avg sample train. time: 0.001786022980383598 seconds
Epoch 20 Training Summary: epoch: 20.000000 | loss: 0.480307 | 
Epoch runtime: 0.0 hours, 0.0 minutes, 0.11151289939880371 seconds

Avg epoch train. time: 0.0 hours, 0.0 minutes, 0.1192560076713562 seconds
Avg batch train. time: 0.013250667519039578 seconds
Avg sample train. time: 0.0017799404130053164 seconds
Evaluating on validation set ...
Validation runtime: 0.0 hours, 0.0 minutes, 0.00874185562133789 seconds

Avg val. time: 0.0 hours, 0.0 minutes, 0.038476765155792236 seconds
Avg batch val. time: 0.038476765155792236 seconds
Avg sample val. time: 0.0048095956444740295 seconds
Epoch 20 Validation Summary: epoch: 20.000000 | loss: 1.850455 | accuracy: 0.250000 | precision: 0.300000 | 
Epoch 21 Training Summary: epoch: 21.000000 | loss: 0.413775 | 
Epoch runtime: 0.0 hours, 0.0 minutes, 0.10718011856079102 seconds

Avg epoch train. time: 0.0 hours, 0.0 minutes, 0.11868096533275786 seconds
Avg batch train. time: 0.013186773925861985 seconds
Avg sample train. time: 0.0017713576915336995 seconds
Epoch 22 Training Summary: epoch: 22.000000 | loss: 0.437725 | 
Epoch runtime: 0.0 hours, 0.0 minutes, 0.11311817169189453 seconds

Avg epoch train. time: 0.0 hours, 0.0 minutes, 0.11842811107635498 seconds
Avg batch train. time: 0.013158679008483887 seconds
Avg sample train. time: 0.0017675837474082834 seconds
Evaluating on validation set ...
Validation runtime: 0.0 hours, 0.0 minutes, 0.00993800163269043 seconds

Avg val. time: 0.0 hours, 0.0 minutes, 0.036281475654015176 seconds
Avg batch val. time: 0.036281475654015176 seconds
Avg sample val. time: 0.004535184456751897 seconds
Epoch 22 Validation Summary: epoch: 22.000000 | loss: 1.926167 | accuracy: 0.250000 | precision: 0.333333 | 
Epoch 23 Training Summary: epoch: 23.000000 | loss: 0.357499 | 
Epoch runtime: 0.0 hours, 0.0 minutes, 0.12027835845947266 seconds

Avg epoch train. time: 0.0 hours, 0.0 minutes, 0.1185085566147514 seconds
Avg batch train. time: 0.013167617401639044 seconds
Avg sample train. time: 0.0017687844270858418 seconds
Epoch 24 Training Summary: epoch: 24.000000 | loss: 0.284707 | 
Epoch runtime: 0.0 hours, 0.0 minutes, 0.1154637336730957 seconds

Avg epoch train. time: 0.0 hours, 0.0 minutes, 0.11838168899218242 seconds
Avg batch train. time: 0.01315352099913138 seconds
Avg sample train. time: 0.0017668908804803346 seconds
Evaluating on validation set ...
Validation runtime: 0.0 hours, 0.0 minutes, 0.009301900863647461 seconds

Avg val. time: 0.0 hours, 0.0 minutes, 0.03435436316898891 seconds
Avg batch val. time: 0.03435436316898891 seconds
Avg sample val. time: 0.004294295396123614 seconds
Epoch 24 Validation Summary: epoch: 24.000000 | loss: 2.047585 | accuracy: 0.250000 | precision: 0.300000 | 
Epoch 25 Training Summary: epoch: 25.000000 | loss: 0.259857 | 
Epoch runtime: 0.0 hours, 0.0 minutes, 0.10913777351379395 seconds

Avg epoch train. time: 0.0 hours, 0.0 minutes, 0.11801193237304687 seconds
Avg batch train. time: 0.01311243693033854 seconds
Avg sample train. time: 0.0017613721249708488 seconds
Epoch 26 Training Summary: epoch: 26.000000 | loss: 0.242203 | 
Epoch runtime: 0.0 hours, 0.0 minutes, 0.11406087875366211 seconds

Avg epoch train. time: 0.0 hours, 0.0 minutes, 0.1178599687723013 seconds
Avg batch train. time: 0.013095552085811256 seconds
Avg sample train. time: 0.0017591040115268852 seconds
Evaluating on validation set ...
Validation runtime: 0.0 hours, 0.0 minutes, 0.009495019912719727 seconds

Avg val. time: 0.0 hours, 0.0 minutes, 0.032697073618570965 seconds
Avg batch val. time: 0.032697073618570965 seconds
Avg sample val. time: 0.004087134202321371 seconds
Epoch 26 Validation Summary: epoch: 26.000000 | loss: 1.826716 | accuracy: 0.375000 | precision: 0.388889 | 
Epoch 27 Training Summary: epoch: 27.000000 | loss: 0.259794 | 
Epoch runtime: 0.0 hours, 0.0 minutes, 0.11086821556091309 seconds

Avg epoch train. time: 0.0 hours, 0.0 minutes, 0.1176010149496573 seconds
Avg batch train. time: 0.01306677943885081 seconds
Avg sample train. time: 0.0017552390290993627 seconds
Epoch 28 Training Summary: epoch: 28.000000 | loss: 0.195439 | 
Epoch runtime: 0.0 hours, 0.0 minutes, 0.1332259178161621 seconds

Avg epoch train. time: 0.0 hours, 0.0 minutes, 0.11815904719488961 seconds
Avg batch train. time: 0.0131287830216544 seconds
Avg sample train. time: 0.001763567868580442 seconds
Evaluating on validation set ...
Validation runtime: 0.0 hours, 0.0 minutes, 0.009052515029907227 seconds

Avg val. time: 0.0 hours, 0.0 minutes, 0.03121928870677948 seconds
Avg batch val. time: 0.03121928870677948 seconds
Avg sample val. time: 0.003902411088347435 seconds
Epoch 28 Validation Summary: epoch: 28.000000 | loss: 1.714698 | accuracy: 0.500000 | precision: 0.571429 | 
Epoch 29 Training Summary: epoch: 29.000000 | loss: 0.141415 | 
Epoch runtime: 0.0 hours, 0.0 minutes, 0.11156725883483887 seconds

Avg epoch train. time: 0.0 hours, 0.0 minutes, 0.11793174414799132 seconds
Avg batch train. time: 0.01310352712755459 seconds
Avg sample train. time: 0.0017601752857909151 seconds
Epoch 30 Training Summary: epoch: 30.000000 | loss: 0.138637 | 
Epoch runtime: 0.0 hours, 0.0 minutes, 0.11638402938842773 seconds

Avg epoch train. time: 0.0 hours, 0.0 minutes, 0.11788015365600586 seconds
Avg batch train. time: 0.013097794850667317 seconds
Avg sample train. time: 0.0017594052784478487 seconds
Evaluating on validation set ...
Validation runtime: 0.0 hours, 0.0 minutes, 0.009645462036132812 seconds

Avg val. time: 0.0 hours, 0.0 minutes, 0.029950240079094383 seconds
Avg batch val. time: 0.029950240079094383 seconds
Avg sample val. time: 0.003743780009886798 seconds
Epoch 30 Validation Summary: epoch: 30.000000 | loss: 1.603206 | accuracy: 0.375000 | precision: 0.523810 | 
Epoch 31 Training Summary: epoch: 31.000000 | loss: 0.118372 | 
Epoch runtime: 0.0 hours, 0.0 minutes, 0.12079954147338867 seconds

Avg epoch train. time: 0.0 hours, 0.0 minutes, 0.1179743274565666 seconds
Avg batch train. time: 0.013108258606285178 seconds
Avg sample train. time: 0.0017608108575606954 seconds
Epoch 32 Training Summary: epoch: 32.000000 | loss: 0.142319 | 
Epoch runtime: 0.0 hours, 0.0 minutes, 0.11904740333557129 seconds

Avg epoch train. time: 0.0 hours, 0.0 minutes, 0.11800786107778549 seconds
Avg batch train. time: 0.013111984564198388 seconds
Avg sample train. time: 0.0017613113593699327 seconds
Evaluating on validation set ...
Validation runtime: 0.0 hours, 0.0 minutes, 0.008888721466064453 seconds

Avg val. time: 0.0 hours, 0.0 minutes, 0.02878015571170383 seconds
Avg batch val. time: 0.02878015571170383 seconds
Avg sample val. time: 0.0035975194639629787 seconds
Epoch 32 Validation Summary: epoch: 32.000000 | loss: 1.968534 | accuracy: 0.500000 | precision: 0.571429 | 
Epoch 33 Training Summary: epoch: 33.000000 | loss: 0.141421 | 
Epoch runtime: 0.0 hours, 0.0 minutes, 0.11722373962402344 seconds

Avg epoch train. time: 0.0 hours, 0.0 minutes, 0.11798409982161089 seconds
Avg batch train. time: 0.013109344424623432 seconds
Avg sample train. time: 0.0017609567137553863 seconds
Epoch 34 Training Summary: epoch: 34.000000 | loss: 0.085939 | 
Epoch runtime: 0.0 hours, 0.0 minutes, 0.10602903366088867 seconds

Avg epoch train. time: 0.0 hours, 0.0 minutes, 0.11763248022864847 seconds
Avg batch train. time: 0.013070275580960942 seconds
Avg sample train. time: 0.0017557086601290817 seconds
Evaluating on validation set ...
Validation runtime: 0.0 hours, 0.0 minutes, 0.00812983512878418 seconds

Avg val. time: 0.0 hours, 0.0 minutes, 0.027693296733655427 seconds
Avg batch val. time: 0.027693296733655427 seconds
Avg sample val. time: 0.0034616620917069284 seconds
Epoch 34 Validation Summary: epoch: 34.000000 | loss: 1.940644 | accuracy: 0.250000 | precision: 0.285714 | 
Epoch 35 Training Summary: epoch: 35.000000 | loss: 0.065759 | 
Epoch runtime: 0.0 hours, 0.0 minutes, 0.10459661483764648 seconds

Avg epoch train. time: 0.0 hours, 0.0 minutes, 0.1172600269317627 seconds
Avg batch train. time: 0.013028891881306966 seconds
Avg sample train. time: 0.0017501496556979507 seconds
Epoch 36 Training Summary: epoch: 36.000000 | loss: 0.063311 | 
Epoch runtime: 0.0 hours, 0.0 minutes, 0.11235427856445312 seconds

Avg epoch train. time: 0.0 hours, 0.0 minutes, 0.11712375614378187 seconds
Avg batch train. time: 0.01301375068264243 seconds
Avg sample train. time: 0.0017481157633400279 seconds
Evaluating on validation set ...
Validation runtime: 0.0 hours, 0.0 minutes, 0.010936737060546875 seconds

Avg val. time: 0.0 hours, 0.0 minutes, 0.02685546875 seconds
Avg batch val. time: 0.02685546875 seconds
Avg sample val. time: 0.00335693359375 seconds
Epoch 36 Validation Summary: epoch: 36.000000 | loss: 2.076000 | accuracy: 0.375000 | precision: 0.444444 | 
Epoch 37 Training Summary: epoch: 37.000000 | loss: 0.088302 | 
Epoch runtime: 0.0 hours, 0.0 minutes, 0.11234188079833984 seconds

Avg epoch train. time: 0.0 hours, 0.0 minutes, 0.11699451626958074 seconds
Avg batch train. time: 0.012999390696620082 seconds
Avg sample train. time: 0.0017461868099937425 seconds
Epoch 38 Training Summary: epoch: 38.000000 | loss: 0.062868 | 
Epoch runtime: 0.0 hours, 0.0 minutes, 0.10636639595031738 seconds

Avg epoch train. time: 0.0 hours, 0.0 minutes, 0.11671482889275801 seconds
Avg batch train. time: 0.012968314321417557 seconds
Avg sample train. time: 0.0017420123715337016 seconds
Evaluating on validation set ...
Validation runtime: 0.0 hours, 0.0 minutes, 0.008042573928833008 seconds

Avg val. time: 0.0 hours, 0.0 minutes, 0.025959616615658716 seconds
Avg batch val. time: 0.025959616615658716 seconds
Avg sample val. time: 0.0032449520769573395 seconds
Epoch 38 Validation Summary: epoch: 38.000000 | loss: 1.887812 | accuracy: 0.375000 | precision: 0.333333 | 
Epoch 39 Training Summary: epoch: 39.000000 | loss: 0.045017 | 
Epoch runtime: 0.0 hours, 0.0 minutes, 0.09609270095825195 seconds

Avg epoch train. time: 0.0 hours, 0.0 minutes, 0.11618605638161683 seconds
Avg batch train. time: 0.012909561820179648 seconds
Avg sample train. time: 0.0017341202445017437 seconds
Epoch 40 Training Summary: epoch: 40.000000 | loss: 0.033829 | 
Epoch runtime: 0.0 hours, 0.0 minutes, 0.1024167537689209 seconds

Avg epoch train. time: 0.0 hours, 0.0 minutes, 0.11584182381629944 seconds
Avg batch train. time: 0.012871313757366604 seconds
Avg sample train. time: 0.0017289824450193946 seconds
Evaluating on validation set ...
Validation runtime: 0.0 hours, 0.0 minutes, 0.008098363876342773 seconds

Avg val. time: 0.0 hours, 0.0 minutes, 0.025147741491144352 seconds
Avg batch val. time: 0.025147741491144352 seconds
Avg sample val. time: 0.003143467686393044 seconds
Epoch 40 Validation Summary: epoch: 40.000000 | loss: 1.756403 | accuracy: 0.500000 | precision: 0.555556 | 
Best accuracy was 0.5. Other metrics: OrderedDict([('epoch', 28), ('loss', 1.7146978378295898), ('accuracy', 0.5), ('precision', 0.5714285714285714)])
All Done!
Total runtime: 0.0 hours, 0.0 minutes, 11.322273254394531 seconds

