Running:
src/main_crosssetting.py --output_dir experiments --target_user ZeyuZoom --user_othersetting Zeyu --comment classification from Scratch --name VRS_fromScratch --records_file VRS_records.xls --data_dir /mnt/d/OneDrive - Southern Methodist University/Phone_Privacy/input_feature/all_processpos_norm_downsample_480p_s22 --test_data_dir /mnt/d/OneDrive - Southern Methodist University/Phone_Privacy/input_feature/all_processpos_norm_downsample_480p_s22 --data_class vrs --val_ratio 0.1 --epochs 40 --lr 0.001 --dropout 0.2 --batch_size 8 --num_layers 3 --num_heads 4 --optimizer RAdam --pos_encoding learnable --task classification --normalization none --key_metric accuracy

Using device: cuda
Loading and preprocessing data ...
67 samples may be used for training
8 samples will be used for validation
0 samples will be used for testing
Creating model ...
Model:
TSTransformerEncoderClassiregressor(
  (project_inp): Linear(in_features=39, out_features=64, bias=True)
  (pos_enc): LearnablePositionalEncoding(
    (dropout): Dropout(p=0.2, inplace=False)
  )
  (transformer_encoder): TransformerEncoder(
    (layers): ModuleList(
      (0-2): 3 x TransformerBatchNormEncoderLayer(
        (self_attn): MultiheadAttention(
          (out_proj): NonDynamicallyQuantizableLinear(in_features=64, out_features=64, bias=True)
        )
        (linear1): Linear(in_features=64, out_features=256, bias=True)
        (dropout): Dropout(p=0.2, inplace=False)
        (linear2): Linear(in_features=256, out_features=64, bias=True)
        (norm1): BatchNorm1d(64, eps=1e-05, momentum=0.1, affine=True, track_running_stats=True)
        (norm2): BatchNorm1d(64, eps=1e-05, momentum=0.1, affine=True, track_running_stats=True)
        (dropout1): Dropout(p=0.2, inplace=False)
        (dropout2): Dropout(p=0.2, inplace=False)
      )
    )
  )
  (dropout1): Dropout(p=0.2, inplace=False)
  (output_layer): Linear(in_features=5120, out_features=5, bias=True)
)
Total number of parameters: 183237
Trainable parameters: 183237
Evaluating on validation set ...
Validation runtime: 0.0 hours, 0.0 minutes, 0.245438814163208 seconds

Avg val. time: 0.0 hours, 0.0 minutes, 0.245438814163208 seconds
Avg batch val. time: 0.245438814163208 seconds
Avg sample val. time: 0.030679851770401 seconds
Epoch 0 Validation Summary: epoch: 0.000000 | loss: 4.866672 | accuracy: 0.125000 | precision: 0.125000 | 
Starting training...
Epoch 1 Training Summary: epoch: 1.000000 | loss: 1.627667 | 
Epoch runtime: 0.0 hours, 0.0 minutes, 0.3184816837310791 seconds

Avg epoch train. time: 0.0 hours, 0.0 minutes, 0.3184816837310791 seconds
Avg batch train. time: 0.03538685374789768 seconds
Avg sample train. time: 0.004753457966135509 seconds
Evaluating on validation set ...
Validation runtime: 0.0 hours, 0.0 minutes, 0.009885549545288086 seconds

Avg val. time: 0.0 hours, 0.0 minutes, 0.12766218185424805 seconds
Avg batch val. time: 0.12766218185424805 seconds
Avg sample val. time: 0.015957772731781006 seconds
Epoch 1 Validation Summary: epoch: 1.000000 | loss: 1.716849 | accuracy: 0.125000 | precision: 0.047619 | 
Epoch 2 Training Summary: epoch: 2.000000 | loss: 1.699331 | 
Epoch runtime: 0.0 hours, 0.0 minutes, 0.11302590370178223 seconds

Avg epoch train. time: 0.0 hours, 0.0 minutes, 0.21575379371643066 seconds
Avg batch train. time: 0.023972643746270075 seconds
Avg sample train. time: 0.003220205876364637 seconds
Evaluating on validation set ...
Validation runtime: 0.0 hours, 0.0 minutes, 0.009492158889770508 seconds

Avg val. time: 0.0 hours, 0.0 minutes, 0.0882721741994222 seconds
Avg batch val. time: 0.0882721741994222 seconds
Avg sample val. time: 0.011034021774927774 seconds
Epoch 2 Validation Summary: epoch: 2.000000 | loss: 1.635050 | accuracy: 0.125000 | precision: 0.047619 | 
Epoch 3 Training Summary: epoch: 3.000000 | loss: 1.657992 | 
Epoch runtime: 0.0 hours, 0.0 minutes, 0.11211061477661133 seconds

Avg epoch train. time: 0.0 hours, 0.0 minutes, 0.18120606740315756 seconds
Avg batch train. time: 0.020134007489239727 seconds
Avg sample train. time: 0.0027045681701963814 seconds
Epoch 4 Training Summary: epoch: 4.000000 | loss: 1.669692 | 
Epoch runtime: 0.0 hours, 0.0 minutes, 0.11332988739013672 seconds

Avg epoch train. time: 0.0 hours, 0.0 minutes, 0.16423702239990234 seconds
Avg batch train. time: 0.018248558044433594 seconds
Avg sample train. time: 0.002451298841789587 seconds
Evaluating on validation set ...
Validation runtime: 0.0 hours, 0.0 minutes, 0.009147882461547852 seconds

Avg val. time: 0.0 hours, 0.0 minutes, 0.06849110126495361 seconds
Avg batch val. time: 0.06849110126495361 seconds
Avg sample val. time: 0.008561387658119202 seconds
Epoch 4 Validation Summary: epoch: 4.000000 | loss: 1.607875 | accuracy: 0.250000 | precision: 0.333333 | 
Epoch 5 Training Summary: epoch: 5.000000 | loss: 1.621986 | 
Epoch runtime: 0.0 hours, 0.0 minutes, 0.11294269561767578 seconds

Avg epoch train. time: 0.0 hours, 0.0 minutes, 0.15397815704345702 seconds
Avg batch train. time: 0.01710868411593967 seconds
Avg sample train. time: 0.002298181448409806 seconds
Epoch 6 Training Summary: epoch: 6.000000 | loss: 1.641901 | 
Epoch runtime: 0.0 hours, 0.0 minutes, 0.10786938667297363 seconds

Avg epoch train. time: 0.0 hours, 0.0 minutes, 0.1462933619817098 seconds
Avg batch train. time: 0.016254817997967755 seconds
Avg sample train. time: 0.002183483014652385 seconds
Evaluating on validation set ...
Validation runtime: 0.0 hours, 0.0 minutes, 0.008800506591796875 seconds

Avg val. time: 0.0 hours, 0.0 minutes, 0.056552982330322264 seconds
Avg batch val. time: 0.056552982330322264 seconds
Avg sample val. time: 0.007069122791290283 seconds
Epoch 6 Validation Summary: epoch: 6.000000 | loss: 1.580760 | accuracy: 0.250000 | precision: 0.200000 | 
Epoch 7 Training Summary: epoch: 7.000000 | loss: 1.586260 | 
Epoch runtime: 0.0 hours, 0.0 minutes, 0.090850830078125 seconds

Avg epoch train. time: 0.0 hours, 0.0 minutes, 0.13837300028119767 seconds
Avg batch train. time: 0.015374777809021963 seconds
Avg sample train. time: 0.002065268660913398 seconds
Epoch 8 Training Summary: epoch: 8.000000 | loss: 1.573996 | 
Epoch runtime: 0.0 hours, 0.0 minutes, 0.0879058837890625 seconds

Avg epoch train. time: 0.0 hours, 0.0 minutes, 0.1320646107196808 seconds
Avg batch train. time: 0.014673845635520088 seconds
Avg sample train. time: 0.0019711135928310564 seconds
Evaluating on validation set ...
Validation runtime: 0.0 hours, 0.0 minutes, 0.0066356658935546875 seconds

Avg val. time: 0.0 hours, 0.0 minutes, 0.048233429590861 seconds
Avg batch val. time: 0.048233429590861 seconds
Avg sample val. time: 0.006029178698857625 seconds
Epoch 8 Validation Summary: epoch: 8.000000 | loss: 1.560148 | accuracy: 0.375000 | precision: 0.722222 | 
Epoch 9 Training Summary: epoch: 9.000000 | loss: 1.632288 | 
Epoch runtime: 0.0 hours, 0.0 minutes, 0.08027195930480957 seconds

Avg epoch train. time: 0.0 hours, 0.0 minutes, 0.12630987167358398 seconds
Avg batch train. time: 0.014034430185953775 seconds
Avg sample train. time: 0.0018852219652773729 seconds
Epoch 10 Training Summary: epoch: 10.000000 | loss: 1.535645 | 
Epoch runtime: 0.0 hours, 0.0 minutes, 0.09200310707092285 seconds

Avg epoch train. time: 0.0 hours, 0.0 minutes, 0.12287919521331787 seconds
Avg batch train. time: 0.013653243912590875 seconds
Avg sample train. time: 0.0018340178390047444 seconds
Evaluating on validation set ...
Validation runtime: 0.0 hours, 0.0 minutes, 0.006085872650146484 seconds

Avg val. time: 0.0 hours, 0.0 minutes, 0.04221235002790179 seconds
Avg batch val. time: 0.04221235002790179 seconds
Avg sample val. time: 0.0052765437534877235 seconds
Epoch 10 Validation Summary: epoch: 10.000000 | loss: 1.517649 | accuracy: 0.250000 | precision: 0.222222 | 
Epoch 11 Training Summary: epoch: 11.000000 | loss: 1.547295 | 
Epoch runtime: 0.0 hours, 0.0 minutes, 0.08680486679077148 seconds

Avg epoch train. time: 0.0 hours, 0.0 minutes, 0.1195997108112682 seconds
Avg batch train. time: 0.013288856756807578 seconds
Avg sample train. time: 0.0017850703106159433 seconds
Epoch 12 Training Summary: epoch: 12.000000 | loss: 1.554594 | 
Epoch runtime: 0.0 hours, 0.0 minutes, 0.09477376937866211 seconds

Avg epoch train. time: 0.0 hours, 0.0 minutes, 0.11753088235855103 seconds
Avg batch train. time: 0.013058986928727891 seconds
Avg sample train. time: 0.0017541922740082242 seconds
Evaluating on validation set ...
Validation runtime: 0.0 hours, 0.0 minutes, 0.0070514678955078125 seconds

Avg val. time: 0.0 hours, 0.0 minutes, 0.03781723976135254 seconds
Avg batch val. time: 0.03781723976135254 seconds
Avg sample val. time: 0.004727154970169067 seconds
Epoch 12 Validation Summary: epoch: 12.000000 | loss: 1.486409 | accuracy: 0.375000 | precision: 0.416667 | 
Epoch 13 Training Summary: epoch: 13.000000 | loss: 1.539879 | 
Epoch runtime: 0.0 hours, 0.0 minutes, 0.09418272972106934 seconds

Avg epoch train. time: 0.0 hours, 0.0 minutes, 0.11573487061720628 seconds
Avg batch train. time: 0.012859430068578474 seconds
Avg sample train. time: 0.001727386128615019 seconds
Epoch 14 Training Summary: epoch: 14.000000 | loss: 1.406200 | 
Epoch runtime: 0.0 hours, 0.0 minutes, 0.0836489200592041 seconds

Avg epoch train. time: 0.0 hours, 0.0 minutes, 0.11344301700592041 seconds
Avg batch train. time: 0.01260477966732449 seconds
Avg sample train. time: 0.0016931793582973195 seconds
Evaluating on validation set ...
Validation runtime: 0.0 hours, 0.0 minutes, 0.006439924240112305 seconds

Avg val. time: 0.0 hours, 0.0 minutes, 0.03433087137010363 seconds
Avg batch val. time: 0.03433087137010363 seconds
Avg sample val. time: 0.004291358921262953 seconds
Epoch 14 Validation Summary: epoch: 14.000000 | loss: 1.373032 | accuracy: 0.625000 | precision: 0.633333 | 
Epoch 15 Training Summary: epoch: 15.000000 | loss: 1.318336 | 
Epoch runtime: 0.0 hours, 0.0 minutes, 0.08649826049804688 seconds

Avg epoch train. time: 0.0 hours, 0.0 minutes, 0.11164669990539551 seconds
Avg batch train. time: 0.012405188878377278 seconds
Avg sample train. time: 0.0016663686553044107 seconds
Epoch 16 Training Summary: epoch: 16.000000 | loss: 1.435450 | 
Epoch runtime: 0.0 hours, 0.0 minutes, 0.08655309677124023 seconds

Avg epoch train. time: 0.0 hours, 0.0 minutes, 0.1100783497095108 seconds
Avg batch train. time: 0.0122309277455012 seconds
Avg sample train. time: 0.0016429604434255343 seconds
Evaluating on validation set ...
Validation runtime: 0.0 hours, 0.0 minutes, 0.006588935852050781 seconds

Avg val. time: 0.0 hours, 0.0 minutes, 0.03155667781829834 seconds
Avg batch val. time: 0.03155667781829834 seconds
Avg sample val. time: 0.003944584727287292 seconds
Epoch 16 Validation Summary: epoch: 16.000000 | loss: 1.337137 | accuracy: 0.625000 | precision: 0.666667 | 
Epoch 17 Training Summary: epoch: 17.000000 | loss: 1.316844 | 
Epoch runtime: 0.0 hours, 0.0 minutes, 0.09289288520812988 seconds

Avg epoch train. time: 0.0 hours, 0.0 minutes, 0.10906744003295898 seconds
Avg batch train. time: 0.012118604448106553 seconds
Avg sample train. time: 0.0016278722392978953 seconds
Epoch 18 Training Summary: epoch: 18.000000 | loss: 1.206004 | 
Epoch runtime: 0.0 hours, 0.0 minutes, 0.08708548545837402 seconds

Avg epoch train. time: 0.0 hours, 0.0 minutes, 0.10784622033437093 seconds
Avg batch train. time: 0.011982913370485659 seconds
Avg sample train. time: 0.0016096450796174765 seconds
Evaluating on validation set ...
Validation runtime: 0.0 hours, 0.0 minutes, 0.007014036178588867 seconds

Avg val. time: 0.0 hours, 0.0 minutes, 0.029325528578324753 seconds
Avg batch val. time: 0.029325528578324753 seconds
Avg sample val. time: 0.003665691072290594 seconds
Epoch 18 Validation Summary: epoch: 18.000000 | loss: 1.321117 | accuracy: 0.500000 | precision: 0.452381 | 
Epoch 19 Training Summary: epoch: 19.000000 | loss: 1.259443 | 
Epoch runtime: 0.0 hours, 0.0 minutes, 0.09264683723449707 seconds

Avg epoch train. time: 0.0 hours, 0.0 minutes, 0.10704625280279863 seconds
Avg batch train. time: 0.011894028089199848 seconds
Avg sample train. time: 0.0015977052657134123 seconds
Epoch 20 Training Summary: epoch: 20.000000 | loss: 1.176113 | 
Epoch runtime: 0.0 hours, 0.0 minutes, 0.08701133728027344 seconds

Avg epoch train. time: 0.0 hours, 0.0 minutes, 0.10604450702667237 seconds
Avg batch train. time: 0.011782723002963597 seconds
Avg sample train. time: 0.0015827538362189906 seconds
Evaluating on validation set ...
Validation runtime: 0.0 hours, 0.0 minutes, 0.006651878356933594 seconds

Avg val. time: 0.0 hours, 0.0 minutes, 0.027436057726542156 seconds
Avg batch val. time: 0.027436057726542156 seconds
Avg sample val. time: 0.0034295072158177695 seconds
Epoch 20 Validation Summary: epoch: 20.000000 | loss: 1.283756 | accuracy: 0.500000 | precision: 0.428571 | 
Epoch 21 Training Summary: epoch: 21.000000 | loss: 1.207182 | 
Epoch runtime: 0.0 hours, 0.0 minutes, 0.08733654022216797 seconds

Avg epoch train. time: 0.0 hours, 0.0 minutes, 0.1051536514645531 seconds
Avg batch train. time: 0.011683739051617011 seconds
Avg sample train. time: 0.0015694574845455688 seconds
Epoch 22 Training Summary: epoch: 22.000000 | loss: 1.163439 | 
Epoch runtime: 0.0 hours, 0.0 minutes, 0.09140920639038086 seconds

Avg epoch train. time: 0.0 hours, 0.0 minutes, 0.10452890396118164 seconds
Avg batch train. time: 0.011614322662353516 seconds
Avg sample train. time: 0.0015601328949430096 seconds
Evaluating on validation set ...
Validation runtime: 0.0 hours, 0.0 minutes, 0.007634878158569336 seconds

Avg val. time: 0.0 hours, 0.0 minutes, 0.025912890067467324 seconds
Avg batch val. time: 0.025912890067467324 seconds
Avg sample val. time: 0.0032391112584334155 seconds
Epoch 22 Validation Summary: epoch: 22.000000 | loss: 1.249117 | accuracy: 0.500000 | precision: 0.404762 | 
Epoch 23 Training Summary: epoch: 23.000000 | loss: 1.027317 | 
Epoch runtime: 0.0 hours, 0.0 minutes, 0.09394645690917969 seconds

Avg epoch train. time: 0.0 hours, 0.0 minutes, 0.10406879756761633 seconds
Avg batch train. time: 0.011563199729735149 seconds
Avg sample train. time: 0.0015532656353375572 seconds
Epoch 24 Training Summary: epoch: 24.000000 | loss: 1.039693 | 
Epoch runtime: 0.0 hours, 0.0 minutes, 0.09056735038757324 seconds

Avg epoch train. time: 0.0 hours, 0.0 minutes, 0.10350623726844788 seconds
Avg batch train. time: 0.011500693029827543 seconds
Avg sample train. time: 0.0015448692129619087 seconds
Evaluating on validation set ...
Validation runtime: 0.0 hours, 0.0 minutes, 0.007395744323730469 seconds

Avg val. time: 0.0 hours, 0.0 minutes, 0.024590236800057546 seconds
Avg batch val. time: 0.024590236800057546 seconds
Avg sample val. time: 0.0030737796000071932 seconds
Epoch 24 Validation Summary: epoch: 24.000000 | loss: 1.221916 | accuracy: 0.500000 | precision: 0.428571 | 
Epoch 25 Training Summary: epoch: 25.000000 | loss: 0.943705 | 
Epoch runtime: 0.0 hours, 0.0 minutes, 0.09561944007873535 seconds

Avg epoch train. time: 0.0 hours, 0.0 minutes, 0.10319076538085938 seconds
Avg batch train. time: 0.011465640597873264 seconds
Avg sample train. time: 0.0015401606773262594 seconds
Epoch 26 Training Summary: epoch: 26.000000 | loss: 0.877376 | 
Epoch runtime: 0.0 hours, 0.0 minutes, 0.09103989601135254 seconds

Avg epoch train. time: 0.0 hours, 0.0 minutes, 0.10272342425126296 seconds
Avg batch train. time: 0.011413713805695884 seconds
Avg sample train. time: 0.0015331854365860144 seconds
Evaluating on validation set ...
Validation runtime: 0.0 hours, 0.0 minutes, 0.007159709930419922 seconds

Avg val. time: 0.0 hours, 0.0 minutes, 0.02342820167541504 seconds
Avg batch val. time: 0.02342820167541504 seconds
Avg sample val. time: 0.00292852520942688 seconds
Epoch 26 Validation Summary: epoch: 26.000000 | loss: 1.175456 | accuracy: 0.500000 | precision: 0.428571 | 
Epoch 27 Training Summary: epoch: 27.000000 | loss: 0.819543 | 
Epoch runtime: 0.0 hours, 0.0 minutes, 0.08761858940124512 seconds

Avg epoch train. time: 0.0 hours, 0.0 minutes, 0.10216398592348452 seconds
Avg batch train. time: 0.01135155399149828 seconds
Avg sample train. time: 0.0015248356107982765 seconds
Epoch 28 Training Summary: epoch: 28.000000 | loss: 0.800601 | 
Epoch runtime: 0.0 hours, 0.0 minutes, 0.08871936798095703 seconds

Avg epoch train. time: 0.0 hours, 0.0 minutes, 0.10168382099696568 seconds
Avg batch train. time: 0.011298202332996186 seconds
Avg sample train. time: 0.0015176689701039655 seconds
Evaluating on validation set ...
Validation runtime: 0.0 hours, 0.0 minutes, 0.007489204406738281 seconds

Avg val. time: 0.0 hours, 0.0 minutes, 0.02243201434612274 seconds
Avg batch val. time: 0.02243201434612274 seconds
Avg sample val. time: 0.0028040017932653427 seconds
Epoch 28 Validation Summary: epoch: 28.000000 | loss: 1.315754 | accuracy: 0.500000 | precision: 0.520833 | 
Epoch 29 Training Summary: epoch: 29.000000 | loss: 0.821070 | 
Epoch runtime: 0.0 hours, 0.0 minutes, 0.08863234519958496 seconds

Avg epoch train. time: 0.0 hours, 0.0 minutes, 0.10123377010740083 seconds
Avg batch train. time: 0.011248196678600091 seconds
Avg sample train. time: 0.0015109517926477736 seconds
Epoch 30 Training Summary: epoch: 30.000000 | loss: 0.743932 | 
Epoch runtime: 0.0 hours, 0.0 minutes, 0.09154534339904785 seconds

Avg epoch train. time: 0.0 hours, 0.0 minutes, 0.10091082255045573 seconds
Avg batch train. time: 0.011212313616717304 seconds
Avg sample train. time: 0.0015061316798575483 seconds
Evaluating on validation set ...
Validation runtime: 0.0 hours, 0.0 minutes, 0.007130622863769531 seconds

Avg val. time: 0.0 hours, 0.0 minutes, 0.021531932494219613 seconds
Avg batch val. time: 0.021531932494219613 seconds
Avg sample val. time: 0.0026914915617774517 seconds
Epoch 30 Validation Summary: epoch: 30.000000 | loss: 1.291469 | accuracy: 0.625000 | precision: 0.583333 | 
Epoch 31 Training Summary: epoch: 31.000000 | loss: 0.674295 | 
Epoch runtime: 0.0 hours, 0.0 minutes, 0.10393071174621582 seconds

Avg epoch train. time: 0.0 hours, 0.0 minutes, 0.10100823833096412 seconds
Avg batch train. time: 0.011223137592329346 seconds
Avg sample train. time: 0.0015075856467308077 seconds
Epoch 32 Training Summary: epoch: 32.000000 | loss: 0.707697 | 
Epoch runtime: 0.0 hours, 0.0 minutes, 0.09176158905029297 seconds

Avg epoch train. time: 0.0 hours, 0.0 minutes, 0.10071928054094315 seconds
Avg batch train. time: 0.011191031171215905 seconds
Avg sample train. time: 0.001503272843894674 seconds
Evaluating on validation set ...
Validation runtime: 0.0 hours, 0.0 minutes, 0.0069773197174072266 seconds

Avg val. time: 0.0 hours, 0.0 minutes, 0.020723342895507812 seconds
Avg batch val. time: 0.020723342895507812 seconds
Avg sample val. time: 0.0025904178619384766 seconds
Epoch 32 Validation Summary: epoch: 32.000000 | loss: 1.325440 | accuracy: 0.500000 | precision: 0.452381 | 
Epoch 33 Training Summary: epoch: 33.000000 | loss: 0.570135 | 
Epoch runtime: 0.0 hours, 0.0 minutes, 0.09340834617614746 seconds

Avg epoch train. time: 0.0 hours, 0.0 minutes, 0.10049773707534328 seconds
Avg batch train. time: 0.011166415230593698 seconds
Avg sample train. time: 0.0014999662250051236 seconds
Epoch 34 Training Summary: epoch: 34.000000 | loss: 0.541500 | 
Epoch runtime: 0.0 hours, 0.0 minutes, 0.0906362533569336 seconds

Avg epoch train. time: 0.0 hours, 0.0 minutes, 0.10020769343656652 seconds
Avg batch train. time: 0.011134188159618502 seconds
Avg sample train. time: 0.001495637215471142 seconds
Evaluating on validation set ...
Validation runtime: 0.0 hours, 0.0 minutes, 0.0077152252197265625 seconds

Avg val. time: 0.0 hours, 0.0 minutes, 0.02003870512309827 seconds
Avg batch val. time: 0.02003870512309827 seconds
Avg sample val. time: 0.002504838140387284 seconds
Epoch 34 Validation Summary: epoch: 34.000000 | loss: 1.411087 | accuracy: 0.500000 | precision: 0.520833 | 
Epoch 35 Training Summary: epoch: 35.000000 | loss: 0.598266 | 
Epoch runtime: 0.0 hours, 0.0 minutes, 0.08901095390319824 seconds

Avg epoch train. time: 0.0 hours, 0.0 minutes, 0.099887786592756 seconds
Avg batch train. time: 0.011098642954750666 seconds
Avg sample train. time: 0.0014908624864590448 seconds
Epoch 36 Training Summary: epoch: 36.000000 | loss: 0.468682 | 
Epoch runtime: 0.0 hours, 0.0 minutes, 0.09032583236694336 seconds

Avg epoch train. time: 0.0 hours, 0.0 minutes, 0.09962217675315009 seconds
Avg batch train. time: 0.01106913075035001 seconds
Avg sample train. time: 0.0014868981604947776 seconds
Evaluating on validation set ...
Validation runtime: 0.0 hours, 0.0 minutes, 0.006735563278198242 seconds

Avg val. time: 0.0 hours, 0.0 minutes, 0.019373548030853272 seconds
Avg batch val. time: 0.019373548030853272 seconds
Avg sample val. time: 0.002421693503856659 seconds
Epoch 36 Validation Summary: epoch: 36.000000 | loss: 1.324846 | accuracy: 0.625000 | precision: 0.583333 | 
Epoch 37 Training Summary: epoch: 37.000000 | loss: 0.526168 | 
Epoch runtime: 0.0 hours, 0.0 minutes, 0.08802962303161621 seconds

Avg epoch train. time: 0.0 hours, 0.0 minutes, 0.09930886449040593 seconds
Avg batch train. time: 0.011034318276711771 seconds
Avg sample train. time: 0.0014822218580657603 seconds
Epoch 38 Training Summary: epoch: 38.000000 | loss: 0.482293 | 
Epoch runtime: 0.0 hours, 0.0 minutes, 0.09360742568969727 seconds

Avg epoch train. time: 0.0 hours, 0.0 minutes, 0.09915882662722939 seconds
Avg batch train. time: 0.011017647403025486 seconds
Avg sample train. time: 0.001479982486973573 seconds
Evaluating on validation set ...
Validation runtime: 0.0 hours, 0.0 minutes, 0.007214546203613281 seconds

Avg val. time: 0.0 hours, 0.0 minutes, 0.018794547943841843 seconds
Avg batch val. time: 0.018794547943841843 seconds
Avg sample val. time: 0.0023493184929802304 seconds
Epoch 38 Validation Summary: epoch: 38.000000 | loss: 1.469742 | accuracy: 0.500000 | precision: 0.428571 | 
Epoch 39 Training Summary: epoch: 39.000000 | loss: 0.551275 | 
Epoch runtime: 0.0 hours, 0.0 minutes, 0.08719205856323242 seconds

Avg epoch train. time: 0.0 hours, 0.0 minutes, 0.09885198642046024 seconds
Avg batch train. time: 0.010983554046717805 seconds
Avg sample train. time: 0.001475402782394929 seconds
Epoch 40 Training Summary: epoch: 40.000000 | loss: 0.393483 | 
Epoch runtime: 0.0 hours, 0.0 minutes, 0.09228968620300293 seconds

Avg epoch train. time: 0.0 hours, 0.0 minutes, 0.0986879289150238 seconds
Avg batch train. time: 0.010965325435002645 seconds
Avg sample train. time: 0.001472954162910803 seconds
Evaluating on validation set ...
Validation runtime: 0.0 hours, 0.0 minutes, 0.007673978805541992 seconds

Avg val. time: 0.0 hours, 0.0 minutes, 0.018289067528464577 seconds
Avg batch val. time: 0.018289067528464577 seconds
Avg sample val. time: 0.002286133441058072 seconds
Epoch 40 Validation Summary: epoch: 40.000000 | loss: 1.476553 | accuracy: 0.625000 | precision: 0.562500 | 
Best accuracy was 0.625. Other metrics: OrderedDict([('epoch', 14), ('loss', 1.373031735420227), ('accuracy', 0.625), ('precision', 0.6333333333333333)])
All Done!
Total runtime: 0.0 hours, 0.0 minutes, 7.31443977355957 seconds

