Running:
src/main_5q.py --output_dir experiments --comment classification from Scratch --name VRS_fromScratch --records_file VRS_records.xls --data_dir /mnt/d/OneDrive - Southern Methodist University/Phone_Privacy/input_feature/opticalflow_22_downsample_480p_s22 --data_class vrs --val_ratio 0.1 --epochs 40 --lr 0.001 --dropout 0.2 --batch_size 8 --num_layers 3 --num_heads 4 --optimizer RAdam --pos_encoding learnable --task classification --normalization none --key_metric accuracy

Using device: cuda
Loading and preprocessing data ...
67 samples may be used for training
8 samples will be used for validation
0 samples will be used for testing
Creating model ...
Model:
TSTransformerEncoderClassiregressor(
  (project_inp): Linear(in_features=8, out_features=64, bias=True)
  (pos_enc): LearnablePositionalEncoding(
    (dropout): Dropout(p=0.2, inplace=False)
  )
  (transformer_encoder): TransformerEncoder(
    (layers): ModuleList(
      (0-2): 3 x TransformerBatchNormEncoderLayer(
        (self_attn): MultiheadAttention(
          (out_proj): NonDynamicallyQuantizableLinear(in_features=64, out_features=64, bias=True)
        )
        (linear1): Linear(in_features=64, out_features=256, bias=True)
        (dropout): Dropout(p=0.2, inplace=False)
        (linear2): Linear(in_features=256, out_features=64, bias=True)
        (norm1): BatchNorm1d(64, eps=1e-05, momentum=0.1, affine=True, track_running_stats=True)
        (norm2): BatchNorm1d(64, eps=1e-05, momentum=0.1, affine=True, track_running_stats=True)
        (dropout1): Dropout(p=0.2, inplace=False)
        (dropout2): Dropout(p=0.2, inplace=False)
      )
    )
  )
  (dropout1): Dropout(p=0.2, inplace=False)
  (output_layer): Linear(in_features=5120, out_features=5, bias=True)
)
Total number of parameters: 181253
Trainable parameters: 181253
Evaluating on validation set ...
Validation runtime: 0.0 hours, 0.0 minutes, 0.25365281105041504 seconds

Avg val. time: 0.0 hours, 0.0 minutes, 0.25365281105041504 seconds
Avg batch val. time: 0.25365281105041504 seconds
Avg sample val. time: 0.03170660138130188 seconds
Epoch 0 Validation Summary: epoch: 0.000000 | loss: 3.174755 | accuracy: 0.375000 | precision: 0.642857 | 
Starting training...
Epoch 1 Training Summary: epoch: 1.000000 | loss: 1.622160 | 
Epoch runtime: 0.0 hours, 0.0 minutes, 0.24380278587341309 seconds

Avg epoch train. time: 0.0 hours, 0.0 minutes, 0.24380278587341309 seconds
Avg batch train. time: 0.02708919843037923 seconds
Avg sample train. time: 0.003638847550349449 seconds
Evaluating on validation set ...
Validation runtime: 0.0 hours, 0.0 minutes, 0.007569074630737305 seconds

Avg val. time: 0.0 hours, 0.0 minutes, 0.13061094284057617 seconds
Avg batch val. time: 0.13061094284057617 seconds
Avg sample val. time: 0.01632636785507202 seconds
Epoch 1 Validation Summary: epoch: 1.000000 | loss: 1.384691 | accuracy: 0.375000 | precision: 0.642857 | 
Epoch 2 Training Summary: epoch: 2.000000 | loss: 1.548086 | 
Epoch runtime: 0.0 hours, 0.0 minutes, 0.10992860794067383 seconds

Avg epoch train. time: 0.0 hours, 0.0 minutes, 0.17686569690704346 seconds
Avg batch train. time: 0.019651744100782607 seconds
Avg sample train. time: 0.0026397865210006487 seconds
Evaluating on validation set ...
Validation runtime: 0.0 hours, 0.0 minutes, 0.007929801940917969 seconds

Avg val. time: 0.0 hours, 0.0 minutes, 0.08971722920735677 seconds
Avg batch val. time: 0.08971722920735677 seconds
Avg sample val. time: 0.011214653650919596 seconds
Epoch 2 Validation Summary: epoch: 2.000000 | loss: 1.418487 | accuracy: 0.500000 | precision: 0.633333 | 
Epoch 3 Training Summary: epoch: 3.000000 | loss: 1.563034 | 
Epoch runtime: 0.0 hours, 0.0 minutes, 0.10433077812194824 seconds

Avg epoch train. time: 0.0 hours, 0.0 minutes, 0.15268739064534506 seconds
Avg batch train. time: 0.016965265627260563 seconds
Avg sample train. time: 0.002278916278288732 seconds
Epoch 4 Training Summary: epoch: 4.000000 | loss: 1.537182 | 
Epoch runtime: 0.0 hours, 0.0 minutes, 0.09882950782775879 seconds

Avg epoch train. time: 0.0 hours, 0.0 minutes, 0.1392229199409485 seconds
Avg batch train. time: 0.015469213326772055 seconds
Avg sample train. time: 0.00207795402896938 seconds
Evaluating on validation set ...
Validation runtime: 0.0 hours, 0.0 minutes, 0.007534503936767578 seconds

Avg val. time: 0.0 hours, 0.0 minutes, 0.06917154788970947 seconds
Avg batch val. time: 0.06917154788970947 seconds
Avg sample val. time: 0.008646443486213684 seconds
Epoch 4 Validation Summary: epoch: 4.000000 | loss: 1.424557 | accuracy: 0.625000 | precision: 0.791667 | 
Epoch 5 Training Summary: epoch: 5.000000 | loss: 1.518117 | 
Epoch runtime: 0.0 hours, 0.0 minutes, 0.09358501434326172 seconds

Avg epoch train. time: 0.0 hours, 0.0 minutes, 0.13009533882141114 seconds
Avg batch train. time: 0.01445503764682346 seconds
Avg sample train. time: 0.0019417214749464348 seconds
Epoch 6 Training Summary: epoch: 6.000000 | loss: 1.414521 | 
Epoch runtime: 0.0 hours, 0.0 minutes, 0.09065032005310059 seconds

Avg epoch train. time: 0.0 hours, 0.0 minutes, 0.1235211690266927 seconds
Avg batch train. time: 0.01372457433629919 seconds
Avg sample train. time: 0.0018435995377118315 seconds
Evaluating on validation set ...
Validation runtime: 0.0 hours, 0.0 minutes, 0.006497859954833984 seconds

Avg val. time: 0.0 hours, 0.0 minutes, 0.056636810302734375 seconds
Avg batch val. time: 0.056636810302734375 seconds
Avg sample val. time: 0.007079601287841797 seconds
Epoch 6 Validation Summary: epoch: 6.000000 | loss: 1.421554 | accuracy: 0.500000 | precision: 0.571429 | 
Epoch 7 Training Summary: epoch: 7.000000 | loss: 1.305555 | 
Epoch runtime: 0.0 hours, 0.0 minutes, 0.09187173843383789 seconds

Avg epoch train. time: 0.0 hours, 0.0 minutes, 0.11899982179914202 seconds
Avg batch train. time: 0.013222202422126891 seconds
Avg sample train. time: 0.0017761167432707764 seconds
Epoch 8 Training Summary: epoch: 8.000000 | loss: 1.325003 | 
Epoch runtime: 0.0 hours, 0.0 minutes, 0.09398531913757324 seconds

Avg epoch train. time: 0.0 hours, 0.0 minutes, 0.11587300896644592 seconds
Avg batch train. time: 0.012874778774049547 seconds
Avg sample train. time: 0.001729447895021581 seconds
Evaluating on validation set ...
Validation runtime: 0.0 hours, 0.0 minutes, 0.007082939147949219 seconds

Avg val. time: 0.0 hours, 0.0 minutes, 0.04837783177693685 seconds
Avg batch val. time: 0.04837783177693685 seconds
Avg sample val. time: 0.006047228972117106 seconds
Epoch 8 Validation Summary: epoch: 8.000000 | loss: 1.413404 | accuracy: 0.375000 | precision: 0.400000 | 
Epoch 9 Training Summary: epoch: 9.000000 | loss: 1.212192 | 
Epoch runtime: 0.0 hours, 0.0 minutes, 0.09361433982849121 seconds

Avg epoch train. time: 0.0 hours, 0.0 minutes, 0.11339982350667317 seconds
Avg batch train. time: 0.012599980389630352 seconds
Avg sample train. time: 0.0016925346792040772 seconds
Epoch 10 Training Summary: epoch: 10.000000 | loss: 1.170118 | 
Epoch runtime: 0.0 hours, 0.0 minutes, 0.11652612686157227 seconds

Avg epoch train. time: 0.0 hours, 0.0 minutes, 0.11371245384216308 seconds
Avg batch train. time: 0.012634717093573675 seconds
Avg sample train. time: 0.0016972008036143743 seconds
Evaluating on validation set ...
Validation runtime: 0.0 hours, 0.0 minutes, 0.007147789001464844 seconds

Avg val. time: 0.0 hours, 0.0 minutes, 0.04248782566615513 seconds
Avg batch val. time: 0.04248782566615513 seconds
Avg sample val. time: 0.005310978208269391 seconds
Epoch 10 Validation Summary: epoch: 10.000000 | loss: 1.369829 | accuracy: 0.375000 | precision: 0.400000 | 
Epoch 11 Training Summary: epoch: 11.000000 | loss: 1.110204 | 
Epoch runtime: 0.0 hours, 0.0 minutes, 0.11597657203674316 seconds

Avg epoch train. time: 0.0 hours, 0.0 minutes, 0.1139182827689431 seconds
Avg batch train. time: 0.012657586974327012 seconds
Avg sample train. time: 0.0017002728771484045 seconds
Epoch 12 Training Summary: epoch: 12.000000 | loss: 1.021069 | 
Epoch runtime: 0.0 hours, 0.0 minutes, 0.08980441093444824 seconds

Avg epoch train. time: 0.0 hours, 0.0 minutes, 0.11190879344940186 seconds
Avg batch train. time: 0.012434310383266874 seconds
Avg sample train. time: 0.0016702804992448038 seconds
Evaluating on validation set ...
Validation runtime: 0.0 hours, 0.0 minutes, 0.007124423980712891 seconds

Avg val. time: 0.0 hours, 0.0 minutes, 0.038067400455474854 seconds
Avg batch val. time: 0.038067400455474854 seconds
Avg sample val. time: 0.004758425056934357 seconds
Epoch 12 Validation Summary: epoch: 12.000000 | loss: 1.395371 | accuracy: 0.375000 | precision: 0.400000 | 
Epoch 13 Training Summary: epoch: 13.000000 | loss: 0.973807 | 
Epoch runtime: 0.0 hours, 0.0 minutes, 0.0935509204864502 seconds

Avg epoch train. time: 0.0 hours, 0.0 minutes, 0.11049664937532865 seconds
Avg batch train. time: 0.012277405486147627 seconds
Avg sample train. time: 0.0016492037220198306 seconds
Epoch 14 Training Summary: epoch: 14.000000 | loss: 0.973135 | 
Epoch runtime: 0.0 hours, 0.0 minutes, 0.09488511085510254 seconds

Avg epoch train. time: 0.0 hours, 0.0 minutes, 0.10938153948102679 seconds
Avg batch train. time: 0.012153504386780754 seconds
Avg sample train. time: 0.0016325602907615938 seconds
Evaluating on validation set ...
Validation runtime: 0.0 hours, 0.0 minutes, 0.007224321365356445 seconds

Avg val. time: 0.0 hours, 0.0 minutes, 0.03464039166768392 seconds
Avg batch val. time: 0.03464039166768392 seconds
Avg sample val. time: 0.00433004895846049 seconds
Epoch 14 Validation Summary: epoch: 14.000000 | loss: 1.340098 | accuracy: 0.375000 | precision: 0.400000 | 
Epoch 15 Training Summary: epoch: 15.000000 | loss: 0.931860 | 
Epoch runtime: 0.0 hours, 0.0 minutes, 0.09539532661437988 seconds

Avg epoch train. time: 0.0 hours, 0.0 minutes, 0.10844912528991699 seconds
Avg batch train. time: 0.012049902809990777 seconds
Avg sample train. time: 0.001618643661043537 seconds
Epoch 16 Training Summary: epoch: 16.000000 | loss: 0.831900 | 
Epoch runtime: 0.0 hours, 0.0 minutes, 0.09343171119689941 seconds

Avg epoch train. time: 0.0 hours, 0.0 minutes, 0.1075105369091034 seconds
Avg batch train. time: 0.011945615212122599 seconds
Avg sample train. time: 0.0016046348792403491 seconds
Evaluating on validation set ...
Validation runtime: 0.0 hours, 0.0 minutes, 0.007637977600097656 seconds

Avg val. time: 0.0 hours, 0.0 minutes, 0.031940150260925296 seconds
Avg batch val. time: 0.031940150260925296 seconds
Avg sample val. time: 0.003992518782615662 seconds
Epoch 16 Validation Summary: epoch: 16.000000 | loss: 1.303474 | accuracy: 0.375000 | precision: 0.400000 | 
Epoch 17 Training Summary: epoch: 17.000000 | loss: 0.790830 | 
Epoch runtime: 0.0 hours, 0.0 minutes, 0.11399340629577637 seconds

Avg epoch train. time: 0.0 hours, 0.0 minutes, 0.10789188216714297 seconds
Avg batch train. time: 0.01198798690746033 seconds
Avg sample train. time: 0.0016103265995095967 seconds
Epoch 18 Training Summary: epoch: 18.000000 | loss: 0.703884 | 
Epoch runtime: 0.0 hours, 0.0 minutes, 0.0970304012298584 seconds

Avg epoch train. time: 0.0 hours, 0.0 minutes, 0.10728846655951606 seconds
Avg batch train. time: 0.011920940728835117 seconds
Avg sample train. time: 0.0016013203964106875 seconds
Evaluating on validation set ...
Validation runtime: 0.0 hours, 0.0 minutes, 0.006951093673706055 seconds

Avg val. time: 0.0 hours, 0.0 minutes, 0.02966841784390536 seconds
Avg batch val. time: 0.02966841784390536 seconds
Avg sample val. time: 0.00370855223048817 seconds
Epoch 18 Validation Summary: epoch: 18.000000 | loss: 1.288252 | accuracy: 0.500000 | precision: 0.666667 | 
Epoch 19 Training Summary: epoch: 19.000000 | loss: 0.640348 | 
Epoch runtime: 0.0 hours, 0.0 minutes, 0.10435295104980469 seconds

Avg epoch train. time: 0.0 hours, 0.0 minutes, 0.10713396574321546 seconds
Avg batch train. time: 0.011903773971468384 seconds
Avg sample train. time: 0.0015990144140778427 seconds
Epoch 20 Training Summary: epoch: 20.000000 | loss: 0.652086 | 
Epoch runtime: 0.0 hours, 0.0 minutes, 0.09576940536499023 seconds

Avg epoch train. time: 0.0 hours, 0.0 minutes, 0.1065657377243042 seconds
Avg batch train. time: 0.011840637524922688 seconds
Avg sample train. time: 0.001590533398870212 seconds
Evaluating on validation set ...
Validation runtime: 0.0 hours, 0.0 minutes, 0.007409095764160156 seconds

Avg val. time: 0.0 hours, 0.0 minutes, 0.02781347433725993 seconds
Avg batch val. time: 0.02781347433725993 seconds
Avg sample val. time: 0.003476684292157491 seconds
Epoch 20 Validation Summary: epoch: 20.000000 | loss: 1.276492 | accuracy: 0.500000 | precision: 0.666667 | 
Epoch 21 Training Summary: epoch: 21.000000 | loss: 0.582034 | 
Epoch runtime: 0.0 hours, 0.0 minutes, 0.10486435890197754 seconds

Avg epoch train. time: 0.0 hours, 0.0 minutes, 0.10648471968514579 seconds
Avg batch train. time: 0.011831635520571754 seconds
Avg sample train. time: 0.0015893241744051611 seconds
Epoch 22 Training Summary: epoch: 22.000000 | loss: 0.565691 | 
Epoch runtime: 0.0 hours, 0.0 minutes, 0.10076165199279785 seconds

Avg epoch train. time: 0.0 hours, 0.0 minutes, 0.10622458024458452 seconds
Avg batch train. time: 0.011802731138287169 seconds
Avg sample train. time: 0.0015854414961878286 seconds
Evaluating on validation set ...
Validation runtime: 0.0 hours, 0.0 minutes, 0.0074977874755859375 seconds

Avg val. time: 0.0 hours, 0.0 minutes, 0.02625072919405424 seconds
Avg batch val. time: 0.02625072919405424 seconds
Avg sample val. time: 0.00328134114925678 seconds
Epoch 22 Validation Summary: epoch: 22.000000 | loss: 1.286733 | accuracy: 0.500000 | precision: 0.666667 | 
Epoch 23 Training Summary: epoch: 23.000000 | loss: 0.481825 | 
Epoch runtime: 0.0 hours, 0.0 minutes, 0.10034823417663574 seconds

Avg epoch train. time: 0.0 hours, 0.0 minutes, 0.1059690869372824 seconds
Avg batch train. time: 0.011774342993031378 seconds
Avg sample train. time: 0.0015816281632430207 seconds
Epoch 24 Training Summary: epoch: 24.000000 | loss: 0.480629 | 
Epoch runtime: 0.0 hours, 0.0 minutes, 0.09222221374511719 seconds

Avg epoch train. time: 0.0 hours, 0.0 minutes, 0.10539630055427551 seconds
Avg batch train. time: 0.011710700061586168 seconds
Avg sample train. time: 0.0015730791127503809 seconds
Evaluating on validation set ...
Validation runtime: 0.0 hours, 0.0 minutes, 0.007686614990234375 seconds

Avg val. time: 0.0 hours, 0.0 minutes, 0.024924721036638533 seconds
Avg batch val. time: 0.024924721036638533 seconds
Avg sample val. time: 0.0031155901295798166 seconds
Epoch 24 Validation Summary: epoch: 24.000000 | loss: 1.292583 | accuracy: 0.250000 | precision: 0.333333 | 
Epoch 25 Training Summary: epoch: 25.000000 | loss: 0.412336 | 
Epoch runtime: 0.0 hours, 0.0 minutes, 0.09343862533569336 seconds

Avg epoch train. time: 0.0 hours, 0.0 minutes, 0.10491799354553223 seconds
Avg batch train. time: 0.01165755483839247 seconds
Avg sample train. time: 0.0015659402021721228 seconds
Epoch 26 Training Summary: epoch: 26.000000 | loss: 0.388268 | 
Epoch runtime: 0.0 hours, 0.0 minutes, 0.09323906898498535 seconds

Avg epoch train. time: 0.0 hours, 0.0 minutes, 0.10446880413935734 seconds
Avg batch train. time: 0.011607644904373039 seconds
Avg sample train. time: 0.0015592358826769753 seconds
Evaluating on validation set ...
Validation runtime: 0.0 hours, 0.0 minutes, 0.007468700408935547 seconds

Avg val. time: 0.0 hours, 0.0 minutes, 0.023760986328125 seconds
Avg batch val. time: 0.023760986328125 seconds
Avg sample val. time: 0.002970123291015625 seconds
Epoch 26 Validation Summary: epoch: 26.000000 | loss: 1.312073 | accuracy: 0.375000 | precision: 0.500000 | 
Epoch 27 Training Summary: epoch: 27.000000 | loss: 0.329345 | 
Epoch runtime: 0.0 hours, 0.0 minutes, 0.10083222389221191 seconds

Avg epoch train. time: 0.0 hours, 0.0 minutes, 0.10433411598205566 seconds
Avg batch train. time: 0.01159267955356174 seconds
Avg sample train. time: 0.0015572256116724726 seconds
Epoch 28 Training Summary: epoch: 28.000000 | loss: 0.298066 | 
Epoch runtime: 0.0 hours, 0.0 minutes, 0.1361832618713379 seconds

Avg epoch train. time: 0.0 hours, 0.0 minutes, 0.10547158547810145 seconds
Avg batch train. time: 0.011719065053122384 seconds
Avg sample train. time: 0.0015742027683298724 seconds
Evaluating on validation set ...
Validation runtime: 0.0 hours, 0.0 minutes, 0.008723258972167969 seconds

Avg val. time: 0.0 hours, 0.0 minutes, 0.022821128368377686 seconds
Avg batch val. time: 0.022821128368377686 seconds
Avg sample val. time: 0.0028526410460472107 seconds
Epoch 28 Validation Summary: epoch: 28.000000 | loss: 1.314229 | accuracy: 0.250000 | precision: 0.333333 | 
Epoch 29 Training Summary: epoch: 29.000000 | loss: 0.284695 | 
Epoch runtime: 0.0 hours, 0.0 minutes, 0.10337710380554199 seconds

Avg epoch train. time: 0.0 hours, 0.0 minutes, 0.10539936197215113 seconds
Avg batch train. time: 0.011711040219127904 seconds
Avg sample train. time: 0.0015731248055544946 seconds
Epoch 30 Training Summary: epoch: 30.000000 | loss: 0.272366 | 
Epoch runtime: 0.0 hours, 0.0 minutes, 0.09799671173095703 seconds

Avg epoch train. time: 0.0 hours, 0.0 minutes, 0.10515260696411133 seconds
Avg batch train. time: 0.01168362299601237 seconds
Avg sample train. time: 0.0015694418949867362 seconds
Evaluating on validation set ...
Validation runtime: 0.0 hours, 0.0 minutes, 0.0073413848876953125 seconds

Avg val. time: 0.0 hours, 0.0 minutes, 0.02191055522245519 seconds
Avg batch val. time: 0.02191055522245519 seconds
Avg sample val. time: 0.002738819402806899 seconds
Epoch 30 Validation Summary: epoch: 30.000000 | loss: 1.331941 | accuracy: 0.250000 | precision: 0.333333 | 
Epoch 31 Training Summary: epoch: 31.000000 | loss: 0.258478 | 
Epoch runtime: 0.0 hours, 0.0 minutes, 0.1031808853149414 seconds

Avg epoch train. time: 0.0 hours, 0.0 minutes, 0.10508900303994456 seconds
Avg batch train. time: 0.011676555893327174 seconds
Avg sample train. time: 0.0015684925826857398 seconds
Epoch 32 Training Summary: epoch: 32.000000 | loss: 0.211379 | 
Epoch runtime: 0.0 hours, 0.0 minutes, 0.10500431060791016 seconds

Avg epoch train. time: 0.0 hours, 0.0 minutes, 0.10508635640144348 seconds
Avg batch train. time: 0.011676261822382608 seconds
Avg sample train. time: 0.0015684530806185594 seconds
Evaluating on validation set ...
Validation runtime: 0.0 hours, 0.0 minutes, 0.007806539535522461 seconds

Avg val. time: 0.0 hours, 0.0 minutes, 0.021126998795403376 seconds
Avg batch val. time: 0.021126998795403376 seconds
Avg sample val. time: 0.002640874849425422 seconds
Epoch 32 Validation Summary: epoch: 32.000000 | loss: 1.526077 | accuracy: 0.375000 | precision: 0.500000 | 
Epoch 33 Training Summary: epoch: 33.000000 | loss: 0.185851 | 
Epoch runtime: 0.0 hours, 0.0 minutes, 0.10015249252319336 seconds

Avg epoch train. time: 0.0 hours, 0.0 minutes, 0.10493684537482983 seconds
Avg batch train. time: 0.011659649486092204 seconds
Avg sample train. time: 0.0015662215727586543 seconds
Epoch 34 Training Summary: epoch: 34.000000 | loss: 0.122234 | 
Epoch runtime: 0.0 hours, 0.0 minutes, 0.09813618659973145 seconds

Avg epoch train. time: 0.0 hours, 0.0 minutes, 0.10473682599909165 seconds
Avg batch train. time: 0.011637425111010184 seconds
Avg sample train. time: 0.0015632362089416665 seconds
Evaluating on validation set ...
Validation runtime: 0.0 hours, 0.0 minutes, 0.0072176456451416016 seconds

Avg val. time: 0.0 hours, 0.0 minutes, 0.020394927576968546 seconds
Avg batch val. time: 0.020394927576968546 seconds
Avg sample val. time: 0.0025493659471210683 seconds
Epoch 34 Validation Summary: epoch: 34.000000 | loss: 1.611660 | accuracy: 0.375000 | precision: 0.500000 | 
Epoch 35 Training Summary: epoch: 35.000000 | loss: 0.165873 | 
Epoch runtime: 0.0 hours, 0.0 minutes, 0.10230469703674316 seconds

Avg epoch train. time: 0.0 hours, 0.0 minutes, 0.10466733660016742 seconds
Avg batch train. time: 0.011629704066685268 seconds
Avg sample train. time: 0.001562199053733842 seconds
Epoch 36 Training Summary: epoch: 36.000000 | loss: 0.168934 | 
Epoch runtime: 0.0 hours, 0.0 minutes, 0.09789252281188965 seconds

Avg epoch train. time: 0.0 hours, 0.0 minutes, 0.10447914732827081 seconds
Avg batch train. time: 0.011608794147585645 seconds
Avg sample train. time: 0.0015593902586309076 seconds
Evaluating on validation set ...
Validation runtime: 0.0 hours, 0.0 minutes, 0.0072934627532958984 seconds

Avg val. time: 0.0 hours, 0.0 minutes, 0.01973985433578491 seconds
Avg batch val. time: 0.01973985433578491 seconds
Avg sample val. time: 0.002467481791973114 seconds
Epoch 36 Validation Summary: epoch: 36.000000 | loss: 1.687358 | accuracy: 0.250000 | precision: 0.375000 | 
Epoch 37 Training Summary: epoch: 37.000000 | loss: 0.145425 | 
Epoch runtime: 0.0 hours, 0.0 minutes, 0.10073351860046387 seconds

Avg epoch train. time: 0.0 hours, 0.0 minutes, 0.10437791411941116 seconds
Avg batch train. time: 0.011597546013267908 seconds
Avg sample train. time: 0.001557879315215092 seconds
Epoch 38 Training Summary: epoch: 38.000000 | loss: 0.117723 | 
Epoch runtime: 0.0 hours, 0.0 minutes, 0.09986472129821777 seconds

Avg epoch train. time: 0.0 hours, 0.0 minutes, 0.10425914588727449 seconds
Avg batch train. time: 0.011584349543030498 seconds
Avg sample train. time: 0.0015561066550339477 seconds
Evaluating on validation set ...
Validation runtime: 0.0 hours, 0.0 minutes, 0.007481575012207031 seconds

Avg val. time: 0.0 hours, 0.0 minutes, 0.01915612674894787 seconds
Avg batch val. time: 0.01915612674894787 seconds
Avg sample val. time: 0.002394515843618484 seconds
Epoch 38 Validation Summary: epoch: 38.000000 | loss: 1.869898 | accuracy: 0.250000 | precision: 0.375000 | 
Epoch 39 Training Summary: epoch: 39.000000 | loss: 0.147372 | 
Epoch runtime: 0.0 hours, 0.0 minutes, 0.09678006172180176 seconds

Avg epoch train. time: 0.0 hours, 0.0 minutes, 0.10406737449841622 seconds
Avg batch train. time: 0.011563041610935135 seconds
Avg sample train. time: 0.0015532443954987495 seconds
Epoch 40 Training Summary: epoch: 40.000000 | loss: 0.089781 | 
Epoch runtime: 0.0 hours, 0.0 minutes, 0.0962076187133789 seconds

Avg epoch train. time: 0.0 hours, 0.0 minutes, 0.10387088060379028 seconds
Avg batch train. time: 0.011541208955976698 seconds
Avg sample train. time: 0.00155031165080284 seconds
Evaluating on validation set ...
Validation runtime: 0.0 hours, 0.0 minutes, 0.007030010223388672 seconds

Avg val. time: 0.0 hours, 0.0 minutes, 0.018604939634149723 seconds
Avg batch val. time: 0.018604939634149723 seconds
Avg sample val. time: 0.0023256174542687154 seconds
Epoch 40 Validation Summary: epoch: 40.000000 | loss: 1.969767 | accuracy: 0.375000 | precision: 0.500000 | 
Best accuracy was 0.625. Other metrics: OrderedDict([('epoch', 4), ('loss', 1.4245572090148926), ('accuracy', 0.625), ('precision', 0.7916666666666666)])
All Done!
Total runtime: 0.0 hours, 0.0 minutes, 9.197492122650146 seconds

