Running:
src/main_5q.py --output_dir experiments --comment classification from Scratch --name VRS_fromScratch --records_file VRS_records.xls --data_dir /mnt/d/OneDrive - Southern Methodist University/Phone_Privacy/input_feature/combine_opticalflow_all_feat_downsample_480p_s22 --data_class vrs --val_ratio 0.1 --epochs 40 --lr 0.001 --dropout 0.2 --batch_size 8 --num_layers 3 --num_heads 4 --optimizer RAdam --pos_encoding learnable --task classification --normalization none --key_metric accuracy

Using device: cuda
Loading and preprocessing data ...
68 samples may be used for training
8 samples will be used for validation
0 samples will be used for testing
Creating model ...
Model:
TSTransformerEncoderClassiregressor(
  (project_inp): Linear(in_features=47, out_features=64, bias=True)
  (pos_enc): LearnablePositionalEncoding(
    (dropout): Dropout(p=0.2, inplace=False)
  )
  (transformer_encoder): TransformerEncoder(
    (layers): ModuleList(
      (0-2): 3 x TransformerBatchNormEncoderLayer(
        (self_attn): MultiheadAttention(
          (out_proj): NonDynamicallyQuantizableLinear(in_features=64, out_features=64, bias=True)
        )
        (linear1): Linear(in_features=64, out_features=256, bias=True)
        (dropout): Dropout(p=0.2, inplace=False)
        (linear2): Linear(in_features=256, out_features=64, bias=True)
        (norm1): BatchNorm1d(64, eps=1e-05, momentum=0.1, affine=True, track_running_stats=True)
        (norm2): BatchNorm1d(64, eps=1e-05, momentum=0.1, affine=True, track_running_stats=True)
        (dropout1): Dropout(p=0.2, inplace=False)
        (dropout2): Dropout(p=0.2, inplace=False)
      )
    )
  )
  (dropout1): Dropout(p=0.2, inplace=False)
  (output_layer): Linear(in_features=5120, out_features=5, bias=True)
)
Total number of parameters: 183749
Trainable parameters: 183749
Evaluating on validation set ...
Validation runtime: 0.0 hours, 0.0 minutes, 0.39164066314697266 seconds

Avg val. time: 0.0 hours, 0.0 minutes, 0.39164066314697266 seconds
Avg batch val. time: 0.39164066314697266 seconds
Avg sample val. time: 0.04895508289337158 seconds
Epoch 0 Validation Summary: epoch: 0.000000 | loss: 5.355247 | accuracy: 0.000000 | precision: 0.000000 | 
Starting training...
Epoch 1 Training Summary: epoch: 1.000000 | loss: 1.651411 | 
Epoch runtime: 0.0 hours, 0.0 minutes, 0.3149833679199219 seconds

Avg epoch train. time: 0.0 hours, 0.0 minutes, 0.3149833679199219 seconds
Avg batch train. time: 0.03499815199110243 seconds
Avg sample train. time: 0.004632108351763557 seconds
Evaluating on validation set ...
Validation runtime: 0.0 hours, 0.0 minutes, 0.007359504699707031 seconds

Avg val. time: 0.0 hours, 0.0 minutes, 0.19950008392333984 seconds
Avg batch val. time: 0.19950008392333984 seconds
Avg sample val. time: 0.02493751049041748 seconds
Epoch 1 Validation Summary: epoch: 1.000000 | loss: 1.874484 | accuracy: 0.125000 | precision: 0.133333 | 
Epoch 2 Training Summary: epoch: 2.000000 | loss: 1.696062 | 
Epoch runtime: 0.0 hours, 0.0 minutes, 0.09978389739990234 seconds

Avg epoch train. time: 0.0 hours, 0.0 minutes, 0.2073836326599121 seconds
Avg batch train. time: 0.023042625851101346 seconds
Avg sample train. time: 0.003049759303822237 seconds
Evaluating on validation set ...
Validation runtime: 0.0 hours, 0.0 minutes, 0.008545875549316406 seconds

Avg val. time: 0.0 hours, 0.0 minutes, 0.1358486811319987 seconds
Avg batch val. time: 0.1358486811319987 seconds
Avg sample val. time: 0.016981085141499836 seconds
Epoch 2 Validation Summary: epoch: 2.000000 | loss: 1.790560 | accuracy: 0.125000 | precision: 0.133333 | 
Epoch 3 Training Summary: epoch: 3.000000 | loss: 1.548389 | 
Epoch runtime: 0.0 hours, 0.0 minutes, 0.09642457962036133 seconds

Avg epoch train. time: 0.0 hours, 0.0 minutes, 0.17039728164672852 seconds
Avg batch train. time: 0.018933031294080947 seconds
Avg sample train. time: 0.0025058423771577723 seconds
Epoch 4 Training Summary: epoch: 4.000000 | loss: 1.547929 | 
Epoch runtime: 0.0 hours, 0.0 minutes, 0.08932018280029297 seconds

Avg epoch train. time: 0.0 hours, 0.0 minutes, 0.15012800693511963 seconds
Avg batch train. time: 0.016680889659457736 seconds
Avg sample train. time: 0.0022077648078694064 seconds
Evaluating on validation set ...
Validation runtime: 0.0 hours, 0.0 minutes, 0.0066912174224853516 seconds

Avg val. time: 0.0 hours, 0.0 minutes, 0.10355931520462036 seconds
Avg batch val. time: 0.10355931520462036 seconds
Avg sample val. time: 0.012944914400577545 seconds
Epoch 4 Validation Summary: epoch: 4.000000 | loss: 1.708810 | accuracy: 0.250000 | precision: 0.166667 | 
Epoch 5 Training Summary: epoch: 5.000000 | loss: 1.445145 | 
Epoch runtime: 0.0 hours, 0.0 minutes, 0.08998537063598633 seconds

Avg epoch train. time: 0.0 hours, 0.0 minutes, 0.13809947967529296 seconds
Avg batch train. time: 0.015344386630588106 seconds
Avg sample train. time: 0.0020308747011072493 seconds
Epoch 6 Training Summary: epoch: 6.000000 | loss: 1.379765 | 
Epoch runtime: 0.0 hours, 0.0 minutes, 0.08619165420532227 seconds

Avg epoch train. time: 0.0 hours, 0.0 minutes, 0.12944817543029785 seconds
Avg batch train. time: 0.014383130603366427 seconds
Avg sample train. time: 0.0019036496386808507 seconds
Evaluating on validation set ...
Validation runtime: 0.0 hours, 0.0 minutes, 0.007938623428344727 seconds

Avg val. time: 0.0 hours, 0.0 minutes, 0.08443517684936523 seconds
Avg batch val. time: 0.08443517684936523 seconds
Avg sample val. time: 0.010554397106170654 seconds
Epoch 6 Validation Summary: epoch: 6.000000 | loss: 1.688560 | accuracy: 0.500000 | precision: 0.416667 | 
Epoch 7 Training Summary: epoch: 7.000000 | loss: 1.305474 | 
Epoch runtime: 0.0 hours, 0.0 minutes, 0.08392024040222168 seconds

Avg epoch train. time: 0.0 hours, 0.0 minutes, 0.12294418471200126 seconds
Avg batch train. time: 0.01366046496800014 seconds
Avg sample train. time: 0.0018080027163529598 seconds
Epoch 8 Training Summary: epoch: 8.000000 | loss: 1.271624 | 
Epoch runtime: 0.0 hours, 0.0 minutes, 0.0809471607208252 seconds

Avg epoch train. time: 0.0 hours, 0.0 minutes, 0.11769455671310425 seconds
Avg batch train. time: 0.013077172968122695 seconds
Avg sample train. time: 0.0017308023046044743 seconds
Evaluating on validation set ...
Validation runtime: 0.0 hours, 0.0 minutes, 0.006574153900146484 seconds

Avg val. time: 0.0 hours, 0.0 minutes, 0.07145833969116211 seconds
Avg batch val. time: 0.07145833969116211 seconds
Avg sample val. time: 0.008932292461395264 seconds
Epoch 8 Validation Summary: epoch: 8.000000 | loss: 1.696870 | accuracy: 0.500000 | precision: 0.416667 | 
Epoch 9 Training Summary: epoch: 9.000000 | loss: 1.259881 | 
Epoch runtime: 0.0 hours, 0.0 minutes, 0.08441710472106934 seconds

Avg epoch train. time: 0.0 hours, 0.0 minutes, 0.11399706204732259 seconds
Avg batch train. time: 0.012666340227480288 seconds
Avg sample train. time: 0.0016764273830488616 seconds
Epoch 10 Training Summary: epoch: 10.000000 | loss: 1.106789 | 
Epoch runtime: 0.0 hours, 0.0 minutes, 0.08913111686706543 seconds

Avg epoch train. time: 0.0 hours, 0.0 minutes, 0.11151046752929687 seconds
Avg batch train. time: 0.012390051947699652 seconds
Avg sample train. time: 0.001639859816607307 seconds
Evaluating on validation set ...
Validation runtime: 0.0 hours, 0.0 minutes, 0.006386280059814453 seconds

Avg val. time: 0.0 hours, 0.0 minutes, 0.06216233117239816 seconds
Avg batch val. time: 0.06216233117239816 seconds
Avg sample val. time: 0.00777029139654977 seconds
Epoch 10 Validation Summary: epoch: 10.000000 | loss: 1.797868 | accuracy: 0.375000 | precision: 0.361111 | 
Epoch 11 Training Summary: epoch: 11.000000 | loss: 1.098423 | 
Epoch runtime: 0.0 hours, 0.0 minutes, 0.08517026901245117 seconds

Avg epoch train. time: 0.0 hours, 0.0 minutes, 0.10911590402776544 seconds
Avg batch train. time: 0.012123989336418383 seconds
Avg sample train. time: 0.001604645647467139 seconds
Epoch 12 Training Summary: epoch: 12.000000 | loss: 0.993313 | 
Epoch runtime: 0.0 hours, 0.0 minutes, 0.08682489395141602 seconds

Avg epoch train. time: 0.0 hours, 0.0 minutes, 0.10725831985473633 seconds
Avg batch train. time: 0.011917591094970703 seconds
Avg sample train. time: 0.0015773282331578871 seconds
Evaluating on validation set ...
Validation runtime: 0.0 hours, 0.0 minutes, 0.0059702396392822266 seconds

Avg val. time: 0.0 hours, 0.0 minutes, 0.05513831973075867 seconds
Avg batch val. time: 0.05513831973075867 seconds
Avg sample val. time: 0.006892289966344833 seconds
Epoch 12 Validation Summary: epoch: 12.000000 | loss: 1.772119 | accuracy: 0.375000 | precision: 0.333333 | 
Epoch 13 Training Summary: epoch: 13.000000 | loss: 0.929180 | 
Epoch runtime: 0.0 hours, 0.0 minutes, 0.08682584762573242 seconds

Avg epoch train. time: 0.0 hours, 0.0 minutes, 0.10568659122173603 seconds
Avg batch train. time: 0.011742954580192892 seconds
Avg sample train. time: 0.0015542145767902357 seconds
Epoch 14 Training Summary: epoch: 14.000000 | loss: 0.899358 | 
Epoch runtime: 0.0 hours, 0.0 minutes, 0.08517956733703613 seconds

Avg epoch train. time: 0.0 hours, 0.0 minutes, 0.10422180380140032 seconds
Avg batch train. time: 0.011580200422377814 seconds
Avg sample train. time: 0.0015326735853147106 seconds
Evaluating on validation set ...
Validation runtime: 0.0 hours, 0.0 minutes, 0.006452798843383789 seconds

Avg val. time: 0.0 hours, 0.0 minutes, 0.04972881740993924 seconds
Avg batch val. time: 0.04972881740993924 seconds
Avg sample val. time: 0.006216102176242405 seconds
Epoch 14 Validation Summary: epoch: 14.000000 | loss: 1.878279 | accuracy: 0.250000 | precision: 0.222222 | 
Epoch 15 Training Summary: epoch: 15.000000 | loss: 0.829868 | 
Epoch runtime: 0.0 hours, 0.0 minutes, 0.08571529388427734 seconds

Avg epoch train. time: 0.0 hours, 0.0 minutes, 0.10298803647359213 seconds
Avg batch train. time: 0.011443115163732458 seconds
Avg sample train. time: 0.0015145299481410608 seconds
Epoch 16 Training Summary: epoch: 16.000000 | loss: 0.796531 | 
Epoch runtime: 0.0 hours, 0.0 minutes, 0.08809375762939453 seconds

Avg epoch train. time: 0.0 hours, 0.0 minutes, 0.10205714404582977 seconds
Avg batch train. time: 0.011339682671758864 seconds
Avg sample train. time: 0.0015008403536151437 seconds
Evaluating on validation set ...
Validation runtime: 0.0 hours, 0.0 minutes, 0.006455183029174805 seconds

Avg val. time: 0.0 hours, 0.0 minutes, 0.04540145397186279 seconds
Avg batch val. time: 0.04540145397186279 seconds
Avg sample val. time: 0.005675181746482849 seconds
Epoch 16 Validation Summary: epoch: 16.000000 | loss: 1.912612 | accuracy: 0.375000 | precision: 0.361111 | 
Epoch 17 Training Summary: epoch: 17.000000 | loss: 0.780229 | 
Epoch runtime: 0.0 hours, 0.0 minutes, 0.08754372596740723 seconds

Avg epoch train. time: 0.0 hours, 0.0 minutes, 0.10120341357062845 seconds
Avg batch train. time: 0.011244823730069829 seconds
Avg sample train. time: 0.0014882854936857125 seconds
Epoch 18 Training Summary: epoch: 18.000000 | loss: 0.699179 | 
Epoch runtime: 0.0 hours, 0.0 minutes, 0.09009075164794922 seconds

Avg epoch train. time: 0.0 hours, 0.0 minutes, 0.10058604346381293 seconds
Avg batch train. time: 0.01117622705153477 seconds
Avg sample train. time: 0.0014792065215266607 seconds
Evaluating on validation set ...
Validation runtime: 0.0 hours, 0.0 minutes, 0.00720977783203125 seconds

Avg val. time: 0.0 hours, 0.0 minutes, 0.04192948341369629 seconds
Avg batch val. time: 0.04192948341369629 seconds
Avg sample val. time: 0.005241185426712036 seconds
Epoch 18 Validation Summary: epoch: 18.000000 | loss: 2.203004 | accuracy: 0.250000 | precision: 0.222222 | 
Epoch 19 Training Summary: epoch: 19.000000 | loss: 0.688463 | 
Epoch runtime: 0.0 hours, 0.0 minutes, 0.08490562438964844 seconds

Avg epoch train. time: 0.0 hours, 0.0 minutes, 0.09976075824938323 seconds
Avg batch train. time: 0.011084528694375914 seconds
Avg sample train. time: 0.0014670699742556357 seconds
Epoch 20 Training Summary: epoch: 20.000000 | loss: 0.610679 | 
Epoch runtime: 0.0 hours, 0.0 minutes, 0.09189271926879883 seconds

Avg epoch train. time: 0.0 hours, 0.0 minutes, 0.09936735630035401 seconds
Avg batch train. time: 0.011040817366706 seconds
Avg sample train. time: 0.0014612846514757943 seconds
Evaluating on validation set ...
Validation runtime: 0.0 hours, 0.0 minutes, 0.006384849548339844 seconds

Avg val. time: 0.0 hours, 0.0 minutes, 0.03896743059158325 seconds
Avg batch val. time: 0.03896743059158325 seconds
Avg sample val. time: 0.0048709288239479065 seconds
Epoch 20 Validation Summary: epoch: 20.000000 | loss: 2.167778 | accuracy: 0.250000 | precision: 0.222222 | 
Epoch 21 Training Summary: epoch: 21.000000 | loss: 0.559333 | 
Epoch runtime: 0.0 hours, 0.0 minutes, 0.09581398963928223 seconds

Avg epoch train. time: 0.0 hours, 0.0 minutes, 0.09919814836411249 seconds
Avg batch train. time: 0.011022016484901387 seconds
Avg sample train. time: 0.0014587962994722424 seconds
Epoch 22 Training Summary: epoch: 22.000000 | loss: 0.584331 | 
Epoch runtime: 0.0 hours, 0.0 minutes, 0.09763526916503906 seconds

Avg epoch train. time: 0.0 hours, 0.0 minutes, 0.09912710840051825 seconds
Avg batch train. time: 0.01101412315561314 seconds
Avg sample train. time: 0.0014577515941252683 seconds
Evaluating on validation set ...
Validation runtime: 0.0 hours, 0.0 minutes, 0.006934165954589844 seconds

Avg val. time: 0.0 hours, 0.0 minutes, 0.03650333331181453 seconds
Avg batch val. time: 0.03650333331181453 seconds
Avg sample val. time: 0.004562916663976816 seconds
Epoch 22 Validation Summary: epoch: 22.000000 | loss: 2.277011 | accuracy: 0.250000 | precision: 0.222222 | 
Epoch 23 Training Summary: epoch: 23.000000 | loss: 0.495200 | 
Epoch runtime: 0.0 hours, 0.0 minutes, 0.09248948097229004 seconds

Avg epoch train. time: 0.0 hours, 0.0 minutes, 0.09883851590363876 seconds
Avg batch train. time: 0.01098205732262653 seconds
Avg sample train. time: 0.001453507586818217 seconds
Epoch 24 Training Summary: epoch: 24.000000 | loss: 0.433172 | 
Epoch runtime: 0.0 hours, 0.0 minutes, 0.11600828170776367 seconds

Avg epoch train. time: 0.0 hours, 0.0 minutes, 0.09955392281214397 seconds
Avg batch train. time: 0.011061546979127108 seconds
Avg sample train. time: 0.001464028276649176 seconds
Evaluating on validation set ...
Validation runtime: 0.0 hours, 0.0 minutes, 0.007673740386962891 seconds

Avg val. time: 0.0 hours, 0.0 minutes, 0.03444407667432513 seconds
Avg batch val. time: 0.03444407667432513 seconds
Avg sample val. time: 0.004305509584290641 seconds
Epoch 24 Validation Summary: epoch: 24.000000 | loss: 2.797812 | accuracy: 0.375000 | precision: 0.361111 | 
Epoch 25 Training Summary: epoch: 25.000000 | loss: 0.483844 | 
Epoch runtime: 0.0 hours, 0.0 minutes, 0.09620165824890137 seconds

Avg epoch train. time: 0.0 hours, 0.0 minutes, 0.09941983222961426 seconds
Avg batch train. time: 0.011046648025512695 seconds
Avg sample train. time: 0.0014620563563178567 seconds
Epoch 26 Training Summary: epoch: 26.000000 | loss: 0.400145 | 
Epoch runtime: 0.0 hours, 0.0 minutes, 0.0956261157989502 seconds

Avg epoch train. time: 0.0 hours, 0.0 minutes, 0.0992739200592041 seconds
Avg batch train. time: 0.011030435562133789 seconds
Avg sample train. time: 0.0014599105891059427 seconds
Evaluating on validation set ...
Validation runtime: 0.0 hours, 0.0 minutes, 0.007463693618774414 seconds

Avg val. time: 0.0 hours, 0.0 minutes, 0.03264538447062174 seconds
Avg batch val. time: 0.03264538447062174 seconds
Avg sample val. time: 0.004080673058827718 seconds
Epoch 26 Validation Summary: epoch: 26.000000 | loss: 2.903300 | accuracy: 0.250000 | precision: 0.222222 | 
Epoch 27 Training Summary: epoch: 27.000000 | loss: 0.396477 | 
Epoch runtime: 0.0 hours, 0.0 minutes, 0.09029269218444824 seconds

Avg epoch train. time: 0.0 hours, 0.0 minutes, 0.0989412819897687 seconds
Avg batch train. time: 0.010993475776640968 seconds
Avg sample train. time: 0.0014550188527907163 seconds
Epoch 28 Training Summary: epoch: 28.000000 | loss: 0.347362 | 
Epoch runtime: 0.0 hours, 0.0 minutes, 0.09934496879577637 seconds

Avg epoch train. time: 0.0 hours, 0.0 minutes, 0.09895569937569755 seconds
Avg batch train. time: 0.01099507770841084 seconds
Avg sample train. time: 0.0014552308731720228 seconds
Evaluating on validation set ...
Validation runtime: 0.0 hours, 0.0 minutes, 0.0078105926513671875 seconds

Avg val. time: 0.0 hours, 0.0 minutes, 0.031093209981918335 seconds
Avg batch val. time: 0.031093209981918335 seconds
Avg sample val. time: 0.003886651247739792 seconds
Epoch 28 Validation Summary: epoch: 28.000000 | loss: 3.192773 | accuracy: 0.250000 | precision: 0.250000 | 
Epoch 29 Training Summary: epoch: 29.000000 | loss: 0.342621 | 
Epoch runtime: 0.0 hours, 0.0 minutes, 0.09136247634887695 seconds

Avg epoch train. time: 0.0 hours, 0.0 minutes, 0.09869386409891062 seconds
Avg batch train. time: 0.010965984899878958 seconds
Avg sample train. time: 0.0014513803543957445 seconds
Epoch 30 Training Summary: epoch: 30.000000 | loss: 0.325104 | 
Epoch runtime: 0.0 hours, 0.0 minutes, 0.1013646125793457 seconds

Avg epoch train. time: 0.0 hours, 0.0 minutes, 0.09878288904825847 seconds
Avg batch train. time: 0.010975876560917606 seconds
Avg sample train. time: 0.0014526895448273304 seconds
Evaluating on validation set ...
Validation runtime: 0.0 hours, 0.0 minutes, 0.007695198059082031 seconds

Avg val. time: 0.0 hours, 0.0 minutes, 0.02971685633939855 seconds
Avg batch val. time: 0.02971685633939855 seconds
Avg sample val. time: 0.003714607042424819 seconds
Epoch 30 Validation Summary: epoch: 30.000000 | loss: 3.412657 | accuracy: 0.375000 | precision: 0.333333 | 
Epoch 31 Training Summary: epoch: 31.000000 | loss: 0.213836 | 
Epoch runtime: 0.0 hours, 0.0 minutes, 0.08829236030578613 seconds

Avg epoch train. time: 0.0 hours, 0.0 minutes, 0.09844448489527549 seconds
Avg batch train. time: 0.010938276099475055 seconds
Avg sample train. time: 0.001447713013165816 seconds
Epoch 32 Training Summary: epoch: 32.000000 | loss: 0.299153 | 
Epoch runtime: 0.0 hours, 0.0 minutes, 0.0951991081237793 seconds

Avg epoch train. time: 0.0 hours, 0.0 minutes, 0.09834306687116623 seconds
Avg batch train. time: 0.01092700743012958 seconds
Avg sample train. time: 0.0014462215716347976 seconds
Evaluating on validation set ...
Validation runtime: 0.0 hours, 0.0 minutes, 0.007224082946777344 seconds

Avg val. time: 0.0 hours, 0.0 minutes, 0.028467257817586262 seconds
Avg batch val. time: 0.028467257817586262 seconds
Avg sample val. time: 0.0035584072271982827 seconds
Epoch 32 Validation Summary: epoch: 32.000000 | loss: 3.685163 | accuracy: 0.250000 | precision: 0.222222 | 
Epoch 33 Training Summary: epoch: 33.000000 | loss: 0.245148 | 
Epoch runtime: 0.0 hours, 0.0 minutes, 0.0959770679473877 seconds

Avg epoch train. time: 0.0 hours, 0.0 minutes, 0.09827136993408203 seconds
Avg batch train. time: 0.010919041103786893 seconds
Avg sample train. time: 0.001445167204912971 seconds
Epoch 34 Training Summary: epoch: 34.000000 | loss: 0.244883 | 
Epoch runtime: 0.0 hours, 0.0 minutes, 0.08707165718078613 seconds

Avg epoch train. time: 0.0 hours, 0.0 minutes, 0.09794196661780863 seconds
Avg batch train. time: 0.01088244073531207 seconds
Avg sample train. time: 0.0014403230384971858 seconds
Evaluating on validation set ...
Validation runtime: 0.0 hours, 0.0 minutes, 0.0071713924407958984 seconds

Avg val. time: 0.0 hours, 0.0 minutes, 0.02734642279775519 seconds
Avg batch val. time: 0.02734642279775519 seconds
Avg sample val. time: 0.003418302849719399 seconds
Epoch 34 Validation Summary: epoch: 34.000000 | loss: 3.799683 | accuracy: 0.250000 | precision: 0.250000 | 
Epoch 35 Training Summary: epoch: 35.000000 | loss: 0.233538 | 
Epoch runtime: 0.0 hours, 0.0 minutes, 0.09190964698791504 seconds

Avg epoch train. time: 0.0 hours, 0.0 minutes, 0.09776961462838309 seconds
Avg batch train. time: 0.010863290514264788 seconds
Avg sample train. time: 0.0014377884504173984 seconds
Epoch 36 Training Summary: epoch: 36.000000 | loss: 0.180336 | 
Epoch runtime: 0.0 hours, 0.0 minutes, 0.09108829498291016 seconds

Avg epoch train. time: 0.0 hours, 0.0 minutes, 0.09758402241600884 seconds
Avg batch train. time: 0.010842669157334317 seconds
Avg sample train. time: 0.0014350591531766006 seconds
Evaluating on validation set ...
Validation runtime: 0.0 hours, 0.0 minutes, 0.00725865364074707 seconds

Avg val. time: 0.0 hours, 0.0 minutes, 0.026342034339904785 seconds
Avg batch val. time: 0.026342034339904785 seconds
Avg sample val. time: 0.003292754292488098 seconds
Epoch 36 Validation Summary: epoch: 36.000000 | loss: 3.511394 | accuracy: 0.250000 | precision: 0.222222 | 
Epoch 37 Training Summary: epoch: 37.000000 | loss: 0.111496 | 
Epoch runtime: 0.0 hours, 0.0 minutes, 0.08836603164672852 seconds

Avg epoch train. time: 0.0 hours, 0.0 minutes, 0.09733488753035262 seconds
Avg batch train. time: 0.010814987503372514 seconds
Avg sample train. time: 0.0014313954048581266 seconds
Epoch 38 Training Summary: epoch: 38.000000 | loss: 0.212101 | 
Epoch runtime: 0.0 hours, 0.0 minutes, 0.10546660423278809 seconds

Avg epoch train. time: 0.0 hours, 0.0 minutes, 0.09754888007515355 seconds
Avg batch train. time: 0.010838764452794839 seconds
Avg sample train. time: 0.0014345423540463758 seconds
Evaluating on validation set ...
Validation runtime: 0.0 hours, 0.0 minutes, 0.0085296630859375 seconds

Avg val. time: 0.0 hours, 0.0 minutes, 0.025493826184953963 seconds
Avg batch val. time: 0.025493826184953963 seconds
Avg sample val. time: 0.0031867282731192453 seconds
Epoch 38 Validation Summary: epoch: 38.000000 | loss: 4.643754 | accuracy: 0.250000 | precision: 0.250000 | 
Epoch 39 Training Summary: epoch: 39.000000 | loss: 0.128034 | 
Epoch runtime: 0.0 hours, 0.0 minutes, 0.09533190727233887 seconds

Avg epoch train. time: 0.0 hours, 0.0 minutes, 0.09749203461867112 seconds
Avg batch train. time: 0.010832448290963458 seconds
Avg sample train. time: 0.001433706391451046 seconds
Epoch 40 Training Summary: epoch: 40.000000 | loss: 0.146941 | 
Epoch runtime: 0.0 hours, 0.0 minutes, 0.09402990341186523 seconds

Avg epoch train. time: 0.0 hours, 0.0 minutes, 0.09740548133850098 seconds
Avg batch train. time: 0.010822831259833443 seconds
Avg sample train. time: 0.0014324335490956026 seconds
Evaluating on validation set ...
Validation runtime: 0.0 hours, 0.0 minutes, 0.007245302200317383 seconds

Avg val. time: 0.0 hours, 0.0 minutes, 0.024664347822015934 seconds
Avg batch val. time: 0.024664347822015934 seconds
Avg sample val. time: 0.0030830434777519918 seconds
Epoch 40 Validation Summary: epoch: 40.000000 | loss: 4.746150 | accuracy: 0.250000 | precision: 0.222222 | 
Best accuracy was 0.5. Other metrics: OrderedDict([('epoch', 6), ('loss', 1.688559889793396), ('accuracy', 0.5), ('precision', 0.41666666666666663)])
All Done!
Total runtime: 0.0 hours, 0.0 minutes, 10.202097177505493 seconds

