Running:
src/main_5q.py --output_dir experiments --comment classification from Scratch --name VRS_fromScratch --records_file VRS_records.xls --data_dir /mnt/d/OneDrive - Southern Methodist University/Phone_Privacy/input_feature/all_processpos_norm_downsample_480p_s22 --data_class vrs --val_ratio 0.1 --epochs 40 --lr 0.001 --dropout 0.2 --batch_size 8 --num_layers 3 --num_heads 4 --optimizer RAdam --pos_encoding learnable --task classification --normalization none --key_metric accuracy

Using device: cuda
Loading and preprocessing data ...
603 samples may be used for training
68 samples will be used for validation
0 samples will be used for testing
Creating model ...
Model:
TSTransformerEncoderClassiregressor(
  (project_inp): Linear(in_features=39, out_features=64, bias=True)
  (pos_enc): LearnablePositionalEncoding(
    (dropout): Dropout(p=0.2, inplace=False)
  )
  (transformer_encoder): TransformerEncoder(
    (layers): ModuleList(
      (0-2): 3 x TransformerBatchNormEncoderLayer(
        (self_attn): MultiheadAttention(
          (out_proj): NonDynamicallyQuantizableLinear(in_features=64, out_features=64, bias=True)
        )
        (linear1): Linear(in_features=64, out_features=256, bias=True)
        (dropout): Dropout(p=0.2, inplace=False)
        (linear2): Linear(in_features=256, out_features=64, bias=True)
        (norm1): BatchNorm1d(64, eps=1e-05, momentum=0.1, affine=True, track_running_stats=True)
        (norm2): BatchNorm1d(64, eps=1e-05, momentum=0.1, affine=True, track_running_stats=True)
        (dropout1): Dropout(p=0.2, inplace=False)
        (dropout2): Dropout(p=0.2, inplace=False)
      )
    )
  )
  (dropout1): Dropout(p=0.2, inplace=False)
  (output_layer): Linear(in_features=5120, out_features=5, bias=True)
)
Total number of parameters: 183237
Trainable parameters: 183237
Evaluating on validation set ...
Validation runtime: 0.0 hours, 0.0 minutes, 0.40321826934814453 seconds

Avg val. time: 0.0 hours, 0.0 minutes, 0.40321826934814453 seconds
Avg batch val. time: 0.04480202992757162 seconds
Avg sample val. time: 0.00592968043159036 seconds
Epoch 0 Validation Summary: epoch: 0.000000 | loss: 9.354669 | accuracy: 0.205882 | precision: 0.205882 | 
Starting training...
Epoch 1 Training Summary: epoch: 1.000000 | loss: 1.672777 | 
Epoch runtime: 0.0 hours, 0.0 minutes, 0.9492144584655762 seconds

Avg epoch train. time: 0.0 hours, 0.0 minutes, 0.9492144584655762 seconds
Avg batch train. time: 0.012489663927178634 seconds
Avg sample train. time: 0.0015741533307886836 seconds
Evaluating on validation set ...
Validation runtime: 0.0 hours, 0.0 minutes, 0.026341915130615234 seconds

Avg val. time: 0.0 hours, 0.0 minutes, 0.21478009223937988 seconds
Avg batch val. time: 0.023864454693264432 seconds
Avg sample val. time: 0.0031585307682261746 seconds
Epoch 1 Validation Summary: epoch: 1.000000 | loss: 1.626243 | accuracy: 0.205882 | precision: 0.207058 | 
Epoch 2 Training Summary: epoch: 2.000000 | loss: 1.606279 | 
Epoch runtime: 0.0 hours, 0.0 minutes, 0.7233419418334961 seconds

Avg epoch train. time: 0.0 hours, 0.0 minutes, 0.8362782001495361 seconds
Avg batch train. time: 0.01100366052828337 seconds
Avg sample train. time: 0.0013868626868151512 seconds
Evaluating on validation set ...
Validation runtime: 0.0 hours, 0.0 minutes, 0.02938675880432129 seconds

Avg val. time: 0.0 hours, 0.0 minutes, 0.1529823144276937 seconds
Avg batch val. time: 0.01699803493641041 seconds
Avg sample val. time: 0.002249739918054319 seconds
Epoch 2 Validation Summary: epoch: 2.000000 | loss: 1.629376 | accuracy: 0.220588 | precision: 0.160874 | 
Epoch 3 Training Summary: epoch: 3.000000 | loss: 1.621917 | 
Epoch runtime: 0.0 hours, 0.0 minutes, 0.6847589015960693 seconds

Avg epoch train. time: 0.0 hours, 0.0 minutes, 0.7857717672983805 seconds
Avg batch train. time: 0.01033910220129448 seconds
Avg sample train. time: 0.0013031040917054404 seconds
Epoch 4 Training Summary: epoch: 4.000000 | loss: 1.602978 | 
Epoch runtime: 0.0 hours, 0.0 minutes, 0.7051470279693604 seconds

Avg epoch train. time: 0.0 hours, 0.0 minutes, 0.7656155824661255 seconds
Avg batch train. time: 0.010073889242975335 seconds
Avg sample train. time: 0.001269677582862563 seconds
Evaluating on validation set ...
Validation runtime: 0.0 hours, 0.0 minutes, 0.027157068252563477 seconds

Avg val. time: 0.0 hours, 0.0 minutes, 0.12152600288391113 seconds
Avg batch val. time: 0.013502889209323458 seconds
Avg sample val. time: 0.0017871471012339873 seconds
Epoch 4 Validation Summary: epoch: 4.000000 | loss: 1.527938 | accuracy: 0.308824 | precision: 0.367898 | 
Epoch 5 Training Summary: epoch: 5.000000 | loss: 1.537019 | 
Epoch runtime: 0.0 hours, 0.0 minutes, 0.701709508895874 seconds

Avg epoch train. time: 0.0 hours, 0.0 minutes, 0.7528343677520752 seconds
Avg batch train. time: 0.009905715365158885 seconds
Avg sample train. time: 0.0012484815385606556 seconds
Epoch 6 Training Summary: epoch: 6.000000 | loss: 1.411284 | 
Epoch runtime: 0.0 hours, 0.0 minutes, 0.6980929374694824 seconds

Avg epoch train. time: 0.0 hours, 0.0 minutes, 0.7437107960383097 seconds
Avg batch train. time: 0.009785668368925127 seconds
Avg sample train. time: 0.0012333512372111272 seconds
Evaluating on validation set ...
Validation runtime: 0.0 hours, 0.0 minutes, 0.0265805721282959 seconds

Avg val. time: 0.0 hours, 0.0 minutes, 0.10253691673278809 seconds
Avg batch val. time: 0.011392990748087565 seconds
Avg sample val. time: 0.0015078958343057072 seconds
Epoch 6 Validation Summary: epoch: 6.000000 | loss: 1.483946 | accuracy: 0.294118 | precision: 0.273423 | 
Epoch 7 Training Summary: epoch: 7.000000 | loss: 1.445342 | 
Epoch runtime: 0.0 hours, 0.0 minutes, 0.7039859294891357 seconds

Avg epoch train. time: 0.0 hours, 0.0 minutes, 0.7380358151027134 seconds
Avg batch train. time: 0.009710997567140967 seconds
Avg sample train. time: 0.0012239399918784633 seconds
Epoch 8 Training Summary: epoch: 8.000000 | loss: 1.390756 | 
Epoch runtime: 0.0 hours, 0.0 minutes, 0.6701905727386475 seconds

Avg epoch train. time: 0.0 hours, 0.0 minutes, 0.7295551598072052 seconds
Avg batch train. time: 0.009599409997463226 seconds
Avg sample train. time: 0.001209875886910788 seconds
Evaluating on validation set ...
Validation runtime: 0.0 hours, 0.0 minutes, 0.0254976749420166 seconds

Avg val. time: 0.0 hours, 0.0 minutes, 0.08969704310099284 seconds
Avg batch val. time: 0.009966338122332538 seconds
Avg sample val. time: 0.0013190741632498947 seconds
Epoch 8 Validation Summary: epoch: 8.000000 | loss: 1.486961 | accuracy: 0.279412 | precision: 0.227837 | 
Epoch 9 Training Summary: epoch: 9.000000 | loss: 1.391278 | 
Epoch runtime: 0.0 hours, 0.0 minutes, 0.6984412670135498 seconds

Avg epoch train. time: 0.0 hours, 0.0 minutes, 0.7260980606079102 seconds
Avg batch train. time: 0.00955392185010408 seconds
Avg sample train. time: 0.001204142720742803 seconds
Epoch 10 Training Summary: epoch: 10.000000 | loss: 1.290363 | 
Epoch runtime: 0.0 hours, 0.0 minutes, 0.6990528106689453 seconds

Avg epoch train. time: 0.0 hours, 0.0 minutes, 0.7233935356140136 seconds
Avg batch train. time: 0.009518335994921232 seconds
Avg sample train. time: 0.0011996576046666894 seconds
Evaluating on validation set ...
Validation runtime: 0.0 hours, 0.0 minutes, 0.03103184700012207 seconds

Avg val. time: 0.0 hours, 0.0 minutes, 0.08131630080086845 seconds
Avg batch val. time: 0.009035144533429828 seconds
Avg sample val. time: 0.0011958279529539477 seconds
Epoch 10 Validation Summary: epoch: 10.000000 | loss: 1.483076 | accuracy: 0.367647 | precision: 0.384656 | 
Epoch 11 Training Summary: epoch: 11.000000 | loss: 1.318932 | 
Epoch runtime: 0.0 hours, 0.0 minutes, 0.7001783847808838 seconds

Avg epoch train. time: 0.0 hours, 0.0 minutes, 0.7212830673564564 seconds
Avg batch train. time: 0.009490566675742848 seconds
Avg sample train. time: 0.0011961576573075563 seconds
Epoch 12 Training Summary: epoch: 12.000000 | loss: 1.285617 | 
Epoch runtime: 0.0 hours, 0.0 minutes, 0.755324125289917 seconds

Avg epoch train. time: 0.0 hours, 0.0 minutes, 0.7241198221842448 seconds
Avg batch train. time: 0.009527892397161114 seconds
Avg sample train. time: 0.0012008620600070393 seconds
Evaluating on validation set ...
Validation runtime: 0.0 hours, 0.0 minutes, 0.03048992156982422 seconds

Avg val. time: 0.0 hours, 0.0 minutes, 0.07496300339698792 seconds
Avg batch val. time: 0.008329222599665323 seconds
Avg sample val. time: 0.001102397108779234 seconds
Epoch 12 Validation Summary: epoch: 12.000000 | loss: 1.534747 | accuracy: 0.338235 | precision: 0.362213 | 
Epoch 13 Training Summary: epoch: 13.000000 | loss: 1.270597 | 
Epoch runtime: 0.0 hours, 0.0 minutes, 0.7921957969665527 seconds

Avg epoch train. time: 0.0 hours, 0.0 minutes, 0.7293564356290377 seconds
Avg batch train. time: 0.009596795205645233 seconds
Avg sample train. time: 0.0012095463277430145 seconds
Epoch 14 Training Summary: epoch: 14.000000 | loss: 1.241129 | 
Epoch runtime: 0.0 hours, 0.0 minutes, 0.7265050411224365 seconds

Avg epoch train. time: 0.0 hours, 0.0 minutes, 0.7291527645928519 seconds
Avg batch train. time: 0.009594115323590157 seconds
Avg sample train. time: 0.0012092085648306003 seconds
Evaluating on validation set ...
Validation runtime: 0.0 hours, 0.0 minutes, 0.02834939956665039 seconds

Avg val. time: 0.0 hours, 0.0 minutes, 0.06978371408250597 seconds
Avg batch val. time: 0.00775374600916733 seconds
Avg sample val. time: 0.0010262310894486172 seconds
Epoch 14 Validation Summary: epoch: 14.000000 | loss: 1.394877 | accuracy: 0.323529 | precision: 0.469771 | 
Epoch 15 Training Summary: epoch: 15.000000 | loss: 1.137417 | 
Epoch runtime: 0.0 hours, 0.0 minutes, 0.7621555328369141 seconds

Avg epoch train. time: 0.0 hours, 0.0 minutes, 0.7313529491424561 seconds
Avg batch train. time: 0.009623065120295475 seconds
Avg sample train. time: 0.0012128572954269586 seconds
Epoch 16 Training Summary: epoch: 16.000000 | loss: 1.185091 | 
Epoch runtime: 0.0 hours, 0.0 minutes, 0.7447030544281006 seconds

Avg epoch train. time: 0.0 hours, 0.0 minutes, 0.7321873307228088 seconds
Avg batch train. time: 0.009634043825300117 seconds
Avg sample train. time: 0.0012142410128073114 seconds
Evaluating on validation set ...
Validation runtime: 0.0 hours, 0.0 minutes, 0.030081987380981445 seconds

Avg val. time: 0.0 hours, 0.0 minutes, 0.06581354141235352 seconds
Avg batch val. time: 0.007312615712483724 seconds
Avg sample val. time: 0.0009678461972404929 seconds
Epoch 16 Validation Summary: epoch: 16.000000 | loss: 1.524931 | accuracy: 0.352941 | precision: 0.351827 | 
Epoch 17 Training Summary: epoch: 17.000000 | loss: 1.163705 | 
Epoch runtime: 0.0 hours, 0.0 minutes, 0.7461578845977783 seconds

Avg epoch train. time: 0.0 hours, 0.0 minutes, 0.7330091280095717 seconds
Avg batch train. time: 0.009644856947494364 seconds
Avg sample train. time: 0.001215603860712391 seconds
Epoch 18 Training Summary: epoch: 18.000000 | loss: 1.075144 | 
Epoch runtime: 0.0 hours, 0.0 minutes, 0.7009503841400146 seconds

Avg epoch train. time: 0.0 hours, 0.0 minutes, 0.7312280866834853 seconds
Avg batch train. time: 0.009621422193203754 seconds
Avg sample train. time: 0.0012126502266724465 seconds
Evaluating on validation set ...
Validation runtime: 0.0 hours, 0.0 minutes, 0.026552438735961914 seconds

Avg val. time: 0.0 hours, 0.0 minutes, 0.06224435025995428 seconds
Avg batch val. time: 0.0069160389177726975 seconds
Avg sample val. time: 0.0009153580920581512 seconds
Epoch 18 Validation Summary: epoch: 18.000000 | loss: 1.439547 | accuracy: 0.426471 | precision: 0.448362 | 
Epoch 19 Training Summary: epoch: 19.000000 | loss: 1.069044 | 
Epoch runtime: 0.0 hours, 0.0 minutes, 0.6926400661468506 seconds

Avg epoch train. time: 0.0 hours, 0.0 minutes, 0.7291971382341886 seconds
Avg batch train. time: 0.009594699187291956 seconds
Avg sample train. time: 0.0012092821529588534 seconds
Epoch 20 Training Summary: epoch: 20.000000 | loss: 1.067700 | 
Epoch runtime: 0.0 hours, 0.0 minutes, 0.7226607799530029 seconds

Avg epoch train. time: 0.0 hours, 0.0 minutes, 0.7288703203201294 seconds
Avg batch train. time: 0.009590398951580651 seconds
Avg sample train. time: 0.001208740166368374 seconds
Evaluating on validation set ...
Validation runtime: 0.0 hours, 0.0 minutes, 0.027730703353881836 seconds

Avg val. time: 0.0 hours, 0.0 minutes, 0.05936821301778158 seconds
Avg batch val. time: 0.006596468113086842 seconds
Avg sample val. time: 0.0008730619561438468 seconds
Epoch 20 Validation Summary: epoch: 20.000000 | loss: 1.532879 | accuracy: 0.367647 | precision: 0.378922 | 
Epoch 21 Training Summary: epoch: 21.000000 | loss: 1.065122 | 
Epoch runtime: 0.0 hours, 0.0 minutes, 0.7295012474060059 seconds

Avg epoch train. time: 0.0 hours, 0.0 minutes, 0.7289003644670758 seconds
Avg batch train. time: 0.00959079426930363 seconds
Avg sample train. time: 0.001208789990824338 seconds
Epoch 22 Training Summary: epoch: 22.000000 | loss: 1.048009 | 
Epoch runtime: 0.0 hours, 0.0 minutes, 0.7330906391143799 seconds

Avg epoch train. time: 0.0 hours, 0.0 minutes, 0.7290908314964988 seconds
Avg batch train. time: 0.009593300414427616 seconds
Avg sample train. time: 0.0012091058565447742 seconds
Evaluating on validation set ...
Validation runtime: 0.0 hours, 0.0 minutes, 0.029699087142944336 seconds

Avg val. time: 0.0 hours, 0.0 minutes, 0.057085972565871015 seconds
Avg batch val. time: 0.006342885840652335 seconds
Avg sample val. time: 0.0008394995965569267 seconds
Epoch 22 Validation Summary: epoch: 22.000000 | loss: 1.554977 | accuracy: 0.323529 | precision: 0.300982 | 
Epoch 23 Training Summary: epoch: 23.000000 | loss: 0.983867 | 
Epoch runtime: 0.0 hours, 0.0 minutes, 0.7531635761260986 seconds

Avg epoch train. time: 0.0 hours, 0.0 minutes, 0.730137472567351 seconds
Avg batch train. time: 0.009607072007465144 seconds
Avg sample train. time: 0.0012108415797136831 seconds
Epoch 24 Training Summary: epoch: 24.000000 | loss: 1.008319 | 
Epoch runtime: 0.0 hours, 0.0 minutes, 0.7495801448822021 seconds

Avg epoch train. time: 0.0 hours, 0.0 minutes, 0.7309475839138031 seconds
Avg batch train. time: 0.009617731367286882 seconds
Avg sample train. time: 0.0012121850479499222 seconds
Evaluating on validation set ...
Validation runtime: 0.0 hours, 0.0 minutes, 0.03015875816345215 seconds

Avg val. time: 0.0 hours, 0.0 minutes, 0.055162600108555386 seconds
Avg batch val. time: 0.006129177789839488 seconds
Avg sample val. time: 0.0008112147074787557 seconds
Epoch 24 Validation Summary: epoch: 24.000000 | loss: 1.536112 | accuracy: 0.352941 | precision: 0.333309 | 
Epoch 25 Training Summary: epoch: 25.000000 | loss: 0.968489 | 
Epoch runtime: 0.0 hours, 0.0 minutes, 0.7869136333465576 seconds

Avg epoch train. time: 0.0 hours, 0.0 minutes, 0.7331862258911133 seconds
Avg batch train. time: 0.009647187182777807 seconds
Avg sample train. time: 0.0012158975553749805 seconds
Epoch 26 Training Summary: epoch: 26.000000 | loss: 0.949235 | 
Epoch runtime: 0.0 hours, 0.0 minutes, 0.7494463920593262 seconds

Avg epoch train. time: 0.0 hours, 0.0 minutes, 0.733811616897583 seconds
Avg batch train. time: 0.009655416011810303 seconds
Avg sample train. time: 0.0012169346880556932 seconds
Evaluating on validation set ...
Validation runtime: 0.0 hours, 0.0 minutes, 0.027637004852294922 seconds

Avg val. time: 0.0 hours, 0.0 minutes, 0.05332756042480469 seconds
Avg batch val. time: 0.0059252844916449655 seconds
Avg sample val. time: 0.0007842288297765396 seconds
Epoch 26 Validation Summary: epoch: 26.000000 | loss: 1.827123 | accuracy: 0.308824 | precision: 0.247321 | 
Epoch 27 Training Summary: epoch: 27.000000 | loss: 0.869167 | 
Epoch runtime: 0.0 hours, 0.0 minutes, 0.7491774559020996 seconds

Avg epoch train. time: 0.0 hours, 0.0 minutes, 0.7343807220458984 seconds
Avg batch train. time: 0.009662904237446032 seconds
Avg sample train. time: 0.001217878477688057 seconds
Epoch 28 Training Summary: epoch: 28.000000 | loss: 0.935840 | 
Epoch runtime: 0.0 hours, 0.0 minutes, 0.7510313987731934 seconds

Avg epoch train. time: 0.0 hours, 0.0 minutes, 0.7349753890718732 seconds
Avg batch train. time: 0.00967072880357728 seconds
Avg sample train. time: 0.0012188646584939855 seconds
Evaluating on validation set ...
Validation runtime: 0.0 hours, 0.0 minutes, 0.02758193016052246 seconds

Avg val. time: 0.0 hours, 0.0 minutes, 0.05171845853328705 seconds
Avg batch val. time: 0.005746495392587449 seconds
Avg sample val. time: 0.000760565566665986 seconds
Epoch 28 Validation Summary: epoch: 28.000000 | loss: 1.540805 | accuracy: 0.382353 | precision: 0.338224 | 
Epoch 29 Training Summary: epoch: 29.000000 | loss: 0.899514 | 
Epoch runtime: 0.0 hours, 0.0 minutes, 0.7440557479858398 seconds

Avg epoch train. time: 0.0 hours, 0.0 minutes, 0.7352885048964928 seconds
Avg batch train. time: 0.009674848748638063 seconds
Avg sample train. time: 0.001219383921884731 seconds
Epoch 30 Training Summary: epoch: 30.000000 | loss: 0.901072 | 
Epoch runtime: 0.0 hours, 0.0 minutes, 0.7231166362762451 seconds

Avg epoch train. time: 0.0 hours, 0.0 minutes, 0.7348827759424845 seconds
Avg batch train. time: 0.009669510209769533 seconds
Avg sample train. time: 0.001218711071214734 seconds
Evaluating on validation set ...
Validation runtime: 0.0 hours, 0.0 minutes, 0.027245283126831055 seconds

Avg val. time: 0.0 hours, 0.0 minutes, 0.05027885997996611 seconds
Avg batch val. time: 0.0055865399977740125 seconds
Avg sample val. time: 0.000739394999705384 seconds
Epoch 30 Validation Summary: epoch: 30.000000 | loss: 1.505015 | accuracy: 0.455882 | precision: 0.460561 | 
Epoch 31 Training Summary: epoch: 31.000000 | loss: 0.891301 | 
Epoch runtime: 0.0 hours, 0.0 minutes, 0.712411642074585 seconds

Avg epoch train. time: 0.0 hours, 0.0 minutes, 0.7341579006564233 seconds
Avg batch train. time: 0.009659972377058202 seconds
Avg sample train. time: 0.0012175089563124764 seconds
Epoch 32 Training Summary: epoch: 32.000000 | loss: 0.852943 | 
Epoch runtime: 0.0 hours, 0.0 minutes, 0.728900671005249 seconds

Avg epoch train. time: 0.0 hours, 0.0 minutes, 0.7339936122298241 seconds
Avg batch train. time: 0.009657810687234527 seconds
Avg sample train. time: 0.0012172365045270714 seconds
Evaluating on validation set ...
Validation runtime: 0.0 hours, 0.0 minutes, 0.025542736053466797 seconds

Avg val. time: 0.0 hours, 0.0 minutes, 0.048904630872938365 seconds
Avg batch val. time: 0.00543384787477093 seconds
Avg sample val. time: 0.0007191857481314466 seconds
Epoch 32 Validation Summary: epoch: 32.000000 | loss: 1.516949 | accuracy: 0.441176 | precision: 0.435380 | 
Epoch 33 Training Summary: epoch: 33.000000 | loss: 0.794590 | 
Epoch runtime: 0.0 hours, 0.0 minutes, 0.7259492874145508 seconds

Avg epoch train. time: 0.0 hours, 0.0 minutes, 0.7337498448111794 seconds
Avg batch train. time: 0.00965460322119973 seconds
Avg sample train. time: 0.001216832246784709 seconds
Epoch 34 Training Summary: epoch: 34.000000 | loss: 0.842562 | 
Epoch runtime: 0.0 hours, 0.0 minutes, 0.7254867553710938 seconds

Avg epoch train. time: 0.0 hours, 0.0 minutes, 0.733506812768824 seconds
Avg batch train. time: 0.009651405431168736 seconds
Avg sample train. time: 0.0012164292085718475 seconds
Evaluating on validation set ...
Validation runtime: 0.0 hours, 0.0 minutes, 0.027072429656982422 seconds

Avg val. time: 0.0 hours, 0.0 minutes, 0.04775556765104595 seconds
Avg batch val. time: 0.00530617418344955 seconds
Avg sample val. time: 0.0007022877595742052 seconds
Epoch 34 Validation Summary: epoch: 34.000000 | loss: 1.541280 | accuracy: 0.323529 | precision: 0.359944 | 
Epoch 35 Training Summary: epoch: 35.000000 | loss: 0.792553 | 
Epoch runtime: 0.0 hours, 0.0 minutes, 0.7125439643859863 seconds

Avg epoch train. time: 0.0 hours, 0.0 minutes, 0.7329078742436 seconds
Avg batch train. time: 0.0096435246611 seconds
Avg sample train. time: 0.0012154359440192373 seconds
Epoch 36 Training Summary: epoch: 36.000000 | loss: 0.761748 | 
Epoch runtime: 0.0 hours, 0.0 minutes, 0.7113549709320068 seconds

Avg epoch train. time: 0.0 hours, 0.0 minutes, 0.7323091824849447 seconds
Avg batch train. time: 0.009635647137959799 seconds
Avg sample train. time: 0.001214443088698084 seconds
Evaluating on validation set ...
Validation runtime: 0.0 hours, 0.0 minutes, 0.026099443435668945 seconds

Avg val. time: 0.0 hours, 0.0 minutes, 0.0466727614402771 seconds
Avg batch val. time: 0.005185862382253011 seconds
Avg sample val. time: 0.0006863641388276044 seconds
Epoch 36 Validation Summary: epoch: 36.000000 | loss: 1.641487 | accuracy: 0.411765 | precision: 0.397573 | 
Epoch 37 Training Summary: epoch: 37.000000 | loss: 0.795211 | 
Epoch runtime: 0.0 hours, 0.0 minutes, 0.7262814044952393 seconds

Avg epoch train. time: 0.0 hours, 0.0 minutes, 0.732146269566304 seconds
Avg batch train. time: 0.009633503546925054 seconds
Avg sample train. time: 0.0012141729180204046 seconds
Epoch 38 Training Summary: epoch: 38.000000 | loss: 0.756322 | 
Epoch runtime: 0.0 hours, 0.0 minutes, 0.730093240737915 seconds

Avg epoch train. time: 0.0 hours, 0.0 minutes, 0.7320922424918727 seconds
Avg batch train. time: 0.009632792664366745 seconds
Avg sample train. time: 0.0012140833208820442 seconds
Evaluating on validation set ...
Validation runtime: 0.0 hours, 0.0 minutes, 0.030550003051757812 seconds

Avg val. time: 0.0 hours, 0.0 minutes, 0.0459050110408238 seconds
Avg batch val. time: 0.0051005567823137555 seconds
Avg sample val. time: 0.0006750736917768206 seconds
Epoch 38 Validation Summary: epoch: 38.000000 | loss: 1.485793 | accuracy: 0.470588 | precision: 0.448039 | 
Epoch 39 Training Summary: epoch: 39.000000 | loss: 0.749383 | 
Epoch runtime: 0.0 hours, 0.0 minutes, 0.7475335597991943 seconds

Avg epoch train. time: 0.0 hours, 0.0 minutes, 0.732488173704881 seconds
Avg batch train. time: 0.009638002285590539 seconds
Avg sample train. time: 0.0012147399232253415 seconds
Epoch 40 Training Summary: epoch: 40.000000 | loss: 0.707059 | 
Epoch runtime: 0.0 hours, 0.0 minutes, 0.7396187782287598 seconds

Avg epoch train. time: 0.0 hours, 0.0 minutes, 0.7326664388179779 seconds
Avg batch train. time: 0.009640347879183919 seconds
Avg sample train. time: 0.00121503555359532 seconds
Evaluating on validation set ...
Validation runtime: 0.0 hours, 0.0 minutes, 0.02853679656982422 seconds

Avg val. time: 0.0 hours, 0.0 minutes, 0.045115546746687454 seconds
Avg batch val. time: 0.005012838527409717 seconds
Avg sample val. time: 0.0006634639227454037 seconds
Epoch 40 Validation Summary: epoch: 40.000000 | loss: 1.644162 | accuracy: 0.382353 | precision: 0.388906 | 
Best accuracy was 0.47058823529411764. Other metrics: OrderedDict([('epoch', 38), ('loss', 1.485793296028586), ('accuracy', 0.47058823529411764), ('precision', 0.4480392156862744)])
All Done!
Total runtime: 0.0 hours, 0.0 minutes, 59.43565225601196 seconds

