Running:
src/main_5q.py --output_dir experiments --comment classification from Scratch --name VRS_fromScratch --records_file VRS_records.xls --data_dir /mnt/d/OneDrive - Southern Methodist University/Phone_Privacy/input_feature/combine_opticalflow_all_feat_downsample_480p_s22 --data_class vrs --val_ratio 0.1 --epochs 40 --lr 0.001 --dropout 0.2 --batch_size 8 --num_layers 3 --num_heads 4 --optimizer RAdam --pos_encoding learnable --task classification --normalization none --key_metric accuracy

Using device: cuda
Loading and preprocessing data ...
67 samples may be used for training
8 samples will be used for validation
0 samples will be used for testing
Creating model ...
Model:
TSTransformerEncoderClassiregressor(
  (project_inp): Linear(in_features=47, out_features=64, bias=True)
  (pos_enc): LearnablePositionalEncoding(
    (dropout): Dropout(p=0.2, inplace=False)
  )
  (transformer_encoder): TransformerEncoder(
    (layers): ModuleList(
      (0-2): 3 x TransformerBatchNormEncoderLayer(
        (self_attn): MultiheadAttention(
          (out_proj): NonDynamicallyQuantizableLinear(in_features=64, out_features=64, bias=True)
        )
        (linear1): Linear(in_features=64, out_features=256, bias=True)
        (dropout): Dropout(p=0.2, inplace=False)
        (linear2): Linear(in_features=256, out_features=64, bias=True)
        (norm1): BatchNorm1d(64, eps=1e-05, momentum=0.1, affine=True, track_running_stats=True)
        (norm2): BatchNorm1d(64, eps=1e-05, momentum=0.1, affine=True, track_running_stats=True)
        (dropout1): Dropout(p=0.2, inplace=False)
        (dropout2): Dropout(p=0.2, inplace=False)
      )
    )
  )
  (dropout1): Dropout(p=0.2, inplace=False)
  (output_layer): Linear(in_features=5120, out_features=5, bias=True)
)
Total number of parameters: 183749
Trainable parameters: 183749
Evaluating on validation set ...
Validation runtime: 0.0 hours, 0.0 minutes, 0.37215399742126465 seconds

Avg val. time: 0.0 hours, 0.0 minutes, 0.37215399742126465 seconds
Avg batch val. time: 0.37215399742126465 seconds
Avg sample val. time: 0.04651924967765808 seconds
Epoch 0 Validation Summary: epoch: 0.000000 | loss: 2.766190 | accuracy: 0.250000 | precision: 0.266667 | 
Starting training...
Epoch 1 Training Summary: epoch: 1.000000 | loss: 1.713622 | 
Epoch runtime: 0.0 hours, 0.0 minutes, 0.32465577125549316 seconds

Avg epoch train. time: 0.0 hours, 0.0 minutes, 0.32465577125549316 seconds
Avg batch train. time: 0.036072863472832575 seconds
Avg sample train. time: 0.00484560852620139 seconds
Evaluating on validation set ...
Validation runtime: 0.0 hours, 0.0 minutes, 0.008459806442260742 seconds

Avg val. time: 0.0 hours, 0.0 minutes, 0.1903069019317627 seconds
Avg batch val. time: 0.1903069019317627 seconds
Avg sample val. time: 0.023788362741470337 seconds
Epoch 1 Validation Summary: epoch: 1.000000 | loss: 1.521154 | accuracy: 0.250000 | precision: 0.250000 | 
Epoch 2 Training Summary: epoch: 2.000000 | loss: 1.669404 | 
Epoch runtime: 0.0 hours, 0.0 minutes, 0.10284137725830078 seconds

Avg epoch train. time: 0.0 hours, 0.0 minutes, 0.21374857425689697 seconds
Avg batch train. time: 0.023749841584099665 seconds
Avg sample train. time: 0.00319027722771488 seconds
Evaluating on validation set ...
Validation runtime: 0.0 hours, 0.0 minutes, 0.008893013000488281 seconds

Avg val. time: 0.0 hours, 0.0 minutes, 0.1298356056213379 seconds
Avg batch val. time: 0.1298356056213379 seconds
Avg sample val. time: 0.016229450702667236 seconds
Epoch 2 Validation Summary: epoch: 2.000000 | loss: 1.573548 | accuracy: 0.250000 | precision: 0.250000 | 
Epoch 3 Training Summary: epoch: 3.000000 | loss: 1.612011 | 
Epoch runtime: 0.0 hours, 0.0 minutes, 0.09771013259887695 seconds

Avg epoch train. time: 0.0 hours, 0.0 minutes, 0.17506909370422363 seconds
Avg batch train. time: 0.019452121522691514 seconds
Avg sample train. time: 0.0026129715478242334 seconds
Epoch 4 Training Summary: epoch: 4.000000 | loss: 1.547128 | 
Epoch runtime: 0.0 hours, 0.0 minutes, 0.09515953063964844 seconds

Avg epoch train. time: 0.0 hours, 0.0 minutes, 0.15509170293807983 seconds
Avg batch train. time: 0.017232411437564425 seconds
Avg sample train. time: 0.002314801536389251 seconds
Evaluating on validation set ...
Validation runtime: 0.0 hours, 0.0 minutes, 0.007065773010253906 seconds

Avg val. time: 0.0 hours, 0.0 minutes, 0.0991431474685669 seconds
Avg batch val. time: 0.0991431474685669 seconds
Avg sample val. time: 0.012392893433570862 seconds
Epoch 4 Validation Summary: epoch: 4.000000 | loss: 1.679788 | accuracy: 0.000000 | precision: 0.000000 | 
Epoch 5 Training Summary: epoch: 5.000000 | loss: 1.561515 | 
Epoch runtime: 0.0 hours, 0.0 minutes, 0.09623479843139648 seconds

Avg epoch train. time: 0.0 hours, 0.0 minutes, 0.14332032203674316 seconds
Avg batch train. time: 0.015924480226304796 seconds
Avg sample train. time: 0.002139109284130495 seconds
Epoch 6 Training Summary: epoch: 6.000000 | loss: 1.452446 | 
Epoch runtime: 0.0 hours, 0.0 minutes, 0.09412121772766113 seconds

Avg epoch train. time: 0.0 hours, 0.0 minutes, 0.13512047131856283 seconds
Avg batch train. time: 0.015013385702062537 seconds
Avg sample train. time: 0.002016723452515863 seconds
Evaluating on validation set ...
Validation runtime: 0.0 hours, 0.0 minutes, 0.006882667541503906 seconds

Avg val. time: 0.0 hours, 0.0 minutes, 0.0806910514831543 seconds
Avg batch val. time: 0.0806910514831543 seconds
Avg sample val. time: 0.010086381435394287 seconds
Epoch 6 Validation Summary: epoch: 6.000000 | loss: 1.743839 | accuracy: 0.125000 | precision: 0.071429 | 
Epoch 7 Training Summary: epoch: 7.000000 | loss: 1.426045 | 
Epoch runtime: 0.0 hours, 0.0 minutes, 0.09638524055480957 seconds

Avg epoch train. time: 0.0 hours, 0.0 minutes, 0.12958686692374094 seconds
Avg batch train. time: 0.014398540769304548 seconds
Avg sample train. time: 0.0019341323421453872 seconds
Epoch 8 Training Summary: epoch: 8.000000 | loss: 1.339812 | 
Epoch runtime: 0.0 hours, 0.0 minutes, 0.09715819358825684 seconds

Avg epoch train. time: 0.0 hours, 0.0 minutes, 0.12553328275680542 seconds
Avg batch train. time: 0.013948142528533936 seconds
Avg sample train. time: 0.001873631085922469 seconds
Evaluating on validation set ...
Validation runtime: 0.0 hours, 0.0 minutes, 0.006868600845336914 seconds

Avg val. time: 0.0 hours, 0.0 minutes, 0.06838730971018474 seconds
Avg batch val. time: 0.06838730971018474 seconds
Avg sample val. time: 0.008548413713773092 seconds
Epoch 8 Validation Summary: epoch: 8.000000 | loss: 1.912000 | accuracy: 0.000000 | precision: 0.000000 | 
Epoch 9 Training Summary: epoch: 9.000000 | loss: 1.386556 | 
Epoch runtime: 0.0 hours, 0.0 minutes, 0.10402226448059082 seconds

Avg epoch train. time: 0.0 hours, 0.0 minutes, 0.1231431696150038 seconds
Avg batch train. time: 0.013682574401667088 seconds
Avg sample train. time: 0.0018379577554478179 seconds
Epoch 10 Training Summary: epoch: 10.000000 | loss: 1.222846 | 
Epoch runtime: 0.0 hours, 0.0 minutes, 0.08862662315368652 seconds

Avg epoch train. time: 0.0 hours, 0.0 minutes, 0.11969151496887206 seconds
Avg batch train. time: 0.013299057218763562 seconds
Avg sample train. time: 0.0017864405219234637 seconds
Evaluating on validation set ...
Validation runtime: 0.0 hours, 0.0 minutes, 0.006232023239135742 seconds

Avg val. time: 0.0 hours, 0.0 minutes, 0.05950798307146345 seconds
Avg batch val. time: 0.05950798307146345 seconds
Avg sample val. time: 0.007438497883932931 seconds
Epoch 10 Validation Summary: epoch: 10.000000 | loss: 1.973335 | accuracy: 0.000000 | precision: 0.000000 | 
Epoch 11 Training Summary: epoch: 11.000000 | loss: 1.271469 | 
Epoch runtime: 0.0 hours, 0.0 minutes, 0.09371662139892578 seconds

Avg epoch train. time: 0.0 hours, 0.0 minutes, 0.11733016100796786 seconds
Avg batch train. time: 0.013036684556440874 seconds
Avg sample train. time: 0.0017511964329547443 seconds
Epoch 12 Training Summary: epoch: 12.000000 | loss: 1.235779 | 
Epoch runtime: 0.0 hours, 0.0 minutes, 0.09997916221618652 seconds

Avg epoch train. time: 0.0 hours, 0.0 minutes, 0.11588424444198608 seconds
Avg batch train. time: 0.012876027160220675 seconds
Avg sample train. time: 0.0017296155886863595 seconds
Evaluating on validation set ...
Validation runtime: 0.0 hours, 0.0 minutes, 0.008114099502563477 seconds

Avg val. time: 0.0 hours, 0.0 minutes, 0.05308374762535095 seconds
Avg batch val. time: 0.05308374762535095 seconds
Avg sample val. time: 0.006635468453168869 seconds
Epoch 12 Validation Summary: epoch: 12.000000 | loss: 1.907820 | accuracy: 0.125000 | precision: 0.285714 | 
Epoch 13 Training Summary: epoch: 13.000000 | loss: 1.053056 | 
Epoch runtime: 0.0 hours, 0.0 minutes, 0.11151957511901855 seconds

Avg epoch train. time: 0.0 hours, 0.0 minutes, 0.11554850064791165 seconds
Avg batch train. time: 0.012838722294212407 seconds
Avg sample train. time: 0.0017246044872822634 seconds
Epoch 14 Training Summary: epoch: 14.000000 | loss: 1.097362 | 
Epoch runtime: 0.0 hours, 0.0 minutes, 0.10523772239685059 seconds

Avg epoch train. time: 0.0 hours, 0.0 minutes, 0.11481201648712158 seconds
Avg batch train. time: 0.012756890720791288 seconds
Avg sample train. time: 0.0017136121863749489 seconds
Evaluating on validation set ...
Validation runtime: 0.0 hours, 0.0 minutes, 0.007444620132446289 seconds

Avg val. time: 0.0 hours, 0.0 minutes, 0.048012733459472656 seconds
Avg batch val. time: 0.048012733459472656 seconds
Avg sample val. time: 0.006001591682434082 seconds
Epoch 14 Validation Summary: epoch: 14.000000 | loss: 2.100654 | accuracy: 0.000000 | precision: 0.000000 | 
Epoch 15 Training Summary: epoch: 15.000000 | loss: 0.962810 | 
Epoch runtime: 0.0 hours, 0.0 minutes, 0.09356808662414551 seconds

Avg epoch train. time: 0.0 hours, 0.0 minutes, 0.11339575449625651 seconds
Avg batch train. time: 0.012599528277361834 seconds
Avg sample train. time: 0.001692473947705321 seconds
Epoch 16 Training Summary: epoch: 16.000000 | loss: 0.889448 | 
Epoch runtime: 0.0 hours, 0.0 minutes, 0.10250616073608398 seconds

Avg epoch train. time: 0.0 hours, 0.0 minutes, 0.11271515488624573 seconds
Avg batch train. time: 0.012523906098471748 seconds
Avg sample train. time: 0.0016823157445708318 seconds
Evaluating on validation set ...
Validation runtime: 0.0 hours, 0.0 minutes, 0.007008075714111328 seconds

Avg val. time: 0.0 hours, 0.0 minutes, 0.04391226768493652 seconds
Avg batch val. time: 0.04391226768493652 seconds
Avg sample val. time: 0.005489033460617065 seconds
Epoch 16 Validation Summary: epoch: 16.000000 | loss: 2.216087 | accuracy: 0.125000 | precision: 0.125000 | 
Epoch 17 Training Summary: epoch: 17.000000 | loss: 0.915113 | 
Epoch runtime: 0.0 hours, 0.0 minutes, 0.11626052856445312 seconds

Avg epoch train. time: 0.0 hours, 0.0 minutes, 0.11292370627908145 seconds
Avg batch train. time: 0.012547078475453494 seconds
Avg sample train. time: 0.001685428451926589 seconds
Epoch 18 Training Summary: epoch: 18.000000 | loss: 0.893225 | 
Epoch runtime: 0.0 hours, 0.0 minutes, 0.0969552993774414 seconds

Avg epoch train. time: 0.0 hours, 0.0 minutes, 0.11203657256232367 seconds
Avg batch train. time: 0.012448508062480408 seconds
Avg sample train. time: 0.0016721876501839354 seconds
Evaluating on validation set ...
Validation runtime: 0.0 hours, 0.0 minutes, 0.0074920654296875 seconds

Avg val. time: 0.0 hours, 0.0 minutes, 0.040601340207186615 seconds
Avg batch val. time: 0.040601340207186615 seconds
Avg sample val. time: 0.005075167525898327 seconds
Epoch 18 Validation Summary: epoch: 18.000000 | loss: 2.140221 | accuracy: 0.125000 | precision: 0.083333 | 
Epoch 19 Training Summary: epoch: 19.000000 | loss: 0.839997 | 
Epoch runtime: 0.0 hours, 0.0 minutes, 0.10279226303100586 seconds

Avg epoch train. time: 0.0 hours, 0.0 minutes, 0.11155002995541222 seconds
Avg batch train. time: 0.012394447772823579 seconds
Avg sample train. time: 0.001664925820230033 seconds
Epoch 20 Training Summary: epoch: 20.000000 | loss: 0.812086 | 
Epoch runtime: 0.0 hours, 0.0 minutes, 0.11802458763122559 seconds

Avg epoch train. time: 0.0 hours, 0.0 minutes, 0.11187375783920288 seconds
Avg batch train. time: 0.012430417537689208 seconds
Avg sample train. time: 0.0016697575796895952 seconds
Evaluating on validation set ...
Validation runtime: 0.0 hours, 0.0 minutes, 0.008372783660888672 seconds

Avg val. time: 0.0 hours, 0.0 minutes, 0.03791562716166178 seconds
Avg batch val. time: 0.03791562716166178 seconds
Avg sample val. time: 0.004739453395207723 seconds
Epoch 20 Validation Summary: epoch: 20.000000 | loss: 2.324087 | accuracy: 0.125000 | precision: 0.083333 | 
Epoch 21 Training Summary: epoch: 21.000000 | loss: 0.771502 | 
Epoch runtime: 0.0 hours, 0.0 minutes, 0.1067650318145752 seconds

Avg epoch train. time: 0.0 hours, 0.0 minutes, 0.11163048517136347 seconds
Avg batch train. time: 0.012403387241262607 seconds
Avg sample train. time: 0.0016661266443487085 seconds
Epoch 22 Training Summary: epoch: 22.000000 | loss: 0.716009 | 
Epoch runtime: 0.0 hours, 0.0 minutes, 0.10150575637817383 seconds

Avg epoch train. time: 0.0 hours, 0.0 minutes, 0.11117027022621849 seconds
Avg batch train. time: 0.01235225224735761 seconds
Avg sample train. time: 0.0016592577645704251 seconds
Evaluating on validation set ...
Validation runtime: 0.0 hours, 0.0 minutes, 0.007653474807739258 seconds

Avg val. time: 0.0 hours, 0.0 minutes, 0.035587769288283125 seconds
Avg batch val. time: 0.035587769288283125 seconds
Avg sample val. time: 0.004448471161035391 seconds
Epoch 22 Validation Summary: epoch: 22.000000 | loss: 2.703294 | accuracy: 0.000000 | precision: 0.000000 | 
Epoch 23 Training Summary: epoch: 23.000000 | loss: 0.682614 | 
Epoch runtime: 0.0 hours, 0.0 minutes, 0.10096335411071777 seconds

Avg epoch train. time: 0.0 hours, 0.0 minutes, 0.11072649126467497 seconds
Avg batch train. time: 0.012302943473852775 seconds
Avg sample train. time: 0.0016526341979802234 seconds
Epoch 24 Training Summary: epoch: 24.000000 | loss: 0.658092 | 
Epoch runtime: 0.0 hours, 0.0 minutes, 0.11466264724731445 seconds

Avg epoch train. time: 0.0 hours, 0.0 minutes, 0.11089049776395161 seconds
Avg batch train. time: 0.012321166418216846 seconds
Avg sample train. time: 0.0016550820561783823 seconds
Evaluating on validation set ...
Validation runtime: 0.0 hours, 0.0 minutes, 0.007318973541259766 seconds

Avg val. time: 0.0 hours, 0.0 minutes, 0.03356856959206717 seconds
Avg batch val. time: 0.03356856959206717 seconds
Avg sample val. time: 0.004196071199008397 seconds
Epoch 24 Validation Summary: epoch: 24.000000 | loss: 2.790669 | accuracy: 0.125000 | precision: 0.125000 | 
Epoch 25 Training Summary: epoch: 25.000000 | loss: 0.592114 | 
Epoch runtime: 0.0 hours, 0.0 minutes, 0.10036730766296387 seconds

Avg epoch train. time: 0.0 hours, 0.0 minutes, 0.11046957015991211 seconds
Avg batch train. time: 0.012274396684434679 seconds
Avg sample train. time: 0.0016487995546255539 seconds
Epoch 26 Training Summary: epoch: 26.000000 | loss: 0.538685 | 
Epoch runtime: 0.0 hours, 0.0 minutes, 0.1067051887512207 seconds

Avg epoch train. time: 0.0 hours, 0.0 minutes, 0.11032478625957783 seconds
Avg batch train. time: 0.012258309584397536 seconds
Avg sample train. time: 0.0016466386008892214 seconds
Evaluating on validation set ...
Validation runtime: 0.0 hours, 0.0 minutes, 0.008252620697021484 seconds

Avg val. time: 0.0 hours, 0.0 minutes, 0.03188083966573079 seconds
Avg batch val. time: 0.03188083966573079 seconds
Avg sample val. time: 0.003985104958216349 seconds
Epoch 26 Validation Summary: epoch: 26.000000 | loss: 3.188690 | accuracy: 0.125000 | precision: 0.125000 | 
Epoch 27 Training Summary: epoch: 27.000000 | loss: 0.512088 | 
Epoch runtime: 0.0 hours, 0.0 minutes, 0.11200833320617676 seconds

Avg epoch train. time: 0.0 hours, 0.0 minutes, 0.1103871398501926 seconds
Avg batch train. time: 0.012265237761132511 seconds
Avg sample train. time: 0.001647569251495412 seconds
Epoch 28 Training Summary: epoch: 28.000000 | loss: 0.417240 | 
Epoch runtime: 0.0 hours, 0.0 minutes, 0.10787415504455566 seconds

Avg epoch train. time: 0.0 hours, 0.0 minutes, 0.11029739039284843 seconds
Avg batch train. time: 0.012255265599205381 seconds
Avg sample train. time: 0.0016462297073559467 seconds
Evaluating on validation set ...
Validation runtime: 0.0 hours, 0.0 minutes, 0.01763319969177246 seconds

Avg val. time: 0.0 hours, 0.0 minutes, 0.0309903621673584 seconds
Avg batch val. time: 0.0309903621673584 seconds
Avg sample val. time: 0.0038737952709198 seconds
Epoch 28 Validation Summary: epoch: 28.000000 | loss: 3.496423 | accuracy: 0.250000 | precision: 0.208333 | 
Epoch 29 Training Summary: epoch: 29.000000 | loss: 0.481890 | 
Epoch runtime: 0.0 hours, 0.0 minutes, 0.0955054759979248 seconds

Avg epoch train. time: 0.0 hours, 0.0 minutes, 0.10978732437923036 seconds
Avg batch train. time: 0.012198591597692262 seconds
Avg sample train. time: 0.0016386167817795576 seconds
Epoch 30 Training Summary: epoch: 30.000000 | loss: 0.314506 | 
Epoch runtime: 0.0 hours, 0.0 minutes, 0.09530329704284668 seconds

Avg epoch train. time: 0.0 hours, 0.0 minutes, 0.10930452346801758 seconds
Avg batch train. time: 0.012144947052001955 seconds
Avg sample train. time: 0.0016314107980301132 seconds
Evaluating on validation set ...
Validation runtime: 0.0 hours, 0.0 minutes, 0.007196664810180664 seconds

Avg val. time: 0.0 hours, 0.0 minutes, 0.029590732911053824 seconds
Avg batch val. time: 0.029590732911053824 seconds
Avg sample val. time: 0.003698841613881728 seconds
Epoch 30 Validation Summary: epoch: 30.000000 | loss: 3.618743 | accuracy: 0.250000 | precision: 0.187500 | 
Epoch 31 Training Summary: epoch: 31.000000 | loss: 0.361004 | 
Epoch runtime: 0.0 hours, 0.0 minutes, 0.10727214813232422 seconds

Avg epoch train. time: 0.0 hours, 0.0 minutes, 0.1092389629733178 seconds
Avg batch train. time: 0.012137662552590866 seconds
Avg sample train. time: 0.0016304322831838477 seconds
Epoch 32 Training Summary: epoch: 32.000000 | loss: 0.345514 | 
Epoch runtime: 0.0 hours, 0.0 minutes, 0.12040424346923828 seconds

Avg epoch train. time: 0.0 hours, 0.0 minutes, 0.10958787798881531 seconds
Avg batch train. time: 0.012176430887646146 seconds
Avg sample train. time: 0.001635639969982318 seconds
Evaluating on validation set ...
Validation runtime: 0.0 hours, 0.0 minutes, 0.0077037811279296875 seconds

Avg val. time: 0.0 hours, 0.0 minutes, 0.028374791145324707 seconds
Avg batch val. time: 0.028374791145324707 seconds
Avg sample val. time: 0.0035468488931655884 seconds
Epoch 32 Validation Summary: epoch: 32.000000 | loss: 3.870244 | accuracy: 0.250000 | precision: 0.187500 | 
Epoch 33 Training Summary: epoch: 33.000000 | loss: 0.316863 | 
Epoch runtime: 0.0 hours, 0.0 minutes, 0.10107851028442383 seconds

Avg epoch train. time: 0.0 hours, 0.0 minutes, 0.1093300183614095 seconds
Avg batch train. time: 0.01214777981793439 seconds
Avg sample train. time: 0.0016317913188270074 seconds
Epoch 34 Training Summary: epoch: 34.000000 | loss: 0.287636 | 
Epoch runtime: 0.0 hours, 0.0 minutes, 0.10518503189086914 seconds

Avg epoch train. time: 0.0 hours, 0.0 minutes, 0.1092081069946289 seconds
Avg batch train. time: 0.012134234110514322 seconds
Avg sample train. time: 0.0016299717461884912 seconds
Evaluating on validation set ...
Validation runtime: 0.0 hours, 0.0 minutes, 0.008669376373291016 seconds

Avg val. time: 0.0 hours, 0.0 minutes, 0.027337664052059774 seconds
Avg batch val. time: 0.027337664052059774 seconds
Avg sample val. time: 0.0034172080065074718 seconds
Epoch 34 Validation Summary: epoch: 34.000000 | loss: 3.589581 | accuracy: 0.125000 | precision: 0.062500 | 
Epoch 35 Training Summary: epoch: 35.000000 | loss: 0.200326 | 
Epoch runtime: 0.0 hours, 0.0 minutes, 0.10301685333251953 seconds

Avg epoch train. time: 0.0 hours, 0.0 minutes, 0.10903121403285436 seconds
Avg batch train. time: 0.012114579336983818 seconds
Avg sample train. time: 0.0016273315527291696 seconds
Epoch 36 Training Summary: epoch: 36.000000 | loss: 0.241002 | 
Epoch runtime: 0.0 hours, 0.0 minutes, 0.09872221946716309 seconds

Avg epoch train. time: 0.0 hours, 0.0 minutes, 0.10874485307269627 seconds
Avg batch train. time: 0.012082761452521807 seconds
Avg sample train. time: 0.0016230575085477055 seconds
Evaluating on validation set ...
Validation runtime: 0.0 hours, 0.0 minutes, 0.007643938064575195 seconds

Avg val. time: 0.0 hours, 0.0 minutes, 0.026352977752685545 seconds
Avg batch val. time: 0.026352977752685545 seconds
Avg sample val. time: 0.003294122219085693 seconds
Epoch 36 Validation Summary: epoch: 36.000000 | loss: 4.577891 | accuracy: 0.125000 | precision: 0.041667 | 
Epoch 37 Training Summary: epoch: 37.000000 | loss: 0.260407 | 
Epoch runtime: 0.0 hours, 0.0 minutes, 0.09762263298034668 seconds

Avg epoch train. time: 0.0 hours, 0.0 minutes, 0.1084442525296598 seconds
Avg batch train. time: 0.012049361392184422 seconds
Avg sample train. time: 0.0016185709332785043 seconds
Epoch 38 Training Summary: epoch: 38.000000 | loss: 0.158990 | 
Epoch runtime: 0.0 hours, 0.0 minutes, 0.10975909233093262 seconds

Avg epoch train. time: 0.0 hours, 0.0 minutes, 0.1084788535770617 seconds
Avg batch train. time: 0.012053205953006857 seconds
Avg sample train. time: 0.0016190873668218166 seconds
Evaluating on validation set ...
Validation runtime: 0.0 hours, 0.0 minutes, 0.007992982864379883 seconds

Avg val. time: 0.0 hours, 0.0 minutes, 0.025478692281813847 seconds
Avg batch val. time: 0.025478692281813847 seconds
Avg sample val. time: 0.003184836535226731 seconds
Epoch 38 Validation Summary: epoch: 38.000000 | loss: 4.027736 | accuracy: 0.000000 | precision: 0.000000 | 
Epoch 39 Training Summary: epoch: 39.000000 | loss: 0.132852 | 
Epoch runtime: 0.0 hours, 0.0 minutes, 0.11275219917297363 seconds

Avg epoch train. time: 0.0 hours, 0.0 minutes, 0.10858842654105945 seconds
Avg batch train. time: 0.012065380726784383 seconds
Avg sample train. time: 0.0016207227841949171 seconds
Epoch 40 Training Summary: epoch: 40.000000 | loss: 0.164525 | 
Epoch runtime: 0.0 hours, 0.0 minutes, 0.10315752029418945 seconds

Avg epoch train. time: 0.0 hours, 0.0 minutes, 0.1084526538848877 seconds
Avg batch train. time: 0.012050294876098634 seconds
Avg sample train. time: 0.001618696326640115 seconds
Evaluating on validation set ...
Validation runtime: 0.0 hours, 0.0 minutes, 0.007949590682983398 seconds

Avg val. time: 0.0 hours, 0.0 minutes, 0.024681914936412464 seconds
Avg batch val. time: 0.024681914936412464 seconds
Avg sample val. time: 0.003085239367051558 seconds
Epoch 40 Validation Summary: epoch: 40.000000 | loss: 3.576323 | accuracy: 0.250000 | precision: 0.222222 | 
Best accuracy was 0.25. Other metrics: OrderedDict([('epoch', 0), ('loss', 2.7661895751953125), ('accuracy', 0.25), ('precision', 0.26666666666666666)])
All Done!
Total runtime: 0.0 hours, 0.0 minutes, 10.319891691207886 seconds

