Running:
src/main_crosssetting.py --output_dir experiments --target_user ZeyuZoom --user_othersetting Zeyu --comment classification from Scratch --name VRS_fromScratch --records_file VRS_records.xls --data_dir /mnt/d/OneDrive - Southern Methodist University/Phone_Privacy/input_feature/opticalflow_22_downsample_480p_s22 --test_data_dir /mnt/d/OneDrive - Southern Methodist University/Phone_Privacy/input_feature/all_processpos_norm_downsample_480p_s22 --data_class vrs --val_ratio 0.1 --epochs 40 --lr 0.001 --dropout 0.2 --batch_size 8 --num_layers 3 --num_heads 4 --optimizer RAdam --pos_encoding learnable --task classification --normalization none --key_metric accuracy

Using device: cuda
Loading and preprocessing data ...
67 samples may be used for training
8 samples will be used for validation
0 samples will be used for testing
Creating model ...
Model:
TSTransformerEncoderClassiregressor(
  (project_inp): Linear(in_features=8, out_features=64, bias=True)
  (pos_enc): LearnablePositionalEncoding(
    (dropout): Dropout(p=0.2, inplace=False)
  )
  (transformer_encoder): TransformerEncoder(
    (layers): ModuleList(
      (0-2): 3 x TransformerBatchNormEncoderLayer(
        (self_attn): MultiheadAttention(
          (out_proj): NonDynamicallyQuantizableLinear(in_features=64, out_features=64, bias=True)
        )
        (linear1): Linear(in_features=64, out_features=256, bias=True)
        (dropout): Dropout(p=0.2, inplace=False)
        (linear2): Linear(in_features=256, out_features=64, bias=True)
        (norm1): BatchNorm1d(64, eps=1e-05, momentum=0.1, affine=True, track_running_stats=True)
        (norm2): BatchNorm1d(64, eps=1e-05, momentum=0.1, affine=True, track_running_stats=True)
        (dropout1): Dropout(p=0.2, inplace=False)
        (dropout2): Dropout(p=0.2, inplace=False)
      )
    )
  )
  (dropout1): Dropout(p=0.2, inplace=False)
  (output_layer): Linear(in_features=5120, out_features=5, bias=True)
)
Total number of parameters: 181253
Trainable parameters: 181253
Evaluating on validation set ...
Validation runtime: 0.0 hours, 0.0 minutes, 0.2011890411376953 seconds

Avg val. time: 0.0 hours, 0.0 minutes, 0.2011890411376953 seconds
Avg batch val. time: 0.2011890411376953 seconds
Avg sample val. time: 0.025148630142211914 seconds
Epoch 0 Validation Summary: epoch: 0.000000 | loss: 5.135860 | accuracy: 0.250000 | precision: 0.714286 | 
Starting training...
Epoch 1 Training Summary: epoch: 1.000000 | loss: 1.641269 | 
Epoch runtime: 0.0 hours, 0.0 minutes, 0.20716047286987305 seconds

Avg epoch train. time: 0.0 hours, 0.0 minutes, 0.20716047286987305 seconds
Avg batch train. time: 0.023017830318874784 seconds
Avg sample train. time: 0.003091947356266762 seconds
Evaluating on validation set ...
Validation runtime: 0.0 hours, 0.0 minutes, 0.005685329437255859 seconds

Avg val. time: 0.0 hours, 0.0 minutes, 0.10343718528747559 seconds
Avg batch val. time: 0.10343718528747559 seconds
Avg sample val. time: 0.012929648160934448 seconds
Epoch 1 Validation Summary: epoch: 1.000000 | loss: 1.608526 | accuracy: 0.125000 | precision: 0.200000 | 
Epoch 2 Training Summary: epoch: 2.000000 | loss: 1.637465 | 
Epoch runtime: 0.0 hours, 0.0 minutes, 0.07543611526489258 seconds

Avg epoch train. time: 0.0 hours, 0.0 minutes, 0.1412982940673828 seconds
Avg batch train. time: 0.015699810451931424 seconds
Avg sample train. time: 0.0021089297621997433 seconds
Evaluating on validation set ...
Validation runtime: 0.0 hours, 0.0 minutes, 0.005632638931274414 seconds

Avg val. time: 0.0 hours, 0.0 minutes, 0.07083566983540852 seconds
Avg batch val. time: 0.07083566983540852 seconds
Avg sample val. time: 0.008854458729426066 seconds
Epoch 2 Validation Summary: epoch: 2.000000 | loss: 1.567684 | accuracy: 0.375000 | precision: 0.500000 | 
Epoch 3 Training Summary: epoch: 3.000000 | loss: 1.628757 | 
Epoch runtime: 0.0 hours, 0.0 minutes, 0.0746312141418457 seconds

Avg epoch train. time: 0.0 hours, 0.0 minutes, 0.11907593409220378 seconds
Avg batch train. time: 0.013230659343578198 seconds
Avg sample train. time: 0.0017772527476448325 seconds
Epoch 4 Training Summary: epoch: 4.000000 | loss: 1.581918 | 
Epoch runtime: 0.0 hours, 0.0 minutes, 0.07014346122741699 seconds

Avg epoch train. time: 0.0 hours, 0.0 minutes, 0.10684281587600708 seconds
Avg batch train. time: 0.011871423986223009 seconds
Avg sample train. time: 0.0015946688936717475 seconds
Evaluating on validation set ...
Validation runtime: 0.0 hours, 0.0 minutes, 0.0058443546295166016 seconds

Avg val. time: 0.0 hours, 0.0 minutes, 0.05458784103393555 seconds
Avg batch val. time: 0.05458784103393555 seconds
Avg sample val. time: 0.006823480129241943 seconds
Epoch 4 Validation Summary: epoch: 4.000000 | loss: 1.557860 | accuracy: 0.250000 | precision: 0.190476 | 
Epoch 5 Training Summary: epoch: 5.000000 | loss: 1.522840 | 
Epoch runtime: 0.0 hours, 0.0 minutes, 0.07167935371398926 seconds

Avg epoch train. time: 0.0 hours, 0.0 minutes, 0.09981012344360352 seconds
Avg batch train. time: 0.011090013715955947 seconds
Avg sample train. time: 0.001489703334979157 seconds
Epoch 6 Training Summary: epoch: 6.000000 | loss: 1.444884 | 
Epoch runtime: 0.0 hours, 0.0 minutes, 0.07663106918334961 seconds

Avg epoch train. time: 0.0 hours, 0.0 minutes, 0.0959469477335612 seconds
Avg batch train. time: 0.010660771970395689 seconds
Avg sample train. time: 0.0014320439960233016 seconds
Evaluating on validation set ...
Validation runtime: 0.0 hours, 0.0 minutes, 0.008038520812988281 seconds

Avg val. time: 0.0 hours, 0.0 minutes, 0.045277976989746095 seconds
Avg batch val. time: 0.045277976989746095 seconds
Avg sample val. time: 0.005659747123718262 seconds
Epoch 6 Validation Summary: epoch: 6.000000 | loss: 1.537607 | accuracy: 0.250000 | precision: 0.190476 | 
Epoch 7 Training Summary: epoch: 7.000000 | loss: 1.367095 | 
Epoch runtime: 0.0 hours, 0.0 minutes, 0.07451939582824707 seconds

Avg epoch train. time: 0.0 hours, 0.0 minutes, 0.09288586888994489 seconds
Avg batch train. time: 0.010320652098882766 seconds
Avg sample train. time: 0.0013863562520887297 seconds
Epoch 8 Training Summary: epoch: 8.000000 | loss: 1.267770 | 
Epoch runtime: 0.0 hours, 0.0 minutes, 0.07474422454833984 seconds

Avg epoch train. time: 0.0 hours, 0.0 minutes, 0.09061816334724426 seconds
Avg batch train. time: 0.010068684816360474 seconds
Avg sample train. time: 0.0013525099007051383 seconds
Evaluating on validation set ...
Validation runtime: 0.0 hours, 0.0 minutes, 0.00611114501953125 seconds

Avg val. time: 0.0 hours, 0.0 minutes, 0.03875017166137695 seconds
Avg batch val. time: 0.03875017166137695 seconds
Avg sample val. time: 0.004843771457672119 seconds
Epoch 8 Validation Summary: epoch: 8.000000 | loss: 1.541385 | accuracy: 0.125000 | precision: 0.071429 | 
Epoch 9 Training Summary: epoch: 9.000000 | loss: 1.224747 | 
Epoch runtime: 0.0 hours, 0.0 minutes, 0.07529568672180176 seconds

Avg epoch train. time: 0.0 hours, 0.0 minutes, 0.08891566594441731 seconds
Avg batch train. time: 0.00987951843826859 seconds
Avg sample train. time: 0.0013270994917077212 seconds
Epoch 10 Training Summary: epoch: 10.000000 | loss: 1.155619 | 
Epoch runtime: 0.0 hours, 0.0 minutes, 0.07518386840820312 seconds

Avg epoch train. time: 0.0 hours, 0.0 minutes, 0.0875424861907959 seconds
Avg batch train. time: 0.009726942910088432 seconds
Avg sample train. time: 0.0013066042715044164 seconds
Evaluating on validation set ...
Validation runtime: 0.0 hours, 0.0 minutes, 0.0059626102447509766 seconds

Avg val. time: 0.0 hours, 0.0 minutes, 0.034066234316144674 seconds
Avg batch val. time: 0.034066234316144674 seconds
Avg sample val. time: 0.004258279289518084 seconds
Epoch 10 Validation Summary: epoch: 10.000000 | loss: 1.556061 | accuracy: 0.125000 | precision: 0.066667 | 
Epoch 11 Training Summary: epoch: 11.000000 | loss: 1.116923 | 
Epoch runtime: 0.0 hours, 0.0 minutes, 0.07577323913574219 seconds

Avg epoch train. time: 0.0 hours, 0.0 minutes, 0.08647255464033647 seconds
Avg batch train. time: 0.009608061626704053 seconds
Avg sample train. time: 0.001290635143885619 seconds
Epoch 12 Training Summary: epoch: 12.000000 | loss: 1.094599 | 
Epoch runtime: 0.0 hours, 0.0 minutes, 0.08001112937927246 seconds

Avg epoch train. time: 0.0 hours, 0.0 minutes, 0.0859341025352478 seconds
Avg batch train. time: 0.009548233615027534 seconds
Avg sample train. time: 0.001282598545302206 seconds
Evaluating on validation set ...
Validation runtime: 0.0 hours, 0.0 minutes, 0.007238864898681641 seconds

Avg val. time: 0.0 hours, 0.0 minutes, 0.030712813138961792 seconds
Avg batch val. time: 0.030712813138961792 seconds
Avg sample val. time: 0.003839101642370224 seconds
Epoch 12 Validation Summary: epoch: 12.000000 | loss: 1.635357 | accuracy: 0.125000 | precision: 0.066667 | 
Epoch 13 Training Summary: epoch: 13.000000 | loss: 0.996063 | 
Epoch runtime: 0.0 hours, 0.0 minutes, 0.07759976387023926 seconds

Avg epoch train. time: 0.0 hours, 0.0 minutes, 0.08529299956101638 seconds
Avg batch train. time: 0.009476999951224042 seconds
Avg sample train. time: 0.0012730298441942743 seconds
Epoch 14 Training Summary: epoch: 14.000000 | loss: 0.949863 | 
Epoch runtime: 0.0 hours, 0.0 minutes, 0.07933211326599121 seconds

Avg epoch train. time: 0.0 hours, 0.0 minutes, 0.08486722196851458 seconds
Avg batch train. time: 0.009429691329834953 seconds
Avg sample train. time: 0.001266674954753949 seconds
Evaluating on validation set ...
Validation runtime: 0.0 hours, 0.0 minutes, 0.005789756774902344 seconds

Avg val. time: 0.0 hours, 0.0 minutes, 0.027943584654066298 seconds
Avg batch val. time: 0.027943584654066298 seconds
Avg sample val. time: 0.0034929480817582873 seconds
Epoch 14 Validation Summary: epoch: 14.000000 | loss: 1.639497 | accuracy: 0.125000 | precision: 0.071429 | 
Epoch 15 Training Summary: epoch: 15.000000 | loss: 0.888213 | 
Epoch runtime: 0.0 hours, 0.0 minutes, 0.07658028602600098 seconds

Avg epoch train. time: 0.0 hours, 0.0 minutes, 0.084314759572347 seconds
Avg batch train. time: 0.009368306619149667 seconds
Avg sample train. time: 0.0012584292473484628 seconds
Epoch 16 Training Summary: epoch: 16.000000 | loss: 0.868833 | 
Epoch runtime: 0.0 hours, 0.0 minutes, 0.07928848266601562 seconds

Avg epoch train. time: 0.0 hours, 0.0 minutes, 0.0840006172657013 seconds
Avg batch train. time: 0.009333401918411255 seconds
Avg sample train. time: 0.0012537405562044969 seconds
Evaluating on validation set ...
Validation runtime: 0.0 hours, 0.0 minutes, 0.0055692195892333984 seconds

Avg val. time: 0.0 hours, 0.0 minutes, 0.025706148147583006 seconds
Avg batch val. time: 0.025706148147583006 seconds
Avg sample val. time: 0.003213268518447876 seconds
Epoch 16 Validation Summary: epoch: 16.000000 | loss: 1.656472 | accuracy: 0.125000 | precision: 0.071429 | 
Epoch 17 Training Summary: epoch: 17.000000 | loss: 0.770602 | 
Epoch runtime: 0.0 hours, 0.0 minutes, 0.07453465461730957 seconds

Avg epoch train. time: 0.0 hours, 0.0 minutes, 0.08344379593344296 seconds
Avg batch train. time: 0.009271532881493662 seconds
Avg sample train. time: 0.0012454297900513875 seconds
Epoch 18 Training Summary: epoch: 18.000000 | loss: 0.779124 | 
Epoch runtime: 0.0 hours, 0.0 minutes, 0.07236576080322266 seconds

Avg epoch train. time: 0.0 hours, 0.0 minutes, 0.0828283495373196 seconds
Avg batch train. time: 0.009203149948591068 seconds
Avg sample train. time: 0.0012362440229450686 seconds
Evaluating on validation set ...
Validation runtime: 0.0 hours, 0.0 minutes, 0.005749702453613281 seconds

Avg val. time: 0.0 hours, 0.0 minutes, 0.023891925811767578 seconds
Avg batch val. time: 0.023891925811767578 seconds
Avg sample val. time: 0.0029864907264709473 seconds
Epoch 18 Validation Summary: epoch: 18.000000 | loss: 1.645303 | accuracy: 0.250000 | precision: 0.208333 | 
Epoch 19 Training Summary: epoch: 19.000000 | loss: 0.668218 | 
Epoch runtime: 0.0 hours, 0.0 minutes, 0.0711984634399414 seconds

Avg epoch train. time: 0.0 hours, 0.0 minutes, 0.08221625026903655 seconds
Avg batch train. time: 0.009135138918781838 seconds
Avg sample train. time: 0.0012271082129706947 seconds
Epoch 20 Training Summary: epoch: 20.000000 | loss: 0.650820 | 
Epoch runtime: 0.0 hours, 0.0 minutes, 0.0741114616394043 seconds

Avg epoch train. time: 0.0 hours, 0.0 minutes, 0.08181101083755493 seconds
Avg batch train. time: 0.009090112315283881 seconds
Avg sample train. time: 0.0012210598632470884 seconds
Evaluating on validation set ...
Validation runtime: 0.0 hours, 0.0 minutes, 0.005719423294067383 seconds

Avg val. time: 0.0 hours, 0.0 minutes, 0.02237755060195923 seconds
Avg batch val. time: 0.02237755060195923 seconds
Avg sample val. time: 0.0027971938252449036 seconds
Epoch 20 Validation Summary: epoch: 20.000000 | loss: 1.621892 | accuracy: 0.250000 | precision: 0.208333 | 
Epoch 21 Training Summary: epoch: 21.000000 | loss: 0.594316 | 
Epoch runtime: 0.0 hours, 0.0 minutes, 0.0795891284942627 seconds

Avg epoch train. time: 0.0 hours, 0.0 minutes, 0.08170520691644578 seconds
Avg batch train. time: 0.009078356324049531 seconds
Avg sample train. time: 0.0012194807002454595 seconds
Epoch 22 Training Summary: epoch: 22.000000 | loss: 0.537544 | 
Epoch runtime: 0.0 hours, 0.0 minutes, 0.07085108757019043 seconds

Avg epoch train. time: 0.0 hours, 0.0 minutes, 0.08121183785525235 seconds
Avg batch train. time: 0.009023537539472484 seconds
Avg sample train. time: 0.0012121169829142143 seconds
Evaluating on validation set ...
Validation runtime: 0.0 hours, 0.0 minutes, 0.005310773849487305 seconds

Avg val. time: 0.0 hours, 0.0 minutes, 0.02106472162099985 seconds
Avg batch val. time: 0.02106472162099985 seconds
Avg sample val. time: 0.0026330902026249813 seconds
Epoch 22 Validation Summary: epoch: 22.000000 | loss: 1.557110 | accuracy: 0.250000 | precision: 0.208333 | 
Epoch 23 Training Summary: epoch: 23.000000 | loss: 0.515618 | 
Epoch runtime: 0.0 hours, 0.0 minutes, 0.07711029052734375 seconds

Avg epoch train. time: 0.0 hours, 0.0 minutes, 0.08103350971056067 seconds
Avg batch train. time: 0.009003723301173407 seconds
Avg sample train. time: 0.0012094553688143383 seconds
Epoch 24 Training Summary: epoch: 24.000000 | loss: 0.477238 | 
Epoch runtime: 0.0 hours, 0.0 minutes, 0.07046365737915039 seconds

Avg epoch train. time: 0.0 hours, 0.0 minutes, 0.08059309919675191 seconds
Avg batch train. time: 0.008954788799639101 seconds
Avg sample train. time: 0.0012028820775634612 seconds
Evaluating on validation set ...
Validation runtime: 0.0 hours, 0.0 minutes, 0.005989789962768555 seconds

Avg val. time: 0.0 hours, 0.0 minutes, 0.019987940788269043 seconds
Avg batch val. time: 0.019987940788269043 seconds
Avg sample val. time: 0.0024984925985336304 seconds
Epoch 24 Validation Summary: epoch: 24.000000 | loss: 1.577343 | accuracy: 0.500000 | precision: 0.500000 | 
Epoch 25 Training Summary: epoch: 25.000000 | loss: 0.426744 | 
Epoch runtime: 0.0 hours, 0.0 minutes, 0.08404350280761719 seconds

Avg epoch train. time: 0.0 hours, 0.0 minutes, 0.08073111534118653 seconds
Avg batch train. time: 0.008970123926798503 seconds
Avg sample train. time: 0.0012049420200177094 seconds
Epoch 26 Training Summary: epoch: 26.000000 | loss: 0.348559 | 
Epoch runtime: 0.0 hours, 0.0 minutes, 0.07771801948547363 seconds

Avg epoch train. time: 0.0 hours, 0.0 minutes, 0.08061522703904372 seconds
Avg batch train. time: 0.008957247448782636 seconds
Avg sample train. time: 0.0012032123438663242 seconds
Evaluating on validation set ...
Validation runtime: 0.0 hours, 0.0 minutes, 0.006430625915527344 seconds

Avg val. time: 0.0 hours, 0.0 minutes, 0.01908411979675293 seconds
Avg batch val. time: 0.01908411979675293 seconds
Avg sample val. time: 0.0023855149745941164 seconds
Epoch 26 Validation Summary: epoch: 26.000000 | loss: 1.545702 | accuracy: 0.250000 | precision: 0.208333 | 
Epoch 27 Training Summary: epoch: 27.000000 | loss: 0.401501 | 
Epoch runtime: 0.0 hours, 0.0 minutes, 0.0791923999786377 seconds

Avg epoch train. time: 0.0 hours, 0.0 minutes, 0.08056252974051016 seconds
Avg batch train. time: 0.008951392193390018 seconds
Avg sample train. time: 0.0012024258170225397 seconds
Epoch 28 Training Summary: epoch: 28.000000 | loss: 0.340487 | 
Epoch runtime: 0.0 hours, 0.0 minutes, 0.0775308609008789 seconds

Avg epoch train. time: 0.0 hours, 0.0 minutes, 0.08045425585338048 seconds
Avg batch train. time: 0.00893936176148672 seconds
Avg sample train. time: 0.001200809788856425 seconds
Evaluating on validation set ...
Validation runtime: 0.0 hours, 0.0 minutes, 0.006087779998779297 seconds

Avg val. time: 0.0 hours, 0.0 minutes, 0.018271848559379578 seconds
Avg batch val. time: 0.018271848559379578 seconds
Avg sample val. time: 0.002283981069922447 seconds
Epoch 28 Validation Summary: epoch: 28.000000 | loss: 1.655906 | accuracy: 0.250000 | precision: 0.145833 | 
Epoch 29 Training Summary: epoch: 29.000000 | loss: 0.316703 | 
Epoch runtime: 0.0 hours, 0.0 minutes, 0.07752203941345215 seconds

Avg epoch train. time: 0.0 hours, 0.0 minutes, 0.08035314494165881 seconds
Avg batch train. time: 0.008928127215739868 seconds
Avg sample train. time: 0.001199300670771027 seconds
Epoch 30 Training Summary: epoch: 30.000000 | loss: 0.233774 | 
Epoch runtime: 0.0 hours, 0.0 minutes, 0.07764101028442383 seconds

Avg epoch train. time: 0.0 hours, 0.0 minutes, 0.0802627404530843 seconds
Avg batch train. time: 0.008918082272564923 seconds
Avg sample train. time: 0.0011979513500460343 seconds
Evaluating on validation set ...
Validation runtime: 0.0 hours, 0.0 minutes, 0.00560450553894043 seconds

Avg val. time: 0.0 hours, 0.0 minutes, 0.017526710734647864 seconds
Avg batch val. time: 0.017526710734647864 seconds
Avg sample val. time: 0.002190838841830983 seconds
Epoch 30 Validation Summary: epoch: 30.000000 | loss: 1.754052 | accuracy: 0.375000 | precision: 0.250000 | 
Epoch 31 Training Summary: epoch: 31.000000 | loss: 0.249863 | 
Epoch runtime: 0.0 hours, 0.0 minutes, 0.07645702362060547 seconds

Avg epoch train. time: 0.0 hours, 0.0 minutes, 0.0801399753939721 seconds
Avg batch train. time: 0.008904441710441344 seconds
Avg sample train. time: 0.0011961190357309267 seconds
Epoch 32 Training Summary: epoch: 32.000000 | loss: 0.211636 | 
Epoch runtime: 0.0 hours, 0.0 minutes, 0.07825779914855957 seconds

Avg epoch train. time: 0.0 hours, 0.0 minutes, 0.08008115738630295 seconds
Avg batch train. time: 0.008897906376255883 seconds
Avg sample train. time: 0.001195241155019447 seconds
Evaluating on validation set ...
Validation runtime: 0.0 hours, 0.0 minutes, 0.005577564239501953 seconds

Avg val. time: 0.0 hours, 0.0 minutes, 0.016862869262695312 seconds
Avg batch val. time: 0.016862869262695312 seconds
Avg sample val. time: 0.002107858657836914 seconds
Epoch 32 Validation Summary: epoch: 32.000000 | loss: 1.919626 | accuracy: 0.250000 | precision: 0.145833 | 
Epoch 33 Training Summary: epoch: 33.000000 | loss: 0.152329 | 
Epoch runtime: 0.0 hours, 0.0 minutes, 0.08411622047424316 seconds

Avg epoch train. time: 0.0 hours, 0.0 minutes, 0.08020343202533144 seconds
Avg batch train. time: 0.00891149244725905 seconds
Avg sample train. time: 0.0011970661496318125 seconds
Epoch 34 Training Summary: epoch: 34.000000 | loss: 0.154089 | 
Epoch runtime: 0.0 hours, 0.0 minutes, 0.08147573471069336 seconds

Avg epoch train. time: 0.0 hours, 0.0 minutes, 0.08024085269254796 seconds
Avg batch train. time: 0.008915650299171997 seconds
Avg sample train. time: 0.0011976246670529548 seconds
Evaluating on validation set ...
Validation runtime: 0.0 hours, 0.0 minutes, 0.0056476593017578125 seconds

Avg val. time: 0.0 hours, 0.0 minutes, 0.016272595054224917 seconds
Avg batch val. time: 0.016272595054224917 seconds
Avg sample val. time: 0.0020340743817781146 seconds
Epoch 34 Validation Summary: epoch: 34.000000 | loss: 2.117435 | accuracy: 0.250000 | precision: 0.145833 | 
Epoch 35 Training Summary: epoch: 35.000000 | loss: 0.153182 | 
Epoch runtime: 0.0 hours, 0.0 minutes, 0.07235312461853027 seconds

Avg epoch train. time: 0.0 hours, 0.0 minutes, 0.08001548903329032 seconds
Avg batch train. time: 0.008890609892587813 seconds
Avg sample train. time: 0.0011942610303476168 seconds
Epoch 36 Training Summary: epoch: 36.000000 | loss: 0.142695 | 
Epoch runtime: 0.0 hours, 0.0 minutes, 0.07253718376159668 seconds

Avg epoch train. time: 0.0 hours, 0.0 minutes, 0.07980775833129883 seconds
Avg batch train. time: 0.008867528703477647 seconds
Avg sample train. time: 0.0011911605721089378 seconds
Evaluating on validation set ...
Validation runtime: 0.0 hours, 0.0 minutes, 0.005715131759643555 seconds

Avg val. time: 0.0 hours, 0.0 minutes, 0.015744721889495848 seconds
Avg batch val. time: 0.015744721889495848 seconds
Avg sample val. time: 0.001968090236186981 seconds
Epoch 36 Validation Summary: epoch: 36.000000 | loss: 2.197408 | accuracy: 0.250000 | precision: 0.166667 | 
Epoch 37 Training Summary: epoch: 37.000000 | loss: 0.122350 | 
Epoch runtime: 0.0 hours, 0.0 minutes, 0.07250094413757324 seconds

Avg epoch train. time: 0.0 hours, 0.0 minutes, 0.07961027686660355 seconds
Avg batch train. time: 0.008845586318511504 seconds
Avg sample train. time: 0.001188213087561247 seconds
Epoch 38 Training Summary: epoch: 38.000000 | loss: 0.088963 | 
Epoch runtime: 0.0 hours, 0.0 minutes, 0.07459759712219238 seconds

Avg epoch train. time: 0.0 hours, 0.0 minutes, 0.07947836424175062 seconds
Avg batch train. time: 0.008830929360194513 seconds
Avg sample train. time: 0.0011862442424141883 seconds
Evaluating on validation set ...
Validation runtime: 0.0 hours, 0.0 minutes, 0.005347728729248047 seconds

Avg val. time: 0.0 hours, 0.0 minutes, 0.015249626977103097 seconds
Avg batch val. time: 0.015249626977103097 seconds
Avg sample val. time: 0.001906203372137887 seconds
Epoch 38 Validation Summary: epoch: 38.000000 | loss: 2.331921 | accuracy: 0.375000 | precision: 0.361111 | 
Epoch 39 Training Summary: epoch: 39.000000 | loss: 0.130880 | 
Epoch runtime: 0.0 hours, 0.0 minutes, 0.07239198684692383 seconds

Avg epoch train. time: 0.0 hours, 0.0 minutes, 0.07929666225726788 seconds
Avg batch train. time: 0.008810740250807542 seconds
Avg sample train. time: 0.0011835322724965355 seconds
Epoch 40 Training Summary: epoch: 40.000000 | loss: 0.070074 | 
Epoch runtime: 0.0 hours, 0.0 minutes, 0.07391595840454102 seconds

Avg epoch train. time: 0.0 hours, 0.0 minutes, 0.0791621446609497 seconds
Avg batch train. time: 0.008795793851216633 seconds
Avg sample train. time: 0.0011815245471783538 seconds
Evaluating on validation set ...
Validation runtime: 0.0 hours, 0.0 minutes, 0.005815744400024414 seconds

Avg val. time: 0.0 hours, 0.0 minutes, 0.01482081413269043 seconds
Avg batch val. time: 0.01482081413269043 seconds
Avg sample val. time: 0.0018526017665863037 seconds
Epoch 40 Validation Summary: epoch: 40.000000 | loss: 2.156582 | accuracy: 0.375000 | precision: 0.361111 | 
Best accuracy was 0.5. Other metrics: OrderedDict([('epoch', 24), ('loss', 1.5773426294326782), ('accuracy', 0.5), ('precision', 0.5)])
All Done!
Total runtime: 0.0 hours, 0.0 minutes, 6.16439414024353 seconds

