Running:
src/main_5q.py --output_dir experiments --comment classification from Scratch --name VRS_fromScratch --records_file VRS_records.xls --data_dir /mnt/d/OneDrive - Southern Methodist University/Phone_Privacy/input_feature/all_processpos_norm_downsample_480p_s22 --data_class vrs --val_ratio 0.1 --epochs 40 --lr 0.001 --dropout 0.2 --batch_size 8 --num_layers 3 --num_heads 4 --optimizer RAdam --pos_encoding learnable --task classification --normalization none --key_metric accuracy

Using device: cuda
Loading and preprocessing data ...
271 samples may be used for training
31 samples will be used for validation
0 samples will be used for testing
Creating model ...
Model:
TSTransformerEncoderClassiregressor(
  (project_inp): Linear(in_features=39, out_features=64, bias=True)
  (pos_enc): LearnablePositionalEncoding(
    (dropout): Dropout(p=0.2, inplace=False)
  )
  (transformer_encoder): TransformerEncoder(
    (layers): ModuleList(
      (0-2): 3 x TransformerBatchNormEncoderLayer(
        (self_attn): MultiheadAttention(
          (out_proj): NonDynamicallyQuantizableLinear(in_features=64, out_features=64, bias=True)
        )
        (linear1): Linear(in_features=64, out_features=256, bias=True)
        (dropout): Dropout(p=0.2, inplace=False)
        (linear2): Linear(in_features=256, out_features=64, bias=True)
        (norm1): BatchNorm1d(64, eps=1e-05, momentum=0.1, affine=True, track_running_stats=True)
        (norm2): BatchNorm1d(64, eps=1e-05, momentum=0.1, affine=True, track_running_stats=True)
        (dropout1): Dropout(p=0.2, inplace=False)
        (dropout2): Dropout(p=0.2, inplace=False)
      )
    )
  )
  (dropout1): Dropout(p=0.2, inplace=False)
  (output_layer): Linear(in_features=5120, out_features=5, bias=True)
)
Total number of parameters: 183237
Trainable parameters: 183237
Evaluating on validation set ...
Validation runtime: 0.0 hours, 0.0 minutes, 0.24854707717895508 seconds

Avg val. time: 0.0 hours, 0.0 minutes, 0.24854707717895508 seconds
Avg batch val. time: 0.06213676929473877 seconds
Avg sample val. time: 0.008017647650934035 seconds
Epoch 0 Validation Summary: epoch: 0.000000 | loss: 6.415710 | accuracy: 0.193548 | precision: 0.193548 | 
Starting training...
Epoch 1 Training Summary: epoch: 1.000000 | loss: 1.713230 | 
Epoch runtime: 0.0 hours, 0.0 minutes, 0.44088077545166016 seconds

Avg epoch train. time: 0.0 hours, 0.0 minutes, 0.44088077545166016 seconds
Avg batch train. time: 0.01296708163093118 seconds
Avg sample train. time: 0.0016268663300799267 seconds
Evaluating on validation set ...
Validation runtime: 0.0 hours, 0.0 minutes, 0.015211343765258789 seconds

Avg val. time: 0.0 hours, 0.0 minutes, 0.13187921047210693 seconds
Avg batch val. time: 0.03296980261802673 seconds
Avg sample val. time: 0.004254168079745385 seconds
Epoch 1 Validation Summary: epoch: 1.000000 | loss: 1.598482 | accuracy: 0.193548 | precision: 0.175595 | 
Epoch 2 Training Summary: epoch: 2.000000 | loss: 1.690904 | 
Epoch runtime: 0.0 hours, 0.0 minutes, 0.3080143928527832 seconds

Avg epoch train. time: 0.0 hours, 0.0 minutes, 0.3744475841522217 seconds
Avg batch train. time: 0.011013164239771226 seconds
Avg sample train. time: 0.0013817254027757258 seconds
Evaluating on validation set ...
Validation runtime: 0.0 hours, 0.0 minutes, 0.013618230819702148 seconds

Avg val. time: 0.0 hours, 0.0 minutes, 0.09245888392130534 seconds
Avg batch val. time: 0.023114720980326336 seconds
Avg sample val. time: 0.002982544642622753 seconds
Epoch 2 Validation Summary: epoch: 2.000000 | loss: 1.636334 | accuracy: 0.129032 | precision: 0.124621 | 
Epoch 3 Training Summary: epoch: 3.000000 | loss: 1.630921 | 
Epoch runtime: 0.0 hours, 0.0 minutes, 0.31110358238220215 seconds

Avg epoch train. time: 0.0 hours, 0.0 minutes, 0.3533329168955485 seconds
Avg batch train. time: 0.010392144614574956 seconds
Avg sample train. time: 0.0013038115014595887 seconds
Epoch 4 Training Summary: epoch: 4.000000 | loss: 1.686282 | 
Epoch runtime: 0.0 hours, 0.0 minutes, 0.3487205505371094 seconds

Avg epoch train. time: 0.0 hours, 0.0 minutes, 0.3521798253059387 seconds
Avg batch train. time: 0.010358230156057021 seconds
Avg sample train. time: 0.0012995565509444232 seconds
Evaluating on validation set ...
Validation runtime: 0.0 hours, 0.0 minutes, 0.016631364822387695 seconds

Avg val. time: 0.0 hours, 0.0 minutes, 0.07350200414657593 seconds
Avg batch val. time: 0.018375501036643982 seconds
Avg sample val. time: 0.00237103239182503 seconds
Epoch 4 Validation Summary: epoch: 4.000000 | loss: 1.632865 | accuracy: 0.129032 | precision: 0.103704 | 
Epoch 5 Training Summary: epoch: 5.000000 | loss: 1.620646 | 
Epoch runtime: 0.0 hours, 0.0 minutes, 0.3015439510345459 seconds

Avg epoch train. time: 0.0 hours, 0.0 minutes, 0.34205265045166017 seconds
Avg batch train. time: 0.010060372072107651 seconds
Avg sample train. time: 0.0012621869020356465 seconds
Epoch 6 Training Summary: epoch: 6.000000 | loss: 1.641179 | 
Epoch runtime: 0.0 hours, 0.0 minutes, 0.3681502342224121 seconds

Avg epoch train. time: 0.0 hours, 0.0 minutes, 0.34640224774678546 seconds
Avg batch train. time: 0.010188301404317219 seconds
Avg sample train. time: 0.001278237076556404 seconds
Evaluating on validation set ...
Validation runtime: 0.0 hours, 0.0 minutes, 0.015097618103027344 seconds

Avg val. time: 0.0 hours, 0.0 minutes, 0.06182112693786621 seconds
Avg batch val. time: 0.015455281734466553 seconds
Avg sample val. time: 0.001994229901221491 seconds
Epoch 6 Validation Summary: epoch: 6.000000 | loss: 1.685482 | accuracy: 0.129032 | precision: 0.111111 | 
Epoch 7 Training Summary: epoch: 7.000000 | loss: 1.622802 | 
Epoch runtime: 0.0 hours, 0.0 minutes, 0.30687928199768066 seconds

Avg epoch train. time: 0.0 hours, 0.0 minutes, 0.34075610978262766 seconds
Avg batch train. time: 0.010022238523018461 seconds
Avg sample train. time: 0.0012574026191240872 seconds
Epoch 8 Training Summary: epoch: 8.000000 | loss: 1.560575 | 
Epoch runtime: 0.0 hours, 0.0 minutes, 0.32424330711364746 seconds

Avg epoch train. time: 0.0 hours, 0.0 minutes, 0.3386920094490051 seconds
Avg batch train. time: 0.009961529689676622 seconds
Avg sample train. time: 0.0012497860127269561 seconds
Evaluating on validation set ...
Validation runtime: 0.0 hours, 0.0 minutes, 0.021750926971435547 seconds

Avg val. time: 0.0 hours, 0.0 minutes, 0.055142760276794434 seconds
Avg batch val. time: 0.013785690069198608 seconds
Avg sample val. time: 0.001778798718606272 seconds
Epoch 8 Validation Summary: epoch: 8.000000 | loss: 1.648533 | accuracy: 0.322581 | precision: 0.446027 | 
Epoch 9 Training Summary: epoch: 9.000000 | loss: 1.535685 | 
Epoch runtime: 0.0 hours, 0.0 minutes, 0.30588769912719727 seconds

Avg epoch train. time: 0.0 hours, 0.0 minutes, 0.33504708607991535 seconds
Avg batch train. time: 0.009854326061173981 seconds
Avg sample train. time: 0.0012363361109959975 seconds
Epoch 10 Training Summary: epoch: 10.000000 | loss: 1.566515 | 
Epoch runtime: 0.0 hours, 0.0 minutes, 0.2997612953186035 seconds

Avg epoch train. time: 0.0 hours, 0.0 minutes, 0.33151850700378416 seconds
Avg batch train. time: 0.009750544323640711 seconds
Avg sample train. time: 0.0012233155239992036 seconds
Evaluating on validation set ...
Validation runtime: 0.0 hours, 0.0 minutes, 0.013573408126831055 seconds

Avg val. time: 0.0 hours, 0.0 minutes, 0.04920428139822824 seconds
Avg batch val. time: 0.01230107034955706 seconds
Avg sample val. time: 0.001587234883813814 seconds
Epoch 10 Validation Summary: epoch: 10.000000 | loss: 1.607733 | accuracy: 0.354839 | precision: 0.567927 | 
Epoch 11 Training Summary: epoch: 11.000000 | loss: 1.449058 | 
Epoch runtime: 0.0 hours, 0.0 minutes, 0.2827167510986328 seconds

Avg epoch train. time: 0.0 hours, 0.0 minutes, 0.3270819837396795 seconds
Avg batch train. time: 0.00962005834528469 seconds
Avg sample train. time: 0.0012069445894453117 seconds
Epoch 12 Training Summary: epoch: 12.000000 | loss: 1.378055 | 
Epoch runtime: 0.0 hours, 0.0 minutes, 0.2988424301147461 seconds

Avg epoch train. time: 0.0 hours, 0.0 minutes, 0.3247286876042684 seconds
Avg batch train. time: 0.009550843753066716 seconds
Avg sample train. time: 0.001198260839868149 seconds
Evaluating on validation set ...
Validation runtime: 0.0 hours, 0.0 minutes, 0.013587236404418945 seconds

Avg val. time: 0.0 hours, 0.0 minutes, 0.044752150774002075 seconds
Avg batch val. time: 0.011188037693500519 seconds
Avg sample val. time: 0.0014436177669032927 seconds
Epoch 12 Validation Summary: epoch: 12.000000 | loss: 1.714833 | accuracy: 0.193548 | precision: 0.174194 | 
Epoch 13 Training Summary: epoch: 13.000000 | loss: 1.379511 | 
Epoch runtime: 0.0 hours, 0.0 minutes, 0.28813958168029785 seconds

Avg epoch train. time: 0.0 hours, 0.0 minutes, 0.3219141409947322 seconds
Avg batch train. time: 0.0094680629704333 seconds
Avg sample train. time: 0.001187875059021152 seconds
Epoch 14 Training Summary: epoch: 14.000000 | loss: 1.305944 | 
Epoch runtime: 0.0 hours, 0.0 minutes, 0.35730981826782227 seconds

Avg epoch train. time: 0.0 hours, 0.0 minutes, 0.32444240365709576 seconds
Avg batch train. time: 0.009542423636973404 seconds
Avg sample train. time: 0.0011972044415390988 seconds
Evaluating on validation set ...
Validation runtime: 0.0 hours, 0.0 minutes, 0.014963388442993164 seconds

Avg val. time: 0.0 hours, 0.0 minutes, 0.041442288292778864 seconds
Avg batch val. time: 0.010360572073194716 seconds
Avg sample val. time: 0.0013368480094444796 seconds
Epoch 14 Validation Summary: epoch: 14.000000 | loss: 1.645261 | accuracy: 0.387097 | precision: 0.328341 | 
Epoch 15 Training Summary: epoch: 15.000000 | loss: 1.214686 | 
Epoch runtime: 0.0 hours, 0.0 minutes, 0.352341890335083 seconds

Avg epoch train. time: 0.0 hours, 0.0 minutes, 0.32630236943562824 seconds
Avg batch train. time: 0.009597128512812594 seconds
Avg sample train. time: 0.0012040677838953072 seconds
Epoch 16 Training Summary: epoch: 16.000000 | loss: 1.252000 | 
Epoch runtime: 0.0 hours, 0.0 minutes, 0.32872581481933594 seconds

Avg epoch train. time: 0.0 hours, 0.0 minutes, 0.32645383477211 seconds
Avg batch train. time: 0.009601583375650294 seconds
Avg sample train. time: 0.0012046266965760517 seconds
Evaluating on validation set ...
Validation runtime: 0.0 hours, 0.0 minutes, 0.014520883560180664 seconds

Avg val. time: 0.0 hours, 0.0 minutes, 0.03875014781951904 seconds
Avg batch val. time: 0.00968753695487976 seconds
Avg sample val. time: 0.001250004768371582 seconds
Epoch 16 Validation Summary: epoch: 16.000000 | loss: 1.601273 | accuracy: 0.225806 | precision: 0.212903 | 
Epoch 17 Training Summary: epoch: 17.000000 | loss: 1.248727 | 
Epoch runtime: 0.0 hours, 0.0 minutes, 0.31668806076049805 seconds

Avg epoch train. time: 0.0 hours, 0.0 minutes, 0.3258793774773093 seconds
Avg batch train. time: 0.009584687572862037 seconds
Avg sample train. time: 0.0012025069279605507 seconds
Epoch 18 Training Summary: epoch: 18.000000 | loss: 1.092457 | 
Epoch runtime: 0.0 hours, 0.0 minutes, 0.35289835929870605 seconds

Avg epoch train. time: 0.0 hours, 0.0 minutes, 0.3273804320229424 seconds
Avg batch train. time: 0.009628836235968895 seconds
Avg sample train. time: 0.0012080458746234037 seconds
Evaluating on validation set ...
Validation runtime: 0.0 hours, 0.0 minutes, 0.019711017608642578 seconds

Avg val. time: 0.0 hours, 0.0 minutes, 0.03701931780034846 seconds
Avg batch val. time: 0.009254829450087114 seconds
Avg sample val. time: 0.0011941715419467244 seconds
Epoch 18 Validation Summary: epoch: 18.000000 | loss: 1.623489 | accuracy: 0.387097 | precision: 0.505376 | 
Epoch 19 Training Summary: epoch: 19.000000 | loss: 1.037915 | 
Epoch runtime: 0.0 hours, 0.0 minutes, 0.360551118850708 seconds

Avg epoch train. time: 0.0 hours, 0.0 minutes, 0.3291262576454564 seconds
Avg batch train. time: 0.009680184048395777 seconds
Avg sample train. time: 0.00121448803559209 seconds
Epoch 20 Training Summary: epoch: 20.000000 | loss: 1.034504 | 
Epoch runtime: 0.0 hours, 0.0 minutes, 0.3728783130645752 seconds

Avg epoch train. time: 0.0 hours, 0.0 minutes, 0.33131386041641236 seconds
Avg batch train. time: 0.00974452530636507 seconds
Avg sample train. time: 0.001222560370540267 seconds
Evaluating on validation set ...
Validation runtime: 0.0 hours, 0.0 minutes, 0.015113115310668945 seconds

Avg val. time: 0.0 hours, 0.0 minutes, 0.035193800926208496 seconds
Avg batch val. time: 0.008798450231552124 seconds
Avg sample val. time: 0.0011352839008454353 seconds
Epoch 20 Validation Summary: epoch: 20.000000 | loss: 1.577746 | accuracy: 0.387097 | precision: 0.282258 | 
Epoch 21 Training Summary: epoch: 21.000000 | loss: 1.010598 | 
Epoch runtime: 0.0 hours, 0.0 minutes, 0.3196446895599365 seconds

Avg epoch train. time: 0.0 hours, 0.0 minutes, 0.33075818561372305 seconds
Avg batch train. time: 0.009728181929815383 seconds
Avg sample train. time: 0.0012205099100137382 seconds
Epoch 22 Training Summary: epoch: 22.000000 | loss: 0.938028 | 
Epoch runtime: 0.0 hours, 0.0 minutes, 0.33168816566467285 seconds

Avg epoch train. time: 0.0 hours, 0.0 minutes, 0.33080045743422076 seconds
Avg batch train. time: 0.009729425218653552 seconds
Avg sample train. time: 0.0012206658945912204 seconds
Evaluating on validation set ...
Validation runtime: 0.0 hours, 0.0 minutes, 0.015360116958618164 seconds

Avg val. time: 0.0 hours, 0.0 minutes, 0.03366813292870155 seconds
Avg batch val. time: 0.008417033232175387 seconds
Avg sample val. time: 0.001086068804151663 seconds
Epoch 22 Validation Summary: epoch: 22.000000 | loss: 1.683068 | accuracy: 0.258065 | precision: 0.230108 | 
Epoch 23 Training Summary: epoch: 23.000000 | loss: 0.838134 | 
Epoch runtime: 0.0 hours, 0.0 minutes, 0.3223381042480469 seconds

Avg epoch train. time: 0.0 hours, 0.0 minutes, 0.3304325290348219 seconds
Avg batch train. time: 0.00971860379514182 seconds
Avg sample train. time: 0.001219308225220745 seconds
Epoch 24 Training Summary: epoch: 24.000000 | loss: 0.834697 | 
Epoch runtime: 0.0 hours, 0.0 minutes, 0.39368605613708496 seconds

Avg epoch train. time: 0.0 hours, 0.0 minutes, 0.3330680926640828 seconds
Avg batch train. time: 0.009796120372473025 seconds
Avg sample train. time: 0.0012290335522659882 seconds
Evaluating on validation set ...
Validation runtime: 0.0 hours, 0.0 minutes, 0.014221906661987305 seconds

Avg val. time: 0.0 hours, 0.0 minutes, 0.03227911676679339 seconds
Avg batch val. time: 0.008069779191698347 seconds
Avg sample val. time: 0.0010412618311868836 seconds
Epoch 24 Validation Summary: epoch: 24.000000 | loss: 1.458581 | accuracy: 0.322581 | precision: 0.288710 | 
Epoch 25 Training Summary: epoch: 25.000000 | loss: 0.896816 | 
Epoch runtime: 0.0 hours, 0.0 minutes, 0.3153202533721924 seconds

Avg epoch train. time: 0.0 hours, 0.0 minutes, 0.3323581790924072 seconds
Avg batch train. time: 0.009775240561541389 seconds
Avg sample train. time: 0.0012264139449904325 seconds
Epoch 26 Training Summary: epoch: 26.000000 | loss: 0.755305 | 
Epoch runtime: 0.0 hours, 0.0 minutes, 0.3392946720123291 seconds

Avg epoch train. time: 0.0 hours, 0.0 minutes, 0.332624967281635 seconds
Avg batch train. time: 0.009783087272989264 seconds
Avg sample train. time: 0.0012273984032532656 seconds
Evaluating on validation set ...
Validation runtime: 0.0 hours, 0.0 minutes, 0.015064716339111328 seconds

Avg val. time: 0.0 hours, 0.0 minutes, 0.031131490071614584 seconds
Avg batch val. time: 0.007782872517903646 seconds
Avg sample val. time: 0.0010042416152133736 seconds
Epoch 26 Validation Summary: epoch: 26.000000 | loss: 1.812312 | accuracy: 0.354839 | precision: 0.304252 | 
Epoch 27 Training Summary: epoch: 27.000000 | loss: 0.781734 | 
Epoch runtime: 0.0 hours, 0.0 minutes, 0.3117179870605469 seconds

Avg epoch train. time: 0.0 hours, 0.0 minutes, 0.33185063468085396 seconds
Avg batch train. time: 0.009760312784730999 seconds
Avg sample train. time: 0.001224541087383225 seconds
Epoch 28 Training Summary: epoch: 28.000000 | loss: 0.737867 | 
Epoch runtime: 0.0 hours, 0.0 minutes, 0.3465290069580078 seconds

Avg epoch train. time: 0.0 hours, 0.0 minutes, 0.3323748622621809 seconds
Avg batch train. time: 0.00977573124300532 seconds
Avg sample train. time: 0.0012264755065025125 seconds
Evaluating on validation set ...
Validation runtime: 0.0 hours, 0.0 minutes, 0.018355846405029297 seconds

Avg val. time: 0.0 hours, 0.0 minutes, 0.030333012342453003 seconds
Avg batch val. time: 0.007583253085613251 seconds
Avg sample val. time: 0.0009784842691113872 seconds
Epoch 28 Validation Summary: epoch: 28.000000 | loss: 1.881874 | accuracy: 0.387097 | precision: 0.343500 | 
Epoch 29 Training Summary: epoch: 29.000000 | loss: 0.577926 | 
Epoch runtime: 0.0 hours, 0.0 minutes, 0.31116390228271484 seconds

Avg epoch train. time: 0.0 hours, 0.0 minutes, 0.33164344984909583 seconds
Avg batch train. time: 0.0097542191132087 seconds
Avg sample train. time: 0.0012237765677088406 seconds
Epoch 30 Training Summary: epoch: 30.000000 | loss: 0.531017 | 
Epoch runtime: 0.0 hours, 0.0 minutes, 0.3159947395324707 seconds

Avg epoch train. time: 0.0 hours, 0.0 minutes, 0.331121826171875 seconds
Avg batch train. time: 0.009738877240349265 seconds
Avg sample train. time: 0.0012218517570917898 seconds
Evaluating on validation set ...
Validation runtime: 0.0 hours, 0.0 minutes, 0.014899253845214844 seconds

Avg val. time: 0.0 hours, 0.0 minutes, 0.02942514419555664 seconds
Avg batch val. time: 0.00735628604888916 seconds
Avg sample val. time: 0.0009491981998566658 seconds
Epoch 30 Validation Summary: epoch: 30.000000 | loss: 2.095480 | accuracy: 0.290323 | precision: 0.212242 | 
Epoch 31 Training Summary: epoch: 31.000000 | loss: 0.586718 | 
Epoch runtime: 0.0 hours, 0.0 minutes, 0.30786824226379395 seconds

Avg epoch train. time: 0.0 hours, 0.0 minutes, 0.3303717105619369 seconds
Avg batch train. time: 0.009716815016527557 seconds
Avg sample train. time: 0.0012190838028115754 seconds
Epoch 32 Training Summary: epoch: 32.000000 | loss: 0.601013 | 
Epoch runtime: 0.0 hours, 0.0 minutes, 0.32050275802612305 seconds

Avg epoch train. time: 0.0 hours, 0.0 minutes, 0.3300633057951927 seconds
Avg batch train. time: 0.009707744288093904 seconds
Avg sample train. time: 0.0012179457778420395 seconds
Evaluating on validation set ...
Validation runtime: 0.0 hours, 0.0 minutes, 0.015207290649414062 seconds

Avg val. time: 0.0 hours, 0.0 minutes, 0.028635263442993164 seconds
Avg batch val. time: 0.007158815860748291 seconds
Avg sample val. time: 0.0009237181755804247 seconds
Epoch 32 Validation Summary: epoch: 32.000000 | loss: 1.665014 | accuracy: 0.387097 | precision: 0.400410 | 
Epoch 33 Training Summary: epoch: 33.000000 | loss: 0.601767 | 
Epoch runtime: 0.0 hours, 0.0 minutes, 0.32489871978759766 seconds

Avg epoch train. time: 0.0 hours, 0.0 minutes, 0.329906803188902 seconds
Avg batch train. time: 0.009703141270261824 seconds
Avg sample train. time: 0.0012173682774498228 seconds
Epoch 34 Training Summary: epoch: 34.000000 | loss: 0.457567 | 
Epoch runtime: 0.0 hours, 0.0 minutes, 0.31603336334228516 seconds

Avg epoch train. time: 0.0 hours, 0.0 minutes, 0.329498760840472 seconds
Avg batch train. time: 0.009691140024719765 seconds
Avg sample train. time: 0.001215862586127203 seconds
Evaluating on validation set ...
Validation runtime: 0.0 hours, 0.0 minutes, 0.014784812927246094 seconds

Avg val. time: 0.0 hours, 0.0 minutes, 0.027906292363217 seconds
Avg batch val. time: 0.00697657309080425 seconds
Avg sample val. time: 0.000900202979458613 seconds
Epoch 34 Validation Summary: epoch: 34.000000 | loss: 2.268854 | accuracy: 0.451613 | precision: 0.413151 | 
Epoch 35 Training Summary: epoch: 35.000000 | loss: 0.502444 | 
Epoch runtime: 0.0 hours, 0.0 minutes, 0.3093886375427246 seconds

Avg epoch train. time: 0.0 hours, 0.0 minutes, 0.3289241858891078 seconds
Avg batch train. time: 0.009674240761444347 seconds
Avg sample train. time: 0.0012137423833546415 seconds
Epoch 36 Training Summary: epoch: 36.000000 | loss: 0.583896 | 
Epoch runtime: 0.0 hours, 0.0 minutes, 0.3008599281311035 seconds

Avg epoch train. time: 0.0 hours, 0.0 minutes, 0.3281446231736077 seconds
Avg batch train. time: 0.009651312446282579 seconds
Avg sample train. time: 0.0012108657681682942 seconds
Evaluating on validation set ...
Validation runtime: 0.0 hours, 0.0 minutes, 0.014391183853149414 seconds

Avg val. time: 0.0 hours, 0.0 minutes, 0.02723053693771362 seconds
Avg batch val. time: 0.006807634234428405 seconds
Avg sample val. time: 0.0008784044173456007 seconds
Epoch 36 Validation Summary: epoch: 36.000000 | loss: 2.524216 | accuracy: 0.387097 | precision: 0.332258 | 
Epoch 37 Training Summary: epoch: 37.000000 | loss: 0.520683 | 
Epoch runtime: 0.0 hours, 0.0 minutes, 0.2958338260650635 seconds

Avg epoch train. time: 0.0 hours, 0.0 minutes, 0.3272713583868903 seconds
Avg batch train. time: 0.009625628187849716 seconds
Avg sample train. time: 0.001207643388881514 seconds
Epoch 38 Training Summary: epoch: 38.000000 | loss: 0.500880 | 
Epoch runtime: 0.0 hours, 0.0 minutes, 0.31139445304870605 seconds

Avg epoch train. time: 0.0 hours, 0.0 minutes, 0.32685354508851705 seconds
Avg batch train. time: 0.009613339561426973 seconds
Avg sample train. time: 0.001206101642393052 seconds
Evaluating on validation set ...
Validation runtime: 0.0 hours, 0.0 minutes, 0.014246940612792969 seconds

Avg val. time: 0.0 hours, 0.0 minutes, 0.026612270446050735 seconds
Avg batch val. time: 0.006653067611512684 seconds
Avg sample val. time: 0.0008584603369693785 seconds
Epoch 38 Validation Summary: epoch: 38.000000 | loss: 1.749917 | accuracy: 0.451613 | precision: 0.439631 | 
Epoch 39 Training Summary: epoch: 39.000000 | loss: 0.385584 | 
Epoch runtime: 0.0 hours, 0.0 minutes, 0.30834364891052246 seconds

Avg epoch train. time: 0.0 hours, 0.0 minutes, 0.32637893236600435 seconds
Avg batch train. time: 0.00959938036370601 seconds
Avg sample train. time: 0.0012043503039335954 seconds
Epoch 40 Training Summary: epoch: 40.000000 | loss: 0.542251 | 
Epoch runtime: 0.0 hours, 0.0 minutes, 0.3023719787597656 seconds

Avg epoch train. time: 0.0 hours, 0.0 minutes, 0.32577875852584837 seconds
Avg batch train. time: 0.009581728191936716 seconds
Avg sample train. time: 0.0012021356403167835 seconds
Evaluating on validation set ...
Validation runtime: 0.0 hours, 0.0 minutes, 0.013913154602050781 seconds

Avg val. time: 0.0 hours, 0.0 minutes, 0.0260350379076871 seconds
Avg batch val. time: 0.006508759476921775 seconds
Avg sample val. time: 0.0008398399325060355 seconds
Epoch 40 Validation Summary: epoch: 40.000000 | loss: 2.130002 | accuracy: 0.354839 | precision: 0.302639 | 
Best accuracy was 0.45161290322580644. Other metrics: OrderedDict([('epoch', 34), ('loss', 2.268854264290102), ('accuracy', 0.45161290322580644), ('precision', 0.413151364764268)])
All Done!
Total runtime: 0.0 hours, 0.0 minutes, 20.677599906921387 seconds

