Running:
src/main_5q.py --output_dir experiments --comment classification from Scratch --name VRS_fromScratch --records_file VRS_records.xls --data_dir /mnt/d/OneDrive - Southern Methodist University/Phone_Privacy/input_feature/all_norm_downsample_480p_s22 --data_class vrs --val_ratio 0.1 --epochs 40 --lr 0.001 --dropout 0.2 --batch_size 8 --num_layers 3 --num_heads 4 --optimizer RAdam --pos_encoding learnable --task classification --normalization none --key_metric accuracy

Using device: cuda
Loading and preprocessing data ...
271 samples may be used for training
31 samples will be used for validation
0 samples will be used for testing
Creating model ...
Model:
TSTransformerEncoderClassiregressor(
  (project_inp): Linear(in_features=39, out_features=64, bias=True)
  (pos_enc): LearnablePositionalEncoding(
    (dropout): Dropout(p=0.2, inplace=False)
  )
  (transformer_encoder): TransformerEncoder(
    (layers): ModuleList(
      (0-2): 3 x TransformerBatchNormEncoderLayer(
        (self_attn): MultiheadAttention(
          (out_proj): NonDynamicallyQuantizableLinear(in_features=64, out_features=64, bias=True)
        )
        (linear1): Linear(in_features=64, out_features=256, bias=True)
        (dropout): Dropout(p=0.2, inplace=False)
        (linear2): Linear(in_features=256, out_features=64, bias=True)
        (norm1): BatchNorm1d(64, eps=1e-05, momentum=0.1, affine=True, track_running_stats=True)
        (norm2): BatchNorm1d(64, eps=1e-05, momentum=0.1, affine=True, track_running_stats=True)
        (dropout1): Dropout(p=0.2, inplace=False)
        (dropout2): Dropout(p=0.2, inplace=False)
      )
    )
  )
  (dropout1): Dropout(p=0.2, inplace=False)
  (output_layer): Linear(in_features=5120, out_features=5, bias=True)
)
Total number of parameters: 183237
Trainable parameters: 183237
Evaluating on validation set ...
Validation runtime: 0.0 hours, 0.0 minutes, 0.23556947708129883 seconds

Avg val. time: 0.0 hours, 0.0 minutes, 0.23556947708129883 seconds
Avg batch val. time: 0.05889236927032471 seconds
Avg sample val. time: 0.007599015389719317 seconds
Epoch 0 Validation Summary: epoch: 0.000000 | loss: 3.294944 | accuracy: 0.193548 | precision: 0.184615 | 
Starting training...
Epoch 1 Training Summary: epoch: 1.000000 | loss: 1.667886 | 
Epoch runtime: 0.0 hours, 0.0 minutes, 0.5330348014831543 seconds

Avg epoch train. time: 0.0 hours, 0.0 minutes, 0.5330348014831543 seconds
Avg batch train. time: 0.015677494161269245 seconds
Avg sample train. time: 0.0019669180866537057 seconds
Evaluating on validation set ...
Validation runtime: 0.0 hours, 0.0 minutes, 0.019472360610961914 seconds

Avg val. time: 0.0 hours, 0.0 minutes, 0.12752091884613037 seconds
Avg batch val. time: 0.03188022971153259 seconds
Avg sample val. time: 0.004113578027294528 seconds
Epoch 1 Validation Summary: epoch: 1.000000 | loss: 1.638023 | accuracy: 0.096774 | precision: 0.072825 | 
Epoch 2 Training Summary: epoch: 2.000000 | loss: 1.688566 | 
Epoch runtime: 0.0 hours, 0.0 minutes, 0.4190840721130371 seconds

Avg epoch train. time: 0.0 hours, 0.0 minutes, 0.4760594367980957 seconds
Avg batch train. time: 0.014001748141120462 seconds
Avg sample train. time: 0.0017566768885538587 seconds
Evaluating on validation set ...
Validation runtime: 0.0 hours, 0.0 minutes, 0.018364667892456055 seconds

Avg val. time: 0.0 hours, 0.0 minutes, 0.09113550186157227 seconds
Avg batch val. time: 0.022783875465393066 seconds
Avg sample val. time: 0.0029398548987603955 seconds
Epoch 2 Validation Summary: epoch: 2.000000 | loss: 1.626503 | accuracy: 0.193548 | precision: 0.139785 | 
Epoch 3 Training Summary: epoch: 3.000000 | loss: 1.656658 | 
Epoch runtime: 0.0 hours, 0.0 minutes, 0.38958191871643066 seconds

Avg epoch train. time: 0.0 hours, 0.0 minutes, 0.4472335974375407 seconds
Avg batch train. time: 0.013153929336398256 seconds
Avg sample train. time: 0.0016503084776293014 seconds
Epoch 4 Training Summary: epoch: 4.000000 | loss: 1.647953 | 
Epoch runtime: 0.0 hours, 0.0 minutes, 0.36582183837890625 seconds

Avg epoch train. time: 0.0 hours, 0.0 minutes, 0.4268806576728821 seconds
Avg batch train. time: 0.01255531346096712 seconds
Avg sample train. time: 0.0015752053788667235 seconds
Evaluating on validation set ...
Validation runtime: 0.0 hours, 0.0 minutes, 0.01683640480041504 seconds

Avg val. time: 0.0 hours, 0.0 minutes, 0.07256072759628296 seconds
Avg batch val. time: 0.01814018189907074 seconds
Avg sample val. time: 0.00234066863213816 seconds
Epoch 4 Validation Summary: epoch: 4.000000 | loss: 1.638755 | accuracy: 0.161290 | precision: 0.217949 | 
Epoch 5 Training Summary: epoch: 5.000000 | loss: 1.649796 | 
Epoch runtime: 0.0 hours, 0.0 minutes, 0.3710498809814453 seconds

Avg epoch train. time: 0.0 hours, 0.0 minutes, 0.4157145023345947 seconds
Avg batch train. time: 0.01222689712748808 seconds
Avg sample train. time: 0.001534001853633191 seconds
Epoch 6 Training Summary: epoch: 6.000000 | loss: 1.656538 | 
Epoch runtime: 0.0 hours, 0.0 minutes, 0.35843992233276367 seconds

Avg epoch train. time: 0.0 hours, 0.0 minutes, 0.40616873900095624 seconds
Avg batch train. time: 0.011946139382381066 seconds
Avg sample train. time: 0.0014987776346898755 seconds
Evaluating on validation set ...
Validation runtime: 0.0 hours, 0.0 minutes, 0.017678499221801758 seconds

Avg val. time: 0.0 hours, 0.0 minutes, 0.06158428192138672 seconds
Avg batch val. time: 0.01539607048034668 seconds
Avg sample val. time: 0.0019865897393995715 seconds
Epoch 6 Validation Summary: epoch: 6.000000 | loss: 1.649467 | accuracy: 0.225806 | precision: 0.304167 | 
Epoch 7 Training Summary: epoch: 7.000000 | loss: 1.652187 | 
Epoch runtime: 0.0 hours, 0.0 minutes, 0.3979060649871826 seconds

Avg epoch train. time: 0.0 hours, 0.0 minutes, 0.40498835699898855 seconds
Avg batch train. time: 0.011911422264676133 seconds
Avg sample train. time: 0.0014944219815460832 seconds
Epoch 8 Training Summary: epoch: 8.000000 | loss: 1.635325 | 
Epoch runtime: 0.0 hours, 0.0 minutes, 0.3885362148284912 seconds

Avg epoch train. time: 0.0 hours, 0.0 minutes, 0.4029318392276764 seconds
Avg batch train. time: 0.011850936447872835 seconds
Avg sample train. time: 0.0014868333550836768 seconds
Evaluating on validation set ...
Validation runtime: 0.0 hours, 0.0 minutes, 0.017670869827270508 seconds

Avg val. time: 0.0 hours, 0.0 minutes, 0.054265379905700684 seconds
Avg batch val. time: 0.013566344976425171 seconds
Avg sample val. time: 0.0017504961259903447 seconds
Epoch 8 Validation Summary: epoch: 8.000000 | loss: 1.633613 | accuracy: 0.225806 | precision: 0.383333 | 
Epoch 9 Training Summary: epoch: 9.000000 | loss: 1.605329 | 
Epoch runtime: 0.0 hours, 0.0 minutes, 0.36574745178222656 seconds

Avg epoch train. time: 0.0 hours, 0.0 minutes, 0.3988002406226264 seconds
Avg batch train. time: 0.011729418841841954 seconds
Avg sample train. time: 0.0014715876037735293 seconds
Epoch 10 Training Summary: epoch: 10.000000 | loss: 1.589688 | 
Epoch runtime: 0.0 hours, 0.0 minutes, 0.37108397483825684 seconds

Avg epoch train. time: 0.0 hours, 0.0 minutes, 0.39602861404418943 seconds
Avg batch train. time: 0.011647900413064394 seconds
Avg sample train. time: 0.0014613601994250532 seconds
Evaluating on validation set ...
Validation runtime: 0.0 hours, 0.0 minutes, 0.017063617706298828 seconds

Avg val. time: 0.0 hours, 0.0 minutes, 0.04895084244864328 seconds
Avg batch val. time: 0.01223771061216082 seconds
Avg sample val. time: 0.0015790594338272025 seconds
Epoch 10 Validation Summary: epoch: 10.000000 | loss: 1.606834 | accuracy: 0.258065 | precision: 0.148387 | 
Epoch 11 Training Summary: epoch: 11.000000 | loss: 1.593061 | 
Epoch runtime: 0.0 hours, 0.0 minutes, 0.36428332328796387 seconds

Avg epoch train. time: 0.0 hours, 0.0 minutes, 0.39314267852089624 seconds
Avg batch train. time: 0.011563019956496948 seconds
Avg sample train. time: 0.0014507109908520157 seconds
Epoch 12 Training Summary: epoch: 12.000000 | loss: 1.480309 | 
Epoch runtime: 0.0 hours, 0.0 minutes, 0.3916184902191162 seconds

Avg epoch train. time: 0.0 hours, 0.0 minutes, 0.39301566282908124 seconds
Avg batch train. time: 0.01155928420085533 seconds
Avg sample train. time: 0.0014502422982622923 seconds
Evaluating on validation set ...
Validation runtime: 0.0 hours, 0.0 minutes, 0.01720571517944336 seconds

Avg val. time: 0.0 hours, 0.0 minutes, 0.044982701539993286 seconds
Avg batch val. time: 0.011245675384998322 seconds
Avg sample val. time: 0.0014510548883868801 seconds
Epoch 12 Validation Summary: epoch: 12.000000 | loss: 1.601253 | accuracy: 0.290323 | precision: 0.349951 | 
Epoch 13 Training Summary: epoch: 13.000000 | loss: 1.471522 | 
Epoch runtime: 0.0 hours, 0.0 minutes, 0.37869930267333984 seconds

Avg epoch train. time: 0.0 hours, 0.0 minutes, 0.39191440435556263 seconds
Avg batch train. time: 0.011526894245751842 seconds
Avg sample train. time: 0.0014461786138581646 seconds
Epoch 14 Training Summary: epoch: 14.000000 | loss: 1.464792 | 
Epoch runtime: 0.0 hours, 0.0 minutes, 0.4400203227996826 seconds

Avg epoch train. time: 0.0 hours, 0.0 minutes, 0.3953505413872855 seconds
Avg batch train. time: 0.011627957099626043 seconds
Avg sample train. time: 0.0014588580862999465 seconds
Evaluating on validation set ...
Validation runtime: 0.0 hours, 0.0 minutes, 0.01780390739440918 seconds

Avg val. time: 0.0 hours, 0.0 minutes, 0.04196283552381727 seconds
Avg batch val. time: 0.010490708880954318 seconds
Avg sample val. time: 0.0013536398556070087 seconds
Epoch 14 Validation Summary: epoch: 14.000000 | loss: 1.677365 | accuracy: 0.354839 | precision: 0.279570 | 
Epoch 15 Training Summary: epoch: 15.000000 | loss: 1.373654 | 
Epoch runtime: 0.0 hours, 0.0 minutes, 0.36484527587890625 seconds

Avg epoch train. time: 0.0 hours, 0.0 minutes, 0.3933168570200602 seconds
Avg batch train. time: 0.011568142853531182 seconds
Avg sample train. time: 0.0014513537159411816 seconds
Epoch 16 Training Summary: epoch: 16.000000 | loss: 1.374320 | 
Epoch runtime: 0.0 hours, 0.0 minutes, 0.38200879096984863 seconds

Avg epoch train. time: 0.0 hours, 0.0 minutes, 0.392610102891922 seconds
Avg batch train. time: 0.01154735596740947 seconds
Avg sample train. time: 0.0014487457671288635 seconds
Evaluating on validation set ...
Validation runtime: 0.0 hours, 0.0 minutes, 0.017078161239624023 seconds

Avg val. time: 0.0 hours, 0.0 minutes, 0.03947436809539795 seconds
Avg batch val. time: 0.009868592023849487 seconds
Avg sample val. time: 0.0012733667127547725 seconds
Epoch 16 Validation Summary: epoch: 16.000000 | loss: 1.687988 | accuracy: 0.322581 | precision: 0.329657 | 
Epoch 17 Training Summary: epoch: 17.000000 | loss: 1.369574 | 
Epoch runtime: 0.0 hours, 0.0 minutes, 0.38947486877441406 seconds

Avg epoch train. time: 0.0 hours, 0.0 minutes, 0.392425677355598 seconds
Avg batch train. time: 0.011541931686929354 seconds
Avg sample train. time: 0.0014480652300944577 seconds
Epoch 18 Training Summary: epoch: 18.000000 | loss: 1.253234 | 
Epoch runtime: 0.0 hours, 0.0 minutes, 0.3749995231628418 seconds

Avg epoch train. time: 0.0 hours, 0.0 minutes, 0.39145755767822266 seconds
Avg batch train. time: 0.011513457578771254 seconds
Avg sample train. time: 0.0014444928327609693 seconds
Evaluating on validation set ...
Validation runtime: 0.0 hours, 0.0 minutes, 0.018569469451904297 seconds

Avg val. time: 0.0 hours, 0.0 minutes, 0.03757392276417126 seconds
Avg batch val. time: 0.009393480691042814 seconds
Avg sample val. time: 0.0012120620246506857 seconds
Epoch 18 Validation Summary: epoch: 18.000000 | loss: 1.650593 | accuracy: 0.225806 | precision: 0.288667 | 
Epoch 19 Training Summary: epoch: 19.000000 | loss: 1.243891 | 
Epoch runtime: 0.0 hours, 0.0 minutes, 0.38298988342285156 seconds

Avg epoch train. time: 0.0 hours, 0.0 minutes, 0.39101189061215047 seconds
Avg batch train. time: 0.011500349723886779 seconds
Avg sample train. time: 0.0014428483048418836 seconds
Epoch 20 Training Summary: epoch: 20.000000 | loss: 1.163129 | 
Epoch runtime: 0.0 hours, 0.0 minutes, 0.3718860149383545 seconds

Avg epoch train. time: 0.0 hours, 0.0 minutes, 0.3900555968284607 seconds
Avg batch train. time: 0.011472223436131197 seconds
Avg sample train. time: 0.0014393195454924749 seconds
Evaluating on validation set ...
Validation runtime: 0.0 hours, 0.0 minutes, 0.018173694610595703 seconds

Avg val. time: 0.0 hours, 0.0 minutes, 0.03595723708470663 seconds
Avg batch val. time: 0.008989309271176657 seconds
Avg sample val. time: 0.0011599108737002138 seconds
Epoch 20 Validation Summary: epoch: 20.000000 | loss: 1.523168 | accuracy: 0.419355 | precision: 0.331266 | 
Epoch 21 Training Summary: epoch: 21.000000 | loss: 1.118753 | 
Epoch runtime: 0.0 hours, 0.0 minutes, 0.3789947032928467 seconds

Avg epoch train. time: 0.0 hours, 0.0 minutes, 0.38952888761247906 seconds
Avg batch train. time: 0.011456731988602325 seconds
Avg sample train. time: 0.0014373759690497383 seconds
Epoch 22 Training Summary: epoch: 22.000000 | loss: 1.063476 | 
Epoch runtime: 0.0 hours, 0.0 minutes, 0.3926248550415039 seconds

Avg epoch train. time: 0.0 hours, 0.0 minutes, 0.38966961340470746 seconds
Avg batch train. time: 0.011460870982491395 seconds
Avg sample train. time: 0.0014378952524158946 seconds
Evaluating on validation set ...
Validation runtime: 0.0 hours, 0.0 minutes, 0.016556501388549805 seconds

Avg val. time: 0.0 hours, 0.0 minutes, 0.03446487280038687 seconds
Avg batch val. time: 0.008616218200096717 seconds
Avg sample val. time: 0.0011117700903350602 seconds
Epoch 22 Validation Summary: epoch: 22.000000 | loss: 1.426277 | accuracy: 0.387097 | precision: 0.397319 | 
Epoch 23 Training Summary: epoch: 23.000000 | loss: 0.999907 | 
Epoch runtime: 0.0 hours, 0.0 minutes, 0.37086987495422363 seconds

Avg epoch train. time: 0.0 hours, 0.0 minutes, 0.38885223347207776 seconds
Avg batch train. time: 0.011436830396237581 seconds
Avg sample train. time: 0.00143487909030287 seconds
Epoch 24 Training Summary: epoch: 24.000000 | loss: 0.938071 | 
Epoch runtime: 0.0 hours, 0.0 minutes, 0.3717358112335205 seconds

Avg epoch train. time: 0.0 hours, 0.0 minutes, 0.3881390492121379 seconds
Avg batch train. time: 0.01141585438859229 seconds
Avg sample train. time: 0.0014322474140669294 seconds
Evaluating on validation set ...
Validation runtime: 0.0 hours, 0.0 minutes, 0.016437530517578125 seconds

Avg val. time: 0.0 hours, 0.0 minutes, 0.03317720549447196 seconds
Avg batch val. time: 0.00829430137361799 seconds
Avg sample val. time: 0.001070232435305547 seconds
Epoch 24 Validation Summary: epoch: 24.000000 | loss: 1.653372 | accuracy: 0.290323 | precision: 0.287634 | 
Epoch 25 Training Summary: epoch: 25.000000 | loss: 0.928819 | 
Epoch runtime: 0.0 hours, 0.0 minutes, 0.3693268299102783 seconds

Avg epoch train. time: 0.0 hours, 0.0 minutes, 0.3873865604400635 seconds
Avg batch train. time: 0.01139372236588422 seconds
Avg sample train. time: 0.0014294707027308615 seconds
Epoch 26 Training Summary: epoch: 26.000000 | loss: 0.857885 | 
Epoch runtime: 0.0 hours, 0.0 minutes, 0.37271761894226074 seconds

Avg epoch train. time: 0.0 hours, 0.0 minutes, 0.3868223703824557 seconds
Avg batch train. time: 0.011377128540660461 seconds
Avg sample train. time: 0.0014273888205994676 seconds
Evaluating on validation set ...
Validation runtime: 0.0 hours, 0.0 minutes, 0.016402721405029297 seconds

Avg val. time: 0.0 hours, 0.0 minutes, 0.03205890655517578 seconds
Avg batch val. time: 0.008014726638793945 seconds
Avg sample val. time: 0.0010341582759734122 seconds
Epoch 26 Validation Summary: epoch: 26.000000 | loss: 1.626979 | accuracy: 0.387097 | precision: 0.492994 | 
Epoch 27 Training Summary: epoch: 27.000000 | loss: 0.860941 | 
Epoch runtime: 0.0 hours, 0.0 minutes, 0.3823409080505371 seconds

Avg epoch train. time: 0.0 hours, 0.0 minutes, 0.38665639029608834 seconds
Avg batch train. time: 0.011372246773414363 seconds
Avg sample train. time: 0.0014267763479560455 seconds
Epoch 28 Training Summary: epoch: 28.000000 | loss: 0.857048 | 
Epoch runtime: 0.0 hours, 0.0 minutes, 0.377368688583374 seconds

Avg epoch train. time: 0.0 hours, 0.0 minutes, 0.3863246866634914 seconds
Avg batch train. time: 0.011362490784220336 seconds
Avg sample train. time: 0.0014255523493117764 seconds
Evaluating on validation set ...
Validation runtime: 0.0 hours, 0.0 minutes, 0.027611494064331055 seconds

Avg val. time: 0.0 hours, 0.0 minutes, 0.031780943274497986 seconds
Avg batch val. time: 0.007945235818624496 seconds
Avg sample val. time: 0.0010251917185321931 seconds
Epoch 28 Validation Summary: epoch: 28.000000 | loss: 1.584359 | accuracy: 0.354839 | precision: 0.360599 | 
Epoch 29 Training Summary: epoch: 29.000000 | loss: 0.709109 | 
Epoch runtime: 0.0 hours, 0.0 minutes, 0.3959670066833496 seconds

Avg epoch train. time: 0.0 hours, 0.0 minutes, 0.3866571804572796 seconds
Avg batch train. time: 0.0113722700134494 seconds
Avg sample train. time: 0.0014267792636799984 seconds
Epoch 30 Training Summary: epoch: 30.000000 | loss: 0.760205 | 
Epoch runtime: 0.0 hours, 0.0 minutes, 0.3714480400085449 seconds

Avg epoch train. time: 0.0 hours, 0.0 minutes, 0.38615020910898845 seconds
Avg batch train. time: 0.011357359091440837 seconds
Avg sample train. time: 0.0014249085206973744 seconds
Evaluating on validation set ...
Validation runtime: 0.0 hours, 0.0 minutes, 0.017636775970458984 seconds

Avg val. time: 0.0 hours, 0.0 minutes, 0.030948933433083928 seconds
Avg batch val. time: 0.007737233358270982 seconds
Avg sample val. time: 0.0009983526913898042 seconds
Epoch 30 Validation Summary: epoch: 30.000000 | loss: 1.896115 | accuracy: 0.451613 | precision: 0.545315 | 
Epoch 31 Training Summary: epoch: 31.000000 | loss: 0.711902 | 
Epoch runtime: 0.0 hours, 0.0 minutes, 0.3806161880493164 seconds

Avg epoch train. time: 0.0 hours, 0.0 minutes, 0.3859716923006119 seconds
Avg batch train. time: 0.01135210859707682 seconds
Avg sample train. time: 0.0014242497870871288 seconds
Epoch 32 Training Summary: epoch: 32.000000 | loss: 0.688959 | 
Epoch runtime: 0.0 hours, 0.0 minutes, 0.40042567253112793 seconds

Avg epoch train. time: 0.0 hours, 0.0 minutes, 0.38642337918281555 seconds
Avg batch train. time: 0.011365393505376927 seconds
Avg sample train. time: 0.001425916528349873 seconds
Evaluating on validation set ...
Validation runtime: 0.0 hours, 0.0 minutes, 0.016437768936157227 seconds

Avg val. time: 0.0 hours, 0.0 minutes, 0.03014275762769911 seconds
Avg batch val. time: 0.007535689406924778 seconds
Avg sample val. time: 0.0009723470202483584 seconds
Epoch 32 Validation Summary: epoch: 32.000000 | loss: 1.833345 | accuracy: 0.548387 | precision: 0.563492 | 
Epoch 33 Training Summary: epoch: 33.000000 | loss: 0.619647 | 
Epoch runtime: 0.0 hours, 0.0 minutes, 0.3704965114593506 seconds

Avg epoch train. time: 0.0 hours, 0.0 minutes, 0.385940746827559 seconds
Avg batch train. time: 0.011351198436104677 seconds
Avg sample train. time: 0.0014241355971496643 seconds
Epoch 34 Training Summary: epoch: 34.000000 | loss: 0.690088 | 
Epoch runtime: 0.0 hours, 0.0 minutes, 0.36692190170288086 seconds

Avg epoch train. time: 0.0 hours, 0.0 minutes, 0.3853813690297744 seconds
Avg batch train. time: 0.011334746147934541 seconds
Avg sample train. time: 0.001422071472434592 seconds
Evaluating on validation set ...
Validation runtime: 0.0 hours, 0.0 minutes, 0.01694631576538086 seconds

Avg val. time: 0.0 hours, 0.0 minutes, 0.02944820805599815 seconds
Avg batch val. time: 0.007362052013999538 seconds
Avg sample val. time: 0.0009499421953547791 seconds
Epoch 34 Validation Summary: epoch: 34.000000 | loss: 1.593194 | accuracy: 0.419355 | precision: 0.429186 | 
Epoch 35 Training Summary: epoch: 35.000000 | loss: 0.559606 | 
Epoch runtime: 0.0 hours, 0.0 minutes, 0.37610626220703125 seconds

Avg epoch train. time: 0.0 hours, 0.0 minutes, 0.385116365977696 seconds
Avg batch train. time: 0.01132695194052047 seconds
Avg sample train. time: 0.0014210936013937122 seconds
Epoch 36 Training Summary: epoch: 36.000000 | loss: 0.523628 | 
Epoch runtime: 0.0 hours, 0.0 minutes, 0.3799116611480713 seconds

Avg epoch train. time: 0.0 hours, 0.0 minutes, 0.3849717908435398 seconds
Avg batch train. time: 0.011322699730692345 seconds
Avg sample train. time: 0.0014205601138138 seconds
Evaluating on validation set ...
Validation runtime: 0.0 hours, 0.0 minutes, 0.016729354858398438 seconds

Avg val. time: 0.0 hours, 0.0 minutes, 0.028812265396118163 seconds
Avg batch val. time: 0.007203066349029541 seconds
Avg sample val. time: 0.0009294279160038117 seconds
Epoch 36 Validation Summary: epoch: 36.000000 | loss: 2.181115 | accuracy: 0.322581 | precision: 0.279570 | 
Epoch 37 Training Summary: epoch: 37.000000 | loss: 0.571224 | 
Epoch runtime: 0.0 hours, 0.0 minutes, 0.3947117328643799 seconds

Avg epoch train. time: 0.0 hours, 0.0 minutes, 0.3852350325197787 seconds
Avg batch train. time: 0.011330442132934668 seconds
Avg sample train. time: 0.0014215314853128365 seconds
Epoch 38 Training Summary: epoch: 38.000000 | loss: 0.545333 | 
Epoch runtime: 0.0 hours, 0.0 minutes, 0.38210535049438477 seconds

Avg epoch train. time: 0.0 hours, 0.0 minutes, 0.38515267246647883 seconds
Avg batch train. time: 0.011328019778425848 seconds
Avg sample train. time: 0.0014212275736770438 seconds
Evaluating on validation set ...
Validation runtime: 0.0 hours, 0.0 minutes, 0.0174560546875 seconds

Avg val. time: 0.0 hours, 0.0 minutes, 0.028271493457612536 seconds
Avg batch val. time: 0.007067873364403134 seconds
Avg sample val. time: 0.0009119836599229851 seconds
Epoch 38 Validation Summary: epoch: 38.000000 | loss: 2.218984 | accuracy: 0.548387 | precision: 0.617595 | 
Epoch 39 Training Summary: epoch: 39.000000 | loss: 0.533335 | 
Epoch runtime: 0.0 hours, 0.0 minutes, 0.36756324768066406 seconds

Avg epoch train. time: 0.0 hours, 0.0 minutes, 0.3847016615745349 seconds
Avg batch train. time: 0.011314754752192202 seconds
Avg sample train. time: 0.0014195633268433022 seconds
Epoch 40 Training Summary: epoch: 40.000000 | loss: 0.488397 | 
Epoch runtime: 0.0 hours, 0.0 minutes, 0.367936372756958 seconds

Avg epoch train. time: 0.0 hours, 0.0 minutes, 0.38428252935409546 seconds
Avg batch train. time: 0.011302427333943984 seconds
Avg sample train. time: 0.0014180167134837472 seconds
Evaluating on validation set ...
Validation runtime: 0.0 hours, 0.0 minutes, 0.016569137573242188 seconds

Avg val. time: 0.0 hours, 0.0 minutes, 0.02773956819014116 seconds
Avg batch val. time: 0.00693489204753529 seconds
Avg sample val. time: 0.0008948247803271342 seconds
Epoch 40 Validation Summary: epoch: 40.000000 | loss: 1.929702 | accuracy: 0.451613 | precision: 0.443932 | 
Best accuracy was 0.5483870967741935. Other metrics: OrderedDict([('epoch', 32), ('loss', 1.8333448902253182), ('accuracy', 0.5483870967741935), ('precision', 0.5634920634920635)])
All Done!
Total runtime: 0.0 hours, 0.0 minutes, 22.6214017868042 seconds

