Running:
src/main_5q.py --output_dir experiments --comment classification from Scratch --name VRS_fromScratch --records_file VRS_records.xls --data_dir /mnt/d/OneDrive - Southern Methodist University/Phone_Privacy/input_feature/all_processpos_norm_downsample_480p_s22 --data_class vrs --val_ratio 0.1 --epochs 40 --lr 0.001 --dropout 0.2 --batch_size 8 --num_layers 3 --num_heads 4 --optimizer RAdam --pos_encoding learnable --task classification --normalization none --key_metric accuracy

Using device: cuda
Loading and preprocessing data ...
67 samples may be used for training
8 samples will be used for validation
0 samples will be used for testing
Creating model ...
Model:
TSTransformerEncoderClassiregressor(
  (project_inp): Linear(in_features=39, out_features=64, bias=True)
  (pos_enc): LearnablePositionalEncoding(
    (dropout): Dropout(p=0.2, inplace=False)
  )
  (transformer_encoder): TransformerEncoder(
    (layers): ModuleList(
      (0-2): 3 x TransformerBatchNormEncoderLayer(
        (self_attn): MultiheadAttention(
          (out_proj): NonDynamicallyQuantizableLinear(in_features=64, out_features=64, bias=True)
        )
        (linear1): Linear(in_features=64, out_features=256, bias=True)
        (dropout): Dropout(p=0.2, inplace=False)
        (linear2): Linear(in_features=256, out_features=64, bias=True)
        (norm1): BatchNorm1d(64, eps=1e-05, momentum=0.1, affine=True, track_running_stats=True)
        (norm2): BatchNorm1d(64, eps=1e-05, momentum=0.1, affine=True, track_running_stats=True)
        (dropout1): Dropout(p=0.2, inplace=False)
        (dropout2): Dropout(p=0.2, inplace=False)
      )
    )
  )
  (dropout1): Dropout(p=0.2, inplace=False)
  (output_layer): Linear(in_features=5120, out_features=5, bias=True)
)
Total number of parameters: 183237
Trainable parameters: 183237
Evaluating on validation set ...
Validation runtime: 0.0 hours, 0.0 minutes, 0.2524735927581787 seconds

Avg val. time: 0.0 hours, 0.0 minutes, 0.2524735927581787 seconds
Avg batch val. time: 0.2524735927581787 seconds
Avg sample val. time: 0.03155919909477234 seconds
Epoch 0 Validation Summary: epoch: 0.000000 | loss: 4.893898 | accuracy: 0.250000 | precision: 0.250000 | 
Starting training...
Epoch 1 Training Summary: epoch: 1.000000 | loss: 1.677885 | 
Epoch runtime: 0.0 hours, 0.0 minutes, 0.2459568977355957 seconds

Avg epoch train. time: 0.0 hours, 0.0 minutes, 0.2459568977355957 seconds
Avg batch train. time: 0.027328544192843966 seconds
Avg sample train. time: 0.0036709984736656076 seconds
Evaluating on validation set ...
Validation runtime: 0.0 hours, 0.0 minutes, 0.00915670394897461 seconds

Avg val. time: 0.0 hours, 0.0 minutes, 0.13081514835357666 seconds
Avg batch val. time: 0.13081514835357666 seconds
Avg sample val. time: 0.016351893544197083 seconds
Epoch 1 Validation Summary: epoch: 1.000000 | loss: 1.744572 | accuracy: 0.250000 | precision: 0.250000 | 
Epoch 2 Training Summary: epoch: 2.000000 | loss: 1.645135 | 
Epoch runtime: 0.0 hours, 0.0 minutes, 0.10453414916992188 seconds

Avg epoch train. time: 0.0 hours, 0.0 minutes, 0.1752455234527588 seconds
Avg batch train. time: 0.01947172482808431 seconds
Avg sample train. time: 0.0026156048276531163 seconds
Evaluating on validation set ...
Validation runtime: 0.0 hours, 0.0 minutes, 0.0073778629302978516 seconds

Avg val. time: 0.0 hours, 0.0 minutes, 0.08966938654581706 seconds
Avg batch val. time: 0.08966938654581706 seconds
Avg sample val. time: 0.011208673318227133 seconds
Epoch 2 Validation Summary: epoch: 2.000000 | loss: 1.615350 | accuracy: 0.250000 | precision: 0.250000 | 
Epoch 3 Training Summary: epoch: 3.000000 | loss: 1.736467 | 
Epoch runtime: 0.0 hours, 0.0 minutes, 0.10217547416687012 seconds

Avg epoch train. time: 0.0 hours, 0.0 minutes, 0.15088884035746256 seconds
Avg batch train. time: 0.01676542670638473 seconds
Avg sample train. time: 0.0022520722441412323 seconds
Epoch 4 Training Summary: epoch: 4.000000 | loss: 1.636183 | 
Epoch runtime: 0.0 hours, 0.0 minutes, 0.09462928771972656 seconds

Avg epoch train. time: 0.0 hours, 0.0 minutes, 0.13682395219802856 seconds
Avg batch train. time: 0.015202661355336508 seconds
Avg sample train. time: 0.002042148540269083 seconds
Evaluating on validation set ...
Validation runtime: 0.0 hours, 0.0 minutes, 0.007763385772705078 seconds

Avg val. time: 0.0 hours, 0.0 minutes, 0.06919288635253906 seconds
Avg batch val. time: 0.06919288635253906 seconds
Avg sample val. time: 0.008649110794067383 seconds
Epoch 4 Validation Summary: epoch: 4.000000 | loss: 1.621113 | accuracy: 0.250000 | precision: 0.714286 | 
Epoch 5 Training Summary: epoch: 5.000000 | loss: 1.611837 | 
Epoch runtime: 0.0 hours, 0.0 minutes, 0.09940791130065918 seconds

Avg epoch train. time: 0.0 hours, 0.0 minutes, 0.1293407440185547 seconds
Avg batch train. time: 0.014371193779839411 seconds
Avg sample train. time: 0.0019304588659485775 seconds
Epoch 6 Training Summary: epoch: 6.000000 | loss: 1.648130 | 
Epoch runtime: 0.0 hours, 0.0 minutes, 0.1001746654510498 seconds

Avg epoch train. time: 0.0 hours, 0.0 minutes, 0.12447973092397054 seconds
Avg batch train. time: 0.013831081213774504 seconds
Avg sample train. time: 0.0018579064317010528 seconds
Evaluating on validation set ...
Validation runtime: 0.0 hours, 0.0 minutes, 0.011798381805419922 seconds

Avg val. time: 0.0 hours, 0.0 minutes, 0.057713985443115234 seconds
Avg batch val. time: 0.057713985443115234 seconds
Avg sample val. time: 0.007214248180389404 seconds
Epoch 6 Validation Summary: epoch: 6.000000 | loss: 1.602076 | accuracy: 0.125000 | precision: 0.125000 | 
Epoch 7 Training Summary: epoch: 7.000000 | loss: 1.661576 | 
Epoch runtime: 0.0 hours, 0.0 minutes, 0.09171342849731445 seconds

Avg epoch train. time: 0.0 hours, 0.0 minutes, 0.11979883057730538 seconds
Avg batch train. time: 0.013310981175256153 seconds
Avg sample train. time: 0.0017880422474224683 seconds
Epoch 8 Training Summary: epoch: 8.000000 | loss: 1.570513 | 
Epoch runtime: 0.0 hours, 0.0 minutes, 0.10127878189086914 seconds

Avg epoch train. time: 0.0 hours, 0.0 minutes, 0.11748382449150085 seconds
Avg batch train. time: 0.013053758276833428 seconds
Avg sample train. time: 0.0017534899177835948 seconds
Evaluating on validation set ...
Validation runtime: 0.0 hours, 0.0 minutes, 0.006626129150390625 seconds

Avg val. time: 0.0 hours, 0.0 minutes, 0.04919934272766113 seconds
Avg batch val. time: 0.04919934272766113 seconds
Avg sample val. time: 0.006149917840957642 seconds
Epoch 8 Validation Summary: epoch: 8.000000 | loss: 1.591273 | accuracy: 0.375000 | precision: 0.645833 | 
Epoch 9 Training Summary: epoch: 9.000000 | loss: 1.567207 | 
Epoch runtime: 0.0 hours, 0.0 minutes, 0.10218429565429688 seconds

Avg epoch train. time: 0.0 hours, 0.0 minutes, 0.11578387684292263 seconds
Avg batch train. time: 0.01286487520476918 seconds
Avg sample train. time: 0.0017281175648197408 seconds
Epoch 10 Training Summary: epoch: 10.000000 | loss: 1.565738 | 
Epoch runtime: 0.0 hours, 0.0 minutes, 0.10494780540466309 seconds

Avg epoch train. time: 0.0 hours, 0.0 minutes, 0.11470026969909668 seconds
Avg batch train. time: 0.012744474411010741 seconds
Avg sample train. time: 0.0017119443238671145 seconds
Evaluating on validation set ...
Validation runtime: 0.0 hours, 0.0 minutes, 0.00740504264831543 seconds

Avg val. time: 0.0 hours, 0.0 minutes, 0.04322872843061175 seconds
Avg batch val. time: 0.04322872843061175 seconds
Avg sample val. time: 0.005403591053826469 seconds
Epoch 10 Validation Summary: epoch: 10.000000 | loss: 1.612077 | accuracy: 0.250000 | precision: 0.541667 | 
Epoch 11 Training Summary: epoch: 11.000000 | loss: 1.557710 | 
Epoch runtime: 0.0 hours, 0.0 minutes, 0.10343074798583984 seconds

Avg epoch train. time: 0.0 hours, 0.0 minutes, 0.11367576772516425 seconds
Avg batch train. time: 0.012630640858351583 seconds
Avg sample train. time: 0.001696653249629317 seconds
Epoch 12 Training Summary: epoch: 12.000000 | loss: 1.570049 | 
Epoch runtime: 0.0 hours, 0.0 minutes, 0.10033154487609863 seconds

Avg epoch train. time: 0.0 hours, 0.0 minutes, 0.11256374915440877 seconds
Avg batch train. time: 0.012507083239378752 seconds
Avg sample train. time: 0.0016800559575284892 seconds
Evaluating on validation set ...
Validation runtime: 0.0 hours, 0.0 minutes, 0.00778651237487793 seconds

Avg val. time: 0.0 hours, 0.0 minutes, 0.03879845142364502 seconds
Avg batch val. time: 0.03879845142364502 seconds
Avg sample val. time: 0.0048498064279556274 seconds
Epoch 12 Validation Summary: epoch: 12.000000 | loss: 1.591007 | accuracy: 0.125000 | precision: 0.125000 | 
Epoch 13 Training Summary: epoch: 13.000000 | loss: 1.519279 | 
Epoch runtime: 0.0 hours, 0.0 minutes, 0.10829901695251465 seconds

Avg epoch train. time: 0.0 hours, 0.0 minutes, 0.11223569283118615 seconds
Avg batch train. time: 0.01247063253679846 seconds
Avg sample train. time: 0.0016751595944953157 seconds
Epoch 14 Training Summary: epoch: 14.000000 | loss: 1.471743 | 
Epoch runtime: 0.0 hours, 0.0 minutes, 0.10569477081298828 seconds

Avg epoch train. time: 0.0 hours, 0.0 minutes, 0.11176848411560059 seconds
Avg batch train. time: 0.012418720457288954 seconds
Avg sample train. time: 0.0016681863300835908 seconds
Evaluating on validation set ...
Validation runtime: 0.0 hours, 0.0 minutes, 0.008040666580200195 seconds

Avg val. time: 0.0 hours, 0.0 minutes, 0.035380919774373375 seconds
Avg batch val. time: 0.035380919774373375 seconds
Avg sample val. time: 0.004422614971796672 seconds
Epoch 14 Validation Summary: epoch: 14.000000 | loss: 1.582719 | accuracy: 0.250000 | precision: 0.714286 | 
Epoch 15 Training Summary: epoch: 15.000000 | loss: 1.532255 | 
Epoch runtime: 0.0 hours, 0.0 minutes, 0.10191130638122559 seconds

Avg epoch train. time: 0.0 hours, 0.0 minutes, 0.11111133893330892 seconds
Avg batch train. time: 0.012345704325923213 seconds
Avg sample train. time: 0.0016583781930344615 seconds
Epoch 16 Training Summary: epoch: 16.000000 | loss: 1.495552 | 
Epoch runtime: 0.0 hours, 0.0 minutes, 0.10196065902709961 seconds

Avg epoch train. time: 0.0 hours, 0.0 minutes, 0.11053942143917084 seconds
Avg batch train. time: 0.012282157937685648 seconds
Avg sample train. time: 0.0016498421110324006 seconds
Evaluating on validation set ...
Validation runtime: 0.0 hours, 0.0 minutes, 0.00878596305847168 seconds

Avg val. time: 0.0 hours, 0.0 minutes, 0.032721424102783205 seconds
Avg batch val. time: 0.032721424102783205 seconds
Avg sample val. time: 0.0040901780128479006 seconds
Epoch 16 Validation Summary: epoch: 16.000000 | loss: 1.589535 | accuracy: 0.250000 | precision: 0.714286 | 
Epoch 17 Training Summary: epoch: 17.000000 | loss: 1.449379 | 
Epoch runtime: 0.0 hours, 0.0 minutes, 0.10715651512145996 seconds

Avg epoch train. time: 0.0 hours, 0.0 minutes, 0.11034042694989372 seconds
Avg batch train. time: 0.01226004743887708 seconds
Avg sample train. time: 0.0016468720440282645 seconds
Epoch 18 Training Summary: epoch: 18.000000 | loss: 1.442964 | 
Epoch runtime: 0.0 hours, 0.0 minutes, 0.10266447067260742 seconds

Avg epoch train. time: 0.0 hours, 0.0 minutes, 0.10991398493448894 seconds
Avg batch train. time: 0.012212664992720994 seconds
Avg sample train. time: 0.0016405072378281932 seconds
Evaluating on validation set ...
Validation runtime: 0.0 hours, 0.0 minutes, 0.007692098617553711 seconds

Avg val. time: 0.0 hours, 0.0 minutes, 0.03044603087685325 seconds
Avg batch val. time: 0.03044603087685325 seconds
Avg sample val. time: 0.003805753859606656 seconds
Epoch 18 Validation Summary: epoch: 18.000000 | loss: 1.528521 | accuracy: 0.500000 | precision: 0.687500 | 
Epoch 19 Training Summary: epoch: 19.000000 | loss: 1.472436 | 
Epoch runtime: 0.0 hours, 0.0 minutes, 0.09790444374084473 seconds

Avg epoch train. time: 0.0 hours, 0.0 minutes, 0.10928190381903398 seconds
Avg batch train. time: 0.012142433757670441 seconds
Avg sample train. time: 0.0016310731913288653 seconds
Epoch 20 Training Summary: epoch: 20.000000 | loss: 1.367604 | 
Epoch runtime: 0.0 hours, 0.0 minutes, 0.10320520401000977 seconds

Avg epoch train. time: 0.0 hours, 0.0 minutes, 0.10897806882858277 seconds
Avg batch train. time: 0.012108674314286975 seconds
Avg sample train. time: 0.001626538340725116 seconds
Evaluating on validation set ...
Validation runtime: 0.0 hours, 0.0 minutes, 0.008711576461791992 seconds

Avg val. time: 0.0 hours, 0.0 minutes, 0.028634826342264812 seconds
Avg batch val. time: 0.028634826342264812 seconds
Avg sample val. time: 0.0035793532927831015 seconds
Epoch 20 Validation Summary: epoch: 20.000000 | loss: 1.438600 | accuracy: 0.500000 | precision: 0.716667 | 
Epoch 21 Training Summary: epoch: 21.000000 | loss: 1.465892 | 
Epoch runtime: 0.0 hours, 0.0 minutes, 0.10487556457519531 seconds

Avg epoch train. time: 0.0 hours, 0.0 minutes, 0.10878271148318336 seconds
Avg batch train. time: 0.01208696794257593 seconds
Avg sample train. time: 0.001623622559450498 seconds
Epoch 22 Training Summary: epoch: 22.000000 | loss: 1.313924 | 
Epoch runtime: 0.0 hours, 0.0 minutes, 0.1061239242553711 seconds

Avg epoch train. time: 0.0 hours, 0.0 minutes, 0.1086618575182828 seconds
Avg batch train. time: 0.012073539724253644 seconds
Avg sample train. time: 0.0016218187689295942 seconds
Evaluating on validation set ...
Validation runtime: 0.0 hours, 0.0 minutes, 0.008087635040283203 seconds

Avg val. time: 0.0 hours, 0.0 minutes, 0.027054273165189303 seconds
Avg batch val. time: 0.027054273165189303 seconds
Avg sample val. time: 0.003381784145648663 seconds
Epoch 22 Validation Summary: epoch: 22.000000 | loss: 1.417259 | accuracy: 0.375000 | precision: 0.600000 | 
Epoch 23 Training Summary: epoch: 23.000000 | loss: 1.192072 | 
Epoch runtime: 0.0 hours, 0.0 minutes, 0.10456442832946777 seconds

Avg epoch train. time: 0.0 hours, 0.0 minutes, 0.10848370842311693 seconds
Avg batch train. time: 0.012053745380346325 seconds
Avg sample train. time: 0.0016191598272107003 seconds
Epoch 24 Training Summary: epoch: 24.000000 | loss: 1.178561 | 
Epoch runtime: 0.0 hours, 0.0 minutes, 0.1049506664276123 seconds

Avg epoch train. time: 0.0 hours, 0.0 minutes, 0.1083364983399709 seconds
Avg batch train. time: 0.012037388704441212 seconds
Avg sample train. time: 0.0016169626617906104 seconds
Evaluating on validation set ...
Validation runtime: 0.0 hours, 0.0 minutes, 0.007724285125732422 seconds

Avg val. time: 0.0 hours, 0.0 minutes, 0.025673559733799527 seconds
Avg batch val. time: 0.025673559733799527 seconds
Avg sample val. time: 0.003209194966724941 seconds
Epoch 24 Validation Summary: epoch: 24.000000 | loss: 1.449427 | accuracy: 0.375000 | precision: 0.440000 | 
Epoch 25 Training Summary: epoch: 25.000000 | loss: 1.249883 | 
Epoch runtime: 0.0 hours, 0.0 minutes, 0.10103249549865723 seconds

Avg epoch train. time: 0.0 hours, 0.0 minutes, 0.10804433822631836 seconds
Avg batch train. time: 0.012004926469590928 seconds
Avg sample train. time: 0.0016126020630793784 seconds
Epoch 26 Training Summary: epoch: 26.000000 | loss: 1.125085 | 
Epoch runtime: 0.0 hours, 0.0 minutes, 0.10438394546508789 seconds

Avg epoch train. time: 0.0 hours, 0.0 minutes, 0.10790355388934796 seconds
Avg batch train. time: 0.011989283765483106 seconds
Avg sample train. time: 0.0016105008043186262 seconds
Evaluating on validation set ...
Validation runtime: 0.0 hours, 0.0 minutes, 0.007855892181396484 seconds

Avg val. time: 0.0 hours, 0.0 minutes, 0.02448571523030599 seconds
Avg batch val. time: 0.02448571523030599 seconds
Avg sample val. time: 0.003060714403788249 seconds
Epoch 26 Validation Summary: epoch: 26.000000 | loss: 1.333329 | accuracy: 0.375000 | precision: 0.388889 | 
Epoch 27 Training Summary: epoch: 27.000000 | loss: 1.175139 | 
Epoch runtime: 0.0 hours, 0.0 minutes, 0.10450100898742676 seconds

Avg epoch train. time: 0.0 hours, 0.0 minutes, 0.10777753370779532 seconds
Avg batch train. time: 0.011975281523088369 seconds
Avg sample train. time: 0.0016086199060864972 seconds
Epoch 28 Training Summary: epoch: 28.000000 | loss: 1.038513 | 
Epoch runtime: 0.0 hours, 0.0 minutes, 0.09885525703430176 seconds

Avg epoch train. time: 0.0 hours, 0.0 minutes, 0.10745888096945626 seconds
Avg batch train. time: 0.011939875663272918 seconds
Avg sample train. time: 0.0016038638950665112 seconds
Evaluating on validation set ...
Validation runtime: 0.0 hours, 0.0 minutes, 0.008308649063110352 seconds

Avg val. time: 0.0 hours, 0.0 minutes, 0.023474648594856262 seconds
Avg batch val. time: 0.023474648594856262 seconds
Avg sample val. time: 0.0029343310743570328 seconds
Epoch 28 Validation Summary: epoch: 28.000000 | loss: 1.389295 | accuracy: 0.250000 | precision: 0.200000 | 
Epoch 29 Training Summary: epoch: 29.000000 | loss: 1.039678 | 
Epoch runtime: 0.0 hours, 0.0 minutes, 0.10625553131103516 seconds

Avg epoch train. time: 0.0 hours, 0.0 minutes, 0.10741738615364864 seconds
Avg batch train. time: 0.011935265128183182 seconds
Avg sample train. time: 0.0016032445694574423 seconds
Epoch 30 Training Summary: epoch: 30.000000 | loss: 0.973915 | 
Epoch runtime: 0.0 hours, 0.0 minutes, 0.1094508171081543 seconds

Avg epoch train. time: 0.0 hours, 0.0 minutes, 0.1074851671854655 seconds
Avg batch train. time: 0.011942796353940612 seconds
Avg sample train. time: 0.0016042562266487387 seconds
Evaluating on validation set ...
Validation runtime: 0.0 hours, 0.0 minutes, 0.008730649948120117 seconds

Avg val. time: 0.0 hours, 0.0 minutes, 0.02260735455681296 seconds
Avg batch val. time: 0.02260735455681296 seconds
Avg sample val. time: 0.00282591931960162 seconds
Epoch 30 Validation Summary: epoch: 30.000000 | loss: 1.394887 | accuracy: 0.250000 | precision: 0.388889 | 
Epoch 31 Training Summary: epoch: 31.000000 | loss: 0.953740 | 
Epoch runtime: 0.0 hours, 0.0 minutes, 0.10427403450012207 seconds

Avg epoch train. time: 0.0 hours, 0.0 minutes, 0.10738158226013184 seconds
Avg batch train. time: 0.011931286917792426 seconds
Avg sample train. time: 0.0016027101829870424 seconds
Epoch 32 Training Summary: epoch: 32.000000 | loss: 0.856926 | 
Epoch runtime: 0.0 hours, 0.0 minutes, 0.10389375686645508 seconds

Avg epoch train. time: 0.0 hours, 0.0 minutes, 0.10727258771657944 seconds
Avg batch train. time: 0.01191917641295327 seconds
Avg sample train. time: 0.001601083398754917 seconds
Evaluating on validation set ...
Validation runtime: 0.0 hours, 0.0 minutes, 0.007588624954223633 seconds

Avg val. time: 0.0 hours, 0.0 minutes, 0.02177298069000244 seconds
Avg batch val. time: 0.02177298069000244 seconds
Avg sample val. time: 0.002721622586250305 seconds
Epoch 32 Validation Summary: epoch: 32.000000 | loss: 1.260433 | accuracy: 0.375000 | precision: 0.388889 | 
Epoch 33 Training Summary: epoch: 33.000000 | loss: 0.760866 | 
Epoch runtime: 0.0 hours, 0.0 minutes, 0.11176133155822754 seconds

Avg epoch train. time: 0.0 hours, 0.0 minutes, 0.10740861025723544 seconds
Avg batch train. time: 0.011934290028581715 seconds
Avg sample train. time: 0.0016031135859288872 seconds
Epoch 34 Training Summary: epoch: 34.000000 | loss: 0.749919 | 
Epoch runtime: 0.0 hours, 0.0 minutes, 0.10013437271118164 seconds

Avg epoch train. time: 0.0 hours, 0.0 minutes, 0.10719466209411621 seconds
Avg batch train. time: 0.011910518010457357 seconds
Avg sample train. time: 0.0015999203297629285 seconds
Evaluating on validation set ...
Validation runtime: 0.0 hours, 0.0 minutes, 0.007929086685180664 seconds

Avg val. time: 0.0 hours, 0.0 minutes, 0.021044354689748662 seconds
Avg batch val. time: 0.021044354689748662 seconds
Avg sample val. time: 0.0026305443362185828 seconds
Epoch 34 Validation Summary: epoch: 34.000000 | loss: 1.115407 | accuracy: 0.500000 | precision: 0.541667 | 
Epoch 35 Training Summary: epoch: 35.000000 | loss: 0.608810 | 
Epoch runtime: 0.0 hours, 0.0 minutes, 0.10554361343383789 seconds

Avg epoch train. time: 0.0 hours, 0.0 minutes, 0.10714748927525111 seconds
Avg batch train. time: 0.011905276586139012 seconds
Avg sample train. time: 0.0015992162578395688 seconds
Epoch 36 Training Summary: epoch: 36.000000 | loss: 0.553673 | 
Epoch runtime: 0.0 hours, 0.0 minutes, 0.10632920265197754 seconds

Avg epoch train. time: 0.0 hours, 0.0 minutes, 0.1071247590912713 seconds
Avg batch train. time: 0.011902751010141255 seconds
Avg sample train. time: 0.0015988770013622582 seconds
Evaluating on validation set ...
Validation runtime: 0.0 hours, 0.0 minutes, 0.008016109466552734 seconds

Avg val. time: 0.0 hours, 0.0 minutes, 0.020392942428588866 seconds
Avg batch val. time: 0.020392942428588866 seconds
Avg sample val. time: 0.0025491178035736083 seconds
Epoch 36 Validation Summary: epoch: 36.000000 | loss: 0.959922 | accuracy: 0.500000 | precision: 0.666667 | 
Epoch 37 Training Summary: epoch: 37.000000 | loss: 0.601988 | 
Epoch runtime: 0.0 hours, 0.0 minutes, 0.11465024948120117 seconds

Avg epoch train. time: 0.0 hours, 0.0 minutes, 0.10732815072343156 seconds
Avg batch train. time: 0.011925350080381284 seconds
Avg sample train. time: 0.0016019126973646502 seconds
Epoch 38 Training Summary: epoch: 38.000000 | loss: 0.546009 | 
Epoch runtime: 0.0 hours, 0.0 minutes, 0.10402679443359375 seconds

Avg epoch train. time: 0.0 hours, 0.0 minutes, 0.10724127292633057 seconds
Avg batch train. time: 0.011915696991814507 seconds
Avg sample train. time: 0.0016006160138258294 seconds
Evaluating on validation set ...
Validation runtime: 0.0 hours, 0.0 minutes, 0.0072901248931884766 seconds

Avg val. time: 0.0 hours, 0.0 minutes, 0.019768998736426943 seconds
Avg batch val. time: 0.019768998736426943 seconds
Avg sample val. time: 0.002471124842053368 seconds
Epoch 38 Validation Summary: epoch: 38.000000 | loss: 0.862751 | accuracy: 0.750000 | precision: 0.833333 | 
Epoch 39 Training Summary: epoch: 39.000000 | loss: 0.585602 | 
Epoch runtime: 0.0 hours, 0.0 minutes, 0.10753631591796875 seconds

Avg epoch train. time: 0.0 hours, 0.0 minutes, 0.10724883813124436 seconds
Avg batch train. time: 0.011916537570138263 seconds
Avg sample train. time: 0.0016007289273320055 seconds
Epoch 40 Training Summary: epoch: 40.000000 | loss: 0.532812 | 
Epoch runtime: 0.0 hours, 0.0 minutes, 0.10207223892211914 seconds

Avg epoch train. time: 0.0 hours, 0.0 minutes, 0.10711942315101623 seconds
Avg batch train. time: 0.011902158127890692 seconds
Avg sample train. time: 0.001598797360462929 seconds
Evaluating on validation set ...
Validation runtime: 0.0 hours, 0.0 minutes, 0.00785207748413086 seconds

Avg val. time: 0.0 hours, 0.0 minutes, 0.019227320497686214 seconds
Avg batch val. time: 0.019227320497686214 seconds
Avg sample val. time: 0.002403415062210777 seconds
Epoch 40 Validation Summary: epoch: 40.000000 | loss: 0.927098 | accuracy: 0.625000 | precision: 0.687500 | 
Best accuracy was 0.75. Other metrics: OrderedDict([('epoch', 38), ('loss', 0.8627511262893677), ('accuracy', 0.75), ('precision', 0.8333333333333333)])
All Done!
Total runtime: 0.0 hours, 0.0 minutes, 7.706636428833008 seconds

