Running:
src/main_5q.py --output_dir experiments --comment classification from Scratch --name VRS_fromScratch --records_file VRS_records.xls --data_dir /mnt/d/OneDrive - Southern Methodist University/Phone_Privacy/input_feature/all_processpos_norm_downsample_480p_s22 --data_class vrs --val_ratio 0.1 --epochs 40 --lr 0.001 --dropout 0.2 --batch_size 8 --num_layers 3 --num_heads 4 --optimizer RAdam --pos_encoding learnable --task classification --normalization none --key_metric accuracy

Using device: cuda
Loading and preprocessing data ...
1011 samples may be used for training
113 samples will be used for validation
0 samples will be used for testing
Creating model ...
Model:
TSTransformerEncoderClassiregressor(
  (project_inp): Linear(in_features=39, out_features=64, bias=True)
  (pos_enc): LearnablePositionalEncoding(
    (dropout): Dropout(p=0.2, inplace=False)
  )
  (transformer_encoder): TransformerEncoder(
    (layers): ModuleList(
      (0-2): 3 x TransformerBatchNormEncoderLayer(
        (self_attn): MultiheadAttention(
          (out_proj): NonDynamicallyQuantizableLinear(in_features=64, out_features=64, bias=True)
        )
        (linear1): Linear(in_features=64, out_features=256, bias=True)
        (dropout): Dropout(p=0.2, inplace=False)
        (linear2): Linear(in_features=256, out_features=64, bias=True)
        (norm1): BatchNorm1d(64, eps=1e-05, momentum=0.1, affine=True, track_running_stats=True)
        (norm2): BatchNorm1d(64, eps=1e-05, momentum=0.1, affine=True, track_running_stats=True)
        (dropout1): Dropout(p=0.2, inplace=False)
        (dropout2): Dropout(p=0.2, inplace=False)
      )
    )
  )
  (dropout1): Dropout(p=0.2, inplace=False)
  (output_layer): Linear(in_features=5120, out_features=5, bias=True)
)
Total number of parameters: 183237
Trainable parameters: 183237
Evaluating on validation set ...
Validation runtime: 0.0 hours, 0.0 minutes, 0.5321316719055176 seconds

Avg val. time: 0.0 hours, 0.0 minutes, 0.5321316719055176 seconds
Avg batch val. time: 0.03547544479370117 seconds
Avg sample val. time: 0.004709129839871837 seconds
Epoch 0 Validation Summary: epoch: 0.000000 | loss: 6.575240 | accuracy: 0.194690 | precision: 0.194690 | 
Starting training...
Epoch 1 Training Summary: epoch: 1.000000 | loss: 1.681319 | 
Epoch runtime: 0.0 hours, 0.0 minutes, 2.823033571243286 seconds

Avg epoch train. time: 0.0 hours, 0.0 minutes, 2.823033571243286 seconds
Avg batch train. time: 0.02222861079719123 seconds
Avg sample train. time: 0.002792318072446376 seconds
Evaluating on validation set ...
Validation runtime: 0.0 hours, 0.0 minutes, 0.08296823501586914 seconds

Avg val. time: 0.0 hours, 0.0 minutes, 0.30754995346069336 seconds
Avg batch val. time: 0.02050333023071289 seconds
Avg sample val. time: 0.0027216810040769325 seconds
Epoch 1 Validation Summary: epoch: 1.000000 | loss: 1.622782 | accuracy: 0.238938 | precision: 0.230861 | 
Epoch 2 Training Summary: epoch: 2.000000 | loss: 1.695705 | 
Epoch runtime: 0.0 hours, 0.0 minutes, 2.5639984607696533 seconds

Avg epoch train. time: 0.0 hours, 0.0 minutes, 2.6935160160064697 seconds
Avg batch train. time: 0.021208787527609997 seconds
Avg sample train. time: 0.002664209709205212 seconds
Evaluating on validation set ...
Validation runtime: 0.0 hours, 0.0 minutes, 0.07550334930419922 seconds

Avg val. time: 0.0 hours, 0.0 minutes, 0.23020108540852866 seconds
Avg batch val. time: 0.015346739027235243 seconds
Avg sample val. time: 0.0020371777469781298 seconds
Epoch 2 Validation Summary: epoch: 2.000000 | loss: 1.617457 | accuracy: 0.265487 | precision: 0.281303 | 
Epoch 3 Training Summary: epoch: 3.000000 | loss: 1.661231 | 
Epoch runtime: 0.0 hours, 0.0 minutes, 2.584298849105835 seconds

Avg epoch train. time: 0.0 hours, 0.0 minutes, 2.6571102937062583 seconds
Avg batch train. time: 0.020922128296899673 seconds
Avg sample train. time: 0.0026282000926867045 seconds
Epoch 4 Training Summary: epoch: 4.000000 | loss: 1.568593 | 
Epoch runtime: 0.0 hours, 0.0 minutes, 2.5699079036712646 seconds

Avg epoch train. time: 0.0 hours, 0.0 minutes, 2.6353096961975098 seconds
Avg batch train. time: 0.02075047004879929 seconds
Avg sample train. time: 0.0026066366925791393 seconds
Evaluating on validation set ...
Validation runtime: 0.0 hours, 0.0 minutes, 0.06300902366638184 seconds

Avg val. time: 0.0 hours, 0.0 minutes, 0.18840306997299194 seconds
Avg batch val. time: 0.01256020466486613 seconds
Avg sample val. time: 0.0016672838050707252 seconds
Epoch 4 Validation Summary: epoch: 4.000000 | loss: 1.634431 | accuracy: 0.256637 | precision: 0.288756 | 
Epoch 5 Training Summary: epoch: 5.000000 | loss: 1.566405 | 
Epoch runtime: 0.0 hours, 0.0 minutes, 2.537046194076538 seconds

Avg epoch train. time: 0.0 hours, 0.0 minutes, 2.6156569957733153 seconds
Avg batch train. time: 0.020595724376167836 seconds
Avg sample train. time: 0.0025871978197559995 seconds
Epoch 6 Training Summary: epoch: 6.000000 | loss: 1.583824 | 
Epoch runtime: 0.0 hours, 0.0 minutes, 2.5796573162078857 seconds

Avg epoch train. time: 0.0 hours, 0.0 minutes, 2.609657049179077 seconds
Avg batch train. time: 0.020548480702197457 seconds
Avg sample train. time: 0.0025812631544797995 seconds
Evaluating on validation set ...
Validation runtime: 0.0 hours, 0.0 minutes, 0.0744633674621582 seconds

Avg val. time: 0.0 hours, 0.0 minutes, 0.16561512947082518 seconds
Avg batch val. time: 0.011041008631388346 seconds
Avg sample val. time: 0.0014656206147860636 seconds
Epoch 6 Validation Summary: epoch: 6.000000 | loss: 1.582546 | accuracy: 0.345133 | precision: 0.248417 | 
Epoch 7 Training Summary: epoch: 7.000000 | loss: 1.553905 | 
Epoch runtime: 0.0 hours, 0.0 minutes, 2.537172794342041 seconds

Avg epoch train. time: 0.0 hours, 0.0 minutes, 2.5993021556309293 seconds
Avg batch train. time: 0.02046694610733015 seconds
Avg sample train. time: 0.0025710209254509687 seconds
Epoch 8 Training Summary: epoch: 8.000000 | loss: 1.504293 | 
Epoch runtime: 0.0 hours, 0.0 minutes, 2.577232837677002 seconds

Avg epoch train. time: 0.0 hours, 0.0 minutes, 2.5965434908866882 seconds
Avg batch train. time: 0.020445224337690457 seconds
Avg sample train. time: 0.0025682922758523126 seconds
Evaluating on validation set ...
Validation runtime: 0.0 hours, 0.0 minutes, 0.08612442016601562 seconds

Avg val. time: 0.0 hours, 0.0 minutes, 0.1523666779200236 seconds
Avg batch val. time: 0.010157778528001572 seconds
Avg sample val. time: 0.0013483776807081734 seconds
Epoch 8 Validation Summary: epoch: 8.000000 | loss: 1.585872 | accuracy: 0.318584 | precision: 0.331702 | 
Epoch 9 Training Summary: epoch: 9.000000 | loss: 1.496189 | 
Epoch runtime: 0.0 hours, 0.0 minutes, 2.5533270835876465 seconds

Avg epoch train. time: 0.0 hours, 0.0 minutes, 2.5917416678534613 seconds
Avg batch train. time: 0.02040741470750757 seconds
Avg sample train. time: 0.002563542698173552 seconds
Epoch 10 Training Summary: epoch: 10.000000 | loss: 1.460554 | 
Epoch runtime: 0.0 hours, 0.0 minutes, 2.5644447803497314 seconds

Avg epoch train. time: 0.0 hours, 0.0 minutes, 2.5890119791030886 seconds
Avg batch train. time: 0.02038592109529991 seconds
Avg sample train. time: 0.00256084270930078 seconds
Evaluating on validation set ...
Validation runtime: 0.0 hours, 0.0 minutes, 0.07431817054748535 seconds

Avg val. time: 0.0 hours, 0.0 minutes, 0.14121689115251815 seconds
Avg batch val. time: 0.009414459410167877 seconds
Avg sample val. time: 0.0012497070013497182 seconds
Epoch 10 Validation Summary: epoch: 10.000000 | loss: 1.555412 | accuracy: 0.380531 | precision: 0.527319 | 
Epoch 11 Training Summary: epoch: 11.000000 | loss: 1.451151 | 
Epoch runtime: 0.0 hours, 0.0 minutes, 2.531895399093628 seconds

Avg epoch train. time: 0.0 hours, 0.0 minutes, 2.583819562738592 seconds
Avg batch train. time: 0.020345035927075525 seconds
Avg sample train. time: 0.002555706788069824 seconds
Epoch 12 Training Summary: epoch: 12.000000 | loss: 1.420569 | 
Epoch runtime: 0.0 hours, 0.0 minutes, 2.5671937465667725 seconds

Avg epoch train. time: 0.0 hours, 0.0 minutes, 2.582434078057607 seconds
Avg batch train. time: 0.020334126598878798 seconds
Avg sample train. time: 0.0025543363779006994 seconds
Evaluating on validation set ...
Validation runtime: 0.0 hours, 0.0 minutes, 0.09151029586791992 seconds

Avg val. time: 0.0 hours, 0.0 minutes, 0.13500356674194336 seconds
Avg batch val. time: 0.009000237782796223 seconds
Avg sample val. time: 0.00119472182957472 seconds
Epoch 12 Validation Summary: epoch: 12.000000 | loss: 1.523088 | accuracy: 0.353982 | precision: 0.336399 | 
Epoch 13 Training Summary: epoch: 13.000000 | loss: 1.370336 | 
Epoch runtime: 0.0 hours, 0.0 minutes, 2.069608211517334 seconds

Avg epoch train. time: 0.0 hours, 0.0 minutes, 2.542985934477586 seconds
Avg batch train. time: 0.020023511295099102 seconds
Avg sample train. time: 0.002515317442608888 seconds
Epoch 14 Training Summary: epoch: 14.000000 | loss: 1.371182 | 
Epoch runtime: 0.0 hours, 0.0 minutes, 1.6978967189788818 seconds

Avg epoch train. time: 0.0 hours, 0.0 minutes, 2.4826224190848216 seconds
Avg batch train. time: 0.019548208024289936 seconds
Avg sample train. time: 0.0024556107013697544 seconds
Evaluating on validation set ...
Validation runtime: 0.0 hours, 0.0 minutes, 0.05707573890686035 seconds

Avg val. time: 0.0 hours, 0.0 minutes, 0.12634491920471191 seconds
Avg batch val. time: 0.00842299461364746 seconds
Avg sample val. time: 0.001118096630130194 seconds
Epoch 14 Validation Summary: epoch: 14.000000 | loss: 1.408326 | accuracy: 0.415929 | precision: 0.438641 | 
Epoch 15 Training Summary: epoch: 15.000000 | loss: 1.361725 | 
Epoch runtime: 0.0 hours, 0.0 minutes, 1.7158279418945312 seconds

Avg epoch train. time: 0.0 hours, 0.0 minutes, 2.4315027872721355 seconds
Avg batch train. time: 0.019145691238363273 seconds
Avg sample train. time: 0.002405047267331489 seconds
Epoch 16 Training Summary: epoch: 16.000000 | loss: 1.315393 | 
Epoch runtime: 0.0 hours, 0.0 minutes, 2.256408452987671 seconds

Avg epoch train. time: 0.0 hours, 0.0 minutes, 2.4205593913793564 seconds
Avg batch train. time: 0.019059522766766587 seconds
Avg sample train. time: 0.0023942229390498085 seconds
Evaluating on validation set ...
Validation runtime: 0.0 hours, 0.0 minutes, 0.07888293266296387 seconds

Avg val. time: 0.0 hours, 0.0 minutes, 0.12159872055053711 seconds
Avg batch val. time: 0.008106581370035807 seconds
Avg sample val. time: 0.001076094872128647 seconds
Epoch 16 Validation Summary: epoch: 16.000000 | loss: 1.451108 | accuracy: 0.362832 | precision: 0.298292 | 
Epoch 17 Training Summary: epoch: 17.000000 | loss: 1.307878 | 
Epoch runtime: 0.0 hours, 0.0 minutes, 2.4945876598358154 seconds

Avg epoch train. time: 0.0 hours, 0.0 minutes, 2.424913995406207 seconds
Avg batch train. time: 0.019093810987450447 seconds
Avg sample train. time: 0.002398530163606535 seconds
Epoch 18 Training Summary: epoch: 18.000000 | loss: 1.303278 | 
Epoch runtime: 0.0 hours, 0.0 minutes, 2.560781240463257 seconds

Avg epoch train. time: 0.0 hours, 0.0 minutes, 2.4324621756871543 seconds
Avg batch train. time: 0.01915324547785161 seconds
Avg sample train. time: 0.0024059962172968885 seconds
Evaluating on validation set ...
Validation runtime: 0.0 hours, 0.0 minutes, 0.08740019798278809 seconds

Avg val. time: 0.0 hours, 0.0 minutes, 0.11848976395346901 seconds
Avg batch val. time: 0.007899317596897933 seconds
Avg sample val. time: 0.0010485819818891063 seconds
Epoch 18 Validation Summary: epoch: 18.000000 | loss: 1.542180 | accuracy: 0.283186 | precision: 0.312486 | 
Epoch 19 Training Summary: epoch: 19.000000 | loss: 1.308320 | 
Epoch runtime: 0.0 hours, 0.0 minutes, 2.5318875312805176 seconds

Avg epoch train. time: 0.0 hours, 0.0 minutes, 2.4376950891394364 seconds
Avg batch train. time: 0.019194449520782964 seconds
Avg sample train. time: 0.002411172194994497 seconds
Epoch 20 Training Summary: epoch: 20.000000 | loss: 1.263330 | 
Epoch runtime: 0.0 hours, 0.0 minutes, 2.5365986824035645 seconds

Avg epoch train. time: 0.0 hours, 0.0 minutes, 2.4426402688026427 seconds
Avg batch train. time: 0.019233387943327896 seconds
Avg sample train. time: 0.0024160635695377277 seconds
Evaluating on validation set ...
Validation runtime: 0.0 hours, 0.0 minutes, 0.09334492683410645 seconds

Avg val. time: 0.0 hours, 0.0 minutes, 0.1163943608601888 seconds
Avg batch val. time: 0.00775962405734592 seconds
Avg sample val. time: 0.0010300385916830867 seconds
Epoch 20 Validation Summary: epoch: 20.000000 | loss: 1.355768 | accuracy: 0.433628 | precision: 0.422109 | 
Epoch 21 Training Summary: epoch: 21.000000 | loss: 1.230607 | 
Epoch runtime: 0.0 hours, 0.0 minutes, 2.548222541809082 seconds

Avg epoch train. time: 0.0 hours, 0.0 minutes, 2.4476679960886636 seconds
Avg batch train. time: 0.01927297634715483 seconds
Avg sample train. time: 0.002421036593559509 seconds
Epoch 22 Training Summary: epoch: 22.000000 | loss: 1.189845 | 
Epoch runtime: 0.0 hours, 0.0 minutes, 2.5380475521087646 seconds

Avg epoch train. time: 0.0 hours, 0.0 minutes, 2.451776157725941 seconds
Avg batch train. time: 0.01930532407658221 seconds
Avg sample train. time: 0.0024251000570978645 seconds
Evaluating on validation set ...
Validation runtime: 0.0 hours, 0.0 minutes, 0.07596302032470703 seconds

Avg val. time: 0.0 hours, 0.0 minutes, 0.11328425774207482 seconds
Avg batch val. time: 0.007552283849471654 seconds
Avg sample val. time: 0.0010025155552396002 seconds
Epoch 22 Validation Summary: epoch: 22.000000 | loss: 1.407932 | accuracy: 0.407080 | precision: 0.469482 | 
Epoch 23 Training Summary: epoch: 23.000000 | loss: 1.223778 | 
Epoch runtime: 0.0 hours, 0.0 minutes, 2.6135592460632324 seconds

Avg epoch train. time: 0.0 hours, 0.0 minutes, 2.4588102050449536 seconds
Avg batch train. time: 0.019360710275944517 seconds
Avg sample train. time: 0.0024320575717556416 seconds
Epoch 24 Training Summary: epoch: 24.000000 | loss: 1.235392 | 
Epoch runtime: 0.0 hours, 0.0 minutes, 2.590390920639038 seconds

Avg epoch train. time: 0.0 hours, 0.0 minutes, 2.464292734861374 seconds
Avg batch train. time: 0.01940387980205806 seconds
Avg sample train. time: 0.002437480449912338 seconds
Evaluating on validation set ...
Validation runtime: 0.0 hours, 0.0 minutes, 0.0730583667755127 seconds

Avg val. time: 0.0 hours, 0.0 minutes, 0.1104109798158918 seconds
Avg batch val. time: 0.00736073198772612 seconds
Avg sample val. time: 0.0009770883169547947 seconds
Epoch 24 Validation Summary: epoch: 24.000000 | loss: 1.481937 | accuracy: 0.362832 | precision: 0.375567 | 
Epoch 25 Training Summary: epoch: 25.000000 | loss: 1.174403 | 
Epoch runtime: 0.0 hours, 0.0 minutes, 2.565465211868286 seconds

Avg epoch train. time: 0.0 hours, 0.0 minutes, 2.4683396339416506 seconds
Avg batch train. time: 0.019435745149146855 seconds
Avg sample train. time: 0.0024414833174497036 seconds
Epoch 26 Training Summary: epoch: 26.000000 | loss: 1.163240 | 
Epoch runtime: 0.0 hours, 0.0 minutes, 2.5638556480407715 seconds

Avg epoch train. time: 0.0 hours, 0.0 minutes, 2.4720133267916164 seconds
Avg batch train. time: 0.019464671864500918 seconds
Avg sample train. time: 0.002445117039358671 seconds
Evaluating on validation set ...
Validation runtime: 0.0 hours, 0.0 minutes, 0.08079767227172852 seconds

Avg val. time: 0.0 hours, 0.0 minutes, 0.10843675931294759 seconds
Avg batch val. time: 0.0072291172875298395 seconds
Avg sample val. time: 0.0009596173390526336 seconds
Epoch 26 Validation Summary: epoch: 26.000000 | loss: 1.476505 | accuracy: 0.389381 | precision: 0.368733 | 
Epoch 27 Training Summary: epoch: 27.000000 | loss: 1.176623 | 
Epoch runtime: 0.0 hours, 0.0 minutes, 2.5276544094085693 seconds

Avg epoch train. time: 0.0 hours, 0.0 minutes, 2.4740741076292814 seconds
Avg batch train. time: 0.019480898485269932 seconds
Avg sample train. time: 0.0024471553982485473 seconds
Epoch 28 Training Summary: epoch: 28.000000 | loss: 1.164482 | 
Epoch runtime: 0.0 hours, 0.0 minutes, 2.5552725791931152 seconds

Avg epoch train. time: 0.0 hours, 0.0 minutes, 2.4769740530422757 seconds
Avg batch train. time: 0.019503732701120283 seconds
Avg sample train. time: 0.0024500237913375627 seconds
Evaluating on validation set ...
Validation runtime: 0.0 hours, 0.0 minutes, 0.08505940437316895 seconds

Avg val. time: 0.0 hours, 0.0 minutes, 0.10697567462921143 seconds
Avg batch val. time: 0.007131711641947428 seconds
Avg sample val. time: 0.0009466873860992162 seconds
Epoch 28 Validation Summary: epoch: 28.000000 | loss: 1.386555 | accuracy: 0.460177 | precision: 0.491345 | 
Epoch 29 Training Summary: epoch: 29.000000 | loss: 1.131523 | 
Epoch runtime: 0.0 hours, 0.0 minutes, 2.5174150466918945 seconds

Avg epoch train. time: 0.0 hours, 0.0 minutes, 2.478368570064676 seconds
Avg batch train. time: 0.01951471315011556 seconds
Avg sample train. time: 0.002451403135573369 seconds
Epoch 30 Training Summary: epoch: 30.000000 | loss: 1.102598 | 
Epoch runtime: 0.0 hours, 0.0 minutes, 2.593106985092163 seconds

Avg epoch train. time: 0.0 hours, 0.0 minutes, 2.482193183898926 seconds
Avg batch train. time: 0.019544828219676583 seconds
Avg sample train. time: 0.002455186136398542 seconds
Evaluating on validation set ...
Validation runtime: 0.0 hours, 0.0 minutes, 0.08010363578796387 seconds

Avg val. time: 0.0 hours, 0.0 minutes, 0.10539496646207921 seconds
Avg batch val. time: 0.007026331097471947 seconds
Avg sample val. time: 0.0009326988182484886 seconds
Epoch 30 Validation Summary: epoch: 30.000000 | loss: 1.430598 | accuracy: 0.371681 | precision: 0.358022 | 
Epoch 31 Training Summary: epoch: 31.000000 | loss: 1.109444 | 
Epoch runtime: 0.0 hours, 0.0 minutes, 2.571039915084839 seconds

Avg epoch train. time: 0.0 hours, 0.0 minutes, 2.485059207485568 seconds
Avg batch train. time: 0.019567395334532032 seconds
Avg sample train. time: 0.0024580209767414126 seconds
Epoch 32 Training Summary: epoch: 32.000000 | loss: 1.073894 | 
Epoch runtime: 0.0 hours, 0.0 minutes, 2.4057257175445557 seconds

Avg epoch train. time: 0.0 hours, 0.0 minutes, 2.4825800359249115 seconds
Avg batch train. time: 0.01954787429862135 seconds
Avg sample train. time: 0.002455568779352039 seconds
Evaluating on validation set ...
Validation runtime: 0.0 hours, 0.0 minutes, 0.0574495792388916 seconds

Avg val. time: 0.0 hours, 0.0 minutes, 0.10273133383856879 seconds
Avg batch val. time: 0.0068487555892379195 seconds
Avg sample val. time: 0.0009091268481289273 seconds
Epoch 32 Validation Summary: epoch: 32.000000 | loss: 1.477309 | accuracy: 0.345133 | precision: 0.333279 | 
Epoch 33 Training Summary: epoch: 33.000000 | loss: 1.116030 | 
Epoch runtime: 0.0 hours, 0.0 minutes, 1.7023043632507324 seconds

Avg epoch train. time: 0.0 hours, 0.0 minutes, 2.4589353185711484 seconds
Avg batch train. time: 0.019361695421820067 seconds
Avg sample train. time: 0.0024321813240070706 seconds
Epoch 34 Training Summary: epoch: 34.000000 | loss: 1.058449 | 
Epoch runtime: 0.0 hours, 0.0 minutes, 1.6423022747039795 seconds

Avg epoch train. time: 0.0 hours, 0.0 minutes, 2.4349166996338787 seconds
Avg batch train. time: 0.019172572438062037 seconds
Avg sample train. time: 0.0024084240352461707 seconds
Evaluating on validation set ...
Validation runtime: 0.0 hours, 0.0 minutes, 0.04905509948730469 seconds

Avg val. time: 0.0 hours, 0.0 minutes, 0.09990626887271278 seconds
Avg batch val. time: 0.006660417924847519 seconds
Avg sample val. time: 0.0008841262732098476 seconds
Epoch 34 Validation Summary: epoch: 34.000000 | loss: 1.396784 | accuracy: 0.469027 | precision: 0.457900 | 
Epoch 35 Training Summary: epoch: 35.000000 | loss: 1.049734 | 
Epoch runtime: 0.0 hours, 0.0 minutes, 1.9435677528381348 seconds

Avg epoch train. time: 0.0 hours, 0.0 minutes, 2.4208781582968575 seconds
Avg batch train. time: 0.01906203274249494 seconds
Avg sample train. time: 0.0023945382376823515 seconds
Epoch 36 Training Summary: epoch: 36.000000 | loss: 1.061614 | 
Epoch runtime: 0.0 hours, 0.0 minutes, 2.452148675918579 seconds

Avg epoch train. time: 0.0 hours, 0.0 minutes, 2.4217467837863498 seconds
Avg batch train. time: 0.019068872313278345 seconds
Avg sample train. time: 0.0023953974122515823 seconds
Evaluating on validation set ...
Validation runtime: 0.0 hours, 0.0 minutes, 0.07261204719543457 seconds

Avg val. time: 0.0 hours, 0.0 minutes, 0.09854155778884888 seconds
Avg batch val. time: 0.006569437185923259 seconds
Avg sample val. time: 0.000872049183972114 seconds
Epoch 36 Validation Summary: epoch: 36.000000 | loss: 1.543386 | accuracy: 0.442478 | precision: 0.347157 | 
Epoch 37 Training Summary: epoch: 37.000000 | loss: 1.052822 | 
Epoch runtime: 0.0 hours, 0.0 minutes, 2.5580270290374756 seconds

Avg epoch train. time: 0.0 hours, 0.0 minutes, 2.4254300336580017 seconds
Avg batch train. time: 0.019097874280771667 seconds
Avg sample train. time: 0.0023990405871988146 seconds
Epoch 38 Training Summary: epoch: 38.000000 | loss: 1.033554 | 
Epoch runtime: 0.0 hours, 0.0 minutes, 2.5223610401153564 seconds

Avg epoch train. time: 0.0 hours, 0.0 minutes, 2.427980849617406 seconds
Avg batch train. time: 0.019117959445806347 seconds
Avg sample train. time: 0.0024015636494732007 seconds
Evaluating on validation set ...
Validation runtime: 0.0 hours, 0.0 minutes, 0.06934833526611328 seconds

Avg val. time: 0.0 hours, 0.0 minutes, 0.09715140433538527 seconds
Avg batch val. time: 0.006476760289025685 seconds
Avg sample val. time: 0.0008597469410211086 seconds
Epoch 38 Validation Summary: epoch: 38.000000 | loss: 1.369958 | accuracy: 0.469027 | precision: 0.458704 | 
Epoch 39 Training Summary: epoch: 39.000000 | loss: 1.043520 | 
Epoch runtime: 0.0 hours, 0.0 minutes, 2.5288970470428467 seconds

Avg epoch train. time: 0.0 hours, 0.0 minutes, 2.4305684444231863 seconds
Avg batch train. time: 0.019138334208056586 seconds
Avg sample train. time: 0.002404123090428473 seconds
Epoch 40 Training Summary: epoch: 40.000000 | loss: 0.986963 | 
Epoch runtime: 0.0 hours, 0.0 minutes, 2.520807981491089 seconds

Avg epoch train. time: 0.0 hours, 0.0 minutes, 2.432824432849884 seconds
Avg batch train. time: 0.019156097896455778 seconds
Avg sample train. time: 0.0024063545329870268 seconds
Evaluating on validation set ...
Validation runtime: 0.0 hours, 0.0 minutes, 0.08680081367492676 seconds

Avg val. time: 0.0 hours, 0.0 minutes, 0.09668092294172807 seconds
Avg batch val. time: 0.006445394862781871 seconds
Avg sample val. time: 0.0008555833888648502 seconds
Epoch 40 Validation Summary: epoch: 40.000000 | loss: 1.460541 | accuracy: 0.469027 | precision: 0.446469 | 
Best accuracy was 0.4690265486725664. Other metrics: OrderedDict([('epoch', 34), ('loss', 1.396783723240405), ('accuracy', 0.4690265486725664), ('precision', 0.45789958680055726)])
All Done!
Total runtime: 0.0 hours, 2.0 minutes, 47.52967953681946 seconds

