Running:
src/main_5q.py --output_dir experiments --comment classification from Scratch --name VRS_fromScratch --records_file VRS_records.xls --data_dir /mnt/d/OneDrive - Southern Methodist University/Phone_Privacy/input_feature/all_norm_downsample_480p_s22 --data_class vrs --val_ratio 0.1 --epochs 40 --lr 0.001 --dropout 0.2 --batch_size 8 --num_layers 3 --num_heads 4 --optimizer RAdam --pos_encoding learnable --task classification --normalization none --key_metric accuracy

Using device: cuda
Loading and preprocessing data ...
67 samples may be used for training
8 samples will be used for validation
0 samples will be used for testing
Creating model ...
Model:
TSTransformerEncoderClassiregressor(
  (project_inp): Linear(in_features=39, out_features=64, bias=True)
  (pos_enc): LearnablePositionalEncoding(
    (dropout): Dropout(p=0.2, inplace=False)
  )
  (transformer_encoder): TransformerEncoder(
    (layers): ModuleList(
      (0-2): 3 x TransformerBatchNormEncoderLayer(
        (self_attn): MultiheadAttention(
          (out_proj): NonDynamicallyQuantizableLinear(in_features=64, out_features=64, bias=True)
        )
        (linear1): Linear(in_features=64, out_features=256, bias=True)
        (dropout): Dropout(p=0.2, inplace=False)
        (linear2): Linear(in_features=256, out_features=64, bias=True)
        (norm1): BatchNorm1d(64, eps=1e-05, momentum=0.1, affine=True, track_running_stats=True)
        (norm2): BatchNorm1d(64, eps=1e-05, momentum=0.1, affine=True, track_running_stats=True)
        (dropout1): Dropout(p=0.2, inplace=False)
        (dropout2): Dropout(p=0.2, inplace=False)
      )
    )
  )
  (dropout1): Dropout(p=0.2, inplace=False)
  (output_layer): Linear(in_features=5120, out_features=5, bias=True)
)
Total number of parameters: 183237
Trainable parameters: 183237
Evaluating on validation set ...
Validation runtime: 0.0 hours, 0.0 minutes, 0.33468008041381836 seconds

Avg val. time: 0.0 hours, 0.0 minutes, 0.33468008041381836 seconds
Avg batch val. time: 0.33468008041381836 seconds
Avg sample val. time: 0.041835010051727295 seconds
Epoch 0 Validation Summary: epoch: 0.000000 | loss: 4.875053 | accuracy: 0.250000 | precision: 0.250000 | 
Starting training...
Epoch 1 Training Summary: epoch: 1.000000 | loss: 1.655436 | 
Epoch runtime: 0.0 hours, 0.0 minutes, 0.27492713928222656 seconds

Avg epoch train. time: 0.0 hours, 0.0 minutes, 0.27492713928222656 seconds
Avg batch train. time: 0.030547459920247395 seconds
Avg sample train. time: 0.004103390138540695 seconds
Evaluating on validation set ...
Validation runtime: 0.0 hours, 0.0 minutes, 0.007109880447387695 seconds

Avg val. time: 0.0 hours, 0.0 minutes, 0.17089498043060303 seconds
Avg batch val. time: 0.17089498043060303 seconds
Avg sample val. time: 0.02136187255382538 seconds
Epoch 1 Validation Summary: epoch: 1.000000 | loss: 1.797566 | accuracy: 0.250000 | precision: 0.133333 | 
Epoch 2 Training Summary: epoch: 2.000000 | loss: 1.656814 | 
Epoch runtime: 0.0 hours, 0.0 minutes, 0.09500575065612793 seconds

Avg epoch train. time: 0.0 hours, 0.0 minutes, 0.18496644496917725 seconds
Avg batch train. time: 0.02055182721879747 seconds
Avg sample train. time: 0.0027606932084951828 seconds
Evaluating on validation set ...
Validation runtime: 0.0 hours, 0.0 minutes, 0.0075511932373046875 seconds

Avg val. time: 0.0 hours, 0.0 minutes, 0.11644705136617024 seconds
Avg batch val. time: 0.11644705136617024 seconds
Avg sample val. time: 0.01455588142077128 seconds
Epoch 2 Validation Summary: epoch: 2.000000 | loss: 1.677921 | accuracy: 0.125000 | precision: 0.066667 | 
Epoch 3 Training Summary: epoch: 3.000000 | loss: 1.618243 | 
Epoch runtime: 0.0 hours, 0.0 minutes, 0.09836363792419434 seconds

Avg epoch train. time: 0.0 hours, 0.0 minutes, 0.1560988426208496 seconds
Avg batch train. time: 0.017344315846761067 seconds
Avg sample train. time: 0.002329833471952979 seconds
Epoch 4 Training Summary: epoch: 4.000000 | loss: 1.635536 | 
Epoch runtime: 0.0 hours, 0.0 minutes, 0.08985066413879395 seconds

Avg epoch train. time: 0.0 hours, 0.0 minutes, 0.1395367980003357 seconds
Avg batch train. time: 0.015504088666703966 seconds
Avg sample train. time: 0.0020826387761244134 seconds
Evaluating on validation set ...
Validation runtime: 0.0 hours, 0.0 minutes, 0.00701904296875 seconds

Avg val. time: 0.0 hours, 0.0 minutes, 0.08909004926681519 seconds
Avg batch val. time: 0.08909004926681519 seconds
Avg sample val. time: 0.011136256158351898 seconds
Epoch 4 Validation Summary: epoch: 4.000000 | loss: 1.658926 | accuracy: 0.000000 | precision: 0.000000 | 
Epoch 5 Training Summary: epoch: 5.000000 | loss: 1.646691 | 
Epoch runtime: 0.0 hours, 0.0 minutes, 0.0915229320526123 seconds

Avg epoch train. time: 0.0 hours, 0.0 minutes, 0.12993402481079103 seconds
Avg batch train. time: 0.01443711386786567 seconds
Avg sample train. time: 0.0019393138031461347 seconds
Epoch 6 Training Summary: epoch: 6.000000 | loss: 1.609448 | 
Epoch runtime: 0.0 hours, 0.0 minutes, 0.08830428123474121 seconds

Avg epoch train. time: 0.0 hours, 0.0 minutes, 0.12299573421478271 seconds
Avg batch train. time: 0.013666192690531412 seconds
Avg sample train. time: 0.001835757227086309 seconds
Evaluating on validation set ...
Validation runtime: 0.0 hours, 0.0 minutes, 0.007031679153442383 seconds

Avg val. time: 0.0 hours, 0.0 minutes, 0.07267837524414063 seconds
Avg batch val. time: 0.07267837524414063 seconds
Avg sample val. time: 0.009084796905517578 seconds
Epoch 6 Validation Summary: epoch: 6.000000 | loss: 1.633372 | accuracy: 0.125000 | precision: 0.066667 | 
Epoch 7 Training Summary: epoch: 7.000000 | loss: 1.698313 | 
Epoch runtime: 0.0 hours, 0.0 minutes, 0.09316372871398926 seconds

Avg epoch train. time: 0.0 hours, 0.0 minutes, 0.11873401914324079 seconds
Avg batch train. time: 0.013192668793693421 seconds
Avg sample train. time: 0.001772149539451355 seconds
Epoch 8 Training Summary: epoch: 8.000000 | loss: 1.565582 | 
Epoch runtime: 0.0 hours, 0.0 minutes, 0.09147119522094727 seconds

Avg epoch train. time: 0.0 hours, 0.0 minutes, 0.1153261661529541 seconds
Avg batch train. time: 0.012814018461439345 seconds
Avg sample train. time: 0.0017212860619843897 seconds
Evaluating on validation set ...
Validation runtime: 0.0 hours, 0.0 minutes, 0.007101297378540039 seconds

Avg val. time: 0.0 hours, 0.0 minutes, 0.06174886226654053 seconds
Avg batch val. time: 0.06174886226654053 seconds
Avg sample val. time: 0.007718607783317566 seconds
Epoch 8 Validation Summary: epoch: 8.000000 | loss: 1.613928 | accuracy: 0.125000 | precision: 0.095238 | 
Epoch 9 Training Summary: epoch: 9.000000 | loss: 1.653510 | 
Epoch runtime: 0.0 hours, 0.0 minutes, 0.08827877044677734 seconds

Avg epoch train. time: 0.0 hours, 0.0 minutes, 0.1123208999633789 seconds
Avg batch train. time: 0.01248009999593099 seconds
Avg sample train. time: 0.0016764313427369986 seconds
Epoch 10 Training Summary: epoch: 10.000000 | loss: 1.601290 | 
Epoch runtime: 0.0 hours, 0.0 minutes, 0.09093785285949707 seconds

Avg epoch train. time: 0.0 hours, 0.0 minutes, 0.11018259525299072 seconds
Avg batch train. time: 0.012242510583665635 seconds
Avg sample train. time: 0.001644516347059563 seconds
Evaluating on validation set ...
Validation runtime: 0.0 hours, 0.0 minutes, 0.006656646728515625 seconds

Avg val. time: 0.0 hours, 0.0 minutes, 0.0538785457611084 seconds
Avg batch val. time: 0.0538785457611084 seconds
Avg sample val. time: 0.00673481822013855 seconds
Epoch 10 Validation Summary: epoch: 10.000000 | loss: 1.586335 | accuracy: 0.250000 | precision: 0.238095 | 
Epoch 11 Training Summary: epoch: 11.000000 | loss: 1.565075 | 
Epoch runtime: 0.0 hours, 0.0 minutes, 0.09642791748046875 seconds

Avg epoch train. time: 0.0 hours, 0.0 minutes, 0.10893217000094327 seconds
Avg batch train. time: 0.012103574444549252 seconds
Avg sample train. time: 0.0016258532835961683 seconds
Epoch 12 Training Summary: epoch: 12.000000 | loss: 1.538761 | 
Epoch runtime: 0.0 hours, 0.0 minutes, 0.09267234802246094 seconds

Avg epoch train. time: 0.0 hours, 0.0 minutes, 0.10757718483606975 seconds
Avg batch train. time: 0.011953020537341083 seconds
Avg sample train. time: 0.0016056296244189514 seconds
Evaluating on validation set ...
Validation runtime: 0.0 hours, 0.0 minutes, 0.007452726364135742 seconds

Avg val. time: 0.0 hours, 0.0 minutes, 0.048075318336486816 seconds
Avg batch val. time: 0.048075318336486816 seconds
Avg sample val. time: 0.006009414792060852 seconds
Epoch 12 Validation Summary: epoch: 12.000000 | loss: 1.570042 | accuracy: 0.125000 | precision: 0.125000 | 
Epoch 13 Training Summary: epoch: 13.000000 | loss: 1.566528 | 
Epoch runtime: 0.0 hours, 0.0 minutes, 0.10405373573303223 seconds

Avg epoch train. time: 0.0 hours, 0.0 minutes, 0.10730615028968224 seconds
Avg batch train. time: 0.01192290558774247 seconds
Avg sample train. time: 0.0016015843326818244 seconds
Epoch 14 Training Summary: epoch: 14.000000 | loss: 1.482925 | 
Epoch runtime: 0.0 hours, 0.0 minutes, 0.1061556339263916 seconds

Avg epoch train. time: 0.0 hours, 0.0 minutes, 0.1072239705494472 seconds
Avg batch train. time: 0.011913774505494133 seconds
Avg sample train. time: 0.0016003577693947343 seconds
Evaluating on validation set ...
Validation runtime: 0.0 hours, 0.0 minutes, 0.010385751724243164 seconds

Avg val. time: 0.0 hours, 0.0 minutes, 0.043887588712904185 seconds
Avg batch val. time: 0.043887588712904185 seconds
Avg sample val. time: 0.005485948589113023 seconds
Epoch 14 Validation Summary: epoch: 14.000000 | loss: 1.555324 | accuracy: 0.125000 | precision: 0.125000 | 
Epoch 15 Training Summary: epoch: 15.000000 | loss: 1.452355 | 
Epoch runtime: 0.0 hours, 0.0 minutes, 0.11188912391662598 seconds

Avg epoch train. time: 0.0 hours, 0.0 minutes, 0.10753498077392579 seconds
Avg batch train. time: 0.011948331197102865 seconds
Avg sample train. time: 0.0016049997130436686 seconds
Epoch 16 Training Summary: epoch: 16.000000 | loss: 1.536228 | 
Epoch runtime: 0.0 hours, 0.0 minutes, 0.10371208190917969 seconds

Avg epoch train. time: 0.0 hours, 0.0 minutes, 0.10729604959487915 seconds
Avg batch train. time: 0.011921783288319906 seconds
Avg sample train. time: 0.0016014335760429724 seconds
Evaluating on validation set ...
Validation runtime: 0.0 hours, 0.0 minutes, 0.008228540420532227 seconds

Avg val. time: 0.0 hours, 0.0 minutes, 0.04032168388366699 seconds
Avg batch val. time: 0.04032168388366699 seconds
Avg sample val. time: 0.005040210485458374 seconds
Epoch 16 Validation Summary: epoch: 16.000000 | loss: 1.529115 | accuracy: 0.125000 | precision: 0.250000 | 
Epoch 17 Training Summary: epoch: 17.000000 | loss: 1.419533 | 
Epoch runtime: 0.0 hours, 0.0 minutes, 0.09334993362426758 seconds

Avg epoch train. time: 0.0 hours, 0.0 minutes, 0.106475689831902 seconds
Avg batch train. time: 0.011830632203544668 seconds
Avg sample train. time: 0.0015891894004761494 seconds
Epoch 18 Training Summary: epoch: 18.000000 | loss: 1.381015 | 
Epoch runtime: 0.0 hours, 0.0 minutes, 0.09871745109558105 seconds

Avg epoch train. time: 0.0 hours, 0.0 minutes, 0.10604467656877306 seconds
Avg batch train. time: 0.011782741840974784 seconds
Avg sample train. time: 0.0015827563666981053 seconds
Evaluating on validation set ...
Validation runtime: 0.0 hours, 0.0 minutes, 0.007144451141357422 seconds

Avg val. time: 0.0 hours, 0.0 minutes, 0.0373055718161843 seconds
Avg batch val. time: 0.0373055718161843 seconds
Avg sample val. time: 0.004663196477023038 seconds
Epoch 18 Validation Summary: epoch: 18.000000 | loss: 1.501552 | accuracy: 0.250000 | precision: 0.357143 | 
Epoch 19 Training Summary: epoch: 19.000000 | loss: 1.458576 | 
Epoch runtime: 0.0 hours, 0.0 minutes, 0.09280538558959961 seconds

Avg epoch train. time: 0.0 hours, 0.0 minutes, 0.10534787178039551 seconds
Avg batch train. time: 0.011705319086710611 seconds
Avg sample train. time: 0.0015723562952297838 seconds
Epoch 20 Training Summary: epoch: 20.000000 | loss: 1.378211 | 
Epoch runtime: 0.0 hours, 0.0 minutes, 0.09634113311767578 seconds

Avg epoch train. time: 0.0 hours, 0.0 minutes, 0.10489753484725953 seconds
Avg batch train. time: 0.011655281649695502 seconds
Avg sample train. time: 0.00156563484846656 seconds
Evaluating on validation set ...
Validation runtime: 0.0 hours, 0.0 minutes, 0.008117914199829102 seconds

Avg val. time: 0.0 hours, 0.0 minutes, 0.03487326701482137 seconds
Avg batch val. time: 0.03487326701482137 seconds
Avg sample val. time: 0.004359158376852672 seconds
Epoch 20 Validation Summary: epoch: 20.000000 | loss: 1.459065 | accuracy: 0.250000 | precision: 0.238095 | 
Epoch 21 Training Summary: epoch: 21.000000 | loss: 1.336926 | 
Epoch runtime: 0.0 hours, 0.0 minutes, 0.09554934501647949 seconds

Avg epoch train. time: 0.0 hours, 0.0 minutes, 0.10445238295055571 seconds
Avg batch train. time: 0.011605820327839524 seconds
Avg sample train. time: 0.0015589907903068017 seconds
Epoch 22 Training Summary: epoch: 22.000000 | loss: 1.368976 | 
Epoch runtime: 0.0 hours, 0.0 minutes, 0.09487414360046387 seconds

Avg epoch train. time: 0.0 hours, 0.0 minutes, 0.10401700843464244 seconds
Avg batch train. time: 0.011557445381626938 seconds
Avg sample train. time: 0.0015524926632036185 seconds
Evaluating on validation set ...
Validation runtime: 0.0 hours, 0.0 minutes, 0.008267641067504883 seconds

Avg val. time: 0.0 hours, 0.0 minutes, 0.032826680403489336 seconds
Avg batch val. time: 0.032826680403489336 seconds
Avg sample val. time: 0.004103335050436167 seconds
Epoch 22 Validation Summary: epoch: 22.000000 | loss: 1.434359 | accuracy: 0.375000 | precision: 0.380952 | 
Epoch 23 Training Summary: epoch: 23.000000 | loss: 1.244844 | 
Epoch runtime: 0.0 hours, 0.0 minutes, 0.09893321990966797 seconds

Avg epoch train. time: 0.0 hours, 0.0 minutes, 0.1037959741509479 seconds
Avg batch train. time: 0.01153288601677199 seconds
Avg sample train. time: 0.0015491936440439986 seconds
Epoch 24 Training Summary: epoch: 24.000000 | loss: 1.237329 | 
Epoch runtime: 0.0 hours, 0.0 minutes, 0.0981144905090332 seconds

Avg epoch train. time: 0.0 hours, 0.0 minutes, 0.10355924566586812 seconds
Avg batch train. time: 0.011506582851763125 seconds
Avg sample train. time: 0.0015456603830726586 seconds
Evaluating on validation set ...
Validation runtime: 0.0 hours, 0.0 minutes, 0.007785797119140625 seconds

Avg val. time: 0.0 hours, 0.0 minutes, 0.03103804588317871 seconds
Avg batch val. time: 0.03103804588317871 seconds
Avg sample val. time: 0.003879755735397339 seconds
Epoch 24 Validation Summary: epoch: 24.000000 | loss: 1.449087 | accuracy: 0.375000 | precision: 0.476190 | 
Epoch 25 Training Summary: epoch: 25.000000 | loss: 1.165968 | 
Epoch runtime: 0.0 hours, 0.0 minutes, 0.10308003425598145 seconds

Avg epoch train. time: 0.0 hours, 0.0 minutes, 0.10354007720947266 seconds
Avg batch train. time: 0.01150445302327474 seconds
Avg sample train. time: 0.001545374286708547 seconds
Epoch 26 Training Summary: epoch: 26.000000 | loss: 1.152936 | 
Epoch runtime: 0.0 hours, 0.0 minutes, 0.0963582992553711 seconds

Avg epoch train. time: 0.0 hours, 0.0 minutes, 0.10326385498046875 seconds
Avg batch train. time: 0.011473761664496528 seconds
Avg sample train. time: 0.001541251566872668 seconds
Evaluating on validation set ...
Validation runtime: 0.0 hours, 0.0 minutes, 0.008633852005004883 seconds

Avg val. time: 0.0 hours, 0.0 minutes, 0.02954443295796712 seconds
Avg batch val. time: 0.02954443295796712 seconds
Avg sample val. time: 0.00369305411974589 seconds
Epoch 26 Validation Summary: epoch: 26.000000 | loss: 1.471411 | accuracy: 0.250000 | precision: 0.333333 | 
Epoch 27 Training Summary: epoch: 27.000000 | loss: 1.166083 | 
Epoch runtime: 0.0 hours, 0.0 minutes, 0.09418845176696777 seconds

Avg epoch train. time: 0.0 hours, 0.0 minutes, 0.10292772893552427 seconds
Avg batch train. time: 0.011436414326169363 seconds
Avg sample train. time: 0.0015362347602317055 seconds
Epoch 28 Training Summary: epoch: 28.000000 | loss: 1.128898 | 
Epoch runtime: 0.0 hours, 0.0 minutes, 0.0992588996887207 seconds

Avg epoch train. time: 0.0 hours, 0.0 minutes, 0.102796699319567 seconds
Avg batch train. time: 0.011421855479951889 seconds
Avg sample train. time: 0.0015342790943218955 seconds
Evaluating on validation set ...
Validation runtime: 0.0 hours, 0.0 minutes, 0.009122133255004883 seconds

Avg val. time: 0.0 hours, 0.0 minutes, 0.028268039226531982 seconds
Avg batch val. time: 0.028268039226531982 seconds
Avg sample val. time: 0.003533504903316498 seconds
Epoch 28 Validation Summary: epoch: 28.000000 | loss: 1.514581 | accuracy: 0.375000 | precision: 0.375000 | 
Epoch 29 Training Summary: epoch: 29.000000 | loss: 1.065650 | 
Epoch runtime: 0.0 hours, 0.0 minutes, 0.09650039672851562 seconds

Avg epoch train. time: 0.0 hours, 0.0 minutes, 0.10257958543711695 seconds
Avg batch train. time: 0.011397731715235218 seconds
Avg sample train. time: 0.001531038588613686 seconds
Epoch 30 Training Summary: epoch: 30.000000 | loss: 1.070459 | 
Epoch runtime: 0.0 hours, 0.0 minutes, 0.09848499298095703 seconds

Avg epoch train. time: 0.0 hours, 0.0 minutes, 0.10244309902191162 seconds
Avg batch train. time: 0.01138256655799018 seconds
Avg sample train. time: 0.0015290014779389795 seconds
Evaluating on validation set ...
Validation runtime: 0.0 hours, 0.0 minutes, 0.0075664520263671875 seconds

Avg val. time: 0.0 hours, 0.0 minutes, 0.027050298802992877 seconds
Avg batch val. time: 0.027050298802992877 seconds
Avg sample val. time: 0.0033812873503741097 seconds
Epoch 30 Validation Summary: epoch: 30.000000 | loss: 1.539951 | accuracy: 0.250000 | precision: 0.333333 | 
Epoch 31 Training Summary: epoch: 31.000000 | loss: 1.043709 | 
Epoch runtime: 0.0 hours, 0.0 minutes, 0.11763572692871094 seconds

Avg epoch train. time: 0.0 hours, 0.0 minutes, 0.1029331837930987 seconds
Avg batch train. time: 0.011437020421455411 seconds
Avg sample train. time: 0.0015363161760163985 seconds
Epoch 32 Training Summary: epoch: 32.000000 | loss: 0.874935 | 
Epoch runtime: 0.0 hours, 0.0 minutes, 0.09582853317260742 seconds

Avg epoch train. time: 0.0 hours, 0.0 minutes, 0.10271116346120834 seconds
Avg batch train. time: 0.011412351495689817 seconds
Avg sample train. time: 0.0015330024397195276 seconds
Evaluating on validation set ...
Validation runtime: 0.0 hours, 0.0 minutes, 0.007227182388305664 seconds

Avg val. time: 0.0 hours, 0.0 minutes, 0.025949014557732478 seconds
Avg batch val. time: 0.025949014557732478 seconds
Avg sample val. time: 0.0032436268197165597 seconds
Epoch 32 Validation Summary: epoch: 32.000000 | loss: 1.482909 | accuracy: 0.375000 | precision: 0.428571 | 
Epoch 33 Training Summary: epoch: 33.000000 | loss: 0.838139 | 
Epoch runtime: 0.0 hours, 0.0 minutes, 0.10593438148498535 seconds

Avg epoch train. time: 0.0 hours, 0.0 minutes, 0.10280883673465613 seconds
Avg batch train. time: 0.011423204081628459 seconds
Avg sample train. time: 0.001534460249770987 seconds
Epoch 34 Training Summary: epoch: 34.000000 | loss: 0.800770 | 
Epoch runtime: 0.0 hours, 0.0 minutes, 0.09382104873657227 seconds

Avg epoch train. time: 0.0 hours, 0.0 minutes, 0.10254449002883013 seconds
Avg batch train. time: 0.01139383222542557 seconds
Avg sample train. time: 0.0015305147765497034 seconds
Evaluating on validation set ...
Validation runtime: 0.0 hours, 0.0 minutes, 0.008241891860961914 seconds

Avg val. time: 0.0 hours, 0.0 minutes, 0.025017060731586657 seconds
Avg batch val. time: 0.025017060731586657 seconds
Avg sample val. time: 0.003127132591448332 seconds
Epoch 34 Validation Summary: epoch: 34.000000 | loss: 1.483318 | accuracy: 0.375000 | precision: 0.428571 | 
Epoch 35 Training Summary: epoch: 35.000000 | loss: 0.679345 | 
Epoch runtime: 0.0 hours, 0.0 minutes, 0.1012578010559082 seconds

Avg epoch train. time: 0.0 hours, 0.0 minutes, 0.10250772748674665 seconds
Avg batch train. time: 0.011389747498527406 seconds
Avg sample train. time: 0.001529966081891741 seconds
Epoch 36 Training Summary: epoch: 36.000000 | loss: 0.740318 | 
Epoch runtime: 0.0 hours, 0.0 minutes, 0.09677648544311523 seconds

Avg epoch train. time: 0.0 hours, 0.0 minutes, 0.102348526318868 seconds
Avg batch train. time: 0.011372058479874221 seconds
Avg sample train. time: 0.0015275899450577313 seconds
Evaluating on validation set ...
Validation runtime: 0.0 hours, 0.0 minutes, 0.008614063262939453 seconds

Avg val. time: 0.0 hours, 0.0 minutes, 0.024196910858154296 seconds
Avg batch val. time: 0.024196910858154296 seconds
Avg sample val. time: 0.003024613857269287 seconds
Epoch 36 Validation Summary: epoch: 36.000000 | loss: 1.641459 | accuracy: 0.500000 | precision: 0.533333 | 
Epoch 37 Training Summary: epoch: 37.000000 | loss: 0.613076 | 
Epoch runtime: 0.0 hours, 0.0 minutes, 0.09842443466186523 seconds

Avg epoch train. time: 0.0 hours, 0.0 minutes, 0.10224246978759766 seconds
Avg batch train. time: 0.011360274420844184 seconds
Avg sample train. time: 0.0015260070117551889 seconds
Epoch 38 Training Summary: epoch: 38.000000 | loss: 0.613117 | 
Epoch runtime: 0.0 hours, 0.0 minutes, 0.09748005867004395 seconds

Avg epoch train. time: 0.0 hours, 0.0 minutes, 0.10211714317924098 seconds
Avg batch train. time: 0.011346349242137886 seconds
Avg sample train. time: 0.0015241364653618057 seconds
Evaluating on validation set ...
Validation runtime: 0.0 hours, 0.0 minutes, 0.0075244903564453125 seconds

Avg val. time: 0.0 hours, 0.0 minutes, 0.02340298607235863 seconds
Avg batch val. time: 0.02340298607235863 seconds
Avg sample val. time: 0.0029253732590448288 seconds
Epoch 38 Validation Summary: epoch: 38.000000 | loss: 1.804024 | accuracy: 0.500000 | precision: 0.533333 | 
Epoch 39 Training Summary: epoch: 39.000000 | loss: 0.511765 | 
Epoch runtime: 0.0 hours, 0.0 minutes, 0.09895896911621094 seconds

Avg epoch train. time: 0.0 hours, 0.0 minutes, 0.102036164357112 seconds
Avg batch train. time: 0.011337351595234668 seconds
Avg sample train. time: 0.0015229278262255523 seconds
Epoch 40 Training Summary: epoch: 40.000000 | loss: 0.521638 | 
Epoch runtime: 0.0 hours, 0.0 minutes, 0.09781932830810547 seconds

Avg epoch train. time: 0.0 hours, 0.0 minutes, 0.10193074345588685 seconds
Avg batch train. time: 0.011325638161765204 seconds
Avg sample train. time: 0.0015213543799386096 seconds
Evaluating on validation set ...
Validation runtime: 0.0 hours, 0.0 minutes, 0.008007287979125977 seconds

Avg val. time: 0.0 hours, 0.0 minutes, 0.02270318161357533 seconds
Avg batch val. time: 0.02270318161357533 seconds
Avg sample val. time: 0.002837897701696916 seconds
Epoch 40 Validation Summary: epoch: 40.000000 | loss: 1.800279 | accuracy: 0.500000 | precision: 0.750000 | 
Best accuracy was 0.5. Other metrics: OrderedDict([('epoch', 36), ('loss', 1.641459345817566), ('accuracy', 0.5), ('precision', 0.5333333333333333)])
All Done!
Total runtime: 0.0 hours, 0.0 minutes, 7.700384140014648 seconds

