Running:
src/main_5q.py --output_dir experiments --comment classification from Scratch --name VRS_fromScratch --records_file VRS_records.xls --data_dir /mnt/d/OneDrive - Southern Methodist University/Phone_Privacy/input_feature/combine_opticalflow_all_feat_downsample_480p_s22 --data_class vrs --val_ratio 0.1 --epochs 40 --lr 0.001 --dropout 0.2 --batch_size 8 --num_layers 3 --num_heads 4 --optimizer RAdam --pos_encoding learnable --task classification --normalization none --key_metric accuracy

Using device: cuda
Loading and preprocessing data ...
67 samples may be used for training
8 samples will be used for validation
0 samples will be used for testing
Creating model ...
Model:
TSTransformerEncoderClassiregressor(
  (project_inp): Linear(in_features=47, out_features=64, bias=True)
  (pos_enc): LearnablePositionalEncoding(
    (dropout): Dropout(p=0.2, inplace=False)
  )
  (transformer_encoder): TransformerEncoder(
    (layers): ModuleList(
      (0-2): 3 x TransformerBatchNormEncoderLayer(
        (self_attn): MultiheadAttention(
          (out_proj): NonDynamicallyQuantizableLinear(in_features=64, out_features=64, bias=True)
        )
        (linear1): Linear(in_features=64, out_features=256, bias=True)
        (dropout): Dropout(p=0.2, inplace=False)
        (linear2): Linear(in_features=256, out_features=64, bias=True)
        (norm1): BatchNorm1d(64, eps=1e-05, momentum=0.1, affine=True, track_running_stats=True)
        (norm2): BatchNorm1d(64, eps=1e-05, momentum=0.1, affine=True, track_running_stats=True)
        (dropout1): Dropout(p=0.2, inplace=False)
        (dropout2): Dropout(p=0.2, inplace=False)
      )
    )
  )
  (dropout1): Dropout(p=0.2, inplace=False)
  (output_layer): Linear(in_features=5120, out_features=5, bias=True)
)
Total number of parameters: 183749
Trainable parameters: 183749
Evaluating on validation set ...
Validation runtime: 0.0 hours, 0.0 minutes, 0.26732587814331055 seconds

Avg val. time: 0.0 hours, 0.0 minutes, 0.26732587814331055 seconds
Avg batch val. time: 0.26732587814331055 seconds
Avg sample val. time: 0.03341573476791382 seconds
Epoch 0 Validation Summary: epoch: 0.000000 | loss: 4.987943 | accuracy: 0.375000 | precision: 0.533333 | 
Starting training...
Epoch 1 Training Summary: epoch: 1.000000 | loss: 1.708751 | 
Epoch runtime: 0.0 hours, 0.0 minutes, 0.2742598056793213 seconds

Avg epoch train. time: 0.0 hours, 0.0 minutes, 0.2742598056793213 seconds
Avg batch train. time: 0.03047331174214681 seconds
Avg sample train. time: 0.004093429935512258 seconds
Evaluating on validation set ...
Validation runtime: 0.0 hours, 0.0 minutes, 0.007982015609741211 seconds

Avg val. time: 0.0 hours, 0.0 minutes, 0.13765394687652588 seconds
Avg batch val. time: 0.13765394687652588 seconds
Avg sample val. time: 0.017206743359565735 seconds
Epoch 1 Validation Summary: epoch: 1.000000 | loss: 1.705291 | accuracy: 0.250000 | precision: 0.416667 | 
Epoch 2 Training Summary: epoch: 2.000000 | loss: 1.665079 | 
Epoch runtime: 0.0 hours, 0.0 minutes, 0.11074566841125488 seconds

Avg epoch train. time: 0.0 hours, 0.0 minutes, 0.19250273704528809 seconds
Avg batch train. time: 0.02138919300503201 seconds
Avg sample train. time: 0.0028731751797804192 seconds
Evaluating on validation set ...
Validation runtime: 0.0 hours, 0.0 minutes, 0.010085344314575195 seconds

Avg val. time: 0.0 hours, 0.0 minutes, 0.09513107935587566 seconds
Avg batch val. time: 0.09513107935587566 seconds
Avg sample val. time: 0.011891384919484457 seconds
Epoch 2 Validation Summary: epoch: 2.000000 | loss: 1.596969 | accuracy: 0.250000 | precision: 0.416667 | 
Epoch 3 Training Summary: epoch: 3.000000 | loss: 1.560822 | 
Epoch runtime: 0.0 hours, 0.0 minutes, 0.11224508285522461 seconds

Avg epoch train. time: 0.0 hours, 0.0 minutes, 0.16575018564860025 seconds
Avg batch train. time: 0.018416687294288917 seconds
Avg sample train. time: 0.002473883367889556 seconds
Epoch 4 Training Summary: epoch: 4.000000 | loss: 1.651034 | 
Epoch runtime: 0.0 hours, 0.0 minutes, 0.11977696418762207 seconds

Avg epoch train. time: 0.0 hours, 0.0 minutes, 0.1542568802833557 seconds
Avg batch train. time: 0.017139653364817303 seconds
Avg sample train. time: 0.002302341496766503 seconds
Evaluating on validation set ...
Validation runtime: 0.0 hours, 0.0 minutes, 0.008202552795410156 seconds

Avg val. time: 0.0 hours, 0.0 minutes, 0.07339894771575928 seconds
Avg batch val. time: 0.07339894771575928 seconds
Avg sample val. time: 0.00917486846446991 seconds
Epoch 4 Validation Summary: epoch: 4.000000 | loss: 1.705598 | accuracy: 0.250000 | precision: 0.266667 | 
Epoch 5 Training Summary: epoch: 5.000000 | loss: 1.490821 | 
Epoch runtime: 0.0 hours, 0.0 minutes, 0.11305594444274902 seconds

Avg epoch train. time: 0.0 hours, 0.0 minutes, 0.14601669311523438 seconds
Avg batch train. time: 0.01622407701280382 seconds
Avg sample train. time: 0.002179353628585588 seconds
Epoch 6 Training Summary: epoch: 6.000000 | loss: 1.533164 | 
Epoch runtime: 0.0 hours, 0.0 minutes, 0.10194277763366699 seconds

Avg epoch train. time: 0.0 hours, 0.0 minutes, 0.13867104053497314 seconds
Avg batch train. time: 0.015407893392774794 seconds
Avg sample train. time: 0.002069717022910047 seconds
Evaluating on validation set ...
Validation runtime: 0.0 hours, 0.0 minutes, 0.007395744323730469 seconds

Avg val. time: 0.0 hours, 0.0 minutes, 0.060198307037353516 seconds
Avg batch val. time: 0.060198307037353516 seconds
Avg sample val. time: 0.0075247883796691895 seconds
Epoch 6 Validation Summary: epoch: 6.000000 | loss: 1.747485 | accuracy: 0.125000 | precision: 0.083333 | 
Epoch 7 Training Summary: epoch: 7.000000 | loss: 1.397418 | 
Epoch runtime: 0.0 hours, 0.0 minutes, 0.10046720504760742 seconds

Avg epoch train. time: 0.0 hours, 0.0 minutes, 0.13321334975106375 seconds
Avg batch train. time: 0.01480148330567375 seconds
Avg sample train. time: 0.0019882589515084143 seconds
Epoch 8 Training Summary: epoch: 8.000000 | loss: 1.443551 | 
Epoch runtime: 0.0 hours, 0.0 minutes, 0.09671163558959961 seconds

Avg epoch train. time: 0.0 hours, 0.0 minutes, 0.12865063548088074 seconds
Avg batch train. time: 0.014294515053431192 seconds
Avg sample train. time: 0.001920158738520608 seconds
Evaluating on validation set ...
Validation runtime: 0.0 hours, 0.0 minutes, 0.007322549819946289 seconds

Avg val. time: 0.0 hours, 0.0 minutes, 0.05138568083445231 seconds
Avg batch val. time: 0.05138568083445231 seconds
Avg sample val. time: 0.006423210104306539 seconds
Epoch 8 Validation Summary: epoch: 8.000000 | loss: 1.793000 | accuracy: 0.250000 | precision: 0.180000 | 
Epoch 9 Training Summary: epoch: 9.000000 | loss: 1.368693 | 
Epoch runtime: 0.0 hours, 0.0 minutes, 0.08806967735290527 seconds

Avg epoch train. time: 0.0 hours, 0.0 minutes, 0.1241416401333279 seconds
Avg batch train. time: 0.013793515570369766 seconds
Avg sample train. time: 0.0018528603004974314 seconds
Epoch 10 Training Summary: epoch: 10.000000 | loss: 1.314518 | 
Epoch runtime: 0.0 hours, 0.0 minutes, 0.08722686767578125 seconds

Avg epoch train. time: 0.0 hours, 0.0 minutes, 0.12045016288757324 seconds
Avg batch train. time: 0.013383351431952581 seconds
Avg sample train. time: 0.0017977636251876603 seconds
Evaluating on validation set ...
Validation runtime: 0.0 hours, 0.0 minutes, 0.006255626678466797 seconds

Avg val. time: 0.0 hours, 0.0 minutes, 0.04493853024074009 seconds
Avg batch val. time: 0.04493853024074009 seconds
Avg sample val. time: 0.0056173162800925115 seconds
Epoch 10 Validation Summary: epoch: 10.000000 | loss: 1.751431 | accuracy: 0.375000 | precision: 0.485714 | 
Epoch 11 Training Summary: epoch: 11.000000 | loss: 1.267941 | 
Epoch runtime: 0.0 hours, 0.0 minutes, 0.1174468994140625 seconds

Avg epoch train. time: 0.0 hours, 0.0 minutes, 0.1201771389354359 seconds
Avg batch train. time: 0.013353015437270655 seconds
Avg sample train. time: 0.0017936886408274014 seconds
Epoch 12 Training Summary: epoch: 12.000000 | loss: 1.206643 | 
Epoch runtime: 0.0 hours, 0.0 minutes, 0.1007845401763916 seconds

Avg epoch train. time: 0.0 hours, 0.0 minutes, 0.11856108903884888 seconds
Avg batch train. time: 0.013173454337649874 seconds
Avg sample train. time: 0.0017695684931171474 seconds
Evaluating on validation set ...
Validation runtime: 0.0 hours, 0.0 minutes, 0.007407188415527344 seconds

Avg val. time: 0.0 hours, 0.0 minutes, 0.0402471125125885 seconds
Avg batch val. time: 0.0402471125125885 seconds
Avg sample val. time: 0.005030889064073563 seconds
Epoch 12 Validation Summary: epoch: 12.000000 | loss: 1.695732 | accuracy: 0.375000 | precision: 0.380952 | 
Epoch 13 Training Summary: epoch: 13.000000 | loss: 1.243066 | 
Epoch runtime: 0.0 hours, 0.0 minutes, 0.09518957138061523 seconds

Avg epoch train. time: 0.0 hours, 0.0 minutes, 0.11676327998821552 seconds
Avg batch train. time: 0.01297369777646839 seconds
Avg sample train. time: 0.001742735522212172 seconds
Epoch 14 Training Summary: epoch: 14.000000 | loss: 1.081309 | 
Epoch runtime: 0.0 hours, 0.0 minutes, 0.09765315055847168 seconds

Avg epoch train. time: 0.0 hours, 0.0 minutes, 0.11539827074323382 seconds
Avg batch train. time: 0.012822030082581535 seconds
Avg sample train. time: 0.0017223622498990121 seconds
Evaluating on validation set ...
Validation runtime: 0.0 hours, 0.0 minutes, 0.006676197052001953 seconds

Avg val. time: 0.0 hours, 0.0 minutes, 0.03651701079474555 seconds
Avg batch val. time: 0.03651701079474555 seconds
Avg sample val. time: 0.004564626349343194 seconds
Epoch 14 Validation Summary: epoch: 14.000000 | loss: 1.748086 | accuracy: 0.250000 | precision: 0.190476 | 
Epoch 15 Training Summary: epoch: 15.000000 | loss: 1.129844 | 
Epoch runtime: 0.0 hours, 0.0 minutes, 0.09879899024963379 seconds

Avg epoch train. time: 0.0 hours, 0.0 minutes, 0.11429165204366049 seconds
Avg batch train. time: 0.01269907244929561 seconds
Avg sample train. time: 0.001705845552890455 seconds
Epoch 16 Training Summary: epoch: 16.000000 | loss: 1.037142 | 
Epoch runtime: 0.0 hours, 0.0 minutes, 0.0977182388305664 seconds

Avg epoch train. time: 0.0 hours, 0.0 minutes, 0.1132558137178421 seconds
Avg batch train. time: 0.012583979301982455 seconds
Avg sample train. time: 0.0016903852793707776 seconds
Evaluating on validation set ...
Validation runtime: 0.0 hours, 0.0 minutes, 0.007654428482055664 seconds

Avg val. time: 0.0 hours, 0.0 minutes, 0.033630752563476564 seconds
Avg batch val. time: 0.033630752563476564 seconds
Avg sample val. time: 0.0042038440704345705 seconds
Epoch 16 Validation Summary: epoch: 16.000000 | loss: 1.806349 | accuracy: 0.250000 | precision: 0.214286 | 
Epoch 17 Training Summary: epoch: 17.000000 | loss: 0.914273 | 
Epoch runtime: 0.0 hours, 0.0 minutes, 0.09341311454772949 seconds

Avg epoch train. time: 0.0 hours, 0.0 minutes, 0.11208859611960019 seconds
Avg batch train. time: 0.012454288457733354 seconds
Avg sample train. time: 0.0016729641211880625 seconds
Epoch 18 Training Summary: epoch: 18.000000 | loss: 1.041601 | 
Epoch runtime: 0.0 hours, 0.0 minutes, 0.0910179615020752 seconds

Avg epoch train. time: 0.0 hours, 0.0 minutes, 0.11091800530751546 seconds
Avg batch train. time: 0.012324222811946162 seconds
Avg sample train. time: 0.0016554926165300815 seconds
Evaluating on validation set ...
Validation runtime: 0.0 hours, 0.0 minutes, 0.007227182388305664 seconds

Avg val. time: 0.0 hours, 0.0 minutes, 0.03123042800209739 seconds
Avg batch val. time: 0.03123042800209739 seconds
Avg sample val. time: 0.0039038035002621737 seconds
Epoch 18 Validation Summary: epoch: 18.000000 | loss: 1.788502 | accuracy: 0.250000 | precision: 0.190476 | 
Epoch 19 Training Summary: epoch: 19.000000 | loss: 0.835115 | 
Epoch runtime: 0.0 hours, 0.0 minutes, 0.10521221160888672 seconds

Avg epoch train. time: 0.0 hours, 0.0 minutes, 0.11061770037600868 seconds
Avg batch train. time: 0.012290855597334298 seconds
Avg sample train. time: 0.001651010453373264 seconds
Epoch 20 Training Summary: epoch: 20.000000 | loss: 0.846413 | 
Epoch runtime: 0.0 hours, 0.0 minutes, 0.1069939136505127 seconds

Avg epoch train. time: 0.0 hours, 0.0 minutes, 0.11043651103973388 seconds
Avg batch train. time: 0.01227072344885932 seconds
Avg sample train. time: 0.0016483061349214013 seconds
Evaluating on validation set ...
Validation runtime: 0.0 hours, 0.0 minutes, 0.009241819381713867 seconds

Avg val. time: 0.0 hours, 0.0 minutes, 0.029398043950398762 seconds
Avg batch val. time: 0.029398043950398762 seconds
Avg sample val. time: 0.0036747554937998452 seconds
Epoch 20 Validation Summary: epoch: 20.000000 | loss: 1.816127 | accuracy: 0.250000 | precision: 0.190476 | 
Epoch 21 Training Summary: epoch: 21.000000 | loss: 0.771455 | 
Epoch runtime: 0.0 hours, 0.0 minutes, 0.1078958511352539 seconds

Avg epoch train. time: 0.0 hours, 0.0 minutes, 0.11031552723475865 seconds
Avg batch train. time: 0.012257280803862073 seconds
Avg sample train. time: 0.0016465004064889351 seconds
Epoch 22 Training Summary: epoch: 22.000000 | loss: 0.760193 | 
Epoch runtime: 0.0 hours, 0.0 minutes, 0.10939478874206543 seconds

Avg epoch train. time: 0.0 hours, 0.0 minutes, 0.11027367548509077 seconds
Avg batch train. time: 0.01225263060945453 seconds
Avg sample train. time: 0.0016458757535088176 seconds
Evaluating on validation set ...
Validation runtime: 0.0 hours, 0.0 minutes, 0.007876873016357422 seconds

Avg val. time: 0.0 hours, 0.0 minutes, 0.027742569263164815 seconds
Avg batch val. time: 0.027742569263164815 seconds
Avg sample val. time: 0.003467821157895602 seconds
Epoch 22 Validation Summary: epoch: 22.000000 | loss: 1.799815 | accuracy: 0.500000 | precision: 0.404762 | 
Epoch 23 Training Summary: epoch: 23.000000 | loss: 0.739246 | 
Epoch runtime: 0.0 hours, 0.0 minutes, 0.1041116714477539 seconds

Avg epoch train. time: 0.0 hours, 0.0 minutes, 0.11000576226607613 seconds
Avg batch train. time: 0.012222862474008458 seconds
Avg sample train. time: 0.001641877048747405 seconds
Epoch 24 Training Summary: epoch: 24.000000 | loss: 0.693206 | 
Epoch runtime: 0.0 hours, 0.0 minutes, 0.12963032722473145 seconds

Avg epoch train. time: 0.0 hours, 0.0 minutes, 0.11082345247268677 seconds
Avg batch train. time: 0.01231371694140964 seconds
Avg sample train. time: 0.0016540813801893548 seconds
Evaluating on validation set ...
Validation runtime: 0.0 hours, 0.0 minutes, 0.007061481475830078 seconds

Avg val. time: 0.0 hours, 0.0 minutes, 0.02626534870692662 seconds
Avg batch val. time: 0.02626534870692662 seconds
Avg sample val. time: 0.0032831685883658273 seconds
Epoch 24 Validation Summary: epoch: 24.000000 | loss: 1.928325 | accuracy: 0.125000 | precision: 0.095238 | 
Epoch 25 Training Summary: epoch: 25.000000 | loss: 0.692528 | 
Epoch runtime: 0.0 hours, 0.0 minutes, 0.09875082969665527 seconds

Avg epoch train. time: 0.0 hours, 0.0 minutes, 0.1103405475616455 seconds
Avg batch train. time: 0.012260060840182834 seconds
Avg sample train. time: 0.0016468738442036643 seconds
Epoch 26 Training Summary: epoch: 26.000000 | loss: 0.570782 | 
Epoch runtime: 0.0 hours, 0.0 minutes, 0.09880638122558594 seconds

Avg epoch train. time: 0.0 hours, 0.0 minutes, 0.10989692577948937 seconds
Avg batch train. time: 0.012210769531054374 seconds
Avg sample train. time: 0.0016402526235744681 seconds
Evaluating on validation set ...
Validation runtime: 0.0 hours, 0.0 minutes, 0.007662296295166016 seconds

Avg val. time: 0.0 hours, 0.0 minutes, 0.025025145212809245 seconds
Avg batch val. time: 0.025025145212809245 seconds
Avg sample val. time: 0.0031281431516011556 seconds
Epoch 26 Validation Summary: epoch: 26.000000 | loss: 1.897216 | accuracy: 0.125000 | precision: 0.095238 | 
Epoch 27 Training Summary: epoch: 27.000000 | loss: 0.415966 | 
Epoch runtime: 0.0 hours, 0.0 minutes, 0.1042180061340332 seconds

Avg epoch train. time: 0.0 hours, 0.0 minutes, 0.10968659542225025 seconds
Avg batch train. time: 0.012187399491361139 seconds
Avg sample train. time: 0.0016371133645111976 seconds
Epoch 28 Training Summary: epoch: 28.000000 | loss: 0.479001 | 
Epoch runtime: 0.0 hours, 0.0 minutes, 0.09679436683654785 seconds

Avg epoch train. time: 0.0 hours, 0.0 minutes, 0.10922615868704659 seconds
Avg batch train. time: 0.012136239854116288 seconds
Avg sample train. time: 0.0016302411744335311 seconds
Evaluating on validation set ...
Validation runtime: 0.0 hours, 0.0 minutes, 0.007642507553100586 seconds

Avg val. time: 0.0 hours, 0.0 minutes, 0.023938730359077454 seconds
Avg batch val. time: 0.023938730359077454 seconds
Avg sample val. time: 0.0029923412948846817 seconds
Epoch 28 Validation Summary: epoch: 28.000000 | loss: 2.111558 | accuracy: 0.500000 | precision: 0.428571 | 
Epoch 29 Training Summary: epoch: 29.000000 | loss: 0.458017 | 
Epoch runtime: 0.0 hours, 0.0 minutes, 0.09343194961547852 seconds

Avg epoch train. time: 0.0 hours, 0.0 minutes, 0.108681530788027 seconds
Avg batch train. time: 0.012075725643114111 seconds
Avg sample train. time: 0.0016221123998212985 seconds
Epoch 30 Training Summary: epoch: 30.000000 | loss: 0.341531 | 
Epoch runtime: 0.0 hours, 0.0 minutes, 0.10255575180053711 seconds

Avg epoch train. time: 0.0 hours, 0.0 minutes, 0.10847733815511068 seconds
Avg batch train. time: 0.012053037572790075 seconds
Avg sample train. time: 0.0016190647485837416 seconds
Evaluating on validation set ...
Validation runtime: 0.0 hours, 0.0 minutes, 0.007088899612426758 seconds

Avg val. time: 0.0 hours, 0.0 minutes, 0.02294756384456859 seconds
Avg batch val. time: 0.02294756384456859 seconds
Avg sample val. time: 0.0028684454805710737 seconds
Epoch 30 Validation Summary: epoch: 30.000000 | loss: 2.455390 | accuracy: 0.000000 | precision: 0.000000 | 
Epoch 31 Training Summary: epoch: 31.000000 | loss: 0.344667 | 
Epoch runtime: 0.0 hours, 0.0 minutes, 0.09769010543823242 seconds

Avg epoch train. time: 0.0 hours, 0.0 minutes, 0.10812936290617912 seconds
Avg batch train. time: 0.012014373656242125 seconds
Avg sample train. time: 0.0016138710881519272 seconds
Epoch 32 Training Summary: epoch: 32.000000 | loss: 0.316380 | 
Epoch runtime: 0.0 hours, 0.0 minutes, 0.10094690322875977 seconds

Avg epoch train. time: 0.0 hours, 0.0 minutes, 0.10790491104125977 seconds
Avg batch train. time: 0.011989434560139975 seconds
Avg sample train. time: 0.00161052106031731 seconds
Evaluating on validation set ...
Validation runtime: 0.0 hours, 0.0 minutes, 0.007455348968505859 seconds

Avg val. time: 0.0 hours, 0.0 minutes, 0.02208688524034288 seconds
Avg batch val. time: 0.02208688524034288 seconds
Avg sample val. time: 0.00276086065504286 seconds
Epoch 32 Validation Summary: epoch: 32.000000 | loss: 2.513251 | accuracy: 0.125000 | precision: 0.083333 | 
Epoch 33 Training Summary: epoch: 33.000000 | loss: 0.277313 | 
Epoch runtime: 0.0 hours, 0.0 minutes, 0.09205412864685059 seconds

Avg epoch train. time: 0.0 hours, 0.0 minutes, 0.10742458430203525 seconds
Avg batch train. time: 0.01193606492244836 seconds
Avg sample train. time: 0.0016033520045079888 seconds
Epoch 34 Training Summary: epoch: 34.000000 | loss: 0.236350 | 
Epoch runtime: 0.0 hours, 0.0 minutes, 0.10416078567504883 seconds

Avg epoch train. time: 0.0 hours, 0.0 minutes, 0.10732859022477094 seconds
Avg batch train. time: 0.011925398913863438 seconds
Avg sample train. time: 0.0016019192570861335 seconds
Evaluating on validation set ...
Validation runtime: 0.0 hours, 0.0 minutes, 0.0076062679290771484 seconds

Avg val. time: 0.0 hours, 0.0 minutes, 0.021324747487118368 seconds
Avg batch val. time: 0.021324747487118368 seconds
Avg sample val. time: 0.002665593435889796 seconds
Epoch 34 Validation Summary: epoch: 34.000000 | loss: 2.754937 | accuracy: 0.000000 | precision: 0.000000 | 
Epoch 35 Training Summary: epoch: 35.000000 | loss: 0.172818 | 
Epoch runtime: 0.0 hours, 0.0 minutes, 0.10749435424804688 seconds

Avg epoch train. time: 0.0 hours, 0.0 minutes, 0.10733332633972167 seconds
Avg batch train. time: 0.011925925148857965 seconds
Avg sample train. time: 0.0016019899453689802 seconds
Epoch 36 Training Summary: epoch: 36.000000 | loss: 0.232529 | 
Epoch runtime: 0.0 hours, 0.0 minutes, 0.09820389747619629 seconds

Avg epoch train. time: 0.0 hours, 0.0 minutes, 0.10707973109351264 seconds
Avg batch train. time: 0.011897747899279183 seconds
Avg sample train. time: 0.0015982049416942185 seconds
Evaluating on validation set ...
Validation runtime: 0.0 hours, 0.0 minutes, 0.008374214172363281 seconds

Avg val. time: 0.0 hours, 0.0 minutes, 0.020677220821380616 seconds
Avg batch val. time: 0.020677220821380616 seconds
Avg sample val. time: 0.002584652602672577 seconds
Epoch 36 Validation Summary: epoch: 36.000000 | loss: 2.946446 | accuracy: 0.250000 | precision: 0.238095 | 
Epoch 37 Training Summary: epoch: 37.000000 | loss: 0.197248 | 
Epoch runtime: 0.0 hours, 0.0 minutes, 0.1054677963256836 seconds

Avg epoch train. time: 0.0 hours, 0.0 minutes, 0.10703616528897672 seconds
Avg batch train. time: 0.011892907254330747 seconds
Avg sample train. time: 0.0015975547058056227 seconds
Epoch 38 Training Summary: epoch: 38.000000 | loss: 0.176821 | 
Epoch runtime: 0.0 hours, 0.0 minutes, 0.09398937225341797 seconds

Avg epoch train. time: 0.0 hours, 0.0 minutes, 0.10669282863014623 seconds
Avg batch train. time: 0.011854758736682914 seconds
Avg sample train. time: 0.001592430278061884 seconds
Evaluating on validation set ...
Validation runtime: 0.0 hours, 0.0 minutes, 0.0068359375 seconds

Avg val. time: 0.0 hours, 0.0 minutes, 0.020018112091791062 seconds
Avg batch val. time: 0.020018112091791062 seconds
Avg sample val. time: 0.0025022640114738827 seconds
Epoch 38 Validation Summary: epoch: 38.000000 | loss: 2.413899 | accuracy: 0.250000 | precision: 0.238095 | 
Epoch 39 Training Summary: epoch: 39.000000 | loss: 0.140094 | 
Epoch runtime: 0.0 hours, 0.0 minutes, 0.10471296310424805 seconds

Avg epoch train. time: 0.0 hours, 0.0 minutes, 0.10664206284743089 seconds
Avg batch train. time: 0.011849118094158987 seconds
Avg sample train. time: 0.0015916725798124014 seconds
Epoch 40 Training Summary: epoch: 40.000000 | loss: 0.185784 | 
Epoch runtime: 0.0 hours, 0.0 minutes, 0.09838604927062988 seconds

Avg epoch train. time: 0.0 hours, 0.0 minutes, 0.10643566250801087 seconds
Avg batch train. time: 0.011826184723112318 seconds
Avg sample train. time: 0.0015885919777315054 seconds
Evaluating on validation set ...
Validation runtime: 0.0 hours, 0.0 minutes, 0.007163524627685547 seconds

Avg val. time: 0.0 hours, 0.0 minutes, 0.019433812661604447 seconds
Avg batch val. time: 0.019433812661604447 seconds
Avg sample val. time: 0.002429226582700556 seconds
Epoch 40 Validation Summary: epoch: 40.000000 | loss: 2.945769 | accuracy: 0.125000 | precision: 0.125000 | 
Best accuracy was 0.5. Other metrics: OrderedDict([('epoch', 22), ('loss', 1.7998147010803223), ('accuracy', 0.5), ('precision', 0.40476190476190477)])
All Done!
Total runtime: 0.0 hours, 0.0 minutes, 7.8437819480896 seconds

