Running:
src/main_crosssetting.py --output_dir experiments --target_user ZeyuZoom --user_othersetting Zeyu --comment classification from Scratch --name VRS_fromScratch --records_file VRS_records.xls --data_dir /mnt/d/OneDrive - Southern Methodist University/Phone_Privacy/input_feature/all_processpos_norm_downsample_480p_s22 --test_data_dir /mnt/d/OneDrive - Southern Methodist University/Phone_Privacy/input_feature/all_processpos_norm_downsample_480p_s22 --data_class vrs --val_ratio 0.1 --epochs 40 --lr 0.001 --dropout 0.2 --batch_size 8 --num_layers 3 --num_heads 4 --optimizer RAdam --pos_encoding learnable --task classification --normalization none --key_metric accuracy

Using device: cuda
Loading and preprocessing data ...
67 samples may be used for training
8 samples will be used for validation
0 samples will be used for testing
Creating model ...
Model:
TSTransformerEncoderClassiregressor(
  (project_inp): Linear(in_features=39, out_features=64, bias=True)
  (pos_enc): LearnablePositionalEncoding(
    (dropout): Dropout(p=0.2, inplace=False)
  )
  (transformer_encoder): TransformerEncoder(
    (layers): ModuleList(
      (0-2): 3 x TransformerBatchNormEncoderLayer(
        (self_attn): MultiheadAttention(
          (out_proj): NonDynamicallyQuantizableLinear(in_features=64, out_features=64, bias=True)
        )
        (linear1): Linear(in_features=64, out_features=256, bias=True)
        (dropout): Dropout(p=0.2, inplace=False)
        (linear2): Linear(in_features=256, out_features=64, bias=True)
        (norm1): BatchNorm1d(64, eps=1e-05, momentum=0.1, affine=True, track_running_stats=True)
        (norm2): BatchNorm1d(64, eps=1e-05, momentum=0.1, affine=True, track_running_stats=True)
        (dropout1): Dropout(p=0.2, inplace=False)
        (dropout2): Dropout(p=0.2, inplace=False)
      )
    )
  )
  (dropout1): Dropout(p=0.2, inplace=False)
  (output_layer): Linear(in_features=5120, out_features=5, bias=True)
)
Total number of parameters: 183237
Trainable parameters: 183237
Evaluating on validation set ...
Validation runtime: 0.0 hours, 0.0 minutes, 0.25020551681518555 seconds

Avg val. time: 0.0 hours, 0.0 minutes, 0.25020551681518555 seconds
Avg batch val. time: 0.25020551681518555 seconds
Avg sample val. time: 0.03127568960189819 seconds
Epoch 0 Validation Summary: epoch: 0.000000 | loss: 3.316464 | accuracy: 0.250000 | precision: 0.250000 | 
Starting training...
Epoch 1 Training Summary: epoch: 1.000000 | loss: 1.696903 | 
Epoch runtime: 0.0 hours, 0.0 minutes, 0.2519347667694092 seconds

Avg epoch train. time: 0.0 hours, 0.0 minutes, 0.2519347667694092 seconds
Avg batch train. time: 0.027992751863267686 seconds
Avg sample train. time: 0.003760220399543421 seconds
Evaluating on validation set ...
Validation runtime: 0.0 hours, 0.0 minutes, 0.008228063583374023 seconds

Avg val. time: 0.0 hours, 0.0 minutes, 0.12921679019927979 seconds
Avg batch val. time: 0.12921679019927979 seconds
Avg sample val. time: 0.016152098774909973 seconds
Epoch 1 Validation Summary: epoch: 1.000000 | loss: 1.645308 | accuracy: 0.250000 | precision: 0.250000 | 
Epoch 2 Training Summary: epoch: 2.000000 | loss: 1.703009 | 
Epoch runtime: 0.0 hours, 0.0 minutes, 0.08627200126647949 seconds

Avg epoch train. time: 0.0 hours, 0.0 minutes, 0.16910338401794434 seconds
Avg batch train. time: 0.018789264890882704 seconds
Avg sample train. time: 0.0025239311047454377 seconds
Evaluating on validation set ...
Validation runtime: 0.0 hours, 0.0 minutes, 0.006760597229003906 seconds

Avg val. time: 0.0 hours, 0.0 minutes, 0.08839805920918782 seconds
Avg batch val. time: 0.08839805920918782 seconds
Avg sample val. time: 0.011049757401148478 seconds
Epoch 2 Validation Summary: epoch: 2.000000 | loss: 1.613274 | accuracy: 0.250000 | precision: 0.250000 | 
Epoch 3 Training Summary: epoch: 3.000000 | loss: 1.618746 | 
Epoch runtime: 0.0 hours, 0.0 minutes, 0.09460163116455078 seconds

Avg epoch train. time: 0.0 hours, 0.0 minutes, 0.14426946640014648 seconds
Avg batch train. time: 0.016029940711127386 seconds
Avg sample train. time: 0.002153275617912634 seconds
Epoch 4 Training Summary: epoch: 4.000000 | loss: 1.604915 | 
Epoch runtime: 0.0 hours, 0.0 minutes, 0.0844578742980957 seconds

Avg epoch train. time: 0.0 hours, 0.0 minutes, 0.1293165683746338 seconds
Avg batch train. time: 0.014368507597181533 seconds
Avg sample train. time: 0.0019300980354422955 seconds
Evaluating on validation set ...
Validation runtime: 0.0 hours, 0.0 minutes, 0.006526947021484375 seconds

Avg val. time: 0.0 hours, 0.0 minutes, 0.06793028116226196 seconds
Avg batch val. time: 0.06793028116226196 seconds
Avg sample val. time: 0.008491285145282745 seconds
Epoch 4 Validation Summary: epoch: 4.000000 | loss: 1.602493 | accuracy: 0.000000 | precision: 0.000000 | 
Epoch 5 Training Summary: epoch: 5.000000 | loss: 1.630970 | 
Epoch runtime: 0.0 hours, 0.0 minutes, 0.08739161491394043 seconds

Avg epoch train. time: 0.0 hours, 0.0 minutes, 0.12093157768249511 seconds
Avg batch train. time: 0.013436841964721679 seconds
Avg sample train. time: 0.0018049489206342555 seconds
Epoch 6 Training Summary: epoch: 6.000000 | loss: 1.550450 | 
Epoch runtime: 0.0 hours, 0.0 minutes, 0.08519482612609863 seconds

Avg epoch train. time: 0.0 hours, 0.0 minutes, 0.1149754524230957 seconds
Avg batch train. time: 0.012775050269232856 seconds
Avg sample train. time: 0.001716051528702921 seconds
Evaluating on validation set ...
Validation runtime: 0.0 hours, 0.0 minutes, 0.0076792240142822266 seconds

Avg val. time: 0.0 hours, 0.0 minutes, 0.055880069732666016 seconds
Avg batch val. time: 0.055880069732666016 seconds
Avg sample val. time: 0.006985008716583252 seconds
Epoch 6 Validation Summary: epoch: 6.000000 | loss: 1.576761 | accuracy: 0.125000 | precision: 0.047619 | 
Epoch 7 Training Summary: epoch: 7.000000 | loss: 1.606970 | 
Epoch runtime: 0.0 hours, 0.0 minutes, 0.08557558059692383 seconds

Avg epoch train. time: 0.0 hours, 0.0 minutes, 0.11077547073364258 seconds
Avg batch train. time: 0.012308385637071397 seconds
Avg sample train. time: 0.0016533652348304862 seconds
Epoch 8 Training Summary: epoch: 8.000000 | loss: 1.631661 | 
Epoch runtime: 0.0 hours, 0.0 minutes, 0.0856175422668457 seconds

Avg epoch train. time: 0.0 hours, 0.0 minutes, 0.10763072967529297 seconds
Avg batch train. time: 0.01195896996392144 seconds
Avg sample train. time: 0.0016064288011237756 seconds
Evaluating on validation set ...
Validation runtime: 0.0 hours, 0.0 minutes, 0.0065076351165771484 seconds

Avg val. time: 0.0 hours, 0.0 minutes, 0.047651330629984535 seconds
Avg batch val. time: 0.047651330629984535 seconds
Avg sample val. time: 0.005956416328748067 seconds
Epoch 8 Validation Summary: epoch: 8.000000 | loss: 1.550971 | accuracy: 0.375000 | precision: 0.440000 | 
Epoch 9 Training Summary: epoch: 9.000000 | loss: 1.585615 | 
Epoch runtime: 0.0 hours, 0.0 minutes, 0.08701562881469727 seconds

Avg epoch train. time: 0.0 hours, 0.0 minutes, 0.10534016291300456 seconds
Avg batch train. time: 0.011704462545889395 seconds
Avg sample train. time: 0.0015722412375075308 seconds
Epoch 10 Training Summary: epoch: 10.000000 | loss: 1.507535 | 
Epoch runtime: 0.0 hours, 0.0 minutes, 0.08522367477416992 seconds

Avg epoch train. time: 0.0 hours, 0.0 minutes, 0.1033285140991211 seconds
Avg batch train. time: 0.011480946011013455 seconds
Avg sample train. time: 0.001542216628345091 seconds
Evaluating on validation set ...
Validation runtime: 0.0 hours, 0.0 minutes, 0.007152080535888672 seconds

Avg val. time: 0.0 hours, 0.0 minutes, 0.041865723473685126 seconds
Avg batch val. time: 0.041865723473685126 seconds
Avg sample val. time: 0.005233215434210641 seconds
Epoch 10 Validation Summary: epoch: 10.000000 | loss: 1.509181 | accuracy: 0.625000 | precision: 0.666667 | 
Epoch 11 Training Summary: epoch: 11.000000 | loss: 1.507946 | 
Epoch runtime: 0.0 hours, 0.0 minutes, 0.0823221206665039 seconds

Avg epoch train. time: 0.0 hours, 0.0 minutes, 0.10141884196888316 seconds
Avg batch train. time: 0.011268760218764795 seconds
Avg sample train. time: 0.001513714059237062 seconds
Epoch 12 Training Summary: epoch: 12.000000 | loss: 1.506144 | 
Epoch runtime: 0.0 hours, 0.0 minutes, 0.08678793907165527 seconds

Avg epoch train. time: 0.0 hours, 0.0 minutes, 0.10019960006078084 seconds
Avg batch train. time: 0.011133288895642315 seconds
Avg sample train. time: 0.0014955164188176244 seconds
Evaluating on validation set ...
Validation runtime: 0.0 hours, 0.0 minutes, 0.0063610076904296875 seconds

Avg val. time: 0.0 hours, 0.0 minutes, 0.0374276340007782 seconds
Avg batch val. time: 0.0374276340007782 seconds
Avg sample val. time: 0.004678454250097275 seconds
Epoch 12 Validation Summary: epoch: 12.000000 | loss: 1.485142 | accuracy: 0.375000 | precision: 0.266667 | 
Epoch 13 Training Summary: epoch: 13.000000 | loss: 1.542563 | 
Epoch runtime: 0.0 hours, 0.0 minutes, 0.0816202163696289 seconds

Avg epoch train. time: 0.0 hours, 0.0 minutes, 0.09877041669992301 seconds
Avg batch train. time: 0.01097449074443589 seconds
Avg sample train. time: 0.0014741853238794478 seconds
Epoch 14 Training Summary: epoch: 14.000000 | loss: 1.504027 | 
Epoch runtime: 0.0 hours, 0.0 minutes, 0.08599185943603516 seconds

Avg epoch train. time: 0.0 hours, 0.0 minutes, 0.0978576626096453 seconds
Avg batch train. time: 0.010873073623293922 seconds
Avg sample train. time: 0.0014605621285021686 seconds
Evaluating on validation set ...
Validation runtime: 0.0 hours, 0.0 minutes, 0.006749153137207031 seconds

Avg val. time: 0.0 hours, 0.0 minutes, 0.034018913904825844 seconds
Avg batch val. time: 0.034018913904825844 seconds
Avg sample val. time: 0.0042523642381032305 seconds
Epoch 14 Validation Summary: epoch: 14.000000 | loss: 1.439354 | accuracy: 0.375000 | precision: 0.333333 | 
Epoch 15 Training Summary: epoch: 15.000000 | loss: 1.472311 | 
Epoch runtime: 0.0 hours, 0.0 minutes, 0.08194088935852051 seconds

Avg epoch train. time: 0.0 hours, 0.0 minutes, 0.09679654439290365 seconds
Avg batch train. time: 0.010755171599211516 seconds
Avg sample train. time: 0.0014447245431776664 seconds
Epoch 16 Training Summary: epoch: 16.000000 | loss: 1.359471 | 
Epoch runtime: 0.0 hours, 0.0 minutes, 0.08129286766052246 seconds

Avg epoch train. time: 0.0 hours, 0.0 minutes, 0.09582756459712982 seconds
Avg batch train. time: 0.01064750717745887 seconds
Avg sample train. time: 0.0014302621581661168 seconds
Evaluating on validation set ...
Validation runtime: 0.0 hours, 0.0 minutes, 0.006608247756958008 seconds

Avg val. time: 0.0 hours, 0.0 minutes, 0.03127784729003906 seconds
Avg batch val. time: 0.03127784729003906 seconds
Avg sample val. time: 0.0039097309112548825 seconds
Epoch 16 Validation Summary: epoch: 16.000000 | loss: 1.374263 | accuracy: 0.500000 | precision: 0.533333 | 
Epoch 17 Training Summary: epoch: 17.000000 | loss: 1.481222 | 
Epoch runtime: 0.0 hours, 0.0 minutes, 0.08170676231384277 seconds

Avg epoch train. time: 0.0 hours, 0.0 minutes, 0.09499692916870117 seconds
Avg batch train. time: 0.010555214352077909 seconds
Avg sample train. time: 0.0014178646144582265 seconds
Epoch 18 Training Summary: epoch: 18.000000 | loss: 1.234723 | 
Epoch runtime: 0.0 hours, 0.0 minutes, 0.08359146118164062 seconds

Avg epoch train. time: 0.0 hours, 0.0 minutes, 0.09436329205830891 seconds
Avg batch train. time: 0.010484810228700991 seconds
Avg sample train. time: 0.0014084073441538645 seconds
Evaluating on validation set ...
Validation runtime: 0.0 hours, 0.0 minutes, 0.006697177886962891 seconds

Avg val. time: 0.0 hours, 0.0 minutes, 0.029043240980668503 seconds
Avg batch val. time: 0.029043240980668503 seconds
Avg sample val. time: 0.003630405122583563 seconds
Epoch 18 Validation Summary: epoch: 18.000000 | loss: 1.331717 | accuracy: 0.500000 | precision: 0.428571 | 
Epoch 19 Training Summary: epoch: 19.000000 | loss: 1.224144 | 
Epoch runtime: 0.0 hours, 0.0 minutes, 0.08431220054626465 seconds

Avg epoch train. time: 0.0 hours, 0.0 minutes, 0.09383428724188554 seconds
Avg batch train. time: 0.01042603191576506 seconds
Avg sample train. time: 0.0014005117498788887 seconds
Epoch 20 Training Summary: epoch: 20.000000 | loss: 1.171883 | 
Epoch runtime: 0.0 hours, 0.0 minutes, 0.08874869346618652 seconds

Avg epoch train. time: 0.0 hours, 0.0 minutes, 0.09358000755310059 seconds
Avg batch train. time: 0.010397778617011176 seconds
Avg sample train. time: 0.0013967165306432924 seconds
Evaluating on validation set ...
Validation runtime: 0.0 hours, 0.0 minutes, 0.0067217350006103516 seconds

Avg val. time: 0.0 hours, 0.0 minutes, 0.027183115482330322 seconds
Avg batch val. time: 0.027183115482330322 seconds
Avg sample val. time: 0.0033978894352912903 seconds
Epoch 20 Validation Summary: epoch: 20.000000 | loss: 1.239586 | accuracy: 0.500000 | precision: 0.404762 | 
Epoch 21 Training Summary: epoch: 21.000000 | loss: 1.215192 | 
Epoch runtime: 0.0 hours, 0.0 minutes, 0.08559060096740723 seconds

Avg epoch train. time: 0.0 hours, 0.0 minutes, 0.09319955962044853 seconds
Avg batch train. time: 0.010355506624494281 seconds
Avg sample train. time: 0.0013910382032902766 seconds
Epoch 22 Training Summary: epoch: 22.000000 | loss: 1.069950 | 
Epoch runtime: 0.0 hours, 0.0 minutes, 0.08713841438293457 seconds

Avg epoch train. time: 0.0 hours, 0.0 minutes, 0.09292405301874335 seconds
Avg batch train. time: 0.010324894779860372 seconds
Avg sample train. time: 0.001386926164458856 seconds
Evaluating on validation set ...
Validation runtime: 0.0 hours, 0.0 minutes, 0.006604909896850586 seconds

Avg val. time: 0.0 hours, 0.0 minutes, 0.025600176591139574 seconds
Avg batch val. time: 0.025600176591139574 seconds
Avg sample val. time: 0.0032000220738924467 seconds
Epoch 22 Validation Summary: epoch: 22.000000 | loss: 1.224642 | accuracy: 0.500000 | precision: 0.404762 | 
Epoch 23 Training Summary: epoch: 23.000000 | loss: 1.036339 | 
Epoch runtime: 0.0 hours, 0.0 minutes, 0.09585356712341309 seconds

Avg epoch train. time: 0.0 hours, 0.0 minutes, 0.09305142319720724 seconds
Avg batch train. time: 0.010339047021911916 seconds
Avg sample train. time: 0.0013888272118986157 seconds
Epoch 24 Training Summary: epoch: 24.000000 | loss: 1.017374 | 
Epoch runtime: 0.0 hours, 0.0 minutes, 0.0875098705291748 seconds

Avg epoch train. time: 0.0 hours, 0.0 minutes, 0.09282052516937256 seconds
Avg batch train. time: 0.01031339168548584 seconds
Avg sample train. time: 0.0013853809726772023 seconds
Evaluating on validation set ...
Validation runtime: 0.0 hours, 0.0 minutes, 0.00690150260925293 seconds

Avg val. time: 0.0 hours, 0.0 minutes, 0.02426455702100481 seconds
Avg batch val. time: 0.02426455702100481 seconds
Avg sample val. time: 0.0030330696276256014 seconds
Epoch 24 Validation Summary: epoch: 24.000000 | loss: 1.221793 | accuracy: 0.500000 | precision: 0.428571 | 
Epoch 25 Training Summary: epoch: 25.000000 | loss: 0.978743 | 
Epoch runtime: 0.0 hours, 0.0 minutes, 0.09088134765625 seconds

Avg epoch train. time: 0.0 hours, 0.0 minutes, 0.09274295806884765 seconds
Avg batch train. time: 0.01030477311876085 seconds
Avg sample train. time: 0.00138422325475892 seconds
Epoch 26 Training Summary: epoch: 26.000000 | loss: 0.821941 | 
Epoch runtime: 0.0 hours, 0.0 minutes, 0.08489370346069336 seconds

Avg epoch train. time: 0.0 hours, 0.0 minutes, 0.09244106366084172 seconds
Avg batch train. time: 0.01027122929564908 seconds
Avg sample train. time: 0.0013797173680722644 seconds
Evaluating on validation set ...
Validation runtime: 0.0 hours, 0.0 minutes, 0.007474660873413086 seconds

Avg val. time: 0.0 hours, 0.0 minutes, 0.023145230611165364 seconds
Avg batch val. time: 0.023145230611165364 seconds
Avg sample val. time: 0.0028931538263956705 seconds
Epoch 26 Validation Summary: epoch: 26.000000 | loss: 1.235316 | accuracy: 0.500000 | precision: 0.520833 | 
Epoch 27 Training Summary: epoch: 27.000000 | loss: 0.843011 | 
Epoch runtime: 0.0 hours, 0.0 minutes, 0.0862722396850586 seconds

Avg epoch train. time: 0.0 hours, 0.0 minutes, 0.09221258869877567 seconds
Avg batch train. time: 0.010245843188752853 seconds
Avg sample train. time: 0.0013763072940115772 seconds
Epoch 28 Training Summary: epoch: 28.000000 | loss: 0.764987 | 
Epoch runtime: 0.0 hours, 0.0 minutes, 0.09287500381469727 seconds

Avg epoch train. time: 0.0 hours, 0.0 minutes, 0.09223624638148717 seconds
Avg batch train. time: 0.010248471820165242 seconds
Avg sample train. time: 0.0013766603937535398 seconds
Evaluating on validation set ...
Validation runtime: 0.0 hours, 0.0 minutes, 0.006878852844238281 seconds

Avg val. time: 0.0 hours, 0.0 minutes, 0.022128582000732422 seconds
Avg batch val. time: 0.022128582000732422 seconds
Avg sample val. time: 0.0027660727500915527 seconds
Epoch 28 Validation Summary: epoch: 28.000000 | loss: 1.343446 | accuracy: 0.500000 | precision: 0.520833 | 
Epoch 29 Training Summary: epoch: 29.000000 | loss: 0.744158 | 
Epoch runtime: 0.0 hours, 0.0 minutes, 0.0932316780090332 seconds

Avg epoch train. time: 0.0 hours, 0.0 minutes, 0.09227057161002324 seconds
Avg batch train. time: 0.010252285734447026 seconds
Avg sample train. time: 0.0013771727105973616 seconds
Epoch 30 Training Summary: epoch: 30.000000 | loss: 0.694125 | 
Epoch runtime: 0.0 hours, 0.0 minutes, 0.10129022598266602 seconds

Avg epoch train. time: 0.0 hours, 0.0 minutes, 0.09257122675577799 seconds
Avg batch train. time: 0.01028569186175311 seconds
Avg sample train. time: 0.0013816601008325073 seconds
Evaluating on validation set ...
Validation runtime: 0.0 hours, 0.0 minutes, 0.007173061370849609 seconds

Avg val. time: 0.0 hours, 0.0 minutes, 0.021248845493092257 seconds
Avg batch val. time: 0.021248845493092257 seconds
Avg sample val. time: 0.002656105686636532 seconds
Epoch 30 Validation Summary: epoch: 30.000000 | loss: 1.396068 | accuracy: 0.375000 | precision: 0.452381 | 
Epoch 31 Training Summary: epoch: 31.000000 | loss: 0.645983 | 
Epoch runtime: 0.0 hours, 0.0 minutes, 0.0884695053100586 seconds

Avg epoch train. time: 0.0 hours, 0.0 minutes, 0.09243891316075478 seconds
Avg batch train. time: 0.010270990351194977 seconds
Avg sample train. time: 0.0013796852710560416 seconds
Epoch 32 Training Summary: epoch: 32.000000 | loss: 0.566460 | 
Epoch runtime: 0.0 hours, 0.0 minutes, 0.09751033782958984 seconds

Avg epoch train. time: 0.0 hours, 0.0 minutes, 0.09259739518165588 seconds
Avg batch train. time: 0.010288599464628432 seconds
Avg sample train. time: 0.0013820506743530729 seconds
Evaluating on validation set ...
Validation runtime: 0.0 hours, 0.0 minutes, 0.007661581039428711 seconds

Avg val. time: 0.0 hours, 0.0 minutes, 0.020493997467888728 seconds
Avg batch val. time: 0.020493997467888728 seconds
Avg sample val. time: 0.002561749683486091 seconds
Epoch 32 Validation Summary: epoch: 32.000000 | loss: 1.324319 | accuracy: 0.500000 | precision: 0.523810 | 
Epoch 33 Training Summary: epoch: 33.000000 | loss: 0.534723 | 
Epoch runtime: 0.0 hours, 0.0 minutes, 0.09180831909179688 seconds

Avg epoch train. time: 0.0 hours, 0.0 minutes, 0.09257348378499348 seconds
Avg batch train. time: 0.010285942642777053 seconds
Avg sample train. time: 0.0013816937878357236 seconds
Epoch 34 Training Summary: epoch: 34.000000 | loss: 0.481644 | 
Epoch runtime: 0.0 hours, 0.0 minutes, 0.09052133560180664 seconds

Avg epoch train. time: 0.0 hours, 0.0 minutes, 0.092513126485488 seconds
Avg batch train. time: 0.010279236276165333 seconds
Avg sample train. time: 0.0013807929326192239 seconds
Evaluating on validation set ...
Validation runtime: 0.0 hours, 0.0 minutes, 0.007965087890625 seconds

Avg val. time: 0.0 hours, 0.0 minutes, 0.01983458117434853 seconds
Avg batch val. time: 0.01983458117434853 seconds
Avg sample val. time: 0.002479322646793566 seconds
Epoch 34 Validation Summary: epoch: 34.000000 | loss: 1.479355 | accuracy: 0.375000 | precision: 0.452381 | 
Epoch 35 Training Summary: epoch: 35.000000 | loss: 0.567106 | 
Epoch runtime: 0.0 hours, 0.0 minutes, 0.09161043167114258 seconds

Avg epoch train. time: 0.0 hours, 0.0 minutes, 0.09248733520507812 seconds
Avg batch train. time: 0.010276370578342013 seconds
Avg sample train. time: 0.0013804079881354944 seconds
Epoch 36 Training Summary: epoch: 36.000000 | loss: 0.436066 | 
Epoch runtime: 0.0 hours, 0.0 minutes, 0.09039521217346191 seconds

Avg epoch train. time: 0.0 hours, 0.0 minutes, 0.09242922067642212 seconds
Avg batch train. time: 0.010269913408491347 seconds
Avg sample train. time: 0.001379540607110778 seconds
Evaluating on validation set ...
Validation runtime: 0.0 hours, 0.0 minutes, 0.007301807403564453 seconds

Avg val. time: 0.0 hours, 0.0 minutes, 0.019207942485809325 seconds
Avg batch val. time: 0.019207942485809325 seconds
Avg sample val. time: 0.0024009928107261657 seconds
Epoch 36 Validation Summary: epoch: 36.000000 | loss: 1.514303 | accuracy: 0.500000 | precision: 0.595238 | 
Epoch 37 Training Summary: epoch: 37.000000 | loss: 0.369951 | 
Epoch runtime: 0.0 hours, 0.0 minutes, 0.09514403343200684 seconds

Avg epoch train. time: 0.0 hours, 0.0 minutes, 0.09250259399414062 seconds
Avg batch train. time: 0.010278065999348959 seconds
Avg sample train. time: 0.0013806357312558303 seconds
Epoch 38 Training Summary: epoch: 38.000000 | loss: 0.303144 | 
Epoch runtime: 0.0 hours, 0.0 minutes, 0.08764505386352539 seconds

Avg epoch train. time: 0.0 hours, 0.0 minutes, 0.09237476399070338 seconds
Avg batch train. time: 0.010263862665633708 seconds
Avg sample train. time: 0.0013787278207567668 seconds
Evaluating on validation set ...
Validation runtime: 0.0 hours, 0.0 minutes, 0.007348060607910156 seconds

Avg val. time: 0.0 hours, 0.0 minutes, 0.018643186205909365 seconds
Avg batch val. time: 0.018643186205909365 seconds
Avg sample val. time: 0.0023303982757386706 seconds
Epoch 38 Validation Summary: epoch: 38.000000 | loss: 1.629099 | accuracy: 0.375000 | precision: 0.452381 | 
Epoch 39 Training Summary: epoch: 39.000000 | loss: 0.361357 | 
Epoch runtime: 0.0 hours, 0.0 minutes, 0.09184503555297852 seconds

Avg epoch train. time: 0.0 hours, 0.0 minutes, 0.0923611812102489 seconds
Avg batch train. time: 0.010262353467805433 seconds
Avg sample train. time: 0.0013785250926902821 seconds
Epoch 40 Training Summary: epoch: 40.000000 | loss: 0.328061 | 
Epoch runtime: 0.0 hours, 0.0 minutes, 0.09242820739746094 seconds

Avg epoch train. time: 0.0 hours, 0.0 minutes, 0.0923628568649292 seconds
Avg batch train. time: 0.010262539651658801 seconds
Avg sample train. time: 0.00137855010246163 seconds
Evaluating on validation set ...
Validation runtime: 0.0 hours, 0.0 minutes, 0.006917476654052734 seconds

Avg val. time: 0.0 hours, 0.0 minutes, 0.018110199408097702 seconds
Avg batch val. time: 0.018110199408097702 seconds
Avg sample val. time: 0.0022637749260122127 seconds
Epoch 40 Validation Summary: epoch: 40.000000 | loss: 1.506094 | accuracy: 0.500000 | precision: 0.523810 | 
Best accuracy was 0.625. Other metrics: OrderedDict([('epoch', 10), ('loss', 1.5091807842254639), ('accuracy', 0.625), ('precision', 0.6666666666666667)])
All Done!
Total runtime: 0.0 hours, 0.0 minutes, 7.062142372131348 seconds

