Running:
src/main_crosssetting.py --output_dir experiments --target_user Zeyu --user_othersetting ZeyuZoom --comment classification from Scratch --name VRS_fromScratch --records_file VRS_records.xls --data_dir /mnt/d/OneDrive - Southern Methodist University/Phone_Privacy/input_feature/opticalflow_22_downsample_480p_s22 --test_data_dir /mnt/d/OneDrive - Southern Methodist University/Phone_Privacy/input_feature/opticalflow_22_downsample_480p_s22 --data_class vrs --val_ratio 0.1 --epochs 40 --lr 0.001 --dropout 0.2 --batch_size 8 --num_layers 3 --num_heads 4 --optimizer RAdam --pos_encoding learnable --task classification --normalization none --key_metric accuracy

Using device: cuda
Loading and preprocessing data ...
67 samples may be used for training
8 samples will be used for validation
0 samples will be used for testing
Creating model ...
Model:
TSTransformerEncoderClassiregressor(
  (project_inp): Linear(in_features=8, out_features=64, bias=True)
  (pos_enc): LearnablePositionalEncoding(
    (dropout): Dropout(p=0.2, inplace=False)
  )
  (transformer_encoder): TransformerEncoder(
    (layers): ModuleList(
      (0-2): 3 x TransformerBatchNormEncoderLayer(
        (self_attn): MultiheadAttention(
          (out_proj): NonDynamicallyQuantizableLinear(in_features=64, out_features=64, bias=True)
        )
        (linear1): Linear(in_features=64, out_features=256, bias=True)
        (dropout): Dropout(p=0.2, inplace=False)
        (linear2): Linear(in_features=256, out_features=64, bias=True)
        (norm1): BatchNorm1d(64, eps=1e-05, momentum=0.1, affine=True, track_running_stats=True)
        (norm2): BatchNorm1d(64, eps=1e-05, momentum=0.1, affine=True, track_running_stats=True)
        (dropout1): Dropout(p=0.2, inplace=False)
        (dropout2): Dropout(p=0.2, inplace=False)
      )
    )
  )
  (dropout1): Dropout(p=0.2, inplace=False)
  (output_layer): Linear(in_features=5120, out_features=5, bias=True)
)
Total number of parameters: 181253
Trainable parameters: 181253
Evaluating on validation set ...
Validation runtime: 0.0 hours, 0.0 minutes, 0.2253115177154541 seconds

Avg val. time: 0.0 hours, 0.0 minutes, 0.2253115177154541 seconds
Avg batch val. time: 0.2253115177154541 seconds
Avg sample val. time: 0.028163939714431763 seconds
Epoch 0 Validation Summary: epoch: 0.000000 | loss: 6.090017 | accuracy: 0.125000 | precision: 0.100000 | 
Starting training...
Epoch 1 Training Summary: epoch: 1.000000 | loss: 1.675273 | 
Epoch runtime: 0.0 hours, 0.0 minutes, 0.23098111152648926 seconds

Avg epoch train. time: 0.0 hours, 0.0 minutes, 0.23098111152648926 seconds
Avg batch train. time: 0.025664567947387695 seconds
Avg sample train. time: 0.003447479276514765 seconds
Evaluating on validation set ...
Validation runtime: 0.0 hours, 0.0 minutes, 0.007254123687744141 seconds

Avg val. time: 0.0 hours, 0.0 minutes, 0.11628282070159912 seconds
Avg batch val. time: 0.11628282070159912 seconds
Avg sample val. time: 0.01453535258769989 seconds
Epoch 1 Validation Summary: epoch: 1.000000 | loss: 1.627563 | accuracy: 0.125000 | precision: 0.083333 | 
Epoch 2 Training Summary: epoch: 2.000000 | loss: 1.592482 | 
Epoch runtime: 0.0 hours, 0.0 minutes, 0.09366035461425781 seconds

Avg epoch train. time: 0.0 hours, 0.0 minutes, 0.16232073307037354 seconds
Avg batch train. time: 0.01803563700781928 seconds
Avg sample train. time: 0.002422697508513038 seconds
Evaluating on validation set ...
Validation runtime: 0.0 hours, 0.0 minutes, 0.00661921501159668 seconds

Avg val. time: 0.0 hours, 0.0 minutes, 0.07972828547159831 seconds
Avg batch val. time: 0.07972828547159831 seconds
Avg sample val. time: 0.009966035683949789 seconds
Epoch 2 Validation Summary: epoch: 2.000000 | loss: 1.566982 | accuracy: 0.125000 | precision: 0.166667 | 
Epoch 3 Training Summary: epoch: 3.000000 | loss: 1.591012 | 
Epoch runtime: 0.0 hours, 0.0 minutes, 0.08363008499145508 seconds

Avg epoch train. time: 0.0 hours, 0.0 minutes, 0.13609051704406738 seconds
Avg batch train. time: 0.015121168560451932 seconds
Avg sample train. time: 0.0020312017469263787 seconds
Epoch 4 Training Summary: epoch: 4.000000 | loss: 1.539291 | 
Epoch runtime: 0.0 hours, 0.0 minutes, 0.08930420875549316 seconds

Avg epoch train. time: 0.0 hours, 0.0 minutes, 0.12439393997192383 seconds
Avg batch train. time: 0.013821548885769315 seconds
Avg sample train. time: 0.0018566259697302065 seconds
Evaluating on validation set ...
Validation runtime: 0.0 hours, 0.0 minutes, 0.006731271743774414 seconds

Avg val. time: 0.0 hours, 0.0 minutes, 0.061479032039642334 seconds
Avg batch val. time: 0.061479032039642334 seconds
Avg sample val. time: 0.007684879004955292 seconds
Epoch 4 Validation Summary: epoch: 4.000000 | loss: 1.527920 | accuracy: 0.250000 | precision: 0.238095 | 
Epoch 5 Training Summary: epoch: 5.000000 | loss: 1.415185 | 
Epoch runtime: 0.0 hours, 0.0 minutes, 0.08642339706420898 seconds

Avg epoch train. time: 0.0 hours, 0.0 minutes, 0.11679983139038086 seconds
Avg batch train. time: 0.01297775904337565 seconds
Avg sample train. time: 0.0017432810655280725 seconds
Epoch 6 Training Summary: epoch: 6.000000 | loss: 1.389852 | 
Epoch runtime: 0.0 hours, 0.0 minutes, 0.09002518653869629 seconds

Avg epoch train. time: 0.0 hours, 0.0 minutes, 0.11233739058176677 seconds
Avg batch train. time: 0.012481932286862974 seconds
Avg sample train. time: 0.0016766774713696533 seconds
Evaluating on validation set ...
Validation runtime: 0.0 hours, 0.0 minutes, 0.006803989410400391 seconds

Avg val. time: 0.0 hours, 0.0 minutes, 0.050544023513793945 seconds
Avg batch val. time: 0.050544023513793945 seconds
Avg sample val. time: 0.006318002939224243 seconds
Epoch 6 Validation Summary: epoch: 6.000000 | loss: 1.487446 | accuracy: 0.375000 | precision: 0.300000 | 
Epoch 7 Training Summary: epoch: 7.000000 | loss: 1.352330 | 
Epoch runtime: 0.0 hours, 0.0 minutes, 0.08605837821960449 seconds

Avg epoch train. time: 0.0 hours, 0.0 minutes, 0.10858324595860072 seconds
Avg batch train. time: 0.012064805106511192 seconds
Avg sample train. time: 0.0016206454620686674 seconds
Epoch 8 Training Summary: epoch: 8.000000 | loss: 1.253481 | 
Epoch runtime: 0.0 hours, 0.0 minutes, 0.08424878120422363 seconds

Avg epoch train. time: 0.0 hours, 0.0 minutes, 0.10554143786430359 seconds
Avg batch train. time: 0.011726826429367065 seconds
Avg sample train. time: 0.0015752453412582626 seconds
Evaluating on validation set ...
Validation runtime: 0.0 hours, 0.0 minutes, 0.006300210952758789 seconds

Avg val. time: 0.0 hours, 0.0 minutes, 0.04317005475362142 seconds
Avg batch val. time: 0.04317005475362142 seconds
Avg sample val. time: 0.005396256844202678 seconds
Epoch 8 Validation Summary: epoch: 8.000000 | loss: 1.449459 | accuracy: 0.375000 | precision: 0.444444 | 
Epoch 9 Training Summary: epoch: 9.000000 | loss: 1.220946 | 
Epoch runtime: 0.0 hours, 0.0 minutes, 0.08623147010803223 seconds

Avg epoch train. time: 0.0 hours, 0.0 minutes, 0.10339588589138454 seconds
Avg batch train. time: 0.011488431765709394 seconds
Avg sample train. time: 0.0015432221774833513 seconds
Epoch 10 Training Summary: epoch: 10.000000 | loss: 1.263934 | 
Epoch runtime: 0.0 hours, 0.0 minutes, 0.08343935012817383 seconds

Avg epoch train. time: 0.0 hours, 0.0 minutes, 0.10140023231506348 seconds
Avg batch train. time: 0.011266692479451498 seconds
Avg sample train. time: 0.0015134363032099027 seconds
Evaluating on validation set ...
Validation runtime: 0.0 hours, 0.0 minutes, 0.0068759918212890625 seconds

Avg val. time: 0.0 hours, 0.0 minutes, 0.037985188620431085 seconds
Avg batch val. time: 0.037985188620431085 seconds
Avg sample val. time: 0.004748148577553886 seconds
Epoch 10 Validation Summary: epoch: 10.000000 | loss: 1.374553 | accuracy: 0.375000 | precision: 0.428571 | 
Epoch 11 Training Summary: epoch: 11.000000 | loss: 1.120378 | 
Epoch runtime: 0.0 hours, 0.0 minutes, 0.08163619041442871 seconds

Avg epoch train. time: 0.0 hours, 0.0 minutes, 0.09960350123318759 seconds
Avg batch train. time: 0.011067055692576398 seconds
Avg sample train. time: 0.0014866194213908595 seconds
Epoch 12 Training Summary: epoch: 12.000000 | loss: 1.021073 | 
Epoch runtime: 0.0 hours, 0.0 minutes, 0.0894002914428711 seconds

Avg epoch train. time: 0.0 hours, 0.0 minutes, 0.09875323375066121 seconds
Avg batch train. time: 0.010972581527851246 seconds
Avg sample train. time: 0.0014739288619501673 seconds
Evaluating on validation set ...
Validation runtime: 0.0 hours, 0.0 minutes, 0.006834506988525391 seconds

Avg val. time: 0.0 hours, 0.0 minutes, 0.03409135341644287 seconds
Avg batch val. time: 0.03409135341644287 seconds
Avg sample val. time: 0.004261419177055359 seconds
Epoch 12 Validation Summary: epoch: 12.000000 | loss: 1.368241 | accuracy: 0.375000 | precision: 0.444444 | 
Epoch 13 Training Summary: epoch: 13.000000 | loss: 1.079170 | 
Epoch runtime: 0.0 hours, 0.0 minutes, 0.09522128105163574 seconds

Avg epoch train. time: 0.0 hours, 0.0 minutes, 0.0984815450815054 seconds
Avg batch train. time: 0.010942393897945045 seconds
Avg sample train. time: 0.0014698738071866478 seconds
Epoch 14 Training Summary: epoch: 14.000000 | loss: 1.035934 | 
Epoch runtime: 0.0 hours, 0.0 minutes, 0.10174965858459473 seconds

Avg epoch train. time: 0.0 hours, 0.0 minutes, 0.0987149817602975 seconds
Avg batch train. time: 0.010968331306699722 seconds
Avg sample train. time: 0.0014733579367208582 seconds
Evaluating on validation set ...
Validation runtime: 0.0 hours, 0.0 minutes, 0.007542610168457031 seconds

Avg val. time: 0.0 hours, 0.0 minutes, 0.031141493055555556 seconds
Avg batch val. time: 0.031141493055555556 seconds
Avg sample val. time: 0.0038926866319444445 seconds
Epoch 14 Validation Summary: epoch: 14.000000 | loss: 1.429089 | accuracy: 0.375000 | precision: 0.444444 | 
Epoch 15 Training Summary: epoch: 15.000000 | loss: 0.944890 | 
Epoch runtime: 0.0 hours, 0.0 minutes, 0.09416532516479492 seconds

Avg epoch train. time: 0.0 hours, 0.0 minutes, 0.09841167132059733 seconds
Avg batch train. time: 0.010934630146733036 seconds
Avg sample train. time: 0.001468830915232796 seconds
Epoch 16 Training Summary: epoch: 16.000000 | loss: 0.891777 | 
Epoch runtime: 0.0 hours, 0.0 minutes, 0.09165692329406738 seconds

Avg epoch train. time: 0.0 hours, 0.0 minutes, 0.09798949956893921 seconds
Avg batch train. time: 0.010887722174326578 seconds
Avg sample train. time: 0.0014625298443125254 seconds
Evaluating on validation set ...
Validation runtime: 0.0 hours, 0.0 minutes, 0.0071413516998291016 seconds

Avg val. time: 0.0 hours, 0.0 minutes, 0.02874147891998291 seconds
Avg batch val. time: 0.02874147891998291 seconds
Avg sample val. time: 0.0035926848649978638 seconds
Epoch 16 Validation Summary: epoch: 16.000000 | loss: 1.418830 | accuracy: 0.375000 | precision: 0.444444 | 
Epoch 17 Training Summary: epoch: 17.000000 | loss: 0.886660 | 
Epoch runtime: 0.0 hours, 0.0 minutes, 0.09047770500183105 seconds

Avg epoch train. time: 0.0 hours, 0.0 minutes, 0.09754762930028579 seconds
Avg batch train. time: 0.010838625477809533 seconds
Avg sample train. time: 0.0014559347656759073 seconds
Epoch 18 Training Summary: epoch: 18.000000 | loss: 0.860617 | 
Epoch runtime: 0.0 hours, 0.0 minutes, 0.09363412857055664 seconds

Avg epoch train. time: 0.0 hours, 0.0 minutes, 0.09733021259307861 seconds
Avg batch train. time: 0.010814468065897623 seconds
Avg sample train. time: 0.0014526897401952032 seconds
Evaluating on validation set ...
Validation runtime: 0.0 hours, 0.0 minutes, 0.009083986282348633 seconds

Avg val. time: 0.0 hours, 0.0 minutes, 0.02695443413474343 seconds
Avg batch val. time: 0.02695443413474343 seconds
Avg sample val. time: 0.003369304266842929 seconds
Epoch 18 Validation Summary: epoch: 18.000000 | loss: 1.359164 | accuracy: 0.375000 | precision: 0.444444 | 
Epoch 19 Training Summary: epoch: 19.000000 | loss: 0.753867 | 
Epoch runtime: 0.0 hours, 0.0 minutes, 0.09551286697387695 seconds

Avg epoch train. time: 0.0 hours, 0.0 minutes, 0.09723456282364695 seconds
Avg batch train. time: 0.010803840313738551 seconds
Avg sample train. time: 0.0014512621316962232 seconds
Epoch 20 Training Summary: epoch: 20.000000 | loss: 0.733001 | 
Epoch runtime: 0.0 hours, 0.0 minutes, 0.08800435066223145 seconds

Avg epoch train. time: 0.0 hours, 0.0 minutes, 0.09677305221557617 seconds
Avg batch train. time: 0.010752561357286241 seconds
Avg sample train. time: 0.0014443739136653158 seconds
Evaluating on validation set ...
Validation runtime: 0.0 hours, 0.0 minutes, 0.007110595703125 seconds

Avg val. time: 0.0 hours, 0.0 minutes, 0.025300780932108562 seconds
Avg batch val. time: 0.025300780932108562 seconds
Avg sample val. time: 0.0031625976165135703 seconds
Epoch 20 Validation Summary: epoch: 20.000000 | loss: 1.239664 | accuracy: 0.375000 | precision: 0.428571 | 
Epoch 21 Training Summary: epoch: 21.000000 | loss: 0.692755 | 
Epoch runtime: 0.0 hours, 0.0 minutes, 0.09076070785522461 seconds

Avg epoch train. time: 0.0 hours, 0.0 minutes, 0.09648675010317848 seconds
Avg batch train. time: 0.010720750011464275 seconds
Avg sample train. time: 0.001440100747808634 seconds
Epoch 22 Training Summary: epoch: 22.000000 | loss: 0.704044 | 
Epoch runtime: 0.0 hours, 0.0 minutes, 0.10409951210021973 seconds

Avg epoch train. time: 0.0 hours, 0.0 minutes, 0.09683278473940762 seconds
Avg batch train. time: 0.010759198304378624 seconds
Avg sample train. time: 0.0014452654438717556 seconds
Evaluating on validation set ...
Validation runtime: 0.0 hours, 0.0 minutes, 0.008142232894897461 seconds

Avg val. time: 0.0 hours, 0.0 minutes, 0.02398089262155386 seconds
Avg batch val. time: 0.02398089262155386 seconds
Avg sample val. time: 0.0029976115776942326 seconds
Epoch 22 Validation Summary: epoch: 22.000000 | loss: 1.261365 | accuracy: 0.375000 | precision: 0.428571 | 
Epoch 23 Training Summary: epoch: 23.000000 | loss: 0.628432 | 
Epoch runtime: 0.0 hours, 0.0 minutes, 0.08511137962341309 seconds

Avg epoch train. time: 0.0 hours, 0.0 minutes, 0.09632315843001656 seconds
Avg batch train. time: 0.010702573158890729 seconds
Avg sample train. time: 0.0014376590810450233 seconds
Epoch 24 Training Summary: epoch: 24.000000 | loss: 0.567880 | 
Epoch runtime: 0.0 hours, 0.0 minutes, 0.0872344970703125 seconds

Avg epoch train. time: 0.0 hours, 0.0 minutes, 0.09594446420669556 seconds
Avg batch train. time: 0.010660496022966173 seconds
Avg sample train. time: 0.0014320069284581426 seconds
Evaluating on validation set ...
Validation runtime: 0.0 hours, 0.0 minutes, 0.007317066192626953 seconds

Avg val. time: 0.0 hours, 0.0 minutes, 0.022790619305201938 seconds
Avg batch val. time: 0.022790619305201938 seconds
Avg sample val. time: 0.0028488274131502423 seconds
Epoch 24 Validation Summary: epoch: 24.000000 | loss: 1.184332 | accuracy: 0.375000 | precision: 0.533333 | 
Epoch 25 Training Summary: epoch: 25.000000 | loss: 0.502926 | 
Epoch runtime: 0.0 hours, 0.0 minutes, 0.08599519729614258 seconds

Avg epoch train. time: 0.0 hours, 0.0 minutes, 0.09554649353027343 seconds
Avg batch train. time: 0.01061627705891927 seconds
Avg sample train. time: 0.0014260670676160213 seconds
Epoch 26 Training Summary: epoch: 26.000000 | loss: 0.502498 | 
Epoch runtime: 0.0 hours, 0.0 minutes, 0.08828020095825195 seconds

Avg epoch train. time: 0.0 hours, 0.0 minutes, 0.09526702073904184 seconds
Avg batch train. time: 0.010585224526560204 seconds
Avg sample train. time: 0.0014218958319259976 seconds
Evaluating on validation set ...
Validation runtime: 0.0 hours, 0.0 minutes, 0.007426738739013672 seconds

Avg val. time: 0.0 hours, 0.0 minutes, 0.02176636060078939 seconds
Avg batch val. time: 0.02176636060078939 seconds
Avg sample val. time: 0.0027207950750986736 seconds
Epoch 26 Validation Summary: epoch: 26.000000 | loss: 1.420955 | accuracy: 0.375000 | precision: 0.533333 | 
Epoch 27 Training Summary: epoch: 27.000000 | loss: 0.414966 | 
Epoch runtime: 0.0 hours, 0.0 minutes, 0.0876932144165039 seconds

Avg epoch train. time: 0.0 hours, 0.0 minutes, 0.09498650939376266 seconds
Avg batch train. time: 0.010554056599306963 seconds
Avg sample train. time: 0.0014177090954292934 seconds
Epoch 28 Training Summary: epoch: 28.000000 | loss: 0.429725 | 
Epoch runtime: 0.0 hours, 0.0 minutes, 0.09225273132324219 seconds

Avg epoch train. time: 0.0 hours, 0.0 minutes, 0.09488887446267265 seconds
Avg batch train. time: 0.010543208273630294 seconds
Avg sample train. time: 0.0014162518576518305 seconds
Evaluating on validation set ...
Validation runtime: 0.0 hours, 0.0 minutes, 0.0071392059326171875 seconds

Avg val. time: 0.0 hours, 0.0 minutes, 0.020852163434028625 seconds
Avg batch val. time: 0.020852163434028625 seconds
Avg sample val. time: 0.002606520429253578 seconds
Epoch 28 Validation Summary: epoch: 28.000000 | loss: 1.198214 | accuracy: 0.375000 | precision: 0.428571 | 
Epoch 29 Training Summary: epoch: 29.000000 | loss: 0.381360 | 
Epoch runtime: 0.0 hours, 0.0 minutes, 0.09197163581848145 seconds

Avg epoch train. time: 0.0 hours, 0.0 minutes, 0.09478828002666605 seconds
Avg batch train. time: 0.010532031114074004 seconds
Avg sample train. time: 0.0014147504481591946 seconds
Epoch 30 Training Summary: epoch: 30.000000 | loss: 0.329407 | 
Epoch runtime: 0.0 hours, 0.0 minutes, 0.10448694229125977 seconds

Avg epoch train. time: 0.0 hours, 0.0 minutes, 0.09511156876881917 seconds
Avg batch train. time: 0.010567952085424352 seconds
Avg sample train. time: 0.0014195756532659578 seconds
Evaluating on validation set ...
Validation runtime: 0.0 hours, 0.0 minutes, 0.007807493209838867 seconds

Avg val. time: 0.0 hours, 0.0 minutes, 0.020084829891429228 seconds
Avg batch val. time: 0.020084829891429228 seconds
Avg sample val. time: 0.0025106037364286534 seconds
Epoch 30 Validation Summary: epoch: 30.000000 | loss: 1.368588 | accuracy: 0.500000 | precision: 0.660000 | 
Epoch 31 Training Summary: epoch: 31.000000 | loss: 0.330797 | 
Epoch runtime: 0.0 hours, 0.0 minutes, 0.09235692024230957 seconds

Avg epoch train. time: 0.0 hours, 0.0 minutes, 0.09502270913893177 seconds
Avg batch train. time: 0.01055807879321464 seconds
Avg sample train. time: 0.0014182493901333099 seconds
Epoch 32 Training Summary: epoch: 32.000000 | loss: 0.294696 | 
Epoch runtime: 0.0 hours, 0.0 minutes, 0.08915448188781738 seconds

Avg epoch train. time: 0.0 hours, 0.0 minutes, 0.09483932703733444 seconds
Avg batch train. time: 0.010537703004148271 seconds
Avg sample train. time: 0.0014155123438408127 seconds
Evaluating on validation set ...
Validation runtime: 0.0 hours, 0.0 minutes, 0.006681919097900391 seconds

Avg val. time: 0.0 hours, 0.0 minutes, 0.019340223736233182 seconds
Avg batch val. time: 0.019340223736233182 seconds
Avg sample val. time: 0.0024175279670291478 seconds
Epoch 32 Validation Summary: epoch: 32.000000 | loss: 1.263183 | accuracy: 0.625000 | precision: 0.760000 | 
Epoch 33 Training Summary: epoch: 33.000000 | loss: 0.277625 | 
Epoch runtime: 0.0 hours, 0.0 minutes, 0.08742809295654297 seconds

Avg epoch train. time: 0.0 hours, 0.0 minutes, 0.09461474418640137 seconds
Avg batch train. time: 0.010512749354044596 seconds
Avg sample train. time: 0.0014121603609910651 seconds
Epoch 34 Training Summary: epoch: 34.000000 | loss: 0.286513 | 
Epoch runtime: 0.0 hours, 0.0 minutes, 0.08799147605895996 seconds

Avg epoch train. time: 0.0 hours, 0.0 minutes, 0.0944199421826531 seconds
Avg batch train. time: 0.010491104686961454 seconds
Avg sample train. time: 0.0014092528683978074 seconds
Evaluating on validation set ...
Validation runtime: 0.0 hours, 0.0 minutes, 0.007196664810180664 seconds

Avg val. time: 0.0 hours, 0.0 minutes, 0.018701089055914628 seconds
Avg batch val. time: 0.018701089055914628 seconds
Avg sample val. time: 0.0023376361319893285 seconds
Epoch 34 Validation Summary: epoch: 34.000000 | loss: 1.429974 | accuracy: 0.500000 | precision: 0.733333 | 
Epoch 35 Training Summary: epoch: 35.000000 | loss: 0.202117 | 
Epoch runtime: 0.0 hours, 0.0 minutes, 0.08609247207641602 seconds

Avg epoch train. time: 0.0 hours, 0.0 minutes, 0.09418201446533203 seconds
Avg batch train. time: 0.010464668273925781 seconds
Avg sample train. time: 0.0014057017084377916 seconds
Epoch 36 Training Summary: epoch: 36.000000 | loss: 0.166142 | 
Epoch runtime: 0.0 hours, 0.0 minutes, 0.09792852401733398 seconds

Avg epoch train. time: 0.0 hours, 0.0 minutes, 0.09428608417510986 seconds
Avg batch train. time: 0.010476231575012207 seconds
Avg sample train. time: 0.001407254987688207 seconds
Evaluating on validation set ...
Validation runtime: 0.0 hours, 0.0 minutes, 0.007955789566040039 seconds

Avg val. time: 0.0 hours, 0.0 minutes, 0.0181638240814209 seconds
Avg batch val. time: 0.0181638240814209 seconds
Avg sample val. time: 0.0022704780101776125 seconds
Epoch 36 Validation Summary: epoch: 36.000000 | loss: 1.315660 | accuracy: 0.625000 | precision: 0.760000 | 
Epoch 37 Training Summary: epoch: 37.000000 | loss: 0.205197 | 
Epoch runtime: 0.0 hours, 0.0 minutes, 0.09527015686035156 seconds

Avg epoch train. time: 0.0 hours, 0.0 minutes, 0.09431268073417046 seconds
Avg batch train. time: 0.010479186748241161 seconds
Avg sample train. time: 0.0014076519512562756 seconds
Epoch 38 Training Summary: epoch: 38.000000 | loss: 0.145422 | 
Epoch runtime: 0.0 hours, 0.0 minutes, 0.09003758430480957 seconds

Avg epoch train. time: 0.0 hours, 0.0 minutes, 0.09420017819655568 seconds
Avg batch train. time: 0.010466686466283966 seconds
Avg sample train. time: 0.0014059728089038162 seconds
Evaluating on validation set ...
Validation runtime: 0.0 hours, 0.0 minutes, 0.007330894470214844 seconds

Avg val. time: 0.0 hours, 0.0 minutes, 0.017647970290411086 seconds
Avg batch val. time: 0.017647970290411086 seconds
Avg sample val. time: 0.002205996286301386 seconds
Epoch 38 Validation Summary: epoch: 38.000000 | loss: 1.603026 | accuracy: 0.500000 | precision: 0.733333 | 
Epoch 39 Training Summary: epoch: 39.000000 | loss: 0.171002 | 
Epoch runtime: 0.0 hours, 0.0 minutes, 0.0893700122833252 seconds

Avg epoch train. time: 0.0 hours, 0.0 minutes, 0.09407632778852414 seconds
Avg batch train. time: 0.010452925309836015 seconds
Avg sample train. time: 0.0014041242953511065 seconds
Epoch 40 Training Summary: epoch: 40.000000 | loss: 0.128204 | 
Epoch runtime: 0.0 hours, 0.0 minutes, 0.08896040916442871 seconds

Avg epoch train. time: 0.0 hours, 0.0 minutes, 0.09394842982292176 seconds
Avg batch train. time: 0.010438714424769084 seconds
Avg sample train. time: 0.0014022153704913696 seconds
Evaluating on validation set ...
Validation runtime: 0.0 hours, 0.0 minutes, 0.006958961486816406 seconds

Avg val. time: 0.0 hours, 0.0 minutes, 0.017162106253884056 seconds
Avg batch val. time: 0.017162106253884056 seconds
Avg sample val. time: 0.002145263281735507 seconds
Epoch 40 Validation Summary: epoch: 40.000000 | loss: 1.482991 | accuracy: 0.375000 | precision: 0.388889 | 
Best accuracy was 0.625. Other metrics: OrderedDict([('epoch', 32), ('loss', 1.2631828784942627), ('accuracy', 0.625), ('precision', 0.76)])
All Done!
Total runtime: 0.0 hours, 0.0 minutes, 6.786605596542358 seconds

