Running:
src/main_crosssetting.py --output_dir experiments --target_user Zeyu --user_othersetting ZeyuZoom --comment classification from Scratch --name VRS_fromScratch --records_file VRS_records.xls --data_dir /mnt/d/OneDrive - Southern Methodist University/Phone_Privacy/input_feature/opticalflow_22_downsample_480p_s22 --test_data_dir /mnt/d/OneDrive - Southern Methodist University/Phone_Privacy/input_feature/opticalflow_22_downsample_480p_s22 --data_class vrs --val_ratio 0.1 --epochs 40 --lr 0.001 --dropout 0.2 --batch_size 8 --num_layers 3 --num_heads 4 --optimizer RAdam --pos_encoding learnable --task classification --normalization none --key_metric accuracy

Using device: cuda
Loading and preprocessing data ...
67 samples may be used for training
8 samples will be used for validation
0 samples will be used for testing
Creating model ...
Model:
TSTransformerEncoderClassiregressor(
  (project_inp): Linear(in_features=8, out_features=64, bias=True)
  (pos_enc): LearnablePositionalEncoding(
    (dropout): Dropout(p=0.2, inplace=False)
  )
  (transformer_encoder): TransformerEncoder(
    (layers): ModuleList(
      (0-2): 3 x TransformerBatchNormEncoderLayer(
        (self_attn): MultiheadAttention(
          (out_proj): NonDynamicallyQuantizableLinear(in_features=64, out_features=64, bias=True)
        )
        (linear1): Linear(in_features=64, out_features=256, bias=True)
        (dropout): Dropout(p=0.2, inplace=False)
        (linear2): Linear(in_features=256, out_features=64, bias=True)
        (norm1): BatchNorm1d(64, eps=1e-05, momentum=0.1, affine=True, track_running_stats=True)
        (norm2): BatchNorm1d(64, eps=1e-05, momentum=0.1, affine=True, track_running_stats=True)
        (dropout1): Dropout(p=0.2, inplace=False)
        (dropout2): Dropout(p=0.2, inplace=False)
      )
    )
  )
  (dropout1): Dropout(p=0.2, inplace=False)
  (output_layer): Linear(in_features=5120, out_features=5, bias=True)
)
Total number of parameters: 181253
Trainable parameters: 181253
Evaluating on validation set ...
Validation runtime: 0.0 hours, 0.0 minutes, 0.21471643447875977 seconds

Avg val. time: 0.0 hours, 0.0 minutes, 0.21471643447875977 seconds
Avg batch val. time: 0.21471643447875977 seconds
Avg sample val. time: 0.02683955430984497 seconds
Epoch 0 Validation Summary: epoch: 0.000000 | loss: 6.866576 | accuracy: 0.000000 | precision: 0.000000 | 
Starting training...
Epoch 1 Training Summary: epoch: 1.000000 | loss: 1.598676 | 
Epoch runtime: 0.0 hours, 0.0 minutes, 0.2098078727722168 seconds

Avg epoch train. time: 0.0 hours, 0.0 minutes, 0.2098078727722168 seconds
Avg batch train. time: 0.023311985863579646 seconds
Avg sample train. time: 0.003131460787645027 seconds
Evaluating on validation set ...
Validation runtime: 0.0 hours, 0.0 minutes, 0.0067484378814697266 seconds

Avg val. time: 0.0 hours, 0.0 minutes, 0.11073243618011475 seconds
Avg batch val. time: 0.11073243618011475 seconds
Avg sample val. time: 0.013841554522514343 seconds
Epoch 1 Validation Summary: epoch: 1.000000 | loss: 1.802100 | accuracy: 0.000000 | precision: 0.000000 | 
Epoch 2 Training Summary: epoch: 2.000000 | loss: 1.657975 | 
Epoch runtime: 0.0 hours, 0.0 minutes, 0.08756756782531738 seconds

Avg epoch train. time: 0.0 hours, 0.0 minutes, 0.1486877202987671 seconds
Avg batch train. time: 0.01652085781097412 seconds
Avg sample train. time: 0.0022192197059517477 seconds
Evaluating on validation set ...
Validation runtime: 0.0 hours, 0.0 minutes, 0.00685572624206543 seconds

Avg val. time: 0.0 hours, 0.0 minutes, 0.07610686620076497 seconds
Avg batch val. time: 0.07610686620076497 seconds
Avg sample val. time: 0.009513358275095621 seconds
Epoch 2 Validation Summary: epoch: 2.000000 | loss: 1.677076 | accuracy: 0.000000 | precision: 0.000000 | 
Epoch 3 Training Summary: epoch: 3.000000 | loss: 1.621358 | 
Epoch runtime: 0.0 hours, 0.0 minutes, 0.08233308792114258 seconds

Avg epoch train. time: 0.0 hours, 0.0 minutes, 0.12656950950622559 seconds
Avg batch train. time: 0.014063278834025065 seconds
Avg sample train. time: 0.0018890971568093372 seconds
Epoch 4 Training Summary: epoch: 4.000000 | loss: 1.445678 | 
Epoch runtime: 0.0 hours, 0.0 minutes, 0.07949376106262207 seconds

Avg epoch train. time: 0.0 hours, 0.0 minutes, 0.11480057239532471 seconds
Avg batch train. time: 0.012755619155036079 seconds
Avg sample train. time: 0.001713441379034697 seconds
Evaluating on validation set ...
Validation runtime: 0.0 hours, 0.0 minutes, 0.00618743896484375 seconds

Avg val. time: 0.0 hours, 0.0 minutes, 0.05862700939178467 seconds
Avg batch val. time: 0.05862700939178467 seconds
Avg sample val. time: 0.0073283761739730835 seconds
Epoch 4 Validation Summary: epoch: 4.000000 | loss: 1.588429 | accuracy: 0.125000 | precision: 0.083333 | 
Epoch 5 Training Summary: epoch: 5.000000 | loss: 1.364402 | 
Epoch runtime: 0.0 hours, 0.0 minutes, 0.08601117134094238 seconds

Avg epoch train. time: 0.0 hours, 0.0 minutes, 0.10904269218444824 seconds
Avg batch train. time: 0.012115854687160916 seconds
Avg sample train. time: 0.0016275028684246007 seconds
Epoch 6 Training Summary: epoch: 6.000000 | loss: 1.362392 | 
Epoch runtime: 0.0 hours, 0.0 minutes, 0.07866406440734863 seconds

Avg epoch train. time: 0.0 hours, 0.0 minutes, 0.10397958755493164 seconds
Avg batch train. time: 0.011553287506103516 seconds
Avg sample train. time: 0.00155193414261092 seconds
Evaluating on validation set ...
Validation runtime: 0.0 hours, 0.0 minutes, 0.006124019622802734 seconds

Avg val. time: 0.0 hours, 0.0 minutes, 0.04812641143798828 seconds
Avg batch val. time: 0.04812641143798828 seconds
Avg sample val. time: 0.006015801429748535 seconds
Epoch 6 Validation Summary: epoch: 6.000000 | loss: 1.556576 | accuracy: 0.250000 | precision: 0.312500 | 
Epoch 7 Training Summary: epoch: 7.000000 | loss: 1.257391 | 
Epoch runtime: 0.0 hours, 0.0 minutes, 0.08227229118347168 seconds

Avg epoch train. time: 0.0 hours, 0.0 minutes, 0.10087854521615165 seconds
Avg batch train. time: 0.011208727246239072 seconds
Avg sample train. time: 0.0015056499285992784 seconds
Epoch 8 Training Summary: epoch: 8.000000 | loss: 1.346166 | 
Epoch runtime: 0.0 hours, 0.0 minutes, 0.07886743545532227 seconds

Avg epoch train. time: 0.0 hours, 0.0 minutes, 0.09812715649604797 seconds
Avg batch train. time: 0.010903017388449775 seconds
Avg sample train. time: 0.0014645844253141488 seconds
Evaluating on validation set ...
Validation runtime: 0.0 hours, 0.0 minutes, 0.006121397018432617 seconds

Avg val. time: 0.0 hours, 0.0 minutes, 0.04112557570139567 seconds
Avg batch val. time: 0.04112557570139567 seconds
Avg sample val. time: 0.0051406969626744585 seconds
Epoch 8 Validation Summary: epoch: 8.000000 | loss: 1.490371 | accuracy: 0.250000 | precision: 0.416667 | 
Epoch 9 Training Summary: epoch: 9.000000 | loss: 1.285063 | 
Epoch runtime: 0.0 hours, 0.0 minutes, 0.08313441276550293 seconds

Avg epoch train. time: 0.0 hours, 0.0 minutes, 0.09646129608154297 seconds
Avg batch train. time: 0.010717921786838107 seconds
Avg sample train. time: 0.0014397208370379548 seconds
Epoch 10 Training Summary: epoch: 10.000000 | loss: 1.183543 | 
Epoch runtime: 0.0 hours, 0.0 minutes, 0.0771341323852539 seconds

Avg epoch train. time: 0.0 hours, 0.0 minutes, 0.09452857971191406 seconds
Avg batch train. time: 0.010503175523546007 seconds
Avg sample train. time: 0.0014108743240584187 seconds
Evaluating on validation set ...
Validation runtime: 0.0 hours, 0.0 minutes, 0.006126880645751953 seconds

Avg val. time: 0.0 hours, 0.0 minutes, 0.036125762122018 seconds
Avg batch val. time: 0.036125762122018 seconds
Avg sample val. time: 0.00451572026525225 seconds
Epoch 10 Validation Summary: epoch: 10.000000 | loss: 1.435230 | accuracy: 0.375000 | precision: 0.416667 | 
Epoch 11 Training Summary: epoch: 11.000000 | loss: 1.118709 | 
Epoch runtime: 0.0 hours, 0.0 minutes, 0.08380365371704102 seconds

Avg epoch train. time: 0.0 hours, 0.0 minutes, 0.09355358643965288 seconds
Avg batch train. time: 0.010394842937739209 seconds
Avg sample train. time: 0.001396322185666461 seconds
Epoch 12 Training Summary: epoch: 12.000000 | loss: 1.122072 | 
Epoch runtime: 0.0 hours, 0.0 minutes, 0.08468317985534668 seconds

Avg epoch train. time: 0.0 hours, 0.0 minutes, 0.0928143858909607 seconds
Avg batch train. time: 0.010312709543440077 seconds
Avg sample train. time: 0.0013852893416561297 seconds
Evaluating on validation set ...
Validation runtime: 0.0 hours, 0.0 minutes, 0.006862163543701172 seconds

Avg val. time: 0.0 hours, 0.0 minutes, 0.032467812299728394 seconds
Avg batch val. time: 0.032467812299728394 seconds
Avg sample val. time: 0.004058476537466049 seconds
Epoch 12 Validation Summary: epoch: 12.000000 | loss: 1.457595 | accuracy: 0.375000 | precision: 0.466667 | 
Epoch 13 Training Summary: epoch: 13.000000 | loss: 1.008358 | 
Epoch runtime: 0.0 hours, 0.0 minutes, 0.10187053680419922 seconds

Avg epoch train. time: 0.0 hours, 0.0 minutes, 0.09351101288428673 seconds
Avg batch train. time: 0.010390112542698525 seconds
Avg sample train. time: 0.0013956867594669662 seconds
Epoch 14 Training Summary: epoch: 14.000000 | loss: 0.978312 | 
Epoch runtime: 0.0 hours, 0.0 minutes, 0.0916290283203125 seconds

Avg epoch train. time: 0.0 hours, 0.0 minutes, 0.09337658541543144 seconds
Avg batch train. time: 0.01037517615727016 seconds
Avg sample train. time: 0.0013936803793347975 seconds
Evaluating on validation set ...
Validation runtime: 0.0 hours, 0.0 minutes, 0.006769895553588867 seconds

Avg val. time: 0.0 hours, 0.0 minutes, 0.029612488216824003 seconds
Avg batch val. time: 0.029612488216824003 seconds
Avg sample val. time: 0.0037015610271030003 seconds
Epoch 14 Validation Summary: epoch: 14.000000 | loss: 1.425217 | accuracy: 0.500000 | precision: 0.500000 | 
Epoch 15 Training Summary: epoch: 15.000000 | loss: 1.018882 | 
Epoch runtime: 0.0 hours, 0.0 minutes, 0.08942317962646484 seconds

Avg epoch train. time: 0.0 hours, 0.0 minutes, 0.09311302502950032 seconds
Avg batch train. time: 0.01034589166994448 seconds
Avg sample train. time: 0.001389746642231348 seconds
Epoch 16 Training Summary: epoch: 16.000000 | loss: 0.948585 | 
Epoch runtime: 0.0 hours, 0.0 minutes, 0.0947105884552002 seconds

Avg epoch train. time: 0.0 hours, 0.0 minutes, 0.09321287274360657 seconds
Avg batch train. time: 0.010356985860400729 seconds
Avg sample train. time: 0.0013912369066209935 seconds
Evaluating on validation set ...
Validation runtime: 0.0 hours, 0.0 minutes, 0.0066509246826171875 seconds

Avg val. time: 0.0 hours, 0.0 minutes, 0.02731633186340332 seconds
Avg batch val. time: 0.02731633186340332 seconds
Avg sample val. time: 0.003414541482925415 seconds
Epoch 16 Validation Summary: epoch: 16.000000 | loss: 1.347944 | accuracy: 0.500000 | precision: 0.500000 | 
Epoch 17 Training Summary: epoch: 17.000000 | loss: 0.894576 | 
Epoch runtime: 0.0 hours, 0.0 minutes, 0.09650325775146484 seconds

Avg epoch train. time: 0.0 hours, 0.0 minutes, 0.09340642480289235 seconds
Avg batch train. time: 0.010378491644765817 seconds
Avg sample train. time: 0.0013941257433267515 seconds
Epoch 18 Training Summary: epoch: 18.000000 | loss: 0.881357 | 
Epoch runtime: 0.0 hours, 0.0 minutes, 0.09022951126098633 seconds

Avg epoch train. time: 0.0 hours, 0.0 minutes, 0.0932299296061198 seconds
Avg batch train. time: 0.010358881067346644 seconds
Avg sample train. time: 0.0013914914866585044 seconds
Evaluating on validation set ...
Validation runtime: 0.0 hours, 0.0 minutes, 0.006846427917480469 seconds

Avg val. time: 0.0 hours, 0.0 minutes, 0.02545543150468306 seconds
Avg batch val. time: 0.02545543150468306 seconds
Avg sample val. time: 0.0031819289380853825 seconds
Epoch 18 Validation Summary: epoch: 18.000000 | loss: 1.286450 | accuracy: 0.625000 | precision: 0.760000 | 
Epoch 19 Training Summary: epoch: 19.000000 | loss: 0.868677 | 
Epoch runtime: 0.0 hours, 0.0 minutes, 0.0891566276550293 seconds

Avg epoch train. time: 0.0 hours, 0.0 minutes, 0.0930155452929045 seconds
Avg batch train. time: 0.010335060588100499 seconds
Avg sample train. time: 0.0013882917207896194 seconds
Epoch 20 Training Summary: epoch: 20.000000 | loss: 0.882231 | 
Epoch runtime: 0.0 hours, 0.0 minutes, 0.09134030342102051 seconds

Avg epoch train. time: 0.0 hours, 0.0 minutes, 0.09293178319931031 seconds
Avg batch train. time: 0.010325753688812257 seconds
Avg sample train. time: 0.0013870415402882136 seconds
Evaluating on validation set ...
Validation runtime: 0.0 hours, 0.0 minutes, 0.008674383163452148 seconds

Avg val. time: 0.0 hours, 0.0 minutes, 0.024057010809580486 seconds
Avg batch val. time: 0.024057010809580486 seconds
Avg sample val. time: 0.0030071263511975608 seconds
Epoch 20 Validation Summary: epoch: 20.000000 | loss: 1.314487 | accuracy: 0.500000 | precision: 0.666667 | 
Epoch 21 Training Summary: epoch: 21.000000 | loss: 0.716793 | 
Epoch runtime: 0.0 hours, 0.0 minutes, 0.08614444732666016 seconds

Avg epoch train. time: 0.0 hours, 0.0 minutes, 0.0926085767291841 seconds
Avg batch train. time: 0.010289841858798233 seconds
Avg sample train. time: 0.0013822175631221507 seconds
Epoch 22 Training Summary: epoch: 22.000000 | loss: 0.647387 | 
Epoch runtime: 0.0 hours, 0.0 minutes, 0.08267068862915039 seconds

Avg epoch train. time: 0.0 hours, 0.0 minutes, 0.09215685454281894 seconds
Avg batch train. time: 0.01023965050475766 seconds
Avg sample train. time: 0.001375475440937596 seconds
Evaluating on validation set ...
Validation runtime: 0.0 hours, 0.0 minutes, 0.007731199264526367 seconds

Avg val. time: 0.0 hours, 0.0 minutes, 0.02280117915226863 seconds
Avg batch val. time: 0.02280117915226863 seconds
Avg sample val. time: 0.0028501473940335787 seconds
Epoch 22 Validation Summary: epoch: 22.000000 | loss: 1.277051 | accuracy: 0.625000 | precision: 0.760000 | 
Epoch 23 Training Summary: epoch: 23.000000 | loss: 0.719200 | 
Epoch runtime: 0.0 hours, 0.0 minutes, 0.08359694480895996 seconds

Avg epoch train. time: 0.0 hours, 0.0 minutes, 0.09178468455439029 seconds
Avg batch train. time: 0.010198298283821143 seconds
Avg sample train. time: 0.0013699206649908998 seconds
Epoch 24 Training Summary: epoch: 24.000000 | loss: 0.644034 | 
Epoch runtime: 0.0 hours, 0.0 minutes, 0.08193659782409668 seconds

Avg epoch train. time: 0.0 hours, 0.0 minutes, 0.09137434760729472 seconds
Avg batch train. time: 0.010152705289699413 seconds
Avg sample train. time: 0.0013637962329446974 seconds
Evaluating on validation set ...
Validation runtime: 0.0 hours, 0.0 minutes, 0.006426811218261719 seconds

Avg val. time: 0.0 hours, 0.0 minutes, 0.021631581442696706 seconds
Avg batch val. time: 0.021631581442696706 seconds
Avg sample val. time: 0.0027039476803370883 seconds
Epoch 24 Validation Summary: epoch: 24.000000 | loss: 1.253211 | accuracy: 0.625000 | precision: 0.760000 | 
Epoch 25 Training Summary: epoch: 25.000000 | loss: 0.585218 | 
Epoch runtime: 0.0 hours, 0.0 minutes, 0.08825063705444336 seconds

Avg epoch train. time: 0.0 hours, 0.0 minutes, 0.09124939918518066 seconds
Avg batch train. time: 0.01013882213168674 seconds
Avg sample train. time: 0.0013619313311220994 seconds
Epoch 26 Training Summary: epoch: 26.000000 | loss: 0.584371 | 
Epoch runtime: 0.0 hours, 0.0 minutes, 0.08701682090759277 seconds

Avg epoch train. time: 0.0 hours, 0.0 minutes, 0.09108660771296574 seconds
Avg batch train. time: 0.010120734190329527 seconds
Avg sample train. time: 0.001359501607656205 seconds
Evaluating on validation set ...
Validation runtime: 0.0 hours, 0.0 minutes, 0.007380247116088867 seconds

Avg val. time: 0.0 hours, 0.0 minutes, 0.020681492487589517 seconds
Avg batch val. time: 0.020681492487589517 seconds
Avg sample val. time: 0.0025851865609486896 seconds
Epoch 26 Validation Summary: epoch: 26.000000 | loss: 1.247158 | accuracy: 0.500000 | precision: 0.666667 | 
Epoch 27 Training Summary: epoch: 27.000000 | loss: 0.545327 | 
Epoch runtime: 0.0 hours, 0.0 minutes, 0.10501575469970703 seconds

Avg epoch train. time: 0.0 hours, 0.0 minutes, 0.09160250204580801 seconds
Avg batch train. time: 0.010178055782867557 seconds
Avg sample train. time: 0.0013672015230717614 seconds
Epoch 28 Training Summary: epoch: 28.000000 | loss: 0.481737 | 
Epoch runtime: 0.0 hours, 0.0 minutes, 0.11686420440673828 seconds

Avg epoch train. time: 0.0 hours, 0.0 minutes, 0.09250470570155553 seconds
Avg batch train. time: 0.01027830063350617 seconds
Avg sample train. time: 0.0013806672492769482 seconds
Evaluating on validation set ...
Validation runtime: 0.0 hours, 0.0 minutes, 0.009534120559692383 seconds

Avg val. time: 0.0 hours, 0.0 minutes, 0.019984781742095947 seconds
Avg batch val. time: 0.019984781742095947 seconds
Avg sample val. time: 0.0024980977177619934 seconds
Epoch 28 Validation Summary: epoch: 28.000000 | loss: 1.171588 | accuracy: 0.625000 | precision: 0.760000 | 
Epoch 29 Training Summary: epoch: 29.000000 | loss: 0.519045 | 
Epoch runtime: 0.0 hours, 0.0 minutes, 0.13126230239868164 seconds

Avg epoch train. time: 0.0 hours, 0.0 minutes, 0.09384117455318056 seconds
Avg batch train. time: 0.010426797172575617 seconds
Avg sample train. time: 0.0014006145455698592 seconds
Epoch 30 Training Summary: epoch: 30.000000 | loss: 0.380189 | 
Epoch runtime: 0.0 hours, 0.0 minutes, 0.132859468460083 seconds

Avg epoch train. time: 0.0 hours, 0.0 minutes, 0.09514178435007731 seconds
Avg batch train. time: 0.010571309372230811 seconds
Avg sample train. time: 0.0014200266320907062 seconds
Evaluating on validation set ...
Validation runtime: 0.0 hours, 0.0 minutes, 0.010238409042358398 seconds

Avg val. time: 0.0 hours, 0.0 minutes, 0.019411465700934914 seconds
Avg batch val. time: 0.019411465700934914 seconds
Avg sample val. time: 0.002426433212616864 seconds
Epoch 30 Validation Summary: epoch: 30.000000 | loss: 1.203888 | accuracy: 0.500000 | precision: 0.560000 | 
Epoch 31 Training Summary: epoch: 31.000000 | loss: 0.365099 | 
Epoch runtime: 0.0 hours, 0.0 minutes, 0.1215066909790039 seconds

Avg epoch train. time: 0.0 hours, 0.0 minutes, 0.09599226520907495 seconds
Avg batch train. time: 0.010665807245452772 seconds
Avg sample train. time: 0.00143272037625485 seconds
Epoch 32 Training Summary: epoch: 32.000000 | loss: 0.313875 | 
Epoch runtime: 0.0 hours, 0.0 minutes, 0.12146997451782227 seconds

Avg epoch train. time: 0.0 hours, 0.0 minutes, 0.0967884436249733 seconds
Avg batch train. time: 0.010754271513885923 seconds
Avg sample train. time: 0.0014446036361936312 seconds
Evaluating on validation set ...
Validation runtime: 0.0 hours, 0.0 minutes, 0.010114192962646484 seconds

Avg val. time: 0.0 hours, 0.0 minutes, 0.01889495054880778 seconds
Avg batch val. time: 0.01889495054880778 seconds
Avg sample val. time: 0.0023618688186009726 seconds
Epoch 32 Validation Summary: epoch: 32.000000 | loss: 1.159540 | accuracy: 0.375000 | precision: 0.642857 | 
Epoch 33 Training Summary: epoch: 33.000000 | loss: 0.290751 | 
Epoch runtime: 0.0 hours, 0.0 minutes, 0.12368631362915039 seconds

Avg epoch train. time: 0.0 hours, 0.0 minutes, 0.09760353059479684 seconds
Avg batch train. time: 0.010844836732755206 seconds
Avg sample train. time: 0.0014567691133551767 seconds
Epoch 34 Training Summary: epoch: 34.000000 | loss: 0.261053 | 
Epoch runtime: 0.0 hours, 0.0 minutes, 0.12194156646728516 seconds

Avg epoch train. time: 0.0 hours, 0.0 minutes, 0.0983193551792818 seconds
Avg batch train. time: 0.010924372797697977 seconds
Avg sample train. time: 0.0014674530623773401 seconds
Evaluating on validation set ...
Validation runtime: 0.0 hours, 0.0 minutes, 0.010010957717895508 seconds

Avg val. time: 0.0 hours, 0.0 minutes, 0.018427371978759766 seconds
Avg batch val. time: 0.018427371978759766 seconds
Avg sample val. time: 0.0023034214973449707 seconds
Epoch 34 Validation Summary: epoch: 34.000000 | loss: 1.268041 | accuracy: 0.500000 | precision: 0.452381 | 
Epoch 35 Training Summary: epoch: 35.000000 | loss: 0.280370 | 
Epoch runtime: 0.0 hours, 0.0 minutes, 0.10794258117675781 seconds

Avg epoch train. time: 0.0 hours, 0.0 minutes, 0.09859430449349539 seconds
Avg batch train. time: 0.010954922721499488 seconds
Avg sample train. time: 0.0014715567834850058 seconds
Epoch 36 Training Summary: epoch: 36.000000 | loss: 0.247649 | 
Epoch runtime: 0.0 hours, 0.0 minutes, 0.10654067993164062 seconds

Avg epoch train. time: 0.0 hours, 0.0 minutes, 0.09881503714455499 seconds
Avg batch train. time: 0.010979448571617222 seconds
Avg sample train. time: 0.0014748513006649997 seconds
Evaluating on validation set ...
Validation runtime: 0.0 hours, 0.0 minutes, 0.00890207290649414 seconds

Avg val. time: 0.0 hours, 0.0 minutes, 0.017951107025146483 seconds
Avg batch val. time: 0.017951107025146483 seconds
Avg sample val. time: 0.0022438883781433104 seconds
Epoch 36 Validation Summary: epoch: 36.000000 | loss: 1.238977 | accuracy: 0.250000 | precision: 0.342857 | 
Epoch 37 Training Summary: epoch: 37.000000 | loss: 0.259065 | 
Epoch runtime: 0.0 hours, 0.0 minutes, 0.10799074172973633 seconds

Avg epoch train. time: 0.0 hours, 0.0 minutes, 0.0990630291603707 seconds
Avg batch train. time: 0.01100700324004119 seconds
Avg sample train. time: 0.0014785526740353837 seconds
Epoch 38 Training Summary: epoch: 38.000000 | loss: 0.221390 | 
Epoch runtime: 0.0 hours, 0.0 minutes, 0.09224653244018555 seconds

Avg epoch train. time: 0.0 hours, 0.0 minutes, 0.09888364766773425 seconds
Avg batch train. time: 0.010987071963081583 seconds
Avg sample train. time: 0.0014758753383243917 seconds
Evaluating on validation set ...
Validation runtime: 0.0 hours, 0.0 minutes, 0.0072896480560302734 seconds

Avg val. time: 0.0 hours, 0.0 minutes, 0.017443418502807617 seconds
Avg batch val. time: 0.017443418502807617 seconds
Avg sample val. time: 0.002180427312850952 seconds
Epoch 38 Validation Summary: epoch: 38.000000 | loss: 1.173652 | accuracy: 0.500000 | precision: 0.458333 | 
Epoch 39 Training Summary: epoch: 39.000000 | loss: 0.156824 | 
Epoch runtime: 0.0 hours, 0.0 minutes, 0.09447383880615234 seconds

Avg epoch train. time: 0.0 hours, 0.0 minutes, 0.0987705756456424 seconds
Avg batch train. time: 0.010974508405071378 seconds
Avg sample train. time: 0.0014741876962036178 seconds
Epoch 40 Training Summary: epoch: 40.000000 | loss: 0.138579 | 
Epoch runtime: 0.0 hours, 0.0 minutes, 0.0912017822265625 seconds

Avg epoch train. time: 0.0 hours, 0.0 minutes, 0.0985813558101654 seconds
Avg batch train. time: 0.010953483978907268 seconds
Avg sample train. time: 0.0014713635195547075 seconds
Evaluating on validation set ...
Validation runtime: 0.0 hours, 0.0 minutes, 0.007053852081298828 seconds

Avg val. time: 0.0 hours, 0.0 minutes, 0.01697116548364813 seconds
Avg batch val. time: 0.01697116548364813 seconds
Avg sample val. time: 0.002121395685456016 seconds
Epoch 40 Validation Summary: epoch: 40.000000 | loss: 1.122452 | accuracy: 0.625000 | precision: 0.760000 | 
Best accuracy was 0.625. Other metrics: OrderedDict([('epoch', 18), ('loss', 1.286449909210205), ('accuracy', 0.625), ('precision', 0.76)])
All Done!
Total runtime: 0.0 hours, 0.0 minutes, 6.991693735122681 seconds

