Running:
src/main_crosssetting.py --output_dir experiments --target_user ZeyuZoom --user_othersetting Zeyu --comment classification from Scratch --name VRS_fromScratch --records_file VRS_records.xls --data_dir /mnt/d/OneDrive - Southern Methodist University/Phone_Privacy/input_feature/all_processpos_norm_downsample_480p_s22 --test_data_dir /mnt/d/OneDrive - Southern Methodist University/Phone_Privacy/input_feature/all_processpos_norm_downsample_480p_s22 --data_class vrs --val_ratio 0.1 --epochs 40 --lr 0.001 --dropout 0.2 --batch_size 8 --num_layers 3 --num_heads 4 --optimizer RAdam --pos_encoding learnable --task classification --normalization none --key_metric accuracy

Using device: cuda
Loading and preprocessing data ...
67 samples may be used for training
8 samples will be used for validation
0 samples will be used for testing
Creating model ...
Model:
TSTransformerEncoderClassiregressor(
  (project_inp): Linear(in_features=39, out_features=64, bias=True)
  (pos_enc): LearnablePositionalEncoding(
    (dropout): Dropout(p=0.2, inplace=False)
  )
  (transformer_encoder): TransformerEncoder(
    (layers): ModuleList(
      (0-2): 3 x TransformerBatchNormEncoderLayer(
        (self_attn): MultiheadAttention(
          (out_proj): NonDynamicallyQuantizableLinear(in_features=64, out_features=64, bias=True)
        )
        (linear1): Linear(in_features=64, out_features=256, bias=True)
        (dropout): Dropout(p=0.2, inplace=False)
        (linear2): Linear(in_features=256, out_features=64, bias=True)
        (norm1): BatchNorm1d(64, eps=1e-05, momentum=0.1, affine=True, track_running_stats=True)
        (norm2): BatchNorm1d(64, eps=1e-05, momentum=0.1, affine=True, track_running_stats=True)
        (dropout1): Dropout(p=0.2, inplace=False)
        (dropout2): Dropout(p=0.2, inplace=False)
      )
    )
  )
  (dropout1): Dropout(p=0.2, inplace=False)
  (output_layer): Linear(in_features=5120, out_features=5, bias=True)
)
Total number of parameters: 183237
Trainable parameters: 183237
Evaluating on validation set ...
Validation runtime: 0.0 hours, 0.0 minutes, 0.22294139862060547 seconds

Avg val. time: 0.0 hours, 0.0 minutes, 0.22294139862060547 seconds
Avg batch val. time: 0.22294139862060547 seconds
Avg sample val. time: 0.027867674827575684 seconds
Epoch 0 Validation Summary: epoch: 0.000000 | loss: 4.113892 | accuracy: 0.125000 | precision: 0.125000 | 
Starting training...
Epoch 1 Training Summary: epoch: 1.000000 | loss: 1.678664 | 
Epoch runtime: 0.0 hours, 0.0 minutes, 0.2201828956604004 seconds

Avg epoch train. time: 0.0 hours, 0.0 minutes, 0.2201828956604004 seconds
Avg batch train. time: 0.024464766184488933 seconds
Avg sample train. time: 0.003286311875528364 seconds
Evaluating on validation set ...
Validation runtime: 0.0 hours, 0.0 minutes, 0.006886482238769531 seconds

Avg val. time: 0.0 hours, 0.0 minutes, 0.1149139404296875 seconds
Avg batch val. time: 0.1149139404296875 seconds
Avg sample val. time: 0.014364242553710938 seconds
Epoch 1 Validation Summary: epoch: 1.000000 | loss: 1.647424 | accuracy: 0.125000 | precision: 0.047619 | 
Epoch 2 Training Summary: epoch: 2.000000 | loss: 1.660164 | 
Epoch runtime: 0.0 hours, 0.0 minutes, 0.09224677085876465 seconds

Avg epoch train. time: 0.0 hours, 0.0 minutes, 0.15621483325958252 seconds
Avg batch train. time: 0.01735720369550917 seconds
Avg sample train. time: 0.002331564675516157 seconds
Evaluating on validation set ...
Validation runtime: 0.0 hours, 0.0 minutes, 0.0063953399658203125 seconds

Avg val. time: 0.0 hours, 0.0 minutes, 0.07874107360839844 seconds
Avg batch val. time: 0.07874107360839844 seconds
Avg sample val. time: 0.009842634201049805 seconds
Epoch 2 Validation Summary: epoch: 2.000000 | loss: 1.610832 | accuracy: 0.250000 | precision: 0.250000 | 
Epoch 3 Training Summary: epoch: 3.000000 | loss: 1.637410 | 
Epoch runtime: 0.0 hours, 0.0 minutes, 0.08370471000671387 seconds

Avg epoch train. time: 0.0 hours, 0.0 minutes, 0.13204479217529297 seconds
Avg batch train. time: 0.014671643575032553 seconds
Avg sample train. time: 0.0019708177936610892 seconds
Epoch 4 Training Summary: epoch: 4.000000 | loss: 1.639999 | 
Epoch runtime: 0.0 hours, 0.0 minutes, 0.08062386512756348 seconds

Avg epoch train. time: 0.0 hours, 0.0 minutes, 0.1191895604133606 seconds
Avg batch train. time: 0.0132432844903734 seconds
Avg sample train. time: 0.001778948662885979 seconds
Evaluating on validation set ...
Validation runtime: 0.0 hours, 0.0 minutes, 0.006598234176635742 seconds

Avg val. time: 0.0 hours, 0.0 minutes, 0.060705363750457764 seconds
Avg batch val. time: 0.060705363750457764 seconds
Avg sample val. time: 0.0075881704688072205 seconds
Epoch 4 Validation Summary: epoch: 4.000000 | loss: 1.598444 | accuracy: 0.125000 | precision: 0.047619 | 
Epoch 5 Training Summary: epoch: 5.000000 | loss: 1.610711 | 
Epoch runtime: 0.0 hours, 0.0 minutes, 0.08616018295288086 seconds

Avg epoch train. time: 0.0 hours, 0.0 minutes, 0.11258368492126465 seconds
Avg batch train. time: 0.012509298324584962 seconds
Avg sample train. time: 0.0016803535062875322 seconds
Epoch 6 Training Summary: epoch: 6.000000 | loss: 1.581156 | 
Epoch runtime: 0.0 hours, 0.0 minutes, 0.08700275421142578 seconds

Avg epoch train. time: 0.0 hours, 0.0 minutes, 0.10832019646962483 seconds
Avg batch train. time: 0.01203557738551387 seconds
Avg sample train. time: 0.001616719350292908 seconds
Evaluating on validation set ...
Validation runtime: 0.0 hours, 0.0 minutes, 0.00640106201171875 seconds

Avg val. time: 0.0 hours, 0.0 minutes, 0.04984450340270996 seconds
Avg batch val. time: 0.04984450340270996 seconds
Avg sample val. time: 0.006230562925338745 seconds
Epoch 6 Validation Summary: epoch: 6.000000 | loss: 1.577299 | accuracy: 0.250000 | precision: 0.183333 | 
Epoch 7 Training Summary: epoch: 7.000000 | loss: 1.646525 | 
Epoch runtime: 0.0 hours, 0.0 minutes, 0.0907125473022461 seconds

Avg epoch train. time: 0.0 hours, 0.0 minutes, 0.10580481801714216 seconds
Avg batch train. time: 0.011756090890793573 seconds
Avg sample train. time: 0.0015791763883155547 seconds
Epoch 8 Training Summary: epoch: 8.000000 | loss: 1.577288 | 
Epoch runtime: 0.0 hours, 0.0 minutes, 0.08867692947387695 seconds

Avg epoch train. time: 0.0 hours, 0.0 minutes, 0.10366383194923401 seconds
Avg batch train. time: 0.011518203549914889 seconds
Avg sample train. time: 0.001547221372376627 seconds
Evaluating on validation set ...
Validation runtime: 0.0 hours, 0.0 minutes, 0.00692296028137207 seconds

Avg val. time: 0.0 hours, 0.0 minutes, 0.04269091288248698 seconds
Avg batch val. time: 0.04269091288248698 seconds
Avg sample val. time: 0.005336364110310872 seconds
Epoch 8 Validation Summary: epoch: 8.000000 | loss: 1.560292 | accuracy: 0.250000 | precision: 0.183333 | 
Epoch 9 Training Summary: epoch: 9.000000 | loss: 1.601615 | 
Epoch runtime: 0.0 hours, 0.0 minutes, 0.0876924991607666 seconds

Avg epoch train. time: 0.0 hours, 0.0 minutes, 0.10188923941718207 seconds
Avg batch train. time: 0.01132102660190912 seconds
Avg sample train. time: 0.0015207349166743594 seconds
Epoch 10 Training Summary: epoch: 10.000000 | loss: 1.483362 | 
Epoch runtime: 0.0 hours, 0.0 minutes, 0.08291912078857422 seconds

Avg epoch train. time: 0.0 hours, 0.0 minutes, 0.09999222755432129 seconds
Avg batch train. time: 0.011110247506035698 seconds
Avg sample train. time: 0.0014924213067809148 seconds
Evaluating on validation set ...
Validation runtime: 0.0 hours, 0.0 minutes, 0.00630950927734375 seconds

Avg val. time: 0.0 hours, 0.0 minutes, 0.03749356951032366 seconds
Avg batch val. time: 0.03749356951032366 seconds
Avg sample val. time: 0.004686696188790458 seconds
Epoch 10 Validation Summary: epoch: 10.000000 | loss: 1.510448 | accuracy: 0.250000 | precision: 0.183333 | 
Epoch 11 Training Summary: epoch: 11.000000 | loss: 1.505262 | 
Epoch runtime: 0.0 hours, 0.0 minutes, 0.08763957023620605 seconds

Avg epoch train. time: 0.0 hours, 0.0 minutes, 0.09886925870721991 seconds
Avg batch train. time: 0.0109854731896911 seconds
Avg sample train. time: 0.0014756605777197002 seconds
Epoch 12 Training Summary: epoch: 12.000000 | loss: 1.499022 | 
Epoch runtime: 0.0 hours, 0.0 minutes, 0.08382725715637207 seconds

Avg epoch train. time: 0.0 hours, 0.0 minutes, 0.09761575857798259 seconds
Avg batch train. time: 0.010846195397553621 seconds
Avg sample train. time: 0.0014569516205669042 seconds
Evaluating on validation set ...
Validation runtime: 0.0 hours, 0.0 minutes, 0.006474494934082031 seconds

Avg val. time: 0.0 hours, 0.0 minutes, 0.03361618518829346 seconds
Avg batch val. time: 0.03361618518829346 seconds
Avg sample val. time: 0.004202023148536682 seconds
Epoch 12 Validation Summary: epoch: 12.000000 | loss: 1.486234 | accuracy: 0.250000 | precision: 0.183333 | 
Epoch 13 Training Summary: epoch: 13.000000 | loss: 1.390342 | 
Epoch runtime: 0.0 hours, 0.0 minutes, 0.09206628799438477 seconds

Avg epoch train. time: 0.0 hours, 0.0 minutes, 0.09718887622539814 seconds
Avg batch train. time: 0.010798764025044238 seconds
Avg sample train. time: 0.0014505802421701216 seconds
Epoch 14 Training Summary: epoch: 14.000000 | loss: 1.387119 | 
Epoch runtime: 0.0 hours, 0.0 minutes, 0.08469724655151367 seconds

Avg epoch train. time: 0.0 hours, 0.0 minutes, 0.09629661696297782 seconds
Avg batch train. time: 0.010699624106997535 seconds
Avg sample train. time: 0.0014372629397459377 seconds
Evaluating on validation set ...
Validation runtime: 0.0 hours, 0.0 minutes, 0.007040500640869141 seconds

Avg val. time: 0.0 hours, 0.0 minutes, 0.030663331349690754 seconds
Avg batch val. time: 0.030663331349690754 seconds
Avg sample val. time: 0.0038329164187113443 seconds
Epoch 14 Validation Summary: epoch: 14.000000 | loss: 1.446596 | accuracy: 0.250000 | precision: 0.183333 | 
Epoch 15 Training Summary: epoch: 15.000000 | loss: 1.359973 | 
Epoch runtime: 0.0 hours, 0.0 minutes, 0.08505082130432129 seconds

Avg epoch train. time: 0.0 hours, 0.0 minutes, 0.09554689725240072 seconds
Avg batch train. time: 0.010616321916933413 seconds
Avg sample train. time: 0.0014260730933194138 seconds
Epoch 16 Training Summary: epoch: 16.000000 | loss: 1.321908 | 
Epoch runtime: 0.0 hours, 0.0 minutes, 0.08974289894104004 seconds

Avg epoch train. time: 0.0 hours, 0.0 minutes, 0.09518414735794067 seconds
Avg batch train. time: 0.01057601637310452 seconds
Avg sample train. time: 0.0014206589157901594 seconds
Evaluating on validation set ...
Validation runtime: 0.0 hours, 0.0 minutes, 0.006646633148193359 seconds

Avg val. time: 0.0 hours, 0.0 minutes, 0.028261661529541016 seconds
Avg batch val. time: 0.028261661529541016 seconds
Avg sample val. time: 0.003532707691192627 seconds
Epoch 16 Validation Summary: epoch: 16.000000 | loss: 1.382203 | accuracy: 0.375000 | precision: 0.333333 | 
Epoch 17 Training Summary: epoch: 17.000000 | loss: 1.274036 | 
Epoch runtime: 0.0 hours, 0.0 minutes, 0.08775496482849121 seconds

Avg epoch train. time: 0.0 hours, 0.0 minutes, 0.09474713662091423 seconds
Avg batch train. time: 0.010527459624546025 seconds
Avg sample train. time: 0.0014141363674763318 seconds
Epoch 18 Training Summary: epoch: 18.000000 | loss: 1.227168 | 
Epoch runtime: 0.0 hours, 0.0 minutes, 0.08445167541503906 seconds

Avg epoch train. time: 0.0 hours, 0.0 minutes, 0.09417516655392116 seconds
Avg batch train. time: 0.01046390739488013 seconds
Avg sample train. time: 0.0014055995008047935 seconds
Evaluating on validation set ...
Validation runtime: 0.0 hours, 0.0 minutes, 0.0066640377044677734 seconds

Avg val. time: 0.0 hours, 0.0 minutes, 0.026298241181807083 seconds
Avg batch val. time: 0.026298241181807083 seconds
Avg sample val. time: 0.0032872801477258854 seconds
Epoch 18 Validation Summary: epoch: 18.000000 | loss: 1.327479 | accuracy: 0.375000 | precision: 0.333333 | 
Epoch 19 Training Summary: epoch: 19.000000 | loss: 1.125667 | 
Epoch runtime: 0.0 hours, 0.0 minutes, 0.09169554710388184 seconds

Avg epoch train. time: 0.0 hours, 0.0 minutes, 0.09404466026707699 seconds
Avg batch train. time: 0.010449406696341888 seconds
Avg sample train. time: 0.0014036516457772684 seconds
Epoch 20 Training Summary: epoch: 20.000000 | loss: 1.024392 | 
Epoch runtime: 0.0 hours, 0.0 minutes, 0.09766221046447754 seconds

Avg epoch train. time: 0.0 hours, 0.0 minutes, 0.09422553777694702 seconds
Avg batch train. time: 0.010469504197438558 seconds
Avg sample train. time: 0.0014063513101036868 seconds
Evaluating on validation set ...
Validation runtime: 0.0 hours, 0.0 minutes, 0.007057905197143555 seconds

Avg val. time: 0.0 hours, 0.0 minutes, 0.02469487984975179 seconds
Avg batch val. time: 0.02469487984975179 seconds
Avg sample val. time: 0.0030868599812189737 seconds
Epoch 20 Validation Summary: epoch: 20.000000 | loss: 1.272115 | accuracy: 0.625000 | precision: 0.583333 | 
Epoch 21 Training Summary: epoch: 21.000000 | loss: 0.986488 | 
Epoch runtime: 0.0 hours, 0.0 minutes, 0.09570884704589844 seconds

Avg epoch train. time: 0.0 hours, 0.0 minutes, 0.094296171551659 seconds
Avg batch train. time: 0.010477352394628776 seconds
Avg sample train. time: 0.0014074055455471491 seconds
Epoch 22 Training Summary: epoch: 22.000000 | loss: 0.970840 | 
Epoch runtime: 0.0 hours, 0.0 minutes, 0.08773112297058105 seconds

Avg epoch train. time: 0.0 hours, 0.0 minutes, 0.09399776025251909 seconds
Avg batch train. time: 0.010444195583613232 seconds
Avg sample train. time: 0.0014029516455599865 seconds
Evaluating on validation set ...
Validation runtime: 0.0 hours, 0.0 minutes, 0.007285118103027344 seconds

Avg val. time: 0.0 hours, 0.0 minutes, 0.023355667407696065 seconds
Avg batch val. time: 0.023355667407696065 seconds
Avg sample val. time: 0.002919458425962008 seconds
Epoch 22 Validation Summary: epoch: 22.000000 | loss: 1.270608 | accuracy: 0.500000 | precision: 0.500000 | 
Epoch 23 Training Summary: epoch: 23.000000 | loss: 0.943069 | 
Epoch runtime: 0.0 hours, 0.0 minutes, 0.08778262138366699 seconds

Avg epoch train. time: 0.0 hours, 0.0 minutes, 0.09372753682343857 seconds
Avg batch train. time: 0.01041417075815984 seconds
Avg sample train. time: 0.001398918460051322 seconds
Epoch 24 Training Summary: epoch: 24.000000 | loss: 0.972979 | 
Epoch runtime: 0.0 hours, 0.0 minutes, 0.08773636817932129 seconds

Avg epoch train. time: 0.0 hours, 0.0 minutes, 0.09347790479660034 seconds
Avg batch train. time: 0.010386433866288926 seconds
Avg sample train. time: 0.0013951926089044828 seconds
Evaluating on validation set ...
Validation runtime: 0.0 hours, 0.0 minutes, 0.006791591644287109 seconds

Avg val. time: 0.0 hours, 0.0 minutes, 0.022172519138881137 seconds
Avg batch val. time: 0.022172519138881137 seconds
Avg sample val. time: 0.002771564892360142 seconds
Epoch 24 Validation Summary: epoch: 24.000000 | loss: 1.239052 | accuracy: 0.375000 | precision: 0.333333 | 
Epoch 25 Training Summary: epoch: 25.000000 | loss: 0.835795 | 
Epoch runtime: 0.0 hours, 0.0 minutes, 0.08786845207214355 seconds

Avg epoch train. time: 0.0 hours, 0.0 minutes, 0.09325352668762207 seconds
Avg batch train. time: 0.010361502965291342 seconds
Avg sample train. time: 0.0013918436819048072 seconds
Epoch 26 Training Summary: epoch: 26.000000 | loss: 0.810832 | 
Epoch runtime: 0.0 hours, 0.0 minutes, 0.09229016304016113 seconds

Avg epoch train. time: 0.0 hours, 0.0 minutes, 0.0932164742396428 seconds
Avg batch train. time: 0.010357386026626978 seconds
Avg sample train. time: 0.0013912906602931761 seconds
Evaluating on validation set ...
Validation runtime: 0.0 hours, 0.0 minutes, 0.0072634220123291016 seconds

Avg val. time: 0.0 hours, 0.0 minutes, 0.021178579330444335 seconds
Avg batch val. time: 0.021178579330444335 seconds
Avg sample val. time: 0.002647322416305542 seconds
Epoch 26 Validation Summary: epoch: 26.000000 | loss: 1.281783 | accuracy: 0.500000 | precision: 0.523810 | 
Epoch 27 Training Summary: epoch: 27.000000 | loss: 0.729005 | 
Epoch runtime: 0.0 hours, 0.0 minutes, 0.08717799186706543 seconds

Avg epoch train. time: 0.0 hours, 0.0 minutes, 0.09299282674436216 seconds
Avg batch train. time: 0.010332536304929129 seconds
Avg sample train. time: 0.0013879526379755546 seconds
Epoch 28 Training Summary: epoch: 28.000000 | loss: 0.684350 | 
Epoch runtime: 0.0 hours, 0.0 minutes, 0.09349465370178223 seconds

Avg epoch train. time: 0.0 hours, 0.0 minutes, 0.0930107491356986 seconds
Avg batch train. time: 0.010334527681744289 seconds
Avg sample train. time: 0.0013882201363537103 seconds
Evaluating on validation set ...
Validation runtime: 0.0 hours, 0.0 minutes, 0.007802724838256836 seconds

Avg val. time: 0.0 hours, 0.0 minutes, 0.020342588424682617 seconds
Avg batch val. time: 0.020342588424682617 seconds
Avg sample val. time: 0.002542823553085327 seconds
Epoch 28 Validation Summary: epoch: 28.000000 | loss: 1.376434 | accuracy: 0.625000 | precision: 0.583333 | 
Epoch 29 Training Summary: epoch: 29.000000 | loss: 0.675056 | 
Epoch runtime: 0.0 hours, 0.0 minutes, 0.09384799003601074 seconds

Avg epoch train. time: 0.0 hours, 0.0 minutes, 0.09303961951157143 seconds
Avg batch train. time: 0.010337735501285715 seconds
Avg sample train. time: 0.0013886510374861408 seconds
Epoch 30 Training Summary: epoch: 30.000000 | loss: 0.596833 | 
Epoch runtime: 0.0 hours, 0.0 minutes, 0.08799600601196289 seconds

Avg epoch train. time: 0.0 hours, 0.0 minutes, 0.09287149906158447 seconds
Avg batch train. time: 0.010319055451287163 seconds
Avg sample train. time: 0.0013861417770385741 seconds
Evaluating on validation set ...
Validation runtime: 0.0 hours, 0.0 minutes, 0.0074121952056884766 seconds

Avg val. time: 0.0 hours, 0.0 minutes, 0.01958197705885943 seconds
Avg batch val. time: 0.01958197705885943 seconds
Avg sample val. time: 0.002447747132357429 seconds
Epoch 30 Validation Summary: epoch: 30.000000 | loss: 1.459724 | accuracy: 0.375000 | precision: 0.452381 | 
Epoch 31 Training Summary: epoch: 31.000000 | loss: 0.543517 | 
Epoch runtime: 0.0 hours, 0.0 minutes, 0.09618735313415527 seconds

Avg epoch train. time: 0.0 hours, 0.0 minutes, 0.09297846209618353 seconds
Avg batch train. time: 0.01033094023290928 seconds
Avg sample train. time: 0.0013877382402415453 seconds
Epoch 32 Training Summary: epoch: 32.000000 | loss: 0.532779 | 
Epoch runtime: 0.0 hours, 0.0 minutes, 0.0900421142578125 seconds

Avg epoch train. time: 0.0 hours, 0.0 minutes, 0.09288670122623444 seconds
Avg batch train. time: 0.010320744580692716 seconds
Avg sample train. time: 0.0013863686750184244 seconds
Evaluating on validation set ...
Validation runtime: 0.0 hours, 0.0 minutes, 0.0068662166595458984 seconds

Avg val. time: 0.0 hours, 0.0 minutes, 0.018875545925564237 seconds
Avg batch val. time: 0.018875545925564237 seconds
Avg sample val. time: 0.0023594432406955296 seconds
Epoch 32 Validation Summary: epoch: 32.000000 | loss: 1.448765 | accuracy: 0.625000 | precision: 0.583333 | 
Epoch 33 Training Summary: epoch: 33.000000 | loss: 0.496247 | 
Epoch runtime: 0.0 hours, 0.0 minutes, 0.09046721458435059 seconds

Avg epoch train. time: 0.0 hours, 0.0 minutes, 0.09281338344920766 seconds
Avg batch train. time: 0.010312598161023073 seconds
Avg sample train. time: 0.0013852743798389202 seconds
Epoch 34 Training Summary: epoch: 34.000000 | loss: 0.491821 | 
Epoch runtime: 0.0 hours, 0.0 minutes, 0.0908670425415039 seconds

Avg epoch train. time: 0.0 hours, 0.0 minutes, 0.09275613812839284 seconds
Avg batch train. time: 0.010306237569821427 seconds
Avg sample train. time: 0.0013844199720655648 seconds
Evaluating on validation set ...
Validation runtime: 0.0 hours, 0.0 minutes, 0.007289886474609375 seconds

Avg val. time: 0.0 hours, 0.0 minutes, 0.01826577437551398 seconds
Avg batch val. time: 0.01826577437551398 seconds
Avg sample val. time: 0.0022832217969392474 seconds
Epoch 34 Validation Summary: epoch: 34.000000 | loss: 1.477801 | accuracy: 0.500000 | precision: 0.595238 | 
Epoch 35 Training Summary: epoch: 35.000000 | loss: 0.464606 | 
Epoch runtime: 0.0 hours, 0.0 minutes, 0.09701848030090332 seconds

Avg epoch train. time: 0.0 hours, 0.0 minutes, 0.0928779193333217 seconds
Avg batch train. time: 0.010319768814813522 seconds
Avg sample train. time: 0.0013862376019898761 seconds
Epoch 36 Training Summary: epoch: 36.000000 | loss: 0.452299 | 
Epoch runtime: 0.0 hours, 0.0 minutes, 0.09528160095214844 seconds

Avg epoch train. time: 0.0 hours, 0.0 minutes, 0.092944688267178 seconds
Avg batch train. time: 0.010327187585242 seconds
Avg sample train. time: 0.0013872341532414627 seconds
Evaluating on validation set ...
Validation runtime: 0.0 hours, 0.0 minutes, 0.006937265396118164 seconds

Avg val. time: 0.0 hours, 0.0 minutes, 0.01769934892654419 seconds
Avg batch val. time: 0.01769934892654419 seconds
Avg sample val. time: 0.0022124186158180236 seconds
Epoch 36 Validation Summary: epoch: 36.000000 | loss: 1.479705 | accuracy: 0.375000 | precision: 0.452381 | 
Epoch 37 Training Summary: epoch: 37.000000 | loss: 0.438437 | 
Epoch runtime: 0.0 hours, 0.0 minutes, 0.08910083770751953 seconds

Avg epoch train. time: 0.0 hours, 0.0 minutes, 0.09284080041421426 seconds
Avg batch train. time: 0.010315644490468252 seconds
Avg sample train. time: 0.0013856835882718546 seconds
Epoch 38 Training Summary: epoch: 38.000000 | loss: 0.325795 | 
Epoch runtime: 0.0 hours, 0.0 minutes, 0.08927512168884277 seconds

Avg epoch train. time: 0.0 hours, 0.0 minutes, 0.09274696676354659 seconds
Avg batch train. time: 0.010305218529282954 seconds
Avg sample train. time: 0.0013842830860230834 seconds
Evaluating on validation set ...
Validation runtime: 0.0 hours, 0.0 minutes, 0.006937503814697266 seconds

Avg val. time: 0.0 hours, 0.0 minutes, 0.017186880111694336 seconds
Avg batch val. time: 0.017186880111694336 seconds
Avg sample val. time: 0.002148360013961792 seconds
Epoch 38 Validation Summary: epoch: 38.000000 | loss: 1.559689 | accuracy: 0.375000 | precision: 0.452381 | 
Epoch 39 Training Summary: epoch: 39.000000 | loss: 0.393216 | 
Epoch runtime: 0.0 hours, 0.0 minutes, 0.09268379211425781 seconds

Avg epoch train. time: 0.0 hours, 0.0 minutes, 0.09274534690074432 seconds
Avg batch train. time: 0.010305038544527146 seconds
Avg sample train. time: 0.0013842589089663332 seconds
Epoch 40 Training Summary: epoch: 40.000000 | loss: 0.311259 | 
Epoch runtime: 0.0 hours, 0.0 minutes, 0.09474682807922363 seconds

Avg epoch train. time: 0.0 hours, 0.0 minutes, 0.0927953839302063 seconds
Avg batch train. time: 0.010310598214467366 seconds
Avg sample train. time: 0.0013850057303015865 seconds
Evaluating on validation set ...
Validation runtime: 0.0 hours, 0.0 minutes, 0.00702977180480957 seconds

Avg val. time: 0.0 hours, 0.0 minutes, 0.0167251933704723 seconds
Avg batch val. time: 0.0167251933704723 seconds
Avg sample val. time: 0.0020906491713090377 seconds
Epoch 40 Validation Summary: epoch: 40.000000 | loss: 1.563115 | accuracy: 0.625000 | precision: 0.666667 | 
Best accuracy was 0.625. Other metrics: OrderedDict([('epoch', 20), ('loss', 1.2721145153045654), ('accuracy', 0.625), ('precision', 0.5833333333333333)])
All Done!
Total runtime: 0.0 hours, 0.0 minutes, 6.974907398223877 seconds

