Running:
src/main_5q.py --output_dir experiments --comment classification from Scratch --name VRS_fromScratch --records_file VRS_records.xls --data_dir /mnt/d/OneDrive - Southern Methodist University/Phone_Privacy/input_feature/all_processpos_norm_downsample_480p_s22 --data_class vrs --val_ratio 0.1 --epochs 40 --lr 0.001 --dropout 0.2 --batch_size 8 --num_layers 3 --num_heads 4 --optimizer RAdam --pos_encoding learnable --task classification --normalization none --key_metric accuracy

Using device: cuda
Loading and preprocessing data ...
68 samples may be used for training
8 samples will be used for validation
0 samples will be used for testing
Creating model ...
Model:
TSTransformerEncoderClassiregressor(
  (project_inp): Linear(in_features=39, out_features=64, bias=True)
  (pos_enc): LearnablePositionalEncoding(
    (dropout): Dropout(p=0.2, inplace=False)
  )
  (transformer_encoder): TransformerEncoder(
    (layers): ModuleList(
      (0-2): 3 x TransformerBatchNormEncoderLayer(
        (self_attn): MultiheadAttention(
          (out_proj): NonDynamicallyQuantizableLinear(in_features=64, out_features=64, bias=True)
        )
        (linear1): Linear(in_features=64, out_features=256, bias=True)
        (dropout): Dropout(p=0.2, inplace=False)
        (linear2): Linear(in_features=256, out_features=64, bias=True)
        (norm1): BatchNorm1d(64, eps=1e-05, momentum=0.1, affine=True, track_running_stats=True)
        (norm2): BatchNorm1d(64, eps=1e-05, momentum=0.1, affine=True, track_running_stats=True)
        (dropout1): Dropout(p=0.2, inplace=False)
        (dropout2): Dropout(p=0.2, inplace=False)
      )
    )
  )
  (dropout1): Dropout(p=0.2, inplace=False)
  (output_layer): Linear(in_features=5120, out_features=5, bias=True)
)
Total number of parameters: 183237
Trainable parameters: 183237
Evaluating on validation set ...
Validation runtime: 0.0 hours, 0.0 minutes, 0.23282575607299805 seconds

Avg val. time: 0.0 hours, 0.0 minutes, 0.23282575607299805 seconds
Avg batch val. time: 0.23282575607299805 seconds
Avg sample val. time: 0.029103219509124756 seconds
Epoch 0 Validation Summary: epoch: 0.000000 | loss: 5.460408 | accuracy: 0.250000 | precision: 0.250000 | 
Starting training...
Epoch 1 Training Summary: epoch: 1.000000 | loss: 1.703488 | 
Epoch runtime: 0.0 hours, 0.0 minutes, 0.24033308029174805 seconds

Avg epoch train. time: 0.0 hours, 0.0 minutes, 0.24033308029174805 seconds
Avg batch train. time: 0.026703675587972004 seconds
Avg sample train. time: 0.0035343100042904124 seconds
Evaluating on validation set ...
Validation runtime: 0.0 hours, 0.0 minutes, 0.007949590682983398 seconds

Avg val. time: 0.0 hours, 0.0 minutes, 0.12038767337799072 seconds
Avg batch val. time: 0.12038767337799072 seconds
Avg sample val. time: 0.01504845917224884 seconds
Epoch 1 Validation Summary: epoch: 1.000000 | loss: 1.659106 | accuracy: 0.250000 | precision: 0.190476 | 
Epoch 2 Training Summary: epoch: 2.000000 | loss: 1.721589 | 
Epoch runtime: 0.0 hours, 0.0 minutes, 0.11588549613952637 seconds

Avg epoch train. time: 0.0 hours, 0.0 minutes, 0.1781092882156372 seconds
Avg batch train. time: 0.019789920912848577 seconds
Avg sample train. time: 0.002619254238465253 seconds
Evaluating on validation set ...
Validation runtime: 0.0 hours, 0.0 minutes, 0.007253170013427734 seconds

Avg val. time: 0.0 hours, 0.0 minutes, 0.08267617225646973 seconds
Avg batch val. time: 0.08267617225646973 seconds
Avg sample val. time: 0.010334521532058716 seconds
Epoch 2 Validation Summary: epoch: 2.000000 | loss: 1.614162 | accuracy: 0.250000 | precision: 0.240000 | 
Epoch 3 Training Summary: epoch: 3.000000 | loss: 1.672127 | 
Epoch runtime: 0.0 hours, 0.0 minutes, 0.13186264038085938 seconds

Avg epoch train. time: 0.0 hours, 0.0 minutes, 0.16269373893737793 seconds
Avg batch train. time: 0.018077082104153104 seconds
Avg sample train. time: 0.0023925549843732048 seconds
Epoch 4 Training Summary: epoch: 4.000000 | loss: 1.673917 | 
Epoch runtime: 0.0 hours, 0.0 minutes, 0.10893368721008301 seconds

Avg epoch train. time: 0.0 hours, 0.0 minutes, 0.1492537260055542 seconds
Avg batch train. time: 0.016583747333950467 seconds
Avg sample train. time: 0.002194907735375797 seconds
Evaluating on validation set ...
Validation runtime: 0.0 hours, 0.0 minutes, 0.00817108154296875 seconds

Avg val. time: 0.0 hours, 0.0 minutes, 0.06404989957809448 seconds
Avg batch val. time: 0.06404989957809448 seconds
Avg sample val. time: 0.00800623744726181 seconds
Epoch 4 Validation Summary: epoch: 4.000000 | loss: 1.589884 | accuracy: 0.125000 | precision: 0.041667 | 
Epoch 5 Training Summary: epoch: 5.000000 | loss: 1.685889 | 
Epoch runtime: 0.0 hours, 0.0 minutes, 0.10123896598815918 seconds

Avg epoch train. time: 0.0 hours, 0.0 minutes, 0.1396507740020752 seconds
Avg batch train. time: 0.015516752666897246 seconds
Avg sample train. time: 0.0020536878529716944 seconds
Epoch 6 Training Summary: epoch: 6.000000 | loss: 1.714591 | 
Epoch runtime: 0.0 hours, 0.0 minutes, 0.11392760276794434 seconds

Avg epoch train. time: 0.0 hours, 0.0 minutes, 0.13536357879638672 seconds
Avg batch train. time: 0.015040397644042969 seconds
Avg sample train. time: 0.001990640864652746 seconds
Evaluating on validation set ...
Validation runtime: 0.0 hours, 0.0 minutes, 0.009111642837524414 seconds

Avg val. time: 0.0 hours, 0.0 minutes, 0.05306224822998047 seconds
Avg batch val. time: 0.05306224822998047 seconds
Avg sample val. time: 0.006632781028747559 seconds
Epoch 6 Validation Summary: epoch: 6.000000 | loss: 1.578898 | accuracy: 0.000000 | precision: 0.000000 | 
Epoch 7 Training Summary: epoch: 7.000000 | loss: 1.676739 | 
Epoch runtime: 0.0 hours, 0.0 minutes, 0.10379171371459961 seconds

Avg epoch train. time: 0.0 hours, 0.0 minutes, 0.13085331235613143 seconds
Avg batch train. time: 0.014539256928459048 seconds
Avg sample train. time: 0.0019243134170019327 seconds
Epoch 8 Training Summary: epoch: 8.000000 | loss: 1.620770 | 
Epoch runtime: 0.0 hours, 0.0 minutes, 0.1063694953918457 seconds

Avg epoch train. time: 0.0 hours, 0.0 minutes, 0.1277928352355957 seconds
Avg batch train. time: 0.01419920391506619 seconds
Avg sample train. time: 0.0018793064005234662 seconds
Evaluating on validation set ...
Validation runtime: 0.0 hours, 0.0 minutes, 0.009222745895385742 seconds

Avg val. time: 0.0 hours, 0.0 minutes, 0.04575566450754801 seconds
Avg batch val. time: 0.04575566450754801 seconds
Avg sample val. time: 0.0057194580634435015 seconds
Epoch 8 Validation Summary: epoch: 8.000000 | loss: 1.561132 | accuracy: 0.125000 | precision: 0.047619 | 
Epoch 9 Training Summary: epoch: 9.000000 | loss: 1.627586 | 
Epoch runtime: 0.0 hours, 0.0 minutes, 0.09640789031982422 seconds

Avg epoch train. time: 0.0 hours, 0.0 minutes, 0.12430561913384332 seconds
Avg batch train. time: 0.013811735459315924 seconds
Avg sample train. time: 0.0018280238107918135 seconds
Epoch 10 Training Summary: epoch: 10.000000 | loss: 1.662211 | 
Epoch runtime: 0.0 hours, 0.0 minutes, 0.09776854515075684 seconds

Avg epoch train. time: 0.0 hours, 0.0 minutes, 0.12165191173553466 seconds
Avg batch train. time: 0.013516879081726073 seconds
Avg sample train. time: 0.0017889987019931567 seconds
Evaluating on validation set ...
Validation runtime: 0.0 hours, 0.0 minutes, 0.007371425628662109 seconds

Avg val. time: 0.0 hours, 0.0 minutes, 0.04027220181056431 seconds
Avg batch val. time: 0.04027220181056431 seconds
Avg sample val. time: 0.005034025226320539 seconds
Epoch 10 Validation Summary: epoch: 10.000000 | loss: 1.537887 | accuracy: 0.125000 | precision: 0.055556 | 
Epoch 11 Training Summary: epoch: 11.000000 | loss: 1.600939 | 
Epoch runtime: 0.0 hours, 0.0 minutes, 0.09643030166625977 seconds

Avg epoch train. time: 0.0 hours, 0.0 minutes, 0.1193590380928733 seconds
Avg batch train. time: 0.01326211534365259 seconds
Avg sample train. time: 0.0017552799719540192 seconds
Epoch 12 Training Summary: epoch: 12.000000 | loss: 1.608887 | 
Epoch runtime: 0.0 hours, 0.0 minutes, 0.10608553886413574 seconds

Avg epoch train. time: 0.0 hours, 0.0 minutes, 0.11825291315714519 seconds
Avg batch train. time: 0.013139212573016132 seconds
Avg sample train. time: 0.001739013428781547 seconds
Evaluating on validation set ...
Validation runtime: 0.0 hours, 0.0 minutes, 0.007730722427368164 seconds

Avg val. time: 0.0 hours, 0.0 minutes, 0.036204516887664795 seconds
Avg batch val. time: 0.036204516887664795 seconds
Avg sample val. time: 0.004525564610958099 seconds
Epoch 12 Validation Summary: epoch: 12.000000 | loss: 1.489446 | accuracy: 0.375000 | precision: 0.266667 | 
Epoch 13 Training Summary: epoch: 13.000000 | loss: 1.456267 | 
Epoch runtime: 0.0 hours, 0.0 minutes, 0.09464168548583984 seconds

Avg epoch train. time: 0.0 hours, 0.0 minutes, 0.11643666487473708 seconds
Avg batch train. time: 0.01293740720830412 seconds
Avg sample train. time: 0.0017123038952167218 seconds
Epoch 14 Training Summary: epoch: 14.000000 | loss: 1.459990 | 
Epoch runtime: 0.0 hours, 0.0 minutes, 0.11177968978881836 seconds

Avg epoch train. time: 0.0 hours, 0.0 minutes, 0.11610402379717145 seconds
Avg batch train. time: 0.012900447088574607 seconds
Avg sample train. time: 0.001707412114664286 seconds
Evaluating on validation set ...
Validation runtime: 0.0 hours, 0.0 minutes, 0.007501125335693359 seconds

Avg val. time: 0.0 hours, 0.0 minutes, 0.03301525115966797 seconds
Avg batch val. time: 0.03301525115966797 seconds
Avg sample val. time: 0.004126906394958496 seconds
Epoch 14 Validation Summary: epoch: 14.000000 | loss: 1.477054 | accuracy: 0.250000 | precision: 0.388889 | 
Epoch 15 Training Summary: epoch: 15.000000 | loss: 1.433239 | 
Epoch runtime: 0.0 hours, 0.0 minutes, 0.09367179870605469 seconds

Avg epoch train. time: 0.0 hours, 0.0 minutes, 0.11460854212443033 seconds
Avg batch train. time: 0.012734282458270038 seconds
Avg sample train. time: 0.0016854197371239754 seconds
Epoch 16 Training Summary: epoch: 16.000000 | loss: 1.438715 | 
Epoch runtime: 0.0 hours, 0.0 minutes, 0.09299278259277344 seconds

Avg epoch train. time: 0.0 hours, 0.0 minutes, 0.11325755715370178 seconds
Avg batch train. time: 0.012584173017077975 seconds
Avg sample train. time: 0.0016655523110838497 seconds
Evaluating on validation set ...
Validation runtime: 0.0 hours, 0.0 minutes, 0.0068018436431884766 seconds

Avg val. time: 0.0 hours, 0.0 minutes, 0.03039391040802002 seconds
Avg batch val. time: 0.03039391040802002 seconds
Avg sample val. time: 0.0037992388010025025 seconds
Epoch 16 Validation Summary: epoch: 16.000000 | loss: 1.443033 | accuracy: 0.250000 | precision: 0.222222 | 
Epoch 17 Training Summary: epoch: 17.000000 | loss: 1.540111 | 
Epoch runtime: 0.0 hours, 0.0 minutes, 0.0944359302520752 seconds

Avg epoch train. time: 0.0 hours, 0.0 minutes, 0.1121504026300767 seconds
Avg batch train. time: 0.0124611558477863 seconds
Avg sample train. time: 0.0016492706269128927 seconds
Epoch 18 Training Summary: epoch: 18.000000 | loss: 1.465498 | 
Epoch runtime: 0.0 hours, 0.0 minutes, 0.1021115779876709 seconds

Avg epoch train. time: 0.0 hours, 0.0 minutes, 0.11159269014994304 seconds
Avg batch train. time: 0.012399187794438115 seconds
Avg sample train. time: 0.00164106897279328 seconds
Evaluating on validation set ...
Validation runtime: 0.0 hours, 0.0 minutes, 0.008444547653198242 seconds

Avg val. time: 0.0 hours, 0.0 minutes, 0.028398513793945312 seconds
Avg batch val. time: 0.028398513793945312 seconds
Avg sample val. time: 0.003549814224243164 seconds
Epoch 18 Validation Summary: epoch: 18.000000 | loss: 1.394318 | accuracy: 0.375000 | precision: 0.333333 | 
Epoch 19 Training Summary: epoch: 19.000000 | loss: 1.509497 | 
Epoch runtime: 0.0 hours, 0.0 minutes, 0.09466695785522461 seconds

Avg epoch train. time: 0.0 hours, 0.0 minutes, 0.11070186213443153 seconds
Avg batch train. time: 0.012300206903825725 seconds
Avg sample train. time: 0.0016279685608004638 seconds
Epoch 20 Training Summary: epoch: 20.000000 | loss: 1.331260 | 
Epoch runtime: 0.0 hours, 0.0 minutes, 0.10012316703796387 seconds

Avg epoch train. time: 0.0 hours, 0.0 minutes, 0.11017292737960815 seconds
Avg batch train. time: 0.012241436375512017 seconds
Avg sample train. time: 0.0016201901085236494 seconds
Evaluating on validation set ...
Validation runtime: 0.0 hours, 0.0 minutes, 0.007169961929321289 seconds

Avg val. time: 0.0 hours, 0.0 minutes, 0.026629467805226643 seconds
Avg batch val. time: 0.026629467805226643 seconds
Avg sample val. time: 0.0033286834756533303 seconds
Epoch 20 Validation Summary: epoch: 20.000000 | loss: 1.327838 | accuracy: 0.375000 | precision: 0.416667 | 
Epoch 21 Training Summary: epoch: 21.000000 | loss: 1.431616 | 
Epoch runtime: 0.0 hours, 0.0 minutes, 0.10887002944946289 seconds

Avg epoch train. time: 0.0 hours, 0.0 minutes, 0.1101108846210298 seconds
Avg batch train. time: 0.012234542735669977 seconds
Avg sample train. time: 0.0016192777150151442 seconds
Epoch 22 Training Summary: epoch: 22.000000 | loss: 1.381673 | 
Epoch runtime: 0.0 hours, 0.0 minutes, 0.0986480712890625 seconds

Avg epoch train. time: 0.0 hours, 0.0 minutes, 0.10958984765139493 seconds
Avg batch train. time: 0.012176649739043881 seconds
Avg sample train. time: 0.0016116154066381607 seconds
Evaluating on validation set ...
Validation runtime: 0.0 hours, 0.0 minutes, 0.007112026214599609 seconds

Avg val. time: 0.0 hours, 0.0 minutes, 0.02512812614440918 seconds
Avg batch val. time: 0.02512812614440918 seconds
Avg sample val. time: 0.0031410157680511475 seconds
Epoch 22 Validation Summary: epoch: 22.000000 | loss: 1.321356 | accuracy: 0.375000 | precision: 0.388889 | 
Epoch 23 Training Summary: epoch: 23.000000 | loss: 1.439061 | 
Epoch runtime: 0.0 hours, 0.0 minutes, 0.10037422180175781 seconds

Avg epoch train. time: 0.0 hours, 0.0 minutes, 0.1091891682666281 seconds
Avg batch train. time: 0.012132129807403122 seconds
Avg sample train. time: 0.0016057230627445308 seconds
Epoch 24 Training Summary: epoch: 24.000000 | loss: 1.396267 | 
Epoch runtime: 0.0 hours, 0.0 minutes, 0.09672689437866211 seconds

Avg epoch train. time: 0.0 hours, 0.0 minutes, 0.10866990685462952 seconds
Avg batch train. time: 0.012074434094958834 seconds
Avg sample train. time: 0.0015980868655092577 seconds
Evaluating on validation set ...
Validation runtime: 0.0 hours, 0.0 minutes, 0.0066258907318115234 seconds

Avg val. time: 0.0 hours, 0.0 minutes, 0.023806537900652205 seconds
Avg batch val. time: 0.023806537900652205 seconds
Avg sample val. time: 0.0029758172375815256 seconds
Epoch 24 Validation Summary: epoch: 24.000000 | loss: 1.404245 | accuracy: 0.250000 | precision: 0.266667 | 
Epoch 25 Training Summary: epoch: 25.000000 | loss: 1.292363 | 
Epoch runtime: 0.0 hours, 0.0 minutes, 0.09505105018615723 seconds

Avg epoch train. time: 0.0 hours, 0.0 minutes, 0.10812515258789063 seconds
Avg batch train. time: 0.012013905843098959 seconds
Avg sample train. time: 0.0015900757733513327 seconds
Epoch 26 Training Summary: epoch: 26.000000 | loss: 1.338592 | 
Epoch runtime: 0.0 hours, 0.0 minutes, 0.09977936744689941 seconds

Avg epoch train. time: 0.0 hours, 0.0 minutes, 0.10780416085169865 seconds
Avg batch train. time: 0.011978240094633184 seconds
Avg sample train. time: 0.0015853553066426272 seconds
Evaluating on validation set ...
Validation runtime: 0.0 hours, 0.0 minutes, 0.008011579513549805 seconds

Avg val. time: 0.0 hours, 0.0 minutes, 0.022753540674845377 seconds
Avg batch val. time: 0.022753540674845377 seconds
Avg sample val. time: 0.002844192584355672 seconds
Epoch 26 Validation Summary: epoch: 26.000000 | loss: 1.390839 | accuracy: 0.375000 | precision: 0.400000 | 
Epoch 27 Training Summary: epoch: 27.000000 | loss: 1.269554 | 
Epoch runtime: 0.0 hours, 0.0 minutes, 0.10338258743286133 seconds

Avg epoch train. time: 0.0 hours, 0.0 minutes, 0.1076403988732232 seconds
Avg batch train. time: 0.011960044319247022 seconds
Avg sample train. time: 0.0015829470422532824 seconds
Epoch 28 Training Summary: epoch: 28.000000 | loss: 1.211879 | 
Epoch runtime: 0.0 hours, 0.0 minutes, 0.09966468811035156 seconds

Avg epoch train. time: 0.0 hours, 0.0 minutes, 0.1073555520602635 seconds
Avg batch train. time: 0.01192839467336261 seconds
Avg sample train. time: 0.0015787581185332867 seconds
Evaluating on validation set ...
Validation runtime: 0.0 hours, 0.0 minutes, 0.007579803466796875 seconds

Avg val. time: 0.0 hours, 0.0 minutes, 0.021805182099342346 seconds
Avg batch val. time: 0.021805182099342346 seconds
Avg sample val. time: 0.0027256477624177933 seconds
Epoch 28 Validation Summary: epoch: 28.000000 | loss: 1.450375 | accuracy: 0.375000 | precision: 0.333333 | 
Epoch 29 Training Summary: epoch: 29.000000 | loss: 1.226216 | 
Epoch runtime: 0.0 hours, 0.0 minutes, 0.09843039512634277 seconds

Avg epoch train. time: 0.0 hours, 0.0 minutes, 0.10704778802805934 seconds
Avg batch train. time: 0.01189419866978437 seconds
Avg sample train. time: 0.0015742321768832256 seconds
Epoch 30 Training Summary: epoch: 30.000000 | loss: 1.201526 | 
Epoch runtime: 0.0 hours, 0.0 minutes, 0.09670591354370117 seconds

Avg epoch train. time: 0.0 hours, 0.0 minutes, 0.10670305887858073 seconds
Avg batch train. time: 0.011855895430953414 seconds
Avg sample train. time: 0.0015691626305673635 seconds
Evaluating on validation set ...
Validation runtime: 0.0 hours, 0.0 minutes, 0.007424354553222656 seconds

Avg val. time: 0.0 hours, 0.0 minutes, 0.02095925106721766 seconds
Avg batch val. time: 0.02095925106721766 seconds
Avg sample val. time: 0.0026199063834022075 seconds
Epoch 30 Validation Summary: epoch: 30.000000 | loss: 1.456061 | accuracy: 0.375000 | precision: 0.333333 | 
Epoch 31 Training Summary: epoch: 31.000000 | loss: 1.124263 | 
Epoch runtime: 0.0 hours, 0.0 minutes, 0.10579299926757812 seconds

Avg epoch train. time: 0.0 hours, 0.0 minutes, 0.10667370211693548 seconds
Avg batch train. time: 0.011852633568548387 seconds
Avg sample train. time: 0.0015687309134843454 seconds
Epoch 32 Training Summary: epoch: 32.000000 | loss: 1.145115 | 
Epoch runtime: 0.0 hours, 0.0 minutes, 0.10087370872497559 seconds

Avg epoch train. time: 0.0 hours, 0.0 minutes, 0.10649245232343674 seconds
Avg batch train. time: 0.011832494702604082 seconds
Avg sample train. time: 0.001566065475344658 seconds
Evaluating on validation set ...
Validation runtime: 0.0 hours, 0.0 minutes, 0.007248401641845703 seconds

Avg val. time: 0.0 hours, 0.0 minutes, 0.02019753721025255 seconds
Avg batch val. time: 0.02019753721025255 seconds
Avg sample val. time: 0.0025246921512815687 seconds
Epoch 32 Validation Summary: epoch: 32.000000 | loss: 1.364780 | accuracy: 0.250000 | precision: 0.166667 | 
Epoch 33 Training Summary: epoch: 33.000000 | loss: 1.089804 | 
Epoch runtime: 0.0 hours, 0.0 minutes, 0.08934640884399414 seconds

Avg epoch train. time: 0.0 hours, 0.0 minutes, 0.10597287524830211 seconds
Avg batch train. time: 0.011774763916478012 seconds
Avg sample train. time: 0.0015584246360044428 seconds
Epoch 34 Training Summary: epoch: 34.000000 | loss: 0.990141 | 
Epoch runtime: 0.0 hours, 0.0 minutes, 0.09960556030273438 seconds

Avg epoch train. time: 0.0 hours, 0.0 minutes, 0.10578560127931483 seconds
Avg batch train. time: 0.011753955697701648 seconds
Avg sample train. time: 0.0015556706070487475 seconds
Evaluating on validation set ...
Validation runtime: 0.0 hours, 0.0 minutes, 0.0074079036712646484 seconds

Avg val. time: 0.0 hours, 0.0 minutes, 0.019524398602937396 seconds
Avg batch val. time: 0.019524398602937396 seconds
Avg sample val. time: 0.0024405498253671745 seconds
Epoch 34 Validation Summary: epoch: 34.000000 | loss: 1.531544 | accuracy: 0.250000 | precision: 0.266667 | 
Epoch 35 Training Summary: epoch: 35.000000 | loss: 0.995516 | 
Epoch runtime: 0.0 hours, 0.0 minutes, 0.10262441635131836 seconds

Avg epoch train. time: 0.0 hours, 0.0 minutes, 0.1056952817099435 seconds
Avg batch train. time: 0.011743920189993722 seconds
Avg sample train. time: 0.0015543423780874043 seconds
Epoch 36 Training Summary: epoch: 36.000000 | loss: 0.962368 | 
Epoch runtime: 0.0 hours, 0.0 minutes, 0.1036536693572998 seconds

Avg epoch train. time: 0.0 hours, 0.0 minutes, 0.10563857025570339 seconds
Avg batch train. time: 0.011737618917300376 seconds
Avg sample train. time: 0.0015535083861132851 seconds
Evaluating on validation set ...
Validation runtime: 0.0 hours, 0.0 minutes, 0.006799459457397461 seconds

Avg val. time: 0.0 hours, 0.0 minutes, 0.0188881516456604 seconds
Avg batch val. time: 0.0188881516456604 seconds
Avg sample val. time: 0.00236101895570755 seconds
Epoch 36 Validation Summary: epoch: 36.000000 | loss: 1.454174 | accuracy: 0.250000 | precision: 0.250000 | 
Epoch 37 Training Summary: epoch: 37.000000 | loss: 0.933831 | 
Epoch runtime: 0.0 hours, 0.0 minutes, 0.0999455451965332 seconds

Avg epoch train. time: 0.0 hours, 0.0 minutes, 0.10548470471356367 seconds
Avg batch train. time: 0.011720522745951518 seconds
Avg sample train. time: 0.0015512456575524068 seconds
Epoch 38 Training Summary: epoch: 38.000000 | loss: 0.944963 | 
Epoch runtime: 0.0 hours, 0.0 minutes, 0.09692668914794922 seconds

Avg epoch train. time: 0.0 hours, 0.0 minutes, 0.10525949377762644 seconds
Avg batch train. time: 0.01169549930862516 seconds
Avg sample train. time: 0.0015479337320239183 seconds
Evaluating on validation set ...
Validation runtime: 0.0 hours, 0.0 minutes, 0.007953643798828125 seconds

Avg val. time: 0.0 hours, 0.0 minutes, 0.018367460795811245 seconds
Avg batch val. time: 0.018367460795811245 seconds
Avg sample val. time: 0.0022959325994764057 seconds
Epoch 38 Validation Summary: epoch: 38.000000 | loss: 1.441982 | accuracy: 0.250000 | precision: 0.200000 | 
Epoch 39 Training Summary: epoch: 39.000000 | loss: 0.761704 | 
Epoch runtime: 0.0 hours, 0.0 minutes, 0.09788036346435547 seconds

Avg epoch train. time: 0.0 hours, 0.0 minutes, 0.10507028530805539 seconds
Avg batch train. time: 0.011674476145339487 seconds
Avg sample train. time: 0.0015451512545302264 seconds
Epoch 40 Training Summary: epoch: 40.000000 | loss: 0.742235 | 
Epoch runtime: 0.0 hours, 0.0 minutes, 0.09728431701660156 seconds

Avg epoch train. time: 0.0 hours, 0.0 minutes, 0.10487563610076904 seconds
Avg batch train. time: 0.011652848455641004 seconds
Avg sample train. time: 0.00154228876618778 seconds
Evaluating on validation set ...
Validation runtime: 0.0 hours, 0.0 minutes, 0.007324934005737305 seconds

Avg val. time: 0.0 hours, 0.0 minutes, 0.017865527759898792 seconds
Avg batch val. time: 0.017865527759898792 seconds
Avg sample val. time: 0.002233190969987349 seconds
Epoch 40 Validation Summary: epoch: 40.000000 | loss: 1.420471 | accuracy: 0.250000 | precision: 0.266667 | 
Best accuracy was 0.375. Other metrics: OrderedDict([('epoch', 12), ('loss', 1.4894455671310425), ('accuracy', 0.375), ('precision', 0.26666666666666666)])
All Done!
Total runtime: 0.0 hours, 0.0 minutes, 9.989832162857056 seconds

