Running:
src/main_crosssetting.py --output_dir experiments --target_user ZeyuZoom --user_othersetting Zeyu --comment classification from Scratch --name VRS_fromScratch --records_file VRS_records.xls --data_dir /mnt/d/OneDrive - Southern Methodist University/Phone_Privacy/input_feature/all_processpos_norm_downsample_480p_s22 --test_data_dir /mnt/d/OneDrive - Southern Methodist University/Phone_Privacy/input_feature/all_processpos_norm_downsample_480p_s22 --data_class vrs --val_ratio 0.1 --epochs 40 --lr 0.001 --dropout 0.2 --batch_size 8 --num_layers 3 --num_heads 4 --optimizer RAdam --pos_encoding learnable --task classification --normalization none --key_metric accuracy

Using device: cuda
Loading and preprocessing data ...
67 samples may be used for training
8 samples will be used for validation
0 samples will be used for testing
Creating model ...
Model:
TSTransformerEncoderClassiregressor(
  (project_inp): Linear(in_features=39, out_features=64, bias=True)
  (pos_enc): LearnablePositionalEncoding(
    (dropout): Dropout(p=0.2, inplace=False)
  )
  (transformer_encoder): TransformerEncoder(
    (layers): ModuleList(
      (0-2): 3 x TransformerBatchNormEncoderLayer(
        (self_attn): MultiheadAttention(
          (out_proj): NonDynamicallyQuantizableLinear(in_features=64, out_features=64, bias=True)
        )
        (linear1): Linear(in_features=64, out_features=256, bias=True)
        (dropout): Dropout(p=0.2, inplace=False)
        (linear2): Linear(in_features=256, out_features=64, bias=True)
        (norm1): BatchNorm1d(64, eps=1e-05, momentum=0.1, affine=True, track_running_stats=True)
        (norm2): BatchNorm1d(64, eps=1e-05, momentum=0.1, affine=True, track_running_stats=True)
        (dropout1): Dropout(p=0.2, inplace=False)
        (dropout2): Dropout(p=0.2, inplace=False)
      )
    )
  )
  (dropout1): Dropout(p=0.2, inplace=False)
  (output_layer): Linear(in_features=5120, out_features=5, bias=True)
)
Total number of parameters: 183237
Trainable parameters: 183237
Evaluating on validation set ...
Validation runtime: 0.0 hours, 0.0 minutes, 0.16399908065795898 seconds

Avg val. time: 0.0 hours, 0.0 minutes, 0.16399908065795898 seconds
Avg batch val. time: 0.16399908065795898 seconds
Avg sample val. time: 0.020499885082244873 seconds
Epoch 0 Validation Summary: epoch: 0.000000 | loss: 3.345040 | accuracy: 0.250000 | precision: 0.222222 | 
Starting training...
Epoch 1 Training Summary: epoch: 1.000000 | loss: 1.714947 | 
Epoch runtime: 0.0 hours, 0.0 minutes, 0.21744537353515625 seconds

Avg epoch train. time: 0.0 hours, 0.0 minutes, 0.21744537353515625 seconds
Avg batch train. time: 0.024160597059461806 seconds
Avg sample train. time: 0.0032454533363456156 seconds
Evaluating on validation set ...
Validation runtime: 0.0 hours, 0.0 minutes, 0.008148431777954102 seconds

Avg val. time: 0.0 hours, 0.0 minutes, 0.08607375621795654 seconds
Avg batch val. time: 0.08607375621795654 seconds
Avg sample val. time: 0.010759219527244568 seconds
Epoch 1 Validation Summary: epoch: 1.000000 | loss: 1.701250 | accuracy: 0.250000 | precision: 0.222222 | 
Epoch 2 Training Summary: epoch: 2.000000 | loss: 1.704744 | 
Epoch runtime: 0.0 hours, 0.0 minutes, 0.08849143981933594 seconds

Avg epoch train. time: 0.0 hours, 0.0 minutes, 0.1529684066772461 seconds
Avg batch train. time: 0.01699648963080512 seconds
Avg sample train. time: 0.0022831105474215834 seconds
Evaluating on validation set ...
Validation runtime: 0.0 hours, 0.0 minutes, 0.0061109066009521484 seconds

Avg val. time: 0.0 hours, 0.0 minutes, 0.059419473012288414 seconds
Avg batch val. time: 0.059419473012288414 seconds
Avg sample val. time: 0.007427434126536052 seconds
Epoch 2 Validation Summary: epoch: 2.000000 | loss: 1.636161 | accuracy: 0.125000 | precision: 0.125000 | 
Epoch 3 Training Summary: epoch: 3.000000 | loss: 1.652271 | 
Epoch runtime: 0.0 hours, 0.0 minutes, 0.08515429496765137 seconds

Avg epoch train. time: 0.0 hours, 0.0 minutes, 0.13036370277404785 seconds
Avg batch train. time: 0.014484855863783095 seconds
Avg sample train. time: 0.001945726907075341 seconds
Epoch 4 Training Summary: epoch: 4.000000 | loss: 1.579633 | 
Epoch runtime: 0.0 hours, 0.0 minutes, 0.0813133716583252 seconds

Avg epoch train. time: 0.0 hours, 0.0 minutes, 0.11810111999511719 seconds
Avg batch train. time: 0.013122346666124132 seconds
Avg sample train. time: 0.0017627032835092118 seconds
Evaluating on validation set ...
Validation runtime: 0.0 hours, 0.0 minutes, 0.0063686370849609375 seconds

Avg val. time: 0.0 hours, 0.0 minutes, 0.04615676403045654 seconds
Avg batch val. time: 0.04615676403045654 seconds
Avg sample val. time: 0.005769595503807068 seconds
Epoch 4 Validation Summary: epoch: 4.000000 | loss: 1.628008 | accuracy: 0.125000 | precision: 0.125000 | 
Epoch 5 Training Summary: epoch: 5.000000 | loss: 1.693688 | 
Epoch runtime: 0.0 hours, 0.0 minutes, 0.07992911338806152 seconds

Avg epoch train. time: 0.0 hours, 0.0 minutes, 0.11046671867370605 seconds
Avg batch train. time: 0.012274079852634005 seconds
Avg sample train. time: 0.001648756995129941 seconds
Epoch 6 Training Summary: epoch: 6.000000 | loss: 1.603380 | 
Epoch runtime: 0.0 hours, 0.0 minutes, 0.09204649925231934 seconds

Avg epoch train. time: 0.0 hours, 0.0 minutes, 0.10739668210347493 seconds
Avg batch train. time: 0.011932964678163882 seconds
Avg sample train. time: 0.0016029355537832079 seconds
Evaluating on validation set ...
Validation runtime: 0.0 hours, 0.0 minutes, 0.006873607635498047 seconds

Avg val. time: 0.0 hours, 0.0 minutes, 0.03830013275146484 seconds
Avg batch val. time: 0.03830013275146484 seconds
Avg sample val. time: 0.004787516593933105 seconds
Epoch 6 Validation Summary: epoch: 6.000000 | loss: 1.613497 | accuracy: 0.125000 | precision: 0.125000 | 
Epoch 7 Training Summary: epoch: 7.000000 | loss: 1.676122 | 
Epoch runtime: 0.0 hours, 0.0 minutes, 0.09062600135803223 seconds

Avg epoch train. time: 0.0 hours, 0.0 minutes, 0.10500087056841169 seconds
Avg batch train. time: 0.011666763396490188 seconds
Avg sample train. time: 0.0015671771726628611 seconds
Epoch 8 Training Summary: epoch: 8.000000 | loss: 1.595391 | 
Epoch runtime: 0.0 hours, 0.0 minutes, 0.08471822738647461 seconds

Avg epoch train. time: 0.0 hours, 0.0 minutes, 0.10246554017066956 seconds
Avg batch train. time: 0.011385060018963285 seconds
Avg sample train. time: 0.0015293364204577546 seconds
Evaluating on validation set ...
Validation runtime: 0.0 hours, 0.0 minutes, 0.006020784378051758 seconds

Avg val. time: 0.0 hours, 0.0 minutes, 0.032920241355895996 seconds
Avg batch val. time: 0.032920241355895996 seconds
Avg sample val. time: 0.0041150301694869995 seconds
Epoch 8 Validation Summary: epoch: 8.000000 | loss: 1.592492 | accuracy: 0.125000 | precision: 0.125000 | 
Epoch 9 Training Summary: epoch: 9.000000 | loss: 1.639295 | 
Epoch runtime: 0.0 hours, 0.0 minutes, 0.08682799339294434 seconds

Avg epoch train. time: 0.0 hours, 0.0 minutes, 0.10072803497314453 seconds
Avg batch train. time: 0.011192003885904947 seconds
Avg sample train. time: 0.0015034035070618586 seconds
Epoch 10 Training Summary: epoch: 10.000000 | loss: 1.534637 | 
Epoch runtime: 0.0 hours, 0.0 minutes, 0.08654284477233887 seconds

Avg epoch train. time: 0.0 hours, 0.0 minutes, 0.09930951595306396 seconds
Avg batch train. time: 0.011034390661451551 seconds
Avg sample train. time: 0.0014822315813890143 seconds
Evaluating on validation set ...
Validation runtime: 0.0 hours, 0.0 minutes, 0.007235288619995117 seconds

Avg val. time: 0.0 hours, 0.0 minutes, 0.02925096239362444 seconds
Avg batch val. time: 0.02925096239362444 seconds
Avg sample val. time: 0.003656370299203055 seconds
Epoch 10 Validation Summary: epoch: 10.000000 | loss: 1.573487 | accuracy: 0.250000 | precision: 0.133333 | 
Epoch 11 Training Summary: epoch: 11.000000 | loss: 1.550278 | 
Epoch runtime: 0.0 hours, 0.0 minutes, 0.08283162117004395 seconds

Avg epoch train. time: 0.0 hours, 0.0 minutes, 0.09781152551824396 seconds
Avg batch train. time: 0.010867947279804883 seconds
Avg sample train. time: 0.001459873515197671 seconds
Epoch 12 Training Summary: epoch: 12.000000 | loss: 1.646161 | 
Epoch runtime: 0.0 hours, 0.0 minutes, 0.08551883697509766 seconds

Avg epoch train. time: 0.0 hours, 0.0 minutes, 0.09678713480631511 seconds
Avg batch train. time: 0.010754126089590567 seconds
Avg sample train. time: 0.0014445841015867926 seconds
Evaluating on validation set ...
Validation runtime: 0.0 hours, 0.0 minutes, 0.006512880325317383 seconds

Avg val. time: 0.0 hours, 0.0 minutes, 0.02640870213508606 seconds
Avg batch val. time: 0.02640870213508606 seconds
Avg sample val. time: 0.0033010877668857574 seconds
Epoch 12 Validation Summary: epoch: 12.000000 | loss: 1.568603 | accuracy: 0.250000 | precision: 0.266667 | 
Epoch 13 Training Summary: epoch: 13.000000 | loss: 1.581547 | 
Epoch runtime: 0.0 hours, 0.0 minutes, 0.08607339859008789 seconds

Avg epoch train. time: 0.0 hours, 0.0 minutes, 0.0959630012512207 seconds
Avg batch train. time: 0.010662555694580078 seconds
Avg sample train. time: 0.0014322836007644882 seconds
Epoch 14 Training Summary: epoch: 14.000000 | loss: 1.565349 | 
Epoch runtime: 0.0 hours, 0.0 minutes, 0.09192204475402832 seconds

Avg epoch train. time: 0.0 hours, 0.0 minutes, 0.09567436150142125 seconds
Avg batch train. time: 0.010630484611269028 seconds
Avg sample train. time: 0.0014279755447973322 seconds
Evaluating on validation set ...
Validation runtime: 0.0 hours, 0.0 minutes, 0.006312370300292969 seconds

Avg val. time: 0.0 hours, 0.0 minutes, 0.024175776375664607 seconds
Avg batch val. time: 0.024175776375664607 seconds
Avg sample val. time: 0.003021972046958076 seconds
Epoch 14 Validation Summary: epoch: 14.000000 | loss: 1.554304 | accuracy: 0.375000 | precision: 0.511111 | 
Epoch 15 Training Summary: epoch: 15.000000 | loss: 1.542832 | 
Epoch runtime: 0.0 hours, 0.0 minutes, 0.08214068412780762 seconds

Avg epoch train. time: 0.0 hours, 0.0 minutes, 0.09477211634318033 seconds
Avg batch train. time: 0.01053023514924226 seconds
Avg sample train. time: 0.0014145091991519454 seconds
Epoch 16 Training Summary: epoch: 16.000000 | loss: 1.488049 | 
Epoch runtime: 0.0 hours, 0.0 minutes, 0.08150672912597656 seconds

Avg epoch train. time: 0.0 hours, 0.0 minutes, 0.0939430296421051 seconds
Avg batch train. time: 0.010438114404678345 seconds
Avg sample train. time: 0.0014021347707776882 seconds
Evaluating on validation set ...
Validation runtime: 0.0 hours, 0.0 minutes, 0.007904052734375 seconds

Avg val. time: 0.0 hours, 0.0 minutes, 0.022548604011535644 seconds
Avg batch val. time: 0.022548604011535644 seconds
Avg sample val. time: 0.0028185755014419555 seconds
Epoch 16 Validation Summary: epoch: 16.000000 | loss: 1.568134 | accuracy: 0.375000 | precision: 0.511111 | 
Epoch 17 Training Summary: epoch: 17.000000 | loss: 1.413641 | 
Epoch runtime: 0.0 hours, 0.0 minutes, 0.08293938636779785 seconds

Avg epoch train. time: 0.0 hours, 0.0 minutes, 0.09329575650832232 seconds
Avg batch train. time: 0.01036619516759137 seconds
Avg sample train. time: 0.0013924739777361542 seconds
Epoch 18 Training Summary: epoch: 18.000000 | loss: 1.451883 | 
Epoch runtime: 0.0 hours, 0.0 minutes, 0.08713912963867188 seconds

Avg epoch train. time: 0.0 hours, 0.0 minutes, 0.09295372168223064 seconds
Avg batch train. time: 0.010328191298025625 seconds
Avg sample train. time: 0.0013873689803318005 seconds
Evaluating on validation set ...
Validation runtime: 0.0 hours, 0.0 minutes, 0.0070476531982421875 seconds

Avg val. time: 0.0 hours, 0.0 minutes, 0.021139426664872604 seconds
Avg batch val. time: 0.021139426664872604 seconds
Avg sample val. time: 0.0026424283331090755 seconds
Epoch 18 Validation Summary: epoch: 18.000000 | loss: 1.561860 | accuracy: 0.375000 | precision: 0.511111 | 
Epoch 19 Training Summary: epoch: 19.000000 | loss: 1.403360 | 
Epoch runtime: 0.0 hours, 0.0 minutes, 0.08961200714111328 seconds

Avg epoch train. time: 0.0 hours, 0.0 minutes, 0.09277784196954024 seconds
Avg batch train. time: 0.010308649107726693 seconds
Avg sample train. time: 0.0013847439099931378 seconds
Epoch 20 Training Summary: epoch: 20.000000 | loss: 1.402747 | 
Epoch runtime: 0.0 hours, 0.0 minutes, 0.09578323364257812 seconds

Avg epoch train. time: 0.0 hours, 0.0 minutes, 0.09292811155319214 seconds
Avg batch train. time: 0.01032534572813246 seconds
Avg sample train. time: 0.0013869867395998826 seconds
Evaluating on validation set ...
Validation runtime: 0.0 hours, 0.0 minutes, 0.007005929946899414 seconds

Avg val. time: 0.0 hours, 0.0 minutes, 0.01996163527170817 seconds
Avg batch val. time: 0.01996163527170817 seconds
Avg sample val. time: 0.0024952044089635215 seconds
Epoch 20 Validation Summary: epoch: 20.000000 | loss: 1.520653 | accuracy: 0.375000 | precision: 0.560000 | 
Epoch 21 Training Summary: epoch: 21.000000 | loss: 1.352528 | 
Epoch runtime: 0.0 hours, 0.0 minutes, 0.08634829521179199 seconds

Avg epoch train. time: 0.0 hours, 0.0 minutes, 0.09261478696550642 seconds
Avg batch train. time: 0.010290531885056268 seconds
Avg sample train. time: 0.0013823102532165136 seconds
Epoch 22 Training Summary: epoch: 22.000000 | loss: 1.344015 | 
Epoch runtime: 0.0 hours, 0.0 minutes, 0.08833765983581543 seconds

Avg epoch train. time: 0.0 hours, 0.0 minutes, 0.092420372095975 seconds
Avg batch train. time: 0.010268930232886112 seconds
Avg sample train. time: 0.0013794085387458957 seconds
Evaluating on validation set ...
Validation runtime: 0.0 hours, 0.0 minutes, 0.007035255432128906 seconds

Avg val. time: 0.0 hours, 0.0 minutes, 0.018967298360971305 seconds
Avg batch val. time: 0.018967298360971305 seconds
Avg sample val. time: 0.002370912295121413 seconds
Epoch 22 Validation Summary: epoch: 22.000000 | loss: 1.556127 | accuracy: 0.375000 | precision: 0.791667 | 
Epoch 23 Training Summary: epoch: 23.000000 | loss: 1.301426 | 
Epoch runtime: 0.0 hours, 0.0 minutes, 0.08862781524658203 seconds

Avg epoch train. time: 0.0 hours, 0.0 minutes, 0.09225547831991444 seconds
Avg batch train. time: 0.010250608702212716 seconds
Avg sample train. time: 0.0013769474376106633 seconds
Epoch 24 Training Summary: epoch: 24.000000 | loss: 1.237254 | 
Epoch runtime: 0.0 hours, 0.0 minutes, 0.08956575393676758 seconds

Avg epoch train. time: 0.0 hours, 0.0 minutes, 0.09214340647061665 seconds
Avg batch train. time: 0.010238156274512961 seconds
Avg sample train. time: 0.0013752747234420397 seconds
Evaluating on validation set ...
Validation runtime: 0.0 hours, 0.0 minutes, 0.007239580154418945 seconds

Avg val. time: 0.0 hours, 0.0 minutes, 0.018129604203360423 seconds
Avg batch val. time: 0.018129604203360423 seconds
Avg sample val. time: 0.002266200525420053 seconds
Epoch 24 Validation Summary: epoch: 24.000000 | loss: 1.503941 | accuracy: 0.500000 | precision: 0.716667 | 
Epoch 25 Training Summary: epoch: 25.000000 | loss: 1.164416 | 
Epoch runtime: 0.0 hours, 0.0 minutes, 0.09683084487915039 seconds

Avg epoch train. time: 0.0 hours, 0.0 minutes, 0.09233090400695801 seconds
Avg batch train. time: 0.010258989334106445 seconds
Avg sample train. time: 0.0013780731941337016 seconds
Epoch 26 Training Summary: epoch: 26.000000 | loss: 1.096824 | 
Epoch runtime: 0.0 hours, 0.0 minutes, 0.08659076690673828 seconds

Avg epoch train. time: 0.0 hours, 0.0 minutes, 0.0921101295031034 seconds
Avg batch train. time: 0.010234458833678156 seconds
Avg sample train. time: 0.0013747780522851253 seconds
Evaluating on validation set ...
Validation runtime: 0.0 hours, 0.0 minutes, 0.00707244873046875 seconds

Avg val. time: 0.0 hours, 0.0 minutes, 0.017392460505167642 seconds
Avg batch val. time: 0.017392460505167642 seconds
Avg sample val. time: 0.0021740575631459553 seconds
Epoch 26 Validation Summary: epoch: 26.000000 | loss: 1.497342 | accuracy: 0.500000 | precision: 0.716667 | 
Epoch 27 Training Summary: epoch: 27.000000 | loss: 1.031216 | 
Epoch runtime: 0.0 hours, 0.0 minutes, 0.0909116268157959 seconds

Avg epoch train. time: 0.0 hours, 0.0 minutes, 0.09206574051468461 seconds
Avg batch train. time: 0.010229526723853846 seconds
Avg sample train. time: 0.0013741155300699196 seconds
Epoch 28 Training Summary: epoch: 28.000000 | loss: 0.953310 | 
Epoch runtime: 0.0 hours, 0.0 minutes, 0.0894308090209961 seconds

Avg epoch train. time: 0.0 hours, 0.0 minutes, 0.09197163581848145 seconds
Avg batch train. time: 0.010219070646497939 seconds
Avg sample train. time: 0.0013727109823653946 seconds
Evaluating on validation set ...
Validation runtime: 0.0 hours, 0.0 minutes, 0.0069310665130615234 seconds

Avg val. time: 0.0 hours, 0.0 minutes, 0.01673862338066101 seconds
Avg batch val. time: 0.01673862338066101 seconds
Avg sample val. time: 0.0020923279225826263 seconds
Epoch 28 Validation Summary: epoch: 28.000000 | loss: 1.393163 | accuracy: 0.500000 | precision: 0.428571 | 
Epoch 29 Training Summary: epoch: 29.000000 | loss: 0.954949 | 
Epoch runtime: 0.0 hours, 0.0 minutes, 0.0908203125 seconds

Avg epoch train. time: 0.0 hours, 0.0 minutes, 0.09193193501439588 seconds
Avg batch train. time: 0.010214659446043987 seconds
Avg sample train. time: 0.0013721184330506848 seconds
Epoch 30 Training Summary: epoch: 30.000000 | loss: 0.809702 | 
Epoch runtime: 0.0 hours, 0.0 minutes, 0.0893392562866211 seconds

Avg epoch train. time: 0.0 hours, 0.0 minutes, 0.09184551239013672 seconds
Avg batch train. time: 0.010205056932237413 seconds
Avg sample train. time: 0.001370828543136369 seconds
Evaluating on validation set ...
Validation runtime: 0.0 hours, 0.0 minutes, 0.007389068603515625 seconds

Avg val. time: 0.0 hours, 0.0 minutes, 0.016188649570240694 seconds
Avg batch val. time: 0.016188649570240694 seconds
Avg sample val. time: 0.002023581196280087 seconds
Epoch 30 Validation Summary: epoch: 30.000000 | loss: 1.340879 | accuracy: 0.500000 | precision: 0.428571 | 
Epoch 31 Training Summary: epoch: 31.000000 | loss: 0.828046 | 
Epoch runtime: 0.0 hours, 0.0 minutes, 0.09062981605529785 seconds

Avg epoch train. time: 0.0 hours, 0.0 minutes, 0.09180629637933546 seconds
Avg batch train. time: 0.01020069959770394 seconds
Avg sample train. time: 0.0013702432295423204 seconds
Epoch 32 Training Summary: epoch: 32.000000 | loss: 0.773480 | 
Epoch runtime: 0.0 hours, 0.0 minutes, 0.09460234642028809 seconds

Avg epoch train. time: 0.0 hours, 0.0 minutes, 0.09189367294311523 seconds
Avg batch train. time: 0.010210408104790581 seconds
Avg sample train. time: 0.0013715473573599288 seconds
Evaluating on validation set ...
Validation runtime: 0.0 hours, 0.0 minutes, 0.007089138031005859 seconds

Avg val. time: 0.0 hours, 0.0 minutes, 0.015683121151394315 seconds
Avg batch val. time: 0.015683121151394315 seconds
Avg sample val. time: 0.0019603901439242894 seconds
Epoch 32 Validation Summary: epoch: 32.000000 | loss: 1.369713 | accuracy: 0.500000 | precision: 0.428571 | 
Epoch 33 Training Summary: epoch: 33.000000 | loss: 0.681498 | 
Epoch runtime: 0.0 hours, 0.0 minutes, 0.08773541450500488 seconds

Avg epoch train. time: 0.0 hours, 0.0 minutes, 0.09176766511165735 seconds
Avg batch train. time: 0.010196407234628594 seconds
Avg sample train. time: 0.0013696666434575725 seconds
Epoch 34 Training Summary: epoch: 34.000000 | loss: 0.598633 | 
Epoch runtime: 0.0 hours, 0.0 minutes, 0.09148025512695312 seconds

Avg epoch train. time: 0.0 hours, 0.0 minutes, 0.0917592118768131 seconds
Avg batch train. time: 0.010195467986312566 seconds
Avg sample train. time: 0.0013695404757733298 seconds
Evaluating on validation set ...
Validation runtime: 0.0 hours, 0.0 minutes, 0.00712132453918457 seconds

Avg val. time: 0.0 hours, 0.0 minutes, 0.015232500277067485 seconds
Avg batch val. time: 0.015232500277067485 seconds
Avg sample val. time: 0.0019040625346334356 seconds
Epoch 34 Validation Summary: epoch: 34.000000 | loss: 1.310012 | accuracy: 0.500000 | precision: 0.428571 | 
Epoch 35 Training Summary: epoch: 35.000000 | loss: 0.690621 | 
Epoch runtime: 0.0 hours, 0.0 minutes, 0.09218406677246094 seconds

Avg epoch train. time: 0.0 hours, 0.0 minutes, 0.09177135058811732 seconds
Avg batch train. time: 0.010196816732013036 seconds
Avg sample train. time: 0.0013697216505689153 seconds
Epoch 36 Training Summary: epoch: 36.000000 | loss: 0.594579 | 
Epoch runtime: 0.0 hours, 0.0 minutes, 0.09250307083129883 seconds

Avg epoch train. time: 0.0 hours, 0.0 minutes, 0.09179167615042792 seconds
Avg batch train. time: 0.010199075127825325 seconds
Avg sample train. time: 0.001370025017170566 seconds
Evaluating on validation set ...
Validation runtime: 0.0 hours, 0.0 minutes, 0.007069826126098633 seconds

Avg val. time: 0.0 hours, 0.0 minutes, 0.014824366569519043 seconds
Avg batch val. time: 0.014824366569519043 seconds
Avg sample val. time: 0.0018530458211898804 seconds
Epoch 36 Validation Summary: epoch: 36.000000 | loss: 1.410976 | accuracy: 0.625000 | precision: 0.583333 | 
Epoch 37 Training Summary: epoch: 37.000000 | loss: 0.622305 | 
Epoch runtime: 0.0 hours, 0.0 minutes, 0.09781932830810547 seconds

Avg epoch train. time: 0.0 hours, 0.0 minutes, 0.091954585668203 seconds
Avg batch train. time: 0.010217176185355888 seconds
Avg sample train. time: 0.0013724565025104926 seconds
Epoch 38 Training Summary: epoch: 38.000000 | loss: 0.514031 | 
Epoch runtime: 0.0 hours, 0.0 minutes, 0.09333610534667969 seconds

Avg epoch train. time: 0.0 hours, 0.0 minutes, 0.09199094144921553 seconds
Avg batch train. time: 0.010221215716579503 seconds
Avg sample train. time: 0.0013729991261076946 seconds
Evaluating on validation set ...
Validation runtime: 0.0 hours, 0.0 minutes, 0.007736682891845703 seconds

Avg val. time: 0.0 hours, 0.0 minutes, 0.01448685782296317 seconds
Avg batch val. time: 0.01448685782296317 seconds
Avg sample val. time: 0.0018108572278703963 seconds
Epoch 38 Validation Summary: epoch: 38.000000 | loss: 1.412147 | accuracy: 0.625000 | precision: 0.583333 | 
Epoch 39 Training Summary: epoch: 39.000000 | loss: 0.505730 | 
Epoch runtime: 0.0 hours, 0.0 minutes, 0.09249019622802734 seconds

Avg epoch train. time: 0.0 hours, 0.0 minutes, 0.09200374285380046 seconds
Avg batch train. time: 0.010222638094866718 seconds
Avg sample train. time: 0.001373190191847768 seconds
Epoch 40 Training Summary: epoch: 40.000000 | loss: 0.521175 | 
Epoch runtime: 0.0 hours, 0.0 minutes, 0.0883491039276123 seconds

Avg epoch train. time: 0.0 hours, 0.0 minutes, 0.09191237688064575 seconds
Avg batch train. time: 0.01021248632007175 seconds
Avg sample train. time: 0.001371826520606653 seconds
Evaluating on validation set ...
Validation runtime: 0.0 hours, 0.0 minutes, 0.007049083709716797 seconds

Avg val. time: 0.0 hours, 0.0 minutes, 0.014148777181451971 seconds
Avg batch val. time: 0.014148777181451971 seconds
Avg sample val. time: 0.0017685971476814964 seconds
Epoch 40 Validation Summary: epoch: 40.000000 | loss: 1.442246 | accuracy: 0.500000 | precision: 0.520833 | 
Best accuracy was 0.625. Other metrics: OrderedDict([('epoch', 36), ('loss', 1.410975694656372), ('accuracy', 0.625), ('precision', 0.5833333333333333)])
All Done!
Total runtime: 0.0 hours, 0.0 minutes, 6.8744823932647705 seconds

