Running:
src/main_5q.py --output_dir experiments --comment classification from Scratch --name VRS_fromScratch --records_file VRS_records.xls --data_dir /mnt/d/OneDrive - Southern Methodist University/Phone_Privacy/input_feature/opticalflow_44_downsample_480p_s22 --data_class vrs --val_ratio 0.1 --epochs 40 --lr 0.001 --dropout 0.2 --batch_size 8 --num_layers 3 --num_heads 4 --optimizer RAdam --pos_encoding learnable --task classification --normalization none --key_metric accuracy

Using device: cuda
Loading and preprocessing data ...
408 samples may be used for training
46 samples will be used for validation
0 samples will be used for testing
Creating model ...
Model:
TSTransformerEncoderClassiregressor(
  (project_inp): Linear(in_features=32, out_features=64, bias=True)
  (pos_enc): LearnablePositionalEncoding(
    (dropout): Dropout(p=0.2, inplace=False)
  )
  (transformer_encoder): TransformerEncoder(
    (layers): ModuleList(
      (0-2): 3 x TransformerBatchNormEncoderLayer(
        (self_attn): MultiheadAttention(
          (out_proj): NonDynamicallyQuantizableLinear(in_features=64, out_features=64, bias=True)
        )
        (linear1): Linear(in_features=64, out_features=256, bias=True)
        (dropout): Dropout(p=0.2, inplace=False)
        (linear2): Linear(in_features=256, out_features=64, bias=True)
        (norm1): BatchNorm1d(64, eps=1e-05, momentum=0.1, affine=True, track_running_stats=True)
        (norm2): BatchNorm1d(64, eps=1e-05, momentum=0.1, affine=True, track_running_stats=True)
        (dropout1): Dropout(p=0.2, inplace=False)
        (dropout2): Dropout(p=0.2, inplace=False)
      )
    )
  )
  (dropout1): Dropout(p=0.2, inplace=False)
  (output_layer): Linear(in_features=5120, out_features=5, bias=True)
)
Total number of parameters: 182789
Trainable parameters: 182789
Evaluating on validation set ...
Validation runtime: 0.0 hours, 0.0 minutes, 0.2657442092895508 seconds

Avg val. time: 0.0 hours, 0.0 minutes, 0.2657442092895508 seconds
Avg batch val. time: 0.04429070154825846 seconds
Avg sample val. time: 0.005777048028033712 seconds
Epoch 0 Validation Summary: epoch: 0.000000 | loss: 4.311051 | accuracy: 0.108696 | precision: 0.097973 | 
Starting training...
Epoch 1 Training Summary: epoch: 1.000000 | loss: 1.679479 | 
Epoch runtime: 0.0 hours, 0.0 minutes, 0.6060774326324463 seconds

Avg epoch train. time: 0.0 hours, 0.0 minutes, 0.6060774326324463 seconds
Avg batch train. time: 0.011883871228087182 seconds
Avg sample train. time: 0.0014854839035108977 seconds
Evaluating on validation set ...
Validation runtime: 0.0 hours, 0.0 minutes, 0.020542383193969727 seconds

Avg val. time: 0.0 hours, 0.0 minutes, 0.14314329624176025 seconds
Avg batch val. time: 0.023857216040293377 seconds
Avg sample val. time: 0.003111810787864353 seconds
Epoch 1 Validation Summary: epoch: 1.000000 | loss: 1.664198 | accuracy: 0.239130 | precision: 0.219323 | 
Epoch 2 Training Summary: epoch: 2.000000 | loss: 1.605768 | 
Epoch runtime: 0.0 hours, 0.0 minutes, 0.48516273498535156 seconds

Avg epoch train. time: 0.0 hours, 0.0 minutes, 0.5456200838088989 seconds
Avg batch train. time: 0.010698433015860763 seconds
Avg sample train. time: 0.0013373041269825953 seconds
Evaluating on validation set ...
Validation runtime: 0.0 hours, 0.0 minutes, 0.020571231842041016 seconds

Avg val. time: 0.0 hours, 0.0 minutes, 0.10228594144185384 seconds
Avg batch val. time: 0.017047656906975638 seconds
Avg sample val. time: 0.0022236074226489964 seconds
Epoch 2 Validation Summary: epoch: 2.000000 | loss: 1.653302 | accuracy: 0.217391 | precision: 0.197001 | 
Epoch 3 Training Summary: epoch: 3.000000 | loss: 1.503072 | 
Epoch runtime: 0.0 hours, 0.0 minutes, 0.5306951999664307 seconds

Avg epoch train. time: 0.0 hours, 0.0 minutes, 0.5406451225280762 seconds
Avg batch train. time: 0.010600884755452475 seconds
Avg sample train. time: 0.0013251105944315593 seconds
Epoch 4 Training Summary: epoch: 4.000000 | loss: 1.420178 | 
Epoch runtime: 0.0 hours, 0.0 minutes, 0.5383849143981934 seconds

Avg epoch train. time: 0.0 hours, 0.0 minutes, 0.5400800704956055 seconds
Avg batch train. time: 0.010589805303835402 seconds
Avg sample train. time: 0.0013237256629794253 seconds
Evaluating on validation set ...
Validation runtime: 0.0 hours, 0.0 minutes, 0.022461652755737305 seconds

Avg val. time: 0.0 hours, 0.0 minutes, 0.08232986927032471 seconds
Avg batch val. time: 0.013721644878387451 seconds
Avg sample val. time: 0.0017897797667461893 seconds
Epoch 4 Validation Summary: epoch: 4.000000 | loss: 1.541654 | accuracy: 0.347826 | precision: 0.507107 | 
Epoch 5 Training Summary: epoch: 5.000000 | loss: 1.309060 | 
Epoch runtime: 0.0 hours, 0.0 minutes, 0.6148133277893066 seconds

Avg epoch train. time: 0.0 hours, 0.0 minutes, 0.5550267219543457 seconds
Avg batch train. time: 0.010882876901065602 seconds
Avg sample train. time: 0.0013603596126332003 seconds
Epoch 6 Training Summary: epoch: 6.000000 | loss: 1.240326 | 
Epoch runtime: 0.0 hours, 0.0 minutes, 0.6511592864990234 seconds

Avg epoch train. time: 0.0 hours, 0.0 minutes, 0.5710488160451254 seconds
Avg batch train. time: 0.011197035608727948 seconds
Avg sample train. time: 0.0013996294510909934 seconds
Evaluating on validation set ...
Validation runtime: 0.0 hours, 0.0 minutes, 0.022817134857177734 seconds

Avg val. time: 0.0 hours, 0.0 minutes, 0.07042732238769531 seconds
Avg batch val. time: 0.011737887064615884 seconds
Avg sample val. time: 0.0015310287475585936 seconds
Epoch 6 Validation Summary: epoch: 6.000000 | loss: 1.716298 | accuracy: 0.239130 | precision: 0.247600 | 
Epoch 7 Training Summary: epoch: 7.000000 | loss: 1.167428 | 
Epoch runtime: 0.0 hours, 0.0 minutes, 0.8086440563201904 seconds

Avg epoch train. time: 0.0 hours, 0.0 minutes, 0.6049909932272775 seconds
Avg batch train. time: 0.011862568494652498 seconds
Avg sample train. time: 0.0014828210618315623 seconds
Epoch 8 Training Summary: epoch: 8.000000 | loss: 1.045274 | 
Epoch runtime: 0.0 hours, 0.0 minutes, 0.5803253650665283 seconds

Avg epoch train. time: 0.0 hours, 0.0 minutes, 0.6019077897071838 seconds
Avg batch train. time: 0.011802113523670272 seconds
Avg sample train. time: 0.001475264190458784 seconds
Evaluating on validation set ...
Validation runtime: 0.0 hours, 0.0 minutes, 0.021140575408935547 seconds

Avg val. time: 0.0 hours, 0.0 minutes, 0.062212864557902016 seconds
Avg batch val. time: 0.010368810759650337 seconds
Avg sample val. time: 0.001352453577345696 seconds
Epoch 8 Validation Summary: epoch: 8.000000 | loss: 1.713339 | accuracy: 0.326087 | precision: 0.348473 | 
Epoch 9 Training Summary: epoch: 9.000000 | loss: 0.981606 | 
Epoch runtime: 0.0 hours, 0.0 minutes, 0.5151834487915039 seconds

Avg epoch train. time: 0.0 hours, 0.0 minutes, 0.5922717518276639 seconds
Avg batch train. time: 0.011613171604463998 seconds
Avg sample train. time: 0.0014516464505579998 seconds
Epoch 10 Training Summary: epoch: 10.000000 | loss: 0.945521 | 
Epoch runtime: 0.0 hours, 0.0 minutes, 0.4964473247528076 seconds

Avg epoch train. time: 0.0 hours, 0.0 minutes, 0.5826893091201782 seconds
Avg batch train. time: 0.011425280570983886 seconds
Avg sample train. time: 0.0014281600713729858 seconds
Evaluating on validation set ...
Validation runtime: 0.0 hours, 0.0 minutes, 0.020268678665161133 seconds

Avg val. time: 0.0 hours, 0.0 minutes, 0.056220838001796176 seconds
Avg batch val. time: 0.009370139666966029 seconds
Avg sample val. time: 0.0012221921304738299 seconds
Epoch 10 Validation Summary: epoch: 10.000000 | loss: 1.840865 | accuracy: 0.282609 | precision: 0.280320 | 
Epoch 11 Training Summary: epoch: 11.000000 | loss: 0.824558 | 
Epoch runtime: 0.0 hours, 0.0 minutes, 0.46132683753967285 seconds

Avg epoch train. time: 0.0 hours, 0.0 minutes, 0.5716563571583141 seconds
Avg batch train. time: 0.011208948179574785 seconds
Avg sample train. time: 0.0014011185224468482 seconds
Epoch 12 Training Summary: epoch: 12.000000 | loss: 0.788097 | 
Epoch runtime: 0.0 hours, 0.0 minutes, 0.4752843379974365 seconds

Avg epoch train. time: 0.0 hours, 0.0 minutes, 0.5636253555615743 seconds
Avg batch train. time: 0.01105147756003087 seconds
Avg sample train. time: 0.0013814346950038587 seconds
Evaluating on validation set ...
Validation runtime: 0.0 hours, 0.0 minutes, 0.01951289176940918 seconds

Avg val. time: 0.0 hours, 0.0 minutes, 0.0516323447227478 seconds
Avg batch val. time: 0.008605390787124634 seconds
Avg sample val. time: 0.001122442276581474 seconds
Epoch 12 Validation Summary: epoch: 12.000000 | loss: 1.949990 | accuracy: 0.326087 | precision: 0.270186 | 
Epoch 13 Training Summary: epoch: 13.000000 | loss: 0.657085 | 
Epoch runtime: 0.0 hours, 0.0 minutes, 0.44028711318969727 seconds

Avg epoch train. time: 0.0 hours, 0.0 minutes, 0.5541377984560453 seconds
Avg batch train. time: 0.010865447028549908 seconds
Avg sample train. time: 0.0013581808785687384 seconds
Epoch 14 Training Summary: epoch: 14.000000 | loss: 0.713573 | 
Epoch runtime: 0.0 hours, 0.0 minutes, 0.4318101406097412 seconds

Avg epoch train. time: 0.0 hours, 0.0 minutes, 0.5454001086098808 seconds
Avg batch train. time: 0.010694119776664329 seconds
Avg sample train. time: 0.001336764972083041 seconds
Evaluating on validation set ...
Validation runtime: 0.0 hours, 0.0 minutes, 0.01747417449951172 seconds

Avg val. time: 0.0 hours, 0.0 minutes, 0.04783699247572157 seconds
Avg batch val. time: 0.007972832079286929 seconds
Avg sample val. time: 0.0010399346190374254 seconds
Epoch 14 Validation Summary: epoch: 14.000000 | loss: 2.094486 | accuracy: 0.326087 | precision: 0.381319 | 
Epoch 15 Training Summary: epoch: 15.000000 | loss: 0.615416 | 
Epoch runtime: 0.0 hours, 0.0 minutes, 0.4291040897369385 seconds

Avg epoch train. time: 0.0 hours, 0.0 minutes, 0.5376470406850179 seconds
Avg batch train. time: 0.010542098836961136 seconds
Avg sample train. time: 0.001317762354620142 seconds
Epoch 16 Training Summary: epoch: 16.000000 | loss: 0.552145 | 
Epoch runtime: 0.0 hours, 0.0 minutes, 0.4103236198425293 seconds

Avg epoch train. time: 0.0 hours, 0.0 minutes, 0.5296893268823624 seconds
Avg batch train. time: 0.010386065232987497 seconds
Avg sample train. time: 0.0012982581541234372 seconds
Evaluating on validation set ...
Validation runtime: 0.0 hours, 0.0 minutes, 0.016794204711914062 seconds

Avg val. time: 0.0 hours, 0.0 minutes, 0.04473271369934082 seconds
Avg batch val. time: 0.00745545228322347 seconds
Avg sample val. time: 0.000972450297811757 seconds
Epoch 16 Validation Summary: epoch: 16.000000 | loss: 2.364649 | accuracy: 0.173913 | precision: 0.173007 | 
Epoch 17 Training Summary: epoch: 17.000000 | loss: 0.484070 | 
Epoch runtime: 0.0 hours, 0.0 minutes, 0.4220564365386963 seconds

Avg epoch train. time: 0.0 hours, 0.0 minutes, 0.5233579803915585 seconds
Avg batch train. time: 0.010261921184148206 seconds
Avg sample train. time: 0.0012827401480185257 seconds
Epoch 18 Training Summary: epoch: 18.000000 | loss: 0.454712 | 
Epoch runtime: 0.0 hours, 0.0 minutes, 0.45706987380981445 seconds

Avg epoch train. time: 0.0 hours, 0.0 minutes, 0.5196753078036838 seconds
Avg batch train. time: 0.01018971191771929 seconds
Avg sample train. time: 0.0012737139897149113 seconds
Evaluating on validation set ...
Validation runtime: 0.0 hours, 0.0 minutes, 0.018185138702392578 seconds

Avg val. time: 0.0 hours, 0.0 minutes, 0.042319297790527344 seconds
Avg batch val. time: 0.007053216298421224 seconds
Avg sample val. time: 0.0009199847345766814 seconds
Epoch 18 Validation Summary: epoch: 18.000000 | loss: 2.449025 | accuracy: 0.304348 | precision: 0.353826 | 
Epoch 19 Training Summary: epoch: 19.000000 | loss: 0.391277 | 
Epoch runtime: 0.0 hours, 0.0 minutes, 0.42672038078308105 seconds

Avg epoch train. time: 0.0 hours, 0.0 minutes, 0.514782943223652 seconds
Avg batch train. time: 0.010093783200463766 seconds
Avg sample train. time: 0.0012617229000579707 seconds
Epoch 20 Training Summary: epoch: 20.000000 | loss: 0.337935 | 
Epoch runtime: 0.0 hours, 0.0 minutes, 0.5147666931152344 seconds

Avg epoch train. time: 0.0 hours, 0.0 minutes, 0.5147821307182312 seconds
Avg batch train. time: 0.010093767268984926 seconds
Avg sample train. time: 0.0012617209086231158 seconds
Evaluating on validation set ...
Validation runtime: 0.0 hours, 0.0 minutes, 0.019139766693115234 seconds

Avg val. time: 0.0 hours, 0.0 minutes, 0.04038767019907633 seconds
Avg batch val. time: 0.006731278366512722 seconds
Avg sample val. time: 0.0008779928304147029 seconds
Epoch 20 Validation Summary: epoch: 20.000000 | loss: 2.548324 | accuracy: 0.282609 | precision: 0.298913 | 
Epoch 21 Training Summary: epoch: 21.000000 | loss: 0.365469 | 
Epoch runtime: 0.0 hours, 0.0 minutes, 0.482926607131958 seconds

Avg epoch train. time: 0.0 hours, 0.0 minutes, 0.5132652010236468 seconds
Avg batch train. time: 0.010064023549483271 seconds
Avg sample train. time: 0.001258002943685409 seconds
Epoch 22 Training Summary: epoch: 22.000000 | loss: 0.301714 | 
Epoch runtime: 0.0 hours, 0.0 minutes, 0.6141939163208008 seconds

Avg epoch train. time: 0.0 hours, 0.0 minutes, 0.5178528699007902 seconds
Avg batch train. time: 0.010153977841191963 seconds
Avg sample train. time: 0.0012692472301489954 seconds
Evaluating on validation set ...
Validation runtime: 0.0 hours, 0.0 minutes, 0.020177841186523438 seconds

Avg val. time: 0.0 hours, 0.0 minutes, 0.0388330679673415 seconds
Avg batch val. time: 0.006472177994556916 seconds
Avg sample val. time: 0.0008441971297248152 seconds
Epoch 22 Validation Summary: epoch: 22.000000 | loss: 2.723675 | accuracy: 0.260870 | precision: 0.275099 | 
Epoch 23 Training Summary: epoch: 23.000000 | loss: 0.315710 | 
Epoch runtime: 0.0 hours, 0.0 minutes, 0.5422098636627197 seconds

Avg epoch train. time: 0.0 hours, 0.0 minutes, 0.5189118696295697 seconds
Avg batch train. time: 0.010174742541756269 seconds
Avg sample train. time: 0.0012718428177195336 seconds
Epoch 24 Training Summary: epoch: 24.000000 | loss: 0.306878 | 
Epoch runtime: 0.0 hours, 0.0 minutes, 0.49164271354675293 seconds

Avg epoch train. time: 0.0 hours, 0.0 minutes, 0.5177756547927856 seconds
Avg batch train. time: 0.010152463819466386 seconds
Avg sample train. time: 0.0012690579774332982 seconds
Evaluating on validation set ...
Validation runtime: 0.0 hours, 0.0 minutes, 0.01990032196044922 seconds

Avg val. time: 0.0 hours, 0.0 minutes, 0.03748072896684919 seconds
Avg batch val. time: 0.006246788161141531 seconds
Avg sample val. time: 0.0008147984558010693 seconds
Epoch 24 Validation Summary: epoch: 24.000000 | loss: 3.477928 | accuracy: 0.260870 | precision: 0.321873 | 
Epoch 25 Training Summary: epoch: 25.000000 | loss: 0.278178 | 
Epoch runtime: 0.0 hours, 0.0 minutes, 0.4755833148956299 seconds

Avg epoch train. time: 0.0 hours, 0.0 minutes, 0.5160879611968994 seconds
Avg batch train. time: 0.010119371788174498 seconds
Avg sample train. time: 0.0012649214735218123 seconds
Epoch 26 Training Summary: epoch: 26.000000 | loss: 0.218709 | 
Epoch runtime: 0.0 hours, 0.0 minutes, 0.4877762794494629 seconds

Avg epoch train. time: 0.0 hours, 0.0 minutes, 0.5149990503604596 seconds
Avg batch train. time: 0.010098020595303129 seconds
Avg sample train. time: 0.0012622525744128911 seconds
Evaluating on validation set ...
Validation runtime: 0.0 hours, 0.0 minutes, 0.01974034309387207 seconds

Avg val. time: 0.0 hours, 0.0 minutes, 0.03629803657531738 seconds
Avg batch val. time: 0.006049672762552897 seconds
Avg sample val. time: 0.0007890877516373345 seconds
Epoch 26 Validation Summary: epoch: 26.000000 | loss: 3.167982 | accuracy: 0.260870 | precision: 0.327277 | 
Epoch 27 Training Summary: epoch: 27.000000 | loss: 0.229033 | 
Epoch runtime: 0.0 hours, 0.0 minutes, 0.4479527473449707 seconds

Avg epoch train. time: 0.0 hours, 0.0 minutes, 0.5125158539524785 seconds
Avg batch train. time: 0.010049330469656441 seconds
Avg sample train. time: 0.0012561663087070551 seconds
Epoch 28 Training Summary: epoch: 28.000000 | loss: 0.249051 | 
Epoch runtime: 0.0 hours, 0.0 minutes, 0.47455620765686035 seconds

Avg epoch train. time: 0.0 hours, 0.0 minutes, 0.5111601522990635 seconds
Avg batch train. time: 0.010022748084295364 seconds
Avg sample train. time: 0.0012528435105369205 seconds
Evaluating on validation set ...
Validation runtime: 0.0 hours, 0.0 minutes, 0.019686222076416016 seconds

Avg val. time: 0.0 hours, 0.0 minutes, 0.03525979816913605 seconds
Avg batch val. time: 0.0058766330281893415 seconds
Avg sample val. time: 0.0007665173515029576 seconds
Epoch 28 Validation Summary: epoch: 28.000000 | loss: 3.459073 | accuracy: 0.217391 | precision: 0.262345 | 
Epoch 29 Training Summary: epoch: 29.000000 | loss: 0.170172 | 
Epoch runtime: 0.0 hours, 0.0 minutes, 0.4958536624908447 seconds

Avg epoch train. time: 0.0 hours, 0.0 minutes, 0.5106323423056767 seconds
Avg batch train. time: 0.010012398868738758 seconds
Avg sample train. time: 0.0012515498585923448 seconds
Epoch 30 Training Summary: epoch: 30.000000 | loss: 0.203075 | 
Epoch runtime: 0.0 hours, 0.0 minutes, 0.47199082374572754 seconds

Avg epoch train. time: 0.0 hours, 0.0 minutes, 0.5093442916870117 seconds
Avg batch train. time: 0.00998714297425513 seconds
Avg sample train. time: 0.0012483928717818913 seconds
Evaluating on validation set ...
Validation runtime: 0.0 hours, 0.0 minutes, 0.020099163055419922 seconds

Avg val. time: 0.0 hours, 0.0 minutes, 0.03436799610362334 seconds
Avg batch val. time: 0.00572799935060389 seconds
Avg sample val. time: 0.0007471303500787682 seconds
Epoch 30 Validation Summary: epoch: 30.000000 | loss: 4.224394 | accuracy: 0.239130 | precision: 0.221467 | 
Epoch 31 Training Summary: epoch: 31.000000 | loss: 0.180917 | 
Epoch runtime: 0.0 hours, 0.0 minutes, 0.46054506301879883 seconds

Avg epoch train. time: 0.0 hours, 0.0 minutes, 0.5077701230202952 seconds
Avg batch train. time: 0.009956276921966573 seconds
Avg sample train. time: 0.0012445346152458216 seconds
Epoch 32 Training Summary: epoch: 32.000000 | loss: 0.171185 | 
Epoch runtime: 0.0 hours, 0.0 minutes, 0.42642807960510254 seconds

Avg epoch train. time: 0.0 hours, 0.0 minutes, 0.5052281841635704 seconds
Avg batch train. time: 0.00990643498359942 seconds
Avg sample train. time: 0.0012383043729499274 seconds
Evaluating on validation set ...
Validation runtime: 0.0 hours, 0.0 minutes, 0.01752471923828125 seconds

Avg val. time: 0.0 hours, 0.0 minutes, 0.03343225849999322 seconds
Avg batch val. time: 0.005572043083332204 seconds
Avg sample val. time: 0.0007267882282607222 seconds
Epoch 32 Validation Summary: epoch: 32.000000 | loss: 3.853513 | accuracy: 0.152174 | precision: 0.158950 | 
Epoch 33 Training Summary: epoch: 33.000000 | loss: 0.133383 | 
Epoch runtime: 0.0 hours, 0.0 minutes, 0.41878485679626465 seconds

Avg epoch train. time: 0.0 hours, 0.0 minutes, 0.5026086893948641 seconds
Avg batch train. time: 0.009855072341075768 seconds
Avg sample train. time: 0.001231884042634471 seconds
Epoch 34 Training Summary: epoch: 34.000000 | loss: 0.129386 | 
Epoch runtime: 0.0 hours, 0.0 minutes, 0.4464421272277832 seconds

Avg epoch train. time: 0.0 hours, 0.0 minutes, 0.5009567316840676 seconds
Avg batch train. time: 0.00982268101341309 seconds
Avg sample train. time: 0.0012278351266766362 seconds
Evaluating on validation set ...
Validation runtime: 0.0 hours, 0.0 minutes, 0.01997542381286621 seconds

Avg val. time: 0.0 hours, 0.0 minutes, 0.032724004042776006 seconds
Avg batch val. time: 0.005454000673796001 seconds
Avg sample val. time: 0.000711391392234261 seconds
Epoch 34 Validation Summary: epoch: 34.000000 | loss: 4.930001 | accuracy: 0.152174 | precision: 0.156919 | 
Epoch 35 Training Summary: epoch: 35.000000 | loss: 0.252829 | 
Epoch runtime: 0.0 hours, 0.0 minutes, 0.4855225086212158 seconds

Avg epoch train. time: 0.0 hours, 0.0 minutes, 0.5005157538822719 seconds
Avg batch train. time: 0.009814034389848469 seconds
Avg sample train. time: 0.0012267542987310586 seconds
Epoch 36 Training Summary: epoch: 36.000000 | loss: 0.159377 | 
Epoch runtime: 0.0 hours, 0.0 minutes, 0.43575501441955566 seconds

Avg epoch train. time: 0.0 hours, 0.0 minutes, 0.498716844452752 seconds
Avg batch train. time: 0.009778761655936314 seconds
Avg sample train. time: 0.0012223452069920393 seconds
Evaluating on validation set ...
Validation runtime: 0.0 hours, 0.0 minutes, 0.018646955490112305 seconds

Avg val. time: 0.0 hours, 0.0 minutes, 0.03202015161514282 seconds
Avg batch val. time: 0.005336691935857137 seconds
Avg sample val. time: 0.0006960902525031048 seconds
Epoch 36 Validation Summary: epoch: 36.000000 | loss: 4.033057 | accuracy: 0.195652 | precision: 0.201214 | 
Epoch 37 Training Summary: epoch: 37.000000 | loss: 0.174684 | 
Epoch runtime: 0.0 hours, 0.0 minutes, 0.45461177825927734 seconds

Avg epoch train. time: 0.0 hours, 0.0 minutes, 0.49752481563671214 seconds
Avg batch train. time: 0.009755388541896316 seconds
Avg sample train. time: 0.0012194235677370395 seconds
Epoch 38 Training Summary: epoch: 38.000000 | loss: 0.172640 | 
Epoch runtime: 0.0 hours, 0.0 minutes, 0.4753251075744629 seconds

Avg epoch train. time: 0.0 hours, 0.0 minutes, 0.49694061279296875 seconds
Avg batch train. time: 0.009743933584175858 seconds
Avg sample train. time: 0.0012179916980219823 seconds
Evaluating on validation set ...
Validation runtime: 0.0 hours, 0.0 minutes, 0.036110639572143555 seconds

Avg val. time: 0.0 hours, 0.0 minutes, 0.032214936755952384 seconds
Avg batch val. time: 0.005369156125992064 seconds
Avg sample val. time: 0.0007003247120859214 seconds
Epoch 38 Validation Summary: epoch: 38.000000 | loss: 4.479783 | accuracy: 0.260870 | precision: 0.278533 | 
Epoch 39 Training Summary: epoch: 39.000000 | loss: 0.153055 | 
Epoch runtime: 0.0 hours, 0.0 minutes, 0.5862083435058594 seconds

Avg epoch train. time: 0.0 hours, 0.0 minutes, 0.49922952896509415 seconds
Avg batch train. time: 0.009788814293433219 seconds
Avg sample train. time: 0.0012236017866791523 seconds
Epoch 40 Training Summary: epoch: 40.000000 | loss: 0.141465 | 
Epoch runtime: 0.0 hours, 0.0 minutes, 0.6947140693664551 seconds

Avg epoch train. time: 0.0 hours, 0.0 minutes, 0.5041166424751282 seconds
Avg batch train. time: 0.009884640048531925 seconds
Avg sample train. time: 0.0012355800060664906 seconds
Evaluating on validation set ...
Validation runtime: 0.0 hours, 0.0 minutes, 0.029001235961914062 seconds

Avg val. time: 0.0 hours, 0.0 minutes, 0.032068859447132454 seconds
Avg batch val. time: 0.005344809907855409 seconds
Avg sample val. time: 0.0006971491184159229 seconds
Epoch 40 Validation Summary: epoch: 40.000000 | loss: 4.689344 | accuracy: 0.239130 | precision: 0.271273 | 
Best accuracy was 0.34782608695652173. Other metrics: OrderedDict([('epoch', 4), ('loss', 1.5416536331176758), ('accuracy', 0.34782608695652173), ('precision', 0.5071070234113713)])
All Done!
Total runtime: 0.0 hours, 0.0 minutes, 46.07656216621399 seconds

