Running:
src/main_5q.py --output_dir experiments --comment classification from Scratch --name VRS_fromScratch --records_file VRS_records.xls --data_dir /mnt/d/OneDrive - Southern Methodist University/Phone_Privacy/input_feature/all_norm_downsample_480p_s22 --data_class vrs --val_ratio 0.1 --epochs 40 --lr 0.001 --dropout 0.2 --batch_size 8 --num_layers 3 --num_heads 4 --optimizer RAdam --pos_encoding learnable --task classification --normalization none --key_metric accuracy

Using device: cuda
Loading and preprocessing data ...
271 samples may be used for training
31 samples will be used for validation
0 samples will be used for testing
Creating model ...
Model:
TSTransformerEncoderClassiregressor(
  (project_inp): Linear(in_features=39, out_features=64, bias=True)
  (pos_enc): LearnablePositionalEncoding(
    (dropout): Dropout(p=0.2, inplace=False)
  )
  (transformer_encoder): TransformerEncoder(
    (layers): ModuleList(
      (0-2): 3 x TransformerBatchNormEncoderLayer(
        (self_attn): MultiheadAttention(
          (out_proj): NonDynamicallyQuantizableLinear(in_features=64, out_features=64, bias=True)
        )
        (linear1): Linear(in_features=64, out_features=256, bias=True)
        (dropout): Dropout(p=0.2, inplace=False)
        (linear2): Linear(in_features=256, out_features=64, bias=True)
        (norm1): BatchNorm1d(64, eps=1e-05, momentum=0.1, affine=True, track_running_stats=True)
        (norm2): BatchNorm1d(64, eps=1e-05, momentum=0.1, affine=True, track_running_stats=True)
        (dropout1): Dropout(p=0.2, inplace=False)
        (dropout2): Dropout(p=0.2, inplace=False)
      )
    )
  )
  (dropout1): Dropout(p=0.2, inplace=False)
  (output_layer): Linear(in_features=5120, out_features=5, bias=True)
)
Total number of parameters: 183237
Trainable parameters: 183237
Evaluating on validation set ...
Validation runtime: 0.0 hours, 0.0 minutes, 0.24643445014953613 seconds

Avg val. time: 0.0 hours, 0.0 minutes, 0.24643445014953613 seconds
Avg batch val. time: 0.06160861253738403 seconds
Avg sample val. time: 0.00794949839192052 seconds
Epoch 0 Validation Summary: epoch: 0.000000 | loss: 3.296138 | accuracy: 0.225806 | precision: 0.225806 | 
Starting training...
Epoch 1 Training Summary: epoch: 1.000000 | loss: 1.694781 | 
Epoch runtime: 0.0 hours, 0.0 minutes, 0.4929814338684082 seconds

Avg epoch train. time: 0.0 hours, 0.0 minutes, 0.4929814338684082 seconds
Avg batch train. time: 0.014499453937306124 seconds
Avg sample train. time: 0.001819119682171248 seconds
Evaluating on validation set ...
Validation runtime: 0.0 hours, 0.0 minutes, 0.015306234359741211 seconds

Avg val. time: 0.0 hours, 0.0 minutes, 0.13087034225463867 seconds
Avg batch val. time: 0.03271758556365967 seconds
Avg sample val. time: 0.0042216239436980215 seconds
Epoch 1 Validation Summary: epoch: 1.000000 | loss: 1.619229 | accuracy: 0.290323 | precision: 0.446237 | 
Epoch 2 Training Summary: epoch: 2.000000 | loss: 1.681141 | 
Epoch runtime: 0.0 hours, 0.0 minutes, 0.3618762493133545 seconds

Avg epoch train. time: 0.0 hours, 0.0 minutes, 0.42742884159088135 seconds
Avg batch train. time: 0.012571436517378864 seconds
Avg sample train. time: 0.0015772281977523297 seconds
Evaluating on validation set ...
Validation runtime: 0.0 hours, 0.0 minutes, 0.018243789672851562 seconds

Avg val. time: 0.0 hours, 0.0 minutes, 0.09332815806070964 seconds
Avg batch val. time: 0.02333203951517741 seconds
Avg sample val. time: 0.0030105857438938594 seconds
Epoch 2 Validation Summary: epoch: 2.000000 | loss: 1.589202 | accuracy: 0.225806 | precision: 0.293011 | 
Epoch 3 Training Summary: epoch: 3.000000 | loss: 1.696829 | 
Epoch runtime: 0.0 hours, 0.0 minutes, 0.35897350311279297 seconds

Avg epoch train. time: 0.0 hours, 0.0 minutes, 0.40461039543151855 seconds
Avg batch train. time: 0.01190030574798584 seconds
Avg sample train. time: 0.0014930272894151976 seconds
Epoch 4 Training Summary: epoch: 4.000000 | loss: 1.686900 | 
Epoch runtime: 0.0 hours, 0.0 minutes, 0.3768024444580078 seconds

Avg epoch train. time: 0.0 hours, 0.0 minutes, 0.39765840768814087 seconds
Avg batch train. time: 0.011695835520239437 seconds
Avg sample train. time: 0.001467374198111221 seconds
Evaluating on validation set ...
Validation runtime: 0.0 hours, 0.0 minutes, 0.01738882064819336 seconds

Avg val. time: 0.0 hours, 0.0 minutes, 0.07434332370758057 seconds
Avg batch val. time: 0.01858583092689514 seconds
Avg sample val. time: 0.002398171732502599 seconds
Epoch 4 Validation Summary: epoch: 4.000000 | loss: 1.585301 | accuracy: 0.161290 | precision: 0.200000 | 
Epoch 5 Training Summary: epoch: 5.000000 | loss: 1.692376 | 
Epoch runtime: 0.0 hours, 0.0 minutes, 0.3814857006072998 seconds

Avg epoch train. time: 0.0 hours, 0.0 minutes, 0.3944238662719727 seconds
Avg batch train. time: 0.011600701949175667 seconds
Avg sample train. time: 0.0014554386209297886 seconds
Epoch 6 Training Summary: epoch: 6.000000 | loss: 1.674231 | 
Epoch runtime: 0.0 hours, 0.0 minutes, 0.3807685375213623 seconds

Avg epoch train. time: 0.0 hours, 0.0 minutes, 0.3921479781468709 seconds
Avg batch train. time: 0.011533764063143262 seconds
Avg sample train. time: 0.0014470405097670514 seconds
Evaluating on validation set ...
Validation runtime: 0.0 hours, 0.0 minutes, 0.01589202880859375 seconds

Avg val. time: 0.0 hours, 0.0 minutes, 0.0626530647277832 seconds
Avg batch val. time: 0.0156632661819458 seconds
Avg sample val. time: 0.0020210666041220386 seconds
Epoch 6 Validation Summary: epoch: 6.000000 | loss: 1.588816 | accuracy: 0.419355 | precision: 0.557273 | 
Epoch 7 Training Summary: epoch: 7.000000 | loss: 1.653472 | 
Epoch runtime: 0.0 hours, 0.0 minutes, 0.3839573860168457 seconds

Avg epoch train. time: 0.0 hours, 0.0 minutes, 0.39097789355686735 seconds
Avg batch train. time: 0.011499349810496098 seconds
Avg sample train. time: 0.001442722854453385 seconds
Epoch 8 Training Summary: epoch: 8.000000 | loss: 1.664749 | 
Epoch runtime: 0.0 hours, 0.0 minutes, 0.38939619064331055 seconds

Avg epoch train. time: 0.0 hours, 0.0 minutes, 0.39078018069267273 seconds
Avg batch train. time: 0.01149353472625508 seconds
Avg sample train. time: 0.0014419932866888293 seconds
Evaluating on validation set ...
Validation runtime: 0.0 hours, 0.0 minutes, 0.017139911651611328 seconds

Avg val. time: 0.0 hours, 0.0 minutes, 0.05506753921508789 seconds
Avg batch val. time: 0.013766884803771973 seconds
Avg sample val. time: 0.0017763722327447707 seconds
Epoch 8 Validation Summary: epoch: 8.000000 | loss: 1.620471 | accuracy: 0.258065 | precision: 0.123789 | 
Epoch 9 Training Summary: epoch: 9.000000 | loss: 1.614186 | 
Epoch runtime: 0.0 hours, 0.0 minutes, 0.3708784580230713 seconds

Avg epoch train. time: 0.0 hours, 0.0 minutes, 0.3885688781738281 seconds
Avg batch train. time: 0.011428496416877298 seconds
Avg sample train. time: 0.0014338334987964137 seconds
Epoch 10 Training Summary: epoch: 10.000000 | loss: 1.587829 | 
Epoch runtime: 0.0 hours, 0.0 minutes, 0.38167333602905273 seconds

Avg epoch train. time: 0.0 hours, 0.0 minutes, 0.3878793239593506 seconds
Avg batch train. time: 0.011408215410569135 seconds
Avg sample train. time: 0.0014312890183001868 seconds
Evaluating on validation set ...
Validation runtime: 0.0 hours, 0.0 minutes, 0.015819072723388672 seconds

Avg val. time: 0.0 hours, 0.0 minutes, 0.04946061543055943 seconds
Avg batch val. time: 0.012365153857639857 seconds
Avg sample val. time: 0.0015955037235664332 seconds
Epoch 10 Validation Summary: epoch: 10.000000 | loss: 1.614204 | accuracy: 0.193548 | precision: 0.219048 | 
Epoch 11 Training Summary: epoch: 11.000000 | loss: 1.529427 | 
Epoch runtime: 0.0 hours, 0.0 minutes, 0.3740408420562744 seconds

Avg epoch train. time: 0.0 hours, 0.0 minutes, 0.38662128014998004 seconds
Avg batch train. time: 0.011371214122058236 seconds
Avg sample train. time: 0.0014266467902213286 seconds
Epoch 12 Training Summary: epoch: 12.000000 | loss: 1.478997 | 
Epoch runtime: 0.0 hours, 0.0 minutes, 0.36215853691101074 seconds

Avg epoch train. time: 0.0 hours, 0.0 minutes, 0.38458271821339923 seconds
Avg batch train. time: 0.011311256418041154 seconds
Avg sample train. time: 0.0014191244214516578 seconds
Evaluating on validation set ...
Validation runtime: 0.0 hours, 0.0 minutes, 0.018087387084960938 seconds

Avg val. time: 0.0 hours, 0.0 minutes, 0.04553896188735962 seconds
Avg batch val. time: 0.011384740471839905 seconds
Avg sample val. time: 0.0014689987705599878 seconds
Epoch 12 Validation Summary: epoch: 12.000000 | loss: 1.573298 | accuracy: 0.322581 | precision: 0.378938 | 
Epoch 13 Training Summary: epoch: 13.000000 | loss: 1.473356 | 
Epoch runtime: 0.0 hours, 0.0 minutes, 0.3845865726470947 seconds

Avg epoch train. time: 0.0 hours, 0.0 minutes, 0.3845830147082989 seconds
Avg batch train. time: 0.01131126513847938 seconds
Avg sample train. time: 0.0014191255155287783 seconds
Epoch 14 Training Summary: epoch: 14.000000 | loss: 1.447058 | 
Epoch runtime: 0.0 hours, 0.0 minutes, 0.3617582321166992 seconds

Avg epoch train. time: 0.0 hours, 0.0 minutes, 0.3829526730946132 seconds
Avg batch train. time: 0.011263313914547449 seconds
Avg sample train. time: 0.0014131094948140709 seconds
Evaluating on validation set ...
Validation runtime: 0.0 hours, 0.0 minutes, 0.016978740692138672 seconds

Avg val. time: 0.0 hours, 0.0 minutes, 0.04236560397677951 seconds
Avg batch val. time: 0.010591400994194878 seconds
Avg sample val. time: 0.0013666323863477262 seconds
Epoch 14 Validation Summary: epoch: 14.000000 | loss: 1.556875 | accuracy: 0.258065 | precision: 0.434409 | 
Epoch 15 Training Summary: epoch: 15.000000 | loss: 1.341507 | 
Epoch runtime: 0.0 hours, 0.0 minutes, 0.36212158203125 seconds

Avg epoch train. time: 0.0 hours, 0.0 minutes, 0.381563933690389 seconds
Avg batch train. time: 0.011222468637952617 seconds
Avg sample train. time: 0.001407984995167487 seconds
Epoch 16 Training Summary: epoch: 16.000000 | loss: 1.392925 | 
Epoch runtime: 0.0 hours, 0.0 minutes, 0.37546610832214355 seconds

Avg epoch train. time: 0.0 hours, 0.0 minutes, 0.38118281960487366 seconds
Avg batch train. time: 0.011211259400143343 seconds
Avg sample train. time: 0.001406578670128685 seconds
Evaluating on validation set ...
Validation runtime: 0.0 hours, 0.0 minutes, 0.019568920135498047 seconds

Avg val. time: 0.0 hours, 0.0 minutes, 0.04008593559265137 seconds
Avg batch val. time: 0.010021483898162842 seconds
Avg sample val. time: 0.001293094696537141 seconds
Epoch 16 Validation Summary: epoch: 16.000000 | loss: 1.586595 | accuracy: 0.225806 | precision: 0.172043 | 
Epoch 17 Training Summary: epoch: 17.000000 | loss: 1.269496 | 
Epoch runtime: 0.0 hours, 0.0 minutes, 0.3734862804412842 seconds

Avg epoch train. time: 0.0 hours, 0.0 minutes, 0.38073008200701547 seconds
Avg batch train. time: 0.01119794358844163 seconds
Avg sample train. time: 0.001404908051686404 seconds
Epoch 18 Training Summary: epoch: 18.000000 | loss: 1.309992 | 
Epoch runtime: 0.0 hours, 0.0 minutes, 0.4146897792816162 seconds

Avg epoch train. time: 0.0 hours, 0.0 minutes, 0.3826167318556044 seconds
Avg batch train. time: 0.011253433289870718 seconds
Avg sample train. time: 0.0014118698592457727 seconds
Evaluating on validation set ...
Validation runtime: 0.0 hours, 0.0 minutes, 0.018036842346191406 seconds

Avg val. time: 0.0 hours, 0.0 minutes, 0.03808147257024592 seconds
Avg batch val. time: 0.00952036814256148 seconds
Avg sample val. time: 0.001228434599040191 seconds
Epoch 18 Validation Summary: epoch: 18.000000 | loss: 1.695881 | accuracy: 0.225806 | precision: 0.166667 | 
Epoch 19 Training Summary: epoch: 19.000000 | loss: 1.193607 | 
Epoch runtime: 0.0 hours, 0.0 minutes, 0.38162851333618164 seconds

Avg epoch train. time: 0.0 hours, 0.0 minutes, 0.3825647203545821 seconds
Avg batch train. time: 0.01125190353984065 seconds
Avg sample train. time: 0.001411677934887757 seconds
Epoch 20 Training Summary: epoch: 20.000000 | loss: 1.217348 | 
Epoch runtime: 0.0 hours, 0.0 minutes, 0.3700540065765381 seconds

Avg epoch train. time: 0.0 hours, 0.0 minutes, 0.38193918466567994 seconds
Avg batch train. time: 0.011233505431343528 seconds
Avg sample train. time: 0.00140936968511321 seconds
Evaluating on validation set ...
Validation runtime: 0.0 hours, 0.0 minutes, 0.01826953887939453 seconds

Avg val. time: 0.0 hours, 0.0 minutes, 0.0364304780960083 seconds
Avg batch val. time: 0.009107619524002075 seconds
Avg sample val. time: 0.0011751767127744614 seconds
Epoch 20 Validation Summary: epoch: 20.000000 | loss: 1.893478 | accuracy: 0.354839 | precision: 0.490132 | 
Epoch 21 Training Summary: epoch: 21.000000 | loss: 1.228207 | 
Epoch runtime: 0.0 hours, 0.0 minutes, 0.37962841987609863 seconds

Avg epoch train. time: 0.0 hours, 0.0 minutes, 0.38182914824712844 seconds
Avg batch train. time: 0.011230269066092013 seconds
Avg sample train. time: 0.0014089636466683706 seconds
Epoch 22 Training Summary: epoch: 22.000000 | loss: 1.220672 | 
Epoch runtime: 0.0 hours, 0.0 minutes, 0.39046430587768555 seconds

Avg epoch train. time: 0.0 hours, 0.0 minutes, 0.38222165541215375 seconds
Avg batch train. time: 0.01124181339447511 seconds
Avg sample train. time: 0.0014104120125909732 seconds
Evaluating on validation set ...
Validation runtime: 0.0 hours, 0.0 minutes, 0.017212629318237305 seconds

Avg val. time: 0.0 hours, 0.0 minutes, 0.034952182036179766 seconds
Avg batch val. time: 0.008738045509044941 seconds
Avg sample val. time: 0.0011274897431025731 seconds
Epoch 22 Validation Summary: epoch: 22.000000 | loss: 1.703159 | accuracy: 0.354839 | precision: 0.322581 | 
Epoch 23 Training Summary: epoch: 23.000000 | loss: 1.095714 | 
Epoch runtime: 0.0 hours, 0.0 minutes, 0.4107687473297119 seconds

Avg epoch train. time: 0.0 hours, 0.0 minutes, 0.3834628333216128 seconds
Avg batch train. time: 0.011278318627106258 seconds
Avg sample train. time: 0.0014149920048768 seconds
Epoch 24 Training Summary: epoch: 24.000000 | loss: 0.988560 | 
Epoch runtime: 0.0 hours, 0.0 minutes, 0.39135074615478516 seconds

Avg epoch train. time: 0.0 hours, 0.0 minutes, 0.3837914963563283 seconds
Avg batch train. time: 0.011287985186950832 seconds
Avg sample train. time: 0.0014162047836026874 seconds
Evaluating on validation set ...
Validation runtime: 0.0 hours, 0.0 minutes, 0.017548561096191406 seconds

Avg val. time: 0.0 hours, 0.0 minutes, 0.03370906625475202 seconds
Avg batch val. time: 0.008427266563688005 seconds
Avg sample val. time: 0.0010873892340242588 seconds
Epoch 24 Validation Summary: epoch: 24.000000 | loss: 1.842568 | accuracy: 0.290323 | precision: 0.281250 | 
Epoch 25 Training Summary: epoch: 25.000000 | loss: 1.060212 | 
Epoch runtime: 0.0 hours, 0.0 minutes, 0.39069437980651855 seconds

Avg epoch train. time: 0.0 hours, 0.0 minutes, 0.38406761169433595 seconds
Avg batch train. time: 0.011296106226303998 seconds
Avg sample train. time: 0.0014172236593886936 seconds
Epoch 26 Training Summary: epoch: 26.000000 | loss: 1.067379 | 
Epoch runtime: 0.0 hours, 0.0 minutes, 0.38160061836242676 seconds

Avg epoch train. time: 0.0 hours, 0.0 minutes, 0.3839727273354164 seconds
Avg batch train. time: 0.011293315509865188 seconds
Avg sample train. time: 0.0014168735326030124 seconds
Evaluating on validation set ...
Validation runtime: 0.0 hours, 0.0 minutes, 0.019316911697387695 seconds

Avg val. time: 0.0 hours, 0.0 minutes, 0.03274958928426107 seconds
Avg batch val. time: 0.008187397321065267 seconds
Avg sample val. time: 0.0010564383640084215 seconds
Epoch 26 Validation Summary: epoch: 26.000000 | loss: 1.675761 | accuracy: 0.258065 | precision: 0.267742 | 
Epoch 27 Training Summary: epoch: 27.000000 | loss: 1.015217 | 
Epoch runtime: 0.0 hours, 0.0 minutes, 0.3858516216278076 seconds

Avg epoch train. time: 0.0 hours, 0.0 minutes, 0.38404231601291233 seconds
Avg batch train. time: 0.011295362235673892 seconds
Avg sample train. time: 0.0014171303173908204 seconds
Epoch 28 Training Summary: epoch: 28.000000 | loss: 0.853150 | 
Epoch runtime: 0.0 hours, 0.0 minutes, 0.3965885639190674 seconds

Avg epoch train. time: 0.0 hours, 0.0 minutes, 0.384490396295275 seconds
Avg batch train. time: 0.011308541067508088 seconds
Avg sample train. time: 0.0014187837501670663 seconds
Evaluating on validation set ...
Validation runtime: 0.0 hours, 0.0 minutes, 0.01849842071533203 seconds

Avg val. time: 0.0 hours, 0.0 minutes, 0.031858891248703 seconds
Avg batch val. time: 0.00796472281217575 seconds
Avg sample val. time: 0.001027706169313 seconds
Epoch 28 Validation Summary: epoch: 28.000000 | loss: 1.736562 | accuracy: 0.258065 | precision: 0.254608 | 
Epoch 29 Training Summary: epoch: 29.000000 | loss: 0.866543 | 
Epoch runtime: 0.0 hours, 0.0 minutes, 0.38291430473327637 seconds

Avg epoch train. time: 0.0 hours, 0.0 minutes, 0.3844360483103785 seconds
Avg batch train. time: 0.011306942597364074 seconds
Avg sample train. time: 0.0014185832040973375 seconds
Epoch 30 Training Summary: epoch: 30.000000 | loss: 0.834595 | 
Epoch runtime: 0.0 hours, 0.0 minutes, 0.3710503578186035 seconds

Avg epoch train. time: 0.0 hours, 0.0 minutes, 0.3839898586273193 seconds
Avg batch train. time: 0.011293819371391746 seconds
Avg sample train. time: 0.0014169367477022854 seconds
Evaluating on validation set ...
Validation runtime: 0.0 hours, 0.0 minutes, 0.017438411712646484 seconds

Avg val. time: 0.0 hours, 0.0 minutes, 0.03101062774658203 seconds
Avg batch val. time: 0.007752656936645508 seconds
Avg sample val. time: 0.0010003428305349043 seconds
Epoch 30 Validation Summary: epoch: 30.000000 | loss: 2.088953 | accuracy: 0.354839 | precision: 0.478125 | 
Epoch 31 Training Summary: epoch: 31.000000 | loss: 0.851912 | 
Epoch runtime: 0.0 hours, 0.0 minutes, 0.38097643852233887 seconds

Avg epoch train. time: 0.0 hours, 0.0 minutes, 0.3838926515271587 seconds
Avg batch train. time: 0.01129096033903408 seconds
Avg sample train. time: 0.0014165780499157147 seconds
Epoch 32 Training Summary: epoch: 32.000000 | loss: 0.779973 | 
Epoch runtime: 0.0 hours, 0.0 minutes, 0.38087010383605957 seconds

Avg epoch train. time: 0.0 hours, 0.0 minutes, 0.38379819691181183 seconds
Avg batch train. time: 0.011288182262112112 seconds
Avg sample train. time: 0.0014162295088996745 seconds
Evaluating on validation set ...
Validation runtime: 0.0 hours, 0.0 minutes, 0.01748180389404297 seconds

Avg val. time: 0.0 hours, 0.0 minutes, 0.030259026421440974 seconds
Avg batch val. time: 0.0075647566053602434 seconds
Avg sample val. time: 0.0009760976264980959 seconds
Epoch 32 Validation Summary: epoch: 32.000000 | loss: 1.591254 | accuracy: 0.322581 | precision: 0.387097 | 
Epoch 33 Training Summary: epoch: 33.000000 | loss: 0.737351 | 
Epoch runtime: 0.0 hours, 0.0 minutes, 0.3905808925628662 seconds

Avg epoch train. time: 0.0 hours, 0.0 minutes, 0.384003733143662 seconds
Avg batch train. time: 0.011294227445401823 seconds
Avg sample train. time: 0.0014169879451795646 seconds
Epoch 34 Training Summary: epoch: 34.000000 | loss: 0.634890 | 
Epoch runtime: 0.0 hours, 0.0 minutes, 0.38233423233032227 seconds

Avg epoch train. time: 0.0 hours, 0.0 minutes, 0.38395463017856374 seconds
Avg batch train. time: 0.011292783240545992 seconds
Avg sample train. time: 0.0014168067534264344 seconds
Evaluating on validation set ...
Validation runtime: 0.0 hours, 0.0 minutes, 0.017279386520385742 seconds

Avg val. time: 0.0 hours, 0.0 minutes, 0.02957588747928017 seconds
Avg batch val. time: 0.007393971869820042 seconds
Avg sample val. time: 0.0009540608864283926 seconds
Epoch 34 Validation Summary: epoch: 34.000000 | loss: 2.007957 | accuracy: 0.322581 | precision: 0.382796 | 
Epoch 35 Training Summary: epoch: 35.000000 | loss: 0.720621 | 
Epoch runtime: 0.0 hours, 0.0 minutes, 0.3707728385925293 seconds

Avg epoch train. time: 0.0 hours, 0.0 minutes, 0.38357800756181987 seconds
Avg batch train. time: 0.011281706104759408 seconds
Avg sample train. time: 0.0014154170020731361 seconds
Epoch 36 Training Summary: epoch: 36.000000 | loss: 0.606491 | 
Epoch runtime: 0.0 hours, 0.0 minutes, 0.37481045722961426 seconds

Avg epoch train. time: 0.0 hours, 0.0 minutes, 0.3833344644970364 seconds
Avg batch train. time: 0.011274543073442247 seconds
Avg sample train. time: 0.001414518319177256 seconds
Evaluating on validation set ...
Validation runtime: 0.0 hours, 0.0 minutes, 0.01761937141418457 seconds

Avg val. time: 0.0 hours, 0.0 minutes, 0.02897806167602539 seconds
Avg batch val. time: 0.007244515419006348 seconds
Avg sample val. time: 0.0009347761830975933 seconds
Epoch 36 Validation Summary: epoch: 36.000000 | loss: 1.842587 | accuracy: 0.451613 | precision: 0.425499 | 
Epoch 37 Training Summary: epoch: 37.000000 | loss: 0.617718 | 
Epoch runtime: 0.0 hours, 0.0 minutes, 0.3862285614013672 seconds

Avg epoch train. time: 0.0 hours, 0.0 minutes, 0.38341268333228856 seconds
Avg batch train. time: 0.011276843627420251 seconds
Avg sample train. time: 0.0014148069495656405 seconds
Epoch 38 Training Summary: epoch: 38.000000 | loss: 0.591883 | 
Epoch runtime: 0.0 hours, 0.0 minutes, 0.397655725479126 seconds

Avg epoch train. time: 0.0 hours, 0.0 minutes, 0.3837875002308896 seconds
Avg batch train. time: 0.011287867653849693 seconds
Avg sample train. time: 0.0014161900377523602 seconds
Evaluating on validation set ...
Validation runtime: 0.0 hours, 0.0 minutes, 0.01653289794921875 seconds

Avg val. time: 0.0 hours, 0.0 minutes, 0.02838543483189174 seconds
Avg batch val. time: 0.007096358707972935 seconds
Avg sample val. time: 0.00091565918812554 seconds
Epoch 38 Validation Summary: epoch: 38.000000 | loss: 1.792598 | accuracy: 0.387097 | precision: 0.336406 | 
Epoch 39 Training Summary: epoch: 39.000000 | loss: 0.543341 | 
Epoch runtime: 0.0 hours, 0.0 minutes, 0.37790751457214355 seconds

Avg epoch train. time: 0.0 hours, 0.0 minutes, 0.3836367313678448 seconds
Avg batch train. time: 0.011283433275524848 seconds
Avg sample train. time: 0.0014156336950842982 seconds
Epoch 40 Training Summary: epoch: 40.000000 | loss: 0.527521 | 
Epoch runtime: 0.0 hours, 0.0 minutes, 0.37528228759765625 seconds

Avg epoch train. time: 0.0 hours, 0.0 minutes, 0.3834278702735901 seconds
Avg batch train. time: 0.011277290302164414 seconds
Avg sample train. time: 0.0014148629899394468 seconds
Evaluating on validation set ...
Validation runtime: 0.0 hours, 0.0 minutes, 0.016954421997070312 seconds

Avg val. time: 0.0 hours, 0.0 minutes, 0.027865843339399857 seconds
Avg batch val. time: 0.006966460834849964 seconds
Avg sample val. time: 0.000898898172238705 seconds
Epoch 40 Validation Summary: epoch: 40.000000 | loss: 1.834274 | accuracy: 0.419355 | precision: 0.526833 | 
Best accuracy was 0.45161290322580644. Other metrics: OrderedDict([('epoch', 36), ('loss', 1.8425868249708606), ('accuracy', 0.45161290322580644), ('precision', 0.4254992319508448)])
All Done!
Total runtime: 0.0 hours, 0.0 minutes, 22.659581899642944 seconds

