Running:
src/main_5q.py --output_dir experiments --comment classification from Scratch --name VRS_fromScratch --records_file VRS_records.xls --data_dir /mnt/d/OneDrive - Southern Methodist University/Phone_Privacy/input_feature/combine_opticalflow_all_feat_downsample_480p_s22 --data_class vrs --val_ratio 0.1 --epochs 40 --lr 0.001 --dropout 0.2 --batch_size 8 --num_layers 3 --num_heads 4 --optimizer RAdam --pos_encoding learnable --task classification --normalization none --key_metric accuracy

Using device: cuda
Loading and preprocessing data ...
271 samples may be used for training
31 samples will be used for validation
0 samples will be used for testing
Creating model ...
Model:
TSTransformerEncoderClassiregressor(
  (project_inp): Linear(in_features=47, out_features=64, bias=True)
  (pos_enc): LearnablePositionalEncoding(
    (dropout): Dropout(p=0.2, inplace=False)
  )
  (transformer_encoder): TransformerEncoder(
    (layers): ModuleList(
      (0-2): 3 x TransformerBatchNormEncoderLayer(
        (self_attn): MultiheadAttention(
          (out_proj): NonDynamicallyQuantizableLinear(in_features=64, out_features=64, bias=True)
        )
        (linear1): Linear(in_features=64, out_features=256, bias=True)
        (dropout): Dropout(p=0.2, inplace=False)
        (linear2): Linear(in_features=256, out_features=64, bias=True)
        (norm1): BatchNorm1d(64, eps=1e-05, momentum=0.1, affine=True, track_running_stats=True)
        (norm2): BatchNorm1d(64, eps=1e-05, momentum=0.1, affine=True, track_running_stats=True)
        (dropout1): Dropout(p=0.2, inplace=False)
        (dropout2): Dropout(p=0.2, inplace=False)
      )
    )
  )
  (dropout1): Dropout(p=0.2, inplace=False)
  (output_layer): Linear(in_features=5120, out_features=5, bias=True)
)
Total number of parameters: 183749
Trainable parameters: 183749
Evaluating on validation set ...
Validation runtime: 0.0 hours, 0.0 minutes, 0.23110675811767578 seconds

Avg val. time: 0.0 hours, 0.0 minutes, 0.23110675811767578 seconds
Avg batch val. time: 0.057776689529418945 seconds
Avg sample val. time: 0.007455056713473412 seconds
Epoch 0 Validation Summary: epoch: 0.000000 | loss: 3.316315 | accuracy: 0.225806 | precision: 0.221198 | 
Starting training...
Epoch 1 Training Summary: epoch: 1.000000 | loss: 1.680949 | 
Epoch runtime: 0.0 hours, 0.0 minutes, 0.5157268047332764 seconds

Avg epoch train. time: 0.0 hours, 0.0 minutes, 0.5157268047332764 seconds
Avg batch train. time: 0.015168435433331658 seconds
Avg sample train. time: 0.0019030509399751896 seconds
Evaluating on validation set ...
Validation runtime: 0.0 hours, 0.0 minutes, 0.014742851257324219 seconds

Avg val. time: 0.0 hours, 0.0 minutes, 0.1229248046875 seconds
Avg batch val. time: 0.030731201171875 seconds
Avg sample val. time: 0.0039653162802419355 seconds
Epoch 1 Validation Summary: epoch: 1.000000 | loss: 1.556329 | accuracy: 0.354839 | precision: 0.383284 | 
Epoch 2 Training Summary: epoch: 2.000000 | loss: 1.605570 | 
Epoch runtime: 0.0 hours, 0.0 minutes, 0.3290860652923584 seconds

Avg epoch train. time: 0.0 hours, 0.0 minutes, 0.4224064350128174 seconds
Avg batch train. time: 0.01242371867684757 seconds
Avg sample train. time: 0.0015586953321506177 seconds
Evaluating on validation set ...
Validation runtime: 0.0 hours, 0.0 minutes, 0.014826059341430664 seconds

Avg val. time: 0.0 hours, 0.0 minutes, 0.08689188957214355 seconds
Avg batch val. time: 0.02172297239303589 seconds
Avg sample val. time: 0.0028029641797465664 seconds
Epoch 2 Validation Summary: epoch: 2.000000 | loss: 1.491546 | accuracy: 0.322581 | precision: 0.300000 | 
Epoch 3 Training Summary: epoch: 3.000000 | loss: 1.549283 | 
Epoch runtime: 0.0 hours, 0.0 minutes, 0.32926344871520996 seconds

Avg epoch train. time: 0.0 hours, 0.0 minutes, 0.3913587729136149 seconds
Avg batch train. time: 0.011510552144518085 seconds
Avg sample train. time: 0.0014441283133343724 seconds
Epoch 4 Training Summary: epoch: 4.000000 | loss: 1.519140 | 
Epoch runtime: 0.0 hours, 0.0 minutes, 0.34491419792175293 seconds

Avg epoch train. time: 0.0 hours, 0.0 minutes, 0.3797476291656494 seconds
Avg batch train. time: 0.011169047916636747 seconds
Avg sample train. time: 0.001401282764448891 seconds
Evaluating on validation set ...
Validation runtime: 0.0 hours, 0.0 minutes, 0.015691041946411133 seconds

Avg val. time: 0.0 hours, 0.0 minutes, 0.06909167766571045 seconds
Avg batch val. time: 0.017272919416427612 seconds
Avg sample val. time: 0.002228763795668079 seconds
Epoch 4 Validation Summary: epoch: 4.000000 | loss: 1.455743 | accuracy: 0.354839 | precision: 0.392949 | 
Epoch 5 Training Summary: epoch: 5.000000 | loss: 1.448716 | 
Epoch runtime: 0.0 hours, 0.0 minutes, 0.3303110599517822 seconds

Avg epoch train. time: 0.0 hours, 0.0 minutes, 0.369860315322876 seconds
Avg batch train. time: 0.010878244568319883 seconds
Avg sample train. time: 0.0013647982115235276 seconds
Epoch 6 Training Summary: epoch: 6.000000 | loss: 1.369687 | 
Epoch runtime: 0.0 hours, 0.0 minutes, 0.3481729030609131 seconds

Avg epoch train. time: 0.0 hours, 0.0 minutes, 0.36624574661254883 seconds
Avg batch train. time: 0.010771933723898494 seconds
Avg sample train. time: 0.0013514603196035013 seconds
Evaluating on validation set ...
Validation runtime: 0.0 hours, 0.0 minutes, 0.01636815071105957 seconds

Avg val. time: 0.0 hours, 0.0 minutes, 0.05854697227478027 seconds
Avg batch val. time: 0.014636743068695068 seconds
Avg sample val. time: 0.0018886120088638797 seconds
Epoch 6 Validation Summary: epoch: 6.000000 | loss: 1.442218 | accuracy: 0.451613 | precision: 0.429032 | 
Epoch 7 Training Summary: epoch: 7.000000 | loss: 1.387837 | 
Epoch runtime: 0.0 hours, 0.0 minutes, 0.34738802909851074 seconds

Avg epoch train. time: 0.0 hours, 0.0 minutes, 0.36355178696768625 seconds
Avg batch train. time: 0.010692699616696654 seconds
Avg sample train. time: 0.0013415195091058534 seconds
Epoch 8 Training Summary: epoch: 8.000000 | loss: 1.283752 | 
Epoch runtime: 0.0 hours, 0.0 minutes, 0.34989237785339355 seconds

Avg epoch train. time: 0.0 hours, 0.0 minutes, 0.36184436082839966 seconds
Avg batch train. time: 0.010642481200835285 seconds
Avg sample train. time: 0.0013352190436472311 seconds
Evaluating on validation set ...
Validation runtime: 0.0 hours, 0.0 minutes, 0.016356706619262695 seconds

Avg val. time: 0.0 hours, 0.0 minutes, 0.05151526133219401 seconds
Avg batch val. time: 0.012878815333048502 seconds
Avg sample val. time: 0.0016617826236191616 seconds
Epoch 8 Validation Summary: epoch: 8.000000 | loss: 1.499272 | accuracy: 0.387097 | precision: 0.275269 | 
Epoch 9 Training Summary: epoch: 9.000000 | loss: 1.275127 | 
Epoch runtime: 0.0 hours, 0.0 minutes, 0.3504831790924072 seconds

Avg epoch train. time: 0.0 hours, 0.0 minutes, 0.36058200730217826 seconds
Avg batch train. time: 0.01060535315594642 seconds
Avg sample train. time: 0.0013305609125541633 seconds
Epoch 10 Training Summary: epoch: 10.000000 | loss: 1.206666 | 
Epoch runtime: 0.0 hours, 0.0 minutes, 0.3518025875091553 seconds

Avg epoch train. time: 0.0 hours, 0.0 minutes, 0.35970406532287597 seconds
Avg batch train. time: 0.010579531333025763 seconds
Avg sample train. time: 0.0013273212742541548 seconds
Evaluating on validation set ...
Validation runtime: 0.0 hours, 0.0 minutes, 0.016031503677368164 seconds

Avg val. time: 0.0 hours, 0.0 minutes, 0.04644615309579032 seconds
Avg batch val. time: 0.01161153827394758 seconds
Avg sample val. time: 0.0014982630030900101 seconds
Epoch 10 Validation Summary: epoch: 10.000000 | loss: 1.579449 | accuracy: 0.387097 | precision: 0.387195 | 
Epoch 11 Training Summary: epoch: 11.000000 | loss: 1.145287 | 
Epoch runtime: 0.0 hours, 0.0 minutes, 0.35324931144714355 seconds

Avg epoch train. time: 0.0 hours, 0.0 minutes, 0.3591172695159912 seconds
Avg batch train. time: 0.01056227263282327 seconds
Avg sample train. time: 0.0013251559760737682 seconds
Epoch 12 Training Summary: epoch: 12.000000 | loss: 1.136193 | 
Epoch runtime: 0.0 hours, 0.0 minutes, 0.3775925636291504 seconds

Avg epoch train. time: 0.0 hours, 0.0 minutes, 0.36065687735875446 seconds
Avg batch train. time: 0.010607555216433955 seconds
Avg sample train. time: 0.0013308371858256622 seconds
Evaluating on validation set ...
Validation runtime: 0.0 hours, 0.0 minutes, 0.01645064353942871 seconds

Avg val. time: 0.0 hours, 0.0 minutes, 0.04269671440124512 seconds
Avg batch val. time: 0.01067417860031128 seconds
Avg sample val. time: 0.0013773133677821006 seconds
Epoch 12 Validation Summary: epoch: 12.000000 | loss: 1.554824 | accuracy: 0.451613 | precision: 0.448387 | 
Epoch 13 Training Summary: epoch: 13.000000 | loss: 1.117991 | 
Epoch runtime: 0.0 hours, 0.0 minutes, 0.35617947578430176 seconds

Avg epoch train. time: 0.0 hours, 0.0 minutes, 0.36031246185302734 seconds
Avg batch train. time: 0.01059742534861845 seconds
Avg sample train. time: 0.00132956627990047 seconds
Epoch 14 Training Summary: epoch: 14.000000 | loss: 0.995544 | 
Epoch runtime: 0.0 hours, 0.0 minutes, 0.34000277519226074 seconds

Avg epoch train. time: 0.0 hours, 0.0 minutes, 0.35886176994868685 seconds
Avg batch train. time: 0.01055475793966726 seconds
Avg sample train. time: 0.0013242131732423869 seconds
Evaluating on validation set ...
Validation runtime: 0.0 hours, 0.0 minutes, 0.016124248504638672 seconds

Avg val. time: 0.0 hours, 0.0 minutes, 0.03974421819051107 seconds
Avg batch val. time: 0.009936054547627768 seconds
Avg sample val. time: 0.0012820715545326152 seconds
Epoch 14 Validation Summary: epoch: 14.000000 | loss: 1.588273 | accuracy: 0.322581 | precision: 0.302095 | 
Epoch 15 Training Summary: epoch: 15.000000 | loss: 0.975965 | 
Epoch runtime: 0.0 hours, 0.0 minutes, 0.3555624485015869 seconds

Avg epoch train. time: 0.0 hours, 0.0 minutes, 0.3586418151855469 seconds
Avg batch train. time: 0.01054828868192785 seconds
Avg sample train. time: 0.0013234015320499886 seconds
Epoch 16 Training Summary: epoch: 16.000000 | loss: 0.963286 | 
Epoch runtime: 0.0 hours, 0.0 minutes, 0.3619053363800049 seconds

Avg epoch train. time: 0.0 hours, 0.0 minutes, 0.3588457852602005 seconds
Avg batch train. time: 0.010554287801770604 seconds
Avg sample train. time: 0.0013241541891520314 seconds
Evaluating on validation set ...
Validation runtime: 0.0 hours, 0.0 minutes, 0.016344070434570312 seconds

Avg val. time: 0.0 hours, 0.0 minutes, 0.037404203414916994 seconds
Avg batch val. time: 0.009351050853729248 seconds
Avg sample val. time: 0.0012065872069328062 seconds
Epoch 16 Validation Summary: epoch: 16.000000 | loss: 1.737994 | accuracy: 0.322581 | precision: 0.353763 | 
Epoch 17 Training Summary: epoch: 17.000000 | loss: 0.845602 | 
Epoch runtime: 0.0 hours, 0.0 minutes, 0.36291050910949707 seconds

Avg epoch train. time: 0.0 hours, 0.0 minutes, 0.3590848866631003 seconds
Avg batch train. time: 0.010561320195973539 seconds
Avg sample train. time: 0.0013250364821516616 seconds
Epoch 18 Training Summary: epoch: 18.000000 | loss: 0.803579 | 
Epoch runtime: 0.0 hours, 0.0 minutes, 0.34772467613220215 seconds

Avg epoch train. time: 0.0 hours, 0.0 minutes, 0.35845376385582817 seconds
Avg batch train. time: 0.010542757760465534 seconds
Avg sample train. time: 0.001322707615704163 seconds
Evaluating on validation set ...
Validation runtime: 0.0 hours, 0.0 minutes, 0.016960859298706055 seconds

Avg val. time: 0.0 hours, 0.0 minutes, 0.03554571758617054 seconds
Avg batch val. time: 0.008886429396542635 seconds
Avg sample val. time: 0.0011466360511667916 seconds
Epoch 18 Validation Summary: epoch: 18.000000 | loss: 1.783442 | accuracy: 0.387097 | precision: 0.321848 | 
Epoch 19 Training Summary: epoch: 19.000000 | loss: 0.747602 | 
Epoch runtime: 0.0 hours, 0.0 minutes, 0.35326385498046875 seconds

Avg epoch train. time: 0.0 hours, 0.0 minutes, 0.35818061075712504 seconds
Avg batch train. time: 0.010534723845797796 seconds
Avg sample train. time: 0.0013216996706904983 seconds
Epoch 20 Training Summary: epoch: 20.000000 | loss: 0.755439 | 
Epoch runtime: 0.0 hours, 0.0 minutes, 0.35737156867980957 seconds

Avg epoch train. time: 0.0 hours, 0.0 minutes, 0.35814015865325927 seconds
Avg batch train. time: 0.010533534078037038 seconds
Avg sample train. time: 0.0013215504009345361 seconds
Evaluating on validation set ...
Validation runtime: 0.0 hours, 0.0 minutes, 0.016613245010375977 seconds

Avg val. time: 0.0 hours, 0.0 minutes, 0.03396801153818766 seconds
Avg batch val. time: 0.008492002884546915 seconds
Avg sample val. time: 0.001095742307683473 seconds
Epoch 20 Validation Summary: epoch: 20.000000 | loss: 1.982493 | accuracy: 0.451613 | precision: 0.467742 | 
Epoch 21 Training Summary: epoch: 21.000000 | loss: 0.694295 | 
Epoch runtime: 0.0 hours, 0.0 minutes, 0.35585665702819824 seconds

Avg epoch train. time: 0.0 hours, 0.0 minutes, 0.3580314204806373 seconds
Avg batch train. time: 0.010530335896489332 seconds
Avg sample train. time: 0.0013211491530650823 seconds
Epoch 22 Training Summary: epoch: 22.000000 | loss: 0.628827 | 
Epoch runtime: 0.0 hours, 0.0 minutes, 0.3648951053619385 seconds

Avg epoch train. time: 0.0 hours, 0.0 minutes, 0.3583434061570601 seconds
Avg batch train. time: 0.010539511945795886 seconds
Avg sample train. time: 0.001322300391723469 seconds
Evaluating on validation set ...
Validation runtime: 0.0 hours, 0.0 minutes, 0.0166928768157959 seconds

Avg val. time: 0.0 hours, 0.0 minutes, 0.032639155021080606 seconds
Avg batch val. time: 0.008159788755270151 seconds
Avg sample val. time: 0.001052875968421955 seconds
Epoch 22 Validation Summary: epoch: 22.000000 | loss: 2.388481 | accuracy: 0.483871 | precision: 0.481134 | 
Epoch 23 Training Summary: epoch: 23.000000 | loss: 0.595672 | 
Epoch runtime: 0.0 hours, 0.0 minutes, 0.36167383193969727 seconds

Avg epoch train. time: 0.0 hours, 0.0 minutes, 0.3584882072780443 seconds
Avg batch train. time: 0.01054377080229542 seconds
Avg sample train. time: 0.0013228347132031157 seconds
Epoch 24 Training Summary: epoch: 24.000000 | loss: 0.546365 | 
Epoch runtime: 0.0 hours, 0.0 minutes, 0.3794093132019043 seconds

Avg epoch train. time: 0.0 hours, 0.0 minutes, 0.3593599200248718 seconds
Avg batch train. time: 0.01056940941249623 seconds
Avg sample train. time: 0.0013260513654054311 seconds
Evaluating on validation set ...
Validation runtime: 0.0 hours, 0.0 minutes, 0.01617264747619629 seconds

Avg val. time: 0.0 hours, 0.0 minutes, 0.03146297591073172 seconds
Avg batch val. time: 0.00786574397768293 seconds
Avg sample val. time: 0.0010149347067977975 seconds
Epoch 24 Validation Summary: epoch: 24.000000 | loss: 2.425494 | accuracy: 0.387097 | precision: 0.380108 | 
Epoch 25 Training Summary: epoch: 25.000000 | loss: 0.583210 | 
Epoch runtime: 0.0 hours, 0.0 minutes, 0.3546922206878662 seconds

Avg epoch train. time: 0.0 hours, 0.0 minutes, 0.3591732120513916 seconds
Avg batch train. time: 0.010563918001511517 seconds
Avg sample train. time: 0.0013253624060936958 seconds
Epoch 26 Training Summary: epoch: 26.000000 | loss: 0.534475 | 
Epoch runtime: 0.0 hours, 0.0 minutes, 0.36418867111206055 seconds

Avg epoch train. time: 0.0 hours, 0.0 minutes, 0.3593661143229558 seconds
Avg batch train. time: 0.010569591597733994 seconds
Avg sample train. time: 0.0013260742225939329 seconds
Evaluating on validation set ...
Validation runtime: 0.0 hours, 0.0 minutes, 0.01708197593688965 seconds

Avg val. time: 0.0 hours, 0.0 minutes, 0.030504242579142252 seconds
Avg batch val. time: 0.007626060644785563 seconds
Avg sample val. time: 0.000984007825133621 seconds
Epoch 26 Validation Summary: epoch: 26.000000 | loss: 2.949304 | accuracy: 0.354839 | precision: 0.337788 | 
Epoch 27 Training Summary: epoch: 27.000000 | loss: 0.537265 | 
Epoch runtime: 0.0 hours, 0.0 minutes, 0.3721332550048828 seconds

Avg epoch train. time: 0.0 hours, 0.0 minutes, 0.3598389713852494 seconds
Avg batch train. time: 0.010583499158389688 seconds
Avg sample train. time: 0.0013278190826023963 seconds
Epoch 28 Training Summary: epoch: 28.000000 | loss: 0.396394 | 
Epoch runtime: 0.0 hours, 0.0 minutes, 0.3529703617095947 seconds

Avg epoch train. time: 0.0 hours, 0.0 minutes, 0.35959366389683317 seconds
Avg batch train. time: 0.0105762842322598 seconds
Avg sample train. time: 0.0013269138889182037 seconds
Evaluating on validation set ...
Validation runtime: 0.0 hours, 0.0 minutes, 0.01622796058654785 seconds

Avg val. time: 0.0 hours, 0.0 minutes, 0.029611974954605103 seconds
Avg batch val. time: 0.007402993738651276 seconds
Avg sample val. time: 0.0009552249985356484 seconds
Epoch 28 Validation Summary: epoch: 28.000000 | loss: 2.857348 | accuracy: 0.451613 | precision: 0.507527 | 
Epoch 29 Training Summary: epoch: 29.000000 | loss: 0.477145 | 
Epoch runtime: 0.0 hours, 0.0 minutes, 0.3571450710296631 seconds

Avg epoch train. time: 0.0 hours, 0.0 minutes, 0.3595092296600342 seconds
Avg batch train. time: 0.010573800872353947 seconds
Avg sample train. time: 0.0013266023234687608 seconds
Epoch 30 Training Summary: epoch: 30.000000 | loss: 0.355736 | 
Epoch runtime: 0.0 hours, 0.0 minutes, 0.36589884757995605 seconds

Avg epoch train. time: 0.0 hours, 0.0 minutes, 0.35972221692403156 seconds
Avg batch train. time: 0.010580065203647987 seconds
Avg sample train. time: 0.0013273882543322199 seconds
Evaluating on validation set ...
Validation runtime: 0.0 hours, 0.0 minutes, 0.017071962356567383 seconds

Avg val. time: 0.0 hours, 0.0 minutes, 0.02887432715472053 seconds
Avg batch val. time: 0.0072185817886801324 seconds
Avg sample val. time: 0.0009314299082167913 seconds
Epoch 30 Validation Summary: epoch: 30.000000 | loss: 2.682636 | accuracy: 0.419355 | precision: 0.452395 | 
Epoch 31 Training Summary: epoch: 31.000000 | loss: 0.404323 | 
Epoch runtime: 0.0 hours, 0.0 minutes, 0.36268138885498047 seconds

Avg epoch train. time: 0.0 hours, 0.0 minutes, 0.35981767408309445 seconds
Avg batch train. time: 0.010582872767149837 seconds
Avg sample train. time: 0.0013277404947715662 seconds
Epoch 32 Training Summary: epoch: 32.000000 | loss: 0.356866 | 
Epoch runtime: 0.0 hours, 0.0 minutes, 0.3744637966156006 seconds

Avg epoch train. time: 0.0 hours, 0.0 minutes, 0.36027536541223526 seconds
Avg batch train. time: 0.010596334276830448 seconds
Avg sample train. time: 0.0013294293926650747 seconds
Evaluating on validation set ...
Validation runtime: 0.0 hours, 0.0 minutes, 0.016798973083496094 seconds

Avg val. time: 0.0 hours, 0.0 minutes, 0.028203474150763616 seconds
Avg batch val. time: 0.007050868537690904 seconds
Avg sample val. time: 0.0009097894887343102 seconds
Epoch 32 Validation Summary: epoch: 32.000000 | loss: 3.028728 | accuracy: 0.387097 | precision: 0.439171 | 
Epoch 33 Training Summary: epoch: 33.000000 | loss: 0.417457 | 
Epoch runtime: 0.0 hours, 0.0 minutes, 0.3766019344329834 seconds

Avg epoch train. time: 0.0 hours, 0.0 minutes, 0.3607701099280155 seconds
Avg batch train. time: 0.010610885586118102 seconds
Avg sample train. time: 0.001331255018184559 seconds
Epoch 34 Training Summary: epoch: 34.000000 | loss: 0.332504 | 
Epoch runtime: 0.0 hours, 0.0 minutes, 0.3662846088409424 seconds

Avg epoch train. time: 0.0 hours, 0.0 minutes, 0.36093230107251334 seconds
Avg batch train. time: 0.01061565591389745 seconds
Avg sample train. time: 0.0013318535094926692 seconds
Evaluating on validation set ...
Validation runtime: 0.0 hours, 0.0 minutes, 0.017323970794677734 seconds

Avg val. time: 0.0 hours, 0.0 minutes, 0.027630868710969623 seconds
Avg batch val. time: 0.006907717177742406 seconds
Avg sample val. time: 0.0008913183455151491 seconds
Epoch 34 Validation Summary: epoch: 34.000000 | loss: 2.703403 | accuracy: 0.387097 | precision: 0.410794 | 
Epoch 35 Training Summary: epoch: 35.000000 | loss: 0.319244 | 
Epoch runtime: 0.0 hours, 0.0 minutes, 0.36461472511291504 seconds

Avg epoch train. time: 0.0 hours, 0.0 minutes, 0.3610375131879534 seconds
Avg batch train. time: 0.010618750387880982 seconds
Avg sample train. time: 0.0013322417460810089 seconds
Epoch 36 Training Summary: epoch: 36.000000 | loss: 0.422815 | 
Epoch runtime: 0.0 hours, 0.0 minutes, 0.349334716796875 seconds

Avg epoch train. time: 0.0 hours, 0.0 minutes, 0.3607124355104234 seconds
Avg batch train. time: 0.010609189279718337 seconds
Avg sample train. time: 0.001331042197455437 seconds
Evaluating on validation set ...
Validation runtime: 0.0 hours, 0.0 minutes, 0.016713380813598633 seconds

Avg val. time: 0.0 hours, 0.0 minutes, 0.027084994316101074 seconds
Avg batch val. time: 0.006771248579025268 seconds
Avg sample val. time: 0.0008737094940677766 seconds
Epoch 36 Validation Summary: epoch: 36.000000 | loss: 3.446482 | accuracy: 0.387097 | precision: 0.387634 | 
Epoch 37 Training Summary: epoch: 37.000000 | loss: 0.263096 | 
Epoch runtime: 0.0 hours, 0.0 minutes, 0.34998321533203125 seconds

Avg epoch train. time: 0.0 hours, 0.0 minutes, 0.3604224565866831 seconds
Avg batch train. time: 0.010600660487843621 seconds
Avg sample train. time: 0.001329972164526506 seconds
Epoch 38 Training Summary: epoch: 38.000000 | loss: 0.269670 | 
Epoch runtime: 0.0 hours, 0.0 minutes, 0.3578834533691406 seconds

Avg epoch train. time: 0.0 hours, 0.0 minutes, 0.3603556407125373 seconds
Avg batch train. time: 0.010598695315074626 seconds
Avg sample train. time: 0.0013297256114853774 seconds
Evaluating on validation set ...
Validation runtime: 0.0 hours, 0.0 minutes, 0.01596379280090332 seconds

Avg val. time: 0.0 hours, 0.0 minutes, 0.026555413291567846 seconds
Avg batch val. time: 0.0066388533228919615 seconds
Avg sample val. time: 0.000856626235211866 seconds
Epoch 38 Validation Summary: epoch: 38.000000 | loss: 2.592266 | accuracy: 0.419355 | precision: 0.431818 | 
Epoch 39 Training Summary: epoch: 39.000000 | loss: 0.251192 | 
Epoch runtime: 0.0 hours, 0.0 minutes, 0.36493682861328125 seconds

Avg epoch train. time: 0.0 hours, 0.0 minutes, 0.36047310706896657 seconds
Avg batch train. time: 0.010602150207910782 seconds
Avg sample train. time: 0.0013301590666751535 seconds
Epoch 40 Training Summary: epoch: 40.000000 | loss: 0.348251 | 
Epoch runtime: 0.0 hours, 0.0 minutes, 0.3671109676361084 seconds

Avg epoch train. time: 0.0 hours, 0.0 minutes, 0.36063905358314513 seconds
Avg batch train. time: 0.010607030987739562 seconds
Avg sample train. time: 0.0013307714154359598 seconds
Evaluating on validation set ...
Validation runtime: 0.0 hours, 0.0 minutes, 0.015912294387817383 seconds

Avg val. time: 0.0 hours, 0.0 minutes, 0.02607163515957919 seconds
Avg batch val. time: 0.006517908789894797 seconds
Avg sample val. time: 0.0008410204890186836 seconds
Epoch 40 Validation Summary: epoch: 40.000000 | loss: 2.910002 | accuracy: 0.483871 | precision: 0.545161 | 
Best accuracy was 0.4838709677419355. Other metrics: OrderedDict([('epoch', 22), ('loss', 2.3884807402087795), ('accuracy', 0.4838709677419355), ('precision', 0.4811339198435972)])
All Done!
Total runtime: 0.0 hours, 0.0 minutes, 24.553314924240112 seconds

