Running:
src/main_crosssetting.py --output_dir experiments --target_user ZeyuZoom --user_othersetting Zeyu --comment classification from Scratch --name VRS_fromScratch --records_file VRS_records.xls --data_dir /mnt/d/OneDrive - Southern Methodist University/Phone_Privacy/input_feature/opticalflow_22_downsample_480p_s22 --test_data_dir /mnt/d/OneDrive - Southern Methodist University/Phone_Privacy/input_feature/opticalflow_22_downsample_480p_s22 --data_class vrs --val_ratio 0.1 --epochs 40 --lr 0.001 --dropout 0.2 --batch_size 8 --num_layers 3 --num_heads 4 --optimizer RAdam --pos_encoding learnable --task classification --normalization none --key_metric accuracy

Using device: cuda
Loading and preprocessing data ...
67 samples may be used for training
8 samples will be used for validation
0 samples will be used for testing
Creating model ...
Model:
TSTransformerEncoderClassiregressor(
  (project_inp): Linear(in_features=8, out_features=64, bias=True)
  (pos_enc): LearnablePositionalEncoding(
    (dropout): Dropout(p=0.2, inplace=False)
  )
  (transformer_encoder): TransformerEncoder(
    (layers): ModuleList(
      (0-2): 3 x TransformerBatchNormEncoderLayer(
        (self_attn): MultiheadAttention(
          (out_proj): NonDynamicallyQuantizableLinear(in_features=64, out_features=64, bias=True)
        )
        (linear1): Linear(in_features=64, out_features=256, bias=True)
        (dropout): Dropout(p=0.2, inplace=False)
        (linear2): Linear(in_features=256, out_features=64, bias=True)
        (norm1): BatchNorm1d(64, eps=1e-05, momentum=0.1, affine=True, track_running_stats=True)
        (norm2): BatchNorm1d(64, eps=1e-05, momentum=0.1, affine=True, track_running_stats=True)
        (dropout1): Dropout(p=0.2, inplace=False)
        (dropout2): Dropout(p=0.2, inplace=False)
      )
    )
  )
  (dropout1): Dropout(p=0.2, inplace=False)
  (output_layer): Linear(in_features=5120, out_features=5, bias=True)
)
Total number of parameters: 181253
Trainable parameters: 181253
Evaluating on validation set ...
Validation runtime: 0.0 hours, 0.0 minutes, 0.18338561058044434 seconds

Avg val. time: 0.0 hours, 0.0 minutes, 0.18338561058044434 seconds
Avg batch val. time: 0.18338561058044434 seconds
Avg sample val. time: 0.022923201322555542 seconds
Epoch 0 Validation Summary: epoch: 0.000000 | loss: 4.226171 | accuracy: 0.125000 | precision: 0.083333 | 
Starting training...
Epoch 1 Training Summary: epoch: 1.000000 | loss: 1.712210 | 
Epoch runtime: 0.0 hours, 0.0 minutes, 0.21205687522888184 seconds

Avg epoch train. time: 0.0 hours, 0.0 minutes, 0.21205687522888184 seconds
Avg batch train. time: 0.023561875025431316 seconds
Avg sample train. time: 0.0031650279884907736 seconds
Evaluating on validation set ...
Validation runtime: 0.0 hours, 0.0 minutes, 0.006378173828125 seconds

Avg val. time: 0.0 hours, 0.0 minutes, 0.09488189220428467 seconds
Avg batch val. time: 0.09488189220428467 seconds
Avg sample val. time: 0.011860236525535583 seconds
Epoch 1 Validation Summary: epoch: 1.000000 | loss: 1.777091 | accuracy: 0.125000 | precision: 0.111111 | 
Epoch 2 Training Summary: epoch: 2.000000 | loss: 1.661418 | 
Epoch runtime: 0.0 hours, 0.0 minutes, 0.0879964828491211 seconds

Avg epoch train. time: 0.0 hours, 0.0 minutes, 0.15002667903900146 seconds
Avg batch train. time: 0.016669631004333496 seconds
Avg sample train. time: 0.002239204164761216 seconds
Evaluating on validation set ...
Validation runtime: 0.0 hours, 0.0 minutes, 0.0059108734130859375 seconds

Avg val. time: 0.0 hours, 0.0 minutes, 0.06522488594055176 seconds
Avg batch val. time: 0.06522488594055176 seconds
Avg sample val. time: 0.00815311074256897 seconds
Epoch 2 Validation Summary: epoch: 2.000000 | loss: 1.711023 | accuracy: 0.250000 | precision: 0.229167 | 
Epoch 3 Training Summary: epoch: 3.000000 | loss: 1.570472 | 
Epoch runtime: 0.0 hours, 0.0 minutes, 0.08593368530273438 seconds

Avg epoch train. time: 0.0 hours, 0.0 minutes, 0.1286623477935791 seconds
Avg batch train. time: 0.014295816421508789 seconds
Avg sample train. time: 0.001920333549157897 seconds
Epoch 4 Training Summary: epoch: 4.000000 | loss: 1.556934 | 
Epoch runtime: 0.0 hours, 0.0 minutes, 0.08132815361022949 seconds

Avg epoch train. time: 0.0 hours, 0.0 minutes, 0.1168287992477417 seconds
Avg batch train. time: 0.012980977694193522 seconds
Avg sample train. time: 0.001743713421608085 seconds
Evaluating on validation set ...
Validation runtime: 0.0 hours, 0.0 minutes, 0.006493806838989258 seconds

Avg val. time: 0.0 hours, 0.0 minutes, 0.05054211616516113 seconds
Avg batch val. time: 0.05054211616516113 seconds
Avg sample val. time: 0.006317764520645142 seconds
Epoch 4 Validation Summary: epoch: 4.000000 | loss: 1.655072 | accuracy: 0.375000 | precision: 0.375000 | 
Epoch 5 Training Summary: epoch: 5.000000 | loss: 1.540375 | 
Epoch runtime: 0.0 hours, 0.0 minutes, 0.08574938774108887 seconds

Avg epoch train. time: 0.0 hours, 0.0 minutes, 0.11061291694641114 seconds
Avg batch train. time: 0.012290324105156793 seconds
Avg sample train. time: 0.0016509390589016586 seconds
Epoch 6 Training Summary: epoch: 6.000000 | loss: 1.448606 | 
Epoch runtime: 0.0 hours, 0.0 minutes, 0.08621048927307129 seconds

Avg epoch train. time: 0.0 hours, 0.0 minutes, 0.10654584566752116 seconds
Avg batch train. time: 0.01183842729639124 seconds
Avg sample train. time: 0.001590236502500316 seconds
Evaluating on validation set ...
Validation runtime: 0.0 hours, 0.0 minutes, 0.005603790283203125 seconds

Avg val. time: 0.0 hours, 0.0 minutes, 0.04155445098876953 seconds
Avg batch val. time: 0.04155445098876953 seconds
Avg sample val. time: 0.005194306373596191 seconds
Epoch 6 Validation Summary: epoch: 6.000000 | loss: 1.647883 | accuracy: 0.375000 | precision: 0.479167 | 
Epoch 7 Training Summary: epoch: 7.000000 | loss: 1.367255 | 
Epoch runtime: 0.0 hours, 0.0 minutes, 0.0828254222869873 seconds

Avg epoch train. time: 0.0 hours, 0.0 minutes, 0.10315721375601632 seconds
Avg batch train. time: 0.011461912639557368 seconds
Avg sample train. time: 0.0015396599068062137 seconds
Epoch 8 Training Summary: epoch: 8.000000 | loss: 1.320018 | 
Epoch runtime: 0.0 hours, 0.0 minutes, 0.08404898643493652 seconds

Avg epoch train. time: 0.0 hours, 0.0 minutes, 0.10076868534088135 seconds
Avg batch train. time: 0.01119652059343126 seconds
Avg sample train. time: 0.0015040102289683784 seconds
Evaluating on validation set ...
Validation runtime: 0.0 hours, 0.0 minutes, 0.00608372688293457 seconds

Avg val. time: 0.0 hours, 0.0 minutes, 0.035642663637797035 seconds
Avg batch val. time: 0.035642663637797035 seconds
Avg sample val. time: 0.004455332954724629 seconds
Epoch 8 Validation Summary: epoch: 8.000000 | loss: 1.595533 | accuracy: 0.375000 | precision: 0.479167 | 
Epoch 9 Training Summary: epoch: 9.000000 | loss: 1.189466 | 
Epoch runtime: 0.0 hours, 0.0 minutes, 0.08672165870666504 seconds

Avg epoch train. time: 0.0 hours, 0.0 minutes, 0.0992079046037462 seconds
Avg batch train. time: 0.011023100511527356 seconds
Avg sample train. time: 0.0014807149940857642 seconds
Epoch 10 Training Summary: epoch: 10.000000 | loss: 1.226629 | 
Epoch runtime: 0.0 hours, 0.0 minutes, 0.08583378791809082 seconds

Avg epoch train. time: 0.0 hours, 0.0 minutes, 0.09787049293518066 seconds
Avg batch train. time: 0.010874499215020074 seconds
Avg sample train. time: 0.0014607536258982189 seconds
Evaluating on validation set ...
Validation runtime: 0.0 hours, 0.0 minutes, 0.006455421447753906 seconds

Avg val. time: 0.0 hours, 0.0 minutes, 0.03147305761064802 seconds
Avg batch val. time: 0.03147305761064802 seconds
Avg sample val. time: 0.003934132201331002 seconds
Epoch 10 Validation Summary: epoch: 10.000000 | loss: 1.541723 | accuracy: 0.375000 | precision: 0.361111 | 
Epoch 11 Training Summary: epoch: 11.000000 | loss: 1.160245 | 
Epoch runtime: 0.0 hours, 0.0 minutes, 0.08197975158691406 seconds

Avg epoch train. time: 0.0 hours, 0.0 minutes, 0.09642588008533824 seconds
Avg batch train. time: 0.010713986676148694 seconds
Avg sample train. time: 0.0014391922400796753 seconds
Epoch 12 Training Summary: epoch: 12.000000 | loss: 1.085745 | 
Epoch runtime: 0.0 hours, 0.0 minutes, 0.0900125503540039 seconds

Avg epoch train. time: 0.0 hours, 0.0 minutes, 0.09589143594106038 seconds
Avg batch train. time: 0.010654603993451153 seconds
Avg sample train. time: 0.0014312154618068714 seconds
Evaluating on validation set ...
Validation runtime: 0.0 hours, 0.0 minutes, 0.006150960922241211 seconds

Avg val. time: 0.0 hours, 0.0 minutes, 0.028307795524597168 seconds
Avg batch val. time: 0.028307795524597168 seconds
Avg sample val. time: 0.003538474440574646 seconds
Epoch 12 Validation Summary: epoch: 12.000000 | loss: 1.553274 | accuracy: 0.375000 | precision: 0.333333 | 
Epoch 13 Training Summary: epoch: 13.000000 | loss: 0.977197 | 
Epoch runtime: 0.0 hours, 0.0 minutes, 0.0850517749786377 seconds

Avg epoch train. time: 0.0 hours, 0.0 minutes, 0.09505761586702786 seconds
Avg batch train. time: 0.010561957318558652 seconds
Avg sample train. time: 0.0014187703860750428 seconds
Epoch 14 Training Summary: epoch: 14.000000 | loss: 1.017124 | 
Epoch runtime: 0.0 hours, 0.0 minutes, 0.07934737205505371 seconds

Avg epoch train. time: 0.0 hours, 0.0 minutes, 0.093935455594744 seconds
Avg batch train. time: 0.010437272843860444 seconds
Avg sample train. time: 0.0014020217252946865 seconds
Evaluating on validation set ...
Validation runtime: 0.0 hours, 0.0 minutes, 0.0060422420501708984 seconds

Avg val. time: 0.0 hours, 0.0 minutes, 0.025833845138549805 seconds
Avg batch val. time: 0.025833845138549805 seconds
Avg sample val. time: 0.0032292306423187256 seconds
Epoch 14 Validation Summary: epoch: 14.000000 | loss: 1.483416 | accuracy: 0.375000 | precision: 0.361111 | 
Epoch 15 Training Summary: epoch: 15.000000 | loss: 0.901013 | 
Epoch runtime: 0.0 hours, 0.0 minutes, 0.08577299118041992 seconds

Avg epoch train. time: 0.0 hours, 0.0 minutes, 0.09339129130045573 seconds
Avg batch train. time: 0.010376810144495081 seconds
Avg sample train. time: 0.0013938998701560556 seconds
Epoch 16 Training Summary: epoch: 16.000000 | loss: 0.883752 | 
Epoch runtime: 0.0 hours, 0.0 minutes, 0.07634687423706055 seconds

Avg epoch train. time: 0.0 hours, 0.0 minutes, 0.09232601523399353 seconds
Avg batch train. time: 0.010258446137110392 seconds
Avg sample train. time: 0.0013780002273730378 seconds
Evaluating on validation set ...
Validation runtime: 0.0 hours, 0.0 minutes, 0.00674748420715332 seconds

Avg val. time: 0.0 hours, 0.0 minutes, 0.023925209045410158 seconds
Avg batch val. time: 0.023925209045410158 seconds
Avg sample val. time: 0.0029906511306762697 seconds
Epoch 16 Validation Summary: epoch: 16.000000 | loss: 1.511204 | accuracy: 0.375000 | precision: 0.333333 | 
Epoch 17 Training Summary: epoch: 17.000000 | loss: 0.856342 | 
Epoch runtime: 0.0 hours, 0.0 minutes, 0.09733390808105469 seconds

Avg epoch train. time: 0.0 hours, 0.0 minutes, 0.0926205971661736 seconds
Avg batch train. time: 0.010291177462908177 seconds
Avg sample train. time: 0.0013823969726294567 seconds
Epoch 18 Training Summary: epoch: 18.000000 | loss: 0.815416 | 
Epoch runtime: 0.0 hours, 0.0 minutes, 0.08423161506652832 seconds

Avg epoch train. time: 0.0 hours, 0.0 minutes, 0.0921545426050822 seconds
Avg batch train. time: 0.010239393622786912 seconds
Avg sample train. time: 0.001375440934404212 seconds
Evaluating on validation set ...
Validation runtime: 0.0 hours, 0.0 minutes, 0.008558034896850586 seconds

Avg val. time: 0.0 hours, 0.0 minutes, 0.022528193213722923 seconds
Avg batch val. time: 0.022528193213722923 seconds
Avg sample val. time: 0.0028160241517153654 seconds
Epoch 18 Validation Summary: epoch: 18.000000 | loss: 1.548154 | accuracy: 0.375000 | precision: 0.333333 | 
Epoch 19 Training Summary: epoch: 19.000000 | loss: 0.715798 | 
Epoch runtime: 0.0 hours, 0.0 minutes, 0.08780789375305176 seconds

Avg epoch train. time: 0.0 hours, 0.0 minutes, 0.09192577161287006 seconds
Avg batch train. time: 0.01021397462365223 seconds
Avg sample train. time: 0.0013720264419831354 seconds
Epoch 20 Training Summary: epoch: 20.000000 | loss: 0.659127 | 
Epoch runtime: 0.0 hours, 0.0 minutes, 0.0761115550994873 seconds

Avg epoch train. time: 0.0 hours, 0.0 minutes, 0.09113506078720093 seconds
Avg batch train. time: 0.010126117865244548 seconds
Avg sample train. time: 0.0013602247878686706 seconds
Evaluating on validation set ...
Validation runtime: 0.0 hours, 0.0 minutes, 0.006826877593994141 seconds

Avg val. time: 0.0 hours, 0.0 minutes, 0.02121975024541219 seconds
Avg batch val. time: 0.02121975024541219 seconds
Avg sample val. time: 0.0026524687806765237 seconds
Epoch 20 Validation Summary: epoch: 20.000000 | loss: 1.494222 | accuracy: 0.250000 | precision: 0.208333 | 
Epoch 21 Training Summary: epoch: 21.000000 | loss: 0.555203 | 
Epoch runtime: 0.0 hours, 0.0 minutes, 0.07343816757202148 seconds

Avg epoch train. time: 0.0 hours, 0.0 minutes, 0.0902923515864781 seconds
Avg batch train. time: 0.010032483509608676 seconds
Avg sample train. time: 0.0013476470386041507 seconds
Epoch 22 Training Summary: epoch: 22.000000 | loss: 0.563078 | 
Epoch runtime: 0.0 hours, 0.0 minutes, 0.08844304084777832 seconds

Avg epoch train. time: 0.0 hours, 0.0 minutes, 0.09020829200744629 seconds
Avg batch train. time: 0.01002314355638292 seconds
Avg sample train. time: 0.0013463924180215864 seconds
Evaluating on validation set ...
Validation runtime: 0.0 hours, 0.0 minutes, 0.0057888031005859375 seconds

Avg val. time: 0.0 hours, 0.0 minutes, 0.020032754311194785 seconds
Avg batch val. time: 0.020032754311194785 seconds
Avg sample val. time: 0.002504094288899348 seconds
Epoch 22 Validation Summary: epoch: 22.000000 | loss: 1.694833 | accuracy: 0.375000 | precision: 0.479167 | 
Epoch 23 Training Summary: epoch: 23.000000 | loss: 0.629270 | 
Epoch runtime: 0.0 hours, 0.0 minutes, 0.07491731643676758 seconds

Avg epoch train. time: 0.0 hours, 0.0 minutes, 0.08954346698263417 seconds
Avg batch train. time: 0.009949274109181575 seconds
Avg sample train. time: 0.0013364696564572263 seconds
Epoch 24 Training Summary: epoch: 24.000000 | loss: 0.541449 | 
Epoch runtime: 0.0 hours, 0.0 minutes, 0.07478523254394531 seconds

Avg epoch train. time: 0.0 hours, 0.0 minutes, 0.0889285405476888 seconds
Avg batch train. time: 0.0098809489497432 seconds
Avg sample train. time: 0.0013272916499655044 seconds
Evaluating on validation set ...
Validation runtime: 0.0 hours, 0.0 minutes, 0.0052890777587890625 seconds

Avg val. time: 0.0 hours, 0.0 minutes, 0.01897963455745152 seconds
Avg batch val. time: 0.01897963455745152 seconds
Avg sample val. time: 0.00237245431968144 seconds
Epoch 24 Validation Summary: epoch: 24.000000 | loss: 1.704934 | accuracy: 0.250000 | precision: 0.277778 | 
Epoch 25 Training Summary: epoch: 25.000000 | loss: 0.458650 | 
Epoch runtime: 0.0 hours, 0.0 minutes, 0.07947492599487305 seconds

Avg epoch train. time: 0.0 hours, 0.0 minutes, 0.08855039596557618 seconds
Avg batch train. time: 0.00983893288506402 seconds
Avg sample train. time: 0.001321647700978749 seconds
Epoch 26 Training Summary: epoch: 26.000000 | loss: 0.433412 | 
Epoch runtime: 0.0 hours, 0.0 minutes, 0.07659268379211426 seconds

Avg epoch train. time: 0.0 hours, 0.0 minutes, 0.08809048395890456 seconds
Avg batch train. time: 0.009787831550989397 seconds
Avg sample train. time: 0.0013147833426702174 seconds
Evaluating on validation set ...
Validation runtime: 0.0 hours, 0.0 minutes, 0.0060427188873291016 seconds

Avg val. time: 0.0 hours, 0.0 minutes, 0.018117173512776693 seconds
Avg batch val. time: 0.018117173512776693 seconds
Avg sample val. time: 0.0022646466890970866 seconds
Epoch 26 Validation Summary: epoch: 26.000000 | loss: 1.701328 | accuracy: 0.250000 | precision: 0.194444 | 
Epoch 27 Training Summary: epoch: 27.000000 | loss: 0.336327 | 
Epoch runtime: 0.0 hours, 0.0 minutes, 0.0736684799194336 seconds

Avg epoch train. time: 0.0 hours, 0.0 minutes, 0.08755633566114637 seconds
Avg batch train. time: 0.009728481740127375 seconds
Avg sample train. time: 0.00130681098001711 seconds
Epoch 28 Training Summary: epoch: 28.000000 | loss: 0.357506 | 
Epoch runtime: 0.0 hours, 0.0 minutes, 0.07994937896728516 seconds

Avg epoch train. time: 0.0 hours, 0.0 minutes, 0.08728465863636561 seconds
Avg batch train. time: 0.009698295404040623 seconds
Avg sample train. time: 0.001302756099050233 seconds
Evaluating on validation set ...
Validation runtime: 0.0 hours, 0.0 minutes, 0.006482362747192383 seconds

Avg val. time: 0.0 hours, 0.0 minutes, 0.017389997839927673 seconds
Avg batch val. time: 0.017389997839927673 seconds
Avg sample val. time: 0.002173749729990959 seconds
Epoch 28 Validation Summary: epoch: 28.000000 | loss: 1.563012 | accuracy: 0.375000 | precision: 0.444444 | 
Epoch 29 Training Summary: epoch: 29.000000 | loss: 0.285653 | 
Epoch runtime: 0.0 hours, 0.0 minutes, 0.0774538516998291 seconds

Avg epoch train. time: 0.0 hours, 0.0 minutes, 0.08694566529372642 seconds
Avg batch train. time: 0.009660629477080714 seconds
Avg sample train. time: 0.0012976964969212898 seconds
Epoch 30 Training Summary: epoch: 30.000000 | loss: 0.274755 | 
Epoch runtime: 0.0 hours, 0.0 minutes, 0.08075261116027832 seconds

Avg epoch train. time: 0.0 hours, 0.0 minutes, 0.08673923015594483 seconds
Avg batch train. time: 0.009637692239549425 seconds
Avg sample train. time: 0.001294615375461863 seconds
Evaluating on validation set ...
Validation runtime: 0.0 hours, 0.0 minutes, 0.00652766227722168 seconds

Avg val. time: 0.0 hours, 0.0 minutes, 0.01675103692447438 seconds
Avg batch val. time: 0.01675103692447438 seconds
Avg sample val. time: 0.0020938796155592974 seconds
Epoch 30 Validation Summary: epoch: 30.000000 | loss: 1.758735 | accuracy: 0.250000 | precision: 0.208333 | 
Epoch 31 Training Summary: epoch: 31.000000 | loss: 0.264414 | 
Epoch runtime: 0.0 hours, 0.0 minutes, 0.08016037940979004 seconds

Avg epoch train. time: 0.0 hours, 0.0 minutes, 0.08652700916413338 seconds
Avg batch train. time: 0.009614112129348153 seconds
Avg sample train. time: 0.0012914478979721398 seconds
Epoch 32 Training Summary: epoch: 32.000000 | loss: 0.289413 | 
Epoch runtime: 0.0 hours, 0.0 minutes, 0.07946634292602539 seconds

Avg epoch train. time: 0.0 hours, 0.0 minutes, 0.0863063633441925 seconds
Avg batch train. time: 0.0095895959271325 seconds
Avg sample train. time: 0.0012881546767789926 seconds
Evaluating on validation set ...
Validation runtime: 0.0 hours, 0.0 minutes, 0.005761623382568359 seconds

Avg val. time: 0.0 hours, 0.0 minutes, 0.016140513949924044 seconds
Avg batch val. time: 0.016140513949924044 seconds
Avg sample val. time: 0.0020175642437405055 seconds
Epoch 32 Validation Summary: epoch: 32.000000 | loss: 1.943733 | accuracy: 0.250000 | precision: 0.194444 | 
Epoch 33 Training Summary: epoch: 33.000000 | loss: 0.263598 | 
Epoch runtime: 0.0 hours, 0.0 minutes, 0.08239936828613281 seconds

Avg epoch train. time: 0.0 hours, 0.0 minutes, 0.08618796955455434 seconds
Avg batch train. time: 0.009576441061617149 seconds
Avg sample train. time: 0.0012863876052918559 seconds
Epoch 34 Training Summary: epoch: 34.000000 | loss: 0.190030 | 
Epoch runtime: 0.0 hours, 0.0 minutes, 0.07926082611083984 seconds

Avg epoch train. time: 0.0 hours, 0.0 minutes, 0.0859842300415039 seconds
Avg batch train. time: 0.009553803337944878 seconds
Avg sample train. time: 0.0012833467170373716 seconds
Evaluating on validation set ...
Validation runtime: 0.0 hours, 0.0 minutes, 0.005724430084228516 seconds

Avg val. time: 0.0 hours, 0.0 minutes, 0.015592299009624281 seconds
Avg batch val. time: 0.015592299009624281 seconds
Avg sample val. time: 0.0019490373762030351 seconds
Epoch 34 Validation Summary: epoch: 34.000000 | loss: 1.857789 | accuracy: 0.250000 | precision: 0.194444 | 
Epoch 35 Training Summary: epoch: 35.000000 | loss: 0.161372 | 
Epoch runtime: 0.0 hours, 0.0 minutes, 0.08773016929626465 seconds

Avg epoch train. time: 0.0 hours, 0.0 minutes, 0.08603411402021136 seconds
Avg batch train. time: 0.009559346002245707 seconds
Avg sample train. time: 0.0012840912540330054 seconds
Epoch 36 Training Summary: epoch: 36.000000 | loss: 0.130599 | 
Epoch runtime: 0.0 hours, 0.0 minutes, 0.07792448997497559 seconds

Avg epoch train. time: 0.0 hours, 0.0 minutes, 0.08580884668562147 seconds
Avg batch train. time: 0.009534316298402385 seconds
Avg sample train. time: 0.0012807290550092758 seconds
Evaluating on validation set ...
Validation runtime: 0.0 hours, 0.0 minutes, 0.006808757781982422 seconds

Avg val. time: 0.0 hours, 0.0 minutes, 0.015153121948242188 seconds
Avg batch val. time: 0.015153121948242188 seconds
Avg sample val. time: 0.0018941402435302735 seconds
Epoch 36 Validation Summary: epoch: 36.000000 | loss: 2.100916 | accuracy: 0.250000 | precision: 0.194444 | 
Epoch 37 Training Summary: epoch: 37.000000 | loss: 0.134533 | 
Epoch runtime: 0.0 hours, 0.0 minutes, 0.08457398414611816 seconds

Avg epoch train. time: 0.0 hours, 0.0 minutes, 0.08577547202239165 seconds
Avg batch train. time: 0.00953060800248796 seconds
Avg sample train. time: 0.001280230925707338 seconds
Epoch 38 Training Summary: epoch: 38.000000 | loss: 0.104077 | 
Epoch runtime: 0.0 hours, 0.0 minutes, 0.08262395858764648 seconds

Avg epoch train. time: 0.0 hours, 0.0 minutes, 0.08569253745831941 seconds
Avg batch train. time: 0.009521393050924379 seconds
Avg sample train. time: 0.001278993096392827 seconds
Evaluating on validation set ...
Validation runtime: 0.0 hours, 0.0 minutes, 0.006550788879394531 seconds

Avg val. time: 0.0 hours, 0.0 minutes, 0.014743487040201822 seconds
Avg batch val. time: 0.014743487040201822 seconds
Avg sample val. time: 0.0018429358800252278 seconds
Epoch 38 Validation Summary: epoch: 38.000000 | loss: 2.399979 | accuracy: 0.250000 | precision: 0.194444 | 
Epoch 39 Training Summary: epoch: 39.000000 | loss: 0.092357 | 
Epoch runtime: 0.0 hours, 0.0 minutes, 0.12023138999938965 seconds

Avg epoch train. time: 0.0 hours, 0.0 minutes, 0.0865781490619366 seconds
Avg batch train. time: 0.009619794340215178 seconds
Avg sample train. time: 0.0012922111800289045 seconds
Epoch 40 Training Summary: epoch: 40.000000 | loss: 0.115602 | 
Epoch runtime: 0.0 hours, 0.0 minutes, 0.08819746971130371 seconds

Avg epoch train. time: 0.0 hours, 0.0 minutes, 0.08661863207817078 seconds
Avg batch train. time: 0.009624292453130087 seconds
Avg sample train. time: 0.0012928154041518026 seconds
Evaluating on validation set ...
Validation runtime: 0.0 hours, 0.0 minutes, 0.0062830448150634766 seconds

Avg val. time: 0.0 hours, 0.0 minutes, 0.014358921484513716 seconds
Avg batch val. time: 0.014358921484513716 seconds
Avg sample val. time: 0.0017948651855642145 seconds
Epoch 40 Validation Summary: epoch: 40.000000 | loss: 2.442700 | accuracy: 0.250000 | precision: 0.166667 | 
Best accuracy was 0.375. Other metrics: OrderedDict([('epoch', 4), ('loss', 1.6550719738006592), ('accuracy', 0.375), ('precision', 0.375)])
All Done!
Total runtime: 0.0 hours, 0.0 minutes, 6.309080123901367 seconds

