Running:
src/main_5q.py --output_dir experiments --comment classification from Scratch --name VRS_fromScratch --records_file VRS_records.xls --data_dir /mnt/d/OneDrive - Southern Methodist University/Phone_Privacy/input_feature/opticalflow_44_downsample_480p_s22 --data_class vrs --val_ratio 0.1 --epochs 40 --lr 0.001 --dropout 0.2 --batch_size 8 --num_layers 3 --num_heads 4 --optimizer RAdam --pos_encoding learnable --task classification --normalization none --key_metric accuracy

Using device: cuda
Loading and preprocessing data ...
1011 samples may be used for training
113 samples will be used for validation
0 samples will be used for testing
Creating model ...
Model:
TSTransformerEncoderClassiregressor(
  (project_inp): Linear(in_features=32, out_features=64, bias=True)
  (pos_enc): LearnablePositionalEncoding(
    (dropout): Dropout(p=0.2, inplace=False)
  )
  (transformer_encoder): TransformerEncoder(
    (layers): ModuleList(
      (0-2): 3 x TransformerBatchNormEncoderLayer(
        (self_attn): MultiheadAttention(
          (out_proj): NonDynamicallyQuantizableLinear(in_features=64, out_features=64, bias=True)
        )
        (linear1): Linear(in_features=64, out_features=256, bias=True)
        (dropout): Dropout(p=0.2, inplace=False)
        (linear2): Linear(in_features=256, out_features=64, bias=True)
        (norm1): BatchNorm1d(64, eps=1e-05, momentum=0.1, affine=True, track_running_stats=True)
        (norm2): BatchNorm1d(64, eps=1e-05, momentum=0.1, affine=True, track_running_stats=True)
        (dropout1): Dropout(p=0.2, inplace=False)
        (dropout2): Dropout(p=0.2, inplace=False)
      )
    )
  )
  (dropout1): Dropout(p=0.2, inplace=False)
  (output_layer): Linear(in_features=5120, out_features=5, bias=True)
)
Total number of parameters: 182789
Trainable parameters: 182789
Evaluating on validation set ...
Validation runtime: 0.0 hours, 0.0 minutes, 0.39241647720336914 seconds

Avg val. time: 0.0 hours, 0.0 minutes, 0.39241647720336914 seconds
Avg batch val. time: 0.02616109848022461 seconds
Avg sample val. time: 0.003472712187640435 seconds
Epoch 0 Validation Summary: epoch: 0.000000 | loss: 4.428506 | accuracy: 0.176991 | precision: 0.155556 | 
Starting training...
Epoch 1 Training Summary: epoch: 1.000000 | loss: 1.668973 | 
Epoch runtime: 0.0 hours, 0.0 minutes, 2.847632884979248 seconds

Avg epoch train. time: 0.0 hours, 0.0 minutes, 2.847632884979248 seconds
Avg batch train. time: 0.02242230618093896 seconds
Avg sample train. time: 0.0028166497378627575 seconds
Evaluating on validation set ...
Validation runtime: 0.0 hours, 0.0 minutes, 0.07757401466369629 seconds

Avg val. time: 0.0 hours, 0.0 minutes, 0.23499524593353271 seconds
Avg batch val. time: 0.01566634972890218 seconds
Avg sample val. time: 0.002079603946314449 seconds
Epoch 1 Validation Summary: epoch: 1.000000 | loss: 1.635181 | accuracy: 0.247788 | precision: 0.472004 | 
Epoch 2 Training Summary: epoch: 2.000000 | loss: 1.597194 | 
Epoch runtime: 0.0 hours, 0.0 minutes, 2.5961341857910156 seconds

Avg epoch train. time: 0.0 hours, 0.0 minutes, 2.721883535385132 seconds
Avg batch train. time: 0.021432153821930172 seconds
Avg sample train. time: 0.0026922685809941957 seconds
Evaluating on validation set ...
Validation runtime: 0.0 hours, 0.0 minutes, 0.09183526039123535 seconds

Avg val. time: 0.0 hours, 0.0 minutes, 0.18727525075276694 seconds
Avg batch val. time: 0.012485016716851129 seconds
Avg sample val. time: 0.001657303104006787 seconds
Epoch 2 Validation Summary: epoch: 2.000000 | loss: 1.573284 | accuracy: 0.238938 | precision: 0.187931 | 
Epoch 3 Training Summary: epoch: 3.000000 | loss: 1.541429 | 
Epoch runtime: 0.0 hours, 0.0 minutes, 2.623047351837158 seconds

Avg epoch train. time: 0.0 hours, 0.0 minutes, 2.6889381408691406 seconds
Avg batch train. time: 0.021172741266686147 seconds
Avg sample train. time: 0.0026596816427983585 seconds
Epoch 4 Training Summary: epoch: 4.000000 | loss: 1.476975 | 
Epoch runtime: 0.0 hours, 0.0 minutes, 2.290785312652588 seconds

Avg epoch train. time: 0.0 hours, 0.0 minutes, 2.5893999338150024 seconds
Avg batch train. time: 0.020388975856811042 seconds
Avg sample train. time: 0.0025612264429426333 seconds
Evaluating on validation set ...
Validation runtime: 0.0 hours, 0.0 minutes, 0.06343221664428711 seconds

Avg val. time: 0.0 hours, 0.0 minutes, 0.15631449222564697 seconds
Avg batch val. time: 0.010420966148376464 seconds
Avg sample val. time: 0.001383314090492451 seconds
Epoch 4 Validation Summary: epoch: 4.000000 | loss: 1.501686 | accuracy: 0.256637 | precision: 0.257662 | 
Epoch 5 Training Summary: epoch: 5.000000 | loss: 1.429361 | 
Epoch runtime: 0.0 hours, 0.0 minutes, 1.6102025508880615 seconds

Avg epoch train. time: 0.0 hours, 0.0 minutes, 2.393560457229614 seconds
Avg batch train. time: 0.01884693273409145 seconds
Avg sample train. time: 0.002367517761849272 seconds
Epoch 6 Training Summary: epoch: 6.000000 | loss: 1.388969 | 
Epoch runtime: 0.0 hours, 0.0 minutes, 1.4990761280059814 seconds

Avg epoch train. time: 0.0 hours, 0.0 minutes, 2.2444797356923423 seconds
Avg batch train. time: 0.01767306878497907 seconds
Avg sample train. time: 0.002220059085749102 seconds
Evaluating on validation set ...
Validation runtime: 0.0 hours, 0.0 minutes, 0.04872703552246094 seconds

Avg val. time: 0.0 hours, 0.0 minutes, 0.13479700088500976 seconds
Avg batch val. time: 0.008986466725667318 seconds
Avg sample val. time: 0.0011928938131416792 seconds
Epoch 6 Validation Summary: epoch: 6.000000 | loss: 1.605804 | accuracy: 0.318584 | precision: 0.299673 | 
Epoch 7 Training Summary: epoch: 7.000000 | loss: 1.335791 | 
Epoch runtime: 0.0 hours, 0.0 minutes, 1.9839260578155518 seconds

Avg epoch train. time: 0.0 hours, 0.0 minutes, 2.2072577817099437 seconds
Avg batch train. time: 0.017379982533149162 seconds
Avg sample train. time: 0.0021832421184074615 seconds
Epoch 8 Training Summary: epoch: 8.000000 | loss: 1.269949 | 
Epoch runtime: 0.0 hours, 0.0 minutes, 2.6573996543884277 seconds

Avg epoch train. time: 0.0 hours, 0.0 minutes, 2.263525515794754 seconds
Avg batch train. time: 0.01782303555743901 seconds
Avg sample train. time: 0.0022388976417356617 seconds
Evaluating on validation set ...
Validation runtime: 0.0 hours, 0.0 minutes, 0.1018667221069336 seconds

Avg val. time: 0.0 hours, 0.0 minutes, 0.12930862108866373 seconds
Avg batch val. time: 0.008620574739244248 seconds
Avg sample val. time: 0.0011443240804306525 seconds
Epoch 8 Validation Summary: epoch: 8.000000 | loss: 1.868406 | accuracy: 0.283186 | precision: 0.308189 | 
Epoch 9 Training Summary: epoch: 9.000000 | loss: 1.243590 | 
Epoch runtime: 0.0 hours, 0.0 minutes, 2.6168127059936523 seconds

Avg epoch train. time: 0.0 hours, 0.0 minutes, 2.302779648039076 seconds
Avg batch train. time: 0.01813212321290611 seconds
Avg sample train. time: 0.002277724676596514 seconds
Epoch 10 Training Summary: epoch: 10.000000 | loss: 1.154867 | 
Epoch runtime: 0.0 hours, 0.0 minutes, 2.670722723007202 seconds

Avg epoch train. time: 0.0 hours, 0.0 minutes, 2.3395739555358888 seconds
Avg batch train. time: 0.01842184216957393 seconds
Avg sample train. time: 0.0023141186503816903 seconds
Evaluating on validation set ...
Validation runtime: 0.0 hours, 0.0 minutes, 0.07372212409973145 seconds

Avg val. time: 0.0 hours, 0.0 minutes, 0.1213676929473877 seconds
Avg batch val. time: 0.008091179529825847 seconds
Avg sample val. time: 0.0010740503800653778 seconds
Epoch 10 Validation Summary: epoch: 10.000000 | loss: 2.077562 | accuracy: 0.318584 | precision: 0.376836 | 
Epoch 11 Training Summary: epoch: 11.000000 | loss: 1.078028 | 
Epoch runtime: 0.0 hours, 0.0 minutes, 2.724008560180664 seconds

Avg epoch train. time: 0.0 hours, 0.0 minutes, 2.374522555958141 seconds
Avg batch train. time: 0.018697027999670403 seconds
Avg sample train. time: 0.002348686998969477 seconds
Epoch 12 Training Summary: epoch: 12.000000 | loss: 1.112497 | 
Epoch runtime: 0.0 hours, 0.0 minutes, 2.637488603591919 seconds

Avg epoch train. time: 0.0 hours, 0.0 minutes, 2.396436393260956 seconds
Avg batch train. time: 0.018869577899692565 seconds
Avg sample train. time: 0.0023703624067863065 seconds
Evaluating on validation set ...
Validation runtime: 0.0 hours, 0.0 minutes, 0.08824682235717773 seconds

Avg val. time: 0.0 hours, 0.0 minutes, 0.11722758412361145 seconds
Avg batch val. time: 0.00781517227490743 seconds
Avg sample val. time: 0.0010374122488815173 seconds
Epoch 12 Validation Summary: epoch: 12.000000 | loss: 1.802796 | accuracy: 0.300885 | precision: 0.295624 | 
Epoch 13 Training Summary: epoch: 13.000000 | loss: 1.059338 | 
Epoch runtime: 0.0 hours, 0.0 minutes, 2.5406618118286133 seconds

Avg epoch train. time: 0.0 hours, 0.0 minutes, 2.407530656227699 seconds
Avg batch train. time: 0.018956934301005503 seconds
Avg sample train. time: 0.002381335960660434 seconds
Epoch 14 Training Summary: epoch: 14.000000 | loss: 1.031958 | 
Epoch runtime: 0.0 hours, 0.0 minutes, 2.5422208309173584 seconds

Avg epoch train. time: 0.0 hours, 0.0 minutes, 2.417151382991246 seconds
Avg batch train. time: 0.01903268805504918 seconds
Avg sample train. time: 0.0023908520108716575 seconds
Evaluating on validation set ...
Validation runtime: 0.0 hours, 0.0 minutes, 0.07006144523620605 seconds

Avg val. time: 0.0 hours, 0.0 minutes, 0.11198690202501085 seconds
Avg batch val. time: 0.0074657934683340565 seconds
Avg sample val. time: 0.0009910345311947863 seconds
Epoch 14 Validation Summary: epoch: 14.000000 | loss: 1.970964 | accuracy: 0.318584 | precision: 0.310743 | 
Epoch 15 Training Summary: epoch: 15.000000 | loss: 1.024920 | 
Epoch runtime: 0.0 hours, 0.0 minutes, 2.588378429412842 seconds

Avg epoch train. time: 0.0 hours, 0.0 minutes, 2.4285665194193524 seconds
Avg batch train. time: 0.01912257101905002 seconds
Avg sample train. time: 0.0024021429470023267 seconds
Epoch 16 Training Summary: epoch: 16.000000 | loss: 0.972513 | 
Epoch runtime: 0.0 hours, 0.0 minutes, 2.602360963821411 seconds

Avg epoch train. time: 0.0 hours, 0.0 minutes, 2.439428672194481 seconds
Avg batch train. time: 0.019208099781058904 seconds
Avg sample train. time: 0.0024128869161171916 seconds
Evaluating on validation set ...
Validation runtime: 0.0 hours, 0.0 minutes, 0.08282661437988281 seconds

Avg val. time: 0.0 hours, 0.0 minutes, 0.10907087326049805 seconds
Avg batch val. time: 0.007271391550699871 seconds
Avg sample val. time: 0.0009652289669070624 seconds
Epoch 16 Validation Summary: epoch: 16.000000 | loss: 1.943523 | accuracy: 0.292035 | precision: 0.320759 | 
Epoch 17 Training Summary: epoch: 17.000000 | loss: 0.961004 | 
Epoch runtime: 0.0 hours, 0.0 minutes, 2.632598400115967 seconds

Avg epoch train. time: 0.0 hours, 0.0 minutes, 2.450791597366333 seconds
Avg batch train. time: 0.019297571632805773 seconds
Avg sample train. time: 0.0024241262090666004 seconds
Epoch 18 Training Summary: epoch: 18.000000 | loss: 0.894933 | 
Epoch runtime: 0.0 hours, 0.0 minutes, 2.6233928203582764 seconds

Avg epoch train. time: 0.0 hours, 0.0 minutes, 2.4603805541992188 seconds
Avg batch train. time: 0.019373075229915108 seconds
Avg sample train. time: 0.002433610835014064 seconds
Evaluating on validation set ...
Validation runtime: 0.0 hours, 0.0 minutes, 0.08132195472717285 seconds

Avg val. time: 0.0 hours, 0.0 minutes, 0.10654824430292303 seconds
Avg batch val. time: 0.007103216286861535 seconds
Avg sample val. time: 0.0009429048168400269 seconds
Epoch 18 Validation Summary: epoch: 18.000000 | loss: 2.013960 | accuracy: 0.327434 | precision: 0.337997 | 
Epoch 19 Training Summary: epoch: 19.000000 | loss: 0.864433 | 
Epoch runtime: 0.0 hours, 0.0 minutes, 2.579212188720703 seconds

Avg epoch train. time: 0.0 hours, 0.0 minutes, 2.466634850752981 seconds
Avg batch train. time: 0.019422321659472292 seconds
Avg sample train. time: 0.002439797082841722 seconds
Epoch 20 Training Summary: epoch: 20.000000 | loss: 0.845107 | 
Epoch runtime: 0.0 hours, 0.0 minutes, 2.5531742572784424 seconds

Avg epoch train. time: 0.0 hours, 0.0 minutes, 2.4709618210792543 seconds
Avg batch train. time: 0.019456392291962634 seconds
Avg sample train. time: 0.0024440769743612803 seconds
Evaluating on validation set ...
Validation runtime: 0.0 hours, 0.0 minutes, 0.07108139991760254 seconds

Avg val. time: 0.0 hours, 0.0 minutes, 0.10359267393747966 seconds
Avg batch val. time: 0.006906178262498644 seconds
Avg sample val. time: 0.0009167493268803509 seconds
Epoch 20 Validation Summary: epoch: 20.000000 | loss: 2.389470 | accuracy: 0.274336 | precision: 0.288335 | 
Epoch 21 Training Summary: epoch: 21.000000 | loss: 0.819785 | 
Epoch runtime: 0.0 hours, 0.0 minutes, 2.574660301208496 seconds

Avg epoch train. time: 0.0 hours, 0.0 minutes, 2.4758998439425515 seconds
Avg batch train. time: 0.019495274361752375 seconds
Avg sample train. time: 0.00244896126997285 seconds
Epoch 22 Training Summary: epoch: 22.000000 | loss: 0.807614 | 
Epoch runtime: 0.0 hours, 0.0 minutes, 2.5905139446258545 seconds

Avg epoch train. time: 0.0 hours, 0.0 minutes, 2.4811095757917925 seconds
Avg batch train. time: 0.01953629587237632 seconds
Avg sample train. time: 0.002454114318290596 seconds
Evaluating on validation set ...
Validation runtime: 0.0 hours, 0.0 minutes, 0.0796053409576416 seconds

Avg val. time: 0.0 hours, 0.0 minutes, 0.10174749447749211 seconds
Avg batch val. time: 0.006783166298499474 seconds
Avg sample val. time: 0.0009004203051105496 seconds
Epoch 22 Validation Summary: epoch: 22.000000 | loss: 2.281608 | accuracy: 0.327434 | precision: 0.342210 | 
Epoch 23 Training Summary: epoch: 23.000000 | loss: 0.769943 | 
Epoch runtime: 0.0 hours, 0.0 minutes, 2.5959320068359375 seconds

Avg epoch train. time: 0.0 hours, 0.0 minutes, 2.4861018554024072 seconds
Avg batch train. time: 0.019575605160648876 seconds
Avg sample train. time: 0.0024590522803188994 seconds
Epoch 24 Training Summary: epoch: 24.000000 | loss: 0.785378 | 
Epoch runtime: 0.0 hours, 0.0 minutes, 2.663084030151367 seconds

Avg epoch train. time: 0.0 hours, 0.0 minutes, 2.4934761126836142 seconds
Avg batch train. time: 0.019633670178611135 seconds
Avg sample train. time: 0.0024663463033467994 seconds
Evaluating on validation set ...
Validation runtime: 0.0 hours, 0.0 minutes, 0.07267928123474121 seconds

Avg val. time: 0.0 hours, 0.0 minutes, 0.09967119353158134 seconds
Avg batch val. time: 0.006644746235438756 seconds
Avg sample val. time: 0.000882045960456472 seconds
Epoch 24 Validation Summary: epoch: 24.000000 | loss: 2.287183 | accuracy: 0.230088 | precision: 0.197715 | 
Epoch 25 Training Summary: epoch: 25.000000 | loss: 0.766814 | 
Epoch runtime: 0.0 hours, 0.0 minutes, 2.070955514907837 seconds

Avg epoch train. time: 0.0 hours, 0.0 minutes, 2.476575288772583 seconds
Avg batch train. time: 0.01950059282498097 seconds
Avg sample train. time: 0.0024496293657493406 seconds
Epoch 26 Training Summary: epoch: 26.000000 | loss: 0.760608 | 
Epoch runtime: 0.0 hours, 0.0 minutes, 1.5721287727355957 seconds

Avg epoch train. time: 0.0 hours, 0.0 minutes, 2.441788884309622 seconds
Avg batch train. time: 0.019226684128422218 seconds
Avg sample train. time: 0.0024152214483774696 seconds
Evaluating on validation set ...
Validation runtime: 0.0 hours, 0.0 minutes, 0.08296012878417969 seconds

Avg val. time: 0.0 hours, 0.0 minutes, 0.09855712254842122 seconds
Avg batch val. time: 0.0065704748365614145 seconds
Avg sample val. time: 0.0008721869252072674 seconds
Epoch 26 Validation Summary: epoch: 26.000000 | loss: 2.488449 | accuracy: 0.309735 | precision: 0.332925 | 
Epoch 27 Training Summary: epoch: 27.000000 | loss: 0.661428 | 
Epoch runtime: 0.0 hours, 0.0 minutes, 1.7412593364715576 seconds

Avg epoch train. time: 0.0 hours, 0.0 minutes, 2.4158433455008046 seconds
Avg batch train. time: 0.01902238854725043 seconds
Avg sample train. time: 0.00238955820524313 seconds
Epoch 28 Training Summary: epoch: 28.000000 | loss: 0.692176 | 
Epoch runtime: 0.0 hours, 0.0 minutes, 2.3651559352874756 seconds

Avg epoch train. time: 0.0 hours, 0.0 minutes, 2.4140330808503285 seconds
Avg batch train. time: 0.019008134494884477 seconds
Avg sample train. time: 0.002387767636845033 seconds
Evaluating on validation set ...
Validation runtime: 0.0 hours, 0.0 minutes, 0.077911376953125 seconds

Avg val. time: 0.0 hours, 0.0 minutes, 0.09726676344871521 seconds
Avg batch val. time: 0.006484450896581014 seconds
Avg sample val. time: 0.0008607678181302231 seconds
Epoch 28 Validation Summary: epoch: 28.000000 | loss: 2.823165 | accuracy: 0.318584 | precision: 0.319034 | 
Epoch 29 Training Summary: epoch: 29.000000 | loss: 0.650461 | 
Epoch runtime: 0.0 hours, 0.0 minutes, 2.6083719730377197 seconds

Avg epoch train. time: 0.0 hours, 0.0 minutes, 2.4207344219602387 seconds
Avg batch train. time: 0.01906090096031684 seconds
Avg sample train. time: 0.0023943960652425705 seconds
Epoch 30 Training Summary: epoch: 30.000000 | loss: 0.630010 | 
Epoch runtime: 0.0 hours, 0.0 minutes, 2.7106094360351562 seconds

Avg epoch train. time: 0.0 hours, 0.0 minutes, 2.4303969224294026 seconds
Avg batch train. time: 0.0191369836411764 seconds
Avg sample train. time: 0.0024039534346482717 seconds
Evaluating on validation set ...
Validation runtime: 0.0 hours, 0.0 minutes, 0.09970641136169434 seconds

Avg val. time: 0.0 hours, 0.0 minutes, 0.09741027214947869 seconds
Avg batch val. time: 0.0064940181432985794 seconds
Avg sample val. time: 0.0008620378066325548 seconds
Epoch 30 Validation Summary: epoch: 30.000000 | loss: 2.757919 | accuracy: 0.336283 | precision: 0.362523 | 
Epoch 31 Training Summary: epoch: 31.000000 | loss: 0.584768 | 
Epoch runtime: 0.0 hours, 0.0 minutes, 2.665512800216675 seconds

Avg epoch train. time: 0.0 hours, 0.0 minutes, 2.437981305583831 seconds
Avg batch train. time: 0.019196703193573472 seconds
Avg sample train. time: 0.002411455297313384 seconds
Epoch 32 Training Summary: epoch: 32.000000 | loss: 0.584836 | 
Epoch runtime: 0.0 hours, 0.0 minutes, 2.6160919666290283 seconds

Avg epoch train. time: 0.0 hours, 0.0 minutes, 2.4435472637414932 seconds
Avg batch train. time: 0.019240529635759788 seconds
Avg sample train. time: 0.002416960696084563 seconds
Evaluating on validation set ...
Validation runtime: 0.0 hours, 0.0 minutes, 0.08889961242675781 seconds

Avg val. time: 0.0 hours, 0.0 minutes, 0.09693745772043864 seconds
Avg batch val. time: 0.006462497181362576 seconds
Avg sample val. time: 0.0008578536081454747 seconds
Epoch 32 Validation Summary: epoch: 32.000000 | loss: 3.083590 | accuracy: 0.345133 | precision: 0.345600 | 
Epoch 33 Training Summary: epoch: 33.000000 | loss: 0.614915 | 
Epoch runtime: 0.0 hours, 0.0 minutes, 2.5810232162475586 seconds

Avg epoch train. time: 0.0 hours, 0.0 minutes, 2.4477132016962226 seconds
Avg batch train. time: 0.019273332296820652 seconds
Avg sample train. time: 0.0024210813073157495 seconds
Epoch 34 Training Summary: epoch: 34.000000 | loss: 0.581533 | 
Epoch runtime: 0.0 hours, 0.0 minutes, 2.5637824535369873 seconds

Avg epoch train. time: 0.0 hours, 0.0 minutes, 2.4511270032209507 seconds
Avg batch train. time: 0.019300212623787012 seconds
Avg sample train. time: 0.002424457965599358 seconds
Evaluating on validation set ...
Validation runtime: 0.0 hours, 0.0 minutes, 0.08074688911437988 seconds

Avg val. time: 0.0 hours, 0.0 minutes, 0.09608532253064607 seconds
Avg batch val. time: 0.006405688168709738 seconds
Avg sample val. time: 0.0008503125887667793 seconds
Epoch 34 Validation Summary: epoch: 34.000000 | loss: 2.400629 | accuracy: 0.327434 | precision: 0.340824 | 
Epoch 35 Training Summary: epoch: 35.000000 | loss: 0.518346 | 
Epoch runtime: 0.0 hours, 0.0 minutes, 2.575004816055298 seconds

Avg epoch train. time: 0.0 hours, 0.0 minutes, 2.454666369301932 seconds
Avg batch train. time: 0.01932808164804671 seconds
Avg sample train. time: 0.002427958822257104 seconds
Epoch 36 Training Summary: epoch: 36.000000 | loss: 0.543617 | 
Epoch runtime: 0.0 hours, 0.0 minutes, 2.5784215927124023 seconds

Avg epoch train. time: 0.0 hours, 0.0 minutes, 2.4581040143966675 seconds
Avg batch train. time: 0.0193551497196588 seconds
Avg sample train. time: 0.002431359064685131 seconds
Evaluating on validation set ...
Validation runtime: 0.0 hours, 0.0 minutes, 0.07992911338806152 seconds

Avg val. time: 0.0 hours, 0.0 minutes, 0.09527751207351684 seconds
Avg batch val. time: 0.006351834138234456 seconds
Avg sample val. time: 0.0008431638236594411 seconds
Epoch 36 Validation Summary: epoch: 36.000000 | loss: 2.642878 | accuracy: 0.336283 | precision: 0.340908 | 
Epoch 37 Training Summary: epoch: 37.000000 | loss: 0.469653 | 
Epoch runtime: 0.0 hours, 0.0 minutes, 2.668057680130005 seconds

Avg epoch train. time: 0.0 hours, 0.0 minutes, 2.4637784377948657 seconds
Avg batch train. time: 0.01939983021885721 seconds
Avg sample train. time: 0.0024369717485606983 seconds
Epoch 38 Training Summary: epoch: 38.000000 | loss: 0.517541 | 
Epoch runtime: 0.0 hours, 0.0 minutes, 2.632389783859253 seconds

Avg epoch train. time: 0.0 hours, 0.0 minutes, 2.4682155784807707 seconds
Avg batch train. time: 0.019434768334494257 seconds
Avg sample train. time: 0.002441360611751504 seconds
Evaluating on validation set ...
Validation runtime: 0.0 hours, 0.0 minutes, 0.09825491905212402 seconds

Avg val. time: 0.0 hours, 0.0 minutes, 0.09541929335821242 seconds
Avg batch val. time: 0.006361286223880828 seconds
Avg sample val. time: 0.0008444185252939152 seconds
Epoch 38 Validation Summary: epoch: 38.000000 | loss: 2.867171 | accuracy: 0.336283 | precision: 0.341825 | 
Epoch 39 Training Summary: epoch: 39.000000 | loss: 0.541643 | 
Epoch runtime: 0.0 hours, 0.0 minutes, 2.627480983734131 seconds

Avg epoch train. time: 0.0 hours, 0.0 minutes, 2.4722993068206005 seconds
Avg batch train. time: 0.01946692367575276 seconds
Avg sample train. time: 0.002445399907834422 seconds
Epoch 40 Training Summary: epoch: 40.000000 | loss: 0.513972 | 
Epoch runtime: 0.0 hours, 0.0 minutes, 2.515305995941162 seconds

Avg epoch train. time: 0.0 hours, 0.0 minutes, 2.4733744740486143 seconds
Avg batch train. time: 0.01947538955943791 seconds
Avg sample train. time: 0.0024464633769026847 seconds
Evaluating on validation set ...
Validation runtime: 0.0 hours, 0.0 minutes, 0.07265257835388184 seconds

Avg val. time: 0.0 hours, 0.0 minutes, 0.0943844426761974 seconds
Avg batch val. time: 0.00629229617841316 seconds
Avg sample val. time: 0.0008352605546566141 seconds
Epoch 40 Validation Summary: epoch: 40.000000 | loss: 2.997046 | accuracy: 0.353982 | precision: 0.359678 | 
Best accuracy was 0.35398230088495575. Other metrics: OrderedDict([('epoch', 40), ('loss', 2.997046113014221), ('accuracy', 0.35398230088495575), ('precision', 0.359678148952593)])
All Done!
Total runtime: 0.0 hours, 2.0 minutes, 44.17951011657715 seconds

