Running:
src/main_5q.py --output_dir experiments --comment classification from Scratch --name VRS_fromScratch --records_file VRS_records.xls --data_dir /mnt/d/OneDrive - Southern Methodist University/Phone_Privacy/input_feature/all_processpos_norm_downsample_480p_s22 --data_class vrs --val_ratio 0.1 --epochs 40 --lr 0.001 --dropout 0.2 --batch_size 8 --num_layers 3 --num_heads 4 --optimizer RAdam --pos_encoding learnable --task classification --normalization none --key_metric accuracy

Using device: cuda
Loading and preprocessing data ...
271 samples may be used for training
31 samples will be used for validation
0 samples will be used for testing
Creating model ...
Model:
TSTransformerEncoderClassiregressor(
  (project_inp): Linear(in_features=39, out_features=64, bias=True)
  (pos_enc): LearnablePositionalEncoding(
    (dropout): Dropout(p=0.2, inplace=False)
  )
  (transformer_encoder): TransformerEncoder(
    (layers): ModuleList(
      (0-2): 3 x TransformerBatchNormEncoderLayer(
        (self_attn): MultiheadAttention(
          (out_proj): NonDynamicallyQuantizableLinear(in_features=64, out_features=64, bias=True)
        )
        (linear1): Linear(in_features=64, out_features=256, bias=True)
        (dropout): Dropout(p=0.2, inplace=False)
        (linear2): Linear(in_features=256, out_features=64, bias=True)
        (norm1): BatchNorm1d(64, eps=1e-05, momentum=0.1, affine=True, track_running_stats=True)
        (norm2): BatchNorm1d(64, eps=1e-05, momentum=0.1, affine=True, track_running_stats=True)
        (dropout1): Dropout(p=0.2, inplace=False)
        (dropout2): Dropout(p=0.2, inplace=False)
      )
    )
  )
  (dropout1): Dropout(p=0.2, inplace=False)
  (output_layer): Linear(in_features=5120, out_features=5, bias=True)
)
Total number of parameters: 183237
Trainable parameters: 183237
Evaluating on validation set ...
Validation runtime: 0.0 hours, 0.0 minutes, 0.23126888275146484 seconds

Avg val. time: 0.0 hours, 0.0 minutes, 0.23126888275146484 seconds
Avg batch val. time: 0.05781722068786621 seconds
Avg sample val. time: 0.007460286540369834 seconds
Epoch 0 Validation Summary: epoch: 0.000000 | loss: 4.121816 | accuracy: 0.193548 | precision: 0.193548 | 
Starting training...
Epoch 1 Training Summary: epoch: 1.000000 | loss: 1.694771 | 
Epoch runtime: 0.0 hours, 0.0 minutes, 0.4826219081878662 seconds

Avg epoch train. time: 0.0 hours, 0.0 minutes, 0.4826219081878662 seconds
Avg batch train. time: 0.014194762005525477 seconds
Avg sample train. time: 0.0017808926501397277 seconds
Evaluating on validation set ...
Validation runtime: 0.0 hours, 0.0 minutes, 0.015198707580566406 seconds

Avg val. time: 0.0 hours, 0.0 minutes, 0.12323379516601562 seconds
Avg batch val. time: 0.030808448791503906 seconds
Avg sample val. time: 0.003975283715032762 seconds
Epoch 1 Validation Summary: epoch: 1.000000 | loss: 1.653167 | accuracy: 0.129032 | precision: 0.154692 | 
Epoch 2 Training Summary: epoch: 2.000000 | loss: 1.669954 | 
Epoch runtime: 0.0 hours, 0.0 minutes, 0.3678712844848633 seconds

Avg epoch train. time: 0.0 hours, 0.0 minutes, 0.42524659633636475 seconds
Avg batch train. time: 0.012507252833422492 seconds
Avg sample train. time: 0.0015691756322375084 seconds
Evaluating on validation set ...
Validation runtime: 0.0 hours, 0.0 minutes, 0.016312837600708008 seconds

Avg val. time: 0.0 hours, 0.0 minutes, 0.08759347597757976 seconds
Avg batch val. time: 0.02189836899439494 seconds
Avg sample val. time: 0.0028255959992767666 seconds
Epoch 2 Validation Summary: epoch: 2.000000 | loss: 1.647024 | accuracy: 0.096774 | precision: 0.050245 | 
Epoch 3 Training Summary: epoch: 3.000000 | loss: 1.679218 | 
Epoch runtime: 0.0 hours, 0.0 minutes, 0.3509671688079834 seconds

Avg epoch train. time: 0.0 hours, 0.0 minutes, 0.4004867871602376 seconds
Avg batch train. time: 0.011779023151771694 seconds
Avg sample train. time: 0.001477811022731504 seconds
Epoch 4 Training Summary: epoch: 4.000000 | loss: 1.691223 | 
Epoch runtime: 0.0 hours, 0.0 minutes, 0.34267663955688477 seconds

Avg epoch train. time: 0.0 hours, 0.0 minutes, 0.3860342502593994 seconds
Avg batch train. time: 0.011353948537041159 seconds
Avg sample train. time: 0.0014244806282634665 seconds
Evaluating on validation set ...
Validation runtime: 0.0 hours, 0.0 minutes, 0.016521215438842773 seconds

Avg val. time: 0.0 hours, 0.0 minutes, 0.06982541084289551 seconds
Avg batch val. time: 0.017456352710723877 seconds
Avg sample val. time: 0.002252432607835339 seconds
Epoch 4 Validation Summary: epoch: 4.000000 | loss: 1.655372 | accuracy: 0.258065 | precision: 0.315385 | 
Epoch 5 Training Summary: epoch: 5.000000 | loss: 1.621217 | 
Epoch runtime: 0.0 hours, 0.0 minutes, 0.3502693176269531 seconds

Avg epoch train. time: 0.0 hours, 0.0 minutes, 0.37888126373291015 seconds
Avg batch train. time: 0.01114356658037971 seconds
Avg sample train. time: 0.0013980858440328788 seconds
Epoch 6 Training Summary: epoch: 6.000000 | loss: 1.638194 | 
Epoch runtime: 0.0 hours, 0.0 minutes, 0.3234081268310547 seconds

Avg epoch train. time: 0.0 hours, 0.0 minutes, 0.36963574091593426 seconds
Avg batch train. time: 0.010871639438703949 seconds
Avg sample train. time: 0.0013639695236750341 seconds
Evaluating on validation set ...
Validation runtime: 0.0 hours, 0.0 minutes, 0.015094518661499023 seconds

Avg val. time: 0.0 hours, 0.0 minutes, 0.05887923240661621 seconds
Avg batch val. time: 0.014719808101654052 seconds
Avg sample val. time: 0.001899330077632781 seconds
Epoch 6 Validation Summary: epoch: 6.000000 | loss: 1.614971 | accuracy: 0.225806 | precision: 0.184562 | 
Epoch 7 Training Summary: epoch: 7.000000 | loss: 1.563615 | 
Epoch runtime: 0.0 hours, 0.0 minutes, 0.32875871658325195 seconds

Avg epoch train. time: 0.0 hours, 0.0 minutes, 0.36379616601126535 seconds
Avg batch train. time: 0.010699887235625451 seconds
Avg sample train. time: 0.0013424212767943371 seconds
Epoch 8 Training Summary: epoch: 8.000000 | loss: 1.591658 | 
Epoch runtime: 0.0 hours, 0.0 minutes, 0.3362922668457031 seconds

Avg epoch train. time: 0.0 hours, 0.0 minutes, 0.36035817861557007 seconds
Avg batch train. time: 0.010598769959281473 seconds
Avg sample train. time: 0.001329734976441218 seconds
Evaluating on validation set ...
Validation runtime: 0.0 hours, 0.0 minutes, 0.01630711555480957 seconds

Avg val. time: 0.0 hours, 0.0 minutes, 0.05178387959798177 seconds
Avg batch val. time: 0.012945969899495443 seconds
Avg sample val. time: 0.001670447728967154 seconds
Epoch 8 Validation Summary: epoch: 8.000000 | loss: 1.618567 | accuracy: 0.290323 | precision: 0.220000 | 
Epoch 9 Training Summary: epoch: 9.000000 | loss: 1.516058 | 
Epoch runtime: 0.0 hours, 0.0 minutes, 0.3406510353088379 seconds

Avg epoch train. time: 0.0 hours, 0.0 minutes, 0.35816849602593315 seconds
Avg batch train. time: 0.010534367530174504 seconds
Avg sample train. time: 0.0013216549668853622 seconds
Epoch 10 Training Summary: epoch: 10.000000 | loss: 1.527778 | 
Epoch runtime: 0.0 hours, 0.0 minutes, 0.3493173122406006 seconds

Avg epoch train. time: 0.0 hours, 0.0 minutes, 0.3572833776473999 seconds
Avg batch train. time: 0.010508334636688233 seconds
Avg sample train. time: 0.0013183888474073797 seconds
Evaluating on validation set ...
Validation runtime: 0.0 hours, 0.0 minutes, 0.017061471939086914 seconds

Avg val. time: 0.0 hours, 0.0 minutes, 0.04682353564671108 seconds
Avg batch val. time: 0.01170588391167777 seconds
Avg sample val. time: 0.0015104366337648735 seconds
Epoch 10 Validation Summary: epoch: 10.000000 | loss: 1.592086 | accuracy: 0.225806 | precision: 0.209677 | 
Epoch 11 Training Summary: epoch: 11.000000 | loss: 1.440859 | 
Epoch runtime: 0.0 hours, 0.0 minutes, 0.3292999267578125 seconds

Avg epoch train. time: 0.0 hours, 0.0 minutes, 0.3547394275665283 seconds
Avg batch train. time: 0.010433512575486126 seconds
Avg sample train. time: 0.0013090015777362668 seconds
Epoch 12 Training Summary: epoch: 12.000000 | loss: 1.381078 | 
Epoch runtime: 0.0 hours, 0.0 minutes, 0.33298540115356445 seconds

Avg epoch train. time: 0.0 hours, 0.0 minutes, 0.3529265920321147 seconds
Avg batch train. time: 0.01038019388329749 seconds
Avg sample train. time: 0.0013023121477199805 seconds
Evaluating on validation set ...
Validation runtime: 0.0 hours, 0.0 minutes, 0.01409292221069336 seconds

Avg val. time: 0.0 hours, 0.0 minutes, 0.04273220896720886 seconds
Avg batch val. time: 0.010683052241802216 seconds
Avg sample val. time: 0.0013784583537809311 seconds
Epoch 12 Validation Summary: epoch: 12.000000 | loss: 1.558754 | accuracy: 0.322581 | precision: 0.269571 | 
Epoch 13 Training Summary: epoch: 13.000000 | loss: 1.362001 | 
Epoch runtime: 0.0 hours, 0.0 minutes, 0.31695055961608887 seconds

Avg epoch train. time: 0.0 hours, 0.0 minutes, 0.3501592049231896 seconds
Avg batch train. time: 0.010298800144799693 seconds
Avg sample train. time: 0.0012921003871704413 seconds
Epoch 14 Training Summary: epoch: 14.000000 | loss: 1.381714 | 
Epoch runtime: 0.0 hours, 0.0 minutes, 0.33347654342651367 seconds

Avg epoch train. time: 0.0 hours, 0.0 minutes, 0.34896758624485563 seconds
Avg batch train. time: 0.0102637525366134 seconds
Avg sample train. time: 0.00128770327027622 seconds
Evaluating on validation set ...
Validation runtime: 0.0 hours, 0.0 minutes, 0.015276432037353516 seconds

Avg val. time: 0.0 hours, 0.0 minutes, 0.039681567086113825 seconds
Avg batch val. time: 0.009920391771528456 seconds
Avg sample val. time: 0.001280050551164962 seconds
Epoch 14 Validation Summary: epoch: 14.000000 | loss: 1.552988 | accuracy: 0.258065 | precision: 0.172811 | 
Epoch 15 Training Summary: epoch: 15.000000 | loss: 1.252278 | 
Epoch runtime: 0.0 hours, 0.0 minutes, 0.32935571670532227 seconds

Avg epoch train. time: 0.0 hours, 0.0 minutes, 0.34766012827555337 seconds
Avg batch train. time: 0.010225297890457452 seconds
Avg sample train. time: 0.0012828787021238132 seconds
Epoch 16 Training Summary: epoch: 16.000000 | loss: 1.264907 | 
Epoch runtime: 0.0 hours, 0.0 minutes, 0.3284482955932617 seconds

Avg epoch train. time: 0.0 hours, 0.0 minutes, 0.34645938873291016 seconds
Avg batch train. time: 0.01018998202155618 seconds
Avg sample train. time: 0.0012784479289037274 seconds
Evaluating on validation set ...
Validation runtime: 0.0 hours, 0.0 minutes, 0.016483306884765625 seconds

Avg val. time: 0.0 hours, 0.0 minutes, 0.037361741065979004 seconds
Avg batch val. time: 0.009340435266494751 seconds
Avg sample val. time: 0.0012052174537412583 seconds
Epoch 16 Validation Summary: epoch: 16.000000 | loss: 1.528351 | accuracy: 0.419355 | precision: 0.416667 | 
Epoch 17 Training Summary: epoch: 17.000000 | loss: 1.276546 | 
Epoch runtime: 0.0 hours, 0.0 minutes, 0.322650671005249 seconds

Avg epoch train. time: 0.0 hours, 0.0 minutes, 0.3450588759254007 seconds
Avg batch train. time: 0.010148790468394137 seconds
Avg sample train. time: 0.0012732799849645782 seconds
Epoch 18 Training Summary: epoch: 18.000000 | loss: 1.235636 | 
Epoch runtime: 0.0 hours, 0.0 minutes, 0.3446831703186035 seconds

Avg epoch train. time: 0.0 hours, 0.0 minutes, 0.3450380033916897 seconds
Avg batch train. time: 0.010148176570343816 seconds
Avg sample train. time: 0.0012732029645449805 seconds
Evaluating on validation set ...
Validation runtime: 0.0 hours, 0.0 minutes, 0.017318248748779297 seconds

Avg val. time: 0.0 hours, 0.0 minutes, 0.03553960540077903 seconds
Avg batch val. time: 0.008884901350194757 seconds
Avg sample val. time: 0.0011464388838960976 seconds
Epoch 18 Validation Summary: epoch: 18.000000 | loss: 1.564982 | accuracy: 0.387097 | precision: 0.269892 | 
Epoch 19 Training Summary: epoch: 19.000000 | loss: 1.117115 | 
Epoch runtime: 0.0 hours, 0.0 minutes, 0.33449506759643555 seconds

Avg epoch train. time: 0.0 hours, 0.0 minutes, 0.34448311203404475 seconds
Avg batch train. time: 0.010131856236295434 seconds
Avg sample train. time: 0.0012711553949595748 seconds
Epoch 20 Training Summary: epoch: 20.000000 | loss: 1.080782 | 
Epoch runtime: 0.0 hours, 0.0 minutes, 0.332073450088501 seconds

Avg epoch train. time: 0.0 hours, 0.0 minutes, 0.34386262893676756 seconds
Avg batch train. time: 0.01011360673343434 seconds
Avg sample train. time: 0.0012688657894345666 seconds
Evaluating on validation set ...
Validation runtime: 0.0 hours, 0.0 minutes, 0.014280319213867188 seconds

Avg val. time: 0.0 hours, 0.0 minutes, 0.03376799821853638 seconds
Avg batch val. time: 0.008441999554634094 seconds
Avg sample val. time: 0.0010892902651140767 seconds
Epoch 20 Validation Summary: epoch: 20.000000 | loss: 1.464403 | accuracy: 0.419355 | precision: 0.358717 | 
Epoch 21 Training Summary: epoch: 21.000000 | loss: 1.096329 | 
Epoch runtime: 0.0 hours, 0.0 minutes, 0.3319361209869385 seconds

Avg epoch train. time: 0.0 hours, 0.0 minutes, 0.3432946999867757 seconds
Avg batch train. time: 0.01009690294078752 seconds
Avg sample train. time: 0.001266770110652309 seconds
Epoch 22 Training Summary: epoch: 22.000000 | loss: 1.056325 | 
Epoch runtime: 0.0 hours, 0.0 minutes, 0.3324885368347168 seconds

Avg epoch train. time: 0.0 hours, 0.0 minutes, 0.34280351075259125 seconds
Avg batch train. time: 0.010082456198605625 seconds
Avg sample train. time: 0.0012649576042531043 seconds
Evaluating on validation set ...
Validation runtime: 0.0 hours, 0.0 minutes, 0.015076398849487305 seconds

Avg val. time: 0.0 hours, 0.0 minutes, 0.03233018288245568 seconds
Avg batch val. time: 0.00808254572061392 seconds
Avg sample val. time: 0.0010429091252405058 seconds
Epoch 22 Validation Summary: epoch: 22.000000 | loss: 1.675096 | accuracy: 0.354839 | precision: 0.313783 | 
Epoch 23 Training Summary: epoch: 23.000000 | loss: 0.976010 | 
Epoch runtime: 0.0 hours, 0.0 minutes, 0.3300957679748535 seconds

Avg epoch train. time: 0.0 hours, 0.0 minutes, 0.3422510001970374 seconds
Avg batch train. time: 0.010066205888148159 seconds
Avg sample train. time: 0.0012629188199152672 seconds
Epoch 24 Training Summary: epoch: 24.000000 | loss: 0.926359 | 
Epoch runtime: 0.0 hours, 0.0 minutes, 0.3326401710510254 seconds

Avg epoch train. time: 0.0 hours, 0.0 minutes, 0.34185054898262024 seconds
Avg batch train. time: 0.010054427911253536 seconds
Avg sample train. time: 0.0012614411401572702 seconds
Evaluating on validation set ...
Validation runtime: 0.0 hours, 0.0 minutes, 0.014015913009643555 seconds

Avg val. time: 0.0 hours, 0.0 minutes, 0.031022020748683383 seconds
Avg batch val. time: 0.007755505187170846 seconds
Avg sample val. time: 0.001000710346731722 seconds
Epoch 24 Validation Summary: epoch: 24.000000 | loss: 1.351119 | accuracy: 0.290323 | precision: 0.336214 | 
Epoch 25 Training Summary: epoch: 25.000000 | loss: 0.871042 | 
Epoch runtime: 0.0 hours, 0.0 minutes, 0.34540534019470215 seconds

Avg epoch train. time: 0.0 hours, 0.0 minutes, 0.3419927406311035 seconds
Avg batch train. time: 0.010058610018561868 seconds
Avg sample train. time: 0.0012619658325870979 seconds
Epoch 26 Training Summary: epoch: 26.000000 | loss: 0.808006 | 
Epoch runtime: 0.0 hours, 0.0 minutes, 0.33489465713500977 seconds

Avg epoch train. time: 0.0 hours, 0.0 minutes, 0.3417197374197153 seconds
Avg batch train. time: 0.010050580512344568 seconds
Avg sample train. time: 0.001260958440663156 seconds
Evaluating on validation set ...
Validation runtime: 0.0 hours, 0.0 minutes, 0.015099048614501953 seconds

Avg val. time: 0.0 hours, 0.0 minutes, 0.029960489273071288 seconds
Avg batch val. time: 0.007490122318267822 seconds
Avg sample val. time: 0.0009664673959055254 seconds
Epoch 26 Validation Summary: epoch: 26.000000 | loss: 1.633892 | accuracy: 0.354839 | precision: 0.287455 | 
Epoch 27 Training Summary: epoch: 27.000000 | loss: 0.724754 | 
Epoch runtime: 0.0 hours, 0.0 minutes, 0.32954978942871094 seconds

Avg epoch train. time: 0.0 hours, 0.0 minutes, 0.34126899860523363 seconds
Avg batch train. time: 0.010037323488389224 seconds
Avg sample train. time: 0.00125929519780529 seconds
Epoch 28 Training Summary: epoch: 28.000000 | loss: 0.726284 | 
Epoch runtime: 0.0 hours, 0.0 minutes, 0.3357391357421875 seconds

Avg epoch train. time: 0.0 hours, 0.0 minutes, 0.341071503502982 seconds
Avg batch train. time: 0.010031514808911235 seconds
Avg sample train. time: 0.0012585664335903394 seconds
Evaluating on validation set ...
Validation runtime: 0.0 hours, 0.0 minutes, 0.015010356903076172 seconds

Avg val. time: 0.0 hours, 0.0 minutes, 0.029026105999946594 seconds
Avg batch val. time: 0.0072565264999866486 seconds
Avg sample val. time: 0.0009363259999982772 seconds
Epoch 28 Validation Summary: epoch: 28.000000 | loss: 2.047752 | accuracy: 0.451613 | precision: 0.420000 | 
Epoch 29 Training Summary: epoch: 29.000000 | loss: 0.725290 | 
Epoch runtime: 0.0 hours, 0.0 minutes, 0.33272385597229004 seconds

Avg epoch train. time: 0.0 hours, 0.0 minutes, 0.34078365358813056 seconds
Avg batch train. time: 0.010023048634945016 seconds
Avg sample train. time: 0.0012575042567827695 seconds
Epoch 30 Training Summary: epoch: 30.000000 | loss: 0.636296 | 
Epoch runtime: 0.0 hours, 0.0 minutes, 0.34277939796447754 seconds

Avg epoch train. time: 0.0 hours, 0.0 minutes, 0.34085017840067544 seconds
Avg batch train. time: 0.01002500524707869 seconds
Avg sample train. time: 0.0012577497357958503 seconds
Evaluating on validation set ...
Validation runtime: 0.0 hours, 0.0 minutes, 0.014189720153808594 seconds

Avg val. time: 0.0 hours, 0.0 minutes, 0.028153377420762005 seconds
Avg batch val. time: 0.007038344355190501 seconds
Avg sample val. time: 0.0009081734651858711 seconds
Epoch 30 Validation Summary: epoch: 30.000000 | loss: 1.600288 | accuracy: 0.354839 | precision: 0.360215 | 
Epoch 31 Training Summary: epoch: 31.000000 | loss: 0.599726 | 
Epoch runtime: 0.0 hours, 0.0 minutes, 0.3658914566040039 seconds

Avg epoch train. time: 0.0 hours, 0.0 minutes, 0.34165796156852474 seconds
Avg batch train. time: 0.010048763575544845 seconds
Avg sample train. time: 0.0012607304854927112 seconds
Epoch 32 Training Summary: epoch: 32.000000 | loss: 0.627851 | 
Epoch runtime: 0.0 hours, 0.0 minutes, 0.39612412452697754 seconds

Avg epoch train. time: 0.0 hours, 0.0 minutes, 0.3433600291609764 seconds
Avg batch train. time: 0.010098824387087542 seconds
Avg sample train. time: 0.0012670111777157802 seconds
Evaluating on validation set ...
Validation runtime: 0.0 hours, 0.0 minutes, 0.014826297760009766 seconds

Avg val. time: 0.0 hours, 0.0 minutes, 0.02741298410627577 seconds
Avg batch val. time: 0.006853246026568943 seconds
Avg sample val. time: 0.0008842898098798636 seconds
Epoch 32 Validation Summary: epoch: 32.000000 | loss: 1.675059 | accuracy: 0.516129 | precision: 0.618768 | 
Epoch 33 Training Summary: epoch: 33.000000 | loss: 0.547696 | 
Epoch runtime: 0.0 hours, 0.0 minutes, 0.3494303226470947 seconds

Avg epoch train. time: 0.0 hours, 0.0 minutes, 0.34354397744843457 seconds
Avg batch train. time: 0.01010423463083631 seconds
Avg sample train. time: 0.0012676899536842605 seconds
Epoch 34 Training Summary: epoch: 34.000000 | loss: 0.590548 | 
Epoch runtime: 0.0 hours, 0.0 minutes, 0.35134387016296387 seconds

Avg epoch train. time: 0.0 hours, 0.0 minutes, 0.3437733860576854 seconds
Avg batch train. time: 0.0101109819428731 seconds
Avg sample train. time: 0.0012685364799176584 seconds
Evaluating on validation set ...
Validation runtime: 0.0 hours, 0.0 minutes, 0.015618085861206055 seconds

Avg val. time: 0.0 hours, 0.0 minutes, 0.026792199988114208 seconds
Avg batch val. time: 0.006698049997028552 seconds
Avg sample val. time: 0.0008642645157456196 seconds
Epoch 34 Validation Summary: epoch: 34.000000 | loss: 1.656002 | accuracy: 0.451613 | precision: 0.478495 | 
Epoch 35 Training Summary: epoch: 35.000000 | loss: 0.591719 | 
Epoch runtime: 0.0 hours, 0.0 minutes, 0.36020994186401367 seconds

Avg epoch train. time: 0.0 hours, 0.0 minutes, 0.3442430019378662 seconds
Avg batch train. time: 0.010124794174643124 seconds
Avg sample train. time: 0.0012702693798445248 seconds
Epoch 36 Training Summary: epoch: 36.000000 | loss: 0.530799 | 
Epoch runtime: 0.0 hours, 0.0 minutes, 0.35169529914855957 seconds

Avg epoch train. time: 0.0 hours, 0.0 minutes, 0.3444500101937188 seconds
Avg batch train. time: 0.010130882652756435 seconds
Avg sample train. time: 0.0012710332479473018 seconds
Evaluating on validation set ...
Validation runtime: 0.0 hours, 0.0 minutes, 0.015959978103637695 seconds

Avg val. time: 0.0 hours, 0.0 minutes, 0.02625058889389038 seconds
Avg batch val. time: 0.006562647223472595 seconds
Avg sample val. time: 0.0008467931901254962 seconds
Epoch 36 Validation Summary: epoch: 36.000000 | loss: 1.704838 | accuracy: 0.322581 | precision: 0.330184 | 
Epoch 37 Training Summary: epoch: 37.000000 | loss: 0.504644 | 
Epoch runtime: 0.0 hours, 0.0 minutes, 0.33698439598083496 seconds

Avg epoch train. time: 0.0 hours, 0.0 minutes, 0.3442482368366138 seconds
Avg batch train. time: 0.010124948142253348 seconds
Avg sample train. time: 0.001270288696814073 seconds
Epoch 38 Training Summary: epoch: 38.000000 | loss: 0.551553 | 
Epoch runtime: 0.0 hours, 0.0 minutes, 0.3288404941558838 seconds

Avg epoch train. time: 0.0 hours, 0.0 minutes, 0.34384276992396307 seconds
Avg batch train. time: 0.010113022644822443 seconds
Avg sample train. time: 0.0012687925089445132 seconds
Evaluating on validation set ...
Validation runtime: 0.0 hours, 0.0 minutes, 0.013506650924682617 seconds

Avg val. time: 0.0 hours, 0.0 minutes, 0.02564373470488049 seconds
Avg batch val. time: 0.006410933676220122 seconds
Avg sample val. time: 0.0008272172485445318 seconds
Epoch 38 Validation Summary: epoch: 38.000000 | loss: 2.053794 | accuracy: 0.419355 | precision: 0.362903 | 
Epoch 39 Training Summary: epoch: 39.000000 | loss: 0.514078 | 
Epoch runtime: 0.0 hours, 0.0 minutes, 0.33478522300720215 seconds

Avg epoch train. time: 0.0 hours, 0.0 minutes, 0.3436105251312256 seconds
Avg batch train. time: 0.010106191915624282 seconds
Avg sample train. time: 0.0012679355170893932 seconds
Epoch 40 Training Summary: epoch: 40.000000 | loss: 0.542901 | 
Epoch runtime: 0.0 hours, 0.0 minutes, 0.3241081237792969 seconds

Avg epoch train. time: 0.0 hours, 0.0 minutes, 0.34312296509742735 seconds
Avg batch train. time: 0.010091851914630216 seconds
Avg sample train. time: 0.0012661364025735326 seconds
Evaluating on validation set ...
Validation runtime: 0.0 hours, 0.0 minutes, 0.015753507614135742 seconds

Avg val. time: 0.0 hours, 0.0 minutes, 0.025194178928028454 seconds
Avg batch val. time: 0.0062985447320071134 seconds
Avg sample val. time: 0.0008127154492912405 seconds
Epoch 40 Validation Summary: epoch: 40.000000 | loss: 1.996359 | accuracy: 0.451613 | precision: 0.409217 | 
Best accuracy was 0.5161290322580645. Other metrics: OrderedDict([('epoch', 32), ('loss', 1.6750586725050403), ('accuracy', 0.5161290322580645), ('precision', 0.6187683284457477)])
All Done!
Total runtime: 0.0 hours, 0.0 minutes, 21.730237245559692 seconds

