Running:
src/main_5q.py --output_dir experiments --comment classification from Scratch --name VRS_fromScratch --records_file VRS_records.xls --data_dir /mnt/d/OneDrive - Southern Methodist University/Phone_Privacy/input_feature/all_nonorm_downsample_480p_s22 --data_class vrs --val_ratio 0.1 --epochs 40 --lr 0.001 --dropout 0.2 --batch_size 8 --num_layers 3 --num_heads 4 --optimizer RAdam --pos_encoding learnable --task classification --normalization none --key_metric accuracy

Using device: cuda
Loading and preprocessing data ...
67 samples may be used for training
8 samples will be used for validation
0 samples will be used for testing
Creating model ...
Model:
TSTransformerEncoderClassiregressor(
  (project_inp): Linear(in_features=39, out_features=64, bias=True)
  (pos_enc): LearnablePositionalEncoding(
    (dropout): Dropout(p=0.2, inplace=False)
  )
  (transformer_encoder): TransformerEncoder(
    (layers): ModuleList(
      (0-2): 3 x TransformerBatchNormEncoderLayer(
        (self_attn): MultiheadAttention(
          (out_proj): NonDynamicallyQuantizableLinear(in_features=64, out_features=64, bias=True)
        )
        (linear1): Linear(in_features=64, out_features=256, bias=True)
        (dropout): Dropout(p=0.2, inplace=False)
        (linear2): Linear(in_features=256, out_features=64, bias=True)
        (norm1): BatchNorm1d(64, eps=1e-05, momentum=0.1, affine=True, track_running_stats=True)
        (norm2): BatchNorm1d(64, eps=1e-05, momentum=0.1, affine=True, track_running_stats=True)
        (dropout1): Dropout(p=0.2, inplace=False)
        (dropout2): Dropout(p=0.2, inplace=False)
      )
    )
  )
  (dropout1): Dropout(p=0.2, inplace=False)
  (output_layer): Linear(in_features=5120, out_features=5, bias=True)
)
Total number of parameters: 183237
Trainable parameters: 183237
Evaluating on validation set ...
Validation runtime: 0.0 hours, 0.0 minutes, 0.35839009284973145 seconds

Avg val. time: 0.0 hours, 0.0 minutes, 0.35839009284973145 seconds
Avg batch val. time: 0.35839009284973145 seconds
Avg sample val. time: 0.04479876160621643 seconds
Epoch 0 Validation Summary: epoch: 0.000000 | loss: 4.024840 | accuracy: 0.250000 | precision: 0.250000 | 
Starting training...
Epoch 1 Training Summary: epoch: 1.000000 | loss: 1.609859 | 
Epoch runtime: 0.0 hours, 0.0 minutes, 0.29706740379333496 seconds

Avg epoch train. time: 0.0 hours, 0.0 minutes, 0.29706740379333496 seconds
Avg batch train. time: 0.03300748931037055 seconds
Avg sample train. time: 0.004433841847661716 seconds
Evaluating on validation set ...
Validation runtime: 0.0 hours, 0.0 minutes, 0.0061800479888916016 seconds

Avg val. time: 0.0 hours, 0.0 minutes, 0.18228507041931152 seconds
Avg batch val. time: 0.18228507041931152 seconds
Avg sample val. time: 0.02278563380241394 seconds
Epoch 1 Validation Summary: epoch: 1.000000 | loss: 1.703250 | accuracy: 0.000000 | precision: 0.000000 | 
Epoch 2 Training Summary: epoch: 2.000000 | loss: 1.637152 | 
Epoch runtime: 0.0 hours, 0.0 minutes, 0.08233022689819336 seconds

Avg epoch train. time: 0.0 hours, 0.0 minutes, 0.18969881534576416 seconds
Avg batch train. time: 0.021077646149529353 seconds
Avg sample train. time: 0.0028313256021755846 seconds
Evaluating on validation set ...
Validation runtime: 0.0 hours, 0.0 minutes, 0.00558781623840332 seconds

Avg val. time: 0.0 hours, 0.0 minutes, 0.12338598569234212 seconds
Avg batch val. time: 0.12338598569234212 seconds
Avg sample val. time: 0.015423248211542765 seconds
Epoch 2 Validation Summary: epoch: 2.000000 | loss: 1.615391 | accuracy: 0.000000 | precision: 0.000000 | 
Epoch 3 Training Summary: epoch: 3.000000 | loss: 1.649341 | 
Epoch runtime: 0.0 hours, 0.0 minutes, 0.08135080337524414 seconds

Avg epoch train. time: 0.0 hours, 0.0 minutes, 0.15358281135559082 seconds
Avg batch train. time: 0.01706475681728787 seconds
Avg sample train. time: 0.0022922807665013557 seconds
Epoch 4 Training Summary: epoch: 4.000000 | loss: 1.640357 | 
Epoch runtime: 0.0 hours, 0.0 minutes, 0.07694339752197266 seconds

Avg epoch train. time: 0.0 hours, 0.0 minutes, 0.13442295789718628 seconds
Avg batch train. time: 0.014935884210798476 seconds
Avg sample train. time: 0.0020063128044356163 seconds
Evaluating on validation set ...
Validation runtime: 0.0 hours, 0.0 minutes, 0.006033897399902344 seconds

Avg val. time: 0.0 hours, 0.0 minutes, 0.09404796361923218 seconds
Avg batch val. time: 0.09404796361923218 seconds
Avg sample val. time: 0.011755995452404022 seconds
Epoch 4 Validation Summary: epoch: 4.000000 | loss: 1.566473 | accuracy: 0.250000 | precision: 0.500000 | 
Epoch 5 Training Summary: epoch: 5.000000 | loss: 1.501718 | 
Epoch runtime: 0.0 hours, 0.0 minutes, 0.08340024948120117 seconds

Avg epoch train. time: 0.0 hours, 0.0 minutes, 0.12421841621398926 seconds
Avg batch train. time: 0.013802046245998807 seconds
Avg sample train. time: 0.0018540062121490933 seconds
Epoch 6 Training Summary: epoch: 6.000000 | loss: 1.558216 | 
Epoch runtime: 0.0 hours, 0.0 minutes, 0.07697653770446777 seconds

Avg epoch train. time: 0.0 hours, 0.0 minutes, 0.11634476979573567 seconds
Avg batch train. time: 0.01292719664397063 seconds
Avg sample train. time: 0.0017364891014288906 seconds
Evaluating on validation set ...
Validation runtime: 0.0 hours, 0.0 minutes, 0.006556987762451172 seconds

Avg val. time: 0.0 hours, 0.0 minutes, 0.07654976844787598 seconds
Avg batch val. time: 0.07654976844787598 seconds
Avg sample val. time: 0.009568721055984497 seconds
Epoch 6 Validation Summary: epoch: 6.000000 | loss: 1.583745 | accuracy: 0.125000 | precision: 0.071429 | 
Epoch 7 Training Summary: epoch: 7.000000 | loss: 1.524992 | 
Epoch runtime: 0.0 hours, 0.0 minutes, 0.0776364803314209 seconds

Avg epoch train. time: 0.0 hours, 0.0 minutes, 0.11081501415797643 seconds
Avg batch train. time: 0.012312779350886269 seconds
Avg sample train. time: 0.001653955435193678 seconds
Epoch 8 Training Summary: epoch: 8.000000 | loss: 1.542144 | 
Epoch runtime: 0.0 hours, 0.0 minutes, 0.07908773422241211 seconds

Avg epoch train. time: 0.0 hours, 0.0 minutes, 0.10684910416603088 seconds
Avg batch train. time: 0.011872122685114542 seconds
Avg sample train. time: 0.0015947627487467296 seconds
Evaluating on validation set ...
Validation runtime: 0.0 hours, 0.0 minutes, 0.00545048713684082 seconds

Avg val. time: 0.0 hours, 0.0 minutes, 0.06469988822937012 seconds
Avg batch val. time: 0.06469988822937012 seconds
Avg sample val. time: 0.008087486028671265 seconds
Epoch 8 Validation Summary: epoch: 8.000000 | loss: 1.619754 | accuracy: 0.125000 | precision: 0.071429 | 
Epoch 9 Training Summary: epoch: 9.000000 | loss: 1.501044 | 
Epoch runtime: 0.0 hours, 0.0 minutes, 0.0827481746673584 seconds

Avg epoch train. time: 0.0 hours, 0.0 minutes, 0.10417122311062282 seconds
Avg batch train. time: 0.011574580345624759 seconds
Avg sample train. time: 0.0015547943747854153 seconds
Epoch 10 Training Summary: epoch: 10.000000 | loss: 1.472553 | 
Epoch runtime: 0.0 hours, 0.0 minutes, 0.08462405204772949 seconds

Avg epoch train. time: 0.0 hours, 0.0 minutes, 0.10221650600433349 seconds
Avg batch train. time: 0.011357389556037054 seconds
Avg sample train. time: 0.0015256194926019924 seconds
Evaluating on validation set ...
Validation runtime: 0.0 hours, 0.0 minutes, 0.006739139556884766 seconds

Avg val. time: 0.0 hours, 0.0 minutes, 0.056419781276157925 seconds
Avg batch val. time: 0.056419781276157925 seconds
Avg sample val. time: 0.007052472659519741 seconds
Epoch 10 Validation Summary: epoch: 10.000000 | loss: 1.631216 | accuracy: 0.125000 | precision: 0.057143 | 
Epoch 11 Training Summary: epoch: 11.000000 | loss: 1.340883 | 
Epoch runtime: 0.0 hours, 0.0 minutes, 0.0809791088104248 seconds

Avg epoch train. time: 0.0 hours, 0.0 minutes, 0.10028583353215997 seconds
Avg batch train. time: 0.01114287039246222 seconds
Avg sample train. time: 0.0014968034855546266 seconds
Epoch 12 Training Summary: epoch: 12.000000 | loss: 1.388655 | 
Epoch runtime: 0.0 hours, 0.0 minutes, 0.075958251953125 seconds

Avg epoch train. time: 0.0 hours, 0.0 minutes, 0.0982585350672404 seconds
Avg batch train. time: 0.010917615007471156 seconds
Avg sample train. time: 0.0014665452995110508 seconds
Evaluating on validation set ...
Validation runtime: 0.0 hours, 0.0 minutes, 0.0071103572845458984 seconds

Avg val. time: 0.0 hours, 0.0 minutes, 0.05025610327720642 seconds
Avg batch val. time: 0.05025610327720642 seconds
Avg sample val. time: 0.006282012909650803 seconds
Epoch 12 Validation Summary: epoch: 12.000000 | loss: 1.599482 | accuracy: 0.250000 | precision: 0.266667 | 
Epoch 13 Training Summary: epoch: 13.000000 | loss: 1.375435 | 
Epoch runtime: 0.0 hours, 0.0 minutes, 0.07890844345092773 seconds

Avg epoch train. time: 0.0 hours, 0.0 minutes, 0.0967700664813702 seconds
Avg batch train. time: 0.010752229609041132 seconds
Avg sample train. time: 0.0014443293504682118 seconds
Epoch 14 Training Summary: epoch: 14.000000 | loss: 1.314056 | 
Epoch runtime: 0.0 hours, 0.0 minutes, 0.08369660377502441 seconds

Avg epoch train. time: 0.0 hours, 0.0 minutes, 0.09583624771663121 seconds
Avg batch train. time: 0.010648471968514579 seconds
Avg sample train. time: 0.0014303917569646449 seconds
Evaluating on validation set ...
Validation runtime: 0.0 hours, 0.0 minutes, 0.006715297698974609 seconds

Avg val. time: 0.0 hours, 0.0 minutes, 0.04541823599073622 seconds
Avg batch val. time: 0.04541823599073622 seconds
Avg sample val. time: 0.005677279498842027 seconds
Epoch 14 Validation Summary: epoch: 14.000000 | loss: 1.659331 | accuracy: 0.250000 | precision: 0.214286 | 
Epoch 15 Training Summary: epoch: 15.000000 | loss: 1.213007 | 
Epoch runtime: 0.0 hours, 0.0 minutes, 0.08269214630126953 seconds

Avg epoch train. time: 0.0 hours, 0.0 minutes, 0.09495997428894043 seconds
Avg batch train. time: 0.010551108254326714 seconds
Avg sample train. time: 0.0014173130490886632 seconds
Epoch 16 Training Summary: epoch: 16.000000 | loss: 1.282491 | 
Epoch runtime: 0.0 hours, 0.0 minutes, 0.08011293411254883 seconds

Avg epoch train. time: 0.0 hours, 0.0 minutes, 0.09403203427791595 seconds
Avg batch train. time: 0.010448003808657328 seconds
Avg sample train. time: 0.00140346319817785 seconds
Evaluating on validation set ...
Validation runtime: 0.0 hours, 0.0 minutes, 0.006006956100463867 seconds

Avg val. time: 0.0 hours, 0.0 minutes, 0.041477108001708986 seconds
Avg batch val. time: 0.041477108001708986 seconds
Avg sample val. time: 0.005184638500213623 seconds
Epoch 16 Validation Summary: epoch: 16.000000 | loss: 1.583009 | accuracy: 0.250000 | precision: 0.194444 | 
Epoch 17 Training Summary: epoch: 17.000000 | loss: 1.281029 | 
Epoch runtime: 0.0 hours, 0.0 minutes, 0.08728599548339844 seconds

Avg epoch train. time: 0.0 hours, 0.0 minutes, 0.09363520846647375 seconds
Avg batch train. time: 0.010403912051830416 seconds
Avg sample train. time: 0.0013975404248727425 seconds
Epoch 18 Training Summary: epoch: 18.000000 | loss: 1.239913 | 
Epoch runtime: 0.0 hours, 0.0 minutes, 0.07980823516845703 seconds

Avg epoch train. time: 0.0 hours, 0.0 minutes, 0.0928670432832506 seconds
Avg batch train. time: 0.010318560364805622 seconds
Avg sample train. time: 0.0013860752728843374 seconds
Evaluating on validation set ...
Validation runtime: 0.0 hours, 0.0 minutes, 0.00591278076171875 seconds

Avg val. time: 0.0 hours, 0.0 minutes, 0.03824398734352805 seconds
Avg batch val. time: 0.03824398734352805 seconds
Avg sample val. time: 0.004780498417941007 seconds
Epoch 18 Validation Summary: epoch: 18.000000 | loss: 1.659896 | accuracy: 0.250000 | precision: 0.194444 | 
Epoch 19 Training Summary: epoch: 19.000000 | loss: 1.273374 | 
Epoch runtime: 0.0 hours, 0.0 minutes, 0.08178353309631348 seconds

Avg epoch train. time: 0.0 hours, 0.0 minutes, 0.09228370064183285 seconds
Avg batch train. time: 0.010253744515759205 seconds
Avg sample train. time: 0.0013773686662960126 seconds
Epoch 20 Training Summary: epoch: 20.000000 | loss: 1.162014 | 
Epoch runtime: 0.0 hours, 0.0 minutes, 0.08282351493835449 seconds

Avg epoch train. time: 0.0 hours, 0.0 minutes, 0.09181069135665894 seconds
Avg batch train. time: 0.010201187928517659 seconds
Avg sample train. time: 0.0013703088262187902 seconds
Evaluating on validation set ...
Validation runtime: 0.0 hours, 0.0 minutes, 0.006005525588989258 seconds

Avg val. time: 0.0 hours, 0.0 minutes, 0.035557448863983154 seconds
Avg batch val. time: 0.035557448863983154 seconds
Avg sample val. time: 0.004444681107997894 seconds
Epoch 20 Validation Summary: epoch: 20.000000 | loss: 1.653760 | accuracy: 0.250000 | precision: 0.266667 | 
Epoch 21 Training Summary: epoch: 21.000000 | loss: 1.114866 | 
Epoch runtime: 0.0 hours, 0.0 minutes, 0.0815739631652832 seconds

Avg epoch train. time: 0.0 hours, 0.0 minutes, 0.09132322810945057 seconds
Avg batch train. time: 0.010147025345494507 seconds
Avg sample train. time: 0.0013630332553649339 seconds
Epoch 22 Training Summary: epoch: 22.000000 | loss: 1.127711 | 
Epoch runtime: 0.0 hours, 0.0 minutes, 0.08216476440429688 seconds

Avg epoch train. time: 0.0 hours, 0.0 minutes, 0.09090693430467085 seconds
Avg batch train. time: 0.010100770478296762 seconds
Avg sample train. time: 0.0013568199149950873 seconds
Evaluating on validation set ...
Validation runtime: 0.0 hours, 0.0 minutes, 0.005650758743286133 seconds

Avg val. time: 0.0 hours, 0.0 minutes, 0.033256934239314154 seconds
Avg batch val. time: 0.033256934239314154 seconds
Avg sample val. time: 0.004157116779914269 seconds
Epoch 22 Validation Summary: epoch: 22.000000 | loss: 1.724260 | accuracy: 0.250000 | precision: 0.214286 | 
Epoch 23 Training Summary: epoch: 23.000000 | loss: 1.069142 | 
Epoch runtime: 0.0 hours, 0.0 minutes, 0.08405327796936035 seconds

Avg epoch train. time: 0.0 hours, 0.0 minutes, 0.09060894924661388 seconds
Avg batch train. time: 0.010067661027401541 seconds
Avg sample train. time: 0.0013523723768151324 seconds
Epoch 24 Training Summary: epoch: 24.000000 | loss: 0.979745 | 
Epoch runtime: 0.0 hours, 0.0 minutes, 0.08181214332580566 seconds

Avg epoch train. time: 0.0 hours, 0.0 minutes, 0.0902424156665802 seconds
Avg batch train. time: 0.010026935074064467 seconds
Avg sample train. time: 0.0013469017263668687 seconds
Evaluating on validation set ...
Validation runtime: 0.0 hours, 0.0 minutes, 0.005440950393676758 seconds

Avg val. time: 0.0 hours, 0.0 minutes, 0.031270078250340054 seconds
Avg batch val. time: 0.031270078250340054 seconds
Avg sample val. time: 0.003908759781292507 seconds
Epoch 24 Validation Summary: epoch: 24.000000 | loss: 1.602240 | accuracy: 0.250000 | precision: 0.194444 | 
Epoch 25 Training Summary: epoch: 25.000000 | loss: 0.951673 | 
Epoch runtime: 0.0 hours, 0.0 minutes, 0.07995843887329102 seconds

Avg epoch train. time: 0.0 hours, 0.0 minutes, 0.08983105659484864 seconds
Avg batch train. time: 0.009981228510538738 seconds
Avg sample train. time: 0.001340762038729084 seconds
Epoch 26 Training Summary: epoch: 26.000000 | loss: 0.881339 | 
Epoch runtime: 0.0 hours, 0.0 minutes, 0.07950878143310547 seconds

Avg epoch train. time: 0.0 hours, 0.0 minutes, 0.08943404601170467 seconds
Avg batch train. time: 0.009937116223522741 seconds
Avg sample train. time: 0.0013348365076373831 seconds
Evaluating on validation set ...
Validation runtime: 0.0 hours, 0.0 minutes, 0.005664825439453125 seconds

Avg val. time: 0.0 hours, 0.0 minutes, 0.029563061396280923 seconds
Avg batch val. time: 0.029563061396280923 seconds
Avg sample val. time: 0.0036953826745351154 seconds
Epoch 26 Validation Summary: epoch: 26.000000 | loss: 1.592655 | accuracy: 0.375000 | precision: 0.277778 | 
Epoch 27 Training Summary: epoch: 27.000000 | loss: 0.874669 | 
Epoch runtime: 0.0 hours, 0.0 minutes, 0.08226513862609863 seconds

Avg epoch train. time: 0.0 hours, 0.0 minutes, 0.08916853092334888 seconds
Avg batch train. time: 0.009907614547038764 seconds
Avg sample train. time: 0.001330873595870879 seconds
Epoch 28 Training Summary: epoch: 28.000000 | loss: 0.744949 | 
Epoch runtime: 0.0 hours, 0.0 minutes, 0.08225297927856445 seconds

Avg epoch train. time: 0.0 hours, 0.0 minutes, 0.08892154693603516 seconds
Avg batch train. time: 0.009880171881781684 seconds
Avg sample train. time: 0.0013271872677020173 seconds
Evaluating on validation set ...
Validation runtime: 0.0 hours, 0.0 minutes, 0.00574493408203125 seconds

Avg val. time: 0.0 hours, 0.0 minutes, 0.02807442843914032 seconds
Avg batch val. time: 0.02807442843914032 seconds
Avg sample val. time: 0.00350930355489254 seconds
Epoch 28 Validation Summary: epoch: 28.000000 | loss: 1.522621 | accuracy: 0.375000 | precision: 0.333333 | 
Epoch 29 Training Summary: epoch: 29.000000 | loss: 0.806568 | 
Epoch runtime: 0.0 hours, 0.0 minutes, 0.09264898300170898 seconds

Avg epoch train. time: 0.0 hours, 0.0 minutes, 0.08905007921416185 seconds
Avg batch train. time: 0.009894453246017983 seconds
Avg sample train. time: 0.0013291056599128634 seconds
Epoch 30 Training Summary: epoch: 30.000000 | loss: 0.740163 | 
Epoch runtime: 0.0 hours, 0.0 minutes, 0.08344078063964844 seconds

Avg epoch train. time: 0.0 hours, 0.0 minutes, 0.08886310259501139 seconds
Avg batch train. time: 0.009873678066112376 seconds
Avg sample train. time: 0.0013263149641046476 seconds
Evaluating on validation set ...
Validation runtime: 0.0 hours, 0.0 minutes, 0.005750179290771484 seconds

Avg val. time: 0.0 hours, 0.0 minutes, 0.02676123731276568 seconds
Avg batch val. time: 0.02676123731276568 seconds
Avg sample val. time: 0.00334515466409571 seconds
Epoch 30 Validation Summary: epoch: 30.000000 | loss: 1.561178 | accuracy: 0.375000 | precision: 0.300000 | 
Epoch 31 Training Summary: epoch: 31.000000 | loss: 0.696312 | 
Epoch runtime: 0.0 hours, 0.0 minutes, 0.08295631408691406 seconds

Avg epoch train. time: 0.0 hours, 0.0 minutes, 0.08867256103023406 seconds
Avg batch train. time: 0.009852506781137117 seconds
Avg sample train. time: 0.0013234710601527473 seconds
Epoch 32 Training Summary: epoch: 32.000000 | loss: 0.548795 | 
Epoch runtime: 0.0 hours, 0.0 minutes, 0.08184504508972168 seconds

Avg epoch train. time: 0.0 hours, 0.0 minutes, 0.08845920115709305 seconds
Avg batch train. time: 0.009828800128565894 seconds
Avg sample train. time: 0.0013202865844342247 seconds
Evaluating on validation set ...
Validation runtime: 0.0 hours, 0.0 minutes, 0.006269693374633789 seconds

Avg val. time: 0.0 hours, 0.0 minutes, 0.02562281820509169 seconds
Avg batch val. time: 0.02562281820509169 seconds
Avg sample val. time: 0.003202852275636461 seconds
Epoch 32 Validation Summary: epoch: 32.000000 | loss: 1.642270 | accuracy: 0.375000 | precision: 0.566667 | 
Epoch 33 Training Summary: epoch: 33.000000 | loss: 0.595056 | 
Epoch runtime: 0.0 hours, 0.0 minutes, 0.08383417129516602 seconds

Avg epoch train. time: 0.0 hours, 0.0 minutes, 0.08831904873703465 seconds
Avg batch train. time: 0.009813227637448295 seconds
Avg sample train. time: 0.001318194757269174 seconds
Epoch 34 Training Summary: epoch: 34.000000 | loss: 0.559059 | 
Epoch runtime: 0.0 hours, 0.0 minutes, 0.08430933952331543 seconds

Avg epoch train. time: 0.0 hours, 0.0 minutes, 0.08820111611310173 seconds
Avg batch train. time: 0.00980012401256686 seconds
Avg sample train. time: 0.0013164345688522646 seconds
Evaluating on validation set ...
Validation runtime: 0.0 hours, 0.0 minutes, 0.005890607833862305 seconds

Avg val. time: 0.0 hours, 0.0 minutes, 0.024584280817132247 seconds
Avg batch val. time: 0.024584280817132247 seconds
Avg sample val. time: 0.003073035102141531 seconds
Epoch 34 Validation Summary: epoch: 34.000000 | loss: 1.793621 | accuracy: 0.250000 | precision: 0.194444 | 
Epoch 35 Training Summary: epoch: 35.000000 | loss: 0.466312 | 
Epoch runtime: 0.0 hours, 0.0 minutes, 0.08073186874389648 seconds

Avg epoch train. time: 0.0 hours, 0.0 minutes, 0.08798770904541016 seconds
Avg batch train. time: 0.009776412116156685 seconds
Avg sample train. time: 0.001313249388737465 seconds
Epoch 36 Training Summary: epoch: 36.000000 | loss: 0.471423 | 
Epoch runtime: 0.0 hours, 0.0 minutes, 0.0834496021270752 seconds

Avg epoch train. time: 0.0 hours, 0.0 minutes, 0.08786165051990086 seconds
Avg batch train. time: 0.009762405613322318 seconds
Avg sample train. time: 0.0013113679182074755 seconds
Evaluating on validation set ...
Validation runtime: 0.0 hours, 0.0 minutes, 0.006165027618408203 seconds

Avg val. time: 0.0 hours, 0.0 minutes, 0.023663318157196044 seconds
Avg batch val. time: 0.023663318157196044 seconds
Avg sample val. time: 0.0029579147696495054 seconds
Epoch 36 Validation Summary: epoch: 36.000000 | loss: 1.775893 | accuracy: 0.250000 | precision: 0.250000 | 
Epoch 37 Training Summary: epoch: 37.000000 | loss: 0.408568 | 
Epoch runtime: 0.0 hours, 0.0 minutes, 0.08466577529907227 seconds

Avg epoch train. time: 0.0 hours, 0.0 minutes, 0.08777527551393251 seconds
Avg batch train. time: 0.009752808390436945 seconds
Avg sample train. time: 0.001310078739013918 seconds
Epoch 38 Training Summary: epoch: 38.000000 | loss: 0.422556 | 
Epoch runtime: 0.0 hours, 0.0 minutes, 0.07758879661560059 seconds

Avg epoch train. time: 0.0 hours, 0.0 minutes, 0.08750721027976588 seconds
Avg batch train. time: 0.00972302336441843 seconds
Avg sample train. time: 0.00130607776536964 seconds
Evaluating on validation set ...
Validation runtime: 0.0 hours, 0.0 minutes, 0.005525827407836914 seconds

Avg val. time: 0.0 hours, 0.0 minutes, 0.02279962812151228 seconds
Avg batch val. time: 0.02279962812151228 seconds
Avg sample val. time: 0.002849953515189035 seconds
Epoch 38 Validation Summary: epoch: 38.000000 | loss: 1.674153 | accuracy: 0.375000 | precision: 0.388889 | 
Epoch 39 Training Summary: epoch: 39.000000 | loss: 0.406888 | 
Epoch runtime: 0.0 hours, 0.0 minutes, 0.08792567253112793 seconds

Avg epoch train. time: 0.0 hours, 0.0 minutes, 0.08751794008108285 seconds
Avg batch train. time: 0.00972421556456476 seconds
Avg sample train. time: 0.001306237911657953 seconds
Epoch 40 Training Summary: epoch: 40.000000 | loss: 0.306930 | 
Epoch runtime: 0.0 hours, 0.0 minutes, 0.08405542373657227 seconds

Avg epoch train. time: 0.0 hours, 0.0 minutes, 0.0874313771724701 seconds
Avg batch train. time: 0.00971459746360779 seconds
Avg sample train. time: 0.001304945927947315 seconds
Evaluating on validation set ...
Validation runtime: 0.0 hours, 0.0 minutes, 0.0064983367919921875 seconds

Avg val. time: 0.0 hours, 0.0 minutes, 0.02205866033380682 seconds
Avg batch val. time: 0.02205866033380682 seconds
Avg sample val. time: 0.0027573325417258525 seconds
Epoch 40 Validation Summary: epoch: 40.000000 | loss: 1.680470 | accuracy: 0.500000 | precision: 0.555556 | 
Best accuracy was 0.5. Other metrics: OrderedDict([('epoch', 40), ('loss', 1.6804698705673218), ('accuracy', 0.5), ('precision', 0.5555555555555556)])
All Done!
Total runtime: 0.0 hours, 0.0 minutes, 7.027101993560791 seconds

