Running:
src/main_crosssetting.py --output_dir experiments --target_user Zeyu --user_othersetting ZeyuZoom --comment classification from Scratch --name VRS_fromScratch --records_file VRS_records.xls --data_dir /mnt/d/OneDrive - Southern Methodist University/Phone_Privacy/input_feature/opticalflow_22_downsample_480p_s22 --test_data_dir /mnt/d/OneDrive - Southern Methodist University/Phone_Privacy/input_feature/opticalflow_22_downsample_480p_s22 --data_class vrs --val_ratio 0.1 --epochs 40 --lr 0.001 --dropout 0.2 --batch_size 8 --num_layers 3 --num_heads 4 --optimizer RAdam --pos_encoding learnable --task classification --normalization none --key_metric accuracy

Using device: cuda
Loading and preprocessing data ...
67 samples may be used for training
8 samples will be used for validation
0 samples will be used for testing
Creating model ...
Model:
TSTransformerEncoderClassiregressor(
  (project_inp): Linear(in_features=8, out_features=64, bias=True)
  (pos_enc): LearnablePositionalEncoding(
    (dropout): Dropout(p=0.2, inplace=False)
  )
  (transformer_encoder): TransformerEncoder(
    (layers): ModuleList(
      (0-2): 3 x TransformerBatchNormEncoderLayer(
        (self_attn): MultiheadAttention(
          (out_proj): NonDynamicallyQuantizableLinear(in_features=64, out_features=64, bias=True)
        )
        (linear1): Linear(in_features=64, out_features=256, bias=True)
        (dropout): Dropout(p=0.2, inplace=False)
        (linear2): Linear(in_features=256, out_features=64, bias=True)
        (norm1): BatchNorm1d(64, eps=1e-05, momentum=0.1, affine=True, track_running_stats=True)
        (norm2): BatchNorm1d(64, eps=1e-05, momentum=0.1, affine=True, track_running_stats=True)
        (dropout1): Dropout(p=0.2, inplace=False)
        (dropout2): Dropout(p=0.2, inplace=False)
      )
    )
  )
  (dropout1): Dropout(p=0.2, inplace=False)
  (output_layer): Linear(in_features=5120, out_features=5, bias=True)
)
Total number of parameters: 181253
Trainable parameters: 181253
Evaluating on validation set ...
Validation runtime: 0.0 hours, 0.0 minutes, 0.17186594009399414 seconds

Avg val. time: 0.0 hours, 0.0 minutes, 0.17186594009399414 seconds
Avg batch val. time: 0.17186594009399414 seconds
Avg sample val. time: 0.021483242511749268 seconds
Epoch 0 Validation Summary: epoch: 0.000000 | loss: 6.192279 | accuracy: 0.125000 | precision: 0.133333 | 
Starting training...
Epoch 1 Training Summary: epoch: 1.000000 | loss: 1.617460 | 
Epoch runtime: 0.0 hours, 0.0 minutes, 0.2073366641998291 seconds

Avg epoch train. time: 0.0 hours, 0.0 minutes, 0.2073366641998291 seconds
Avg batch train. time: 0.023037407133314345 seconds
Avg sample train. time: 0.0030945770776093897 seconds
Evaluating on validation set ...
Validation runtime: 0.0 hours, 0.0 minutes, 0.006695747375488281 seconds

Avg val. time: 0.0 hours, 0.0 minutes, 0.08928084373474121 seconds
Avg batch val. time: 0.08928084373474121 seconds
Avg sample val. time: 0.011160105466842651 seconds
Epoch 1 Validation Summary: epoch: 1.000000 | loss: 1.599209 | accuracy: 0.125000 | precision: 0.125000 | 
Epoch 2 Training Summary: epoch: 2.000000 | loss: 1.600277 | 
Epoch runtime: 0.0 hours, 0.0 minutes, 0.09116744995117188 seconds

Avg epoch train. time: 0.0 hours, 0.0 minutes, 0.1492520570755005 seconds
Avg batch train. time: 0.016583561897277832 seconds
Avg sample train. time: 0.002227642642917918 seconds
Evaluating on validation set ...
Validation runtime: 0.0 hours, 0.0 minutes, 0.006570100784301758 seconds

Avg val. time: 0.0 hours, 0.0 minutes, 0.06171059608459473 seconds
Avg batch val. time: 0.06171059608459473 seconds
Avg sample val. time: 0.007713824510574341 seconds
Epoch 2 Validation Summary: epoch: 2.000000 | loss: 1.543511 | accuracy: 0.125000 | precision: 0.125000 | 
Epoch 3 Training Summary: epoch: 3.000000 | loss: 1.496479 | 
Epoch runtime: 0.0 hours, 0.0 minutes, 0.08935689926147461 seconds

Avg epoch train. time: 0.0 hours, 0.0 minutes, 0.1292870044708252 seconds
Avg batch train. time: 0.014365222718980577 seconds
Avg sample train. time: 0.0019296567831466446 seconds
Epoch 4 Training Summary: epoch: 4.000000 | loss: 1.499987 | 
Epoch runtime: 0.0 hours, 0.0 minutes, 0.08915448188781738 seconds

Avg epoch train. time: 0.0 hours, 0.0 minutes, 0.11925387382507324 seconds
Avg batch train. time: 0.013250430425008139 seconds
Avg sample train. time: 0.001779908564553332 seconds
Evaluating on validation set ...
Validation runtime: 0.0 hours, 0.0 minutes, 0.00662541389465332 seconds

Avg val. time: 0.0 hours, 0.0 minutes, 0.047939300537109375 seconds
Avg batch val. time: 0.047939300537109375 seconds
Avg sample val. time: 0.005992412567138672 seconds
Epoch 4 Validation Summary: epoch: 4.000000 | loss: 1.481489 | accuracy: 0.250000 | precision: 0.280000 | 
Epoch 5 Training Summary: epoch: 5.000000 | loss: 1.379082 | 
Epoch runtime: 0.0 hours, 0.0 minutes, 0.0836639404296875 seconds

Avg epoch train. time: 0.0 hours, 0.0 minutes, 0.1121358871459961 seconds
Avg batch train. time: 0.012459543016221788 seconds
Avg sample train. time: 0.0016736699574029267 seconds
Epoch 6 Training Summary: epoch: 6.000000 | loss: 1.392874 | 
Epoch runtime: 0.0 hours, 0.0 minutes, 0.08141922950744629 seconds

Avg epoch train. time: 0.0 hours, 0.0 minutes, 0.10701644420623779 seconds
Avg batch train. time: 0.011890716022915311 seconds
Avg sample train. time: 0.0015972603612871312 seconds
Evaluating on validation set ...
Validation runtime: 0.0 hours, 0.0 minutes, 0.006613016128540039 seconds

Avg val. time: 0.0 hours, 0.0 minutes, 0.03967404365539551 seconds
Avg batch val. time: 0.03967404365539551 seconds
Avg sample val. time: 0.0049592554569244385 seconds
Epoch 6 Validation Summary: epoch: 6.000000 | loss: 1.429405 | accuracy: 0.375000 | precision: 0.375000 | 
Epoch 7 Training Summary: epoch: 7.000000 | loss: 1.347225 | 
Epoch runtime: 0.0 hours, 0.0 minutes, 0.08206677436828613 seconds

Avg epoch train. time: 0.0 hours, 0.0 minutes, 0.10345220565795898 seconds
Avg batch train. time: 0.011494689517550997 seconds
Avg sample train. time: 0.0015440627710143133 seconds
Epoch 8 Training Summary: epoch: 8.000000 | loss: 1.308309 | 
Epoch runtime: 0.0 hours, 0.0 minutes, 0.0802459716796875 seconds

Avg epoch train. time: 0.0 hours, 0.0 minutes, 0.10055142641067505 seconds
Avg batch train. time: 0.011172380712297227 seconds
Avg sample train. time: 0.0015007675583682844 seconds
Evaluating on validation set ...
Validation runtime: 0.0 hours, 0.0 minutes, 0.006443023681640625 seconds

Avg val. time: 0.0 hours, 0.0 minutes, 0.03413554032643636 seconds
Avg batch val. time: 0.03413554032643636 seconds
Avg sample val. time: 0.004266942540804545 seconds
Epoch 8 Validation Summary: epoch: 8.000000 | loss: 1.364493 | accuracy: 0.375000 | precision: 0.333333 | 
Epoch 9 Training Summary: epoch: 9.000000 | loss: 1.231394 | 
Epoch runtime: 0.0 hours, 0.0 minutes, 0.0785975456237793 seconds

Avg epoch train. time: 0.0 hours, 0.0 minutes, 0.09811210632324219 seconds
Avg batch train. time: 0.01090134514702691 seconds
Avg sample train. time: 0.0014643597958692864 seconds
Epoch 10 Training Summary: epoch: 10.000000 | loss: 1.152345 | 
Epoch runtime: 0.0 hours, 0.0 minutes, 0.0878591537475586 seconds

Avg epoch train. time: 0.0 hours, 0.0 minutes, 0.09708681106567382 seconds
Avg batch train. time: 0.010787423451741536 seconds
Avg sample train. time: 0.0014490568815772212 seconds
Evaluating on validation set ...
Validation runtime: 0.0 hours, 0.0 minutes, 0.006699562072753906 seconds

Avg val. time: 0.0 hours, 0.0 minutes, 0.030216114861624583 seconds
Avg batch val. time: 0.030216114861624583 seconds
Avg sample val. time: 0.003777014357703073 seconds
Epoch 10 Validation Summary: epoch: 10.000000 | loss: 1.309361 | accuracy: 0.500000 | precision: 0.428571 | 
Epoch 11 Training Summary: epoch: 11.000000 | loss: 1.099135 | 
Epoch runtime: 0.0 hours, 0.0 minutes, 0.08477139472961426 seconds

Avg epoch train. time: 0.0 hours, 0.0 minutes, 0.09596722776239569 seconds
Avg batch train. time: 0.010663025306932854 seconds
Avg sample train. time: 0.0014323466830208312 seconds
Epoch 12 Training Summary: epoch: 12.000000 | loss: 1.106712 | 
Epoch runtime: 0.0 hours, 0.0 minutes, 0.08341026306152344 seconds

Avg epoch train. time: 0.0 hours, 0.0 minutes, 0.094920814037323 seconds
Avg batch train. time: 0.01054675711525811 seconds
Avg sample train. time: 0.0014167285677212389 seconds
Evaluating on validation set ...
Validation runtime: 0.0 hours, 0.0 minutes, 0.006465911865234375 seconds

Avg val. time: 0.0 hours, 0.0 minutes, 0.027247339487075806 seconds
Avg batch val. time: 0.027247339487075806 seconds
Avg sample val. time: 0.0034059174358844757 seconds
Epoch 12 Validation Summary: epoch: 12.000000 | loss: 1.312554 | accuracy: 0.500000 | precision: 0.600000 | 
Epoch 13 Training Summary: epoch: 13.000000 | loss: 1.011656 | 
Epoch runtime: 0.0 hours, 0.0 minutes, 0.08978557586669922 seconds

Avg epoch train. time: 0.0 hours, 0.0 minutes, 0.09452579571650578 seconds
Avg batch train. time: 0.010502866190722864 seconds
Avg sample train. time: 0.001410832771888146 seconds
Epoch 14 Training Summary: epoch: 14.000000 | loss: 0.986588 | 
Epoch runtime: 0.0 hours, 0.0 minutes, 0.09633016586303711 seconds

Avg epoch train. time: 0.0 hours, 0.0 minutes, 0.09465467929840088 seconds
Avg batch train. time: 0.01051718658871121 seconds
Avg sample train. time: 0.001412756407438819 seconds
Evaluating on validation set ...
Validation runtime: 0.0 hours, 0.0 minutes, 0.007466554641723633 seconds

Avg val. time: 0.0 hours, 0.0 minutes, 0.025049474504258897 seconds
Avg batch val. time: 0.025049474504258897 seconds
Avg sample val. time: 0.003131184313032362 seconds
Epoch 14 Validation Summary: epoch: 14.000000 | loss: 1.276483 | accuracy: 0.500000 | precision: 0.666667 | 
Epoch 15 Training Summary: epoch: 15.000000 | loss: 0.929664 | 
Epoch runtime: 0.0 hours, 0.0 minutes, 0.09964418411254883 seconds

Avg epoch train. time: 0.0 hours, 0.0 minutes, 0.09498731295267741 seconds
Avg batch train. time: 0.010554145883630824 seconds
Avg sample train. time: 0.0014177210888459315 seconds
Epoch 16 Training Summary: epoch: 16.000000 | loss: 0.916761 | 
Epoch runtime: 0.0 hours, 0.0 minutes, 0.10544705390930176 seconds

Avg epoch train. time: 0.0 hours, 0.0 minutes, 0.09564104676246643 seconds
Avg batch train. time: 0.010626782973607382 seconds
Avg sample train. time: 0.0014274783098875586 seconds
Evaluating on validation set ...
Validation runtime: 0.0 hours, 0.0 minutes, 0.008415699005126953 seconds

Avg val. time: 0.0 hours, 0.0 minutes, 0.023386096954345702 seconds
Avg batch val. time: 0.023386096954345702 seconds
Avg sample val. time: 0.0029232621192932127 seconds
Epoch 16 Validation Summary: epoch: 16.000000 | loss: 1.331941 | accuracy: 0.625000 | precision: 0.700000 | 
Epoch 17 Training Summary: epoch: 17.000000 | loss: 0.874963 | 
Epoch runtime: 0.0 hours, 0.0 minutes, 0.09255838394165039 seconds

Avg epoch train. time: 0.0 hours, 0.0 minutes, 0.0954597136553596 seconds
Avg batch train. time: 0.010606634850595511 seconds
Avg sample train. time: 0.0014247718456023822 seconds
Epoch 18 Training Summary: epoch: 18.000000 | loss: 0.814838 | 
Epoch runtime: 0.0 hours, 0.0 minutes, 0.08951210975646973 seconds

Avg epoch train. time: 0.0 hours, 0.0 minutes, 0.0951292912165324 seconds
Avg batch train. time: 0.010569921246281377 seconds
Avg sample train. time: 0.0014198401674109312 seconds
Evaluating on validation set ...
Validation runtime: 0.0 hours, 0.0 minutes, 0.007198810577392578 seconds

Avg val. time: 0.0 hours, 0.0 minutes, 0.021914525465531784 seconds
Avg batch val. time: 0.021914525465531784 seconds
Avg sample val. time: 0.002739315683191473 seconds
Epoch 18 Validation Summary: epoch: 18.000000 | loss: 1.223093 | accuracy: 0.625000 | precision: 0.777778 | 
Epoch 19 Training Summary: epoch: 19.000000 | loss: 0.807915 | 
Epoch runtime: 0.0 hours, 0.0 minutes, 0.09444165229797363 seconds

Avg epoch train. time: 0.0 hours, 0.0 minutes, 0.09509309969450298 seconds
Avg batch train. time: 0.010565899966055886 seconds
Avg sample train. time: 0.001419299995440343 seconds
Epoch 20 Training Summary: epoch: 20.000000 | loss: 0.787080 | 
Epoch runtime: 0.0 hours, 0.0 minutes, 0.09982800483703613 seconds

Avg epoch train. time: 0.0 hours, 0.0 minutes, 0.09532984495162963 seconds
Avg batch train. time: 0.010592204994625515 seconds
Avg sample train. time: 0.0014228335067407408 seconds
Evaluating on validation set ...
Validation runtime: 0.0 hours, 0.0 minutes, 0.008135795593261719 seconds

Avg val. time: 0.0 hours, 0.0 minutes, 0.020766297976175945 seconds
Avg batch val. time: 0.020766297976175945 seconds
Avg sample val. time: 0.002595787247021993 seconds
Epoch 20 Validation Summary: epoch: 20.000000 | loss: 1.093798 | accuracy: 0.750000 | precision: 0.833333 | 
Epoch 21 Training Summary: epoch: 21.000000 | loss: 0.702157 | 
Epoch runtime: 0.0 hours, 0.0 minutes, 0.09371376037597656 seconds

Avg epoch train. time: 0.0 hours, 0.0 minutes, 0.0952528885432652 seconds
Avg batch train. time: 0.010583654282585023 seconds
Avg sample train. time: 0.001421684903630824 seconds
Epoch 22 Training Summary: epoch: 22.000000 | loss: 0.603082 | 
Epoch runtime: 0.0 hours, 0.0 minutes, 0.0890800952911377 seconds

Avg epoch train. time: 0.0 hours, 0.0 minutes, 0.09497230703180487 seconds
Avg batch train. time: 0.01055247855908943 seconds
Avg sample train. time: 0.0014174971198776846 seconds
Evaluating on validation set ...
Validation runtime: 0.0 hours, 0.0 minutes, 0.008099794387817383 seconds

Avg val. time: 0.0 hours, 0.0 minutes, 0.019791951546302207 seconds
Avg batch val. time: 0.019791951546302207 seconds
Avg sample val. time: 0.002473993943287776 seconds
Epoch 22 Validation Summary: epoch: 22.000000 | loss: 1.126797 | accuracy: 0.500000 | precision: 0.666667 | 
Epoch 23 Training Summary: epoch: 23.000000 | loss: 0.556816 | 
Epoch runtime: 0.0 hours, 0.0 minutes, 0.1032259464263916 seconds

Avg epoch train. time: 0.0 hours, 0.0 minutes, 0.09533116091852603 seconds
Avg batch train. time: 0.010592351213169558 seconds
Avg sample train. time: 0.0014228531480377019 seconds
Epoch 24 Training Summary: epoch: 24.000000 | loss: 0.623721 | 
Epoch runtime: 0.0 hours, 0.0 minutes, 0.09422111511230469 seconds

Avg epoch train. time: 0.0 hours, 0.0 minutes, 0.09528490900993347 seconds
Avg batch train. time: 0.01058721211221483 seconds
Avg sample train. time: 0.0014221628210437831 seconds
Evaluating on validation set ...
Validation runtime: 0.0 hours, 0.0 minutes, 0.008182287216186523 seconds

Avg val. time: 0.0 hours, 0.0 minutes, 0.0189626898084368 seconds
Avg batch val. time: 0.0189626898084368 seconds
Avg sample val. time: 0.0023703362260546 seconds
Epoch 24 Validation Summary: epoch: 24.000000 | loss: 1.293667 | accuracy: 0.750000 | precision: 0.833333 | 
Epoch 25 Training Summary: epoch: 25.000000 | loss: 0.436776 | 
Epoch runtime: 0.0 hours, 0.0 minutes, 0.08655333518981934 seconds

Avg epoch train. time: 0.0 hours, 0.0 minutes, 0.09493564605712891 seconds
Avg batch train. time: 0.010548405117458769 seconds
Avg sample train. time: 0.0014169499411511779 seconds
Epoch 26 Training Summary: epoch: 26.000000 | loss: 0.459680 | 
Epoch runtime: 0.0 hours, 0.0 minutes, 0.09604501724243164 seconds

Avg epoch train. time: 0.0 hours, 0.0 minutes, 0.09497831417964055 seconds
Avg batch train. time: 0.01055314601996006 seconds
Avg sample train. time: 0.0014175867788006051 seconds
Evaluating on validation set ...
Validation runtime: 0.0 hours, 0.0 minutes, 0.00728297233581543 seconds

Avg val. time: 0.0 hours, 0.0 minutes, 0.01818404197692871 seconds
Avg batch val. time: 0.01818404197692871 seconds
Avg sample val. time: 0.0022730052471160887 seconds
Epoch 26 Validation Summary: epoch: 26.000000 | loss: 1.087560 | accuracy: 0.750000 | precision: 0.805556 | 
Epoch 27 Training Summary: epoch: 27.000000 | loss: 0.456259 | 
Epoch runtime: 0.0 hours, 0.0 minutes, 0.08694577217102051 seconds

Avg epoch train. time: 0.0 hours, 0.0 minutes, 0.09468081262376574 seconds
Avg batch train. time: 0.010520090291529526 seconds
Avg sample train. time: 0.0014131464570711304 seconds
Epoch 28 Training Summary: epoch: 28.000000 | loss: 0.432502 | 
Epoch runtime: 0.0 hours, 0.0 minutes, 0.09337544441223145 seconds

Avg epoch train. time: 0.0 hours, 0.0 minutes, 0.09463419233049665 seconds
Avg batch train. time: 0.010514910258944072 seconds
Avg sample train. time: 0.0014124506317984575 seconds
Evaluating on validation set ...
Validation runtime: 0.0 hours, 0.0 minutes, 0.006993293762207031 seconds

Avg val. time: 0.0 hours, 0.0 minutes, 0.017484620213508606 seconds
Avg batch val. time: 0.017484620213508606 seconds
Avg sample val. time: 0.0021855775266885757 seconds
Epoch 28 Validation Summary: epoch: 28.000000 | loss: 1.263635 | accuracy: 0.625000 | precision: 0.700000 | 
Epoch 29 Training Summary: epoch: 29.000000 | loss: 0.319041 | 
Epoch runtime: 0.0 hours, 0.0 minutes, 0.09078359603881836 seconds

Avg epoch train. time: 0.0 hours, 0.0 minutes, 0.09450141314802499 seconds
Avg batch train. time: 0.010500157016447222 seconds
Avg sample train. time: 0.0014104688529555968 seconds
Epoch 30 Training Summary: epoch: 30.000000 | loss: 0.346390 | 
Epoch runtime: 0.0 hours, 0.0 minutes, 0.09613204002380371 seconds

Avg epoch train. time: 0.0 hours, 0.0 minutes, 0.09455576737721762 seconds
Avg batch train. time: 0.010506196375246402 seconds
Avg sample train. time: 0.0014112801101077257 seconds
Evaluating on validation set ...
Validation runtime: 0.0 hours, 0.0 minutes, 0.007616996765136719 seconds

Avg val. time: 0.0 hours, 0.0 minutes, 0.016904171775369084 seconds
Avg batch val. time: 0.016904171775369084 seconds
Avg sample val. time: 0.0021130214719211355 seconds
Epoch 30 Validation Summary: epoch: 30.000000 | loss: 1.186512 | accuracy: 0.750000 | precision: 0.805556 | 
Epoch 31 Training Summary: epoch: 31.000000 | loss: 0.316939 | 
Epoch runtime: 0.0 hours, 0.0 minutes, 0.08935284614562988 seconds

Avg epoch train. time: 0.0 hours, 0.0 minutes, 0.09438793120845672 seconds
Avg batch train. time: 0.010487547912050747 seconds
Avg sample train. time: 0.001408775092663533 seconds
Epoch 32 Training Summary: epoch: 32.000000 | loss: 0.276478 | 
Epoch runtime: 0.0 hours, 0.0 minutes, 0.09417223930358887 seconds

Avg epoch train. time: 0.0 hours, 0.0 minutes, 0.0943811908364296 seconds
Avg batch train. time: 0.01048679898182551 seconds
Avg sample train. time: 0.0014086744900959642 seconds
Evaluating on validation set ...
Validation runtime: 0.0 hours, 0.0 minutes, 0.007671833038330078 seconds

Avg val. time: 0.0 hours, 0.0 minutes, 0.016391264067755804 seconds
Avg batch val. time: 0.016391264067755804 seconds
Avg sample val. time: 0.0020489080084694754 seconds
Epoch 32 Validation Summary: epoch: 32.000000 | loss: 0.947317 | accuracy: 0.750000 | precision: 0.833333 | 
Epoch 33 Training Summary: epoch: 33.000000 | loss: 0.271396 | 
Epoch runtime: 0.0 hours, 0.0 minutes, 0.09911441802978516 seconds

Avg epoch train. time: 0.0 hours, 0.0 minutes, 0.09452462196350098 seconds
Avg batch train. time: 0.01050273577372233 seconds
Avg sample train. time: 0.0014108152531865817 seconds
Epoch 34 Training Summary: epoch: 34.000000 | loss: 0.230874 | 
Epoch runtime: 0.0 hours, 0.0 minutes, 0.0918126106262207 seconds

Avg epoch train. time: 0.0 hours, 0.0 minutes, 0.09444485692416921 seconds
Avg batch train. time: 0.010493872991574357 seconds
Avg sample train. time: 0.0014096247302114806 seconds
Evaluating on validation set ...
Validation runtime: 0.0 hours, 0.0 minutes, 0.007082700729370117 seconds

Avg val. time: 0.0 hours, 0.0 minutes, 0.01590133968152498 seconds
Avg batch val. time: 0.01590133968152498 seconds
Avg sample val. time: 0.0019876674601906224 seconds
Epoch 34 Validation Summary: epoch: 34.000000 | loss: 1.147491 | accuracy: 0.750000 | precision: 0.805556 | 
Epoch 35 Training Summary: epoch: 35.000000 | loss: 0.221406 | 
Epoch runtime: 0.0 hours, 0.0 minutes, 0.08580756187438965 seconds

Avg epoch train. time: 0.0 hours, 0.0 minutes, 0.09419807706560407 seconds
Avg batch train. time: 0.010466453007289342 seconds
Avg sample train. time: 0.0014059414487403593 seconds
Epoch 36 Training Summary: epoch: 36.000000 | loss: 0.193226 | 
Epoch runtime: 0.0 hours, 0.0 minutes, 0.09084939956665039 seconds

Avg epoch train. time: 0.0 hours, 0.0 minutes, 0.0941050582461887 seconds
Avg batch train. time: 0.010456117582909855 seconds
Avg sample train. time: 0.0014045531081520702 seconds
Evaluating on validation set ...
Validation runtime: 0.0 hours, 0.0 minutes, 0.009115934371948242 seconds

Avg val. time: 0.0 hours, 0.0 minutes, 0.015562069416046143 seconds
Avg batch val. time: 0.015562069416046143 seconds
Avg sample val. time: 0.001945258677005768 seconds
Epoch 36 Validation Summary: epoch: 36.000000 | loss: 1.065363 | accuracy: 0.750000 | precision: 0.805556 | 
Epoch 37 Training Summary: epoch: 37.000000 | loss: 0.192265 | 
Epoch runtime: 0.0 hours, 0.0 minutes, 0.09443306922912598 seconds

Avg epoch train. time: 0.0 hours, 0.0 minutes, 0.0941139234078897 seconds
Avg batch train. time: 0.010457102600876633 seconds
Avg sample train. time: 0.0014046854239983537 seconds
Epoch 38 Training Summary: epoch: 38.000000 | loss: 0.145630 | 
Epoch runtime: 0.0 hours, 0.0 minutes, 0.09394264221191406 seconds

Avg epoch train. time: 0.0 hours, 0.0 minutes, 0.0941094160079956 seconds
Avg batch train. time: 0.010456601778666178 seconds
Avg sample train. time: 0.0014046181493730687 seconds
Evaluating on validation set ...
Validation runtime: 0.0 hours, 0.0 minutes, 0.00720524787902832 seconds

Avg val. time: 0.0 hours, 0.0 minutes, 0.015164125533331008 seconds
Avg batch val. time: 0.015164125533331008 seconds
Avg sample val. time: 0.001895515691666376 seconds
Epoch 38 Validation Summary: epoch: 38.000000 | loss: 1.134072 | accuracy: 0.625000 | precision: 0.805556 | 
Epoch 39 Training Summary: epoch: 39.000000 | loss: 0.201058 | 
Epoch runtime: 0.0 hours, 0.0 minutes, 0.09166216850280762 seconds

Avg epoch train. time: 0.0 hours, 0.0 minutes, 0.09404666607196514 seconds
Avg batch train. time: 0.010449629563551683 seconds
Avg sample train. time: 0.0014036815831636588 seconds
Epoch 40 Training Summary: epoch: 40.000000 | loss: 0.108987 | 
Epoch runtime: 0.0 hours, 0.0 minutes, 0.09039521217346191 seconds

Avg epoch train. time: 0.0 hours, 0.0 minutes, 0.09395537972450256 seconds
Avg batch train. time: 0.01043948663605584 seconds
Avg sample train. time: 0.0014023191003657098 seconds
Evaluating on validation set ...
Validation runtime: 0.0 hours, 0.0 minutes, 0.007311582565307617 seconds

Avg val. time: 0.0 hours, 0.0 minutes, 0.014807191762057218 seconds
Avg batch val. time: 0.014807191762057218 seconds
Avg sample val. time: 0.0018508989702571523 seconds
Epoch 40 Validation Summary: epoch: 40.000000 | loss: 1.073983 | accuracy: 0.625000 | precision: 0.800000 | 
Best accuracy was 0.75. Other metrics: OrderedDict([('epoch', 20), ('loss', 1.0937983989715576), ('accuracy', 0.75), ('precision', 0.8333333333333333)])
All Done!
Total runtime: 0.0 hours, 0.0 minutes, 6.78044867515564 seconds

