Running:
src/main_crosssetting.py --output_dir experiments --target_user ZeyuZoom --user_othersetting Zeyu --comment classification from Scratch --name VRS_fromScratch --records_file VRS_records.xls --data_dir /mnt/d/OneDrive - Southern Methodist University/Phone_Privacy/input_feature/all_processpos_norm_downsample_480p_s22 --test_data_dir /mnt/d/OneDrive - Southern Methodist University/Phone_Privacy/input_feature/all_processpos_norm_downsample_480p_s22 --data_class vrs --val_ratio 0.1 --epochs 40 --lr 0.001 --dropout 0.2 --batch_size 8 --num_layers 3 --num_heads 4 --optimizer RAdam --pos_encoding learnable --task classification --normalization none --key_metric accuracy

Using device: cuda
Loading and preprocessing data ...
67 samples may be used for training
8 samples will be used for validation
0 samples will be used for testing
Creating model ...
Model:
TSTransformerEncoderClassiregressor(
  (project_inp): Linear(in_features=39, out_features=64, bias=True)
  (pos_enc): LearnablePositionalEncoding(
    (dropout): Dropout(p=0.2, inplace=False)
  )
  (transformer_encoder): TransformerEncoder(
    (layers): ModuleList(
      (0-2): 3 x TransformerBatchNormEncoderLayer(
        (self_attn): MultiheadAttention(
          (out_proj): NonDynamicallyQuantizableLinear(in_features=64, out_features=64, bias=True)
        )
        (linear1): Linear(in_features=64, out_features=256, bias=True)
        (dropout): Dropout(p=0.2, inplace=False)
        (linear2): Linear(in_features=256, out_features=64, bias=True)
        (norm1): BatchNorm1d(64, eps=1e-05, momentum=0.1, affine=True, track_running_stats=True)
        (norm2): BatchNorm1d(64, eps=1e-05, momentum=0.1, affine=True, track_running_stats=True)
        (dropout1): Dropout(p=0.2, inplace=False)
        (dropout2): Dropout(p=0.2, inplace=False)
      )
    )
  )
  (dropout1): Dropout(p=0.2, inplace=False)
  (output_layer): Linear(in_features=5120, out_features=5, bias=True)
)
Total number of parameters: 183237
Trainable parameters: 183237
Evaluating on validation set ...
Validation runtime: 0.0 hours, 0.0 minutes, 0.21256351470947266 seconds

Avg val. time: 0.0 hours, 0.0 minutes, 0.21256351470947266 seconds
Avg batch val. time: 0.21256351470947266 seconds
Avg sample val. time: 0.026570439338684082 seconds
Epoch 0 Validation Summary: epoch: 0.000000 | loss: 2.529286 | accuracy: 0.250000 | precision: 0.250000 | 
Starting training...
Epoch 1 Training Summary: epoch: 1.000000 | loss: 1.597238 | 
Epoch runtime: 0.0 hours, 0.0 minutes, 0.2139115333557129 seconds

Avg epoch train. time: 0.0 hours, 0.0 minutes, 0.2139115333557129 seconds
Avg batch train. time: 0.023767948150634766 seconds
Avg sample train. time: 0.003192709453070342 seconds
Evaluating on validation set ...
Validation runtime: 0.0 hours, 0.0 minutes, 0.0068013668060302734 seconds

Avg val. time: 0.0 hours, 0.0 minutes, 0.10968244075775146 seconds
Avg batch val. time: 0.10968244075775146 seconds
Avg sample val. time: 0.013710305094718933 seconds
Epoch 1 Validation Summary: epoch: 1.000000 | loss: 1.641407 | accuracy: 0.125000 | precision: 0.125000 | 
Epoch 2 Training Summary: epoch: 2.000000 | loss: 1.660322 | 
Epoch runtime: 0.0 hours, 0.0 minutes, 0.09353256225585938 seconds

Avg epoch train. time: 0.0 hours, 0.0 minutes, 0.15372204780578613 seconds
Avg batch train. time: 0.017080227533976238 seconds
Avg sample train. time: 0.00229435892247442 seconds
Evaluating on validation set ...
Validation runtime: 0.0 hours, 0.0 minutes, 0.0063817501068115234 seconds

Avg val. time: 0.0 hours, 0.0 minutes, 0.07524887720743816 seconds
Avg batch val. time: 0.07524887720743816 seconds
Avg sample val. time: 0.00940610965092977 seconds
Epoch 2 Validation Summary: epoch: 2.000000 | loss: 1.609216 | accuracy: 0.250000 | precision: 0.250000 | 
Epoch 3 Training Summary: epoch: 3.000000 | loss: 1.689429 | 
Epoch runtime: 0.0 hours, 0.0 minutes, 0.08734130859375 seconds

Avg epoch train. time: 0.0 hours, 0.0 minutes, 0.13159513473510742 seconds
Avg batch train. time: 0.014621681637234159 seconds
Avg sample train. time: 0.001964106488583693 seconds
Epoch 4 Training Summary: epoch: 4.000000 | loss: 1.642777 | 
Epoch runtime: 0.0 hours, 0.0 minutes, 0.08737587928771973 seconds

Avg epoch train. time: 0.0 hours, 0.0 minutes, 0.1205403208732605 seconds
Avg batch train. time: 0.013393368985917833 seconds
Avg sample train. time: 0.0017991092667650822 seconds
Evaluating on validation set ...
Validation runtime: 0.0 hours, 0.0 minutes, 0.00616455078125 seconds

Avg val. time: 0.0 hours, 0.0 minutes, 0.05797779560089111 seconds
Avg batch val. time: 0.05797779560089111 seconds
Avg sample val. time: 0.007247224450111389 seconds
Epoch 4 Validation Summary: epoch: 4.000000 | loss: 1.608875 | accuracy: 0.250000 | precision: 0.222222 | 
Epoch 5 Training Summary: epoch: 5.000000 | loss: 1.671705 | 
Epoch runtime: 0.0 hours, 0.0 minutes, 0.08290266990661621 seconds

Avg epoch train. time: 0.0 hours, 0.0 minutes, 0.11301279067993164 seconds
Avg batch train. time: 0.012556976742214628 seconds
Avg sample train. time: 0.001686758069849726 seconds
Epoch 6 Training Summary: epoch: 6.000000 | loss: 1.601350 | 
Epoch runtime: 0.0 hours, 0.0 minutes, 0.08651566505432129 seconds

Avg epoch train. time: 0.0 hours, 0.0 minutes, 0.10859660307566325 seconds
Avg batch train. time: 0.012066289230629251 seconds
Avg sample train. time: 0.0016208448220248247 seconds
Evaluating on validation set ...
Validation runtime: 0.0 hours, 0.0 minutes, 0.00614166259765625 seconds

Avg val. time: 0.0 hours, 0.0 minutes, 0.04761056900024414 seconds
Avg batch val. time: 0.04761056900024414 seconds
Avg sample val. time: 0.005951321125030518 seconds
Epoch 6 Validation Summary: epoch: 6.000000 | loss: 1.592572 | accuracy: 0.250000 | precision: 0.714286 | 
Epoch 7 Training Summary: epoch: 7.000000 | loss: 1.572954 | 
Epoch runtime: 0.0 hours, 0.0 minutes, 0.08463239669799805 seconds

Avg epoch train. time: 0.0 hours, 0.0 minutes, 0.10517314502171107 seconds
Avg batch train. time: 0.011685905002412341 seconds
Avg sample train. time: 0.0015697484331598668 seconds
Epoch 8 Training Summary: epoch: 8.000000 | loss: 1.584040 | 
Epoch runtime: 0.0 hours, 0.0 minutes, 0.08465147018432617 seconds

Avg epoch train. time: 0.0 hours, 0.0 minutes, 0.10260793566703796 seconds
Avg batch train. time: 0.011400881740781996 seconds
Avg sample train. time: 0.001531461726373701 seconds
Evaluating on validation set ...
Validation runtime: 0.0 hours, 0.0 minutes, 0.006787300109863281 seconds

Avg val. time: 0.0 hours, 0.0 minutes, 0.04080669085184733 seconds
Avg batch val. time: 0.04080669085184733 seconds
Avg sample val. time: 0.005100836356480916 seconds
Epoch 8 Validation Summary: epoch: 8.000000 | loss: 1.570049 | accuracy: 0.375000 | precision: 0.511111 | 
Epoch 9 Training Summary: epoch: 9.000000 | loss: 1.626464 | 
Epoch runtime: 0.0 hours, 0.0 minutes, 0.08469486236572266 seconds

Avg epoch train. time: 0.0 hours, 0.0 minutes, 0.10061759418911403 seconds
Avg batch train. time: 0.011179732687679337 seconds
Avg sample train. time: 0.0015017551371509558 seconds
Epoch 10 Training Summary: epoch: 10.000000 | loss: 1.584998 | 
Epoch runtime: 0.0 hours, 0.0 minutes, 0.09354352951049805 seconds

Avg epoch train. time: 0.0 hours, 0.0 minutes, 0.09991018772125244 seconds
Avg batch train. time: 0.011101131969028049 seconds
Avg sample train. time: 0.0014911968316604842 seconds
Evaluating on validation set ...
Validation runtime: 0.0 hours, 0.0 minutes, 0.006718873977661133 seconds

Avg val. time: 0.0 hours, 0.0 minutes, 0.03593700272696359 seconds
Avg batch val. time: 0.03593700272696359 seconds
Avg sample val. time: 0.004492125340870449 seconds
Epoch 10 Validation Summary: epoch: 10.000000 | loss: 1.539271 | accuracy: 0.375000 | precision: 0.511111 | 
Epoch 11 Training Summary: epoch: 11.000000 | loss: 1.543217 | 
Epoch runtime: 0.0 hours, 0.0 minutes, 0.0788416862487793 seconds

Avg epoch train. time: 0.0 hours, 0.0 minutes, 0.09799486940557306 seconds
Avg batch train. time: 0.01088831882284145 seconds
Avg sample train. time: 0.001462609991127956 seconds
Epoch 12 Training Summary: epoch: 12.000000 | loss: 1.423802 | 
Epoch runtime: 0.0 hours, 0.0 minutes, 0.07644295692443848 seconds

Avg epoch train. time: 0.0 hours, 0.0 minutes, 0.09619887669881184 seconds
Avg batch train. time: 0.010688764077645761 seconds
Avg sample train. time: 0.0014358041298330126 seconds
Evaluating on validation set ...
Validation runtime: 0.0 hours, 0.0 minutes, 0.0065762996673583984 seconds

Avg val. time: 0.0 hours, 0.0 minutes, 0.03226691484451294 seconds
Avg batch val. time: 0.03226691484451294 seconds
Avg sample val. time: 0.004033364355564117 seconds
Epoch 12 Validation Summary: epoch: 12.000000 | loss: 1.503950 | accuracy: 0.375000 | precision: 0.722222 | 
Epoch 13 Training Summary: epoch: 13.000000 | loss: 1.444647 | 
Epoch runtime: 0.0 hours, 0.0 minutes, 0.0846090316772461 seconds

Avg epoch train. time: 0.0 hours, 0.0 minutes, 0.0953073501586914 seconds
Avg batch train. time: 0.010589705573187934 seconds
Avg sample train. time: 0.0014224977635625582 seconds
Epoch 14 Training Summary: epoch: 14.000000 | loss: 1.432027 | 
Epoch runtime: 0.0 hours, 0.0 minutes, 0.08023691177368164 seconds

Avg epoch train. time: 0.0 hours, 0.0 minutes, 0.09423089027404785 seconds
Avg batch train. time: 0.010470098919338651 seconds
Avg sample train. time: 0.0014064311981201172 seconds
Evaluating on validation set ...
Validation runtime: 0.0 hours, 0.0 minutes, 0.006590366363525391 seconds

Avg val. time: 0.0 hours, 0.0 minutes, 0.0294139650132921 seconds
Avg batch val. time: 0.0294139650132921 seconds
Avg sample val. time: 0.0036767456266615125 seconds
Epoch 14 Validation Summary: epoch: 14.000000 | loss: 1.433193 | accuracy: 0.500000 | precision: 0.533333 | 
Epoch 15 Training Summary: epoch: 15.000000 | loss: 1.366777 | 
Epoch runtime: 0.0 hours, 0.0 minutes, 0.07979345321655273 seconds

Avg epoch train. time: 0.0 hours, 0.0 minutes, 0.09326839447021484 seconds
Avg batch train. time: 0.010363154941134982 seconds
Avg sample train. time: 0.0013920655891076841 seconds
Epoch 16 Training Summary: epoch: 16.000000 | loss: 1.282952 | 
Epoch runtime: 0.0 hours, 0.0 minutes, 0.08382296562194824 seconds

Avg epoch train. time: 0.0 hours, 0.0 minutes, 0.09267805516719818 seconds
Avg batch train. time: 0.010297561685244242 seconds
Avg sample train. time: 0.0013832545547343012 seconds
Evaluating on validation set ...
Validation runtime: 0.0 hours, 0.0 minutes, 0.00625920295715332 seconds

Avg val. time: 0.0 hours, 0.0 minutes, 0.027098488807678223 seconds
Avg batch val. time: 0.027098488807678223 seconds
Avg sample val. time: 0.003387311100959778 seconds
Epoch 16 Validation Summary: epoch: 16.000000 | loss: 1.349228 | accuracy: 0.500000 | precision: 0.404762 | 
Epoch 17 Training Summary: epoch: 17.000000 | loss: 1.366141 | 
Epoch runtime: 0.0 hours, 0.0 minutes, 0.08827328681945801 seconds

Avg epoch train. time: 0.0 hours, 0.0 minutes, 0.09241895114674288 seconds
Avg batch train. time: 0.010268772349638099 seconds
Avg sample train. time: 0.0013793873305484013 seconds
Epoch 18 Training Summary: epoch: 18.000000 | loss: 1.249931 | 
Epoch runtime: 0.0 hours, 0.0 minutes, 0.08859920501708984 seconds

Avg epoch train. time: 0.0 hours, 0.0 minutes, 0.09220674302842882 seconds
Avg batch train. time: 0.010245193669825424 seconds
Avg sample train. time: 0.0013762200452004303 seconds
Evaluating on validation set ...
Validation runtime: 0.0 hours, 0.0 minutes, 0.007865667343139648 seconds

Avg val. time: 0.0 hours, 0.0 minutes, 0.02535005049272017 seconds
Avg batch val. time: 0.02535005049272017 seconds
Avg sample val. time: 0.003168756311590021 seconds
Epoch 18 Validation Summary: epoch: 18.000000 | loss: 1.268881 | accuracy: 0.500000 | precision: 0.404762 | 
Epoch 19 Training Summary: epoch: 19.000000 | loss: 1.191168 | 
Epoch runtime: 0.0 hours, 0.0 minutes, 0.08288335800170898 seconds

Avg epoch train. time: 0.0 hours, 0.0 minutes, 0.0917160385533383 seconds
Avg batch train. time: 0.010190670950370923 seconds
Avg sample train. time: 0.0013688960978110196 seconds
Epoch 20 Training Summary: epoch: 20.000000 | loss: 1.229652 | 
Epoch runtime: 0.0 hours, 0.0 minutes, 0.08237886428833008 seconds

Avg epoch train. time: 0.0 hours, 0.0 minutes, 0.09124917984008789 seconds
Avg batch train. time: 0.010138797760009765 seconds
Avg sample train. time: 0.0013619280573147446 seconds
Evaluating on validation set ...
Validation runtime: 0.0 hours, 0.0 minutes, 0.0066640377044677734 seconds

Avg val. time: 0.0 hours, 0.0 minutes, 0.023792882760365803 seconds
Avg batch val. time: 0.023792882760365803 seconds
Avg sample val. time: 0.0029741103450457254 seconds
Epoch 20 Validation Summary: epoch: 20.000000 | loss: 1.210512 | accuracy: 0.500000 | precision: 0.404762 | 
Epoch 21 Training Summary: epoch: 21.000000 | loss: 1.019370 | 
Epoch runtime: 0.0 hours, 0.0 minutes, 0.08922910690307617 seconds

Avg epoch train. time: 0.0 hours, 0.0 minutes, 0.09115298589070638 seconds
Avg batch train. time: 0.010128109543411819 seconds
Avg sample train. time: 0.0013604923267269608 seconds
Epoch 22 Training Summary: epoch: 22.000000 | loss: 0.954574 | 
Epoch runtime: 0.0 hours, 0.0 minutes, 0.08753776550292969 seconds

Avg epoch train. time: 0.0 hours, 0.0 minutes, 0.09098865769126198 seconds
Avg batch train. time: 0.010109850854584664 seconds
Avg sample train. time: 0.0013580396670337608 seconds
Evaluating on validation set ...
Validation runtime: 0.0 hours, 0.0 minutes, 0.007491588592529297 seconds

Avg val. time: 0.0 hours, 0.0 minutes, 0.02253893705514761 seconds
Avg batch val. time: 0.02253893705514761 seconds
Avg sample val. time: 0.0028173671318934513 seconds
Epoch 22 Validation Summary: epoch: 22.000000 | loss: 1.201765 | accuracy: 0.625000 | precision: 0.583333 | 
Epoch 23 Training Summary: epoch: 23.000000 | loss: 1.036566 | 
Epoch runtime: 0.0 hours, 0.0 minutes, 0.09334111213684082 seconds

Avg epoch train. time: 0.0 hours, 0.0 minutes, 0.09109093831933063 seconds
Avg batch train. time: 0.010121215368814515 seconds
Avg sample train. time: 0.0013595662435720989 seconds
Epoch 24 Training Summary: epoch: 24.000000 | loss: 0.865755 | 
Epoch runtime: 0.0 hours, 0.0 minutes, 0.09047365188598633 seconds

Avg epoch train. time: 0.0 hours, 0.0 minutes, 0.09106521805127461 seconds
Avg batch train. time: 0.010118357561252735 seconds
Avg sample train. time: 0.001359182358974248 seconds
Evaluating on validation set ...
Validation runtime: 0.0 hours, 0.0 minutes, 0.00706028938293457 seconds

Avg val. time: 0.0 hours, 0.0 minutes, 0.02143331936427525 seconds
Avg batch val. time: 0.02143331936427525 seconds
Avg sample val. time: 0.0026791649205344065 seconds
Epoch 24 Validation Summary: epoch: 24.000000 | loss: 1.243362 | accuracy: 0.500000 | precision: 0.404762 | 
Epoch 25 Training Summary: epoch: 25.000000 | loss: 0.791077 | 
Epoch runtime: 0.0 hours, 0.0 minutes, 0.09165525436401367 seconds

Avg epoch train. time: 0.0 hours, 0.0 minutes, 0.09108881950378418 seconds
Avg batch train. time: 0.010120979944864909 seconds
Avg sample train. time: 0.0013595346194594654 seconds
Epoch 26 Training Summary: epoch: 26.000000 | loss: 0.699829 | 
Epoch runtime: 0.0 hours, 0.0 minutes, 0.08819842338562012 seconds

Avg epoch train. time: 0.0 hours, 0.0 minutes, 0.09097765042231633 seconds
Avg batch train. time: 0.010108627824701814 seconds
Avg sample train. time: 0.001357875379437557 seconds
Evaluating on validation set ...
Validation runtime: 0.0 hours, 0.0 minutes, 0.00788426399230957 seconds

Avg val. time: 0.0 hours, 0.0 minutes, 0.020530049006144205 seconds
Avg batch val. time: 0.020530049006144205 seconds
Avg sample val. time: 0.0025662561257680256 seconds
Epoch 26 Validation Summary: epoch: 26.000000 | loss: 1.252551 | accuracy: 0.625000 | precision: 0.562500 | 
Epoch 27 Training Summary: epoch: 27.000000 | loss: 0.674330 | 
Epoch runtime: 0.0 hours, 0.0 minutes, 0.09897232055664062 seconds

Avg epoch train. time: 0.0 hours, 0.0 minutes, 0.0912737493161802 seconds
Avg batch train. time: 0.0101415277017978 seconds
Avg sample train. time: 0.0013622947659131372 seconds
Epoch 28 Training Summary: epoch: 28.000000 | loss: 0.595698 | 
Epoch runtime: 0.0 hours, 0.0 minutes, 0.09398651123046875 seconds

Avg epoch train. time: 0.0 hours, 0.0 minutes, 0.09137063367026192 seconds
Avg batch train. time: 0.010152292630029102 seconds
Avg sample train. time: 0.0013637408010486855 seconds
Evaluating on validation set ...
Validation runtime: 0.0 hours, 0.0 minutes, 0.006699562072753906 seconds

Avg val. time: 0.0 hours, 0.0 minutes, 0.019665643572807312 seconds
Avg batch val. time: 0.019665643572807312 seconds
Avg sample val. time: 0.002458205446600914 seconds
Epoch 28 Validation Summary: epoch: 28.000000 | loss: 1.216823 | accuracy: 0.625000 | precision: 0.583333 | 
Epoch 29 Training Summary: epoch: 29.000000 | loss: 0.534691 | 
Epoch runtime: 0.0 hours, 0.0 minutes, 0.0841531753540039 seconds

Avg epoch train. time: 0.0 hours, 0.0 minutes, 0.09112175579728751 seconds
Avg batch train. time: 0.010124639533031946 seconds
Avg sample train. time: 0.0013600262059296645 seconds
Epoch 30 Training Summary: epoch: 30.000000 | loss: 0.490823 | 
Epoch runtime: 0.0 hours, 0.0 minutes, 0.09189939498901367 seconds

Avg epoch train. time: 0.0 hours, 0.0 minutes, 0.09114767710367838 seconds
Avg batch train. time: 0.010127519678186488 seconds
Avg sample train. time: 0.0013604130910996773 seconds
Evaluating on validation set ...
Validation runtime: 0.0 hours, 0.0 minutes, 0.0077931880950927734 seconds

Avg val. time: 0.0 hours, 0.0 minutes, 0.018967263838824105 seconds
Avg batch val. time: 0.018967263838824105 seconds
Avg sample val. time: 0.002370907979853013 seconds
Epoch 30 Validation Summary: epoch: 30.000000 | loss: 1.287760 | accuracy: 0.375000 | precision: 0.452381 | 
Epoch 31 Training Summary: epoch: 31.000000 | loss: 0.495592 | 
Epoch runtime: 0.0 hours, 0.0 minutes, 0.09339570999145508 seconds

Avg epoch train. time: 0.0 hours, 0.0 minutes, 0.09122019429360667 seconds
Avg batch train. time: 0.010135577143734075 seconds
Avg sample train. time: 0.00136149543721801 seconds
Epoch 32 Training Summary: epoch: 32.000000 | loss: 0.451264 | 
Epoch runtime: 0.0 hours, 0.0 minutes, 0.09375834465026855 seconds

Avg epoch train. time: 0.0 hours, 0.0 minutes, 0.09129951149225235 seconds
Avg batch train. time: 0.010144390165805817 seconds
Avg sample train. time: 0.0013626792760037664 seconds
Evaluating on validation set ...
Validation runtime: 0.0 hours, 0.0 minutes, 0.007437467575073242 seconds

Avg val. time: 0.0 hours, 0.0 minutes, 0.018326719601949055 seconds
Avg batch val. time: 0.018326719601949055 seconds
Avg sample val. time: 0.002290839950243632 seconds
Epoch 32 Validation Summary: epoch: 32.000000 | loss: 1.284782 | accuracy: 0.500000 | precision: 0.500000 | 
Epoch 33 Training Summary: epoch: 33.000000 | loss: 0.360041 | 
Epoch runtime: 0.0 hours, 0.0 minutes, 0.09415459632873535 seconds

Avg epoch train. time: 0.0 hours, 0.0 minutes, 0.09138602921457002 seconds
Avg batch train. time: 0.010154003246063336 seconds
Avg sample train. time: 0.00136397058529209 seconds
Epoch 34 Training Summary: epoch: 34.000000 | loss: 0.371051 | 
Epoch runtime: 0.0 hours, 0.0 minutes, 0.08937954902648926 seconds

Avg epoch train. time: 0.0 hours, 0.0 minutes, 0.09132701509139117 seconds
Avg batch train. time: 0.010147446121265686 seconds
Avg sample train. time: 0.0013630897774834503 seconds
Evaluating on validation set ...
Validation runtime: 0.0 hours, 0.0 minutes, 0.007478237152099609 seconds

Avg val. time: 0.0 hours, 0.0 minutes, 0.017755746841430664 seconds
Avg batch val. time: 0.017755746841430664 seconds
Avg sample val. time: 0.002219468355178833 seconds
Epoch 34 Validation Summary: epoch: 34.000000 | loss: 1.296085 | accuracy: 0.500000 | precision: 0.404762 | 
Epoch 35 Training Summary: epoch: 35.000000 | loss: 0.336260 | 
Epoch runtime: 0.0 hours, 0.0 minutes, 0.0876610279083252 seconds

Avg epoch train. time: 0.0 hours, 0.0 minutes, 0.09122227260044642 seconds
Avg batch train. time: 0.01013580806671627 seconds
Avg sample train. time: 0.0013615264567230809 seconds
Epoch 36 Training Summary: epoch: 36.000000 | loss: 0.334251 | 
Epoch runtime: 0.0 hours, 0.0 minutes, 0.0936591625213623 seconds

Avg epoch train. time: 0.0 hours, 0.0 minutes, 0.09128996398713854 seconds
Avg batch train. time: 0.010143329331904281 seconds
Avg sample train. time: 0.001362536775927441 seconds
Evaluating on validation set ...
Validation runtime: 0.0 hours, 0.0 minutes, 0.006812334060668945 seconds

Avg val. time: 0.0 hours, 0.0 minutes, 0.017208576202392578 seconds
Avg batch val. time: 0.017208576202392578 seconds
Avg sample val. time: 0.0021510720252990723 seconds
Epoch 36 Validation Summary: epoch: 36.000000 | loss: 1.378292 | accuracy: 0.500000 | precision: 0.523810 | 
Epoch 37 Training Summary: epoch: 37.000000 | loss: 0.283588 | 
Epoch runtime: 0.0 hours, 0.0 minutes, 0.0860910415649414 seconds

Avg epoch train. time: 0.0 hours, 0.0 minutes, 0.09114945257032239 seconds
Avg batch train. time: 0.010127716952258043 seconds
Avg sample train. time: 0.0013604395906018267 seconds
Epoch 38 Training Summary: epoch: 38.000000 | loss: 0.300489 | 
Epoch runtime: 0.0 hours, 0.0 minutes, 0.08864164352416992 seconds

Avg epoch train. time: 0.0 hours, 0.0 minutes, 0.09108345759542365 seconds
Avg batch train. time: 0.010120384177269294 seconds
Avg sample train. time: 0.0013594545909764724 seconds
Evaluating on validation set ...
Validation runtime: 0.0 hours, 0.0 minutes, 0.00748443603515625 seconds

Avg val. time: 0.0 hours, 0.0 minutes, 0.01674552190871466 seconds
Avg batch val. time: 0.01674552190871466 seconds
Avg sample val. time: 0.0020931902385893323 seconds
Epoch 38 Validation Summary: epoch: 38.000000 | loss: 1.512967 | accuracy: 0.500000 | precision: 0.520833 | 
Epoch 39 Training Summary: epoch: 39.000000 | loss: 0.235599 | 
Epoch runtime: 0.0 hours, 0.0 minutes, 0.09749770164489746 seconds

Avg epoch train. time: 0.0 hours, 0.0 minutes, 0.091247925391564 seconds
Avg batch train. time: 0.010138658376840444 seconds
Avg sample train. time: 0.0013619093342024477 seconds
Epoch 40 Training Summary: epoch: 40.000000 | loss: 0.185482 | 
Epoch runtime: 0.0 hours, 0.0 minutes, 0.09614729881286621 seconds

Avg epoch train. time: 0.0 hours, 0.0 minutes, 0.09137040972709656 seconds
Avg batch train. time: 0.010152267747455174 seconds
Avg sample train. time: 0.0013637374586133815 seconds
Evaluating on validation set ...
Validation runtime: 0.0 hours, 0.0 minutes, 0.0070993900299072266 seconds

Avg val. time: 0.0 hours, 0.0 minutes, 0.016307061368768864 seconds
Avg batch val. time: 0.016307061368768864 seconds
Avg sample val. time: 0.002038382671096108 seconds
Epoch 40 Validation Summary: epoch: 40.000000 | loss: 1.536086 | accuracy: 0.500000 | precision: 0.645833 | 
Best accuracy was 0.625. Other metrics: OrderedDict([('epoch', 22), ('loss', 1.2017654180526733), ('accuracy', 0.625), ('precision', 0.5833333333333333)])
All Done!
Total runtime: 0.0 hours, 0.0 minutes, 6.933703660964966 seconds

