Running:
src/main_crosssetting.py --output_dir experiments --target_user Zeyu --user_othersetting ZeyuZoom --comment classification from Scratch --name VRS_fromScratch --records_file VRS_records.xls --data_dir /mnt/d/OneDrive - Southern Methodist University/Phone_Privacy/input_feature/opticalflow_22_downsample_480p_s22 --test_data_dir /mnt/d/OneDrive - Southern Methodist University/Phone_Privacy/input_feature/opticalflow_22_downsample_480p_s22 --data_class vrs --val_ratio 0.1 --epochs 40 --lr 0.001 --dropout 0.2 --batch_size 8 --num_layers 3 --num_heads 4 --optimizer RAdam --pos_encoding learnable --task classification --normalization none --key_metric accuracy

Using device: cuda
Loading and preprocessing data ...
1080 samples may be used for training
120 samples will be used for validation
0 samples will be used for testing
Creating model ...
Model:
TSTransformerEncoderClassiregressor(
  (project_inp): Linear(in_features=8, out_features=64, bias=True)
  (pos_enc): LearnablePositionalEncoding(
    (dropout): Dropout(p=0.2, inplace=False)
  )
  (transformer_encoder): TransformerEncoder(
    (layers): ModuleList(
      (0-2): 3 x TransformerBatchNormEncoderLayer(
        (self_attn): MultiheadAttention(
          (out_proj): NonDynamicallyQuantizableLinear(in_features=64, out_features=64, bias=True)
        )
        (linear1): Linear(in_features=64, out_features=256, bias=True)
        (dropout): Dropout(p=0.2, inplace=False)
        (linear2): Linear(in_features=256, out_features=64, bias=True)
        (norm1): BatchNorm1d(64, eps=1e-05, momentum=0.1, affine=True, track_running_stats=True)
        (norm2): BatchNorm1d(64, eps=1e-05, momentum=0.1, affine=True, track_running_stats=True)
        (dropout1): Dropout(p=0.2, inplace=False)
        (dropout2): Dropout(p=0.2, inplace=False)
      )
    )
  )
  (dropout1): Dropout(p=0.2, inplace=False)
  (output_layer): Linear(in_features=5120, out_features=5, bias=True)
)
Total number of parameters: 181253
Trainable parameters: 181253
Evaluating on validation set ...
Validation runtime: 0.0 hours, 0.0 minutes, 0.25678539276123047 seconds

Avg val. time: 0.0 hours, 0.0 minutes, 0.25678539276123047 seconds
Avg batch val. time: 0.01711902618408203 seconds
Avg sample val. time: 0.0021398782730102537 seconds
Epoch 0 Validation Summary: epoch: 0.000000 | loss: 7.121887 | accuracy: 0.150000 | precision: 0.135840 | 
Starting training...
Epoch 1 Training Summary: epoch: 1.000000 | loss: 1.682290 | 
Epoch runtime: 0.0 hours, 0.0 minutes, 1.3862841129302979 seconds

Avg epoch train. time: 0.0 hours, 0.0 minutes, 1.3862841129302979 seconds
Avg batch train. time: 0.010268771206891096 seconds
Avg sample train. time: 0.001283596400861387 seconds
Evaluating on validation set ...
Validation runtime: 0.0 hours, 0.0 minutes, 0.042261600494384766 seconds

Avg val. time: 0.0 hours, 0.0 minutes, 0.14952349662780762 seconds
Avg batch val. time: 0.009968233108520509 seconds
Avg sample val. time: 0.0012460291385650636 seconds
Epoch 1 Validation Summary: epoch: 1.000000 | loss: 1.672287 | accuracy: 0.200000 | precision: 0.148611 | 
Epoch 2 Training Summary: epoch: 2.000000 | loss: 1.650215 | 
Epoch runtime: 0.0 hours, 0.0 minutes, 1.3187255859375 seconds

Avg epoch train. time: 0.0 hours, 0.0 minutes, 1.352504849433899 seconds
Avg batch train. time: 0.010018554440251104 seconds
Avg sample train. time: 0.001252319305031388 seconds
Evaluating on validation set ...
Validation runtime: 0.0 hours, 0.0 minutes, 0.040952205657958984 seconds

Avg val. time: 0.0 hours, 0.0 minutes, 0.11333306630452473 seconds
Avg batch val. time: 0.007555537753634983 seconds
Avg sample val. time: 0.0009444422192043728 seconds
Epoch 2 Validation Summary: epoch: 2.000000 | loss: 1.701070 | accuracy: 0.200000 | precision: 0.278546 | 
Epoch 3 Training Summary: epoch: 3.000000 | loss: 1.631807 | 
Epoch runtime: 0.0 hours, 0.0 minutes, 1.3391380310058594 seconds

Avg epoch train. time: 0.0 hours, 0.0 minutes, 1.348049243291219 seconds
Avg batch train. time: 0.009985549950305326 seconds
Avg sample train. time: 0.0012481937437881657 seconds
Epoch 4 Training Summary: epoch: 4.000000 | loss: 1.607199 | 
Epoch runtime: 0.0 hours, 0.0 minutes, 1.315948724746704 seconds

Avg epoch train. time: 0.0 hours, 0.0 minutes, 1.3400241136550903 seconds
Avg batch train. time: 0.009926104545593261 seconds
Avg sample train. time: 0.0012407630681991577 seconds
Evaluating on validation set ...
Validation runtime: 0.0 hours, 0.0 minutes, 0.04192161560058594 seconds

Avg val. time: 0.0 hours, 0.0 minutes, 0.09548020362854004 seconds
Avg batch val. time: 0.006365346908569336 seconds
Avg sample val. time: 0.000795668363571167 seconds
Epoch 4 Validation Summary: epoch: 4.000000 | loss: 1.619152 | accuracy: 0.283333 | precision: 0.258586 | 
Epoch 5 Training Summary: epoch: 5.000000 | loss: 1.536652 | 
Epoch runtime: 0.0 hours, 0.0 minutes, 1.4072914123535156 seconds

Avg epoch train. time: 0.0 hours, 0.0 minutes, 1.3534775733947755 seconds
Avg batch train. time: 0.010025759802924262 seconds
Avg sample train. time: 0.0012532199753655328 seconds
Epoch 6 Training Summary: epoch: 6.000000 | loss: 1.501537 | 
Epoch runtime: 0.0 hours, 0.0 minutes, 1.3183224201202393 seconds

Avg epoch train. time: 0.0 hours, 0.0 minutes, 1.3476183811823528 seconds
Avg batch train. time: 0.00998235837912854 seconds
Avg sample train. time: 0.0012477947973910674 seconds
Evaluating on validation set ...
Validation runtime: 0.0 hours, 0.0 minutes, 0.0447390079498291 seconds

Avg val. time: 0.0 hours, 0.0 minutes, 0.08533196449279785 seconds
Avg batch val. time: 0.005688797632853191 seconds
Avg sample val. time: 0.0007110997041066488 seconds
Epoch 6 Validation Summary: epoch: 6.000000 | loss: 1.691607 | accuracy: 0.250000 | precision: 0.251028 | 
Epoch 7 Training Summary: epoch: 7.000000 | loss: 1.516231 | 
Epoch runtime: 0.0 hours, 0.0 minutes, 1.5282115936279297 seconds

Avg epoch train. time: 0.0 hours, 0.0 minutes, 1.3734174115317208 seconds
Avg batch train. time: 0.010173462307642376 seconds
Avg sample train. time: 0.001271682788455297 seconds
Epoch 8 Training Summary: epoch: 8.000000 | loss: 1.445443 | 
Epoch runtime: 0.0 hours, 0.0 minutes, 1.4140582084655762 seconds

Avg epoch train. time: 0.0 hours, 0.0 minutes, 1.3784975111484528 seconds
Avg batch train. time: 0.010211092675173724 seconds
Avg sample train. time: 0.0012763865843967155 seconds
Evaluating on validation set ...
Validation runtime: 0.0 hours, 0.0 minutes, 0.04451465606689453 seconds

Avg val. time: 0.0 hours, 0.0 minutes, 0.0785290797551473 seconds
Avg batch val. time: 0.005235271983676486 seconds
Avg sample val. time: 0.0006544089979595608 seconds
Epoch 8 Validation Summary: epoch: 8.000000 | loss: 1.727490 | accuracy: 0.300000 | precision: 0.318022 | 
Epoch 9 Training Summary: epoch: 9.000000 | loss: 1.441366 | 
Epoch runtime: 0.0 hours, 0.0 minutes, 1.421985149383545 seconds

Avg epoch train. time: 0.0 hours, 0.0 minutes, 1.3833294709523518 seconds
Avg batch train. time: 0.01024688497001742 seconds
Avg sample train. time: 0.0012808606212521775 seconds
Epoch 10 Training Summary: epoch: 10.000000 | loss: 1.419074 | 
Epoch runtime: 0.0 hours, 0.0 minutes, 1.4588758945465088 seconds

Avg epoch train. time: 0.0 hours, 0.0 minutes, 1.3908841133117675 seconds
Avg batch train. time: 0.01030284528379087 seconds
Avg sample train. time: 0.0012878556604738588 seconds
Evaluating on validation set ...
Validation runtime: 0.0 hours, 0.0 minutes, 0.04763197898864746 seconds

Avg val. time: 0.0 hours, 0.0 minutes, 0.07411520821707589 seconds
Avg batch val. time: 0.0049410138811383925 seconds
Avg sample val. time: 0.0006176267351422991 seconds
Epoch 10 Validation Summary: epoch: 10.000000 | loss: 1.811726 | accuracy: 0.241667 | precision: 0.299600 | 
Epoch 11 Training Summary: epoch: 11.000000 | loss: 1.363384 | 
Epoch runtime: 0.0 hours, 0.0 minutes, 1.4629168510437012 seconds

Avg epoch train. time: 0.0 hours, 0.0 minutes, 1.3974325440146707 seconds
Avg batch train. time: 0.01035135217788645 seconds
Avg sample train. time: 0.0012939190222358062 seconds
Epoch 12 Training Summary: epoch: 12.000000 | loss: 1.342779 | 
Epoch runtime: 0.0 hours, 0.0 minutes, 1.3751606941223145 seconds

Avg epoch train. time: 0.0 hours, 0.0 minutes, 1.3955765565236409 seconds
Avg batch train. time: 0.010337604122397339 seconds
Avg sample train. time: 0.0012922005152996674 seconds
Evaluating on validation set ...
Validation runtime: 0.0 hours, 0.0 minutes, 0.04710245132446289 seconds

Avg val. time: 0.0 hours, 0.0 minutes, 0.07073861360549927 seconds
Avg batch val. time: 0.004715907573699951 seconds
Avg sample val. time: 0.0005894884467124939 seconds
Epoch 12 Validation Summary: epoch: 12.000000 | loss: 1.799081 | accuracy: 0.341667 | precision: 0.314261 | 
Epoch 13 Training Summary: epoch: 13.000000 | loss: 1.333434 | 
Epoch runtime: 0.0 hours, 0.0 minutes, 1.3772053718566895 seconds

Avg epoch train. time: 0.0 hours, 0.0 minutes, 1.394163388472337 seconds
Avg batch train. time: 0.0103271362109062 seconds
Avg sample train. time: 0.001290892026363275 seconds
Epoch 14 Training Summary: epoch: 14.000000 | loss: 1.289269 | 
Epoch runtime: 0.0 hours, 0.0 minutes, 1.355231523513794 seconds

Avg epoch train. time: 0.0 hours, 0.0 minutes, 1.3913825409752982 seconds
Avg batch train. time: 0.010306537340557765 seconds
Avg sample train. time: 0.0012883171675697207 seconds
Evaluating on validation set ...
Validation runtime: 0.0 hours, 0.0 minutes, 0.04803347587585449 seconds

Avg val. time: 0.0 hours, 0.0 minutes, 0.06821582052442762 seconds
Avg batch val. time: 0.004547721368295175 seconds
Avg sample val. time: 0.0005684651710368969 seconds
Epoch 14 Validation Summary: epoch: 14.000000 | loss: 1.665248 | accuracy: 0.325000 | precision: 0.334090 | 
Epoch 15 Training Summary: epoch: 15.000000 | loss: 1.279030 | 
Epoch runtime: 0.0 hours, 0.0 minutes, 1.3755989074707031 seconds

Avg epoch train. time: 0.0 hours, 0.0 minutes, 1.3903302987416586 seconds
Avg batch train. time: 0.010298742953641915 seconds
Avg sample train. time: 0.0012873428692052394 seconds
Epoch 16 Training Summary: epoch: 16.000000 | loss: 1.266933 | 
Epoch runtime: 0.0 hours, 0.0 minutes, 1.3301401138305664 seconds

Avg epoch train. time: 0.0 hours, 0.0 minutes, 1.3865684121847153 seconds
Avg batch train. time: 0.010270877127294187 seconds
Avg sample train. time: 0.0012838596409117733 seconds
Evaluating on validation set ...
Validation runtime: 0.0 hours, 0.0 minutes, 0.04702425003051758 seconds

Avg val. time: 0.0 hours, 0.0 minutes, 0.06609666347503662 seconds
Avg batch val. time: 0.004406444231669108 seconds
Avg sample val. time: 0.0005508055289586385 seconds
Epoch 16 Validation Summary: epoch: 16.000000 | loss: 1.811611 | accuracy: 0.308333 | precision: 0.313018 | 
Epoch 17 Training Summary: epoch: 17.000000 | loss: 1.223883 | 
Epoch runtime: 0.0 hours, 0.0 minutes, 1.3985071182250977 seconds

Avg epoch train. time: 0.0 hours, 0.0 minutes, 1.3872706890106201 seconds
Avg batch train. time: 0.010276079177856445 seconds
Avg sample train. time: 0.0012845098972320557 seconds
Epoch 18 Training Summary: epoch: 18.000000 | loss: 1.171457 | 
Epoch runtime: 0.0 hours, 0.0 minutes, 1.3660361766815186 seconds

Avg epoch train. time: 0.0 hours, 0.0 minutes, 1.3860909938812256 seconds
Avg batch train. time: 0.010267340695416486 seconds
Avg sample train. time: 0.0012834175869270608 seconds
Evaluating on validation set ...
Validation runtime: 0.0 hours, 0.0 minutes, 0.045003414154052734 seconds

Avg val. time: 0.0 hours, 0.0 minutes, 0.06417909535494717 seconds
Avg batch val. time: 0.004278606356996478 seconds
Avg sample val. time: 0.0005348257946245598 seconds
Epoch 18 Validation Summary: epoch: 18.000000 | loss: 1.928048 | accuracy: 0.250000 | precision: 0.259350 | 
Epoch 19 Training Summary: epoch: 19.000000 | loss: 1.153549 | 
Epoch runtime: 0.0 hours, 0.0 minutes, 1.3208909034729004 seconds

Avg epoch train. time: 0.0 hours, 0.0 minutes, 1.3826594101755243 seconds
Avg batch train. time: 0.010241921556855736 seconds
Avg sample train. time: 0.001280240194606967 seconds
Epoch 20 Training Summary: epoch: 20.000000 | loss: 1.170350 | 
Epoch runtime: 0.0 hours, 0.0 minutes, 1.2690238952636719 seconds

Avg epoch train. time: 0.0 hours, 0.0 minutes, 1.3769776344299316 seconds
Avg batch train. time: 0.010199834329110605 seconds
Avg sample train. time: 0.0012749792911388256 seconds
Evaluating on validation set ...
Validation runtime: 0.0 hours, 0.0 minutes, 0.05045056343078613 seconds

Avg val. time: 0.0 hours, 0.0 minutes, 0.06303505102793376 seconds
Avg batch val. time: 0.004202336735195584 seconds
Avg sample val. time: 0.000525292091899448 seconds
Epoch 20 Validation Summary: epoch: 20.000000 | loss: 2.064016 | accuracy: 0.250000 | precision: 0.244320 | 
Epoch 21 Training Summary: epoch: 21.000000 | loss: 1.134861 | 
Epoch runtime: 0.0 hours, 0.0 minutes, 1.3097383975982666 seconds

Avg epoch train. time: 0.0 hours, 0.0 minutes, 1.3737757660093761 seconds
Avg batch train. time: 0.010176116785254638 seconds
Avg sample train. time: 0.0012720145981568298 seconds
Epoch 22 Training Summary: epoch: 22.000000 | loss: 1.106348 | 
Epoch runtime: 0.0 hours, 0.0 minutes, 1.4030616283416748 seconds

Avg epoch train. time: 0.0 hours, 0.0 minutes, 1.3751069415699353 seconds
Avg batch train. time: 0.010185977344962484 seconds
Avg sample train. time: 0.0012732471681203106 seconds
Evaluating on validation set ...
Validation runtime: 0.0 hours, 0.0 minutes, 0.04320645332336426 seconds

Avg val. time: 0.0 hours, 0.0 minutes, 0.06150977428142841 seconds
Avg batch val. time: 0.0041006516187618944 seconds
Avg sample val. time: 0.0005125814523452368 seconds
Epoch 22 Validation Summary: epoch: 22.000000 | loss: 1.881425 | accuracy: 0.308333 | precision: 0.323625 | 
Epoch 23 Training Summary: epoch: 23.000000 | loss: 1.088385 | 
Epoch runtime: 0.0 hours, 0.0 minutes, 1.2338600158691406 seconds

Avg epoch train. time: 0.0 hours, 0.0 minutes, 1.368965770887292 seconds
Avg batch train. time: 0.01014048719175772 seconds
Avg sample train. time: 0.001267560898969715 seconds
Epoch 24 Training Summary: epoch: 24.000000 | loss: 1.106431 | 
Epoch runtime: 0.0 hours, 0.0 minutes, 1.2802555561065674 seconds

Avg epoch train. time: 0.0 hours, 0.0 minutes, 1.365269511938095 seconds
Avg batch train. time: 0.010113107495837742 seconds
Avg sample train. time: 0.0012641384369797178 seconds
Evaluating on validation set ...
Validation runtime: 0.0 hours, 0.0 minutes, 0.04351687431335449 seconds

Avg val. time: 0.0 hours, 0.0 minutes, 0.060224567140851705 seconds
Avg batch val. time: 0.004014971142723447 seconds
Avg sample val. time: 0.0005018713928404308 seconds
Epoch 24 Validation Summary: epoch: 24.000000 | loss: 1.981670 | accuracy: 0.283333 | precision: 0.292217 | 
Epoch 25 Training Summary: epoch: 25.000000 | loss: 1.014331 | 
Epoch runtime: 0.0 hours, 0.0 minutes, 1.3741605281829834 seconds

Avg epoch train. time: 0.0 hours, 0.0 minutes, 1.3656251525878906 seconds
Avg batch train. time: 0.010115741871021412 seconds
Avg sample train. time: 0.0012644677338776765 seconds
Epoch 26 Training Summary: epoch: 26.000000 | loss: 1.013859 | 
Epoch runtime: 0.0 hours, 0.0 minutes, 1.3750860691070557 seconds

Avg epoch train. time: 0.0 hours, 0.0 minutes, 1.3659890339924738 seconds
Avg batch train. time: 0.010118437288833139 seconds
Avg sample train. time: 0.0012648046611041424 seconds
Evaluating on validation set ...
Validation runtime: 0.0 hours, 0.0 minutes, 0.05629396438598633 seconds

Avg val. time: 0.0 hours, 0.0 minutes, 0.059962526957194014 seconds
Avg batch val. time: 0.003997501797146268 seconds
Avg sample val. time: 0.0004996877246432835 seconds
Epoch 26 Validation Summary: epoch: 26.000000 | loss: 1.923089 | accuracy: 0.358333 | precision: 0.360808 | 
Epoch 27 Training Summary: epoch: 27.000000 | loss: 1.020717 | 
Epoch runtime: 0.0 hours, 0.0 minutes, 1.2911922931671143 seconds

Avg epoch train. time: 0.0 hours, 0.0 minutes, 1.3632187843322754 seconds
Avg batch train. time: 0.010097916920979817 seconds
Avg sample train. time: 0.0012622396151224771 seconds
Epoch 28 Training Summary: epoch: 28.000000 | loss: 0.965189 | 
Epoch runtime: 0.0 hours, 0.0 minutes, 1.4685544967651367 seconds

Avg epoch train. time: 0.0 hours, 0.0 minutes, 1.3669807740620203 seconds
Avg batch train. time: 0.010125783511570521 seconds
Avg sample train. time: 0.0012657229389463152 seconds
Evaluating on validation set ...
Validation runtime: 0.0 hours, 0.0 minutes, 0.04724526405334473 seconds

Avg val. time: 0.0 hours, 0.0 minutes, 0.05916769802570343 seconds
Avg batch val. time: 0.003944513201713562 seconds
Avg sample val. time: 0.0004930641502141952 seconds
Epoch 28 Validation Summary: epoch: 28.000000 | loss: 1.920432 | accuracy: 0.341667 | precision: 0.367439 | 
Epoch 29 Training Summary: epoch: 29.000000 | loss: 0.959489 | 
Epoch runtime: 0.0 hours, 0.0 minutes, 1.3459982872009277 seconds

Avg epoch train. time: 0.0 hours, 0.0 minutes, 1.3662572400323276 seconds
Avg batch train. time: 0.010120424000239464 seconds
Avg sample train. time: 0.001265053000029933 seconds
Epoch 30 Training Summary: epoch: 30.000000 | loss: 0.989353 | 
Epoch runtime: 0.0 hours, 0.0 minutes, 1.3170113563537598 seconds

Avg epoch train. time: 0.0 hours, 0.0 minutes, 1.3646157105763754 seconds
Avg batch train. time: 0.010108264522787966 seconds
Avg sample train. time: 0.0012635330653484958 seconds
Evaluating on validation set ...
Validation runtime: 0.0 hours, 0.0 minutes, 0.045104265213012695 seconds

Avg val. time: 0.0 hours, 0.0 minutes, 0.05834043727201574 seconds
Avg batch val. time: 0.003889362484801049 seconds
Avg sample val. time: 0.00048617031060013113 seconds
Epoch 30 Validation Summary: epoch: 30.000000 | loss: 1.975864 | accuracy: 0.266667 | precision: 0.268800 | 
Epoch 31 Training Summary: epoch: 31.000000 | loss: 0.900520 | 
Epoch runtime: 0.0 hours, 0.0 minutes, 1.3456332683563232 seconds

Avg epoch train. time: 0.0 hours, 0.0 minutes, 1.3640033737305672 seconds
Avg batch train. time: 0.010103728694300498 seconds
Avg sample train. time: 0.0012629660867875623 seconds
Epoch 32 Training Summary: epoch: 32.000000 | loss: 0.897947 | 
Epoch runtime: 0.0 hours, 0.0 minutes, 1.327378749847412 seconds

Avg epoch train. time: 0.0 hours, 0.0 minutes, 1.3628588542342186 seconds
Avg batch train. time: 0.010095250772105322 seconds
Avg sample train. time: 0.0012619063465131653 seconds
Evaluating on validation set ...
Validation runtime: 0.0 hours, 0.0 minutes, 0.044010162353515625 seconds

Avg val. time: 0.0 hours, 0.0 minutes, 0.057544310887654625 seconds
Avg batch val. time: 0.0038362873925103084 seconds
Avg sample val. time: 0.00047953592406378855 seconds
Epoch 32 Validation Summary: epoch: 32.000000 | loss: 2.104098 | accuracy: 0.283333 | precision: 0.284071 | 
Epoch 33 Training Summary: epoch: 33.000000 | loss: 0.920790 | 
Epoch runtime: 0.0 hours, 0.0 minutes, 1.2621583938598633 seconds

Avg epoch train. time: 0.0 hours, 0.0 minutes, 1.3598073251319653 seconds
Avg batch train. time: 0.010072646852829372 seconds
Avg sample train. time: 0.0012590808566036716 seconds
Epoch 34 Training Summary: epoch: 34.000000 | loss: 0.840108 | 
Epoch runtime: 0.0 hours, 0.0 minutes, 1.276902675628662 seconds

Avg epoch train. time: 0.0 hours, 0.0 minutes, 1.3573689530877506 seconds
Avg batch train. time: 0.010054584837687041 seconds
Avg sample train. time: 0.0012568231047108802 seconds
Evaluating on validation set ...
Validation runtime: 0.0 hours, 0.0 minutes, 0.04371762275695801 seconds

Avg val. time: 0.0 hours, 0.0 minutes, 0.056816590459723225 seconds
Avg batch val. time: 0.0037877726973148816 seconds
Avg sample val. time: 0.0004734715871643602 seconds
Epoch 34 Validation Summary: epoch: 34.000000 | loss: 2.282796 | accuracy: 0.283333 | precision: 0.293999 | 
Epoch 35 Training Summary: epoch: 35.000000 | loss: 0.854885 | 
Epoch runtime: 0.0 hours, 0.0 minutes, 1.2197175025939941 seconds

Avg epoch train. time: 0.0 hours, 0.0 minutes, 1.3534360545022146 seconds
Avg batch train. time: 0.01002545225557196 seconds
Avg sample train. time: 0.001253181531946495 seconds
Epoch 36 Training Summary: epoch: 36.000000 | loss: 0.837235 | 
Epoch runtime: 0.0 hours, 0.0 minutes, 1.2436954975128174 seconds

Avg epoch train. time: 0.0 hours, 0.0 minutes, 1.3503877056969538 seconds
Avg batch train. time: 0.01000287189405151 seconds
Avg sample train. time: 0.0012503589867564387 seconds
Evaluating on validation set ...
Validation runtime: 0.0 hours, 0.0 minutes, 0.04163384437561035 seconds

Avg val. time: 0.0 hours, 0.0 minutes, 0.05605745315551758 seconds
Avg batch val. time: 0.0037371635437011717 seconds
Avg sample val. time: 0.00046714544296264646 seconds
Epoch 36 Validation Summary: epoch: 36.000000 | loss: 2.192528 | accuracy: 0.316667 | precision: 0.309680 | 
Epoch 37 Training Summary: epoch: 37.000000 | loss: 0.791367 | 
Epoch runtime: 0.0 hours, 0.0 minutes, 1.249300241470337 seconds

Avg epoch train. time: 0.0 hours, 0.0 minutes, 1.3476556120692074 seconds
Avg batch train. time: 0.00998263416347561 seconds
Avg sample train. time: 0.0012478292704344513 seconds
Epoch 38 Training Summary: epoch: 38.000000 | loss: 0.828357 | 
Epoch runtime: 0.0 hours, 0.0 minutes, 1.1896586418151855 seconds

Avg epoch train. time: 0.0 hours, 0.0 minutes, 1.3434977970625226 seconds
Avg batch train. time: 0.009951835533796463 seconds
Avg sample train. time: 0.0012439794417245578 seconds
Evaluating on validation set ...
Validation runtime: 0.0 hours, 0.0 minutes, 0.04149127006530762 seconds

Avg val. time: 0.0 hours, 0.0 minutes, 0.055363825389317105 seconds
Avg batch val. time: 0.0036909216926211403 seconds
Avg sample val. time: 0.00046136521157764254 seconds
Epoch 38 Validation Summary: epoch: 38.000000 | loss: 2.226846 | accuracy: 0.258333 | precision: 0.267652 | 
Epoch 39 Training Summary: epoch: 39.000000 | loss: 0.731088 | 
Epoch runtime: 0.0 hours, 0.0 minutes, 1.2812871932983398 seconds

Avg epoch train. time: 0.0 hours, 0.0 minutes, 1.3419026533762615 seconds
Avg batch train. time: 0.009940019654638975 seconds
Avg sample train. time: 0.0012425024568298718 seconds
Epoch 40 Training Summary: epoch: 40.000000 | loss: 0.772181 | 
Epoch runtime: 0.0 hours, 0.0 minutes, 1.3291676044464111 seconds

Avg epoch train. time: 0.0 hours, 0.0 minutes, 1.341584277153015 seconds
Avg batch train. time: 0.009937661312244557 seconds
Avg sample train. time: 0.0012422076640305696 seconds
Evaluating on validation set ...
Validation runtime: 0.0 hours, 0.0 minutes, 0.0463864803314209 seconds

Avg val. time: 0.0 hours, 0.0 minutes, 0.05495576425032182 seconds
Avg batch val. time: 0.0036637176166881215 seconds
Avg sample val. time: 0.0004579647020860152 seconds
Epoch 40 Validation Summary: epoch: 40.000000 | loss: 2.369194 | accuracy: 0.283333 | precision: 0.270593 | 
Best accuracy was 0.35833333333333334. Other metrics: OrderedDict([('epoch', 26), ('loss', 1.9230894486109416), ('accuracy', 0.35833333333333334), ('precision', 0.36080778870252556)])
All Done!
Total runtime: 0.0 hours, 1.0 minutes, 6.003972291946411 seconds

