Running:
src/main_crosssetting.py --output_dir experiments --target_user Zeyu --user_othersetting ZeyuZoom --comment classification from Scratch --name VRS_fromScratch --records_file VRS_records.xls --data_dir /mnt/d/OneDrive - Southern Methodist University/Phone_Privacy/input_feature/all_processpos_norm_downsample_480p_s22 --test_data_dir /mnt/d/OneDrive - Southern Methodist University/Phone_Privacy/input_feature/all_processpos_norm_downsample_480p_s22 --data_class vrs --val_ratio 0.1 --epochs 40 --lr 0.001 --dropout 0.2 --batch_size 8 --num_layers 3 --num_heads 4 --optimizer RAdam --pos_encoding learnable --task classification --normalization none --key_metric accuracy

Using device: cuda
Loading and preprocessing data ...
67 samples may be used for training
8 samples will be used for validation
0 samples will be used for testing
Creating model ...
Model:
TSTransformerEncoderClassiregressor(
  (project_inp): Linear(in_features=39, out_features=64, bias=True)
  (pos_enc): LearnablePositionalEncoding(
    (dropout): Dropout(p=0.2, inplace=False)
  )
  (transformer_encoder): TransformerEncoder(
    (layers): ModuleList(
      (0-2): 3 x TransformerBatchNormEncoderLayer(
        (self_attn): MultiheadAttention(
          (out_proj): NonDynamicallyQuantizableLinear(in_features=64, out_features=64, bias=True)
        )
        (linear1): Linear(in_features=64, out_features=256, bias=True)
        (dropout): Dropout(p=0.2, inplace=False)
        (linear2): Linear(in_features=256, out_features=64, bias=True)
        (norm1): BatchNorm1d(64, eps=1e-05, momentum=0.1, affine=True, track_running_stats=True)
        (norm2): BatchNorm1d(64, eps=1e-05, momentum=0.1, affine=True, track_running_stats=True)
        (dropout1): Dropout(p=0.2, inplace=False)
        (dropout2): Dropout(p=0.2, inplace=False)
      )
    )
  )
  (dropout1): Dropout(p=0.2, inplace=False)
  (output_layer): Linear(in_features=5120, out_features=5, bias=True)
)
Total number of parameters: 183237
Trainable parameters: 183237
Evaluating on validation set ...
Validation runtime: 0.0 hours, 0.0 minutes, 0.23041772842407227 seconds

Avg val. time: 0.0 hours, 0.0 minutes, 0.23041772842407227 seconds
Avg batch val. time: 0.23041772842407227 seconds
Avg sample val. time: 0.028802216053009033 seconds
Epoch 0 Validation Summary: epoch: 0.000000 | loss: 4.581464 | accuracy: 0.250000 | precision: 0.250000 | 
Starting training...
Epoch 1 Training Summary: epoch: 1.000000 | loss: 1.703499 | 
Epoch runtime: 0.0 hours, 0.0 minutes, 0.22408199310302734 seconds

Avg epoch train. time: 0.0 hours, 0.0 minutes, 0.22408199310302734 seconds
Avg batch train. time: 0.024897999233669706 seconds
Avg sample train. time: 0.003344507359746677 seconds
Evaluating on validation set ...
Validation runtime: 0.0 hours, 0.0 minutes, 0.007319450378417969 seconds

Avg val. time: 0.0 hours, 0.0 minutes, 0.11886858940124512 seconds
Avg batch val. time: 0.11886858940124512 seconds
Avg sample val. time: 0.01485857367515564 seconds
Epoch 1 Validation Summary: epoch: 1.000000 | loss: 1.656603 | accuracy: 0.375000 | precision: 0.366667 | 
Epoch 2 Training Summary: epoch: 2.000000 | loss: 1.729994 | 
Epoch runtime: 0.0 hours, 0.0 minutes, 0.08724379539489746 seconds

Avg epoch train. time: 0.0 hours, 0.0 minutes, 0.1556628942489624 seconds
Avg batch train. time: 0.0172958771387736 seconds
Avg sample train. time: 0.00232332677983526 seconds
Evaluating on validation set ...
Validation runtime: 0.0 hours, 0.0 minutes, 0.0072247982025146484 seconds

Avg val. time: 0.0 hours, 0.0 minutes, 0.08165399233500163 seconds
Avg batch val. time: 0.08165399233500163 seconds
Avg sample val. time: 0.010206749041875204 seconds
Epoch 2 Validation Summary: epoch: 2.000000 | loss: 1.598773 | accuracy: 0.375000 | precision: 0.375000 | 
Epoch 3 Training Summary: epoch: 3.000000 | loss: 1.653100 | 
Epoch runtime: 0.0 hours, 0.0 minutes, 0.09393048286437988 seconds

Avg epoch train. time: 0.0 hours, 0.0 minutes, 0.1350854237874349 seconds
Avg batch train. time: 0.015009491531937211 seconds
Avg sample train. time: 0.002016200355036342 seconds
Epoch 4 Training Summary: epoch: 4.000000 | loss: 1.675333 | 
Epoch runtime: 0.0 hours, 0.0 minutes, 0.08909273147583008 seconds

Avg epoch train. time: 0.0 hours, 0.0 minutes, 0.12358725070953369 seconds
Avg batch train. time: 0.013731916745503744 seconds
Avg sample train. time: 0.0018445858314855776 seconds
Evaluating on validation set ...
Validation runtime: 0.0 hours, 0.0 minutes, 0.007135152816772461 seconds

Avg val. time: 0.0 hours, 0.0 minutes, 0.06302428245544434 seconds
Avg batch val. time: 0.06302428245544434 seconds
Avg sample val. time: 0.007878035306930542 seconds
Epoch 4 Validation Summary: epoch: 4.000000 | loss: 1.594684 | accuracy: 0.250000 | precision: 0.300000 | 
Epoch 5 Training Summary: epoch: 5.000000 | loss: 1.569567 | 
Epoch runtime: 0.0 hours, 0.0 minutes, 0.0895841121673584 seconds

Avg epoch train. time: 0.0 hours, 0.0 minutes, 0.11678662300109863 seconds
Avg batch train. time: 0.012976291444566515 seconds
Avg sample train. time: 0.0017430839253895318 seconds
Epoch 6 Training Summary: epoch: 6.000000 | loss: 1.696730 | 
Epoch runtime: 0.0 hours, 0.0 minutes, 0.08532214164733887 seconds

Avg epoch train. time: 0.0 hours, 0.0 minutes, 0.111542542775472 seconds
Avg batch train. time: 0.012393615863941334 seconds
Avg sample train. time: 0.0016648140712757014 seconds
Evaluating on validation set ...
Validation runtime: 0.0 hours, 0.0 minutes, 0.006615877151489258 seconds

Avg val. time: 0.0 hours, 0.0 minutes, 0.05174260139465332 seconds
Avg batch val. time: 0.05174260139465332 seconds
Avg sample val. time: 0.006467825174331665 seconds
Epoch 6 Validation Summary: epoch: 6.000000 | loss: 1.581206 | accuracy: 0.375000 | precision: 0.511111 | 
Epoch 7 Training Summary: epoch: 7.000000 | loss: 1.673736 | 
Epoch runtime: 0.0 hours, 0.0 minutes, 0.08603167533874512 seconds

Avg epoch train. time: 0.0 hours, 0.0 minutes, 0.10789813314165388 seconds
Avg batch train. time: 0.011988681460183764 seconds
Avg sample train. time: 0.001610419897636625 seconds
Epoch 8 Training Summary: epoch: 8.000000 | loss: 1.671213 | 
Epoch runtime: 0.0 hours, 0.0 minutes, 0.08494019508361816 seconds

Avg epoch train. time: 0.0 hours, 0.0 minutes, 0.10502839088439941 seconds
Avg batch train. time: 0.011669821209377713 seconds
Avg sample train. time: 0.0015675879236477525 seconds
Evaluating on validation set ...
Validation runtime: 0.0 hours, 0.0 minutes, 0.006333827972412109 seconds

Avg val. time: 0.0 hours, 0.0 minutes, 0.04417447249094645 seconds
Avg batch val. time: 0.04417447249094645 seconds
Avg sample val. time: 0.005521809061368306 seconds
Epoch 8 Validation Summary: epoch: 8.000000 | loss: 1.579000 | accuracy: 0.375000 | precision: 0.450000 | 
Epoch 9 Training Summary: epoch: 9.000000 | loss: 1.630876 | 
Epoch runtime: 0.0 hours, 0.0 minutes, 0.08553385734558105 seconds

Avg epoch train. time: 0.0 hours, 0.0 minutes, 0.10286233160230848 seconds
Avg batch train. time: 0.011429147955812053 seconds
Avg sample train. time: 0.0015352586806314699 seconds
Epoch 10 Training Summary: epoch: 10.000000 | loss: 1.624005 | 
Epoch runtime: 0.0 hours, 0.0 minutes, 0.08294153213500977 seconds

Avg epoch train. time: 0.0 hours, 0.0 minutes, 0.10087025165557861 seconds
Avg batch train. time: 0.011207805739508735 seconds
Avg sample train. time: 0.0015055261441131137 seconds
Evaluating on validation set ...
Validation runtime: 0.0 hours, 0.0 minutes, 0.006493568420410156 seconds

Avg val. time: 0.0 hours, 0.0 minutes, 0.03879148619515555 seconds
Avg batch val. time: 0.03879148619515555 seconds
Avg sample val. time: 0.004848935774394444 seconds
Epoch 10 Validation Summary: epoch: 10.000000 | loss: 1.576894 | accuracy: 0.250000 | precision: 0.312500 | 
Epoch 11 Training Summary: epoch: 11.000000 | loss: 1.563951 | 
Epoch runtime: 0.0 hours, 0.0 minutes, 0.09107184410095215 seconds

Avg epoch train. time: 0.0 hours, 0.0 minutes, 0.09997948733243076 seconds
Avg batch train. time: 0.01110883192582564 seconds
Avg sample train. time: 0.0014922311542153845 seconds
Epoch 12 Training Summary: epoch: 12.000000 | loss: 1.536394 | 
Epoch runtime: 0.0 hours, 0.0 minutes, 0.08107686042785645 seconds

Avg epoch train. time: 0.0 hours, 0.0 minutes, 0.09840426842371623 seconds
Avg batch train. time: 0.010933807602635136 seconds
Avg sample train. time: 0.0014687204242345706 seconds
Evaluating on validation set ...
Validation runtime: 0.0 hours, 0.0 minutes, 0.006444692611694336 seconds

Avg val. time: 0.0 hours, 0.0 minutes, 0.0347481369972229 seconds
Avg batch val. time: 0.0347481369972229 seconds
Avg sample val. time: 0.0043435171246528625 seconds
Epoch 12 Validation Summary: epoch: 12.000000 | loss: 1.568100 | accuracy: 0.125000 | precision: 0.125000 | 
Epoch 13 Training Summary: epoch: 13.000000 | loss: 1.619707 | 
Epoch runtime: 0.0 hours, 0.0 minutes, 0.08203315734863281 seconds

Avg epoch train. time: 0.0 hours, 0.0 minutes, 0.09714495218717135 seconds
Avg batch train. time: 0.010793883576352373 seconds
Avg sample train. time: 0.0014499246595100202 seconds
Epoch 14 Training Summary: epoch: 14.000000 | loss: 1.499464 | 
Epoch runtime: 0.0 hours, 0.0 minutes, 0.08053970336914062 seconds

Avg epoch train. time: 0.0 hours, 0.0 minutes, 0.09595886298588344 seconds
Avg batch train. time: 0.010662095887320382 seconds
Avg sample train. time: 0.0014322218356102006 seconds
Evaluating on validation set ...
Validation runtime: 0.0 hours, 0.0 minutes, 0.00720667839050293 seconds

Avg val. time: 0.0 hours, 0.0 minutes, 0.03168797492980957 seconds
Avg batch val. time: 0.03168797492980957 seconds
Avg sample val. time: 0.003960996866226196 seconds
Epoch 14 Validation Summary: epoch: 14.000000 | loss: 1.528939 | accuracy: 0.250000 | precision: 0.333333 | 
Epoch 15 Training Summary: epoch: 15.000000 | loss: 1.595299 | 
Epoch runtime: 0.0 hours, 0.0 minutes, 0.09100151062011719 seconds

Avg epoch train. time: 0.0 hours, 0.0 minutes, 0.09562837282816569 seconds
Avg batch train. time: 0.010625374758685076 seconds
Avg sample train. time: 0.0014272891466890402 seconds
Epoch 16 Training Summary: epoch: 16.000000 | loss: 1.572256 | 
Epoch runtime: 0.0 hours, 0.0 minutes, 0.08727216720581055 seconds

Avg epoch train. time: 0.0 hours, 0.0 minutes, 0.0951061099767685 seconds
Avg batch train. time: 0.010567345552974276 seconds
Avg sample train. time: 0.0014194941787577387 seconds
Evaluating on validation set ...
Validation runtime: 0.0 hours, 0.0 minutes, 0.0067691802978515625 seconds

Avg val. time: 0.0 hours, 0.0 minutes, 0.02919609546661377 seconds
Avg batch val. time: 0.02919609546661377 seconds
Avg sample val. time: 0.0036495119333267213 seconds
Epoch 16 Validation Summary: epoch: 16.000000 | loss: 1.496965 | accuracy: 0.500000 | precision: 0.633333 | 
Epoch 17 Training Summary: epoch: 17.000000 | loss: 1.544749 | 
Epoch runtime: 0.0 hours, 0.0 minutes, 0.08803391456604004 seconds

Avg epoch train. time: 0.0 hours, 0.0 minutes, 0.09469009848201976 seconds
Avg batch train. time: 0.010521122053557751 seconds
Avg sample train. time: 0.0014132850519704442 seconds
Epoch 18 Training Summary: epoch: 18.000000 | loss: 1.443457 | 
Epoch runtime: 0.0 hours, 0.0 minutes, 0.08558869361877441 seconds

Avg epoch train. time: 0.0 hours, 0.0 minutes, 0.09418446487850612 seconds
Avg batch train. time: 0.010464940542056236 seconds
Avg sample train. time: 0.0014057382817687482 seconds
Evaluating on validation set ...
Validation runtime: 0.0 hours, 0.0 minutes, 0.006905794143676758 seconds

Avg val. time: 0.0 hours, 0.0 minutes, 0.02716970443725586 seconds
Avg batch val. time: 0.02716970443725586 seconds
Avg sample val. time: 0.0033962130546569824 seconds
Epoch 18 Validation Summary: epoch: 18.000000 | loss: 1.447156 | accuracy: 0.500000 | precision: 0.633333 | 
Epoch 19 Training Summary: epoch: 19.000000 | loss: 1.502654 | 
Epoch runtime: 0.0 hours, 0.0 minutes, 0.08695173263549805 seconds

Avg epoch train. time: 0.0 hours, 0.0 minutes, 0.09380379476045307 seconds
Avg batch train. time: 0.010422643862272563 seconds
Avg sample train. time: 0.0014000566382157175 seconds
Epoch 20 Training Summary: epoch: 20.000000 | loss: 1.466241 | 
Epoch runtime: 0.0 hours, 0.0 minutes, 0.08483076095581055 seconds

Avg epoch train. time: 0.0 hours, 0.0 minutes, 0.09335514307022094 seconds
Avg batch train. time: 0.010372793674468993 seconds
Avg sample train. time: 0.0013933603443316558 seconds
Evaluating on validation set ...
Validation runtime: 0.0 hours, 0.0 minutes, 0.007649421691894531 seconds

Avg val. time: 0.0 hours, 0.0 minutes, 0.02554301420847575 seconds
Avg batch val. time: 0.02554301420847575 seconds
Avg sample val. time: 0.0031928767760594687 seconds
Epoch 20 Validation Summary: epoch: 20.000000 | loss: 1.405302 | accuracy: 0.500000 | precision: 0.633333 | 
Epoch 21 Training Summary: epoch: 21.000000 | loss: 1.347378 | 
Epoch runtime: 0.0 hours, 0.0 minutes, 0.08216619491577148 seconds

Avg epoch train. time: 0.0 hours, 0.0 minutes, 0.09282233601524717 seconds
Avg batch train. time: 0.010313592890583019 seconds
Avg sample train. time: 0.0013854080002275698 seconds
Epoch 22 Training Summary: epoch: 22.000000 | loss: 1.386844 | 
Epoch runtime: 0.0 hours, 0.0 minutes, 0.08973002433776855 seconds

Avg epoch train. time: 0.0 hours, 0.0 minutes, 0.0926817763935436 seconds
Avg batch train. time: 0.010297975154838178 seconds
Avg sample train. time: 0.0013833100954260239 seconds
Evaluating on validation set ...
Validation runtime: 0.0 hours, 0.0 minutes, 0.007647275924682617 seconds

Avg val. time: 0.0 hours, 0.0 minutes, 0.024166418955876276 seconds
Avg batch val. time: 0.024166418955876276 seconds
Avg sample val. time: 0.0030208023694845345 seconds
Epoch 22 Validation Summary: epoch: 22.000000 | loss: 1.409667 | accuracy: 0.500000 | precision: 0.533333 | 
Epoch 23 Training Summary: epoch: 23.000000 | loss: 1.324191 | 
Epoch runtime: 0.0 hours, 0.0 minutes, 0.08757138252258301 seconds

Avg epoch train. time: 0.0 hours, 0.0 minutes, 0.09245958535567574 seconds
Avg batch train. time: 0.010273287261741749 seconds
Avg sample train. time: 0.0013799938112787423 seconds
Epoch 24 Training Summary: epoch: 24.000000 | loss: 1.362853 | 
Epoch runtime: 0.0 hours, 0.0 minutes, 0.08961629867553711 seconds

Avg epoch train. time: 0.0 hours, 0.0 minutes, 0.09234111507733662 seconds
Avg batch train. time: 0.010260123897481847 seconds
Avg sample train. time: 0.0013782255981692033 seconds
Evaluating on validation set ...
Validation runtime: 0.0 hours, 0.0 minutes, 0.0067539215087890625 seconds

Avg val. time: 0.0 hours, 0.0 minutes, 0.02292266913822719 seconds
Avg batch val. time: 0.02292266913822719 seconds
Avg sample val. time: 0.0028653336422783987 seconds
Epoch 24 Validation Summary: epoch: 24.000000 | loss: 1.380637 | accuracy: 0.375000 | precision: 0.640000 | 
Epoch 25 Training Summary: epoch: 25.000000 | loss: 1.288423 | 
Epoch runtime: 0.0 hours, 0.0 minutes, 0.09222769737243652 seconds

Avg epoch train. time: 0.0 hours, 0.0 minutes, 0.09233657836914062 seconds
Avg batch train. time: 0.010259619818793402 seconds
Avg sample train. time: 0.0013781578861065764 seconds
Epoch 26 Training Summary: epoch: 26.000000 | loss: 1.221891 | 
Epoch runtime: 0.0 hours, 0.0 minutes, 0.08757710456848145 seconds

Avg epoch train. time: 0.0 hours, 0.0 minutes, 0.09215352168449989 seconds
Avg batch train. time: 0.010239280187166654 seconds
Avg sample train. time: 0.0013754256967835805 seconds
Evaluating on validation set ...
Validation runtime: 0.0 hours, 0.0 minutes, 0.007122039794921875 seconds

Avg val. time: 0.0 hours, 0.0 minutes, 0.0218692938486735 seconds
Avg batch val. time: 0.0218692938486735 seconds
Avg sample val. time: 0.0027336617310841876 seconds
Epoch 26 Validation Summary: epoch: 26.000000 | loss: 1.350579 | accuracy: 0.250000 | precision: 0.240000 | 
Epoch 27 Training Summary: epoch: 27.000000 | loss: 1.298379 | 
Epoch runtime: 0.0 hours, 0.0 minutes, 0.09071993827819824 seconds

Avg epoch train. time: 0.0 hours, 0.0 minutes, 0.09210042600278501 seconds
Avg batch train. time: 0.010233380666976112 seconds
Avg sample train. time: 0.0013746332239221643 seconds
Epoch 28 Training Summary: epoch: 28.000000 | loss: 1.132455 | 
Epoch runtime: 0.0 hours, 0.0 minutes, 0.08832836151123047 seconds

Avg epoch train. time: 0.0 hours, 0.0 minutes, 0.09196570941380092 seconds
Avg batch train. time: 0.01021841215708899 seconds
Avg sample train. time: 0.0013726225285641928 seconds
Evaluating on validation set ...
Validation runtime: 0.0 hours, 0.0 minutes, 0.006761074066162109 seconds

Avg val. time: 0.0 hours, 0.0 minutes, 0.02092503011226654 seconds
Avg batch val. time: 0.02092503011226654 seconds
Avg sample val. time: 0.0026156287640333176 seconds
Epoch 28 Validation Summary: epoch: 28.000000 | loss: 1.303499 | accuracy: 0.500000 | precision: 0.500000 | 
Epoch 29 Training Summary: epoch: 29.000000 | loss: 1.171922 | 
Epoch runtime: 0.0 hours, 0.0 minutes, 0.09700822830200195 seconds

Avg epoch train. time: 0.0 hours, 0.0 minutes, 0.09213958937546303 seconds
Avg batch train. time: 0.010237732152829226 seconds
Avg sample train. time: 0.0013752177518725826 seconds
Epoch 30 Training Summary: epoch: 30.000000 | loss: 1.160266 | 
Epoch runtime: 0.0 hours, 0.0 minutes, 0.09444212913513184 seconds

Avg epoch train. time: 0.0 hours, 0.0 minutes, 0.09221634070078531 seconds
Avg batch train. time: 0.010246260077865034 seconds
Avg sample train. time: 0.001376363294041572 seconds
Evaluating on validation set ...
Validation runtime: 0.0 hours, 0.0 minutes, 0.008076906204223633 seconds

Avg val. time: 0.0 hours, 0.0 minutes, 0.02016925811767578 seconds
Avg batch val. time: 0.02016925811767578 seconds
Avg sample val. time: 0.0025211572647094727 seconds
Epoch 30 Validation Summary: epoch: 30.000000 | loss: 1.231006 | accuracy: 0.500000 | precision: 0.541667 | 
Epoch 31 Training Summary: epoch: 31.000000 | loss: 1.098371 | 
Epoch runtime: 0.0 hours, 0.0 minutes, 0.08690094947814941 seconds

Avg epoch train. time: 0.0 hours, 0.0 minutes, 0.09204487646779706 seconds
Avg batch train. time: 0.010227208496421896 seconds
Avg sample train. time: 0.0013738041263850309 seconds
Epoch 32 Training Summary: epoch: 32.000000 | loss: 0.971165 | 
Epoch runtime: 0.0 hours, 0.0 minutes, 0.09593439102172852 seconds

Avg epoch train. time: 0.0 hours, 0.0 minutes, 0.09216642379760742 seconds
Avg batch train. time: 0.010240713755289713 seconds
Avg sample train. time: 0.0013756182656359318 seconds
Evaluating on validation set ...
Validation runtime: 0.0 hours, 0.0 minutes, 0.008217811584472656 seconds

Avg val. time: 0.0 hours, 0.0 minutes, 0.019505288865831163 seconds
Avg batch val. time: 0.019505288865831163 seconds
Avg sample val. time: 0.0024381611082288954 seconds
Epoch 32 Validation Summary: epoch: 32.000000 | loss: 1.336921 | accuracy: 0.375000 | precision: 0.640000 | 
Epoch 33 Training Summary: epoch: 33.000000 | loss: 0.941760 | 
Epoch runtime: 0.0 hours, 0.0 minutes, 0.09586191177368164 seconds

Avg epoch train. time: 0.0 hours, 0.0 minutes, 0.09227840828173088 seconds
Avg batch train. time: 0.010253156475747876 seconds
Avg sample train. time: 0.0013772896758467296 seconds
Epoch 34 Training Summary: epoch: 34.000000 | loss: 0.874487 | 
Epoch runtime: 0.0 hours, 0.0 minutes, 0.08895111083984375 seconds

Avg epoch train. time: 0.0 hours, 0.0 minutes, 0.09218054659226362 seconds
Avg batch train. time: 0.010242282954695958 seconds
Avg sample train. time: 0.0013758290536158748 seconds
Evaluating on validation set ...
Validation runtime: 0.0 hours, 0.0 minutes, 0.007130861282348633 seconds

Avg val. time: 0.0 hours, 0.0 minutes, 0.018854003203542608 seconds
Avg batch val. time: 0.018854003203542608 seconds
Avg sample val. time: 0.002356750400442826 seconds
Epoch 34 Validation Summary: epoch: 34.000000 | loss: 1.484972 | accuracy: 0.375000 | precision: 0.833333 | 
Epoch 35 Training Summary: epoch: 35.000000 | loss: 0.876653 | 
Epoch runtime: 0.0 hours, 0.0 minutes, 0.08681273460388184 seconds

Avg epoch train. time: 0.0 hours, 0.0 minutes, 0.09202718053545271 seconds
Avg batch train. time: 0.010225242281716968 seconds
Avg sample train. time: 0.0013735400079918315 seconds
Epoch 36 Training Summary: epoch: 36.000000 | loss: 0.818534 | 
Epoch runtime: 0.0 hours, 0.0 minutes, 0.08888936042785645 seconds

Avg epoch train. time: 0.0 hours, 0.0 minutes, 0.09194001886579725 seconds
Avg batch train. time: 0.01021555765175525 seconds
Avg sample train. time: 0.0013722390875492128 seconds
Evaluating on validation set ...
Validation runtime: 0.0 hours, 0.0 minutes, 0.007046699523925781 seconds

Avg val. time: 0.0 hours, 0.0 minutes, 0.018263638019561768 seconds
Avg batch val. time: 0.018263638019561768 seconds
Avg sample val. time: 0.002282954752445221 seconds
Epoch 36 Validation Summary: epoch: 36.000000 | loss: 1.518645 | accuracy: 0.500000 | precision: 0.716667 | 
Epoch 37 Training Summary: epoch: 37.000000 | loss: 0.749125 | 
Epoch runtime: 0.0 hours, 0.0 minutes, 0.0905153751373291 seconds

Avg epoch train. time: 0.0 hours, 0.0 minutes, 0.09190151498124406 seconds
Avg batch train. time: 0.01021127944236045 seconds
Avg sample train. time: 0.0013716644027051352 seconds
Epoch 38 Training Summary: epoch: 38.000000 | loss: 0.689091 | 
Epoch runtime: 0.0 hours, 0.0 minutes, 0.09126091003417969 seconds

Avg epoch train. time: 0.0 hours, 0.0 minutes, 0.09188465695632131 seconds
Avg batch train. time: 0.010209406328480145 seconds
Avg sample train. time: 0.0013714127903928554 seconds
Evaluating on validation set ...
Validation runtime: 0.0 hours, 0.0 minutes, 0.007025003433227539 seconds

Avg val. time: 0.0 hours, 0.0 minutes, 0.017728464944022044 seconds
Avg batch val. time: 0.017728464944022044 seconds
Avg sample val. time: 0.0022160581180027555 seconds
Epoch 38 Validation Summary: epoch: 38.000000 | loss: 1.568401 | accuracy: 0.625000 | precision: 0.875000 | 
Epoch 39 Training Summary: epoch: 39.000000 | loss: 0.684479 | 
Epoch runtime: 0.0 hours, 0.0 minutes, 0.09269356727600098 seconds

Avg epoch train. time: 0.0 hours, 0.0 minutes, 0.09190539824656951 seconds
Avg batch train. time: 0.010211710916285501 seconds
Avg sample train. time: 0.0013717223618890972 seconds
Epoch 40 Training Summary: epoch: 40.000000 | loss: 0.603239 | 
Epoch runtime: 0.0 hours, 0.0 minutes, 0.08719825744628906 seconds

Avg epoch train. time: 0.0 hours, 0.0 minutes, 0.0917877197265625 seconds
Avg batch train. time: 0.01019863552517361 seconds
Avg sample train. time: 0.001369965966068097 seconds
Evaluating on validation set ...
Validation runtime: 0.0 hours, 0.0 minutes, 0.007213115692138672 seconds

Avg val. time: 0.0 hours, 0.0 minutes, 0.017250494523481888 seconds
Avg batch val. time: 0.017250494523481888 seconds
Avg sample val. time: 0.002156311815435236 seconds
Epoch 40 Validation Summary: epoch: 40.000000 | loss: 1.655834 | accuracy: 0.625000 | precision: 0.805556 | 
Best accuracy was 0.625. Other metrics: OrderedDict([('epoch', 38), ('loss', 1.5684009790420532), ('accuracy', 0.625), ('precision', 0.875)])
All Done!
Total runtime: 0.0 hours, 0.0 minutes, 6.9771270751953125 seconds

