Running:
src/main_5q.py --output_dir experiments --comment classification from Scratch --name VRS_fromScratch --records_file VRS_records.xls --data_dir /mnt/d/OneDrive - Southern Methodist University/Phone_Privacy/input_feature/all_processpos_norm_downsample_480p_s22 --data_class vrs --val_ratio 0.1 --epochs 40 --lr 0.001 --dropout 0.2 --batch_size 8 --num_layers 3 --num_heads 4 --optimizer RAdam --pos_encoding learnable --task classification --normalization none --key_metric accuracy

Using device: cuda
Loading and preprocessing data ...
135 samples may be used for training
16 samples will be used for validation
0 samples will be used for testing
Creating model ...
Model:
TSTransformerEncoderClassiregressor(
  (project_inp): Linear(in_features=39, out_features=64, bias=True)
  (pos_enc): LearnablePositionalEncoding(
    (dropout): Dropout(p=0.2, inplace=False)
  )
  (transformer_encoder): TransformerEncoder(
    (layers): ModuleList(
      (0-2): 3 x TransformerBatchNormEncoderLayer(
        (self_attn): MultiheadAttention(
          (out_proj): NonDynamicallyQuantizableLinear(in_features=64, out_features=64, bias=True)
        )
        (linear1): Linear(in_features=64, out_features=256, bias=True)
        (dropout): Dropout(p=0.2, inplace=False)
        (linear2): Linear(in_features=256, out_features=64, bias=True)
        (norm1): BatchNorm1d(64, eps=1e-05, momentum=0.1, affine=True, track_running_stats=True)
        (norm2): BatchNorm1d(64, eps=1e-05, momentum=0.1, affine=True, track_running_stats=True)
        (dropout1): Dropout(p=0.2, inplace=False)
        (dropout2): Dropout(p=0.2, inplace=False)
      )
    )
  )
  (dropout1): Dropout(p=0.2, inplace=False)
  (output_layer): Linear(in_features=5120, out_features=5, bias=True)
)
Total number of parameters: 183237
Trainable parameters: 183237
Evaluating on validation set ...
Validation runtime: 0.0 hours, 0.0 minutes, 0.283977746963501 seconds

Avg val. time: 0.0 hours, 0.0 minutes, 0.283977746963501 seconds
Avg batch val. time: 0.1419888734817505 seconds
Avg sample val. time: 0.01774860918521881 seconds
Epoch 0 Validation Summary: epoch: 0.000000 | loss: 6.811761 | accuracy: 0.187500 | precision: 0.187500 | 
Starting training...
Epoch 1 Training Summary: epoch: 1.000000 | loss: 1.702826 | 
Epoch runtime: 0.0 hours, 0.0 minutes, 0.3538095951080322 seconds

Avg epoch train. time: 0.0 hours, 0.0 minutes, 0.3538095951080322 seconds
Avg batch train. time: 0.020812329124001896 seconds
Avg sample train. time: 0.0026208118156150536 seconds
Evaluating on validation set ...
Validation runtime: 0.0 hours, 0.0 minutes, 0.015161752700805664 seconds

Avg val. time: 0.0 hours, 0.0 minutes, 0.14956974983215332 seconds
Avg batch val. time: 0.07478487491607666 seconds
Avg sample val. time: 0.009348109364509583 seconds
Epoch 1 Validation Summary: epoch: 1.000000 | loss: 1.634379 | accuracy: 0.187500 | precision: 0.115385 | 
Epoch 2 Training Summary: epoch: 2.000000 | loss: 1.667421 | 
Epoch runtime: 0.0 hours, 0.0 minutes, 0.21561050415039062 seconds

Avg epoch train. time: 0.0 hours, 0.0 minutes, 0.2847100496292114 seconds
Avg batch train. time: 0.016747649978188908 seconds
Avg sample train. time: 0.0021089633305867513 seconds
Evaluating on validation set ...
Validation runtime: 0.0 hours, 0.0 minutes, 0.00989079475402832 seconds

Avg val. time: 0.0 hours, 0.0 minutes, 0.10301009813944499 seconds
Avg batch val. time: 0.051505049069722496 seconds
Avg sample val. time: 0.006438131133715312 seconds
Epoch 2 Validation Summary: epoch: 2.000000 | loss: 1.613645 | accuracy: 0.125000 | precision: 0.179487 | 
Epoch 3 Training Summary: epoch: 3.000000 | loss: 1.607685 | 
Epoch runtime: 0.0 hours, 0.0 minutes, 0.22948455810546875 seconds

Avg epoch train. time: 0.0 hours, 0.0 minutes, 0.26630155245463055 seconds
Avg batch train. time: 0.01566479720321356 seconds
Avg sample train. time: 0.0019726040922565225 seconds
Epoch 4 Training Summary: epoch: 4.000000 | loss: 1.622086 | 
Epoch runtime: 0.0 hours, 0.0 minutes, 0.2471165657043457 seconds

Avg epoch train. time: 0.0 hours, 0.0 minutes, 0.2615053057670593 seconds
Avg batch train. time: 0.015382665045121136 seconds
Avg sample train. time: 0.0019370763390152543 seconds
Evaluating on validation set ...
Validation runtime: 0.0 hours, 0.0 minutes, 0.01597738265991211 seconds

Avg val. time: 0.0 hours, 0.0 minutes, 0.08125191926956177 seconds
Avg batch val. time: 0.040625959634780884 seconds
Avg sample val. time: 0.0050782449543476105 seconds
Epoch 4 Validation Summary: epoch: 4.000000 | loss: 1.586311 | accuracy: 0.250000 | precision: 0.263736 | 
Epoch 5 Training Summary: epoch: 5.000000 | loss: 1.612866 | 
Epoch runtime: 0.0 hours, 0.0 minutes, 0.20133757591247559 seconds

Avg epoch train. time: 0.0 hours, 0.0 minutes, 0.24947175979614258 seconds
Avg batch train. time: 0.014674809399773094 seconds
Avg sample train. time: 0.001847938961452908 seconds
Epoch 6 Training Summary: epoch: 6.000000 | loss: 1.655507 | 
Epoch runtime: 0.0 hours, 0.0 minutes, 0.21623635292053223 seconds

Avg epoch train. time: 0.0 hours, 0.0 minutes, 0.24393252531687418 seconds
Avg batch train. time: 0.014348972077463187 seconds
Avg sample train. time: 0.0018069075949398087 seconds
Evaluating on validation set ...
Validation runtime: 0.0 hours, 0.0 minutes, 0.011783361434936523 seconds

Avg val. time: 0.0 hours, 0.0 minutes, 0.06735820770263672 seconds
Avg batch val. time: 0.03367910385131836 seconds
Avg sample val. time: 0.004209887981414795 seconds
Epoch 6 Validation Summary: epoch: 6.000000 | loss: 1.543492 | accuracy: 0.250000 | precision: 0.202020 | 
Epoch 7 Training Summary: epoch: 7.000000 | loss: 1.599224 | 
Epoch runtime: 0.0 hours, 0.0 minutes, 0.23213911056518555 seconds

Avg epoch train. time: 0.0 hours, 0.0 minutes, 0.24224775178091867 seconds
Avg batch train. time: 0.014249867751818746 seconds
Avg sample train. time: 0.001794427790969768 seconds
Epoch 8 Training Summary: epoch: 8.000000 | loss: 1.597504 | 
Epoch runtime: 0.0 hours, 0.0 minutes, 0.21447134017944336 seconds

Avg epoch train. time: 0.0 hours, 0.0 minutes, 0.23877570033073425 seconds
Avg batch train. time: 0.014045629431219661 seconds
Avg sample train. time: 0.0017687088913387722 seconds
Evaluating on validation set ...
Validation runtime: 0.0 hours, 0.0 minutes, 0.013223886489868164 seconds

Avg val. time: 0.0 hours, 0.0 minutes, 0.05833582083384196 seconds
Avg batch val. time: 0.02916791041692098 seconds
Avg sample val. time: 0.0036459888021151223 seconds
Epoch 8 Validation Summary: epoch: 8.000000 | loss: 1.490021 | accuracy: 0.250000 | precision: 0.202020 | 
Epoch 9 Training Summary: epoch: 9.000000 | loss: 1.479516 | 
Epoch runtime: 0.0 hours, 0.0 minutes, 0.21618914604187012 seconds

Avg epoch train. time: 0.0 hours, 0.0 minutes, 0.23626608318752712 seconds
Avg batch train. time: 0.013898004893383949 seconds
Avg sample train. time: 0.0017501191347224232 seconds
Epoch 10 Training Summary: epoch: 10.000000 | loss: 1.562929 | 
Epoch runtime: 0.0 hours, 0.0 minutes, 0.21328449249267578 seconds

Avg epoch train. time: 0.0 hours, 0.0 minutes, 0.233967924118042 seconds
Avg batch train. time: 0.013762819065767175 seconds
Avg sample train. time: 0.0017330957342077183 seconds
Evaluating on validation set ...
Validation runtime: 0.0 hours, 0.0 minutes, 0.01243734359741211 seconds

Avg val. time: 0.0 hours, 0.0 minutes, 0.05177889551435198 seconds
Avg batch val. time: 0.02588944775717599 seconds
Avg sample val. time: 0.003236180969646999 seconds
Epoch 10 Validation Summary: epoch: 10.000000 | loss: 1.415361 | accuracy: 0.250000 | precision: 0.166667 | 
Epoch 11 Training Summary: epoch: 11.000000 | loss: 1.443619 | 
Epoch runtime: 0.0 hours, 0.0 minutes, 0.2158212661743164 seconds

Avg epoch train. time: 0.0 hours, 0.0 minutes, 0.23231822794133966 seconds
Avg batch train. time: 0.01366577811419645 seconds
Avg sample train. time: 0.0017208757625284418 seconds
Epoch 12 Training Summary: epoch: 12.000000 | loss: 1.381218 | 
Epoch runtime: 0.0 hours, 0.0 minutes, 0.21326851844787598 seconds

Avg epoch train. time: 0.0 hours, 0.0 minutes, 0.23073075215021768 seconds
Avg batch train. time: 0.013572397185306923 seconds
Avg sample train. time: 0.001709116682594205 seconds
Evaluating on validation set ...
Validation runtime: 0.0 hours, 0.0 minutes, 0.013805866241455078 seconds

Avg val. time: 0.0 hours, 0.0 minutes, 0.04703226685523987 seconds
Avg batch val. time: 0.023516133427619934 seconds
Avg sample val. time: 0.0029395166784524918 seconds
Epoch 12 Validation Summary: epoch: 12.000000 | loss: 1.311070 | accuracy: 0.437500 | precision: 0.577778 | 
Epoch 13 Training Summary: epoch: 13.000000 | loss: 1.321657 | 
Epoch runtime: 0.0 hours, 0.0 minutes, 0.2127089500427246 seconds

Avg epoch train. time: 0.0 hours, 0.0 minutes, 0.22934445968041053 seconds
Avg batch train. time: 0.013490850569435914 seconds
Avg sample train. time: 0.0016988478494845225 seconds
Epoch 14 Training Summary: epoch: 14.000000 | loss: 1.188709 | 
Epoch runtime: 0.0 hours, 0.0 minutes, 0.20816493034362793 seconds

Avg epoch train. time: 0.0 hours, 0.0 minutes, 0.22783163615635463 seconds
Avg batch train. time: 0.013401860950373802 seconds
Avg sample train. time: 0.0016876417493063307 seconds
Evaluating on validation set ...
Validation runtime: 0.0 hours, 0.0 minutes, 0.012597084045410156 seconds

Avg val. time: 0.0 hours, 0.0 minutes, 0.04320613543192545 seconds
Avg batch val. time: 0.021603067715962727 seconds
Avg sample val. time: 0.002700383464495341 seconds
Epoch 14 Validation Summary: epoch: 14.000000 | loss: 1.194111 | accuracy: 0.500000 | precision: 0.412500 | 
Epoch 15 Training Summary: epoch: 15.000000 | loss: 1.149500 | 
Epoch runtime: 0.0 hours, 0.0 minutes, 0.2158949375152588 seconds

Avg epoch train. time: 0.0 hours, 0.0 minutes, 0.22703585624694825 seconds
Avg batch train. time: 0.013355050367467544 seconds
Avg sample train. time: 0.0016817470833107278 seconds
Epoch 16 Training Summary: epoch: 16.000000 | loss: 1.060095 | 
Epoch runtime: 0.0 hours, 0.0 minutes, 0.2133941650390625 seconds

Avg epoch train. time: 0.0 hours, 0.0 minutes, 0.22618325054645538 seconds
Avg batch train. time: 0.013304897090967964 seconds
Avg sample train. time: 0.001675431485529299 seconds
Evaluating on validation set ...
Validation runtime: 0.0 hours, 0.0 minutes, 0.01728343963623047 seconds

Avg val. time: 0.0 hours, 0.0 minutes, 0.040613865852355956 seconds
Avg batch val. time: 0.020306932926177978 seconds
Avg sample val. time: 0.0025383666157722472 seconds
Epoch 16 Validation Summary: epoch: 16.000000 | loss: 1.117619 | accuracy: 0.500000 | precision: 0.591667 | 
Epoch 17 Training Summary: epoch: 17.000000 | loss: 0.990664 | 
Epoch runtime: 0.0 hours, 0.0 minutes, 0.2224593162536621 seconds

Avg epoch train. time: 0.0 hours, 0.0 minutes, 0.22596419558805578 seconds
Avg batch train. time: 0.013292011505179752 seconds
Avg sample train. time: 0.0016738088562078205 seconds
Epoch 18 Training Summary: epoch: 18.000000 | loss: 0.956077 | 
Epoch runtime: 0.0 hours, 0.0 minutes, 0.20829415321350098 seconds

Avg epoch train. time: 0.0 hours, 0.0 minutes, 0.22498252656724718 seconds
Avg batch train. time: 0.0132342662686616 seconds
Avg sample train. time: 0.0016665372338314605 seconds
Evaluating on validation set ...
Validation runtime: 0.0 hours, 0.0 minutes, 0.011510848999023438 seconds

Avg val. time: 0.0 hours, 0.0 minutes, 0.037968137047507546 seconds
Avg batch val. time: 0.018984068523753773 seconds
Avg sample val. time: 0.0023730085654692216 seconds
Epoch 18 Validation Summary: epoch: 18.000000 | loss: 1.101677 | accuracy: 0.437500 | precision: 0.460000 | 
Epoch 19 Training Summary: epoch: 19.000000 | loss: 0.908855 | 
Epoch runtime: 0.0 hours, 0.0 minutes, 0.20708537101745605 seconds

Avg epoch train. time: 0.0 hours, 0.0 minutes, 0.224040571011995 seconds
Avg batch train. time: 0.013178857118352648 seconds
Avg sample train. time: 0.001659559785274037 seconds
Epoch 20 Training Summary: epoch: 20.000000 | loss: 0.848174 | 
Epoch runtime: 0.0 hours, 0.0 minutes, 0.21006202697753906 seconds

Avg epoch train. time: 0.0 hours, 0.0 minutes, 0.22334164381027222 seconds
Avg batch train. time: 0.013137743753545424 seconds
Avg sample train. time: 0.0016543825467427572 seconds
Evaluating on validation set ...
Validation runtime: 0.0 hours, 0.0 minutes, 0.010695695877075195 seconds

Avg val. time: 0.0 hours, 0.0 minutes, 0.035695433616638184 seconds
Avg batch val. time: 0.017847716808319092 seconds
Avg sample val. time: 0.0022309646010398865 seconds
Epoch 20 Validation Summary: epoch: 20.000000 | loss: 1.029700 | accuracy: 0.437500 | precision: 0.531250 | 
Epoch 21 Training Summary: epoch: 21.000000 | loss: 0.775746 | 
Epoch runtime: 0.0 hours, 0.0 minutes, 0.21775007247924805 seconds

Avg epoch train. time: 0.0 hours, 0.0 minutes, 0.22307537850879489 seconds
Avg batch train. time: 0.01312208108875264 seconds
Avg sample train. time: 0.0016524102111762583 seconds
Epoch 22 Training Summary: epoch: 22.000000 | loss: 0.727810 | 
Epoch runtime: 0.0 hours, 0.0 minutes, 0.21539926528930664 seconds

Avg epoch train. time: 0.0 hours, 0.0 minutes, 0.2227264642715454 seconds
Avg batch train. time: 0.013101556721855612 seconds
Avg sample train. time: 0.0016498256612707068 seconds
Evaluating on validation set ...
Validation runtime: 0.0 hours, 0.0 minutes, 0.012461662292480469 seconds

Avg val. time: 0.0 hours, 0.0 minutes, 0.03390822043785682 seconds
Avg batch val. time: 0.01695411021892841 seconds
Avg sample val. time: 0.0021192637773660514 seconds
Epoch 22 Validation Summary: epoch: 22.000000 | loss: 1.074964 | accuracy: 0.437500 | precision: 0.375000 | 
Epoch 23 Training Summary: epoch: 23.000000 | loss: 0.784180 | 
Epoch runtime: 0.0 hours, 0.0 minutes, 0.21295380592346191 seconds

Avg epoch train. time: 0.0 hours, 0.0 minutes, 0.2223015660824983 seconds
Avg batch train. time: 0.013076562710735193 seconds
Avg sample train. time: 0.0016466782672777652 seconds
Epoch 24 Training Summary: epoch: 24.000000 | loss: 0.648344 | 
Epoch runtime: 0.0 hours, 0.0 minutes, 0.22281098365783691 seconds

Avg epoch train. time: 0.0 hours, 0.0 minutes, 0.22232279181480408 seconds
Avg batch train. time: 0.013077811283223769 seconds
Avg sample train. time: 0.0016468354949244746 seconds
Evaluating on validation set ...
Validation runtime: 0.0 hours, 0.0 minutes, 0.011310338973999023 seconds

Avg val. time: 0.0 hours, 0.0 minutes, 0.032294086047581265 seconds
Avg batch val. time: 0.016147043023790632 seconds
Avg sample val. time: 0.002018380377973829 seconds
Epoch 24 Validation Summary: epoch: 24.000000 | loss: 1.045081 | accuracy: 0.500000 | precision: 0.431250 | 
Epoch 25 Training Summary: epoch: 25.000000 | loss: 0.613253 | 
Epoch runtime: 0.0 hours, 0.0 minutes, 0.2259354591369629 seconds

Avg epoch train. time: 0.0 hours, 0.0 minutes, 0.22246729850769043 seconds
Avg batch train. time: 0.013086311676922965 seconds
Avg sample train. time: 0.0016479059148717808 seconds
Epoch 26 Training Summary: epoch: 26.000000 | loss: 0.593258 | 
Epoch runtime: 0.0 hours, 0.0 minutes, 0.23036861419677734 seconds

Avg epoch train. time: 0.0 hours, 0.0 minutes, 0.222771195264963 seconds
Avg batch train. time: 0.01310418795676253 seconds
Avg sample train. time: 0.0016501570019626889 seconds
Evaluating on validation set ...
Validation runtime: 0.0 hours, 0.0 minutes, 0.011986732482910156 seconds

Avg val. time: 0.0 hours, 0.0 minutes, 0.03094026247660319 seconds
Avg batch val. time: 0.015470131238301595 seconds
Avg sample val. time: 0.0019337664047876994 seconds
Epoch 26 Validation Summary: epoch: 26.000000 | loss: 1.009268 | accuracy: 0.500000 | precision: 0.535897 | 
Epoch 27 Training Summary: epoch: 27.000000 | loss: 0.551457 | 
Epoch runtime: 0.0 hours, 0.0 minutes, 0.21545910835266113 seconds

Avg epoch train. time: 0.0 hours, 0.0 minutes, 0.22250037723117405 seconds
Avg batch train. time: 0.013088257484186709 seconds
Avg sample train. time: 0.001648150942453141 seconds
Epoch 28 Training Summary: epoch: 28.000000 | loss: 0.523199 | 
Epoch runtime: 0.0 hours, 0.0 minutes, 0.21749019622802734 seconds

Avg epoch train. time: 0.0 hours, 0.0 minutes, 0.22232144219534739 seconds
Avg batch train. time: 0.013077731893843965 seconds
Avg sample train. time: 0.001646825497743314 seconds
Evaluating on validation set ...
Validation runtime: 0.0 hours, 0.0 minutes, 0.012717485427856445 seconds

Avg val. time: 0.0 hours, 0.0 minutes, 0.02980133891105652 seconds
Avg batch val. time: 0.01490066945552826 seconds
Avg sample val. time: 0.0018625836819410324 seconds
Epoch 28 Validation Summary: epoch: 28.000000 | loss: 0.957958 | accuracy: 0.500000 | precision: 0.541667 | 
Epoch 29 Training Summary: epoch: 29.000000 | loss: 0.473035 | 
Epoch runtime: 0.0 hours, 0.0 minutes, 0.21575641632080078 seconds

Avg epoch train. time: 0.0 hours, 0.0 minutes, 0.22209506199277682 seconds
Avg batch train. time: 0.013064415411339812 seconds
Avg sample train. time: 0.0016451486073539023 seconds
Epoch 30 Training Summary: epoch: 30.000000 | loss: 0.419848 | 
Epoch runtime: 0.0 hours, 0.0 minutes, 0.2309107780456543 seconds

Avg epoch train. time: 0.0 hours, 0.0 minutes, 0.22238891919453938 seconds
Avg batch train. time: 0.013081701129090552 seconds
Avg sample train. time: 0.0016473253273669582 seconds
Evaluating on validation set ...
Validation runtime: 0.0 hours, 0.0 minutes, 0.013418436050415039 seconds

Avg val. time: 0.0 hours, 0.0 minutes, 0.02883763874278349 seconds
Avg batch val. time: 0.014418819371391745 seconds
Avg sample val. time: 0.0018023524214239681 seconds
Epoch 30 Validation Summary: epoch: 30.000000 | loss: 0.882827 | accuracy: 0.812500 | precision: 0.892857 | 
Epoch 31 Training Summary: epoch: 31.000000 | loss: 0.408136 | 
Epoch runtime: 0.0 hours, 0.0 minutes, 0.20768141746520996 seconds

Avg epoch train. time: 0.0 hours, 0.0 minutes, 0.2219144836548836 seconds
Avg batch train. time: 0.013053793156169623 seconds
Avg sample train. time: 0.0016438109900361747 seconds
Epoch 32 Training Summary: epoch: 32.000000 | loss: 0.406246 | 
Epoch runtime: 0.0 hours, 0.0 minutes, 0.23869681358337402 seconds

Avg epoch train. time: 0.0 hours, 0.0 minutes, 0.22243893146514893 seconds
Avg batch train. time: 0.013084643027361701 seconds
Avg sample train. time: 0.0016476957886307328 seconds
Evaluating on validation set ...
Validation runtime: 0.0 hours, 0.0 minutes, 0.012126684188842773 seconds

Avg val. time: 0.0 hours, 0.0 minutes, 0.027909252378675673 seconds
Avg batch val. time: 0.013954626189337837 seconds
Avg sample val. time: 0.0017443282736672296 seconds
Epoch 32 Validation Summary: epoch: 32.000000 | loss: 0.859084 | accuracy: 0.562500 | precision: 0.658482 | 
Epoch 33 Training Summary: epoch: 33.000000 | loss: 0.375910 | 
Epoch runtime: 0.0 hours, 0.0 minutes, 0.2161879539489746 seconds

Avg epoch train. time: 0.0 hours, 0.0 minutes, 0.22224950790405273 seconds
Avg batch train. time: 0.01307350046494428 seconds
Avg sample train. time: 0.0016462926511411314 seconds
Epoch 34 Training Summary: epoch: 34.000000 | loss: 0.446112 | 
Epoch runtime: 0.0 hours, 0.0 minutes, 0.2319796085357666 seconds

Avg epoch train. time: 0.0 hours, 0.0 minutes, 0.22253568733439727 seconds
Avg batch train. time: 0.013090334549082192 seconds
Avg sample train. time: 0.0016484124987733132 seconds
Evaluating on validation set ...
Validation runtime: 0.0 hours, 0.0 minutes, 0.01237630844116211 seconds

Avg val. time: 0.0 hours, 0.0 minutes, 0.02709172901354338 seconds
Avg batch val. time: 0.01354586450677169 seconds
Avg sample val. time: 0.0016932330633464613 seconds
Epoch 34 Validation Summary: epoch: 34.000000 | loss: 0.810510 | accuracy: 0.625000 | precision: 0.546875 | 
Epoch 35 Training Summary: epoch: 35.000000 | loss: 0.403406 | 
Epoch runtime: 0.0 hours, 0.0 minutes, 0.22976040840148926 seconds

Avg epoch train. time: 0.0 hours, 0.0 minutes, 0.2227421079363142 seconds
Avg batch train. time: 0.013102476937430246 seconds
Avg sample train. time: 0.001649941540268994 seconds
Epoch 36 Training Summary: epoch: 36.000000 | loss: 0.272160 | 
Epoch runtime: 0.0 hours, 0.0 minutes, 0.2229456901550293 seconds

Avg epoch train. time: 0.0 hours, 0.0 minutes, 0.22274776299794516 seconds
Avg batch train. time: 0.013102809588114422 seconds
Avg sample train. time: 0.0016499834296144085 seconds
Evaluating on validation set ...
Validation runtime: 0.0 hours, 0.0 minutes, 0.01455068588256836 seconds

Avg val. time: 0.0 hours, 0.0 minutes, 0.026464676856994628 seconds
Avg batch val. time: 0.013232338428497314 seconds
Avg sample val. time: 0.0016540423035621642 seconds
Epoch 36 Validation Summary: epoch: 36.000000 | loss: 0.930500 | accuracy: 0.625000 | precision: 0.782738 | 
Epoch 37 Training Summary: epoch: 37.000000 | loss: 0.310992 | 
Epoch runtime: 0.0 hours, 0.0 minutes, 0.2287461757659912 seconds

Avg epoch train. time: 0.0 hours, 0.0 minutes, 0.22290988226194638 seconds
Avg batch train. time: 0.01311234601540861 seconds
Avg sample train. time: 0.0016511843130514548 seconds
Epoch 38 Training Summary: epoch: 38.000000 | loss: 0.321726 | 
Epoch runtime: 0.0 hours, 0.0 minutes, 0.2181839942932129 seconds

Avg epoch train. time: 0.0 hours, 0.0 minutes, 0.22278551678908498 seconds
Avg batch train. time: 0.01310503039935794 seconds
Avg sample train. time: 0.0016502630873265554 seconds
Evaluating on validation set ...
Validation runtime: 0.0 hours, 0.0 minutes, 0.01477503776550293 seconds

Avg val. time: 0.0 hours, 0.0 minutes, 0.025908027376447405 seconds
Avg batch val. time: 0.012954013688223702 seconds
Avg sample val. time: 0.0016192517110279628 seconds
Epoch 38 Validation Summary: epoch: 38.000000 | loss: 0.969160 | accuracy: 0.562500 | precision: 0.600000 | 
Epoch 39 Training Summary: epoch: 39.000000 | loss: 0.264524 | 
Epoch runtime: 0.0 hours, 0.0 minutes, 0.22481393814086914 seconds

Avg epoch train. time: 0.0 hours, 0.0 minutes, 0.2228375275929769 seconds
Avg batch train. time: 0.013108089858410405 seconds
Avg sample train. time: 0.0016506483525405697 seconds
Epoch 40 Training Summary: epoch: 40.000000 | loss: 0.241053 | 
Epoch runtime: 0.0 hours, 0.0 minutes, 0.22675657272338867 seconds

Avg epoch train. time: 0.0 hours, 0.0 minutes, 0.2229355037212372 seconds
Avg batch train. time: 0.013113853160072776 seconds
Avg sample train. time: 0.001651374101638794 seconds
Evaluating on validation set ...
Validation runtime: 0.0 hours, 0.0 minutes, 0.015750408172607422 seconds

Avg val. time: 0.0 hours, 0.0 minutes, 0.025446317412636497 seconds
Avg batch val. time: 0.012723158706318249 seconds
Avg sample val. time: 0.001590394838289781 seconds
Epoch 40 Validation Summary: epoch: 40.000000 | loss: 0.888149 | accuracy: 0.687500 | precision: 0.696875 | 
Best accuracy was 0.8125. Other metrics: OrderedDict([('epoch', 30), ('loss', 0.8828269243240356), ('accuracy', 0.8125), ('precision', 0.8928571428571428)])
All Done!
Total runtime: 0.0 hours, 0.0 minutes, 14.064531087875366 seconds

