Running:
src/main_5q.py --output_dir experiments --comment classification from Scratch --name VRS_fromScratch --records_file VRS_records.xls --data_dir /mnt/d/OneDrive - Southern Methodist University/Phone_Privacy/input_feature/opticalflow_44_downsample_480p_s22 --data_class vrs --val_ratio 0.1 --epochs 40 --lr 0.001 --dropout 0.2 --batch_size 8 --num_layers 3 --num_heads 4 --optimizer RAdam --pos_encoding learnable --task classification --normalization none --key_metric accuracy

Using device: cuda
Loading and preprocessing data ...
612 samples may be used for training
68 samples will be used for validation
0 samples will be used for testing
Creating model ...
Model:
TSTransformerEncoderClassiregressor(
  (project_inp): Linear(in_features=32, out_features=64, bias=True)
  (pos_enc): LearnablePositionalEncoding(
    (dropout): Dropout(p=0.2, inplace=False)
  )
  (transformer_encoder): TransformerEncoder(
    (layers): ModuleList(
      (0-2): 3 x TransformerBatchNormEncoderLayer(
        (self_attn): MultiheadAttention(
          (out_proj): NonDynamicallyQuantizableLinear(in_features=64, out_features=64, bias=True)
        )
        (linear1): Linear(in_features=64, out_features=256, bias=True)
        (dropout): Dropout(p=0.2, inplace=False)
        (linear2): Linear(in_features=256, out_features=64, bias=True)
        (norm1): BatchNorm1d(64, eps=1e-05, momentum=0.1, affine=True, track_running_stats=True)
        (norm2): BatchNorm1d(64, eps=1e-05, momentum=0.1, affine=True, track_running_stats=True)
        (dropout1): Dropout(p=0.2, inplace=False)
        (dropout2): Dropout(p=0.2, inplace=False)
      )
    )
  )
  (dropout1): Dropout(p=0.2, inplace=False)
  (output_layer): Linear(in_features=5120, out_features=5, bias=True)
)
Total number of parameters: 182789
Trainable parameters: 182789
Evaluating on validation set ...
Validation runtime: 0.0 hours, 0.0 minutes, 0.4260377883911133 seconds

Avg val. time: 0.0 hours, 0.0 minutes, 0.4260377883911133 seconds
Avg batch val. time: 0.04733753204345703 seconds
Avg sample val. time: 0.00626526159398696 seconds
Epoch 0 Validation Summary: epoch: 0.000000 | loss: 4.251751 | accuracy: 0.250000 | precision: 0.225980 | 
Starting training...
Epoch 1 Training Summary: epoch: 1.000000 | loss: 1.675579 | 
Epoch runtime: 0.0 hours, 0.0 minutes, 1.0967116355895996 seconds

Avg epoch train. time: 0.0 hours, 0.0 minutes, 1.0967116355895996 seconds
Avg batch train. time: 0.014243008254410385 seconds
Avg sample train. time: 0.0017920124764535942 seconds
Evaluating on validation set ...
Validation runtime: 0.0 hours, 0.0 minutes, 0.03628826141357422 seconds

Avg val. time: 0.0 hours, 0.0 minutes, 0.23116302490234375 seconds
Avg batch val. time: 0.025684780544704862 seconds
Avg sample val. time: 0.0033994562485638786 seconds
Epoch 1 Validation Summary: epoch: 1.000000 | loss: 1.562493 | accuracy: 0.250000 | precision: 0.167892 | 
Epoch 2 Training Summary: epoch: 2.000000 | loss: 1.605257 | 
Epoch runtime: 0.0 hours, 0.0 minutes, 0.8900909423828125 seconds

Avg epoch train. time: 0.0 hours, 0.0 minutes, 0.993401288986206 seconds
Avg batch train. time: 0.0129013154413793 seconds
Avg sample train. time: 0.0016232047205656961 seconds
Evaluating on validation set ...
Validation runtime: 0.0 hours, 0.0 minutes, 0.03235292434692383 seconds

Avg val. time: 0.0 hours, 0.0 minutes, 0.16489299138387045 seconds
Avg batch val. time: 0.018321443487096717 seconds
Avg sample val. time: 0.002424896932115742 seconds
Epoch 2 Validation Summary: epoch: 2.000000 | loss: 1.616229 | accuracy: 0.191176 | precision: 0.188353 | 
Epoch 3 Training Summary: epoch: 3.000000 | loss: 1.529993 | 
Epoch runtime: 0.0 hours, 0.0 minutes, 0.9113047122955322 seconds

Avg epoch train. time: 0.0 hours, 0.0 minutes, 0.9660357634226481 seconds
Avg batch train. time: 0.012545919005488937 seconds
Avg sample train. time: 0.0015784898095141308 seconds
Epoch 4 Training Summary: epoch: 4.000000 | loss: 1.436961 | 
Epoch runtime: 0.0 hours, 0.0 minutes, 0.8383769989013672 seconds

Avg epoch train. time: 0.0 hours, 0.0 minutes, 0.9341210722923279 seconds
Avg batch train. time: 0.01213144249730296 seconds
Avg sample train. time: 0.0015263416213926926 seconds
Evaluating on validation set ...
Validation runtime: 0.0 hours, 0.0 minutes, 0.03114795684814453 seconds

Avg val. time: 0.0 hours, 0.0 minutes, 0.13145673274993896 seconds
Avg batch val. time: 0.014606303638882108 seconds
Avg sample val. time: 0.0019331872463226318 seconds
Epoch 4 Validation Summary: epoch: 4.000000 | loss: 1.623678 | accuracy: 0.250000 | precision: 0.253186 | 
Epoch 5 Training Summary: epoch: 5.000000 | loss: 1.355833 | 
Epoch runtime: 0.0 hours, 0.0 minutes, 0.8525717258453369 seconds

Avg epoch train. time: 0.0 hours, 0.0 minutes, 0.9178112030029297 seconds
Avg batch train. time: 0.011919626013025061 seconds
Avg sample train. time: 0.0014996915081747217 seconds
Epoch 6 Training Summary: epoch: 6.000000 | loss: 1.258188 | 
Epoch runtime: 0.0 hours, 0.0 minutes, 1.0662438869476318 seconds

Avg epoch train. time: 0.0 hours, 0.0 minutes, 0.94254998366038 seconds
Avg batch train. time: 0.012240908878706235 seconds
Avg sample train. time: 0.001540114352386242 seconds
Evaluating on validation set ...
Validation runtime: 0.0 hours, 0.0 minutes, 0.04193925857543945 seconds

Avg val. time: 0.0 hours, 0.0 minutes, 0.11355323791503906 seconds
Avg batch val. time: 0.01261702643500434 seconds
Avg sample val. time: 0.0016699005575741038 seconds
Epoch 6 Validation Summary: epoch: 6.000000 | loss: 1.804962 | accuracy: 0.264706 | precision: 0.218720 | 
Epoch 7 Training Summary: epoch: 7.000000 | loss: 1.153572 | 
Epoch runtime: 0.0 hours, 0.0 minutes, 1.1388750076293945 seconds

Avg epoch train. time: 0.0 hours, 0.0 minutes, 0.9705964156559536 seconds
Avg batch train. time: 0.012605148255272125 seconds
Avg sample train. time: 0.001585941855646983 seconds
Epoch 8 Training Summary: epoch: 8.000000 | loss: 1.155502 | 
Epoch runtime: 0.0 hours, 0.0 minutes, 1.1199450492858887 seconds

Avg epoch train. time: 0.0 hours, 0.0 minutes, 0.9892649948596954 seconds
Avg batch train. time: 0.0128475973358402 seconds
Avg sample train. time: 0.001616446070032182 seconds
Evaluating on validation set ...
Validation runtime: 0.0 hours, 0.0 minutes, 0.04291224479675293 seconds

Avg val. time: 0.0 hours, 0.0 minutes, 0.10177973906199138 seconds
Avg batch val. time: 0.01130885989577682 seconds
Avg sample val. time: 0.0014967608685586967 seconds
Epoch 8 Validation Summary: epoch: 8.000000 | loss: 1.972264 | accuracy: 0.264706 | precision: 0.251211 | 
Epoch 9 Training Summary: epoch: 9.000000 | loss: 1.059483 | 
Epoch runtime: 0.0 hours, 0.0 minutes, 1.1240408420562744 seconds

Avg epoch train. time: 0.0 hours, 0.0 minutes, 1.0042400889926486 seconds
Avg batch train. time: 0.013042079077826606 seconds
Avg sample train. time: 0.001640915178092563 seconds
Epoch 10 Training Summary: epoch: 10.000000 | loss: 0.982940 | 
Epoch runtime: 0.0 hours, 0.0 minutes, 1.0896215438842773 seconds

Avg epoch train. time: 0.0 hours, 0.0 minutes, 1.0127782344818115 seconds
Avg batch train. time: 0.01315296408417937 seconds
Avg sample train. time: 0.0016548663962121103 seconds
Evaluating on validation set ...
Validation runtime: 0.0 hours, 0.0 minutes, 0.04904603958129883 seconds

Avg val. time: 0.0 hours, 0.0 minutes, 0.09424635342189244 seconds
Avg batch val. time: 0.010471817046876938 seconds
Avg sample val. time: 0.0013859757856160653 seconds
Epoch 10 Validation Summary: epoch: 10.000000 | loss: 2.158890 | accuracy: 0.250000 | precision: 0.219774 | 
Epoch 11 Training Summary: epoch: 11.000000 | loss: 0.936820 | 
Epoch runtime: 0.0 hours, 0.0 minutes, 1.0426220893859863 seconds

Avg epoch train. time: 0.0 hours, 0.0 minutes, 1.0154913122003728 seconds
Avg batch train. time: 0.013188198859745101 seconds
Avg sample train. time: 0.0016592995297391713 seconds
Epoch 12 Training Summary: epoch: 12.000000 | loss: 0.879517 | 
Epoch runtime: 0.0 hours, 0.0 minutes, 0.997868537902832 seconds

Avg epoch train. time: 0.0 hours, 0.0 minutes, 1.0140227476755779 seconds
Avg batch train. time: 0.013169126593189324 seconds
Avg sample train. time: 0.0016568999145025781 seconds
Evaluating on validation set ...
Validation runtime: 0.0 hours, 0.0 minutes, 0.03218531608581543 seconds

Avg val. time: 0.0 hours, 0.0 minutes, 0.08648872375488281 seconds
Avg batch val. time: 0.009609858194986979 seconds
Avg sample val. time: 0.0012718929963953355 seconds
Epoch 12 Validation Summary: epoch: 12.000000 | loss: 2.375147 | accuracy: 0.294118 | precision: 0.247368 | 
Epoch 13 Training Summary: epoch: 13.000000 | loss: 0.844236 | 
Epoch runtime: 0.0 hours, 0.0 minutes, 0.8794622421264648 seconds

Avg epoch train. time: 0.0 hours, 0.0 minutes, 1.0036719395564153 seconds
Avg batch train. time: 0.01303470051371968 seconds
Avg sample train. time: 0.0016399868293405478 seconds
Epoch 14 Training Summary: epoch: 14.000000 | loss: 0.739702 | 
Epoch runtime: 0.0 hours, 0.0 minutes, 0.9100582599639893 seconds

Avg epoch train. time: 0.0 hours, 0.0 minutes, 0.9969852481569562 seconds
Avg batch train. time: 0.012947860365674756 seconds
Avg sample train. time: 0.0016290608630015625 seconds
Evaluating on validation set ...
Validation runtime: 0.0 hours, 0.0 minutes, 0.040390968322753906 seconds

Avg val. time: 0.0 hours, 0.0 minutes, 0.08136675092909071 seconds
Avg batch val. time: 0.009040750103232301 seconds
Avg sample val. time: 0.001196569866604275 seconds
Epoch 14 Validation Summary: epoch: 14.000000 | loss: 2.361742 | accuracy: 0.294118 | precision: 0.287786 | 
Epoch 15 Training Summary: epoch: 15.000000 | loss: 0.743408 | 
Epoch runtime: 0.0 hours, 0.0 minutes, 0.9856483936309814 seconds

Avg epoch train. time: 0.0 hours, 0.0 minutes, 0.9962294578552247 seconds
Avg batch train. time: 0.01293804490721071 seconds
Avg sample train. time: 0.001627825911528145 seconds
Epoch 16 Training Summary: epoch: 16.000000 | loss: 0.708001 | 
Epoch runtime: 0.0 hours, 0.0 minutes, 0.9602396488189697 seconds

Avg epoch train. time: 0.0 hours, 0.0 minutes, 0.9939800947904587 seconds
Avg batch train. time: 0.012908832399876087 seconds
Avg sample train. time: 0.001624150481683756 seconds
Evaluating on validation set ...
Validation runtime: 0.0 hours, 0.0 minutes, 0.04000377655029297 seconds

Avg val. time: 0.0 hours, 0.0 minutes, 0.07723045349121094 seconds
Avg batch val. time: 0.008581161499023438 seconds
Avg sample val. time: 0.0011357419631060433 seconds
Epoch 16 Validation Summary: epoch: 16.000000 | loss: 2.426190 | accuracy: 0.279412 | precision: 0.277032 | 
Epoch 17 Training Summary: epoch: 17.000000 | loss: 0.661176 | 
Epoch runtime: 0.0 hours, 0.0 minutes, 0.9269697666168213 seconds

Avg epoch train. time: 0.0 hours, 0.0 minutes, 0.9900383107802447 seconds
Avg batch train. time: 0.012857640399743438 seconds
Avg sample train. time: 0.0016177096581376548 seconds
Epoch 18 Training Summary: epoch: 18.000000 | loss: 0.623809 | 
Epoch runtime: 0.0 hours, 0.0 minutes, 0.9398355484008789 seconds

Avg epoch train. time: 0.0 hours, 0.0 minutes, 0.9872492684258355 seconds
Avg batch train. time: 0.012821419070465396 seconds
Avg sample train. time: 0.0016131523993886201 seconds
Evaluating on validation set ...
Validation runtime: 0.0 hours, 0.0 minutes, 0.03914499282836914 seconds

Avg val. time: 0.0 hours, 0.0 minutes, 0.07376813888549805 seconds
Avg batch val. time: 0.00819645987616645 seconds
Avg sample val. time: 0.0010848255718455596 seconds
Epoch 18 Validation Summary: epoch: 18.000000 | loss: 2.917522 | accuracy: 0.308824 | precision: 0.265996 | 
Epoch 19 Training Summary: epoch: 19.000000 | loss: 0.578842 | 
Epoch runtime: 0.0 hours, 0.0 minutes, 0.8799734115600586 seconds

Avg epoch train. time: 0.0 hours, 0.0 minutes, 0.9816031706960577 seconds
Avg batch train. time: 0.012748093125922828 seconds
Avg sample train. time: 0.0016039267495033622 seconds
