Running:
src/main_5q.py --output_dir experiments --comment classification from Scratch --name VRS_fromScratch --records_file VRS_records.xls --data_dir /mnt/d/OneDrive - Southern Methodist University/Phone_Privacy/input_feature/all_processpos_norm_downsample_480p_s22 --data_class vrs --val_ratio 0.1 --epochs 40 --lr 0.001 --dropout 0.2 --batch_size 8 --num_layers 3 --num_heads 4 --optimizer RAdam --pos_encoding learnable --task classification --normalization none --key_metric accuracy

Using device: cuda
Loading and preprocessing data ...
67 samples may be used for training
8 samples will be used for validation
0 samples will be used for testing
Creating model ...
Model:
TSTransformerEncoderClassiregressor(
  (project_inp): Linear(in_features=39, out_features=64, bias=True)
  (pos_enc): LearnablePositionalEncoding(
    (dropout): Dropout(p=0.2, inplace=False)
  )
  (transformer_encoder): TransformerEncoder(
    (layers): ModuleList(
      (0-2): 3 x TransformerBatchNormEncoderLayer(
        (self_attn): MultiheadAttention(
          (out_proj): NonDynamicallyQuantizableLinear(in_features=64, out_features=64, bias=True)
        )
        (linear1): Linear(in_features=64, out_features=256, bias=True)
        (dropout): Dropout(p=0.2, inplace=False)
        (linear2): Linear(in_features=256, out_features=64, bias=True)
        (norm1): BatchNorm1d(64, eps=1e-05, momentum=0.1, affine=True, track_running_stats=True)
        (norm2): BatchNorm1d(64, eps=1e-05, momentum=0.1, affine=True, track_running_stats=True)
        (dropout1): Dropout(p=0.2, inplace=False)
        (dropout2): Dropout(p=0.2, inplace=False)
      )
    )
  )
  (dropout1): Dropout(p=0.2, inplace=False)
  (output_layer): Linear(in_features=5120, out_features=5, bias=True)
)
Total number of parameters: 183237
Trainable parameters: 183237
Evaluating on validation set ...
Validation runtime: 0.0 hours, 0.0 minutes, 0.24519991874694824 seconds

Avg val. time: 0.0 hours, 0.0 minutes, 0.24519991874694824 seconds
Avg batch val. time: 0.24519991874694824 seconds
Avg sample val. time: 0.03064998984336853 seconds
Epoch 0 Validation Summary: epoch: 0.000000 | loss: 5.043249 | accuracy: 0.125000 | precision: 0.125000 | 
Starting training...
Epoch 1 Training Summary: epoch: 1.000000 | loss: 1.628489 | 
Epoch runtime: 0.0 hours, 0.0 minutes, 0.23374676704406738 seconds

Avg epoch train. time: 0.0 hours, 0.0 minutes, 0.23374676704406738 seconds
Avg batch train. time: 0.025971863004896376 seconds
Avg sample train. time: 0.0034887577170756327 seconds
Evaluating on validation set ...
Validation runtime: 0.0 hours, 0.0 minutes, 0.006873607635498047 seconds

Avg val. time: 0.0 hours, 0.0 minutes, 0.12603676319122314 seconds
Avg batch val. time: 0.12603676319122314 seconds
Avg sample val. time: 0.015754595398902893 seconds
Epoch 1 Validation Summary: epoch: 1.000000 | loss: 1.875708 | accuracy: 0.125000 | precision: 0.125000 | 
Epoch 2 Training Summary: epoch: 2.000000 | loss: 1.693577 | 
Epoch runtime: 0.0 hours, 0.0 minutes, 0.09656834602355957 seconds

Avg epoch train. time: 0.0 hours, 0.0 minutes, 0.16515755653381348 seconds
Avg batch train. time: 0.018350839614868164 seconds
Avg sample train. time: 0.0024650381572210965 seconds
Evaluating on validation set ...
Validation runtime: 0.0 hours, 0.0 minutes, 0.006928443908691406 seconds

Avg val. time: 0.0 hours, 0.0 minutes, 0.0863339900970459 seconds
Avg batch val. time: 0.0863339900970459 seconds
Avg sample val. time: 0.010791748762130737 seconds
Epoch 2 Validation Summary: epoch: 2.000000 | loss: 1.703020 | accuracy: 0.000000 | precision: 0.000000 | 
Epoch 3 Training Summary: epoch: 3.000000 | loss: 1.637083 | 
Epoch runtime: 0.0 hours, 0.0 minutes, 0.09866213798522949 seconds

Avg epoch train. time: 0.0 hours, 0.0 minutes, 0.1429924170176188 seconds
Avg batch train. time: 0.01588804633529098 seconds
Avg sample train. time: 0.002134215179367445 seconds
Epoch 4 Training Summary: epoch: 4.000000 | loss: 1.666109 | 
Epoch runtime: 0.0 hours, 0.0 minutes, 0.10008025169372559 seconds

Avg epoch train. time: 0.0 hours, 0.0 minutes, 0.1322643756866455 seconds
Avg batch train. time: 0.014696041742960611 seconds
Avg sample train. time: 0.001974095159502172 seconds
Evaluating on validation set ...
Validation runtime: 0.0 hours, 0.0 minutes, 0.007195234298706055 seconds

Avg val. time: 0.0 hours, 0.0 minutes, 0.06654930114746094 seconds
Avg batch val. time: 0.06654930114746094 seconds
Avg sample val. time: 0.008318662643432617 seconds
Epoch 4 Validation Summary: epoch: 4.000000 | loss: 1.615006 | accuracy: 0.125000 | precision: 0.040000 | 
Epoch 5 Training Summary: epoch: 5.000000 | loss: 1.686108 | 
Epoch runtime: 0.0 hours, 0.0 minutes, 0.09978795051574707 seconds

Avg epoch train. time: 0.0 hours, 0.0 minutes, 0.12576909065246583 seconds
Avg batch train. time: 0.013974343405829537 seconds
Avg sample train. time: 0.0018771506067532214 seconds
Epoch 6 Training Summary: epoch: 6.000000 | loss: 1.592745 | 
Epoch runtime: 0.0 hours, 0.0 minutes, 0.09610128402709961 seconds

Avg epoch train. time: 0.0 hours, 0.0 minutes, 0.12082445621490479 seconds
Avg batch train. time: 0.013424939579433866 seconds
Avg sample train. time: 0.001803350092759773 seconds
Evaluating on validation set ...
Validation runtime: 0.0 hours, 0.0 minutes, 0.008094310760498047 seconds

Avg val. time: 0.0 hours, 0.0 minutes, 0.05485830307006836 seconds
Avg batch val. time: 0.05485830307006836 seconds
Avg sample val. time: 0.006857287883758545 seconds
Epoch 6 Validation Summary: epoch: 6.000000 | loss: 1.575718 | accuracy: 0.125000 | precision: 0.133333 | 
Epoch 7 Training Summary: epoch: 7.000000 | loss: 1.537179 | 
Epoch runtime: 0.0 hours, 0.0 minutes, 0.10016846656799316 seconds

Avg epoch train. time: 0.0 hours, 0.0 minutes, 0.11787360055106026 seconds
Avg batch train. time: 0.013097066727895585 seconds
Avg sample train. time: 0.0017593074709113471 seconds
Epoch 8 Training Summary: epoch: 8.000000 | loss: 1.549265 | 
Epoch runtime: 0.0 hours, 0.0 minutes, 0.11263895034790039 seconds

Avg epoch train. time: 0.0 hours, 0.0 minutes, 0.11721926927566528 seconds
Avg batch train. time: 0.013024363252851699 seconds
Avg sample train. time: 0.0017495413324726161 seconds
Evaluating on validation set ...
Validation runtime: 0.0 hours, 0.0 minutes, 0.007177114486694336 seconds

Avg val. time: 0.0 hours, 0.0 minutes, 0.04691143830617269 seconds
Avg batch val. time: 0.04691143830617269 seconds
Avg sample val. time: 0.005863929788271586 seconds
Epoch 8 Validation Summary: epoch: 8.000000 | loss: 1.528379 | accuracy: 0.375000 | precision: 0.360000 | 
Epoch 9 Training Summary: epoch: 9.000000 | loss: 1.509513 | 
Epoch runtime: 0.0 hours, 0.0 minutes, 0.10261273384094238 seconds

Avg epoch train. time: 0.0 hours, 0.0 minutes, 0.11559632089402941 seconds
Avg batch train. time: 0.012844035654892156 seconds
Avg sample train. time: 0.0017253182222989464 seconds
Epoch 10 Training Summary: epoch: 10.000000 | loss: 1.495471 | 
Epoch runtime: 0.0 hours, 0.0 minutes, 0.10400581359863281 seconds

Avg epoch train. time: 0.0 hours, 0.0 minutes, 0.11443727016448975 seconds
Avg batch train. time: 0.01271525224049886 seconds
Avg sample train. time: 0.0017080189576789515 seconds
Evaluating on validation set ...
Validation runtime: 0.0 hours, 0.0 minutes, 0.007987022399902344 seconds

Avg val. time: 0.0 hours, 0.0 minutes, 0.04135080746241978 seconds
Avg batch val. time: 0.04135080746241978 seconds
Avg sample val. time: 0.005168850932802472 seconds
Epoch 10 Validation Summary: epoch: 10.000000 | loss: 1.472131 | accuracy: 0.500000 | precision: 0.500000 | 
Epoch 11 Training Summary: epoch: 11.000000 | loss: 1.560333 | 
Epoch runtime: 0.0 hours, 0.0 minutes, 0.10419511795043945 seconds

Avg epoch train. time: 0.0 hours, 0.0 minutes, 0.1135061654177579 seconds
Avg batch train. time: 0.012611796157528657 seconds
Avg sample train. time: 0.0016941218719068343 seconds
Epoch 12 Training Summary: epoch: 12.000000 | loss: 1.480500 | 
Epoch runtime: 0.0 hours, 0.0 minutes, 0.09766173362731934 seconds

Avg epoch train. time: 0.0 hours, 0.0 minutes, 0.11218579610188802 seconds
Avg batch train. time: 0.012465088455765334 seconds
Avg sample train. time: 0.0016744148671923584 seconds
Evaluating on validation set ...
Validation runtime: 0.0 hours, 0.0 minutes, 0.007536411285400391 seconds

Avg val. time: 0.0 hours, 0.0 minutes, 0.03712400794029236 seconds
Avg batch val. time: 0.03712400794029236 seconds
Avg sample val. time: 0.004640500992536545 seconds
Epoch 12 Validation Summary: epoch: 12.000000 | loss: 1.413844 | accuracy: 0.500000 | precision: 0.500000 | 
Epoch 13 Training Summary: epoch: 13.000000 | loss: 1.421429 | 
Epoch runtime: 0.0 hours, 0.0 minutes, 0.10465097427368164 seconds

Avg epoch train. time: 0.0 hours, 0.0 minutes, 0.11160619442279522 seconds
Avg batch train. time: 0.012400688269199468 seconds
Avg sample train. time: 0.0016657640958626153 seconds
Epoch 14 Training Summary: epoch: 14.000000 | loss: 1.423049 | 
Epoch runtime: 0.0 hours, 0.0 minutes, 0.09622073173522949 seconds

Avg epoch train. time: 0.0 hours, 0.0 minutes, 0.11050723280225482 seconds
Avg batch train. time: 0.012278581422472757 seconds
Avg sample train. time: 0.0016493616836157435 seconds
Evaluating on validation set ...
Validation runtime: 0.0 hours, 0.0 minutes, 0.007864236831665039 seconds

Avg val. time: 0.0 hours, 0.0 minutes, 0.03387292226155599 seconds
Avg batch val. time: 0.03387292226155599 seconds
Avg sample val. time: 0.004234115282694499 seconds
Epoch 14 Validation Summary: epoch: 14.000000 | loss: 1.332462 | accuracy: 0.500000 | precision: 0.500000 | 
Epoch 15 Training Summary: epoch: 15.000000 | loss: 1.306473 | 
Epoch runtime: 0.0 hours, 0.0 minutes, 0.10388755798339844 seconds

Avg epoch train. time: 0.0 hours, 0.0 minutes, 0.11006592114766439 seconds
Avg batch train. time: 0.012229546794184932 seconds
Avg sample train. time: 0.0016427749425024535 seconds
Epoch 16 Training Summary: epoch: 16.000000 | loss: 1.376036 | 
Epoch runtime: 0.0 hours, 0.0 minutes, 0.14396309852600098 seconds

Avg epoch train. time: 0.0 hours, 0.0 minutes, 0.11218449473381042 seconds
Avg batch train. time: 0.01246494385931227 seconds
Avg sample train. time: 0.0016743954437882153 seconds
Evaluating on validation set ...
Validation runtime: 0.0 hours, 0.0 minutes, 0.012434720993041992 seconds

Avg val. time: 0.0 hours, 0.0 minutes, 0.03172910213470459 seconds
Avg batch val. time: 0.03172910213470459 seconds
Avg sample val. time: 0.003966137766838074 seconds
Epoch 16 Validation Summary: epoch: 16.000000 | loss: 1.321927 | accuracy: 0.500000 | precision: 0.560000 | 
Epoch 17 Training Summary: epoch: 17.000000 | loss: 1.346222 | 
Epoch runtime: 0.0 hours, 0.0 minutes, 0.12108135223388672 seconds

Avg epoch train. time: 0.0 hours, 0.0 minutes, 0.11270783929263845 seconds
Avg batch train. time: 0.012523093254737605 seconds
Avg sample train. time: 0.001682206556606544 seconds
Epoch 18 Training Summary: epoch: 18.000000 | loss: 1.231008 | 
Epoch runtime: 0.0 hours, 0.0 minutes, 0.1246645450592041 seconds

Avg epoch train. time: 0.0 hours, 0.0 minutes, 0.11337210072411431 seconds
Avg batch train. time: 0.012596900080457146 seconds
Avg sample train. time: 0.0016921209063300645 seconds
Evaluating on validation set ...
Validation runtime: 0.0 hours, 0.0 minutes, 0.00958871841430664 seconds

Avg val. time: 0.0 hours, 0.0 minutes, 0.029716339978304775 seconds
Avg batch val. time: 0.029716339978304775 seconds
Avg sample val. time: 0.003714542497288097 seconds
Epoch 18 Validation Summary: epoch: 18.000000 | loss: 1.159530 | accuracy: 0.500000 | precision: 0.500000 | 
Epoch 19 Training Summary: epoch: 19.000000 | loss: 1.282483 | 
Epoch runtime: 0.0 hours, 0.0 minutes, 0.11434340476989746 seconds

Avg epoch train. time: 0.0 hours, 0.0 minutes, 0.11342322198968184 seconds
Avg batch train. time: 0.01260258022107576 seconds
Avg sample train. time: 0.0016928839102937588 seconds
Epoch 20 Training Summary: epoch: 20.000000 | loss: 1.122102 | 
Epoch runtime: 0.0 hours, 0.0 minutes, 0.10081171989440918 seconds

Avg epoch train. time: 0.0 hours, 0.0 minutes, 0.11279264688491822 seconds
Avg batch train. time: 0.012532516320546468 seconds
Avg sample train. time: 0.0016834723415659436 seconds
Evaluating on validation set ...
Validation runtime: 0.0 hours, 0.0 minutes, 0.01104426383972168 seconds

Avg val. time: 0.0 hours, 0.0 minutes, 0.02816033363342285 seconds
Avg batch val. time: 0.02816033363342285 seconds
Avg sample val. time: 0.0035200417041778564 seconds
Epoch 20 Validation Summary: epoch: 20.000000 | loss: 1.205206 | accuracy: 0.500000 | precision: 0.533333 | 
Epoch 21 Training Summary: epoch: 21.000000 | loss: 1.050786 | 
Epoch runtime: 0.0 hours, 0.0 minutes, 0.10532975196838379 seconds

Avg epoch train. time: 0.0 hours, 0.0 minutes, 0.11243727093651182 seconds
Avg batch train. time: 0.01249303010405687 seconds
Avg sample train. time: 0.0016781682229330122 seconds
Epoch 22 Training Summary: epoch: 22.000000 | loss: 1.122291 | 
Epoch runtime: 0.0 hours, 0.0 minutes, 0.0997319221496582 seconds

Avg epoch train. time: 0.0 hours, 0.0 minutes, 0.11185975508256392 seconds
Avg batch train. time: 0.012428861675840435 seconds
Avg sample train. time: 0.0016695485833218495 seconds
Evaluating on validation set ...
Validation runtime: 0.0 hours, 0.0 minutes, 0.007401704788208008 seconds

Avg val. time: 0.0 hours, 0.0 minutes, 0.026563516029944785 seconds
Avg batch val. time: 0.026563516029944785 seconds
Avg sample val. time: 0.003320439503743098 seconds
Epoch 22 Validation Summary: epoch: 22.000000 | loss: 1.145207 | accuracy: 0.500000 | precision: 0.533333 | 
Epoch 23 Training Summary: epoch: 23.000000 | loss: 1.003238 | 
Epoch runtime: 0.0 hours, 0.0 minutes, 0.10631704330444336 seconds

Avg epoch train. time: 0.0 hours, 0.0 minutes, 0.11161876761394998 seconds
Avg batch train. time: 0.012402085290438887 seconds
Avg sample train. time: 0.0016659517554320892 seconds
Epoch 24 Training Summary: epoch: 24.000000 | loss: 0.919599 | 
Epoch runtime: 0.0 hours, 0.0 minutes, 0.10666584968566895 seconds

Avg epoch train. time: 0.0 hours, 0.0 minutes, 0.11141239603360494 seconds
Avg batch train. time: 0.012379155114844992 seconds
Avg sample train. time: 0.0016628715825911184 seconds
Evaluating on validation set ...
Validation runtime: 0.0 hours, 0.0 minutes, 0.013190031051635742 seconds

Avg val. time: 0.0 hours, 0.0 minutes, 0.025608267102922713 seconds
Avg batch val. time: 0.025608267102922713 seconds
Avg sample val. time: 0.003201033387865339 seconds
Epoch 24 Validation Summary: epoch: 24.000000 | loss: 0.944594 | accuracy: 0.625000 | precision: 0.619048 | 
Epoch 25 Training Summary: epoch: 25.000000 | loss: 0.932385 | 
Epoch runtime: 0.0 hours, 0.0 minutes, 0.1050868034362793 seconds

Avg epoch train. time: 0.0 hours, 0.0 minutes, 0.11115937232971192 seconds
Avg batch train. time: 0.01235104136996799 seconds
Avg sample train. time: 0.0016590951093986854 seconds
Epoch 26 Training Summary: epoch: 26.000000 | loss: 0.912367 | 
Epoch runtime: 0.0 hours, 0.0 minutes, 0.12129998207092285 seconds

Avg epoch train. time: 0.0 hours, 0.0 minutes, 0.11154939578129695 seconds
Avg batch train. time: 0.012394377309032995 seconds
Avg sample train. time: 0.0016649163549447307 seconds
Evaluating on validation set ...
Validation runtime: 0.0 hours, 0.0 minutes, 0.008215904235839844 seconds

Avg val. time: 0.0 hours, 0.0 minutes, 0.02444877624511719 seconds
Avg batch val. time: 0.02444877624511719 seconds
Avg sample val. time: 0.0030560970306396486 seconds
Epoch 26 Validation Summary: epoch: 26.000000 | loss: 0.939918 | accuracy: 0.625000 | precision: 0.666667 | 
Epoch 27 Training Summary: epoch: 27.000000 | loss: 0.895184 | 
Epoch runtime: 0.0 hours, 0.0 minutes, 0.09372162818908691 seconds

Avg epoch train. time: 0.0 hours, 0.0 minutes, 0.11088910809269657 seconds
Avg batch train. time: 0.01232101201029962 seconds
Avg sample train. time: 0.0016550613148163668 seconds
Epoch 28 Training Summary: epoch: 28.000000 | loss: 0.720029 | 
Epoch runtime: 0.0 hours, 0.0 minutes, 0.10560774803161621 seconds

Avg epoch train. time: 0.0 hours, 0.0 minutes, 0.11070048809051514 seconds
Avg batch train. time: 0.012300054232279459 seconds
Avg sample train. time: 0.001652246090903211 seconds
Evaluating on validation set ...
Validation runtime: 0.0 hours, 0.0 minutes, 0.008571863174438477 seconds

Avg val. time: 0.0 hours, 0.0 minutes, 0.023456469178199768 seconds
Avg batch val. time: 0.023456469178199768 seconds
Avg sample val. time: 0.002932058647274971 seconds
Epoch 28 Validation Summary: epoch: 28.000000 | loss: 0.991776 | accuracy: 0.625000 | precision: 0.666667 | 
Epoch 29 Training Summary: epoch: 29.000000 | loss: 0.686366 | 
Epoch runtime: 0.0 hours, 0.0 minutes, 0.10277938842773438 seconds

Avg epoch train. time: 0.0 hours, 0.0 minutes, 0.11042734672283304 seconds
Avg batch train. time: 0.012269705191425893 seconds
Avg sample train. time: 0.001648169354072135 seconds
Epoch 30 Training Summary: epoch: 30.000000 | loss: 0.707743 | 
Epoch runtime: 0.0 hours, 0.0 minutes, 0.09875130653381348 seconds

Avg epoch train. time: 0.0 hours, 0.0 minutes, 0.11003814538319906 seconds
Avg batch train. time: 0.012226460598133228 seconds
Avg sample train. time: 0.0016423603788537173 seconds
Evaluating on validation set ...
Validation runtime: 0.0 hours, 0.0 minutes, 0.007869720458984375 seconds

Avg val. time: 0.0 hours, 0.0 minutes, 0.022539601606481215 seconds
Avg batch val. time: 0.022539601606481215 seconds
Avg sample val. time: 0.002817450200810152 seconds
Epoch 30 Validation Summary: epoch: 30.000000 | loss: 0.946939 | accuracy: 0.625000 | precision: 0.666667 | 
Epoch 31 Training Summary: epoch: 31.000000 | loss: 0.629573 | 
Epoch runtime: 0.0 hours, 0.0 minutes, 0.09706592559814453 seconds

Avg epoch train. time: 0.0 hours, 0.0 minutes, 0.10961968668045537 seconds
Avg batch train. time: 0.012179965186717262 seconds
Avg sample train. time: 0.0016361147265739606 seconds
Epoch 32 Training Summary: epoch: 32.000000 | loss: 0.601586 | 
Epoch runtime: 0.0 hours, 0.0 minutes, 0.09808182716369629 seconds

Avg epoch train. time: 0.0 hours, 0.0 minutes, 0.10925912857055664 seconds
Avg batch train. time: 0.012139903174506294 seconds
Avg sample train. time: 0.001630733262247114 seconds
Evaluating on validation set ...
Validation runtime: 0.0 hours, 0.0 minutes, 0.008157014846801758 seconds

Avg val. time: 0.0 hours, 0.0 minutes, 0.021740569008721247 seconds
Avg batch val. time: 0.021740569008721247 seconds
Avg sample val. time: 0.002717571126090156 seconds
Epoch 32 Validation Summary: epoch: 32.000000 | loss: 0.710741 | accuracy: 0.625000 | precision: 0.666667 | 
Epoch 33 Training Summary: epoch: 33.000000 | loss: 0.570756 | 
Epoch runtime: 0.0 hours, 0.0 minutes, 0.10178089141845703 seconds

Avg epoch train. time: 0.0 hours, 0.0 minutes, 0.10903251532352332 seconds
Avg batch train. time: 0.012114723924835924 seconds
Avg sample train. time: 0.00162735097497796 seconds
Epoch 34 Training Summary: epoch: 34.000000 | loss: 0.490012 | 
Epoch runtime: 0.0 hours, 0.0 minutes, 0.1012887954711914 seconds

Avg epoch train. time: 0.0 hours, 0.0 minutes, 0.10880475885727826 seconds
Avg batch train. time: 0.012089417650808697 seconds
Avg sample train. time: 0.0016239516247354964 seconds
Evaluating on validation set ...
Validation runtime: 0.0 hours, 0.0 minutes, 0.007436513900756836 seconds

Avg val. time: 0.0 hours, 0.0 minutes, 0.02098772400303891 seconds
Avg batch val. time: 0.02098772400303891 seconds
Avg sample val. time: 0.0026234655003798636 seconds
Epoch 34 Validation Summary: epoch: 34.000000 | loss: 0.777343 | accuracy: 0.875000 | precision: 0.916667 | 
Epoch 35 Training Summary: epoch: 35.000000 | loss: 0.507298 | 
Epoch runtime: 0.0 hours, 0.0 minutes, 0.11392712593078613 seconds

Avg epoch train. time: 0.0 hours, 0.0 minutes, 0.10895111220223563 seconds
Avg batch train. time: 0.012105679133581737 seconds
Avg sample train. time: 0.0016261360030184423 seconds
Epoch 36 Training Summary: epoch: 36.000000 | loss: 0.425784 | 
Epoch runtime: 0.0 hours, 0.0 minutes, 0.10442852973937988 seconds

Avg epoch train. time: 0.0 hours, 0.0 minutes, 0.10882548491160075 seconds
Avg batch train. time: 0.012091720545733417 seconds
Avg sample train. time: 0.001624260968829862 seconds
Evaluating on validation set ...
Validation runtime: 0.0 hours, 0.0 minutes, 0.007680654525756836 seconds

Avg val. time: 0.0 hours, 0.0 minutes, 0.020322370529174804 seconds
Avg batch val. time: 0.020322370529174804 seconds
Avg sample val. time: 0.0025402963161468505 seconds
Epoch 36 Validation Summary: epoch: 36.000000 | loss: 1.060902 | accuracy: 0.625000 | precision: 0.666667 | 
Epoch 37 Training Summary: epoch: 37.000000 | loss: 0.381590 | 
Epoch runtime: 0.0 hours, 0.0 minutes, 0.10188722610473633 seconds

Avg epoch train. time: 0.0 hours, 0.0 minutes, 0.10863796440330711 seconds
Avg batch train. time: 0.01207088493370079 seconds
Avg sample train. time: 0.0016214621552732404 seconds
Epoch 38 Training Summary: epoch: 38.000000 | loss: 0.347837 | 
Epoch runtime: 0.0 hours, 0.0 minutes, 0.09809398651123047 seconds

Avg epoch train. time: 0.0 hours, 0.0 minutes, 0.10836049130088404 seconds
Avg batch train. time: 0.012040054588987116 seconds
Avg sample train. time: 0.0016173207656848365 seconds
Evaluating on validation set ...
Validation runtime: 0.0 hours, 0.0 minutes, 0.007694721221923828 seconds

Avg val. time: 0.0 hours, 0.0 minutes, 0.019721053895496186 seconds
Avg batch val. time: 0.019721053895496186 seconds
Avg sample val. time: 0.0024651317369370233 seconds
Epoch 38 Validation Summary: epoch: 38.000000 | loss: 1.022234 | accuracy: 0.625000 | precision: 0.666667 | 
Epoch 39 Training Summary: epoch: 39.000000 | loss: 0.443925 | 
Epoch runtime: 0.0 hours, 0.0 minutes, 0.10392498970031738 seconds

Avg epoch train. time: 0.0 hours, 0.0 minutes, 0.1082467604906131 seconds
Avg batch train. time: 0.012027417832290345 seconds
Avg sample train. time: 0.0016156232909046732 seconds
Epoch 40 Training Summary: epoch: 40.000000 | loss: 0.256486 | 
Epoch runtime: 0.0 hours, 0.0 minutes, 0.10508608818054199 seconds

Avg epoch train. time: 0.0 hours, 0.0 minutes, 0.10816774368286133 seconds
Avg batch train. time: 0.012018638186984593 seconds
Avg sample train. time: 0.0016144439355650945 seconds
Evaluating on validation set ...
Validation runtime: 0.0 hours, 0.0 minutes, 0.008542299270629883 seconds

Avg val. time: 0.0 hours, 0.0 minutes, 0.01921292868527499 seconds
Avg batch val. time: 0.01921292868527499 seconds
Avg sample val. time: 0.0024016160856593738 seconds
Epoch 40 Validation Summary: epoch: 40.000000 | loss: 0.759944 | accuracy: 0.750000 | precision: 0.857143 | 
Best accuracy was 0.875. Other metrics: OrderedDict([('epoch', 34), ('loss', 0.7773430347442627), ('accuracy', 0.875), ('precision', 0.9166666666666666)])
All Done!
Total runtime: 0.0 hours, 0.0 minutes, 7.740710258483887 seconds

