Running:
src/main_crosssetting.py --output_dir experiments --target_user Zeyu --user_othersetting ZeyuZoom --comment classification from Scratch --name VRS_fromScratch --records_file VRS_records.xls --data_dir /mnt/d/OneDrive - Southern Methodist University/Phone_Privacy/input_feature/all_processpos_norm_downsample_480p_s22 --test_data_dir /mnt/d/OneDrive - Southern Methodist University/Phone_Privacy/input_feature/all_processpos_norm_downsample_480p_s22 --data_class vrs --val_ratio 0.1 --epochs 40 --lr 0.001 --dropout 0.2 --batch_size 8 --num_layers 3 --num_heads 4 --optimizer RAdam --pos_encoding learnable --task classification --normalization none --key_metric accuracy

Using device: cuda
Loading and preprocessing data ...
67 samples may be used for training
8 samples will be used for validation
0 samples will be used for testing
Creating model ...
Model:
TSTransformerEncoderClassiregressor(
  (project_inp): Linear(in_features=39, out_features=64, bias=True)
  (pos_enc): LearnablePositionalEncoding(
    (dropout): Dropout(p=0.2, inplace=False)
  )
  (transformer_encoder): TransformerEncoder(
    (layers): ModuleList(
      (0-2): 3 x TransformerBatchNormEncoderLayer(
        (self_attn): MultiheadAttention(
          (out_proj): NonDynamicallyQuantizableLinear(in_features=64, out_features=64, bias=True)
        )
        (linear1): Linear(in_features=64, out_features=256, bias=True)
        (dropout): Dropout(p=0.2, inplace=False)
        (linear2): Linear(in_features=256, out_features=64, bias=True)
        (norm1): BatchNorm1d(64, eps=1e-05, momentum=0.1, affine=True, track_running_stats=True)
        (norm2): BatchNorm1d(64, eps=1e-05, momentum=0.1, affine=True, track_running_stats=True)
        (dropout1): Dropout(p=0.2, inplace=False)
        (dropout2): Dropout(p=0.2, inplace=False)
      )
    )
  )
  (dropout1): Dropout(p=0.2, inplace=False)
  (output_layer): Linear(in_features=5120, out_features=5, bias=True)
)
Total number of parameters: 183237
Trainable parameters: 183237
Evaluating on validation set ...
Validation runtime: 0.0 hours, 0.0 minutes, 0.28733134269714355 seconds

Avg val. time: 0.0 hours, 0.0 minutes, 0.28733134269714355 seconds
Avg batch val. time: 0.28733134269714355 seconds
Avg sample val. time: 0.035916417837142944 seconds
Epoch 0 Validation Summary: epoch: 0.000000 | loss: 2.905347 | accuracy: 0.250000 | precision: 0.250000 | 
Starting training...
Epoch 1 Training Summary: epoch: 1.000000 | loss: 1.687456 | 
Epoch runtime: 0.0 hours, 0.0 minutes, 0.20958304405212402 seconds

Avg epoch train. time: 0.0 hours, 0.0 minutes, 0.20958304405212402 seconds
Avg batch train. time: 0.023287004894680448 seconds
Avg sample train. time: 0.003128105135106329 seconds
Evaluating on validation set ...
Validation runtime: 0.0 hours, 0.0 minutes, 0.0069026947021484375 seconds

Avg val. time: 0.0 hours, 0.0 minutes, 0.147117018699646 seconds
Avg batch val. time: 0.147117018699646 seconds
Avg sample val. time: 0.01838962733745575 seconds
Epoch 1 Validation Summary: epoch: 1.000000 | loss: 1.654973 | accuracy: 0.125000 | precision: 0.125000 | 
Epoch 2 Training Summary: epoch: 2.000000 | loss: 1.651190 | 
Epoch runtime: 0.0 hours, 0.0 minutes, 0.08643293380737305 seconds

Avg epoch train. time: 0.0 hours, 0.0 minutes, 0.14800798892974854 seconds
Avg batch train. time: 0.016445332103305392 seconds
Avg sample train. time: 0.002209074461638038 seconds
Evaluating on validation set ...
Validation runtime: 0.0 hours, 0.0 minutes, 0.006496906280517578 seconds

Avg val. time: 0.0 hours, 0.0 minutes, 0.10024364789326985 seconds
Avg batch val. time: 0.10024364789326985 seconds
Avg sample val. time: 0.012530455986658732 seconds
Epoch 2 Validation Summary: epoch: 2.000000 | loss: 1.662929 | accuracy: 0.125000 | precision: 0.083333 | 
Epoch 3 Training Summary: epoch: 3.000000 | loss: 1.646188 | 
Epoch runtime: 0.0 hours, 0.0 minutes, 0.08741235733032227 seconds

Avg epoch train. time: 0.0 hours, 0.0 minutes, 0.1278094450632731 seconds
Avg batch train. time: 0.014201049451474788 seconds
Avg sample train. time: 0.0019076036576607925 seconds
Epoch 4 Training Summary: epoch: 4.000000 | loss: 1.630198 | 
Epoch runtime: 0.0 hours, 0.0 minutes, 0.08109498023986816 seconds

Avg epoch train. time: 0.0 hours, 0.0 minutes, 0.11613082885742188 seconds
Avg batch train. time: 0.012903425428602431 seconds
Avg sample train. time: 0.001733295953095849 seconds
Evaluating on validation set ...
Validation runtime: 0.0 hours, 0.0 minutes, 0.0077800750732421875 seconds

Avg val. time: 0.0 hours, 0.0 minutes, 0.07712775468826294 seconds
Avg batch val. time: 0.07712775468826294 seconds
Avg sample val. time: 0.009640969336032867 seconds
Epoch 4 Validation Summary: epoch: 4.000000 | loss: 1.654045 | accuracy: 0.125000 | precision: 0.083333 | 
Epoch 5 Training Summary: epoch: 5.000000 | loss: 1.622875 | 
Epoch runtime: 0.0 hours, 0.0 minutes, 0.0863959789276123 seconds

Avg epoch train. time: 0.0 hours, 0.0 minutes, 0.11018385887145996 seconds
Avg batch train. time: 0.012242650985717772 seconds
Avg sample train. time: 0.0016445352070367158 seconds
Epoch 6 Training Summary: epoch: 6.000000 | loss: 1.642880 | 
Epoch runtime: 0.0 hours, 0.0 minutes, 0.08152222633361816 seconds

Avg epoch train. time: 0.0 hours, 0.0 minutes, 0.105406920115153 seconds
Avg batch train. time: 0.011711880012794778 seconds
Avg sample train. time: 0.001573237613659 seconds
Evaluating on validation set ...
Validation runtime: 0.0 hours, 0.0 minutes, 0.0073015689849853516 seconds

Avg val. time: 0.0 hours, 0.0 minutes, 0.06316251754760742 seconds
Avg batch val. time: 0.06316251754760742 seconds
Avg sample val. time: 0.007895314693450927 seconds
Epoch 6 Validation Summary: epoch: 6.000000 | loss: 1.631702 | accuracy: 0.250000 | precision: 0.444444 | 
Epoch 7 Training Summary: epoch: 7.000000 | loss: 1.644569 | 
Epoch runtime: 0.0 hours, 0.0 minutes, 0.08572077751159668 seconds

Avg epoch train. time: 0.0 hours, 0.0 minutes, 0.10259461402893066 seconds
Avg batch train. time: 0.011399401558770074 seconds
Avg sample train. time: 0.001531262895954189 seconds
Epoch 8 Training Summary: epoch: 8.000000 | loss: 1.574143 | 
Epoch runtime: 0.0 hours, 0.0 minutes, 0.0861811637878418 seconds

Avg epoch train. time: 0.0 hours, 0.0 minutes, 0.10054293274879456 seconds
Avg batch train. time: 0.011171436972088285 seconds
Avg sample train. time: 0.0015006407872954412 seconds
Evaluating on validation set ...
Validation runtime: 0.0 hours, 0.0 minutes, 0.006196260452270508 seconds

Avg val. time: 0.0 hours, 0.0 minutes, 0.05366814136505127 seconds
Avg batch val. time: 0.05366814136505127 seconds
Avg sample val. time: 0.006708517670631409 seconds
Epoch 8 Validation Summary: epoch: 8.000000 | loss: 1.618030 | accuracy: 0.375000 | precision: 0.640000 | 
Epoch 9 Training Summary: epoch: 9.000000 | loss: 1.489866 | 
Epoch runtime: 0.0 hours, 0.0 minutes, 0.08450698852539062 seconds

Avg epoch train. time: 0.0 hours, 0.0 minutes, 0.09876116116841634 seconds
Avg batch train. time: 0.01097346235204626 seconds
Avg sample train. time: 0.0014740471816181544 seconds
Epoch 10 Training Summary: epoch: 10.000000 | loss: 1.674707 | 
Epoch runtime: 0.0 hours, 0.0 minutes, 0.08589529991149902 seconds

Avg epoch train. time: 0.0 hours, 0.0 minutes, 0.09747457504272461 seconds
Avg batch train. time: 0.010830508338080512 seconds
Avg sample train. time: 0.0014548444036227553 seconds
Evaluating on validation set ...
Validation runtime: 0.0 hours, 0.0 minutes, 0.007052183151245117 seconds

Avg val. time: 0.0 hours, 0.0 minutes, 0.04700871876307896 seconds
Avg batch val. time: 0.04700871876307896 seconds
Avg sample val. time: 0.00587608984538487 seconds
Epoch 10 Validation Summary: epoch: 10.000000 | loss: 1.591483 | accuracy: 0.250000 | precision: 0.500000 | 
Epoch 11 Training Summary: epoch: 11.000000 | loss: 1.499116 | 
Epoch runtime: 0.0 hours, 0.0 minutes, 0.08218240737915039 seconds

Avg epoch train. time: 0.0 hours, 0.0 minutes, 0.09608437798239967 seconds
Avg batch train. time: 0.010676041998044408 seconds
Avg sample train. time: 0.0014340951937671593 seconds
Epoch 12 Training Summary: epoch: 12.000000 | loss: 1.624418 | 
Epoch runtime: 0.0 hours, 0.0 minutes, 0.08086347579956055 seconds

Avg epoch train. time: 0.0 hours, 0.0 minutes, 0.09481596946716309 seconds
Avg batch train. time: 0.010535107718573676 seconds
Avg sample train. time: 0.0014151637233904939 seconds
Evaluating on validation set ...
Validation runtime: 0.0 hours, 0.0 minutes, 0.0062906742095947266 seconds

Avg val. time: 0.0 hours, 0.0 minutes, 0.04191896319389343 seconds
Avg batch val. time: 0.04191896319389343 seconds
Avg sample val. time: 0.005239870399236679 seconds
Epoch 12 Validation Summary: epoch: 12.000000 | loss: 1.591392 | accuracy: 0.250000 | precision: 0.500000 | 
Epoch 13 Training Summary: epoch: 13.000000 | loss: 1.558619 | 
Epoch runtime: 0.0 hours, 0.0 minutes, 0.08191108703613281 seconds

Avg epoch train. time: 0.0 hours, 0.0 minutes, 0.09382328620323768 seconds
Avg batch train. time: 0.01042480957813752 seconds
Avg sample train. time: 0.0014003475552722042 seconds
Epoch 14 Training Summary: epoch: 14.000000 | loss: 1.523483 | 
Epoch runtime: 0.0 hours, 0.0 minutes, 0.08384418487548828 seconds

Avg epoch train. time: 0.0 hours, 0.0 minutes, 0.09311049325125557 seconds
Avg batch train. time: 0.01034561036125062 seconds
Avg sample train. time: 0.0013897088544963518 seconds
Evaluating on validation set ...
Validation runtime: 0.0 hours, 0.0 minutes, 0.006253242492675781 seconds

Avg val. time: 0.0 hours, 0.0 minutes, 0.03795610533820258 seconds
Avg batch val. time: 0.03795610533820258 seconds
Avg sample val. time: 0.004744513167275323 seconds
Epoch 14 Validation Summary: epoch: 14.000000 | loss: 1.568744 | accuracy: 0.250000 | precision: 0.500000 | 
Epoch 15 Training Summary: epoch: 15.000000 | loss: 1.545290 | 
Epoch runtime: 0.0 hours, 0.0 minutes, 0.08147430419921875 seconds

Avg epoch train. time: 0.0 hours, 0.0 minutes, 0.09233474731445312 seconds
Avg batch train. time: 0.010259416368272569 seconds
Avg sample train. time: 0.0013781305569321362 seconds
Epoch 16 Training Summary: epoch: 16.000000 | loss: 1.521517 | 
Epoch runtime: 0.0 hours, 0.0 minutes, 0.08292174339294434 seconds

Avg epoch train. time: 0.0 hours, 0.0 minutes, 0.09174643456935883 seconds
Avg batch train. time: 0.010194048285484314 seconds
Avg sample train. time: 0.0013693497696919228 seconds
Evaluating on validation set ...
Validation runtime: 0.0 hours, 0.0 minutes, 0.006650686264038086 seconds

Avg val. time: 0.0 hours, 0.0 minutes, 0.03482556343078613 seconds
Avg batch val. time: 0.03482556343078613 seconds
Avg sample val. time: 0.004353195428848267 seconds
Epoch 16 Validation Summary: epoch: 16.000000 | loss: 1.532327 | accuracy: 0.250000 | precision: 0.416667 | 
Epoch 17 Training Summary: epoch: 17.000000 | loss: 1.452240 | 
Epoch runtime: 0.0 hours, 0.0 minutes, 0.08255290985107422 seconds

Avg epoch train. time: 0.0 hours, 0.0 minutes, 0.09120563899769503 seconds
Avg batch train. time: 0.010133959888632782 seconds
Avg sample train. time: 0.0013612781939954482 seconds
Epoch 18 Training Summary: epoch: 18.000000 | loss: 1.430895 | 
Epoch runtime: 0.0 hours, 0.0 minutes, 0.08818697929382324 seconds

Avg epoch train. time: 0.0 hours, 0.0 minutes, 0.09103793568081325 seconds
Avg batch train. time: 0.010115326186757027 seconds
Avg sample train. time: 0.0013587751594151232 seconds
Evaluating on validation set ...
Validation runtime: 0.0 hours, 0.0 minutes, 0.0067119598388671875 seconds

Avg val. time: 0.0 hours, 0.0 minutes, 0.03226978128606623 seconds
Avg batch val. time: 0.03226978128606623 seconds
Avg sample val. time: 0.004033722660758279 seconds
Epoch 18 Validation Summary: epoch: 18.000000 | loss: 1.486469 | accuracy: 0.250000 | precision: 0.500000 | 
Epoch 19 Training Summary: epoch: 19.000000 | loss: 1.412134 | 
Epoch runtime: 0.0 hours, 0.0 minutes, 0.08274316787719727 seconds

Avg epoch train. time: 0.0 hours, 0.0 minutes, 0.09060136895430715 seconds
Avg batch train. time: 0.010066818772700794 seconds
Avg sample train. time: 0.0013522592381239873 seconds
Epoch 20 Training Summary: epoch: 20.000000 | loss: 1.442438 | 
Epoch runtime: 0.0 hours, 0.0 minutes, 0.08411455154418945 seconds

Avg epoch train. time: 0.0 hours, 0.0 minutes, 0.09027702808380127 seconds
Avg batch train. time: 0.01003078089820014 seconds
Avg sample train. time: 0.0013474183296089742 seconds
Evaluating on validation set ...
Validation runtime: 0.0 hours, 0.0 minutes, 0.006673574447631836 seconds

Avg val. time: 0.0 hours, 0.0 minutes, 0.03013676404953003 seconds
Avg batch val. time: 0.03013676404953003 seconds
Avg sample val. time: 0.0037670955061912537 seconds
Epoch 20 Validation Summary: epoch: 20.000000 | loss: 1.495200 | accuracy: 0.375000 | precision: 0.277778 | 
Epoch 21 Training Summary: epoch: 21.000000 | loss: 1.399534 | 
Epoch runtime: 0.0 hours, 0.0 minutes, 0.08747148513793945 seconds

Avg epoch train. time: 0.0 hours, 0.0 minutes, 0.09014343080066499 seconds
Avg batch train. time: 0.010015936755629444 seconds
Avg sample train. time: 0.0013454243403084327 seconds
Epoch 22 Training Summary: epoch: 22.000000 | loss: 1.326807 | 
Epoch runtime: 0.0 hours, 0.0 minutes, 0.0822601318359375 seconds

Avg epoch train. time: 0.0 hours, 0.0 minutes, 0.08978509902954102 seconds
Avg batch train. time: 0.009976122114393447 seconds
Avg sample train. time: 0.0013400761049185226 seconds
Evaluating on validation set ...
Validation runtime: 0.0 hours, 0.0 minutes, 0.006373882293701172 seconds

Avg val. time: 0.0 hours, 0.0 minutes, 0.028308850068312425 seconds
Avg batch val. time: 0.028308850068312425 seconds
Avg sample val. time: 0.003538606258539053 seconds
Epoch 22 Validation Summary: epoch: 22.000000 | loss: 1.445119 | accuracy: 0.250000 | precision: 0.444444 | 
Epoch 23 Training Summary: epoch: 23.000000 | loss: 1.322075 | 
Epoch runtime: 0.0 hours, 0.0 minutes, 0.08396792411804199 seconds

Avg epoch train. time: 0.0 hours, 0.0 minutes, 0.08953217838121497 seconds
Avg batch train. time: 0.009948019820134997 seconds
Avg sample train. time: 0.00133630116986888 seconds
Epoch 24 Training Summary: epoch: 24.000000 | loss: 1.407305 | 
Epoch runtime: 0.0 hours, 0.0 minutes, 0.08749127388000488 seconds

Avg epoch train. time: 0.0 hours, 0.0 minutes, 0.08944714069366455 seconds
Avg batch train. time: 0.00993857118818495 seconds
Avg sample train. time: 0.0013350319506517097 seconds
Evaluating on validation set ...
Validation runtime: 0.0 hours, 0.0 minutes, 0.006894588470458984 seconds

Avg val. time: 0.0 hours, 0.0 minutes, 0.026779259954180037 seconds
Avg batch val. time: 0.026779259954180037 seconds
Avg sample val. time: 0.0033474074942725046 seconds
Epoch 24 Validation Summary: epoch: 24.000000 | loss: 1.360958 | accuracy: 0.250000 | precision: 0.190476 | 
Epoch 25 Training Summary: epoch: 25.000000 | loss: 1.204354 | 
Epoch runtime: 0.0 hours, 0.0 minutes, 0.08482766151428223 seconds

Avg epoch train. time: 0.0 hours, 0.0 minutes, 0.08926236152648925 seconds
Avg batch train. time: 0.009918040169609918 seconds
Avg sample train. time: 0.001332274052634168 seconds
Epoch 26 Training Summary: epoch: 26.000000 | loss: 1.350973 | 
Epoch runtime: 0.0 hours, 0.0 minutes, 0.09193968772888184 seconds

Avg epoch train. time: 0.0 hours, 0.0 minutes, 0.08936533561119667 seconds
Avg batch train. time: 0.009929481734577408 seconds
Avg sample train. time: 0.0013338109792715921 seconds
Evaluating on validation set ...
Validation runtime: 0.0 hours, 0.0 minutes, 0.007271289825439453 seconds

Avg val. time: 0.0 hours, 0.0 minutes, 0.025478728612264 seconds
Avg batch val. time: 0.025478728612264 seconds
Avg sample val. time: 0.003184841076533 seconds
Epoch 26 Validation Summary: epoch: 26.000000 | loss: 1.288102 | accuracy: 0.250000 | precision: 0.190476 | 
Epoch 27 Training Summary: epoch: 27.000000 | loss: 1.198457 | 
Epoch runtime: 0.0 hours, 0.0 minutes, 0.08580875396728516 seconds

Avg epoch train. time: 0.0 hours, 0.0 minutes, 0.08923361036512586 seconds
Avg batch train. time: 0.009914845596125096 seconds
Avg sample train. time: 0.001331844930822774 seconds
Epoch 28 Training Summary: epoch: 28.000000 | loss: 1.109450 | 
Epoch runtime: 0.0 hours, 0.0 minutes, 0.0896449089050293 seconds

Avg epoch train. time: 0.0 hours, 0.0 minutes, 0.08924829959869385 seconds
Avg batch train. time: 0.009916477733188205 seconds
Avg sample train. time: 0.0013320641731148334 seconds
Evaluating on validation set ...
Validation runtime: 0.0 hours, 0.0 minutes, 0.00754857063293457 seconds

Avg val. time: 0.0 hours, 0.0 minutes, 0.024358093738555908 seconds
Avg batch val. time: 0.024358093738555908 seconds
Avg sample val. time: 0.0030447617173194885 seconds
Epoch 28 Validation Summary: epoch: 28.000000 | loss: 1.244219 | accuracy: 0.375000 | precision: 0.366667 | 
Epoch 29 Training Summary: epoch: 29.000000 | loss: 1.103779 | 
Epoch runtime: 0.0 hours, 0.0 minutes, 0.08787345886230469 seconds

Avg epoch train. time: 0.0 hours, 0.0 minutes, 0.08920089129743905 seconds
Avg batch train. time: 0.009911210144159894 seconds
Avg sample train. time: 0.001331356586528941 seconds
Epoch 30 Training Summary: epoch: 30.000000 | loss: 1.111472 | 
Epoch runtime: 0.0 hours, 0.0 minutes, 0.09999394416809082 seconds

Avg epoch train. time: 0.0 hours, 0.0 minutes, 0.08956065972646078 seconds
Avg batch train. time: 0.009951184414051198 seconds
Avg sample train. time: 0.0013367262645740416 seconds
Evaluating on validation set ...
Validation runtime: 0.0 hours, 0.0 minutes, 0.007210493087768555 seconds

Avg val. time: 0.0 hours, 0.0 minutes, 0.02334941134733312 seconds
Avg batch val. time: 0.02334941134733312 seconds
Avg sample val. time: 0.00291867641841664 seconds
Epoch 30 Validation Summary: epoch: 30.000000 | loss: 1.166215 | accuracy: 0.375000 | precision: 0.214286 | 
Epoch 31 Training Summary: epoch: 31.000000 | loss: 1.036847 | 
Epoch runtime: 0.0 hours, 0.0 minutes, 0.09114456176757812 seconds

Avg epoch train. time: 0.0 hours, 0.0 minutes, 0.08961175334069037 seconds
Avg batch train. time: 0.009956861482298929 seconds
Avg sample train. time: 0.0013374888558311995 seconds
Epoch 32 Training Summary: epoch: 32.000000 | loss: 0.956111 | 
Epoch runtime: 0.0 hours, 0.0 minutes, 0.09129643440246582 seconds

Avg epoch train. time: 0.0 hours, 0.0 minutes, 0.08966439962387085 seconds
Avg batch train. time: 0.009962711069318984 seconds
Avg sample train. time: 0.0013382746212518037 seconds
Evaluating on validation set ...
Validation runtime: 0.0 hours, 0.0 minutes, 0.006914854049682617 seconds

Avg val. time: 0.0 hours, 0.0 minutes, 0.02243638038635254 seconds
Avg batch val. time: 0.02243638038635254 seconds
Avg sample val. time: 0.0028045475482940674 seconds
Epoch 32 Validation Summary: epoch: 32.000000 | loss: 1.230685 | accuracy: 0.375000 | precision: 0.388889 | 
Epoch 33 Training Summary: epoch: 33.000000 | loss: 1.071144 | 
Epoch runtime: 0.0 hours, 0.0 minutes, 0.09178590774536133 seconds

Avg epoch train. time: 0.0 hours, 0.0 minutes, 0.0897286877487645 seconds
Avg batch train. time: 0.009969854194307166 seconds
Avg sample train. time: 0.0013392341455039478 seconds
Epoch 34 Training Summary: epoch: 34.000000 | loss: 0.887308 | 
Epoch runtime: 0.0 hours, 0.0 minutes, 0.08821988105773926 seconds

Avg epoch train. time: 0.0 hours, 0.0 minutes, 0.0896843110813814 seconds
Avg batch train. time: 0.009964923453486823 seconds
Avg sample train. time: 0.001338571807184797 seconds
Evaluating on validation set ...
Validation runtime: 0.0 hours, 0.0 minutes, 0.006904125213623047 seconds

Avg val. time: 0.0 hours, 0.0 minutes, 0.021618893271998355 seconds
Avg batch val. time: 0.021618893271998355 seconds
Avg sample val. time: 0.0027023616589997943 seconds
Epoch 34 Validation Summary: epoch: 34.000000 | loss: 1.169233 | accuracy: 0.625000 | precision: 0.722222 | 
Epoch 35 Training Summary: epoch: 35.000000 | loss: 0.908352 | 
Epoch runtime: 0.0 hours, 0.0 minutes, 0.09672260284423828 seconds

Avg epoch train. time: 0.0 hours, 0.0 minutes, 0.08988540513174874 seconds
Avg batch train. time: 0.009987267236860971 seconds
Avg sample train. time: 0.001341573210921623 seconds
Epoch 36 Training Summary: epoch: 36.000000 | loss: 0.833131 | 
Epoch runtime: 0.0 hours, 0.0 minutes, 0.08559322357177734 seconds

Avg epoch train. time: 0.0 hours, 0.0 minutes, 0.08976617786619398 seconds
Avg batch train. time: 0.009974019762910442 seconds
Avg sample train. time: 0.0013397936994954326 seconds
Evaluating on validation set ...
Validation runtime: 0.0 hours, 0.0 minutes, 0.006968259811401367 seconds

Avg val. time: 0.0 hours, 0.0 minutes, 0.020886361598968506 seconds
Avg batch val. time: 0.020886361598968506 seconds
Avg sample val. time: 0.0026107951998710632 seconds
Epoch 36 Validation Summary: epoch: 36.000000 | loss: 1.363335 | accuracy: 0.500000 | precision: 0.533333 | 
Epoch 37 Training Summary: epoch: 37.000000 | loss: 0.752789 | 
Epoch runtime: 0.0 hours, 0.0 minutes, 0.09167361259460449 seconds

Avg epoch train. time: 0.0 hours, 0.0 minutes, 0.08981773015615102 seconds
Avg batch train. time: 0.009979747795127891 seconds
Avg sample train. time: 0.0013405631366589705 seconds
Epoch 38 Training Summary: epoch: 38.000000 | loss: 0.686352 | 
Epoch runtime: 0.0 hours, 0.0 minutes, 0.08796238899230957 seconds

Avg epoch train. time: 0.0 hours, 0.0 minutes, 0.08976890538868151 seconds
Avg batch train. time: 0.009974322820964613 seconds
Avg sample train. time: 0.0013398344087862913 seconds
Evaluating on validation set ...
Validation runtime: 0.0 hours, 0.0 minutes, 0.007187843322753906 seconds

Avg val. time: 0.0 hours, 0.0 minutes, 0.02023405120486305 seconds
Avg batch val. time: 0.02023405120486305 seconds
Avg sample val. time: 0.002529256400607881 seconds
Epoch 38 Validation Summary: epoch: 38.000000 | loss: 1.049507 | accuracy: 0.500000 | precision: 0.476190 | 
Epoch 39 Training Summary: epoch: 39.000000 | loss: 0.736636 | 
Epoch runtime: 0.0 hours, 0.0 minutes, 0.0870063304901123 seconds

Avg epoch train. time: 0.0 hours, 0.0 minutes, 0.08969807013487205 seconds
Avg batch train. time: 0.009966452237208006 seconds
Avg sample train. time: 0.0013387771661921202 seconds
Epoch 40 Training Summary: epoch: 40.000000 | loss: 0.517907 | 
Epoch runtime: 0.0 hours, 0.0 minutes, 0.08939933776855469 seconds

Avg epoch train. time: 0.0 hours, 0.0 minutes, 0.08969060182571412 seconds
Avg batch train. time: 0.009965622425079347 seconds
Avg sample train. time: 0.0013386656988912556 seconds
Evaluating on validation set ...
Validation runtime: 0.0 hours, 0.0 minutes, 0.00690460205078125 seconds

Avg val. time: 0.0 hours, 0.0 minutes, 0.019628167152404785 seconds
Avg batch val. time: 0.019628167152404785 seconds
Avg sample val. time: 0.002453520894050598 seconds
Epoch 40 Validation Summary: epoch: 40.000000 | loss: 1.495192 | accuracy: 0.500000 | precision: 0.840000 | 
Best accuracy was 0.625. Other metrics: OrderedDict([('epoch', 34), ('loss', 1.1692330837249756), ('accuracy', 0.625), ('precision', 0.7222222222222221)])
All Done!
Total runtime: 0.0 hours, 0.0 minutes, 6.965556383132935 seconds

