Running:
src/main_5q.py --output_dir experiments --comment classification from Scratch --name VRS_fromScratch --records_file VRS_records.xls --data_dir /mnt/d/OneDrive - Southern Methodist University/Phone_Privacy/input_feature/opticalflow_22_downsample_480p_s22 --data_class vrs --val_ratio 0.1 --epochs 40 --lr 0.001 --dropout 0.2 --batch_size 8 --num_layers 3 --num_heads 4 --optimizer RAdam --pos_encoding learnable --task classification --normalization none --key_metric accuracy

Using device: cuda
Loading and preprocessing data ...
271 samples may be used for training
31 samples will be used for validation
0 samples will be used for testing
Creating model ...
Model:
TSTransformerEncoderClassiregressor(
  (project_inp): Linear(in_features=8, out_features=64, bias=True)
  (pos_enc): LearnablePositionalEncoding(
    (dropout): Dropout(p=0.2, inplace=False)
  )
  (transformer_encoder): TransformerEncoder(
    (layers): ModuleList(
      (0-2): 3 x TransformerBatchNormEncoderLayer(
        (self_attn): MultiheadAttention(
          (out_proj): NonDynamicallyQuantizableLinear(in_features=64, out_features=64, bias=True)
        )
        (linear1): Linear(in_features=64, out_features=256, bias=True)
        (dropout): Dropout(p=0.2, inplace=False)
        (linear2): Linear(in_features=256, out_features=64, bias=True)
        (norm1): BatchNorm1d(64, eps=1e-05, momentum=0.1, affine=True, track_running_stats=True)
        (norm2): BatchNorm1d(64, eps=1e-05, momentum=0.1, affine=True, track_running_stats=True)
        (dropout1): Dropout(p=0.2, inplace=False)
        (dropout2): Dropout(p=0.2, inplace=False)
      )
    )
  )
  (dropout1): Dropout(p=0.2, inplace=False)
  (output_layer): Linear(in_features=5120, out_features=5, bias=True)
)
Total number of parameters: 181253
Trainable parameters: 181253
Evaluating on validation set ...
Validation runtime: 0.0 hours, 0.0 minutes, 0.39296936988830566 seconds

Avg val. time: 0.0 hours, 0.0 minutes, 0.39296936988830566 seconds
Avg batch val. time: 0.09824234247207642 seconds
Avg sample val. time: 0.012676431286719537 seconds
Epoch 0 Validation Summary: epoch: 0.000000 | loss: 3.591137 | accuracy: 0.354839 | precision: 0.472457 | 
Starting training...
Epoch 1 Training Summary: epoch: 1.000000 | loss: 1.643317 | 
Epoch runtime: 0.0 hours, 0.0 minutes, 0.678626537322998 seconds

Avg epoch train. time: 0.0 hours, 0.0 minutes, 0.678626537322998 seconds
Avg batch train. time: 0.019959604038911706 seconds
Avg sample train. time: 0.0025041569642915056 seconds
Evaluating on validation set ...
Validation runtime: 0.0 hours, 0.0 minutes, 0.020531415939331055 seconds

Avg val. time: 0.0 hours, 0.0 minutes, 0.20675039291381836 seconds
Avg batch val. time: 0.05168759822845459 seconds
Avg sample val. time: 0.0066693675133489795 seconds
Epoch 1 Validation Summary: epoch: 1.000000 | loss: 1.564719 | accuracy: 0.354839 | precision: 0.504839 | 
Epoch 2 Training Summary: epoch: 2.000000 | loss: 1.550700 | 
Epoch runtime: 0.0 hours, 0.0 minutes, 0.5366129875183105 seconds

Avg epoch train. time: 0.0 hours, 0.0 minutes, 0.6076197624206543 seconds
Avg batch train. time: 0.01787116948296042 seconds
Avg sample train. time: 0.0022421393447256614 seconds
Evaluating on validation set ...
Validation runtime: 0.0 hours, 0.0 minutes, 0.021277666091918945 seconds

Avg val. time: 0.0 hours, 0.0 minutes, 0.1449261506398519 seconds
Avg batch val. time: 0.036231537659962974 seconds
Avg sample val. time: 0.004675037117414577 seconds
Epoch 2 Validation Summary: epoch: 2.000000 | loss: 1.494947 | accuracy: 0.451613 | precision: 0.446774 | 
Epoch 3 Training Summary: epoch: 3.000000 | loss: 1.525464 | 
Epoch runtime: 0.0 hours, 0.0 minutes, 0.5542182922363281 seconds

Avg epoch train. time: 0.0 hours, 0.0 minutes, 0.5898192723592123 seconds
Avg batch train. time: 0.01734762565762389 seconds
Avg sample train. time: 0.0021764548795542888 seconds
Epoch 4 Training Summary: epoch: 4.000000 | loss: 1.477583 | 
Epoch runtime: 0.0 hours, 0.0 minutes, 0.49374890327453613 seconds

Avg epoch train. time: 0.0 hours, 0.0 minutes, 0.5658016800880432 seconds
Avg batch train. time: 0.016641225884942448 seconds
Avg sample train. time: 0.002087829077815658 seconds
Evaluating on validation set ...
Validation runtime: 0.0 hours, 0.0 minutes, 0.03522324562072754 seconds

Avg val. time: 0.0 hours, 0.0 minutes, 0.1175004243850708 seconds
Avg batch val. time: 0.0293751060962677 seconds
Avg sample val. time: 0.003790336270486155 seconds
Epoch 4 Validation Summary: epoch: 4.000000 | loss: 1.394948 | accuracy: 0.322581 | precision: 0.194316 | 
Epoch 5 Training Summary: epoch: 5.000000 | loss: 1.398680 | 
Epoch runtime: 0.0 hours, 0.0 minutes, 0.4990425109863281 seconds

Avg epoch train. time: 0.0 hours, 0.0 minutes, 0.5524498462677002 seconds
Avg batch train. time: 0.016248524890226476 seconds
Avg sample train. time: 0.002038560318330997 seconds
Epoch 6 Training Summary: epoch: 6.000000 | loss: 1.343080 | 
Epoch runtime: 0.0 hours, 0.0 minutes, 0.45698094367980957 seconds

Avg epoch train. time: 0.0 hours, 0.0 minutes, 0.5365383625030518 seconds
Avg batch train. time: 0.01578054007361917 seconds
Avg sample train. time: 0.001979846356099822 seconds
Evaluating on validation set ...
Validation runtime: 0.0 hours, 0.0 minutes, 0.028614282608032227 seconds

Avg val. time: 0.0 hours, 0.0 minutes, 0.09972319602966309 seconds
Avg batch val. time: 0.024930799007415773 seconds
Avg sample val. time: 0.0032168772912794545 seconds
Epoch 6 Validation Summary: epoch: 6.000000 | loss: 1.467833 | accuracy: 0.354839 | precision: 0.277266 | 
Epoch 7 Training Summary: epoch: 7.000000 | loss: 1.285743 | 
Epoch runtime: 0.0 hours, 0.0 minutes, 0.501173734664917 seconds

Avg epoch train. time: 0.0 hours, 0.0 minutes, 0.5314862728118896 seconds
Avg batch train. time: 0.015631949200349694 seconds
Avg sample train. time: 0.00196120395871546 seconds
Epoch 8 Training Summary: epoch: 8.000000 | loss: 1.237033 | 
Epoch runtime: 0.0 hours, 0.0 minutes, 0.5039317607879639 seconds

Avg epoch train. time: 0.0 hours, 0.0 minutes, 0.5280419588088989 seconds
Avg batch train. time: 0.015530645847320557 seconds
Avg sample train. time: 0.0019484943129479664 seconds
Evaluating on validation set ...
Validation runtime: 0.0 hours, 0.0 minutes, 0.02355790138244629 seconds

Avg val. time: 0.0 hours, 0.0 minutes, 0.08702898025512695 seconds
Avg batch val. time: 0.02175724506378174 seconds
Avg sample val. time: 0.002807386459842805 seconds
Epoch 8 Validation Summary: epoch: 8.000000 | loss: 1.439207 | accuracy: 0.387097 | precision: 0.395161 | 
Epoch 9 Training Summary: epoch: 9.000000 | loss: 1.155019 | 
Epoch runtime: 0.0 hours, 0.0 minutes, 0.4557836055755615 seconds

Avg epoch train. time: 0.0 hours, 0.0 minutes, 0.5200132528940836 seconds
Avg batch train. time: 0.015294507438061282 seconds
Avg sample train. time: 0.0019188680918600873 seconds
Epoch 10 Training Summary: epoch: 10.000000 | loss: 1.084702 | 
Epoch runtime: 0.0 hours, 0.0 minutes, 0.45000624656677246 seconds

Avg epoch train. time: 0.0 hours, 0.0 minutes, 0.5130125522613526 seconds
Avg batch train. time: 0.015088604478275076 seconds
Avg sample train. time: 0.001893035248196873 seconds
Evaluating on validation set ...
Validation runtime: 0.0 hours, 0.0 minutes, 0.01903247833251953 seconds

Avg val. time: 0.0 hours, 0.0 minutes, 0.07731519426618304 seconds
Avg batch val. time: 0.01932879856654576 seconds
Avg sample val. time: 0.002494038524715582 seconds
Epoch 10 Validation Summary: epoch: 10.000000 | loss: 1.347382 | accuracy: 0.548387 | precision: 0.606989 | 
Epoch 11 Training Summary: epoch: 11.000000 | loss: 1.041914 | 
Epoch runtime: 0.0 hours, 0.0 minutes, 0.5034842491149902 seconds

Avg epoch train. time: 0.0 hours, 0.0 minutes, 0.5121463428844105 seconds
Avg batch train. time: 0.015063127731894428 seconds
Avg sample train. time: 0.001889838903632511 seconds
Epoch 12 Training Summary: epoch: 12.000000 | loss: 1.028185 | 
Epoch runtime: 0.0 hours, 0.0 minutes, 0.5838503837585449 seconds

Avg epoch train. time: 0.0 hours, 0.0 minutes, 0.5181216796239217 seconds
Avg batch train. time: 0.015238872930115346 seconds
Avg sample train. time: 0.0019118881166934382 seconds
Evaluating on validation set ...
Validation runtime: 0.0 hours, 0.0 minutes, 0.041890621185302734 seconds

Avg val. time: 0.0 hours, 0.0 minutes, 0.072887122631073 seconds
Avg batch val. time: 0.01822178065776825 seconds
Avg sample val. time: 0.002351197504228161 seconds
Epoch 12 Validation Summary: epoch: 12.000000 | loss: 1.439667 | accuracy: 0.451613 | precision: 0.462086 | 
Epoch 13 Training Summary: epoch: 13.000000 | loss: 0.912517 | 
Epoch runtime: 0.0 hours, 0.0 minutes, 0.5881366729736328 seconds

Avg epoch train. time: 0.0 hours, 0.0 minutes, 0.5235074483431302 seconds
Avg batch train. time: 0.015397277892445008 seconds
Avg sample train. time: 0.0019317618020041707 seconds
Epoch 14 Training Summary: epoch: 14.000000 | loss: 0.908914 | 
Epoch runtime: 0.0 hours, 0.0 minutes, 0.6544044017791748 seconds

Avg epoch train. time: 0.0 hours, 0.0 minutes, 0.5328572307314191 seconds
Avg batch train. time: 0.015672271492100563 seconds
Avg sample train. time: 0.001966262844027377 seconds
Evaluating on validation set ...
Validation runtime: 0.0 hours, 0.0 minutes, 0.028556108474731445 seconds

Avg val. time: 0.0 hours, 0.0 minutes, 0.06796145439147949 seconds
Avg batch val. time: 0.016990363597869873 seconds
Avg sample val. time: 0.002192304980370306 seconds
Epoch 14 Validation Summary: epoch: 14.000000 | loss: 1.482281 | accuracy: 0.419355 | precision: 0.441349 | 
Epoch 15 Training Summary: epoch: 15.000000 | loss: 0.761403 | 
Epoch runtime: 0.0 hours, 0.0 minutes, 0.5654251575469971 seconds

Avg epoch train. time: 0.0 hours, 0.0 minutes, 0.5350284258524577 seconds
Avg batch train. time: 0.01573613017213111 seconds
Avg sample train. time: 0.0019742746341419102 seconds
Epoch 16 Training Summary: epoch: 16.000000 | loss: 0.815097 | 
Epoch runtime: 0.0 hours, 0.0 minutes, 0.569385290145874 seconds

Avg epoch train. time: 0.0 hours, 0.0 minutes, 0.5371757298707962 seconds
Avg batch train. time: 0.015799286172670478 seconds
Avg sample train. time: 0.00198219826520589 seconds
Evaluating on validation set ...
Validation runtime: 0.0 hours, 0.0 minutes, 0.019566059112548828 seconds

Avg val. time: 0.0 hours, 0.0 minutes, 0.06312191486358643 seconds
Avg batch val. time: 0.015780478715896606 seconds
Avg sample val. time: 0.002036190802051175 seconds
Epoch 16 Validation Summary: epoch: 16.000000 | loss: 1.512850 | accuracy: 0.322581 | precision: 0.394009 | 
Epoch 17 Training Summary: epoch: 17.000000 | loss: 0.776855 | 
Epoch runtime: 0.0 hours, 0.0 minutes, 0.528904914855957 seconds

Avg epoch train. time: 0.0 hours, 0.0 minutes, 0.5366892113405115 seconds
Avg batch train. time: 0.01578497680413269 seconds
Avg sample train. time: 0.001980402993876426 seconds
Epoch 18 Training Summary: epoch: 18.000000 | loss: 0.699016 | 
Epoch runtime: 0.0 hours, 0.0 minutes, 0.5044150352478027 seconds

Avg epoch train. time: 0.0 hours, 0.0 minutes, 0.5348962015575833 seconds
Avg batch train. time: 0.015732241222281864 seconds
Avg sample train. time: 0.0019737867216146985 seconds
Evaluating on validation set ...
Validation runtime: 0.0 hours, 0.0 minutes, 0.02354884147644043 seconds

Avg val. time: 0.0 hours, 0.0 minutes, 0.059524362737482246 seconds
Avg batch val. time: 0.014881090684370562 seconds
Avg sample val. time: 0.0019201407334671692 seconds
Epoch 18 Validation Summary: epoch: 18.000000 | loss: 1.693083 | accuracy: 0.419355 | precision: 0.346774 | 
Epoch 19 Training Summary: epoch: 19.000000 | loss: 0.642248 | 
Epoch runtime: 0.0 hours, 0.0 minutes, 0.5222303867340088 seconds

Avg epoch train. time: 0.0 hours, 0.0 minutes, 0.5342295797247636 seconds
Avg batch train. time: 0.015712634697787164 seconds
Avg sample train. time: 0.001971326862453002 seconds
Epoch 20 Training Summary: epoch: 20.000000 | loss: 0.639285 | 
Epoch runtime: 0.0 hours, 0.0 minutes, 0.49434328079223633 seconds

Avg epoch train. time: 0.0 hours, 0.0 minutes, 0.5322352647781372 seconds
Avg batch train. time: 0.015653978375827566 seconds
Avg sample train. time: 0.0019639677667089932 seconds
Evaluating on validation set ...
Validation runtime: 0.0 hours, 0.0 minutes, 0.02215719223022461 seconds

Avg val. time: 0.0 hours, 0.0 minutes, 0.05641043186187744 seconds
Avg batch val. time: 0.01410260796546936 seconds
Avg sample val. time: 0.0018196913503831433 seconds
Epoch 20 Validation Summary: epoch: 20.000000 | loss: 1.772908 | accuracy: 0.354839 | precision: 0.378187 | 
Epoch 21 Training Summary: epoch: 21.000000 | loss: 0.638197 | 
Epoch runtime: 0.0 hours, 0.0 minutes, 0.5335168838500977 seconds

Avg epoch train. time: 0.0 hours, 0.0 minutes, 0.5322962942577544 seconds
Avg batch train. time: 0.015655773360522186 seconds
Avg sample train. time: 0.001964192967740791 seconds
Epoch 22 Training Summary: epoch: 22.000000 | loss: 0.527209 | 
Epoch runtime: 0.0 hours, 0.0 minutes, 0.47002601623535156 seconds

Avg epoch train. time: 0.0 hours, 0.0 minutes, 0.5294658270749178 seconds
Avg batch train. time: 0.015572524325732877 seconds
Avg sample train. time: 0.001953748439390841 seconds
Evaluating on validation set ...
Validation runtime: 0.0 hours, 0.0 minutes, 0.020331382751464844 seconds

Avg val. time: 0.0 hours, 0.0 minutes, 0.0536351203918457 seconds
Avg batch val. time: 0.013408780097961426 seconds
Avg sample val. time: 0.0017301651739305066 seconds
Epoch 22 Validation Summary: epoch: 22.000000 | loss: 1.881967 | accuracy: 0.419355 | precision: 0.387097 | 
Epoch 23 Training Summary: epoch: 23.000000 | loss: 0.447468 | 
Epoch runtime: 0.0 hours, 0.0 minutes, 0.46990346908569336 seconds

Avg epoch train. time: 0.0 hours, 0.0 minutes, 0.526876159336256 seconds
Avg batch train. time: 0.015496357627536941 seconds
Avg sample train. time: 0.0019441924698754833 seconds
Epoch 24 Training Summary: epoch: 24.000000 | loss: 0.464901 | 
Epoch runtime: 0.0 hours, 0.0 minutes, 0.491657018661499 seconds

Avg epoch train. time: 0.0 hours, 0.0 minutes, 0.5254086951414744 seconds
Avg batch train. time: 0.015453196915925716 seconds
Avg sample train. time: 0.001938777472846769 seconds
Evaluating on validation set ...
Validation runtime: 0.0 hours, 0.0 minutes, 0.020119190216064453 seconds

Avg val. time: 0.0 hours, 0.0 minutes, 0.0512411253792899 seconds
Avg batch val. time: 0.012810281344822474 seconds
Avg sample val. time: 0.0016529395283641903 seconds
Epoch 24 Validation Summary: epoch: 24.000000 | loss: 1.966208 | accuracy: 0.354839 | precision: 0.348541 | 
Epoch 25 Training Summary: epoch: 25.000000 | loss: 0.459851 | 
Epoch runtime: 0.0 hours, 0.0 minutes, 0.514392614364624 seconds

Avg epoch train. time: 0.0 hours, 0.0 minutes, 0.5249680519104004 seconds
Avg batch train. time: 0.01544023682089413 seconds
Avg sample train. time: 0.0019371514830642082 seconds
Epoch 26 Training Summary: epoch: 26.000000 | loss: 0.398789 | 
Epoch runtime: 0.0 hours, 0.0 minutes, 0.512547492980957 seconds

Avg epoch train. time: 0.0 hours, 0.0 minutes, 0.5244903381054218 seconds
Avg batch train. time: 0.015426186414865347 seconds
Avg sample train. time: 0.0019353887014960213 seconds
Evaluating on validation set ...
Validation runtime: 0.0 hours, 0.0 minutes, 0.021351337432861328 seconds

Avg val. time: 0.0 hours, 0.0 minutes, 0.049248472849528 seconds
Avg batch val. time: 0.012312118212382 seconds
Avg sample val. time: 0.0015886604145009032 seconds
Epoch 26 Validation Summary: epoch: 26.000000 | loss: 2.143760 | accuracy: 0.451613 | precision: 0.405914 | 
Epoch 27 Training Summary: epoch: 27.000000 | loss: 0.431790 | 
Epoch runtime: 0.0 hours, 0.0 minutes, 0.46804118156433105 seconds

Avg epoch train. time: 0.0 hours, 0.0 minutes, 0.5223996286038999 seconds
Avg batch train. time: 0.015364694958938233 seconds
Avg sample train. time: 0.0019276739062874535 seconds
Epoch 28 Training Summary: epoch: 28.000000 | loss: 0.360052 | 
Epoch runtime: 0.0 hours, 0.0 minutes, 0.4466981887817383 seconds

Avg epoch train. time: 0.0 hours, 0.0 minutes, 0.5196960057531085 seconds
Avg batch train. time: 0.015285176639797308 seconds
Avg sample train. time: 0.0019176974382033524 seconds
Evaluating on validation set ...
Validation runtime: 0.0 hours, 0.0 minutes, 0.024055004119873047 seconds

Avg val. time: 0.0 hours, 0.0 minutes, 0.04767388105392456 seconds
Avg batch val. time: 0.01191847026348114 seconds
Avg sample val. time: 0.00153786713077176 seconds
Epoch 28 Validation Summary: epoch: 28.000000 | loss: 2.098763 | accuracy: 0.451613 | precision: 0.421429 | 
Epoch 29 Training Summary: epoch: 29.000000 | loss: 0.322313 | 
Epoch runtime: 0.0 hours, 0.0 minutes, 0.5649967193603516 seconds

Avg epoch train. time: 0.0 hours, 0.0 minutes, 0.5212580993257719 seconds
Avg batch train. time: 0.015331120568405058 seconds
Avg sample train. time: 0.0019234616211283098 seconds
Epoch 30 Training Summary: epoch: 30.000000 | loss: 0.330731 | 
Epoch runtime: 0.0 hours, 0.0 minutes, 0.5247597694396973 seconds

Avg epoch train. time: 0.0 hours, 0.0 minutes, 0.5213748216629028 seconds
Avg batch train. time: 0.015334553578320672 seconds
Avg sample train. time: 0.0019238923308594201 seconds
Evaluating on validation set ...
Validation runtime: 0.0 hours, 0.0 minutes, 0.017932415008544922 seconds

Avg val. time: 0.0 hours, 0.0 minutes, 0.04592438305125517 seconds
Avg batch val. time: 0.011481095762813793 seconds
Avg sample val. time: 0.001481431711330812 seconds
Epoch 30 Validation Summary: epoch: 30.000000 | loss: 2.229842 | accuracy: 0.419355 | precision: 0.346774 | 
Epoch 31 Training Summary: epoch: 31.000000 | loss: 0.329429 | 
Epoch runtime: 0.0 hours, 0.0 minutes, 0.5002033710479736 seconds

Avg epoch train. time: 0.0 hours, 0.0 minutes, 0.5206918716430664 seconds
Avg batch train. time: 0.015314466813031365 seconds
Avg sample train. time: 0.001921372220085116 seconds
Epoch 32 Training Summary: epoch: 32.000000 | loss: 0.323669 | 
Epoch runtime: 0.0 hours, 0.0 minutes, 0.5297448635101318 seconds

Avg epoch train. time: 0.0 hours, 0.0 minutes, 0.5209747776389122 seconds
Avg batch train. time: 0.015322787577615064 seconds
Avg sample train. time: 0.0019224161536491224 seconds
Evaluating on validation set ...
Validation runtime: 0.0 hours, 0.0 minutes, 0.019614696502685547 seconds

Avg val. time: 0.0 hours, 0.0 minutes, 0.04446273379855686 seconds
Avg batch val. time: 0.011115683449639214 seconds
Avg sample val. time: 0.001434281735437318 seconds
Epoch 32 Validation Summary: epoch: 32.000000 | loss: 2.201973 | accuracy: 0.419355 | precision: 0.379032 | 
Epoch 33 Training Summary: epoch: 33.000000 | loss: 0.277987 | 
Epoch runtime: 0.0 hours, 0.0 minutes, 0.4952108860015869 seconds

Avg epoch train. time: 0.0 hours, 0.0 minutes, 0.5201940536499023 seconds
Avg batch train. time: 0.01529982510735007 seconds
Avg sample train. time: 0.0019195352533206728 seconds
Epoch 34 Training Summary: epoch: 34.000000 | loss: 0.381508 | 
Epoch runtime: 0.0 hours, 0.0 minutes, 0.4667036533355713 seconds

Avg epoch train. time: 0.0 hours, 0.0 minutes, 0.5186208065818337 seconds
Avg batch train. time: 0.015253553134759816 seconds
Avg sample train. time: 0.0019137299135861022 seconds
Evaluating on validation set ...
Validation runtime: 0.0 hours, 0.0 minutes, 0.023915767669677734 seconds

Avg val. time: 0.0 hours, 0.0 minutes, 0.04338131452861585 seconds
Avg batch val. time: 0.010845328632153962 seconds
Avg sample val. time: 0.0013993972428585758 seconds
Epoch 34 Validation Summary: epoch: 34.000000 | loss: 2.070648 | accuracy: 0.483871 | precision: 0.461982 | 
Epoch 35 Training Summary: epoch: 35.000000 | loss: 0.249010 | 
Epoch runtime: 0.0 hours, 0.0 minutes, 0.4785926342010498 seconds

Avg epoch train. time: 0.0 hours, 0.0 minutes, 0.5174771445138114 seconds
Avg batch train. time: 0.0152199160151121 seconds
Avg sample train. time: 0.0019095097583535477 seconds
Epoch 36 Training Summary: epoch: 36.000000 | loss: 0.275603 | 
Epoch runtime: 0.0 hours, 0.0 minutes, 0.4419407844543457 seconds

Avg epoch train. time: 0.0 hours, 0.0 minutes, 0.5153789122899374 seconds
Avg batch train. time: 0.015158203302645216 seconds
Avg sample train. time: 0.0019017672040219091 seconds
Evaluating on validation set ...
Validation runtime: 0.0 hours, 0.0 minutes, 0.018491506576538086 seconds

Avg val. time: 0.0 hours, 0.0 minutes, 0.04213682413101196 seconds
Avg batch val. time: 0.01053420603275299 seconds
Avg sample val. time: 0.0013592523913229665 seconds
Epoch 36 Validation Summary: epoch: 36.000000 | loss: 2.586474 | accuracy: 0.419355 | precision: 0.384409 | 
Epoch 37 Training Summary: epoch: 37.000000 | loss: 0.236286 | 
Epoch runtime: 0.0 hours, 0.0 minutes, 0.5096979141235352 seconds

Avg epoch train. time: 0.0 hours, 0.0 minutes, 0.5152253717989534 seconds
Avg batch train. time: 0.015153687405851572 seconds
Avg sample train. time: 0.0019012006339444777 seconds
Epoch 38 Training Summary: epoch: 38.000000 | loss: 0.268115 | 
Epoch runtime: 0.0 hours, 0.0 minutes, 0.4970829486846924 seconds

Avg epoch train. time: 0.0 hours, 0.0 minutes, 0.5147479396117361 seconds
Avg batch train. time: 0.015139645282698122 seconds
Avg sample train. time: 0.001899438891556222 seconds
Evaluating on validation set ...
Validation runtime: 0.0 hours, 0.0 minutes, 0.0212252140045166 seconds

Avg val. time: 0.0 hours, 0.0 minutes, 0.04114103317260742 seconds
Avg batch val. time: 0.010285258293151855 seconds
Avg sample val. time: 0.0013271301023421748 seconds
Epoch 38 Validation Summary: epoch: 38.000000 | loss: 2.828960 | accuracy: 0.322581 | precision: 0.338731 | 
Epoch 39 Training Summary: epoch: 39.000000 | loss: 0.245505 | 
Epoch runtime: 0.0 hours, 0.0 minutes, 0.46246862411499023 seconds

Avg epoch train. time: 0.0 hours, 0.0 minutes, 0.5134074443425888 seconds
Avg batch train. time: 0.015100218951252612 seconds
Avg sample train. time: 0.001894492414548298 seconds
Epoch 40 Training Summary: epoch: 40.000000 | loss: 0.221982 | 
Epoch runtime: 0.0 hours, 0.0 minutes, 0.4740943908691406 seconds

Avg epoch train. time: 0.0 hours, 0.0 minutes, 0.5124246180057526 seconds
Avg batch train. time: 0.01507131229428684 seconds
Avg sample train. time: 0.001890865749098718 seconds
Evaluating on validation set ...
Validation runtime: 0.0 hours, 0.0 minutes, 0.021389007568359375 seconds

Avg val. time: 0.0 hours, 0.0 minutes, 0.040243213826959785 seconds
Avg batch val. time: 0.010060803456739946 seconds
Avg sample val. time: 0.0012981681879664446 seconds
Epoch 40 Validation Summary: epoch: 40.000000 | loss: 2.518836 | accuracy: 0.419355 | precision: 0.391398 | 
Best accuracy was 0.5483870967741935. Other metrics: OrderedDict([('epoch', 10), ('loss', 1.3473822685980028), ('accuracy', 0.5483870967741935), ('precision', 0.6069892473118279)])
All Done!
Total runtime: 0.0 hours, 0.0 minutes, 36.72675037384033 seconds

