Running:
src/main_5q.py --output_dir experiments --comment classification from Scratch --name VRS_fromScratch --records_file VRS_records.xls --data_dir /mnt/d/OneDrive - Southern Methodist University/Phone_Privacy/input_feature/all_processpos_nonorm_downsample_480p_s22 --data_class vrs --val_ratio 0.1 --epochs 40 --lr 0.001 --dropout 0.2 --batch_size 8 --num_layers 3 --num_heads 4 --optimizer RAdam --pos_encoding learnable --task classification --normalization none --key_metric accuracy

Using device: cuda
Loading and preprocessing data ...
271 samples may be used for training
31 samples will be used for validation
0 samples will be used for testing
Creating model ...
Model:
TSTransformerEncoderClassiregressor(
  (project_inp): Linear(in_features=39, out_features=64, bias=True)
  (pos_enc): LearnablePositionalEncoding(
    (dropout): Dropout(p=0.2, inplace=False)
  )
  (transformer_encoder): TransformerEncoder(
    (layers): ModuleList(
      (0-2): 3 x TransformerBatchNormEncoderLayer(
        (self_attn): MultiheadAttention(
          (out_proj): NonDynamicallyQuantizableLinear(in_features=64, out_features=64, bias=True)
        )
        (linear1): Linear(in_features=64, out_features=256, bias=True)
        (dropout): Dropout(p=0.2, inplace=False)
        (linear2): Linear(in_features=256, out_features=64, bias=True)
        (norm1): BatchNorm1d(64, eps=1e-05, momentum=0.1, affine=True, track_running_stats=True)
        (norm2): BatchNorm1d(64, eps=1e-05, momentum=0.1, affine=True, track_running_stats=True)
        (dropout1): Dropout(p=0.2, inplace=False)
        (dropout2): Dropout(p=0.2, inplace=False)
      )
    )
  )
  (dropout1): Dropout(p=0.2, inplace=False)
  (output_layer): Linear(in_features=5120, out_features=5, bias=True)
)
Total number of parameters: 183237
Trainable parameters: 183237
Evaluating on validation set ...
Validation runtime: 0.0 hours, 0.0 minutes, 0.23015213012695312 seconds

Avg val. time: 0.0 hours, 0.0 minutes, 0.23015213012695312 seconds
Avg batch val. time: 0.05753803253173828 seconds
Avg sample val. time: 0.007424262262159778 seconds
Epoch 0 Validation Summary: epoch: 0.000000 | loss: 11.665253 | accuracy: 0.193548 | precision: 0.223117 | 
Starting training...
Epoch 1 Training Summary: epoch: 1.000000 | loss: 1.656095 | 
Epoch runtime: 0.0 hours, 0.0 minutes, 0.4232642650604248 seconds

Avg epoch train. time: 0.0 hours, 0.0 minutes, 0.4232642650604248 seconds
Avg batch train. time: 0.012448948972365436 seconds
Avg sample train. time: 0.0015618607566805344 seconds
Evaluating on validation set ...
Validation runtime: 0.0 hours, 0.0 minutes, 0.01451730728149414 seconds

Avg val. time: 0.0 hours, 0.0 minutes, 0.12233471870422363 seconds
Avg batch val. time: 0.030583679676055908 seconds
Avg sample val. time: 0.003946281248523343 seconds
Epoch 1 Validation Summary: epoch: 1.000000 | loss: 1.625718 | accuracy: 0.258065 | precision: 0.284653 | 
Epoch 2 Training Summary: epoch: 2.000000 | loss: 1.696127 | 
Epoch runtime: 0.0 hours, 0.0 minutes, 0.30561208724975586 seconds

Avg epoch train. time: 0.0 hours, 0.0 minutes, 0.36443817615509033 seconds
Avg batch train. time: 0.010718769886914422 seconds
Avg sample train. time: 0.0013447903179154624 seconds
Evaluating on validation set ...
Validation runtime: 0.0 hours, 0.0 minutes, 0.013971567153930664 seconds

Avg val. time: 0.0 hours, 0.0 minutes, 0.0862136681874593 seconds
Avg batch val. time: 0.021553417046864826 seconds
Avg sample val. time: 0.0027810860705632036 seconds
Epoch 2 Validation Summary: epoch: 2.000000 | loss: 1.630399 | accuracy: 0.129032 | precision: 0.199309 | 
Epoch 3 Training Summary: epoch: 3.000000 | loss: 1.660806 | 
Epoch runtime: 0.0 hours, 0.0 minutes, 0.3285808563232422 seconds

Avg epoch train. time: 0.0 hours, 0.0 minutes, 0.35248573621114093 seconds
Avg batch train. time: 0.010367227535621791 seconds
Avg sample train. time: 0.0013006853734728449 seconds
Epoch 4 Training Summary: epoch: 4.000000 | loss: 1.655610 | 
Epoch runtime: 0.0 hours, 0.0 minutes, 0.3074033260345459 seconds

Avg epoch train. time: 0.0 hours, 0.0 minutes, 0.3412151336669922 seconds
Avg batch train. time: 0.01003573922549977 seconds
Avg sample train. time: 0.0012590964341955431 seconds
Evaluating on validation set ...
Validation runtime: 0.0 hours, 0.0 minutes, 0.01393747329711914 seconds

Avg val. time: 0.0 hours, 0.0 minutes, 0.06814461946487427 seconds
Avg batch val. time: 0.017036154866218567 seconds
Avg sample val. time: 0.0021982135311249765 seconds
Epoch 4 Validation Summary: epoch: 4.000000 | loss: 1.607506 | accuracy: 0.096774 | precision: 0.078259 | 
Epoch 5 Training Summary: epoch: 5.000000 | loss: 1.636461 | 
Epoch runtime: 0.0 hours, 0.0 minutes, 0.3485414981842041 seconds

Avg epoch train. time: 0.0 hours, 0.0 minutes, 0.3426804065704346 seconds
Avg batch train. time: 0.010078835487365724 seconds
Avg sample train. time: 0.0012645033452783564 seconds
Epoch 6 Training Summary: epoch: 6.000000 | loss: 1.610311 | 
Epoch runtime: 0.0 hours, 0.0 minutes, 0.3191850185394287 seconds

Avg epoch train. time: 0.0 hours, 0.0 minutes, 0.3387645085652669 seconds
Avg batch train. time: 0.009963662016625498 seconds
Avg sample train. time: 0.0012500535371412064 seconds
Evaluating on validation set ...
Validation runtime: 0.0 hours, 0.0 minutes, 0.014529228210449219 seconds

Avg val. time: 0.0 hours, 0.0 minutes, 0.057421541213989256 seconds
Avg batch val. time: 0.014355385303497314 seconds
Avg sample val. time: 0.0018523077810964276 seconds
Epoch 6 Validation Summary: epoch: 6.000000 | loss: 1.574559 | accuracy: 0.290323 | precision: 0.322424 | 
Epoch 7 Training Summary: epoch: 7.000000 | loss: 1.616564 | 
Epoch runtime: 0.0 hours, 0.0 minutes, 0.3197164535522461 seconds

Avg epoch train. time: 0.0 hours, 0.0 minutes, 0.3360433578491211 seconds
Avg batch train. time: 0.009883628172032973 seconds
Avg sample train. time: 0.0012400123905871626 seconds
Epoch 8 Training Summary: epoch: 8.000000 | loss: 1.601076 | 
Epoch runtime: 0.0 hours, 0.0 minutes, 0.30686259269714355 seconds

Avg epoch train. time: 0.0 hours, 0.0 minutes, 0.3323957622051239 seconds
Avg batch train. time: 0.009776345947209527 seconds
Avg sample train. time: 0.0012265526280631877 seconds
Evaluating on validation set ...
Validation runtime: 0.0 hours, 0.0 minutes, 0.014806270599365234 seconds

Avg val. time: 0.0 hours, 0.0 minutes, 0.05031899611155192 seconds
Avg batch val. time: 0.01257974902788798 seconds
Avg sample val. time: 0.0016231934229532876 seconds
Epoch 8 Validation Summary: epoch: 8.000000 | loss: 1.526790 | accuracy: 0.225806 | precision: 0.170123 | 
Epoch 9 Training Summary: epoch: 9.000000 | loss: 1.509292 | 
Epoch runtime: 0.0 hours, 0.0 minutes, 0.2930779457092285 seconds

Avg epoch train. time: 0.0 hours, 0.0 minutes, 0.3280271159278022 seconds
Avg batch train. time: 0.009647856350817711 seconds
Avg sample train. time: 0.0012104321620952112 seconds
Epoch 10 Training Summary: epoch: 10.000000 | loss: 1.522812 | 
Epoch runtime: 0.0 hours, 0.0 minutes, 0.3255751132965088 seconds

Avg epoch train. time: 0.0 hours, 0.0 minutes, 0.32778191566467285 seconds
Avg batch train. time: 0.00964064457837273 seconds
Avg sample train. time: 0.0012095273640762836 seconds
Evaluating on validation set ...
Validation runtime: 0.0 hours, 0.0 minutes, 0.016335487365722656 seconds

Avg val. time: 0.0 hours, 0.0 minutes, 0.04546420914786203 seconds
Avg batch val. time: 0.011366052286965507 seconds
Avg sample val. time: 0.001466587391866517 seconds
Epoch 10 Validation Summary: epoch: 10.000000 | loss: 1.521495 | accuracy: 0.225806 | precision: 0.263134 | 
Epoch 11 Training Summary: epoch: 11.000000 | loss: 1.468754 | 
Epoch runtime: 0.0 hours, 0.0 minutes, 0.31627440452575684 seconds

Avg epoch train. time: 0.0 hours, 0.0 minutes, 0.3267357782884078 seconds
Avg batch train. time: 0.009609875832011993 seconds
Avg sample train. time: 0.0012056670785550103 seconds
Epoch 12 Training Summary: epoch: 12.000000 | loss: 1.430542 | 
Epoch runtime: 0.0 hours, 0.0 minutes, 0.3140885829925537 seconds

Avg epoch train. time: 0.0 hours, 0.0 minutes, 0.3256818453470866 seconds
Avg batch train. time: 0.009578877804326077 seconds
Avg sample train. time: 0.0012017780271110206 seconds
Evaluating on validation set ...
Validation runtime: 0.0 hours, 0.0 minutes, 0.0161588191986084 seconds

Avg val. time: 0.0 hours, 0.0 minutes, 0.04180103540420532 seconds
Avg batch val. time: 0.01045025885105133 seconds
Avg sample val. time: 0.0013484204969098491 seconds
Epoch 12 Validation Summary: epoch: 12.000000 | loss: 1.531363 | accuracy: 0.354839 | precision: 0.288527 | 
Epoch 13 Training Summary: epoch: 13.000000 | loss: 1.318090 | 
Epoch runtime: 0.0 hours, 0.0 minutes, 0.30019450187683105 seconds

Avg epoch train. time: 0.0 hours, 0.0 minutes, 0.32372128046475923 seconds
Avg batch train. time: 0.009521214131316447 seconds
Avg sample train. time: 0.001194543470349665 seconds
Epoch 14 Training Summary: epoch: 14.000000 | loss: 1.384809 | 
Epoch runtime: 0.0 hours, 0.0 minutes, 0.29889559745788574 seconds

Avg epoch train. time: 0.0 hours, 0.0 minutes, 0.3219480173928397 seconds
Avg batch train. time: 0.00946905933508352 seconds
Avg sample train. time: 0.0011880000641802202 seconds
Evaluating on validation set ...
Validation runtime: 0.0 hours, 0.0 minutes, 0.013940572738647461 seconds

Avg val. time: 0.0 hours, 0.0 minutes, 0.03870542844136556 seconds
Avg batch val. time: 0.00967635711034139 seconds
Avg sample val. time: 0.0012485622077859858 seconds
Epoch 14 Validation Summary: epoch: 14.000000 | loss: 1.363889 | accuracy: 0.419355 | precision: 0.447005 | 
Epoch 15 Training Summary: epoch: 15.000000 | loss: 1.323802 | 
Epoch runtime: 0.0 hours, 0.0 minutes, 0.3685126304626465 seconds

Avg epoch train. time: 0.0 hours, 0.0 minutes, 0.3250523249308268 seconds
Avg batch train. time: 0.009560362497965495 seconds
Avg sample train. time: 0.0011994550735454864 seconds
Epoch 16 Training Summary: epoch: 16.000000 | loss: 1.348375 | 
Epoch runtime: 0.0 hours, 0.0 minutes, 0.3289451599121094 seconds

Avg epoch train. time: 0.0 hours, 0.0 minutes, 0.325295627117157 seconds
Avg batch train. time: 0.009567518444622265 seconds
Avg sample train. time: 0.0012003528675909852 seconds
Evaluating on validation set ...
Validation runtime: 0.0 hours, 0.0 minutes, 0.015127182006835938 seconds

Avg val. time: 0.0 hours, 0.0 minutes, 0.036347603797912596 seconds
Avg batch val. time: 0.009086900949478149 seconds
Avg sample val. time: 0.0011725033483197611 seconds
Epoch 16 Validation Summary: epoch: 16.000000 | loss: 1.385046 | accuracy: 0.419355 | precision: 0.445699 | 
Epoch 17 Training Summary: epoch: 17.000000 | loss: 1.321481 | 
Epoch runtime: 0.0 hours, 0.0 minutes, 0.32698655128479004 seconds

Avg epoch train. time: 0.0 hours, 0.0 minutes, 0.3253950932446648 seconds
Avg batch train. time: 0.00957044391896073 seconds
Avg sample train. time: 0.0012007199012718259 seconds
Epoch 18 Training Summary: epoch: 18.000000 | loss: 1.242925 | 
Epoch runtime: 0.0 hours, 0.0 minutes, 0.3078484535217285 seconds

Avg epoch train. time: 0.0 hours, 0.0 minutes, 0.3244202799267239 seconds
Avg batch train. time: 0.009541772939021292 seconds
Avg sample train. time: 0.0011971228041576527 seconds
Evaluating on validation set ...
Validation runtime: 0.0 hours, 0.0 minutes, 0.015778303146362305 seconds

Avg val. time: 0.0 hours, 0.0 minutes, 0.03447766737504439 seconds
Avg batch val. time: 0.008619416843761097 seconds
Avg sample val. time: 0.001112182818549819 seconds
Epoch 18 Validation Summary: epoch: 18.000000 | loss: 1.397370 | accuracy: 0.419355 | precision: 0.421198 | 
Epoch 19 Training Summary: epoch: 19.000000 | loss: 1.225096 | 
Epoch runtime: 0.0 hours, 0.0 minutes, 0.3092217445373535 seconds

Avg epoch train. time: 0.0 hours, 0.0 minutes, 0.3236203570114939 seconds
Avg batch train. time: 0.009518245794455702 seconds
Avg sample train. time: 0.0011941710590830032 seconds
Epoch 20 Training Summary: epoch: 20.000000 | loss: 1.256197 | 
Epoch runtime: 0.0 hours, 0.0 minutes, 0.3199763298034668 seconds

Avg epoch train. time: 0.0 hours, 0.0 minutes, 0.3234381556510925 seconds
Avg batch train. time: 0.009512886930914486 seconds
Avg sample train. time: 0.0011934987293398247 seconds
Evaluating on validation set ...
Validation runtime: 0.0 hours, 0.0 minutes, 0.014828681945800781 seconds

Avg val. time: 0.0 hours, 0.0 minutes, 0.03284025192260742 seconds
Avg batch val. time: 0.008210062980651855 seconds
Avg sample val. time: 0.0010593629652454006 seconds
Epoch 20 Validation Summary: epoch: 20.000000 | loss: 1.449783 | accuracy: 0.354839 | precision: 0.188308 | 
Epoch 21 Training Summary: epoch: 21.000000 | loss: 1.193045 | 
Epoch runtime: 0.0 hours, 0.0 minutes, 0.28798389434814453 seconds

Avg epoch train. time: 0.0 hours, 0.0 minutes, 0.3217498574938093 seconds
Avg batch train. time: 0.009463231102759097 seconds
Avg sample train. time: 0.0011872688468406248 seconds
Epoch 22 Training Summary: epoch: 22.000000 | loss: 1.146488 | 
Epoch runtime: 0.0 hours, 0.0 minutes, 0.3162822723388672 seconds

Avg epoch train. time: 0.0 hours, 0.0 minutes, 0.32150133089585736 seconds
Avg batch train. time: 0.009455921496936982 seconds
Avg sample train. time: 0.0011863517745234588 seconds
Evaluating on validation set ...
Validation runtime: 0.0 hours, 0.0 minutes, 0.013700485229492188 seconds

Avg val. time: 0.0 hours, 0.0 minutes, 0.03136796217698317 seconds
Avg batch val. time: 0.007841990544245793 seconds
Avg sample val. time: 0.0010118697476446184 seconds
Epoch 22 Validation Summary: epoch: 22.000000 | loss: 1.252619 | accuracy: 0.419355 | precision: 0.342550 | 
Epoch 23 Training Summary: epoch: 23.000000 | loss: 1.114632 | 
Epoch runtime: 0.0 hours, 0.0 minutes, 0.2831735610961914 seconds

Avg epoch train. time: 0.0 hours, 0.0 minutes, 0.31983490612195886 seconds
Avg batch train. time: 0.009406909003587025 seconds
Avg sample train. time: 0.0011802026056160844 seconds
Epoch 24 Training Summary: epoch: 24.000000 | loss: 1.137576 | 
Epoch runtime: 0.0 hours, 0.0 minutes, 0.29179811477661133 seconds

Avg epoch train. time: 0.0 hours, 0.0 minutes, 0.3186667064825694 seconds
Avg batch train. time: 0.009372550190663806 seconds
Avg sample train. time: 0.0011758919058397395 seconds
Evaluating on validation set ...
Validation runtime: 0.0 hours, 0.0 minutes, 0.013629674911499023 seconds

Avg val. time: 0.0 hours, 0.0 minutes, 0.03010094165802002 seconds
Avg batch val. time: 0.007525235414505005 seconds
Avg sample val. time: 0.0009709981180006458 seconds
Epoch 24 Validation Summary: epoch: 24.000000 | loss: 1.353254 | accuracy: 0.354839 | precision: 0.333333 | 
Epoch 25 Training Summary: epoch: 25.000000 | loss: 1.107464 | 
Epoch runtime: 0.0 hours, 0.0 minutes, 0.31026315689086914 seconds

Avg epoch train. time: 0.0 hours, 0.0 minutes, 0.31833056449890135 seconds
Avg batch train. time: 0.009362663661732393 seconds
Avg sample train. time: 0.001174651529516241 seconds
Epoch 26 Training Summary: epoch: 26.000000 | loss: 1.091342 | 
Epoch runtime: 0.0 hours, 0.0 minutes, 0.31618618965148926 seconds

Avg epoch train. time: 0.0 hours, 0.0 minutes, 0.31824808854323167 seconds
Avg batch train. time: 0.009360237898330343 seconds
Avg sample train. time: 0.0011743471901964268 seconds
Evaluating on validation set ...
Validation runtime: 0.0 hours, 0.0 minutes, 0.013778448104858398 seconds

Avg val. time: 0.0 hours, 0.0 minutes, 0.029012775421142577 seconds
Avg batch val. time: 0.007253193855285644 seconds
Avg sample val. time: 0.0009358959813271798 seconds
Epoch 26 Validation Summary: epoch: 26.000000 | loss: 1.480004 | accuracy: 0.322581 | precision: 0.301075 | 
Epoch 27 Training Summary: epoch: 27.000000 | loss: 1.068339 | 
Epoch runtime: 0.0 hours, 0.0 minutes, 0.317887544631958 seconds

Avg epoch train. time: 0.0 hours, 0.0 minutes, 0.31823473506503636 seconds
Avg batch train. time: 0.009359845148971658 seconds
Avg sample train. time: 0.0011742979153691378 seconds
Epoch 28 Training Summary: epoch: 28.000000 | loss: 1.023191 | 
Epoch runtime: 0.0 hours, 0.0 minutes, 0.30719614028930664 seconds

Avg epoch train. time: 0.0 hours, 0.0 minutes, 0.31784049953733173 seconds
Avg batch train. time: 0.00934824998639211 seconds
Avg sample train. time: 0.0011728431717244713 seconds
Evaluating on validation set ...
Validation runtime: 0.0 hours, 0.0 minutes, 0.013870000839233398 seconds

Avg val. time: 0.0 hours, 0.0 minutes, 0.028066352009773254 seconds
Avg batch val. time: 0.007016588002443314 seconds
Avg sample val. time: 0.0009053661938636533 seconds
Epoch 28 Validation Summary: epoch: 28.000000 | loss: 1.476938 | accuracy: 0.354839 | precision: 0.278270 | 
Epoch 29 Training Summary: epoch: 29.000000 | loss: 0.977924 | 
Epoch runtime: 0.0 hours, 0.0 minutes, 0.31148767471313477 seconds

Avg epoch train. time: 0.0 hours, 0.0 minutes, 0.3176214366123594 seconds
Avg batch train. time: 0.009341806959187042 seconds
Avg sample train. time: 0.0011720348214478208 seconds
Epoch 30 Training Summary: epoch: 30.000000 | loss: 0.941369 | 
Epoch runtime: 0.0 hours, 0.0 minutes, 0.29547572135925293 seconds

Avg epoch train. time: 0.0 hours, 0.0 minutes, 0.31688324610392254 seconds
Avg batch train. time: 0.00932009547364478 seconds
Avg sample train. time: 0.0011693108712321864 seconds
Evaluating on validation set ...
Validation runtime: 0.0 hours, 0.0 minutes, 0.013633012771606445 seconds

Avg val. time: 0.0 hours, 0.0 minutes, 0.02721733205458697 seconds
Avg batch val. time: 0.006804333013646743 seconds
Avg sample val. time: 0.0008779784533737733 seconds
Epoch 30 Validation Summary: epoch: 30.000000 | loss: 1.356410 | accuracy: 0.322581 | precision: 0.381874 | 
Epoch 31 Training Summary: epoch: 31.000000 | loss: 0.941831 | 
Epoch runtime: 0.0 hours, 0.0 minutes, 0.29118895530700684 seconds

Avg epoch train. time: 0.0 hours, 0.0 minutes, 0.31605439801369944 seconds
Avg batch train. time: 0.009295717588638218 seconds
Avg sample train. time: 0.0011662523911944629 seconds
Epoch 32 Training Summary: epoch: 32.000000 | loss: 0.838248 | 
Epoch runtime: 0.0 hours, 0.0 minutes, 0.3265104293823242 seconds

Avg epoch train. time: 0.0 hours, 0.0 minutes, 0.31638114899396896 seconds
Avg batch train. time: 0.009305327911587322 seconds
Avg sample train. time: 0.0011674581143688893 seconds
Evaluating on validation set ...
Validation runtime: 0.0 hours, 0.0 minutes, 0.01641058921813965 seconds

Avg val. time: 0.0 hours, 0.0 minutes, 0.02661695745256212 seconds
Avg batch val. time: 0.00665423936314053 seconds
Avg sample val. time: 0.0008586115307278103 seconds
Epoch 32 Validation Summary: epoch: 32.000000 | loss: 1.374198 | accuracy: 0.387097 | precision: 0.354490 | 
Epoch 33 Training Summary: epoch: 33.000000 | loss: 0.913074 | 
Epoch runtime: 0.0 hours, 0.0 minutes, 0.31853508949279785 seconds

Avg epoch train. time: 0.0 hours, 0.0 minutes, 0.3164464199181759 seconds
Avg batch train. time: 0.009307247644652232 seconds
Avg sample train. time: 0.001167698966487734 seconds
Epoch 34 Training Summary: epoch: 34.000000 | loss: 1.036184 | 
Epoch runtime: 0.0 hours, 0.0 minutes, 0.3312201499938965 seconds

Avg epoch train. time: 0.0 hours, 0.0 minutes, 0.3168809413909912 seconds
Avg batch train. time: 0.00932002768797033 seconds
Avg sample train. time: 0.001169302366756425 seconds
Evaluating on validation set ...
Validation runtime: 0.0 hours, 0.0 minutes, 0.016318559646606445 seconds

Avg val. time: 0.0 hours, 0.0 minutes, 0.026074936515406558 seconds
Avg batch val. time: 0.006518734128851639 seconds
Avg sample val. time: 0.0008411269843679535 seconds
Epoch 34 Validation Summary: epoch: 34.000000 | loss: 1.421486 | accuracy: 0.322581 | precision: 0.297235 | 
Epoch 35 Training Summary: epoch: 35.000000 | loss: 0.866082 | 
Epoch runtime: 0.0 hours, 0.0 minutes, 0.3144237995147705 seconds

Avg epoch train. time: 0.0 hours, 0.0 minutes, 0.3168107373373849 seconds
Avg batch train. time: 0.009317962862864262 seconds
Avg sample train. time: 0.0011690433112080624 seconds
Epoch 36 Training Summary: epoch: 36.000000 | loss: 0.937136 | 
Epoch runtime: 0.0 hours, 0.0 minutes, 0.30344414710998535 seconds

Avg epoch train. time: 0.0 hours, 0.0 minutes, 0.3164394431644016 seconds
Avg batch train. time: 0.009307042446011812 seconds
Avg sample train. time: 0.001167673222008862 seconds
Evaluating on validation set ...
Validation runtime: 0.0 hours, 0.0 minutes, 0.014807462692260742 seconds

Avg val. time: 0.0 hours, 0.0 minutes, 0.025511562824249268 seconds
Avg batch val. time: 0.006377890706062317 seconds
Avg sample val. time: 0.0008229536394919119 seconds
Epoch 36 Validation Summary: epoch: 36.000000 | loss: 1.725191 | accuracy: 0.483871 | precision: 0.392473 | 
Epoch 37 Training Summary: epoch: 37.000000 | loss: 0.882887 | 
Epoch runtime: 0.0 hours, 0.0 minutes, 0.30057716369628906 seconds

Avg epoch train. time: 0.0 hours, 0.0 minutes, 0.3160107329085067 seconds
Avg batch train. time: 0.009294433320838432 seconds
Avg sample train. time: 0.001166091265345043 seconds
Epoch 38 Training Summary: epoch: 38.000000 | loss: 0.781023 | 
Epoch runtime: 0.0 hours, 0.0 minutes, 0.3115696907043457 seconds

Avg epoch train. time: 0.0 hours, 0.0 minutes, 0.3158938633768182 seconds
Avg batch train. time: 0.009290995981671123 seconds
Avg sample train. time: 0.0011656600124605838 seconds
Evaluating on validation set ...
Validation runtime: 0.0 hours, 0.0 minutes, 0.015352249145507812 seconds

Avg val. time: 0.0 hours, 0.0 minutes, 0.025027785982404436 seconds
Avg batch val. time: 0.006256946495601109 seconds
Avg sample val. time: 0.0008073479349162721 seconds
Epoch 38 Validation Summary: epoch: 38.000000 | loss: 1.452580 | accuracy: 0.322581 | precision: 0.325220 | 
Epoch 39 Training Summary: epoch: 39.000000 | loss: 0.761817 | 
Epoch runtime: 0.0 hours, 0.0 minutes, 0.3046741485595703 seconds

Avg epoch train. time: 0.0 hours, 0.0 minutes, 0.3156061783815042 seconds
Avg batch train. time: 0.009282534658279535 seconds
Avg sample train. time: 0.0011645984442121926 seconds
Epoch 40 Training Summary: epoch: 40.000000 | loss: 0.907033 | 
Epoch runtime: 0.0 hours, 0.0 minutes, 0.28081417083740234 seconds

Avg epoch train. time: 0.0 hours, 0.0 minutes, 0.3147363781929016 seconds
Avg batch train. time: 0.009256952299791224 seconds
Avg sample train. time: 0.0011613888494203012 seconds
Evaluating on validation set ...
Validation runtime: 0.0 hours, 0.0 minutes, 0.013814449310302734 seconds

Avg val. time: 0.0 hours, 0.0 minutes, 0.024518088860945267 seconds
Avg batch val. time: 0.006129522215236317 seconds
Avg sample val. time: 0.000790906092288557 seconds
Epoch 40 Validation Summary: epoch: 40.000000 | loss: 1.498817 | accuracy: 0.225806 | precision: 0.258065 | 
Best accuracy was 0.4838709677419355. Other metrics: OrderedDict([('epoch', 36), ('loss', 1.7251913624425088), ('accuracy', 0.4838709677419355), ('precision', 0.3924731182795699)])
All Done!
Total runtime: 0.0 hours, 0.0 minutes, 19.82693576812744 seconds

