Running:
src/main_crosssetting.py --output_dir experiments --target_user ZeyuZoom --user_othersetting Zeyu --comment classification from Scratch --name VRS_fromScratch --records_file VRS_records.xls --data_dir /mnt/d/OneDrive - Southern Methodist University/Phone_Privacy/input_feature/opticalflow_22_downsample_480p_s22 --test_data_dir /mnt/d/OneDrive - Southern Methodist University/Phone_Privacy/input_feature/opticalflow_22_downsample_480p_s22 --data_class vrs --val_ratio 0.1 --epochs 40 --lr 0.001 --dropout 0.2 --batch_size 8 --num_layers 3 --num_heads 4 --optimizer RAdam --pos_encoding learnable --task classification --normalization none --key_metric accuracy

Using device: cuda
Loading and preprocessing data ...
67 samples may be used for training
8 samples will be used for validation
0 samples will be used for testing
Creating model ...
Model:
TSTransformerEncoderClassiregressor(
  (project_inp): Linear(in_features=8, out_features=64, bias=True)
  (pos_enc): LearnablePositionalEncoding(
    (dropout): Dropout(p=0.2, inplace=False)
  )
  (transformer_encoder): TransformerEncoder(
    (layers): ModuleList(
      (0-2): 3 x TransformerBatchNormEncoderLayer(
        (self_attn): MultiheadAttention(
          (out_proj): NonDynamicallyQuantizableLinear(in_features=64, out_features=64, bias=True)
        )
        (linear1): Linear(in_features=64, out_features=256, bias=True)
        (dropout): Dropout(p=0.2, inplace=False)
        (linear2): Linear(in_features=256, out_features=64, bias=True)
        (norm1): BatchNorm1d(64, eps=1e-05, momentum=0.1, affine=True, track_running_stats=True)
        (norm2): BatchNorm1d(64, eps=1e-05, momentum=0.1, affine=True, track_running_stats=True)
        (dropout1): Dropout(p=0.2, inplace=False)
        (dropout2): Dropout(p=0.2, inplace=False)
      )
    )
  )
  (dropout1): Dropout(p=0.2, inplace=False)
  (output_layer): Linear(in_features=5120, out_features=5, bias=True)
)
Total number of parameters: 181253
Trainable parameters: 181253
Evaluating on validation set ...
Validation runtime: 0.0 hours, 0.0 minutes, 0.22946548461914062 seconds

Avg val. time: 0.0 hours, 0.0 minutes, 0.22946548461914062 seconds
Avg batch val. time: 0.22946548461914062 seconds
Avg sample val. time: 0.028683185577392578 seconds
Epoch 0 Validation Summary: epoch: 0.000000 | loss: 4.512998 | accuracy: 0.250000 | precision: 0.190476 | 
Starting training...
Epoch 1 Training Summary: epoch: 1.000000 | loss: 1.727407 | 
Epoch runtime: 0.0 hours, 0.0 minutes, 0.21851277351379395 seconds

Avg epoch train. time: 0.0 hours, 0.0 minutes, 0.21851277351379395 seconds
Avg batch train. time: 0.024279197057088215 seconds
Avg sample train. time: 0.0032613846793103575 seconds
Evaluating on validation set ...
Validation runtime: 0.0 hours, 0.0 minutes, 0.006347179412841797 seconds

Avg val. time: 0.0 hours, 0.0 minutes, 0.11790633201599121 seconds
Avg batch val. time: 0.11790633201599121 seconds
Avg sample val. time: 0.014738291501998901 seconds
Epoch 1 Validation Summary: epoch: 1.000000 | loss: 1.729269 | accuracy: 0.125000 | precision: 0.166667 | 
Epoch 2 Training Summary: epoch: 2.000000 | loss: 1.629653 | 
Epoch runtime: 0.0 hours, 0.0 minutes, 0.08870649337768555 seconds

Avg epoch train. time: 0.0 hours, 0.0 minutes, 0.15360963344573975 seconds
Avg batch train. time: 0.01706773704952664 seconds
Avg sample train. time: 0.002292681096205071 seconds
Evaluating on validation set ...
Validation runtime: 0.0 hours, 0.0 minutes, 0.006239652633666992 seconds

Avg val. time: 0.0 hours, 0.0 minutes, 0.08068410555521648 seconds
Avg batch val. time: 0.08068410555521648 seconds
Avg sample val. time: 0.01008551319440206 seconds
Epoch 2 Validation Summary: epoch: 2.000000 | loss: 1.628106 | accuracy: 0.125000 | precision: 0.250000 | 
Epoch 3 Training Summary: epoch: 3.000000 | loss: 1.653763 | 
Epoch runtime: 0.0 hours, 0.0 minutes, 0.0806734561920166 seconds

Avg epoch train. time: 0.0 hours, 0.0 minutes, 0.12929757436116537 seconds
Avg batch train. time: 0.014366397151240598 seconds
Avg sample train. time: 0.0019298145427039607 seconds
Epoch 4 Training Summary: epoch: 4.000000 | loss: 1.626373 | 
Epoch runtime: 0.0 hours, 0.0 minutes, 0.08751225471496582 seconds

Avg epoch train. time: 0.0 hours, 0.0 minutes, 0.11885124444961548 seconds
Avg batch train. time: 0.013205693827735053 seconds
Avg sample train. time: 0.0017738991708897832 seconds
Evaluating on validation set ...
Validation runtime: 0.0 hours, 0.0 minutes, 0.0068628787994384766 seconds

Avg val. time: 0.0 hours, 0.0 minutes, 0.06222879886627197 seconds
Avg batch val. time: 0.06222879886627197 seconds
Avg sample val. time: 0.007778599858283997 seconds
Epoch 4 Validation Summary: epoch: 4.000000 | loss: 1.583709 | accuracy: 0.250000 | precision: 0.500000 | 
Epoch 5 Training Summary: epoch: 5.000000 | loss: 1.535199 | 
Epoch runtime: 0.0 hours, 0.0 minutes, 0.08924078941345215 seconds

Avg epoch train. time: 0.0 hours, 0.0 minutes, 0.11292915344238282 seconds
Avg batch train. time: 0.012547683715820313 seconds
Avg sample train. time: 0.0016855097528713852 seconds
Epoch 6 Training Summary: epoch: 6.000000 | loss: 1.443122 | 
Epoch runtime: 0.0 hours, 0.0 minutes, 0.07891297340393066 seconds

Avg epoch train. time: 0.0 hours, 0.0 minutes, 0.10725979010264079 seconds
Avg batch train. time: 0.011917754455848978 seconds
Avg sample train. time: 0.0016008923895916537 seconds
Evaluating on validation set ...
Validation runtime: 0.0 hours, 0.0 minutes, 0.00614619255065918 seconds

Avg val. time: 0.0 hours, 0.0 minutes, 0.051012277603149414 seconds
Avg batch val. time: 0.051012277603149414 seconds
Avg sample val. time: 0.006376534700393677 seconds
Epoch 6 Validation Summary: epoch: 6.000000 | loss: 1.515493 | accuracy: 0.125000 | precision: 0.125000 | 
Epoch 7 Training Summary: epoch: 7.000000 | loss: 1.478596 | 
Epoch runtime: 0.0 hours, 0.0 minutes, 0.07937836647033691 seconds

Avg epoch train. time: 0.0 hours, 0.0 minutes, 0.10327672958374023 seconds
Avg batch train. time: 0.011475192175971137 seconds
Avg sample train. time: 0.0015414437251304513 seconds
Epoch 8 Training Summary: epoch: 8.000000 | loss: 1.453132 | 
Epoch runtime: 0.0 hours, 0.0 minutes, 0.08096671104431152 seconds

Avg epoch train. time: 0.0 hours, 0.0 minutes, 0.10048797726631165 seconds
Avg batch train. time: 0.01116533080736796 seconds
Avg sample train. time: 0.0014998205562136067 seconds
Evaluating on validation set ...
Validation runtime: 0.0 hours, 0.0 minutes, 0.006018877029418945 seconds

Avg val. time: 0.0 hours, 0.0 minutes, 0.04351337750752767 seconds
Avg batch val. time: 0.04351337750752767 seconds
Avg sample val. time: 0.005439172188440959 seconds
Epoch 8 Validation Summary: epoch: 8.000000 | loss: 1.447631 | accuracy: 0.500000 | precision: 0.533333 | 
Epoch 9 Training Summary: epoch: 9.000000 | loss: 1.297985 | 
Epoch runtime: 0.0 hours, 0.0 minutes, 0.08216118812561035 seconds

Avg epoch train. time: 0.0 hours, 0.0 minutes, 0.09845166736178929 seconds
Avg batch train. time: 0.010939074151309921 seconds
Avg sample train. time: 0.0014694278710714818 seconds
Epoch 10 Training Summary: epoch: 10.000000 | loss: 1.285695 | 
Epoch runtime: 0.0 hours, 0.0 minutes, 0.07845306396484375 seconds

Avg epoch train. time: 0.0 hours, 0.0 minutes, 0.09645180702209473 seconds
Avg batch train. time: 0.010716867446899415 seconds
Avg sample train. time: 0.0014395792092849959 seconds
Evaluating on validation set ...
Validation runtime: 0.0 hours, 0.0 minutes, 0.0061609745025634766 seconds

Avg val. time: 0.0 hours, 0.0 minutes, 0.038177319935389926 seconds
Avg batch val. time: 0.038177319935389926 seconds
Avg sample val. time: 0.004772164991923741 seconds
Epoch 10 Validation Summary: epoch: 10.000000 | loss: 1.411780 | accuracy: 0.250000 | precision: 0.300000 | 
Epoch 11 Training Summary: epoch: 11.000000 | loss: 1.186990 | 
Epoch runtime: 0.0 hours, 0.0 minutes, 0.08218812942504883 seconds

Avg epoch train. time: 0.0 hours, 0.0 minutes, 0.09515510905872691 seconds
Avg batch train. time: 0.010572789895414101 seconds
Avg sample train. time: 0.0014202255083392078 seconds
Epoch 12 Training Summary: epoch: 12.000000 | loss: 1.082368 | 
Epoch runtime: 0.0 hours, 0.0 minutes, 0.07652521133422852 seconds

Avg epoch train. time: 0.0 hours, 0.0 minutes, 0.09360261758168538 seconds
Avg batch train. time: 0.010400290842409487 seconds
Avg sample train. time: 0.0013970539937564982 seconds
Evaluating on validation set ...
Validation runtime: 0.0 hours, 0.0 minutes, 0.005986213684082031 seconds

Avg val. time: 0.0 hours, 0.0 minutes, 0.03415343165397644 seconds
Avg batch val. time: 0.03415343165397644 seconds
Avg sample val. time: 0.004269178956747055 seconds
Epoch 12 Validation Summary: epoch: 12.000000 | loss: 1.375900 | accuracy: 0.250000 | precision: 0.214286 | 
Epoch 13 Training Summary: epoch: 13.000000 | loss: 1.045700 | 
Epoch runtime: 0.0 hours, 0.0 minutes, 0.09784293174743652 seconds

Avg epoch train. time: 0.0 hours, 0.0 minutes, 0.09392879559443547 seconds
Avg batch train. time: 0.010436532843826164 seconds
Avg sample train. time: 0.001401922322305007 seconds
Epoch 14 Training Summary: epoch: 14.000000 | loss: 0.998948 | 
Epoch runtime: 0.0 hours, 0.0 minutes, 0.07826566696166992 seconds

Avg epoch train. time: 0.0 hours, 0.0 minutes, 0.09281000069209508 seconds
Avg batch train. time: 0.010312222299121675 seconds
Avg sample train. time: 0.0013852238909267923 seconds
Evaluating on validation set ...
Validation runtime: 0.0 hours, 0.0 minutes, 0.005930185317993164 seconds

Avg val. time: 0.0 hours, 0.0 minutes, 0.031017515394422743 seconds
Avg batch val. time: 0.031017515394422743 seconds
Avg sample val. time: 0.003877189424302843 seconds
Epoch 14 Validation Summary: epoch: 14.000000 | loss: 1.325459 | accuracy: 0.250000 | precision: 0.277778 | 
Epoch 15 Training Summary: epoch: 15.000000 | loss: 0.884766 | 
Epoch runtime: 0.0 hours, 0.0 minutes, 0.07952499389648438 seconds

Avg epoch train. time: 0.0 hours, 0.0 minutes, 0.09192433357238769 seconds
Avg batch train. time: 0.01021381484137641 seconds
Avg sample train. time: 0.0013720049786923535 seconds
Epoch 16 Training Summary: epoch: 16.000000 | loss: 0.861500 | 
Epoch runtime: 0.0 hours, 0.0 minutes, 0.07964825630187988 seconds

Avg epoch train. time: 0.0 hours, 0.0 minutes, 0.09115707874298096 seconds
Avg batch train. time: 0.010128564304775663 seconds
Avg sample train. time: 0.0013605534140743425 seconds
Evaluating on validation set ...
Validation runtime: 0.0 hours, 0.0 minutes, 0.00581669807434082 seconds

Avg val. time: 0.0 hours, 0.0 minutes, 0.02849743366241455 seconds
Avg batch val. time: 0.02849743366241455 seconds
Avg sample val. time: 0.0035621792078018187 seconds
Epoch 16 Validation Summary: epoch: 16.000000 | loss: 1.289274 | accuracy: 0.375000 | precision: 0.444444 | 
Epoch 17 Training Summary: epoch: 17.000000 | loss: 0.759839 | 
Epoch runtime: 0.0 hours, 0.0 minutes, 0.08060479164123535 seconds

Avg epoch train. time: 0.0 hours, 0.0 minutes, 0.09053635597229004 seconds
Avg batch train. time: 0.010059595108032227 seconds
Avg sample train. time: 0.0013512888951088065 seconds
Epoch 18 Training Summary: epoch: 18.000000 | loss: 0.743148 | 
Epoch runtime: 0.0 hours, 0.0 minutes, 0.07790207862854004 seconds

Avg epoch train. time: 0.0 hours, 0.0 minutes, 0.08983445167541504 seconds
Avg batch train. time: 0.009981605741712783 seconds
Avg sample train. time: 0.0013408127115733589 seconds
Evaluating on validation set ...
Validation runtime: 0.0 hours, 0.0 minutes, 0.006959676742553711 seconds

Avg val. time: 0.0 hours, 0.0 minutes, 0.02653945576060902 seconds
Avg batch val. time: 0.02653945576060902 seconds
Avg sample val. time: 0.0033174319700761275 seconds
Epoch 18 Validation Summary: epoch: 18.000000 | loss: 1.222501 | accuracy: 0.250000 | precision: 0.277778 | 
Epoch 19 Training Summary: epoch: 19.000000 | loss: 0.626496 | 
Epoch runtime: 0.0 hours, 0.0 minutes, 0.0813295841217041 seconds

Avg epoch train. time: 0.0 hours, 0.0 minutes, 0.089386827067325 seconds
Avg batch train. time: 0.009931869674147222 seconds
Avg sample train. time: 0.0013341317472735073 seconds
Epoch 20 Training Summary: epoch: 20.000000 | loss: 0.627385 | 
Epoch runtime: 0.0 hours, 0.0 minutes, 0.08209824562072754 seconds

Avg epoch train. time: 0.0 hours, 0.0 minutes, 0.08902239799499512 seconds
Avg batch train. time: 0.009891377554999458 seconds
Avg sample train. time: 0.001328692507387987 seconds
Evaluating on validation set ...
Validation runtime: 0.0 hours, 0.0 minutes, 0.006094694137573242 seconds

Avg val. time: 0.0 hours, 0.0 minutes, 0.024835725625356037 seconds
Avg batch val. time: 0.024835725625356037 seconds
Avg sample val. time: 0.0031044657031695047 seconds
Epoch 20 Validation Summary: epoch: 20.000000 | loss: 1.158717 | accuracy: 0.375000 | precision: 0.444444 | 
Epoch 21 Training Summary: epoch: 21.000000 | loss: 0.545132 | 
Epoch runtime: 0.0 hours, 0.0 minutes, 0.08013224601745605 seconds

Avg epoch train. time: 0.0 hours, 0.0 minutes, 0.08859905742463611 seconds
Avg batch train. time: 0.009844339713848457 seconds
Avg sample train. time: 0.0013223739914124792 seconds
Epoch 22 Training Summary: epoch: 22.000000 | loss: 0.477843 | 
Epoch runtime: 0.0 hours, 0.0 minutes, 0.07747459411621094 seconds

Avg epoch train. time: 0.0 hours, 0.0 minutes, 0.08809340000152588 seconds
Avg batch train. time: 0.009788155555725098 seconds
Avg sample train. time: 0.0013148268656944162 seconds
Evaluating on validation set ...
Validation runtime: 0.0 hours, 0.0 minutes, 0.007023334503173828 seconds

Avg val. time: 0.0 hours, 0.0 minutes, 0.023465541692880485 seconds
Avg batch val. time: 0.023465541692880485 seconds
Avg sample val. time: 0.0029331927116100606 seconds
Epoch 22 Validation Summary: epoch: 22.000000 | loss: 1.188709 | accuracy: 0.250000 | precision: 0.277778 | 
Epoch 23 Training Summary: epoch: 23.000000 | loss: 0.459098 | 
Epoch runtime: 0.0 hours, 0.0 minutes, 0.07435107231140137 seconds

Avg epoch train. time: 0.0 hours, 0.0 minutes, 0.0874959074932596 seconds
Avg batch train. time: 0.009721767499251067 seconds
Avg sample train. time: 0.0013059090670635761 seconds
Epoch 24 Training Summary: epoch: 24.000000 | loss: 0.478936 | 
Epoch runtime: 0.0 hours, 0.0 minutes, 0.07699227333068848 seconds

Avg epoch train. time: 0.0 hours, 0.0 minutes, 0.08705825606981914 seconds
Avg batch train. time: 0.009673139563313237 seconds
Avg sample train. time: 0.0012993769562659574 seconds
Evaluating on validation set ...
Validation runtime: 0.0 hours, 0.0 minutes, 0.00619816780090332 seconds

Avg val. time: 0.0 hours, 0.0 minutes, 0.022232157843453542 seconds
Avg batch val. time: 0.022232157843453542 seconds
Avg sample val. time: 0.0027790197304316928 seconds
Epoch 24 Validation Summary: epoch: 24.000000 | loss: 1.275470 | accuracy: 0.375000 | precision: 0.444444 | 
Epoch 25 Training Summary: epoch: 25.000000 | loss: 0.417821 | 
Epoch runtime: 0.0 hours, 0.0 minutes, 0.08159017562866211 seconds

Avg epoch train. time: 0.0 hours, 0.0 minutes, 0.08683953285217286 seconds
Avg batch train. time: 0.009648836983574762 seconds
Avg sample train. time: 0.0012961124306294456 seconds
Epoch 26 Training Summary: epoch: 26.000000 | loss: 0.406633 | 
Epoch runtime: 0.0 hours, 0.0 minutes, 0.08162498474121094 seconds

Avg epoch train. time: 0.0 hours, 0.0 minutes, 0.08663897330944355 seconds
Avg batch train. time: 0.009626552589938171 seconds
Avg sample train. time: 0.0012931190046185604 seconds
Evaluating on validation set ...
Validation runtime: 0.0 hours, 0.0 minutes, 0.007537364959716797 seconds

Avg val. time: 0.0 hours, 0.0 minutes, 0.02125250498453776 seconds
Avg batch val. time: 0.02125250498453776 seconds
Avg sample val. time: 0.00265656312306722 seconds
Epoch 26 Validation Summary: epoch: 26.000000 | loss: 1.186445 | accuracy: 0.375000 | precision: 0.500000 | 
Epoch 27 Training Summary: epoch: 27.000000 | loss: 0.329983 | 
Epoch runtime: 0.0 hours, 0.0 minutes, 0.07807207107543945 seconds

Avg epoch train. time: 0.0 hours, 0.0 minutes, 0.08632168063411007 seconds
Avg batch train. time: 0.009591297848234452 seconds
Avg sample train. time: 0.0012883832930464189 seconds
Epoch 28 Training Summary: epoch: 28.000000 | loss: 0.325879 | 
Epoch runtime: 0.0 hours, 0.0 minutes, 0.0787053108215332 seconds

Avg epoch train. time: 0.0 hours, 0.0 minutes, 0.08604966742651803 seconds
Avg batch train. time: 0.009561074158502002 seconds
Avg sample train. time: 0.001284323394425642 seconds
Evaluating on validation set ...
Validation runtime: 0.0 hours, 0.0 minutes, 0.005632638931274414 seconds

Avg val. time: 0.0 hours, 0.0 minutes, 0.0202762633562088 seconds
Avg batch val. time: 0.0202762633562088 seconds
Avg sample val. time: 0.0025345329195261 seconds
Epoch 28 Validation Summary: epoch: 28.000000 | loss: 1.335198 | accuracy: 0.250000 | precision: 0.333333 | 
Epoch 29 Training Summary: epoch: 29.000000 | loss: 0.240033 | 
Epoch runtime: 0.0 hours, 0.0 minutes, 0.084136962890625 seconds

Avg epoch train. time: 0.0 hours, 0.0 minutes, 0.08598371209769413 seconds
Avg batch train. time: 0.009553745788632682 seconds
Avg sample train. time: 0.0012833389865327483 seconds
Epoch 30 Training Summary: epoch: 30.000000 | loss: 0.233114 | 
Epoch runtime: 0.0 hours, 0.0 minutes, 0.08174371719360352 seconds

Avg epoch train. time: 0.0 hours, 0.0 minutes, 0.08584237893422444 seconds
Avg batch train. time: 0.009538042103802716 seconds
Avg sample train. time: 0.001281229536331708 seconds
Evaluating on validation set ...
Validation runtime: 0.0 hours, 0.0 minutes, 0.0059032440185546875 seconds

Avg val. time: 0.0 hours, 0.0 minutes, 0.01943079163046444 seconds
Avg batch val. time: 0.01943079163046444 seconds
Avg sample val. time: 0.002428848953808055 seconds
Epoch 30 Validation Summary: epoch: 30.000000 | loss: 1.276846 | accuracy: 0.375000 | precision: 0.500000 | 
Epoch 31 Training Summary: epoch: 31.000000 | loss: 0.171016 | 
Epoch runtime: 0.0 hours, 0.0 minutes, 0.08057570457458496 seconds

Avg epoch train. time: 0.0 hours, 0.0 minutes, 0.08567248621294575 seconds
Avg batch train. time: 0.00951916513477175 seconds
Avg sample train. time: 0.0012786938240738172 seconds
Epoch 32 Training Summary: epoch: 32.000000 | loss: 0.246812 | 
Epoch runtime: 0.0 hours, 0.0 minutes, 0.0863807201385498 seconds

Avg epoch train. time: 0.0 hours, 0.0 minutes, 0.08569461852312088 seconds
Avg batch train. time: 0.009521624280346764 seconds
Avg sample train. time: 0.0012790241570615056 seconds
Evaluating on validation set ...
Validation runtime: 0.0 hours, 0.0 minutes, 0.006957054138183594 seconds

Avg val. time: 0.0 hours, 0.0 minutes, 0.01873780621422662 seconds
Avg batch val. time: 0.01873780621422662 seconds
Avg sample val. time: 0.0023422257767783273 seconds
Epoch 32 Validation Summary: epoch: 32.000000 | loss: 1.563430 | accuracy: 0.250000 | precision: 0.250000 | 
Epoch 33 Training Summary: epoch: 33.000000 | loss: 0.155153 | 
Epoch runtime: 0.0 hours, 0.0 minutes, 0.09026145935058594 seconds

Avg epoch train. time: 0.0 hours, 0.0 minutes, 0.08583300763910467 seconds
Avg batch train. time: 0.009537000848789409 seconds
Avg sample train. time: 0.0012810896662552936 seconds
Epoch 34 Training Summary: epoch: 34.000000 | loss: 0.167364 | 
Epoch runtime: 0.0 hours, 0.0 minutes, 0.08103036880493164 seconds

Avg epoch train. time: 0.0 hours, 0.0 minutes, 0.08569175355574664 seconds
Avg batch train. time: 0.009521305950638515 seconds
Avg sample train. time: 0.0012789813963544274 seconds
Evaluating on validation set ...
Validation runtime: 0.0 hours, 0.0 minutes, 0.006862640380859375 seconds

Avg val. time: 0.0 hours, 0.0 minutes, 0.018112797486154658 seconds
Avg batch val. time: 0.018112797486154658 seconds
Avg sample val. time: 0.0022640996857693323 seconds
Epoch 34 Validation Summary: epoch: 34.000000 | loss: 1.514823 | accuracy: 0.375000 | precision: 0.361111 | 
Epoch 35 Training Summary: epoch: 35.000000 | loss: 0.189465 | 
Epoch runtime: 0.0 hours, 0.0 minutes, 0.08074736595153809 seconds

Avg epoch train. time: 0.0 hours, 0.0 minutes, 0.08555048533848354 seconds
Avg batch train. time: 0.009505609482053727 seconds
Avg sample train. time: 0.0012768729154997544 seconds
Epoch 36 Training Summary: epoch: 36.000000 | loss: 0.180518 | 
Epoch runtime: 0.0 hours, 0.0 minutes, 0.0864405632019043 seconds

Avg epoch train. time: 0.0 hours, 0.0 minutes, 0.08557520972357856 seconds
Avg batch train. time: 0.009508356635953173 seconds
Avg sample train. time: 0.0012772419361728143 seconds
Evaluating on validation set ...
Validation runtime: 0.0 hours, 0.0 minutes, 0.006249666213989258 seconds

Avg val. time: 0.0 hours, 0.0 minutes, 0.017519640922546386 seconds
Avg batch val. time: 0.017519640922546386 seconds
Avg sample val. time: 0.0021899551153182983 seconds
Epoch 36 Validation Summary: epoch: 36.000000 | loss: 1.783472 | accuracy: 0.250000 | precision: 0.194444 | 
Epoch 37 Training Summary: epoch: 37.000000 | loss: 0.129487 | 
Epoch runtime: 0.0 hours, 0.0 minutes, 0.08291387557983398 seconds

Avg epoch train. time: 0.0 hours, 0.0 minutes, 0.08550328177374762 seconds
Avg batch train. time: 0.009500364641527514 seconds
Avg sample train. time: 0.0012761683846828004 seconds
Epoch 38 Training Summary: epoch: 38.000000 | loss: 0.111974 | 
Epoch runtime: 0.0 hours, 0.0 minutes, 0.08383774757385254 seconds

Avg epoch train. time: 0.0 hours, 0.0 minutes, 0.08545945192638196 seconds
Avg batch train. time: 0.009495494658486885 seconds
Avg sample train. time: 0.0012755142078564473 seconds
Evaluating on validation set ...
Validation runtime: 0.0 hours, 0.0 minutes, 0.0065441131591796875 seconds

Avg val. time: 0.0 hours, 0.0 minutes, 0.01699699674333845 seconds
Avg batch val. time: 0.01699699674333845 seconds
Avg sample val. time: 0.0021246245929173063 seconds
Epoch 38 Validation Summary: epoch: 38.000000 | loss: 1.866350 | accuracy: 0.375000 | precision: 0.361111 | 
Epoch 39 Training Summary: epoch: 39.000000 | loss: 0.103831 | 
Epoch runtime: 0.0 hours, 0.0 minutes, 0.08315086364746094 seconds

Avg epoch train. time: 0.0 hours, 0.0 minutes, 0.08540025735512757 seconds
Avg batch train. time: 0.009488917483903063 seconds
Avg sample train. time: 0.001274630706792949 seconds
Epoch 40 Training Summary: epoch: 40.000000 | loss: 0.099373 | 
Epoch runtime: 0.0 hours, 0.0 minutes, 0.0782928466796875 seconds

Avg epoch train. time: 0.0 hours, 0.0 minutes, 0.08522257208824158 seconds
Avg batch train. time: 0.009469174676471286 seconds
Avg sample train. time: 0.0012719786878842027 seconds
Evaluating on validation set ...
Validation runtime: 0.0 hours, 0.0 minutes, 0.0068013668060302734 seconds

Avg val. time: 0.0 hours, 0.0 minutes, 0.016533559018915348 seconds
Avg batch val. time: 0.016533559018915348 seconds
Avg sample val. time: 0.0020666948773644185 seconds
Epoch 40 Validation Summary: epoch: 40.000000 | loss: 1.771220 | accuracy: 0.250000 | precision: 0.250000 | 
Best accuracy was 0.5. Other metrics: OrderedDict([('epoch', 8), ('loss', 1.4476312398910522), ('accuracy', 0.5), ('precision', 0.5333333333333333)])
All Done!
Total runtime: 0.0 hours, 0.0 minutes, 6.235170602798462 seconds

