Running:
src/main_5q.py --output_dir experiments --comment classification from Scratch --name VRS_fromScratch --records_file VRS_records.xls --data_dir /mnt/d/OneDrive - Southern Methodist University/Phone_Privacy/input_feature/combine_opticalflow_all_feat_downsample_480p_s22 --data_class vrs --val_ratio 0.1 --epochs 40 --lr 0.001 --dropout 0.2 --batch_size 8 --num_layers 3 --num_heads 4 --optimizer RAdam --pos_encoding learnable --task classification --normalization none --key_metric accuracy

Using device: cuda
Loading and preprocessing data ...
271 samples may be used for training
31 samples will be used for validation
0 samples will be used for testing
Creating model ...
Model:
TSTransformerEncoderClassiregressor(
  (project_inp): Linear(in_features=47, out_features=64, bias=True)
  (pos_enc): LearnablePositionalEncoding(
    (dropout): Dropout(p=0.2, inplace=False)
  )
  (transformer_encoder): TransformerEncoder(
    (layers): ModuleList(
      (0-2): 3 x TransformerBatchNormEncoderLayer(
        (self_attn): MultiheadAttention(
          (out_proj): NonDynamicallyQuantizableLinear(in_features=64, out_features=64, bias=True)
        )
        (linear1): Linear(in_features=64, out_features=256, bias=True)
        (dropout): Dropout(p=0.2, inplace=False)
        (linear2): Linear(in_features=256, out_features=64, bias=True)
        (norm1): BatchNorm1d(64, eps=1e-05, momentum=0.1, affine=True, track_running_stats=True)
        (norm2): BatchNorm1d(64, eps=1e-05, momentum=0.1, affine=True, track_running_stats=True)
        (dropout1): Dropout(p=0.2, inplace=False)
        (dropout2): Dropout(p=0.2, inplace=False)
      )
    )
  )
  (dropout1): Dropout(p=0.2, inplace=False)
  (output_layer): Linear(in_features=5120, out_features=5, bias=True)
)
Total number of parameters: 183749
Trainable parameters: 183749
Evaluating on validation set ...
Validation runtime: 0.0 hours, 0.0 minutes, 0.34932851791381836 seconds

Avg val. time: 0.0 hours, 0.0 minutes, 0.34932851791381836 seconds
Avg batch val. time: 0.08733212947845459 seconds
Avg sample val. time: 0.01126866186818769 seconds
Epoch 0 Validation Summary: epoch: 0.000000 | loss: 9.763121 | accuracy: 0.193548 | precision: 0.193548 | 
Starting training...
Epoch 1 Training Summary: epoch: 1.000000 | loss: 1.693903 | 
Epoch runtime: 0.0 hours, 0.0 minutes, 0.6251795291900635 seconds

Avg epoch train. time: 0.0 hours, 0.0 minutes, 0.6251795291900635 seconds
Avg batch train. time: 0.018387633211472455 seconds
Avg sample train. time: 0.002306935532066655 seconds
Evaluating on validation set ...
Validation runtime: 0.0 hours, 0.0 minutes, 0.01685166358947754 seconds

Avg val. time: 0.0 hours, 0.0 minutes, 0.18309009075164795 seconds
Avg batch val. time: 0.04577252268791199 seconds
Avg sample val. time: 0.005906131959730579 seconds
Epoch 1 Validation Summary: epoch: 1.000000 | loss: 1.656981 | accuracy: 0.129032 | precision: 0.081720 | 
Epoch 2 Training Summary: epoch: 2.000000 | loss: 1.630822 | 
Epoch runtime: 0.0 hours, 0.0 minutes, 0.3642106056213379 seconds

Avg epoch train. time: 0.0 hours, 0.0 minutes, 0.4946950674057007 seconds
Avg batch train. time: 0.014549854923697078 seconds
Avg sample train. time: 0.001825443053157567 seconds
Evaluating on validation set ...
Validation runtime: 0.0 hours, 0.0 minutes, 0.01771831512451172 seconds

Avg val. time: 0.0 hours, 0.0 minutes, 0.12796616554260254 seconds
Avg batch val. time: 0.031991541385650635 seconds
Avg sample val. time: 0.004127940823954921 seconds
Epoch 2 Validation Summary: epoch: 2.000000 | loss: 1.621068 | accuracy: 0.161290 | precision: 0.104701 | 
Epoch 3 Training Summary: epoch: 3.000000 | loss: 1.552439 | 
Epoch runtime: 0.0 hours, 0.0 minutes, 0.37454915046691895 seconds

Avg epoch train. time: 0.0 hours, 0.0 minutes, 0.45464642842610675 seconds
Avg batch train. time: 0.013371953777238434 seconds
Avg sample train. time: 0.001677662097513309 seconds
Epoch 4 Training Summary: epoch: 4.000000 | loss: 1.549253 | 
Epoch runtime: 0.0 hours, 0.0 minutes, 0.4109930992126465 seconds

Avg epoch train. time: 0.0 hours, 0.0 minutes, 0.4437330961227417 seconds
Avg batch train. time: 0.013050973415374756 seconds
Avg sample train. time: 0.001637391498607903 seconds
Evaluating on validation set ...
Validation runtime: 0.0 hours, 0.0 minutes, 0.021792173385620117 seconds

Avg val. time: 0.0 hours, 0.0 minutes, 0.10142266750335693 seconds
Avg batch val. time: 0.025355666875839233 seconds
Avg sample val. time: 0.0032716989517211914 seconds
Epoch 4 Validation Summary: epoch: 4.000000 | loss: 1.556420 | accuracy: 0.258065 | precision: 0.272000 | 
Epoch 5 Training Summary: epoch: 5.000000 | loss: 1.503383 | 
Epoch runtime: 0.0 hours, 0.0 minutes, 0.37685728073120117 seconds

Avg epoch train. time: 0.0 hours, 0.0 minutes, 0.4303579330444336 seconds
Avg batch train. time: 0.012657586266012752 seconds
Avg sample train. time: 0.001588036653300493 seconds
Epoch 6 Training Summary: epoch: 6.000000 | loss: 1.507122 | 
Epoch runtime: 0.0 hours, 0.0 minutes, 0.3527829647064209 seconds

Avg epoch train. time: 0.0 hours, 0.0 minutes, 0.41742877165476483 seconds
Avg batch train. time: 0.012277316813375436 seconds
Avg sample train. time: 0.0015403275706817891 seconds
Evaluating on validation set ...
Validation runtime: 0.0 hours, 0.0 minutes, 0.017495155334472656 seconds

Avg val. time: 0.0 hours, 0.0 minutes, 0.08463716506958008 seconds
Avg batch val. time: 0.02115929126739502 seconds
Avg sample val. time: 0.002730231131276777 seconds
Epoch 6 Validation Summary: epoch: 6.000000 | loss: 1.543642 | accuracy: 0.258065 | precision: 0.207373 | 
Epoch 7 Training Summary: epoch: 7.000000 | loss: 1.352699 | 
Epoch runtime: 0.0 hours, 0.0 minutes, 0.3348701000213623 seconds

Avg epoch train. time: 0.0 hours, 0.0 minutes, 0.4056346757071359 seconds
Avg batch train. time: 0.011930431638445173 seconds
Avg sample train. time: 0.0014968069214285457 seconds
Epoch 8 Training Summary: epoch: 8.000000 | loss: 1.330846 | 
Epoch runtime: 0.0 hours, 0.0 minutes, 0.3254532814025879 seconds

Avg epoch train. time: 0.0 hours, 0.0 minutes, 0.3956120014190674 seconds
Avg batch train. time: 0.011635647100560805 seconds
Avg sample train. time: 0.0014598228834651933 seconds
Evaluating on validation set ...
Validation runtime: 0.0 hours, 0.0 minutes, 0.015573263168334961 seconds

Avg val. time: 0.0 hours, 0.0 minutes, 0.07312651475270589 seconds
Avg batch val. time: 0.018281628688176472 seconds
Avg sample val. time: 0.002358919830732448 seconds
Epoch 8 Validation Summary: epoch: 8.000000 | loss: 1.565624 | accuracy: 0.322581 | precision: 0.258756 | 
Epoch 9 Training Summary: epoch: 9.000000 | loss: 1.292280 | 
Epoch runtime: 0.0 hours, 0.0 minutes, 0.3346395492553711 seconds

Avg epoch train. time: 0.0 hours, 0.0 minutes, 0.38883728451199 seconds
Avg batch train. time: 0.011436390720940883 seconds
Avg sample train. time: 0.001434823928088524 seconds
Epoch 10 Training Summary: epoch: 10.000000 | loss: 1.228400 | 
Epoch runtime: 0.0 hours, 0.0 minutes, 0.32540440559387207 seconds

Avg epoch train. time: 0.0 hours, 0.0 minutes, 0.38249399662017824 seconds
Avg batch train. time: 0.011249823430005242 seconds
Avg sample train. time: 0.0014114169616980747 seconds
Evaluating on validation set ...
Validation runtime: 0.0 hours, 0.0 minutes, 0.014766216278076172 seconds

Avg val. time: 0.0 hours, 0.0 minutes, 0.06478932925633021 seconds
Avg batch val. time: 0.016197332314082553 seconds
Avg sample val. time: 0.0020899783631074262 seconds
Epoch 10 Validation Summary: epoch: 10.000000 | loss: 1.640465 | accuracy: 0.354839 | precision: 0.344931 | 
Epoch 11 Training Summary: epoch: 11.000000 | loss: 1.182434 | 
Epoch runtime: 0.0 hours, 0.0 minutes, 0.32680845260620117 seconds

Avg epoch train. time: 0.0 hours, 0.0 minutes, 0.3774316744370894 seconds
Avg batch train. time: 0.011100931601090866 seconds
Avg sample train. time: 0.0013927368060409203 seconds
Epoch 12 Training Summary: epoch: 12.000000 | loss: 1.129130 | 
Epoch runtime: 0.0 hours, 0.0 minutes, 0.32431602478027344 seconds

Avg epoch train. time: 0.0 hours, 0.0 minutes, 0.3730053702990214 seconds
Avg batch train. time: 0.010970746185265336 seconds
Avg sample train. time: 0.0013764035804391935 seconds
Evaluating on validation set ...
Validation runtime: 0.0 hours, 0.0 minutes, 0.014817476272583008 seconds

Avg val. time: 0.0 hours, 0.0 minutes, 0.058542847633361816 seconds
Avg batch val. time: 0.014635711908340454 seconds
Avg sample val. time: 0.0018884789559148972 seconds
Epoch 12 Validation Summary: epoch: 12.000000 | loss: 1.812985 | accuracy: 0.258065 | precision: 0.256305 | 
Epoch 13 Training Summary: epoch: 13.000000 | loss: 1.074456 | 
Epoch runtime: 0.0 hours, 0.0 minutes, 0.32985734939575195 seconds

Avg epoch train. time: 0.0 hours, 0.0 minutes, 0.36968629176800066 seconds
Avg batch train. time: 0.010873126228470607 seconds
Avg sample train. time: 0.0013641560581845044 seconds
Epoch 14 Training Summary: epoch: 14.000000 | loss: 1.037599 | 
Epoch runtime: 0.0 hours, 0.0 minutes, 0.30754780769348145 seconds

Avg epoch train. time: 0.0 hours, 0.0 minutes, 0.36524782861982075 seconds
Avg batch train. time: 0.01074258319470061 seconds
Avg sample train. time: 0.0013477779653867925 seconds
Evaluating on validation set ...
Validation runtime: 0.0 hours, 0.0 minutes, 0.01632213592529297 seconds

Avg val. time: 0.0 hours, 0.0 minutes, 0.05385165744357639 seconds
Avg batch val. time: 0.013462914360894097 seconds
Avg sample val. time: 0.0017371502401153673 seconds
Epoch 14 Validation Summary: epoch: 14.000000 | loss: 1.764428 | accuracy: 0.258065 | precision: 0.199413 | 
Epoch 15 Training Summary: epoch: 15.000000 | loss: 0.991357 | 
Epoch runtime: 0.0 hours, 0.0 minutes, 0.3214871883392334 seconds

Avg epoch train. time: 0.0 hours, 0.0 minutes, 0.3623304526011149 seconds
Avg batch train. time: 0.01065677801767985 seconds
Avg sample train. time: 0.0013370127402255164 seconds
Epoch 16 Training Summary: epoch: 16.000000 | loss: 0.884906 | 
Epoch runtime: 0.0 hours, 0.0 minutes, 0.30741429328918457 seconds

Avg epoch train. time: 0.0 hours, 0.0 minutes, 0.35889819264411926 seconds
Avg batch train. time: 0.010555829195415272 seconds
Avg sample train. time: 0.0013243475743325434 seconds
Evaluating on validation set ...
Validation runtime: 0.0 hours, 0.0 minutes, 0.014952659606933594 seconds

Avg val. time: 0.0 hours, 0.0 minutes, 0.04996175765991211 seconds
Avg batch val. time: 0.012490439414978027 seconds
Avg sample val. time: 0.0016116696019326485 seconds
Epoch 16 Validation Summary: epoch: 16.000000 | loss: 1.953606 | accuracy: 0.258065 | precision: 0.231672 | 
Epoch 17 Training Summary: epoch: 17.000000 | loss: 0.828230 | 
Epoch runtime: 0.0 hours, 0.0 minutes, 0.3291621208190918 seconds

Avg epoch train. time: 0.0 hours, 0.0 minutes, 0.35714901194852944 seconds
Avg batch train. time: 0.010504382704368513 seconds
Avg sample train. time: 0.0013178930330204038 seconds
Epoch 18 Training Summary: epoch: 18.000000 | loss: 0.767672 | 
Epoch runtime: 0.0 hours, 0.0 minutes, 0.33181095123291016 seconds

Avg epoch train. time: 0.0 hours, 0.0 minutes, 0.35574134190877277 seconds
Avg batch train. time: 0.01046298064437567 seconds
Avg sample train. time: 0.0013126986786301579 seconds
Evaluating on validation set ...
Validation runtime: 0.0 hours, 0.0 minutes, 0.014665365219116211 seconds

Avg val. time: 0.0 hours, 0.0 minutes, 0.04675299471074885 seconds
Avg batch val. time: 0.011688248677687212 seconds
Avg sample val. time: 0.0015081611197015757 seconds
Epoch 18 Validation Summary: epoch: 18.000000 | loss: 1.974639 | accuracy: 0.290323 | precision: 0.214516 | 
Epoch 19 Training Summary: epoch: 19.000000 | loss: 0.746971 | 
Epoch runtime: 0.0 hours, 0.0 minutes, 0.32906341552734375 seconds

Avg epoch train. time: 0.0 hours, 0.0 minutes, 0.35433724052027654 seconds
Avg batch train. time: 0.010421683544714016 seconds
Avg sample train. time: 0.0013075174926947474 seconds
Epoch 20 Training Summary: epoch: 20.000000 | loss: 0.653443 | 
Epoch runtime: 0.0 hours, 0.0 minutes, 0.32541418075561523 seconds

Avg epoch train. time: 0.0 hours, 0.0 minutes, 0.35289108753204346 seconds
Avg batch train. time: 0.010379149633295396 seconds
Avg sample train. time: 0.0013021811348045884 seconds
Evaluating on validation set ...
Validation runtime: 0.0 hours, 0.0 minutes, 0.01465749740600586 seconds

Avg val. time: 0.0 hours, 0.0 minutes, 0.0440783699353536 seconds
Avg batch val. time: 0.0110195924838384 seconds
Avg sample val. time: 0.0014218829011404387 seconds
Epoch 20 Validation Summary: epoch: 20.000000 | loss: 2.289940 | accuracy: 0.322581 | precision: 0.286901 | 
Epoch 21 Training Summary: epoch: 21.000000 | loss: 0.559616 | 
Epoch runtime: 0.0 hours, 0.0 minutes, 0.32403993606567383 seconds

Avg epoch train. time: 0.0 hours, 0.0 minutes, 0.351517223176502 seconds
Avg batch train. time: 0.010338741858132413 seconds
Avg sample train. time: 0.0012971115246365387 seconds
Epoch 22 Training Summary: epoch: 22.000000 | loss: 0.620347 | 
Epoch runtime: 0.0 hours, 0.0 minutes, 0.3138589859008789 seconds

Avg epoch train. time: 0.0 hours, 0.0 minutes, 0.34980548511851917 seconds
Avg batch train. time: 0.010288396621132916 seconds
Avg sample train. time: 0.0012907951480388162 seconds
Evaluating on validation set ...
Validation runtime: 0.0 hours, 0.0 minutes, 0.013892650604248047 seconds

Avg val. time: 0.0 hours, 0.0 minutes, 0.041756391525268555 seconds
Avg batch val. time: 0.010439097881317139 seconds
Avg sample val. time: 0.0013469803717828567 seconds
Epoch 22 Validation Summary: epoch: 22.000000 | loss: 2.025902 | accuracy: 0.290323 | precision: 0.272287 | 
Epoch 23 Training Summary: epoch: 23.000000 | loss: 0.528106 | 
Epoch runtime: 0.0 hours, 0.0 minutes, 0.32378721237182617 seconds

Avg epoch train. time: 0.0 hours, 0.0 minutes, 0.34867425586866296 seconds
Avg batch train. time: 0.010255125172607734 seconds
Avg sample train. time: 0.00128662087036407 seconds
Epoch 24 Training Summary: epoch: 24.000000 | loss: 0.442011 | 
Epoch runtime: 0.0 hours, 0.0 minutes, 0.3401334285736084 seconds

Avg epoch train. time: 0.0 hours, 0.0 minutes, 0.34831838806470233 seconds
Avg batch train. time: 0.010244658472491244 seconds
Avg sample train. time: 0.001285307705035802 seconds
Evaluating on validation set ...
Validation runtime: 0.0 hours, 0.0 minutes, 0.014768362045288086 seconds

Avg val. time: 0.0 hours, 0.0 minutes, 0.039828675133841376 seconds
Avg batch val. time: 0.009957168783460344 seconds
Avg sample val. time: 0.0012847959720593992 seconds
Epoch 24 Validation Summary: epoch: 24.000000 | loss: 2.021973 | accuracy: 0.290323 | precision: 0.300000 | 
Epoch 25 Training Summary: epoch: 25.000000 | loss: 0.406549 | 
Epoch runtime: 0.0 hours, 0.0 minutes, 0.3242161273956299 seconds

Avg epoch train. time: 0.0 hours, 0.0 minutes, 0.34735429763793946 seconds
Avg batch train. time: 0.010216302871704101 seconds
Avg sample train. time: 0.0012817501757857546 seconds
Epoch 26 Training Summary: epoch: 26.000000 | loss: 0.456105 | 
Epoch runtime: 0.0 hours, 0.0 minutes, 0.3229484558105469 seconds

Avg epoch train. time: 0.0 hours, 0.0 minutes, 0.34641561141380894 seconds
Avg batch train. time: 0.010188694453347321 seconds
Avg sample train. time: 0.0012782863889808447 seconds
Evaluating on validation set ...
Validation runtime: 0.0 hours, 0.0 minutes, 0.014984130859375 seconds

Avg val. time: 0.0 hours, 0.0 minutes, 0.038172372182210285 seconds
Avg batch val. time: 0.009543093045552571 seconds
Avg sample val. time: 0.0012313668445874284 seconds
Epoch 26 Validation Summary: epoch: 26.000000 | loss: 2.303922 | accuracy: 0.225806 | precision: 0.206605 | 
Epoch 27 Training Summary: epoch: 27.000000 | loss: 0.411240 | 
Epoch runtime: 0.0 hours, 0.0 minutes, 0.32453346252441406 seconds

Avg epoch train. time: 0.0 hours, 0.0 minutes, 0.34560516145494247 seconds
Avg batch train. time: 0.010164857689851248 seconds
Avg sample train. time: 0.001275295798726725 seconds
Epoch 28 Training Summary: epoch: 28.000000 | loss: 0.327172 | 
Epoch runtime: 0.0 hours, 0.0 minutes, 0.32805490493774414 seconds

Avg epoch train. time: 0.0 hours, 0.0 minutes, 0.3449783665793283 seconds
Avg batch train. time: 0.010146422546450831 seconds
Avg sample train. time: 0.0012729829025067464 seconds
Evaluating on validation set ...
Validation runtime: 0.0 hours, 0.0 minutes, 0.015486955642700195 seconds

Avg val. time: 0.0 hours, 0.0 minutes, 0.036754533648490906 seconds
Avg batch val. time: 0.009188633412122726 seconds
Avg sample val. time: 0.0011856301176932551 seconds
Epoch 28 Validation Summary: epoch: 28.000000 | loss: 2.231951 | accuracy: 0.387097 | precision: 0.359677 | 
Epoch 29 Training Summary: epoch: 29.000000 | loss: 0.328685 | 
Epoch runtime: 0.0 hours, 0.0 minutes, 0.3300132751464844 seconds

Avg epoch train. time: 0.0 hours, 0.0 minutes, 0.344462328943713 seconds
Avg batch train. time: 0.010131244968932735 seconds
Avg sample train. time: 0.0012710787045893469 seconds
Epoch 30 Training Summary: epoch: 30.000000 | loss: 0.336127 | 
Epoch runtime: 0.0 hours, 0.0 minutes, 0.326587438583374 seconds

Avg epoch train. time: 0.0 hours, 0.0 minutes, 0.343866499265035 seconds
Avg batch train. time: 0.010113720566618675 seconds
Avg sample train. time: 0.00126888007108869 seconds
Evaluating on validation set ...
Validation runtime: 0.0 hours, 0.0 minutes, 0.013864278793334961 seconds

Avg val. time: 0.0 hours, 0.0 minutes, 0.03540804806877585 seconds
Avg batch val. time: 0.008852012017193963 seconds
Avg sample val. time: 0.0011421950989927694 seconds
Epoch 30 Validation Summary: epoch: 30.000000 | loss: 2.410271 | accuracy: 0.290323 | precision: 0.246774 | 
Epoch 31 Training Summary: epoch: 31.000000 | loss: 0.311717 | 
Epoch runtime: 0.0 hours, 0.0 minutes, 0.3212740421295166 seconds

Avg epoch train. time: 0.0 hours, 0.0 minutes, 0.34313771032517953 seconds
Avg batch train. time: 0.010092285597799398 seconds
Avg sample train. time: 0.0012661908130080426 seconds
Epoch 32 Training Summary: epoch: 32.000000 | loss: 0.293819 | 
Epoch runtime: 0.0 hours, 0.0 minutes, 0.31398749351501465 seconds

Avg epoch train. time: 0.0 hours, 0.0 minutes, 0.3422267660498619 seconds
Avg batch train. time: 0.010065493119113585 seconds
Avg sample train. time: 0.0012628293950179407 seconds
Evaluating on validation set ...
Validation runtime: 0.0 hours, 0.0 minutes, 0.015186309814453125 seconds

Avg val. time: 0.0 hours, 0.0 minutes, 0.034284618165757924 seconds
Avg batch val. time: 0.008571154541439481 seconds
Avg sample val. time: 0.0011059554247018686 seconds
Epoch 32 Validation Summary: epoch: 32.000000 | loss: 2.356513 | accuracy: 0.354839 | precision: 0.427210 | 
Epoch 33 Training Summary: epoch: 33.000000 | loss: 0.295740 | 
Epoch runtime: 0.0 hours, 0.0 minutes, 0.32564854621887207 seconds

Avg epoch train. time: 0.0 hours, 0.0 minutes, 0.3417243957519531 seconds
Avg batch train. time: 0.010050717522116268 seconds
Avg sample train. time: 0.0012609756300810079 seconds
Epoch 34 Training Summary: epoch: 34.000000 | loss: 0.277306 | 
Epoch runtime: 0.0 hours, 0.0 minutes, 0.3234832286834717 seconds

Avg epoch train. time: 0.0 hours, 0.0 minutes, 0.34118789083817425 seconds
Avg batch train. time: 0.010034937965828654 seconds
Avg sample train. time: 0.0012589959071519345 seconds
Evaluating on validation set ...
Validation runtime: 0.0 hours, 0.0 minutes, 0.013827800750732422 seconds

Avg val. time: 0.0 hours, 0.0 minutes, 0.033207943564967105 seconds
Avg batch val. time: 0.008301985891241776 seconds
Avg sample val. time: 0.0010712239859666807 seconds
Epoch 34 Validation Summary: epoch: 34.000000 | loss: 2.962548 | accuracy: 0.290323 | precision: 0.292243 | 
Epoch 35 Training Summary: epoch: 35.000000 | loss: 0.223202 | 
Epoch runtime: 0.0 hours, 0.0 minutes, 0.3210175037384033 seconds

Avg epoch train. time: 0.0 hours, 0.0 minutes, 0.3406115940638951 seconds
Avg batch train. time: 0.010017988060702795 seconds
Avg sample train. time: 0.0012568693507892807 seconds
Epoch 36 Training Summary: epoch: 36.000000 | loss: 0.196120 | 
Epoch runtime: 0.0 hours, 0.0 minutes, 0.3241572380065918 seconds

Avg epoch train. time: 0.0 hours, 0.0 minutes, 0.3401545286178589 seconds
Avg batch train. time: 0.01000454495934879 seconds
Avg sample train. time: 0.0012551827624275235 seconds
Evaluating on validation set ...
Validation runtime: 0.0 hours, 0.0 minutes, 0.01472330093383789 seconds

Avg val. time: 0.0 hours, 0.0 minutes, 0.03228371143341065 seconds
Avg batch val. time: 0.008070927858352662 seconds
Avg sample val. time: 0.0010414100462390532 seconds
Epoch 36 Validation Summary: epoch: 36.000000 | loss: 2.998515 | accuracy: 0.322581 | precision: 0.283899 | 
Epoch 37 Training Summary: epoch: 37.000000 | loss: 0.172945 | 
Epoch runtime: 0.0 hours, 0.0 minutes, 0.3094642162322998 seconds

Avg epoch train. time: 0.0 hours, 0.0 minutes, 0.33932506071554647 seconds
Avg batch train. time: 0.009980148844574896 seconds
Avg sample train. time: 0.0012521219952603192 seconds
Epoch 38 Training Summary: epoch: 38.000000 | loss: 0.145595 | 
Epoch runtime: 0.0 hours, 0.0 minutes, 0.31675124168395996 seconds

Avg epoch train. time: 0.0 hours, 0.0 minutes, 0.3387310128462942 seconds
Avg batch train. time: 0.009962676848420417 seconds
Avg sample train. time: 0.0012499299367021927 seconds
Evaluating on validation set ...
Validation runtime: 0.0 hours, 0.0 minutes, 0.014618396759033203 seconds

Avg val. time: 0.0 hours, 0.0 minutes, 0.031442505972726006 seconds
Avg batch val. time: 0.007860626493181502 seconds
Avg sample val. time: 0.001014274386216968 seconds
Epoch 38 Validation Summary: epoch: 38.000000 | loss: 3.101096 | accuracy: 0.290323 | precision: 0.283026 | 
Epoch 39 Training Summary: epoch: 39.000000 | loss: 0.168213 | 
Epoch runtime: 0.0 hours, 0.0 minutes, 0.32282233238220215 seconds

Avg epoch train. time: 0.0 hours, 0.0 minutes, 0.3383230979625995 seconds
Avg batch train. time: 0.009950679351841163 seconds
Avg sample train. time: 0.0012484247157291495 seconds
Epoch 40 Training Summary: epoch: 40.000000 | loss: 0.114596 | 
Epoch runtime: 0.0 hours, 0.0 minutes, 0.3199584484100342 seconds

Avg epoch train. time: 0.0 hours, 0.0 minutes, 0.3378639817237854 seconds
Avg batch train. time: 0.009937175933052511 seconds
Avg sample train. time: 0.0012467305598663667 seconds
Evaluating on validation set ...
Validation runtime: 0.0 hours, 0.0 minutes, 0.014062166213989258 seconds

Avg val. time: 0.0 hours, 0.0 minutes, 0.03065249052914706 seconds
Avg batch val. time: 0.007663122632286765 seconds
Avg sample val. time: 0.00098879001706926 seconds
Epoch 40 Validation Summary: epoch: 40.000000 | loss: 3.401371 | accuracy: 0.322581 | precision: 0.349309 | 
Best accuracy was 0.3870967741935484. Other metrics: OrderedDict([('epoch', 28), ('loss', 2.231951190579322), ('accuracy', 0.3870967741935484), ('precision', 0.3596774193548387)])
All Done!
Total runtime: 0.0 hours, 0.0 minutes, 29.62065577507019 seconds

