Running:
src/main_crosssetting.py --output_dir experiments --target_user Zeyu --user_othersetting ZeyuZoom --comment classification from Scratch --name VRS_fromScratch --records_file VRS_records.xls --data_dir /mnt/d/OneDrive - Southern Methodist University/Phone_Privacy/input_feature/opticalflow_22_downsample_480p_s22 --test_data_dir /mnt/d/OneDrive - Southern Methodist University/Phone_Privacy/input_feature/opticalflow_22_downsample_480p_s22 --data_class vrs --val_ratio 0.1 --epochs 40 --lr 0.001 --dropout 0.2 --batch_size 8 --num_layers 3 --num_heads 4 --optimizer RAdam --pos_encoding learnable --task classification --normalization none --key_metric accuracy

Using device: cuda
Loading and preprocessing data ...
67 samples may be used for training
8 samples will be used for validation
0 samples will be used for testing
Creating model ...
Model:
TSTransformerEncoderClassiregressor(
  (project_inp): Linear(in_features=8, out_features=64, bias=True)
  (pos_enc): LearnablePositionalEncoding(
    (dropout): Dropout(p=0.2, inplace=False)
  )
  (transformer_encoder): TransformerEncoder(
    (layers): ModuleList(
      (0-2): 3 x TransformerBatchNormEncoderLayer(
        (self_attn): MultiheadAttention(
          (out_proj): NonDynamicallyQuantizableLinear(in_features=64, out_features=64, bias=True)
        )
        (linear1): Linear(in_features=64, out_features=256, bias=True)
        (dropout): Dropout(p=0.2, inplace=False)
        (linear2): Linear(in_features=256, out_features=64, bias=True)
        (norm1): BatchNorm1d(64, eps=1e-05, momentum=0.1, affine=True, track_running_stats=True)
        (norm2): BatchNorm1d(64, eps=1e-05, momentum=0.1, affine=True, track_running_stats=True)
        (dropout1): Dropout(p=0.2, inplace=False)
        (dropout2): Dropout(p=0.2, inplace=False)
      )
    )
  )
  (dropout1): Dropout(p=0.2, inplace=False)
  (output_layer): Linear(in_features=5120, out_features=5, bias=True)
)
Total number of parameters: 181253
Trainable parameters: 181253
Evaluating on validation set ...
Validation runtime: 0.0 hours, 0.0 minutes, 0.25594282150268555 seconds

Avg val. time: 0.0 hours, 0.0 minutes, 0.25594282150268555 seconds
Avg batch val. time: 0.25594282150268555 seconds
Avg sample val. time: 0.03199285268783569 seconds
Epoch 0 Validation Summary: epoch: 0.000000 | loss: 3.222252 | accuracy: 0.375000 | precision: 0.583333 | 
Starting training...
Epoch 1 Training Summary: epoch: 1.000000 | loss: 1.685100 | 
Epoch runtime: 0.0 hours, 0.0 minutes, 0.24833440780639648 seconds

Avg epoch train. time: 0.0 hours, 0.0 minutes, 0.24833440780639648 seconds
Avg batch train. time: 0.027592711978488497 seconds
Avg sample train. time: 0.0037064836986029324 seconds
Evaluating on validation set ...
Validation runtime: 0.0 hours, 0.0 minutes, 0.007811069488525391 seconds

Avg val. time: 0.0 hours, 0.0 minutes, 0.13187694549560547 seconds
Avg batch val. time: 0.13187694549560547 seconds
Avg sample val. time: 0.016484618186950684 seconds
Epoch 1 Validation Summary: epoch: 1.000000 | loss: 1.527000 | accuracy: 0.500000 | precision: 0.583333 | 
Epoch 2 Training Summary: epoch: 2.000000 | loss: 1.670686 | 
Epoch runtime: 0.0 hours, 0.0 minutes, 0.09562802314758301 seconds

Avg epoch train. time: 0.0 hours, 0.0 minutes, 0.17198121547698975 seconds
Avg batch train. time: 0.01910902394188775 seconds
Avg sample train. time: 0.002566883813089399 seconds
Evaluating on validation set ...
Validation runtime: 0.0 hours, 0.0 minutes, 0.00699305534362793 seconds

Avg val. time: 0.0 hours, 0.0 minutes, 0.09024898211161296 seconds
Avg batch val. time: 0.09024898211161296 seconds
Avg sample val. time: 0.01128112276395162 seconds
Epoch 2 Validation Summary: epoch: 2.000000 | loss: 1.497373 | accuracy: 0.500000 | precision: 0.638889 | 
Epoch 3 Training Summary: epoch: 3.000000 | loss: 1.570205 | 
Epoch runtime: 0.0 hours, 0.0 minutes, 0.09735703468322754 seconds

Avg epoch train. time: 0.0 hours, 0.0 minutes, 0.1471064885457357 seconds
Avg batch train. time: 0.016345165393970632 seconds
Avg sample train. time: 0.0021956192320259056 seconds
Epoch 4 Training Summary: epoch: 4.000000 | loss: 1.553931 | 
Epoch runtime: 0.0 hours, 0.0 minutes, 0.08632731437683105 seconds

Avg epoch train. time: 0.0 hours, 0.0 minutes, 0.13191169500350952 seconds
Avg batch train. time: 0.014656855000389947 seconds
Avg sample train. time: 0.0019688312687090974 seconds
Evaluating on validation set ...
Validation runtime: 0.0 hours, 0.0 minutes, 0.006793498992919922 seconds

Avg val. time: 0.0 hours, 0.0 minutes, 0.0693851113319397 seconds
Avg batch val. time: 0.0693851113319397 seconds
Avg sample val. time: 0.008673138916492462 seconds
Epoch 4 Validation Summary: epoch: 4.000000 | loss: 1.418954 | accuracy: 0.375000 | precision: 0.428571 | 
Epoch 5 Training Summary: epoch: 5.000000 | loss: 1.502141 | 
Epoch runtime: 0.0 hours, 0.0 minutes, 0.12047886848449707 seconds

Avg epoch train. time: 0.0 hours, 0.0 minutes, 0.12962512969970702 seconds
Avg batch train. time: 0.014402792188856336 seconds
Avg sample train. time: 0.0019347034283538362 seconds
Epoch 6 Training Summary: epoch: 6.000000 | loss: 1.359985 | 
Epoch runtime: 0.0 hours, 0.0 minutes, 0.09262824058532715 seconds

Avg epoch train. time: 0.0 hours, 0.0 minutes, 0.12345898151397705 seconds
Avg batch train. time: 0.013717664612664117 seconds
Avg sample train. time: 0.0018426713658802544 seconds
Evaluating on validation set ...
Validation runtime: 0.0 hours, 0.0 minutes, 0.006876707077026367 seconds

Avg val. time: 0.0 hours, 0.0 minutes, 0.05688343048095703 seconds
Avg batch val. time: 0.05688343048095703 seconds
Avg sample val. time: 0.007110428810119629 seconds
Epoch 6 Validation Summary: epoch: 6.000000 | loss: 1.365956 | accuracy: 0.500000 | precision: 0.523810 | 
Epoch 7 Training Summary: epoch: 7.000000 | loss: 1.350182 | 
Epoch runtime: 0.0 hours, 0.0 minutes, 0.09610962867736816 seconds

Avg epoch train. time: 0.0 hours, 0.0 minutes, 0.1195519311087472 seconds
Avg batch train. time: 0.013283547900971911 seconds
Avg sample train. time: 0.0017843571807275701 seconds
Epoch 8 Training Summary: epoch: 8.000000 | loss: 1.311723 | 
Epoch runtime: 0.0 hours, 0.0 minutes, 0.08884191513061523 seconds

Avg epoch train. time: 0.0 hours, 0.0 minutes, 0.11571317911148071 seconds
Avg batch train. time: 0.012857019901275635 seconds
Avg sample train. time: 0.0017270623747982195 seconds
Evaluating on validation set ...
Validation runtime: 0.0 hours, 0.0 minutes, 0.006687164306640625 seconds

Avg val. time: 0.0 hours, 0.0 minutes, 0.04851738611857096 seconds
Avg batch val. time: 0.04851738611857096 seconds
Avg sample val. time: 0.00606467326482137 seconds
Epoch 8 Validation Summary: epoch: 8.000000 | loss: 1.332979 | accuracy: 0.375000 | precision: 0.458333 | 
Epoch 9 Training Summary: epoch: 9.000000 | loss: 1.292245 | 
Epoch runtime: 0.0 hours, 0.0 minutes, 0.08552837371826172 seconds

Avg epoch train. time: 0.0 hours, 0.0 minutes, 0.1123593118455675 seconds
Avg batch train. time: 0.012484367982840833 seconds
Avg sample train. time: 0.001677004654411455 seconds
Epoch 10 Training Summary: epoch: 10.000000 | loss: 1.167471 | 
Epoch runtime: 0.0 hours, 0.0 minutes, 0.14275765419006348 seconds

Avg epoch train. time: 0.0 hours, 0.0 minutes, 0.11539914608001708 seconds
Avg batch train. time: 0.01282212734222412 seconds
Avg sample train. time: 0.0017223753146271207 seconds
Evaluating on validation set ...
Validation runtime: 0.0 hours, 0.0 minutes, 0.012015104293823242 seconds

Avg val. time: 0.0 hours, 0.0 minutes, 0.04330277442932129 seconds
Avg batch val. time: 0.04330277442932129 seconds
Avg sample val. time: 0.005412846803665161 seconds
Epoch 10 Validation Summary: epoch: 10.000000 | loss: 1.318579 | accuracy: 0.500000 | precision: 0.560000 | 
Epoch 11 Training Summary: epoch: 11.000000 | loss: 1.209137 | 
Epoch runtime: 0.0 hours, 0.0 minutes, 0.11820435523986816 seconds

Avg epoch train. time: 0.0 hours, 0.0 minutes, 0.11565416509454901 seconds
Avg batch train. time: 0.012850462788283223 seconds
Avg sample train. time: 0.0017261815685753583 seconds
Epoch 12 Training Summary: epoch: 12.000000 | loss: 1.079188 | 
Epoch runtime: 0.0 hours, 0.0 minutes, 0.09756612777709961 seconds

Avg epoch train. time: 0.0 hours, 0.0 minutes, 0.11414682865142822 seconds
Avg batch train. time: 0.012682980961269803 seconds
Avg sample train. time: 0.0017036840097228094 seconds
Evaluating on validation set ...
Validation runtime: 0.0 hours, 0.0 minutes, 0.008052587509155273 seconds

Avg val. time: 0.0 hours, 0.0 minutes, 0.03889650106430054 seconds
Avg batch val. time: 0.03889650106430054 seconds
Avg sample val. time: 0.004862062633037567 seconds
Epoch 12 Validation Summary: epoch: 12.000000 | loss: 1.300661 | accuracy: 0.375000 | precision: 0.466667 | 
Epoch 13 Training Summary: epoch: 13.000000 | loss: 1.037504 | 
Epoch runtime: 0.0 hours, 0.0 minutes, 0.09695148468017578 seconds

Avg epoch train. time: 0.0 hours, 0.0 minutes, 0.1128241098844088 seconds
Avg batch train. time: 0.012536012209378757 seconds
Avg sample train. time: 0.0016839419385732658 seconds
Epoch 14 Training Summary: epoch: 14.000000 | loss: 0.986569 | 
Epoch runtime: 0.0 hours, 0.0 minutes, 0.09467291831970215 seconds

Avg epoch train. time: 0.0 hours, 0.0 minutes, 0.11152759620121547 seconds
Avg batch train. time: 0.012391955133468385 seconds
Avg sample train. time: 0.0016645909880778427 seconds
Evaluating on validation set ...
Validation runtime: 0.0 hours, 0.0 minutes, 0.00696873664855957 seconds

Avg val. time: 0.0 hours, 0.0 minutes, 0.035348971684773765 seconds
Avg batch val. time: 0.035348971684773765 seconds
Avg sample val. time: 0.004418621460596721 seconds
Epoch 14 Validation Summary: epoch: 14.000000 | loss: 1.299467 | accuracy: 0.375000 | precision: 0.466667 | 
Epoch 15 Training Summary: epoch: 15.000000 | loss: 0.972402 | 
Epoch runtime: 0.0 hours, 0.0 minutes, 0.09528708457946777 seconds

Avg epoch train. time: 0.0 hours, 0.0 minutes, 0.1104448954264323 seconds
Avg batch train. time: 0.012271655047381366 seconds
Avg sample train. time: 0.0016484312750213775 seconds
Epoch 16 Training Summary: epoch: 16.000000 | loss: 0.957644 | 
Epoch runtime: 0.0 hours, 0.0 minutes, 0.1373600959777832 seconds

Avg epoch train. time: 0.0 hours, 0.0 minutes, 0.11212709546089172 seconds
Avg batch train. time: 0.012458566162321303 seconds
Avg sample train. time: 0.0016735387382222646 seconds
Evaluating on validation set ...
Validation runtime: 0.0 hours, 0.0 minutes, 0.01254415512084961 seconds

Avg val. time: 0.0 hours, 0.0 minutes, 0.033068490028381345 seconds
Avg batch val. time: 0.033068490028381345 seconds
Avg sample val. time: 0.004133561253547668 seconds
Epoch 16 Validation Summary: epoch: 16.000000 | loss: 1.264458 | accuracy: 0.375000 | precision: 0.533333 | 
Epoch 17 Training Summary: epoch: 17.000000 | loss: 0.907849 | 
Epoch runtime: 0.0 hours, 0.0 minutes, 0.0986487865447998 seconds

Avg epoch train. time: 0.0 hours, 0.0 minutes, 0.11133425375994514 seconds
Avg batch train. time: 0.012370472639993906 seconds
Avg sample train. time: 0.0016617052799991813 seconds
Epoch 18 Training Summary: epoch: 18.000000 | loss: 0.792426 | 
Epoch runtime: 0.0 hours, 0.0 minutes, 0.09458470344543457 seconds

Avg epoch train. time: 0.0 hours, 0.0 minutes, 0.11040372318691677 seconds
Avg batch train. time: 0.012267080354101864 seconds
Avg sample train. time: 0.0016478167639838324 seconds
Evaluating on validation set ...
Validation runtime: 0.0 hours, 0.0 minutes, 0.006842851638793945 seconds

Avg val. time: 0.0 hours, 0.0 minutes, 0.0306843410838734 seconds
Avg batch val. time: 0.0306843410838734 seconds
Avg sample val. time: 0.003835542635484175 seconds
Epoch 18 Validation Summary: epoch: 18.000000 | loss: 1.227790 | accuracy: 0.500000 | precision: 0.560000 | 
Epoch 19 Training Summary: epoch: 19.000000 | loss: 0.770879 | 
Epoch runtime: 0.0 hours, 0.0 minutes, 0.0918118953704834 seconds

Avg epoch train. time: 0.0 hours, 0.0 minutes, 0.10942520593342028 seconds
Avg batch train. time: 0.012158356214824476 seconds
Avg sample train. time: 0.0016332120288570192 seconds
Epoch 20 Training Summary: epoch: 20.000000 | loss: 0.726752 | 
Epoch runtime: 0.0 hours, 0.0 minutes, 0.11424875259399414 seconds

Avg epoch train. time: 0.0 hours, 0.0 minutes, 0.10966638326644898 seconds
Avg batch train. time: 0.012185153696272108 seconds
Avg sample train. time: 0.0016368116905440147 seconds
Evaluating on validation set ...
Validation runtime: 0.0 hours, 0.0 minutes, 0.013952493667602539 seconds

Avg val. time: 0.0 hours, 0.0 minutes, 0.02929002046585083 seconds
Avg batch val. time: 0.02929002046585083 seconds
Avg sample val. time: 0.0036612525582313538 seconds
Epoch 20 Validation Summary: epoch: 20.000000 | loss: 1.202031 | accuracy: 0.500000 | precision: 0.560000 | 
Epoch 21 Training Summary: epoch: 21.000000 | loss: 0.768514 | 
Epoch runtime: 0.0 hours, 0.0 minutes, 0.12483668327331543 seconds

Avg epoch train. time: 0.0 hours, 0.0 minutes, 0.1103887785048712 seconds
Avg batch train. time: 0.012265419833874577 seconds
Avg sample train. time: 0.0016475937090279283 seconds
Epoch 22 Training Summary: epoch: 22.000000 | loss: 0.651765 | 
Epoch runtime: 0.0 hours, 0.0 minutes, 0.11462116241455078 seconds

Avg epoch train. time: 0.0 hours, 0.0 minutes, 0.1105811595916748 seconds
Avg batch train. time: 0.01228679551018609 seconds
Avg sample train. time: 0.0016504650685324597 seconds
Evaluating on validation set ...
Validation runtime: 0.0 hours, 0.0 minutes, 0.009510040283203125 seconds

Avg val. time: 0.0 hours, 0.0 minutes, 0.027768483528724082 seconds
Avg batch val. time: 0.027768483528724082 seconds
Avg sample val. time: 0.0034710604410905102 seconds
Epoch 22 Validation Summary: epoch: 22.000000 | loss: 1.174920 | accuracy: 0.500000 | precision: 0.666667 | 
Epoch 23 Training Summary: epoch: 23.000000 | loss: 0.723378 | 
Epoch runtime: 0.0 hours, 0.0 minutes, 0.09806084632873535 seconds

Avg epoch train. time: 0.0 hours, 0.0 minutes, 0.11003679814546005 seconds
Avg batch train. time: 0.012226310905051116 seconds
Avg sample train. time: 0.001642340270827762 seconds
Epoch 24 Training Summary: epoch: 24.000000 | loss: 0.616296 | 
Epoch runtime: 0.0 hours, 0.0 minutes, 0.09857010841369629 seconds

Avg epoch train. time: 0.0 hours, 0.0 minutes, 0.10955901940663655 seconds
Avg batch train. time: 0.012173224378515172 seconds
Avg sample train. time: 0.0016352092448751723 seconds
Evaluating on validation set ...
Validation runtime: 0.0 hours, 0.0 minutes, 0.006991863250732422 seconds

Avg val. time: 0.0 hours, 0.0 minutes, 0.02628443922315325 seconds
Avg batch val. time: 0.02628443922315325 seconds
Avg sample val. time: 0.003285554902894156 seconds
Epoch 24 Validation Summary: epoch: 24.000000 | loss: 1.082822 | accuracy: 0.625000 | precision: 0.700000 | 
Epoch 25 Training Summary: epoch: 25.000000 | loss: 0.557437 | 
Epoch runtime: 0.0 hours, 0.0 minutes, 0.1031501293182373 seconds

Avg epoch train. time: 0.0 hours, 0.0 minutes, 0.10930266380310058 seconds
Avg batch train. time: 0.012144740422566731 seconds
Avg sample train. time: 0.0016313830418373222 seconds
Epoch 26 Training Summary: epoch: 26.000000 | loss: 0.521018 | 
Epoch runtime: 0.0 hours, 0.0 minutes, 0.1121366024017334 seconds

Avg epoch train. time: 0.0 hours, 0.0 minutes, 0.10941166144150954 seconds
Avg batch train. time: 0.012156851271278838 seconds
Avg sample train. time: 0.0016330098722613364 seconds
Evaluating on validation set ...
Validation runtime: 0.0 hours, 0.0 minutes, 0.00807642936706543 seconds

Avg val. time: 0.0 hours, 0.0 minutes, 0.025070571899414064 seconds
Avg batch val. time: 0.025070571899414064 seconds
Avg sample val. time: 0.003133821487426758 seconds
Epoch 26 Validation Summary: epoch: 26.000000 | loss: 1.139089 | accuracy: 0.500000 | precision: 0.560000 | 
Epoch 27 Training Summary: epoch: 27.000000 | loss: 0.527183 | 
Epoch runtime: 0.0 hours, 0.0 minutes, 0.1178443431854248 seconds

Avg epoch train. time: 0.0 hours, 0.0 minutes, 0.10972398298758047 seconds
Avg batch train. time: 0.012191553665286719 seconds
Avg sample train. time: 0.0016376713878743353 seconds
Epoch 28 Training Summary: epoch: 28.000000 | loss: 0.441659 | 
Epoch runtime: 0.0 hours, 0.0 minutes, 0.1276867389678955 seconds

Avg epoch train. time: 0.0 hours, 0.0 minutes, 0.11036550998687744 seconds
Avg batch train. time: 0.012262834442986382 seconds
Avg sample train. time: 0.0016472464177145886 seconds
Evaluating on validation set ...
Validation runtime: 0.0 hours, 0.0 minutes, 0.009526252746582031 seconds

Avg val. time: 0.0 hours, 0.0 minutes, 0.02409905195236206 seconds
Avg batch val. time: 0.02409905195236206 seconds
Avg sample val. time: 0.0030123814940452576 seconds
Epoch 28 Validation Summary: epoch: 28.000000 | loss: 1.284577 | accuracy: 0.250000 | precision: 0.166667 | 
Epoch 29 Training Summary: epoch: 29.000000 | loss: 0.500847 | 
Epoch runtime: 0.0 hours, 0.0 minutes, 0.09919309616088867 seconds

Avg epoch train. time: 0.0 hours, 0.0 minutes, 0.10998025433770542 seconds
Avg batch train. time: 0.012220028259745046 seconds
Avg sample train. time: 0.0016414963333985884 seconds
Epoch 30 Training Summary: epoch: 30.000000 | loss: 0.333864 | 
Epoch runtime: 0.0 hours, 0.0 minutes, 0.10305500030517578 seconds

Avg epoch train. time: 0.0 hours, 0.0 minutes, 0.1097494125366211 seconds
Avg batch train. time: 0.012194379170735677 seconds
Avg sample train. time: 0.0016380509333824044 seconds
Evaluating on validation set ...
Validation runtime: 0.0 hours, 0.0 minutes, 0.00808405876159668 seconds

Avg val. time: 0.0 hours, 0.0 minutes, 0.023156993529375863 seconds
Avg batch val. time: 0.023156993529375863 seconds
Avg sample val. time: 0.002894624191171983 seconds
Epoch 30 Validation Summary: epoch: 30.000000 | loss: 1.168835 | accuracy: 0.500000 | precision: 0.500000 | 
Epoch 31 Training Summary: epoch: 31.000000 | loss: 0.362137 | 
Epoch runtime: 0.0 hours, 0.0 minutes, 0.0981292724609375 seconds

Avg epoch train. time: 0.0 hours, 0.0 minutes, 0.10937456930837323 seconds
Avg batch train. time: 0.012152729923152581 seconds
Avg sample train. time: 0.001632456258333929 seconds
Epoch 32 Training Summary: epoch: 32.000000 | loss: 0.335916 | 
Epoch runtime: 0.0 hours, 0.0 minutes, 0.09745311737060547 seconds

Avg epoch train. time: 0.0 hours, 0.0 minutes, 0.109002023935318 seconds
Avg batch train. time: 0.01211133599281311 seconds
Avg sample train. time: 0.0016268958796316119 seconds
Evaluating on validation set ...
Validation runtime: 0.0 hours, 0.0 minutes, 0.0071218013763427734 seconds

Avg val. time: 0.0 hours, 0.0 minutes, 0.022266149520874023 seconds
Avg batch val. time: 0.022266149520874023 seconds
Avg sample val. time: 0.002783268690109253 seconds
Epoch 32 Validation Summary: epoch: 32.000000 | loss: 1.380297 | accuracy: 0.250000 | precision: 0.166667 | 
Epoch 33 Training Summary: epoch: 33.000000 | loss: 0.343198 | 
Epoch runtime: 0.0 hours, 0.0 minutes, 0.08276796340942383 seconds

Avg epoch train. time: 0.0 hours, 0.0 minutes, 0.10820705240423029 seconds
Avg batch train. time: 0.012023005822692254 seconds
Avg sample train. time: 0.0016150306328989595 seconds
Epoch 34 Training Summary: epoch: 34.000000 | loss: 0.240162 | 
Epoch runtime: 0.0 hours, 0.0 minutes, 0.0896444320678711 seconds

Avg epoch train. time: 0.0 hours, 0.0 minutes, 0.10766109298257266 seconds
Avg batch train. time: 0.011962343664730295 seconds
Avg sample train. time: 0.0016068819848145174 seconds
Evaluating on validation set ...
Validation runtime: 0.0 hours, 0.0 minutes, 0.00680088996887207 seconds

Avg val. time: 0.0 hours, 0.0 minutes, 0.02145218849182129 seconds
Avg batch val. time: 0.02145218849182129 seconds
Avg sample val. time: 0.002681523561477661 seconds
Epoch 34 Validation Summary: epoch: 34.000000 | loss: 1.158127 | accuracy: 0.500000 | precision: 0.500000 | 
Epoch 35 Training Summary: epoch: 35.000000 | loss: 0.276542 | 
Epoch runtime: 0.0 hours, 0.0 minutes, 0.08937883377075195 seconds

Avg epoch train. time: 0.0 hours, 0.0 minutes, 0.10713874271937779 seconds
Avg batch train. time: 0.011904304746597531 seconds
Avg sample train. time: 0.0015990857122295192 seconds
Epoch 36 Training Summary: epoch: 36.000000 | loss: 0.241745 | 
Epoch runtime: 0.0 hours, 0.0 minutes, 0.09293675422668457 seconds

Avg epoch train. time: 0.0 hours, 0.0 minutes, 0.1067442430390252 seconds
Avg batch train. time: 0.011860471448780578 seconds
Avg sample train. time: 0.0015931976572988837 seconds
Evaluating on validation set ...
Validation runtime: 0.0 hours, 0.0 minutes, 0.0068700313568115234 seconds

Avg val. time: 0.0 hours, 0.0 minutes, 0.0207230806350708 seconds
Avg batch val. time: 0.0207230806350708 seconds
Avg sample val. time: 0.00259038507938385 seconds
Epoch 36 Validation Summary: epoch: 36.000000 | loss: 1.459243 | accuracy: 0.500000 | precision: 0.560000 | 
Epoch 37 Training Summary: epoch: 37.000000 | loss: 0.195325 | 
Epoch runtime: 0.0 hours, 0.0 minutes, 0.08427715301513672 seconds

Avg epoch train. time: 0.0 hours, 0.0 minutes, 0.10613702438973091 seconds
Avg batch train. time: 0.0117930027099701 seconds
Avg sample train. time: 0.0015841346923840434 seconds
Epoch 38 Training Summary: epoch: 38.000000 | loss: 0.181850 | 
Epoch runtime: 0.0 hours, 0.0 minutes, 0.09183144569396973 seconds

Avg epoch train. time: 0.0 hours, 0.0 minutes, 0.10576056179247405 seconds
Avg batch train. time: 0.011751173532497116 seconds
Avg sample train. time: 0.0015785158476488664 seconds
Evaluating on validation set ...
Validation runtime: 0.0 hours, 0.0 minutes, 0.007959842681884766 seconds

Avg val. time: 0.0 hours, 0.0 minutes, 0.0201153073992048 seconds
Avg batch val. time: 0.0201153073992048 seconds
Avg sample val. time: 0.0025144134249006 seconds
Epoch 38 Validation Summary: epoch: 38.000000 | loss: 1.430317 | accuracy: 0.500000 | precision: 0.555556 | 
Epoch 39 Training Summary: epoch: 39.000000 | loss: 0.162866 | 
Epoch runtime: 0.0 hours, 0.0 minutes, 0.1016542911529541 seconds

Avg epoch train. time: 0.0 hours, 0.0 minutes, 0.10565527280171712 seconds
Avg batch train. time: 0.011739474755746347 seconds
Avg sample train. time: 0.0015769443701748823 seconds
Epoch 40 Training Summary: epoch: 40.000000 | loss: 0.147251 | 
Epoch runtime: 0.0 hours, 0.0 minutes, 0.09266066551208496 seconds

Avg epoch train. time: 0.0 hours, 0.0 minutes, 0.10533040761947632 seconds
Avg batch train. time: 0.011703378624386258 seconds
Avg sample train. time: 0.001572095636111587 seconds
Evaluating on validation set ...
Validation runtime: 0.0 hours, 0.0 minutes, 0.008568048477172852 seconds

Avg val. time: 0.0 hours, 0.0 minutes, 0.019590431993657894 seconds
Avg batch val. time: 0.019590431993657894 seconds
Avg sample val. time: 0.0024488039992072367 seconds
Epoch 40 Validation Summary: epoch: 40.000000 | loss: 1.300038 | accuracy: 0.500000 | precision: 0.600000 | 
Best accuracy was 0.625. Other metrics: OrderedDict([('epoch', 24), ('loss', 1.0828216075897217), ('accuracy', 0.625), ('precision', 0.7000000000000001)])
All Done!
Total runtime: 0.0 hours, 0.0 minutes, 9.546684980392456 seconds

