Running:
src/main_5q.py --output_dir experiments --comment classification from Scratch --name VRS_fromScratch --records_file VRS_records.xls --data_dir /mnt/d/OneDrive - Southern Methodist University/Phone_Privacy/input_feature/combine_opticalflow_all_feat_downsample_480p_s22 --data_class vrs --val_ratio 0.1 --epochs 40 --lr 0.001 --dropout 0.2 --batch_size 8 --num_layers 3 --num_heads 4 --optimizer RAdam --pos_encoding learnable --task classification --normalization none --key_metric accuracy

Using device: cuda
Loading and preprocessing data ...
271 samples may be used for training
31 samples will be used for validation
0 samples will be used for testing
Creating model ...
Model:
TSTransformerEncoderClassiregressor(
  (project_inp): Linear(in_features=47, out_features=64, bias=True)
  (pos_enc): LearnablePositionalEncoding(
    (dropout): Dropout(p=0.2, inplace=False)
  )
  (transformer_encoder): TransformerEncoder(
    (layers): ModuleList(
      (0-2): 3 x TransformerBatchNormEncoderLayer(
        (self_attn): MultiheadAttention(
          (out_proj): NonDynamicallyQuantizableLinear(in_features=64, out_features=64, bias=True)
        )
        (linear1): Linear(in_features=64, out_features=256, bias=True)
        (dropout): Dropout(p=0.2, inplace=False)
        (linear2): Linear(in_features=256, out_features=64, bias=True)
        (norm1): BatchNorm1d(64, eps=1e-05, momentum=0.1, affine=True, track_running_stats=True)
        (norm2): BatchNorm1d(64, eps=1e-05, momentum=0.1, affine=True, track_running_stats=True)
        (dropout1): Dropout(p=0.2, inplace=False)
        (dropout2): Dropout(p=0.2, inplace=False)
      )
    )
  )
  (dropout1): Dropout(p=0.2, inplace=False)
  (output_layer): Linear(in_features=5120, out_features=5, bias=True)
)
Total number of parameters: 183749
Trainable parameters: 183749
Evaluating on validation set ...
Validation runtime: 0.0 hours, 0.0 minutes, 0.3423798084259033 seconds

Avg val. time: 0.0 hours, 0.0 minutes, 0.3423798084259033 seconds
Avg batch val. time: 0.08559495210647583 seconds
Avg sample val. time: 0.011044509949222688 seconds
Epoch 0 Validation Summary: epoch: 0.000000 | loss: 3.285062 | accuracy: 0.290323 | precision: 0.497023 | 
Starting training...
Epoch 1 Training Summary: epoch: 1.000000 | loss: 1.669308 | 
Epoch runtime: 0.0 hours, 0.0 minutes, 0.5230491161346436 seconds

Avg epoch train. time: 0.0 hours, 0.0 minutes, 0.5230491161346436 seconds
Avg batch train. time: 0.015383797533371869 seconds
Avg sample train. time: 0.0019300705392422271 seconds
Evaluating on validation set ...
Validation runtime: 0.0 hours, 0.0 minutes, 0.015035867691040039 seconds

Avg val. time: 0.0 hours, 0.0 minutes, 0.17870783805847168 seconds
Avg batch val. time: 0.04467695951461792 seconds
Avg sample val. time: 0.005764768969628119 seconds
Epoch 1 Validation Summary: epoch: 1.000000 | loss: 1.532824 | accuracy: 0.354839 | precision: 0.330667 | 
Epoch 2 Training Summary: epoch: 2.000000 | loss: 1.612734 | 
Epoch runtime: 0.0 hours, 0.0 minutes, 0.41166234016418457 seconds

Avg epoch train. time: 0.0 hours, 0.0 minutes, 0.46735572814941406 seconds
Avg batch train. time: 0.013745756710276884 seconds
Avg sample train. time: 0.0017245598824701626 seconds
Evaluating on validation set ...
Validation runtime: 0.0 hours, 0.0 minutes, 0.015306949615478516 seconds

Avg val. time: 0.0 hours, 0.0 minutes, 0.12424087524414062 seconds
Avg batch val. time: 0.031060218811035156 seconds
Avg sample val. time: 0.004007770169165826 seconds
Epoch 2 Validation Summary: epoch: 2.000000 | loss: 1.507362 | accuracy: 0.322581 | precision: 0.256336 | 
Epoch 3 Training Summary: epoch: 3.000000 | loss: 1.574268 | 
Epoch runtime: 0.0 hours, 0.0 minutes, 0.3232300281524658 seconds

Avg epoch train. time: 0.0 hours, 0.0 minutes, 0.41931382815043133 seconds
Avg batch train. time: 0.012332759651483274 seconds
Avg sample train. time: 0.0015472834987100787 seconds
Epoch 4 Training Summary: epoch: 4.000000 | loss: 1.559938 | 
Epoch runtime: 0.0 hours, 0.0 minutes, 0.3431127071380615 seconds

Avg epoch train. time: 0.0 hours, 0.0 minutes, 0.40026354789733887 seconds
Avg batch train. time: 0.011772457291098201 seconds
Avg sample train. time: 0.0014769872616137965 seconds
Evaluating on validation set ...
Validation runtime: 0.0 hours, 0.0 minutes, 0.0162355899810791 seconds

Avg val. time: 0.0 hours, 0.0 minutes, 0.09723955392837524 seconds
Avg batch val. time: 0.02430988848209381 seconds
Avg sample val. time: 0.0031367598041411367 seconds
Epoch 4 Validation Summary: epoch: 4.000000 | loss: 1.475628 | accuracy: 0.354839 | precision: 0.416923 | 
Epoch 5 Training Summary: epoch: 5.000000 | loss: 1.455521 | 
Epoch runtime: 0.0 hours, 0.0 minutes, 0.3709900379180908 seconds

Avg epoch train. time: 0.0 hours, 0.0 minutes, 0.3944088459014893 seconds
Avg batch train. time: 0.011600260173573214 seconds
Avg sample train. time: 0.0014553831952084475 seconds
Epoch 6 Training Summary: epoch: 6.000000 | loss: 1.429965 | 
Epoch runtime: 0.0 hours, 0.0 minutes, 0.3400604724884033 seconds

Avg epoch train. time: 0.0 hours, 0.0 minutes, 0.3853507836659749 seconds
Avg batch train. time: 0.011333846578411027 seconds
Avg sample train. time: 0.0014219586113135606 seconds
Evaluating on validation set ...
Validation runtime: 0.0 hours, 0.0 minutes, 0.015970230102539062 seconds

Avg val. time: 0.0 hours, 0.0 minutes, 0.080985689163208 seconds
Avg batch val. time: 0.020246422290802 seconds
Avg sample val. time: 0.0026124415859099357 seconds
Epoch 6 Validation Summary: epoch: 6.000000 | loss: 1.433035 | accuracy: 0.290323 | precision: 0.275000 | 
Epoch 7 Training Summary: epoch: 7.000000 | loss: 1.337770 | 
Epoch runtime: 0.0 hours, 0.0 minutes, 0.3450648784637451 seconds

Avg epoch train. time: 0.0 hours, 0.0 minutes, 0.37959565435137066 seconds
Avg batch train. time: 0.01116457806915796 seconds
Avg sample train. time: 0.0014007219717762755 seconds
Epoch 8 Training Summary: epoch: 8.000000 | loss: 1.335527 | 
Epoch runtime: 0.0 hours, 0.0 minutes, 0.3651714324951172 seconds

Avg epoch train. time: 0.0 hours, 0.0 minutes, 0.377792626619339 seconds
Avg batch train. time: 0.011111547841745265 seconds
Avg sample train. time: 0.00139406873291269 seconds
Evaluating on validation set ...
Validation runtime: 0.0 hours, 0.0 minutes, 0.016016244888305664 seconds

Avg val. time: 0.0 hours, 0.0 minutes, 0.07015744845072429 seconds
Avg batch val. time: 0.017539362112681072 seconds
Avg sample val. time: 0.002263143498410461 seconds
Epoch 8 Validation Summary: epoch: 8.000000 | loss: 1.432787 | accuracy: 0.354839 | precision: 0.443548 | 
Epoch 9 Training Summary: epoch: 9.000000 | loss: 1.249119 | 
Epoch runtime: 0.0 hours, 0.0 minutes, 0.3515346050262451 seconds

Avg epoch train. time: 0.0 hours, 0.0 minutes, 0.3748750686645508 seconds
Avg batch train. time: 0.011025737313663258 seconds
Avg sample train. time: 0.0013833028364005563 seconds
Epoch 10 Training Summary: epoch: 10.000000 | loss: 1.193442 | 
Epoch runtime: 0.0 hours, 0.0 minutes, 0.362288236618042 seconds

Avg epoch train. time: 0.0 hours, 0.0 minutes, 0.3736163854598999 seconds
Avg batch train. time: 0.01098871721940882 seconds
Avg sample train. time: 0.0013786582489295198 seconds
Evaluating on validation set ...
Validation runtime: 0.0 hours, 0.0 minutes, 0.01636338233947754 seconds

Avg val. time: 0.0 hours, 0.0 minutes, 0.06247258186340332 seconds
Avg batch val. time: 0.01561814546585083 seconds
Avg sample val. time: 0.002015244576238817 seconds
Epoch 10 Validation Summary: epoch: 10.000000 | loss: 1.471198 | accuracy: 0.322581 | precision: 0.228879 | 
Epoch 11 Training Summary: epoch: 11.000000 | loss: 1.158006 | 
Epoch runtime: 0.0 hours, 0.0 minutes, 0.3528103828430176 seconds

Avg epoch train. time: 0.0 hours, 0.0 minutes, 0.37172493067654694 seconds
Avg batch train. time: 0.010933086196369027 seconds
Avg sample train. time: 0.0013716787109835681 seconds
Epoch 12 Training Summary: epoch: 12.000000 | loss: 1.075514 | 
Epoch runtime: 0.0 hours, 0.0 minutes, 0.3422579765319824 seconds

Avg epoch train. time: 0.0 hours, 0.0 minutes, 0.36926935116449994 seconds
Avg batch train. time: 0.010860863269544116 seconds
Avg sample train. time: 0.0013626175319723245 seconds
Evaluating on validation set ...
Validation runtime: 0.0 hours, 0.0 minutes, 0.017621278762817383 seconds

Avg val. time: 0.0 hours, 0.0 minutes, 0.05686616897583008 seconds
Avg batch val. time: 0.01421654224395752 seconds
Avg sample val. time: 0.0018343925476074219 seconds
Epoch 12 Validation Summary: epoch: 12.000000 | loss: 1.455425 | accuracy: 0.290323 | precision: 0.165396 | 
Epoch 13 Training Summary: epoch: 13.000000 | loss: 0.956811 | 
Epoch runtime: 0.0 hours, 0.0 minutes, 0.3500854969024658 seconds

Avg epoch train. time: 0.0 hours, 0.0 minutes, 0.36779367006742036 seconds
Avg batch train. time: 0.010817460884335894 seconds
Avg sample train. time: 0.001357172214270924 seconds
Epoch 14 Training Summary: epoch: 14.000000 | loss: 0.847764 | 
Epoch runtime: 0.0 hours, 0.0 minutes, 0.34462404251098633 seconds

Avg epoch train. time: 0.0 hours, 0.0 minutes, 0.3661386966705322 seconds
Avg batch train. time: 0.010768785196192125 seconds
Avg sample train. time: 0.0013510653013672775 seconds
Evaluating on validation set ...
Validation runtime: 0.0 hours, 0.0 minutes, 0.01693892478942871 seconds

Avg val. time: 0.0 hours, 0.0 minutes, 0.05242980851067437 seconds
Avg batch val. time: 0.013107452127668593 seconds
Avg sample val. time: 0.0016912841455056248 seconds
Epoch 14 Validation Summary: epoch: 14.000000 | loss: 1.503597 | accuracy: 0.387097 | precision: 0.365438 | 
Epoch 15 Training Summary: epoch: 15.000000 | loss: 0.826512 | 
Epoch runtime: 0.0 hours, 0.0 minutes, 0.33458423614501953 seconds

Avg epoch train. time: 0.0 hours, 0.0 minutes, 0.3640350659688314 seconds
Avg batch train. time: 0.01070691370496563 seconds
Avg sample train. time: 0.0013433028264532524 seconds
Epoch 16 Training Summary: epoch: 16.000000 | loss: 0.723248 | 
Epoch runtime: 0.0 hours, 0.0 minutes, 0.35088038444519043 seconds

Avg epoch train. time: 0.0 hours, 0.0 minutes, 0.3632128983736038 seconds
Avg batch train. time: 0.010682732305105995 seconds
Avg sample train. time: 0.001340268997688575 seconds
Evaluating on validation set ...
Validation runtime: 0.0 hours, 0.0 minutes, 0.017766237258911133 seconds

Avg val. time: 0.0 hours, 0.0 minutes, 0.04896345138549805 seconds
Avg batch val. time: 0.012240862846374512 seconds
Avg sample val. time: 0.0015794661737257435 seconds
Epoch 16 Validation Summary: epoch: 16.000000 | loss: 1.508975 | accuracy: 0.354839 | precision: 0.331413 | 
Epoch 17 Training Summary: epoch: 17.000000 | loss: 0.677798 | 
Epoch runtime: 0.0 hours, 0.0 minutes, 0.3401768207550049 seconds

Avg epoch train. time: 0.0 hours, 0.0 minutes, 0.3618578349842745 seconds
Avg batch train. time: 0.010642877499537485 seconds
Avg sample train. time: 0.0013352687637796107 seconds
Epoch 18 Training Summary: epoch: 18.000000 | loss: 0.599856 | 
Epoch runtime: 0.0 hours, 0.0 minutes, 0.35168933868408203 seconds

Avg epoch train. time: 0.0 hours, 0.0 minutes, 0.36129291852315265 seconds
Avg batch train. time: 0.010626262309504489 seconds
Avg sample train. time: 0.0013331842011924451 seconds
Evaluating on validation set ...
Validation runtime: 0.0 hours, 0.0 minutes, 0.016194581985473633 seconds

Avg val. time: 0.0 hours, 0.0 minutes, 0.0459844632582231 seconds
Avg batch val. time: 0.011496115814555775 seconds
Avg sample val. time: 0.0014833697825233259 seconds
Epoch 18 Validation Summary: epoch: 18.000000 | loss: 1.398986 | accuracy: 0.387097 | precision: 0.409677 | 
Epoch 19 Training Summary: epoch: 19.000000 | loss: 0.626135 | 
Epoch runtime: 0.0 hours, 0.0 minutes, 0.3384239673614502 seconds

Avg epoch train. time: 0.0 hours, 0.0 minutes, 0.36008928951464203 seconds
Avg batch train. time: 0.010590861456313001 seconds
Avg sample train. time: 0.0013287427657366865 seconds
Epoch 20 Training Summary: epoch: 20.000000 | loss: 0.585354 | 
Epoch runtime: 0.0 hours, 0.0 minutes, 0.33875274658203125 seconds

Avg epoch train. time: 0.0 hours, 0.0 minutes, 0.3590224623680115 seconds
Avg batch train. time: 0.010559484187294455 seconds
Avg sample train. time: 0.0013248061341993044 seconds
Evaluating on validation set ...
Validation runtime: 0.0 hours, 0.0 minutes, 0.016168832778930664 seconds

Avg val. time: 0.0 hours, 0.0 minutes, 0.04349982738494873 seconds
Avg batch val. time: 0.010874956846237183 seconds
Avg sample val. time: 0.0014032202382241526 seconds
Epoch 20 Validation Summary: epoch: 20.000000 | loss: 1.620404 | accuracy: 0.387097 | precision: 0.364858 | 
Epoch 21 Training Summary: epoch: 21.000000 | loss: 0.499409 | 
Epoch runtime: 0.0 hours, 0.0 minutes, 0.34102725982666016 seconds

Avg epoch train. time: 0.0 hours, 0.0 minutes, 0.3581655479612805 seconds
Avg batch train. time: 0.010534280822390602 seconds
Avg sample train. time: 0.001321644088418009 seconds
Epoch 22 Training Summary: epoch: 22.000000 | loss: 0.455542 | 
Epoch runtime: 0.0 hours, 0.0 minutes, 0.3481738567352295 seconds

Avg epoch train. time: 0.0 hours, 0.0 minutes, 0.35771138017827814 seconds
Avg batch train. time: 0.010520922946419944 seconds
Avg sample train. time: 0.0013199681925397718 seconds
Evaluating on validation set ...
Validation runtime: 0.0 hours, 0.0 minutes, 0.016570568084716797 seconds

Avg val. time: 0.0 hours, 0.0 minutes, 0.04142834590031551 seconds
Avg batch val. time: 0.010357086475078877 seconds
Avg sample val. time: 0.0013363982548488874 seconds
Epoch 22 Validation Summary: epoch: 22.000000 | loss: 1.711585 | accuracy: 0.387097 | precision: 0.403917 | 
Epoch 23 Training Summary: epoch: 23.000000 | loss: 0.482576 | 
Epoch runtime: 0.0 hours, 0.0 minutes, 0.3512570858001709 seconds

Avg epoch train. time: 0.0 hours, 0.0 minutes, 0.3574307586835778 seconds
Avg batch train. time: 0.010512669373046407 seconds
Avg sample train. time: 0.001318932688869291 seconds
Epoch 24 Training Summary: epoch: 24.000000 | loss: 0.398104 | 
Epoch runtime: 0.0 hours, 0.0 minutes, 0.36046504974365234 seconds

Avg epoch train. time: 0.0 hours, 0.0 minutes, 0.3575571874777476 seconds
Avg batch train. time: 0.010516387866992577 seconds
Avg sample train. time: 0.0013193992157850465 seconds
Evaluating on validation set ...
Validation runtime: 0.0 hours, 0.0 minutes, 0.016207218170166016 seconds

Avg val. time: 0.0 hours, 0.0 minutes, 0.0396268367767334 seconds
Avg batch val. time: 0.00990670919418335 seconds
Avg sample val. time: 0.0012782850573139807 seconds
Epoch 24 Validation Summary: epoch: 24.000000 | loss: 1.833068 | accuracy: 0.419355 | precision: 0.390571 | 
Epoch 25 Training Summary: epoch: 25.000000 | loss: 0.438412 | 
Epoch runtime: 0.0 hours, 0.0 minutes, 0.34786486625671387 seconds

Avg epoch train. time: 0.0 hours, 0.0 minutes, 0.35716949462890624 seconds
Avg batch train. time: 0.0105049851361443 seconds
Avg sample train. time: 0.0013179686148668127 seconds
Epoch 26 Training Summary: epoch: 26.000000 | loss: 0.307148 | 
Epoch runtime: 0.0 hours, 0.0 minutes, 0.33661508560180664 seconds

Avg epoch train. time: 0.0 hours, 0.0 minutes, 0.3563789404355563 seconds
Avg batch train. time: 0.010481733542222245 seconds
Avg sample train. time: 0.0013150514407216098 seconds
Evaluating on validation set ...
Validation runtime: 0.0 hours, 0.0 minutes, 0.016788005828857422 seconds

Avg val. time: 0.0 hours, 0.0 minutes, 0.038104248046875 seconds
Avg batch val. time: 0.00952606201171875 seconds
Avg sample val. time: 0.0012291692918346773 seconds
Epoch 26 Validation Summary: epoch: 26.000000 | loss: 1.984861 | accuracy: 0.387097 | precision: 0.390169 | 
Epoch 27 Training Summary: epoch: 27.000000 | loss: 0.326803 | 
Epoch runtime: 0.0 hours, 0.0 minutes, 0.3564789295196533 seconds

Avg epoch train. time: 0.0 hours, 0.0 minutes, 0.35638264373496725 seconds
Avg batch train. time: 0.010481842462793154 seconds
Avg sample train. time: 0.0013150651060330895 seconds
Epoch 28 Training Summary: epoch: 28.000000 | loss: 0.303067 | 
Epoch runtime: 0.0 hours, 0.0 minutes, 0.3458373546600342 seconds

Avg epoch train. time: 0.0 hours, 0.0 minutes, 0.35600602626800537 seconds
Avg batch train. time: 0.010470765478470746 seconds
Avg sample train. time: 0.0013136753736826766 seconds
Evaluating on validation set ...
Validation runtime: 0.0 hours, 0.0 minutes, 0.016192913055419922 seconds

Avg val. time: 0.0 hours, 0.0 minutes, 0.03673478960990906 seconds
Avg batch val. time: 0.009183697402477264 seconds
Avg sample val. time: 0.0011849932132228728 seconds
Epoch 28 Validation Summary: epoch: 28.000000 | loss: 2.255518 | accuracy: 0.451613 | precision: 0.482335 | 
Epoch 29 Training Summary: epoch: 29.000000 | loss: 0.249650 | 
Epoch runtime: 0.0 hours, 0.0 minutes, 0.3490109443664551 seconds

Avg epoch train. time: 0.0 hours, 0.0 minutes, 0.3557648165472623 seconds
Avg batch train. time: 0.01046367107491948 seconds
Avg sample train. time: 0.0013127853009124069 seconds
Epoch 30 Training Summary: epoch: 30.000000 | loss: 0.221837 | 
Epoch runtime: 0.0 hours, 0.0 minutes, 0.3446075916290283 seconds

Avg epoch train. time: 0.0 hours, 0.0 minutes, 0.35539290904998777 seconds
Avg batch train. time: 0.010452732619117288 seconds
Avg sample train. time: 0.00131141294852394 seconds
Evaluating on validation set ...
Validation runtime: 0.0 hours, 0.0 minutes, 0.01699042320251465 seconds

Avg val. time: 0.0 hours, 0.0 minutes, 0.035573356291827035 seconds
Avg batch val. time: 0.008893339072956759 seconds
Avg sample val. time: 0.001147527622317001 seconds
Epoch 30 Validation Summary: epoch: 30.000000 | loss: 2.138370 | accuracy: 0.451613 | precision: 0.531965 | 
Epoch 31 Training Summary: epoch: 31.000000 | loss: 0.222746 | 
Epoch runtime: 0.0 hours, 0.0 minutes, 0.34714269638061523 seconds

Avg epoch train. time: 0.0 hours, 0.0 minutes, 0.3551267731574274 seconds
Avg batch train. time: 0.010444905092865511 seconds
Avg sample train. time: 0.0013104308972598797 seconds
Epoch 32 Training Summary: epoch: 32.000000 | loss: 0.298671 | 
Epoch runtime: 0.0 hours, 0.0 minutes, 0.3583095073699951 seconds

Avg epoch train. time: 0.0 hours, 0.0 minutes, 0.35522623360157013 seconds
Avg batch train. time: 0.01044783040004618 seconds
Avg sample train. time: 0.0013107979099688935 seconds
Evaluating on validation set ...
Validation runtime: 0.0 hours, 0.0 minutes, 0.016451597213745117 seconds

Avg val. time: 0.0 hours, 0.0 minutes, 0.034511036343044706 seconds
Avg batch val. time: 0.008627759085761176 seconds
Avg sample val. time: 0.0011132592368724098 seconds
Epoch 32 Validation Summary: epoch: 32.000000 | loss: 2.082419 | accuracy: 0.516129 | precision: 0.554839 | 
Epoch 33 Training Summary: epoch: 33.000000 | loss: 0.201549 | 
Epoch runtime: 0.0 hours, 0.0 minutes, 0.3414304256439209 seconds

Avg epoch train. time: 0.0 hours, 0.0 minutes, 0.3548081788149747 seconds
Avg batch train. time: 0.010435534671028666 seconds
Avg sample train. time: 0.0013092552723799804 seconds
Epoch 34 Training Summary: epoch: 34.000000 | loss: 0.164569 | 
Epoch runtime: 0.0 hours, 0.0 minutes, 0.34508562088012695 seconds

Avg epoch train. time: 0.0 hours, 0.0 minutes, 0.3545222212286556 seconds
Avg batch train. time: 0.010427124153783988 seconds
Avg sample train. time: 0.0013082000783345225 seconds
Evaluating on validation set ...
Validation runtime: 0.0 hours, 0.0 minutes, 0.016694307327270508 seconds

Avg val. time: 0.0 hours, 0.0 minutes, 0.03357331376326712 seconds
Avg batch val. time: 0.00839332844081678 seconds
Avg sample val. time: 0.0010830101213957135 seconds
Epoch 34 Validation Summary: epoch: 34.000000 | loss: 2.385819 | accuracy: 0.354839 | precision: 0.409217 | 
Epoch 35 Training Summary: epoch: 35.000000 | loss: 0.181868 | 
Epoch runtime: 0.0 hours, 0.0 minutes, 0.36006784439086914 seconds

Avg epoch train. time: 0.0 hours, 0.0 minutes, 0.3546806676047189 seconds
Avg batch train. time: 0.010431784341315262 seconds
Avg sample train. time: 0.0013087847513089258 seconds
Epoch 36 Training Summary: epoch: 36.000000 | loss: 0.152772 | 
Epoch runtime: 0.0 hours, 0.0 minutes, 0.3467414379119873 seconds

Avg epoch train. time: 0.0 hours, 0.0 minutes, 0.35446013344658744 seconds
Avg batch train. time: 0.01042529804254669 seconds
Avg sample train. time: 0.001307970972127629 seconds
Evaluating on validation set ...
Validation runtime: 0.0 hours, 0.0 minutes, 0.016468286514282227 seconds

Avg val. time: 0.0 hours, 0.0 minutes, 0.03271806240081787 seconds
Avg batch val. time: 0.008179515600204468 seconds
Avg sample val. time: 0.0010554213677683184 seconds
Epoch 36 Validation Summary: epoch: 36.000000 | loss: 2.432412 | accuracy: 0.451613 | precision: 0.438018 | 
Epoch 37 Training Summary: epoch: 37.000000 | loss: 0.197539 | 
Epoch runtime: 0.0 hours, 0.0 minutes, 0.33678174018859863 seconds

Avg epoch train. time: 0.0 hours, 0.0 minutes, 0.3539823390342094 seconds
Avg batch train. time: 0.01041124526571204 seconds
Avg sample train. time: 0.0013062078931151638 seconds
Epoch 38 Training Summary: epoch: 38.000000 | loss: 0.130932 | 
Epoch runtime: 0.0 hours, 0.0 minutes, 0.3535339832305908 seconds

Avg epoch train. time: 0.0 hours, 0.0 minutes, 0.35397054019727203 seconds
Avg batch train. time: 0.010410898241096237 seconds
Avg sample train. time: 0.0013061643549714835 seconds
Evaluating on validation set ...
Validation runtime: 0.0 hours, 0.0 minutes, 0.016111373901367188 seconds

Avg val. time: 0.0 hours, 0.0 minutes, 0.031927267710367836 seconds
Avg batch val. time: 0.007981816927591959 seconds
Avg sample val. time: 0.0010299118616247688 seconds
Epoch 38 Validation Summary: epoch: 38.000000 | loss: 2.862244 | accuracy: 0.387097 | precision: 0.369816 | 
Epoch 39 Training Summary: epoch: 39.000000 | loss: 0.147546 | 
Epoch runtime: 0.0 hours, 0.0 minutes, 0.34533071517944336 seconds

Avg epoch train. time: 0.0 hours, 0.0 minutes, 0.3537490062224559 seconds
Avg batch train. time: 0.010404382535954586 seconds
Avg sample train. time: 0.0013053468864297267 seconds
Epoch 40 Training Summary: epoch: 40.000000 | loss: 0.148137 | 
Epoch runtime: 0.0 hours, 0.0 minutes, 0.35341715812683105 seconds

Avg epoch train. time: 0.0 hours, 0.0 minutes, 0.3537407100200653 seconds
Avg batch train. time: 0.010404138530001921 seconds
Avg sample train. time: 0.0013053162731367723 seconds
Evaluating on validation set ...
Validation runtime: 0.0 hours, 0.0 minutes, 0.01626420021057129 seconds

Avg val. time: 0.0 hours, 0.0 minutes, 0.031215310096740723 seconds
Avg batch val. time: 0.007803827524185181 seconds
Avg sample val. time: 0.0010069454869916362 seconds
Epoch 40 Validation Summary: epoch: 40.000000 | loss: 2.625565 | accuracy: 0.354839 | precision: 0.308244 | 
Best accuracy was 0.5161290322580645. Other metrics: OrderedDict([('epoch', 32), ('loss', 2.0824185494453675), ('accuracy', 0.5161290322580645), ('precision', 0.5548387096774193)])
All Done!
Total runtime: 0.0 hours, 0.0 minutes, 22.919609308242798 seconds

