Running:
src/main_crosssetting.py --output_dir experiments --target_user Zeyu --user_othersetting ZeyuZoom --comment classification from Scratch --name VRS_fromScratch --records_file VRS_records.xls --data_dir /mnt/d/OneDrive - Southern Methodist University/Phone_Privacy/input_feature/all_processpos_norm_downsample_480p_s22 --test_data_dir /mnt/d/OneDrive - Southern Methodist University/Phone_Privacy/input_feature/all_processpos_norm_downsample_480p_s22 --data_class vrs --val_ratio 0.1 --epochs 40 --lr 0.001 --dropout 0.2 --batch_size 8 --num_layers 3 --num_heads 4 --optimizer RAdam --pos_encoding learnable --task classification --normalization none --key_metric accuracy

Using device: cuda
Loading and preprocessing data ...
1069 samples may be used for training
119 samples will be used for validation
0 samples will be used for testing
Creating model ...
Model:
TSTransformerEncoderClassiregressor(
  (project_inp): Linear(in_features=39, out_features=64, bias=True)
  (pos_enc): LearnablePositionalEncoding(
    (dropout): Dropout(p=0.2, inplace=False)
  )
  (transformer_encoder): TransformerEncoder(
    (layers): ModuleList(
      (0-2): 3 x TransformerBatchNormEncoderLayer(
        (self_attn): MultiheadAttention(
          (out_proj): NonDynamicallyQuantizableLinear(in_features=64, out_features=64, bias=True)
        )
        (linear1): Linear(in_features=64, out_features=256, bias=True)
        (dropout): Dropout(p=0.2, inplace=False)
        (linear2): Linear(in_features=256, out_features=64, bias=True)
        (norm1): BatchNorm1d(64, eps=1e-05, momentum=0.1, affine=True, track_running_stats=True)
        (norm2): BatchNorm1d(64, eps=1e-05, momentum=0.1, affine=True, track_running_stats=True)
        (dropout1): Dropout(p=0.2, inplace=False)
        (dropout2): Dropout(p=0.2, inplace=False)
      )
    )
  )
  (dropout1): Dropout(p=0.2, inplace=False)
  (output_layer): Linear(in_features=5120, out_features=5, bias=True)
)
Total number of parameters: 183237
Trainable parameters: 183237
Evaluating on validation set ...
Validation runtime: 0.0 hours, 0.0 minutes, 0.2596561908721924 seconds

Avg val. time: 0.0 hours, 0.0 minutes, 0.2596561908721924 seconds
Avg batch val. time: 0.017310412724812825 seconds
Avg sample val. time: 0.002181984797245314 seconds
Epoch 0 Validation Summary: epoch: 0.000000 | loss: 4.386554 | accuracy: 0.184874 | precision: 0.187075 | 
Starting training...
Epoch 1 Training Summary: epoch: 1.000000 | loss: 1.688894 | 
Epoch runtime: 0.0 hours, 0.0 minutes, 1.4470250606536865 seconds

Avg epoch train. time: 0.0 hours, 0.0 minutes, 1.4470250606536865 seconds
Avg batch train. time: 0.010798694482490198 seconds
Avg sample train. time: 0.0013536249398070034 seconds
Evaluating on validation set ...
Validation runtime: 0.0 hours, 0.0 minutes, 0.046662092208862305 seconds

Avg val. time: 0.0 hours, 0.0 minutes, 0.15315914154052734 seconds
Avg batch val. time: 0.010210609436035157 seconds
Avg sample val. time: 0.0012870516095842635 seconds
Epoch 1 Validation Summary: epoch: 1.000000 | loss: 1.598993 | accuracy: 0.218487 | precision: 0.149975 | 
Epoch 2 Training Summary: epoch: 2.000000 | loss: 1.668197 | 
Epoch runtime: 0.0 hours, 0.0 minutes, 1.4492967128753662 seconds

Avg epoch train. time: 0.0 hours, 0.0 minutes, 1.4481608867645264 seconds
Avg batch train. time: 0.010807170796750197 seconds
Avg sample train. time: 0.0013546874525393138 seconds
Evaluating on validation set ...
Validation runtime: 0.0 hours, 0.0 minutes, 0.05347156524658203 seconds

Avg val. time: 0.0 hours, 0.0 minutes, 0.11992994944254558 seconds
Avg batch val. time: 0.007995329962836372 seconds
Avg sample val. time: 0.001007814701197862 seconds
Epoch 2 Validation Summary: epoch: 2.000000 | loss: 1.577985 | accuracy: 0.285714 | precision: 0.346570 | 
Epoch 3 Training Summary: epoch: 3.000000 | loss: 1.654350 | 
Epoch runtime: 0.0 hours, 0.0 minutes, 1.544860601425171 seconds

Avg epoch train. time: 0.0 hours, 0.0 minutes, 1.4803941249847412 seconds
Avg batch train. time: 0.011047717350632397 seconds
Avg sample train. time: 0.0013848401543355858 seconds
Epoch 4 Training Summary: epoch: 4.000000 | loss: 1.640339 | 
Epoch runtime: 0.0 hours, 0.0 minutes, 1.4951398372650146 seconds

Avg epoch train. time: 0.0 hours, 0.0 minutes, 1.4840805530548096 seconds
Avg batch train. time: 0.011075228007871713 seconds
Avg sample train. time: 0.0013882886370952382 seconds
Evaluating on validation set ...
Validation runtime: 0.0 hours, 0.0 minutes, 0.054767608642578125 seconds

Avg val. time: 0.0 hours, 0.0 minutes, 0.10363936424255371 seconds
Avg batch val. time: 0.006909290949503581 seconds
Avg sample val. time: 0.0008709190272483505 seconds
Epoch 4 Validation Summary: epoch: 4.000000 | loss: 1.583184 | accuracy: 0.294118 | precision: 0.255528 | 
Epoch 5 Training Summary: epoch: 5.000000 | loss: 1.571436 | 
Epoch runtime: 0.0 hours, 0.0 minutes, 1.4690971374511719 seconds

Avg epoch train. time: 0.0 hours, 0.0 minutes, 1.481083869934082 seconds
Avg batch train. time: 0.011052864701000613 seconds
Avg sample train. time: 0.0013854853787970832 seconds
Epoch 6 Training Summary: epoch: 6.000000 | loss: 1.573412 | 
Epoch runtime: 0.0 hours, 0.0 minutes, 1.5566613674163818 seconds

Avg epoch train. time: 0.0 hours, 0.0 minutes, 1.4936801195144653 seconds
Avg batch train. time: 0.011146866563540785 seconds
Avg sample train. time: 0.0013972685870107253 seconds
Evaluating on validation set ...
Validation runtime: 0.0 hours, 0.0 minutes, 0.05592775344848633 seconds

Avg val. time: 0.0 hours, 0.0 minutes, 0.09409704208374023 seconds
Avg batch val. time: 0.006273136138916015 seconds
Avg sample val. time: 0.0007907314460818506 seconds
Epoch 6 Validation Summary: epoch: 6.000000 | loss: 1.520883 | accuracy: 0.344538 | precision: 0.343925 | 
Epoch 7 Training Summary: epoch: 7.000000 | loss: 1.541298 | 
Epoch runtime: 0.0 hours, 0.0 minutes, 1.7187762260437012 seconds

Avg epoch train. time: 0.0 hours, 0.0 minutes, 1.525836706161499 seconds
Avg batch train. time: 0.011386841090757455 seconds
Avg sample train. time: 0.0014273495848096342 seconds
Epoch 8 Training Summary: epoch: 8.000000 | loss: 1.522759 | 
Epoch runtime: 0.0 hours, 0.0 minutes, 1.4977734088897705 seconds

Avg epoch train. time: 0.0 hours, 0.0 minutes, 1.522328794002533 seconds
Avg batch train. time: 0.011360662641809948 seconds
Avg sample train. time: 0.0014240680954186464 seconds
Evaluating on validation set ...
Validation runtime: 0.0 hours, 0.0 minutes, 0.050769805908203125 seconds

Avg val. time: 0.0 hours, 0.0 minutes, 0.08687583605448405 seconds
Avg batch val. time: 0.00579172240363227 seconds
Avg sample val. time: 0.0007300490424746559 seconds
Epoch 8 Validation Summary: epoch: 8.000000 | loss: 1.508471 | accuracy: 0.344538 | precision: 0.355646 | 
Epoch 9 Training Summary: epoch: 9.000000 | loss: 1.495654 | 
Epoch runtime: 0.0 hours, 0.0 minutes, 1.4003965854644775 seconds

Avg epoch train. time: 0.0 hours, 0.0 minutes, 1.5087807708316379 seconds
Avg batch train. time: 0.01125955799128088 seconds
Avg sample train. time: 0.0014113945470829166 seconds
Epoch 10 Training Summary: epoch: 10.000000 | loss: 1.488548 | 
Epoch runtime: 0.0 hours, 0.0 minutes, 1.4560010433197021 seconds

Avg epoch train. time: 0.0 hours, 0.0 minutes, 1.5035027980804443 seconds
Avg batch train. time: 0.01122017013492869 seconds
Avg sample train. time: 0.001406457247970481 seconds
Evaluating on validation set ...
Validation runtime: 0.0 hours, 0.0 minutes, 0.05115389823913574 seconds

Avg val. time: 0.0 hours, 0.0 minutes, 0.08177270208086286 seconds
Avg batch val. time: 0.005451513472057524 seconds
Avg sample val. time: 0.0006871655637047299 seconds
Epoch 10 Validation Summary: epoch: 10.000000 | loss: 1.475927 | accuracy: 0.327731 | precision: 0.341149 | 
Epoch 11 Training Summary: epoch: 11.000000 | loss: 1.439888 | 
Epoch runtime: 0.0 hours, 0.0 minutes, 1.4521279335021973 seconds

Avg epoch train. time: 0.0 hours, 0.0 minutes, 1.4988323558460583 seconds
Avg batch train. time: 0.01118531608840342 seconds
Avg sample train. time: 0.0014020882655248442 seconds
Epoch 12 Training Summary: epoch: 12.000000 | loss: 1.444574 | 
Epoch runtime: 0.0 hours, 0.0 minutes, 1.4397475719451904 seconds

Avg epoch train. time: 0.0 hours, 0.0 minutes, 1.4939086238543193 seconds
Avg batch train. time: 0.011148571819808353 seconds
Avg sample train. time: 0.001397482342239775 seconds
Evaluating on validation set ...
Validation runtime: 0.0 hours, 0.0 minutes, 0.05219554901123047 seconds

Avg val. time: 0.0 hours, 0.0 minutes, 0.07807555794715881 seconds
Avg batch val. time: 0.005205037196477255 seconds
Avg sample val. time: 0.0006560971256063766 seconds
Epoch 12 Validation Summary: epoch: 12.000000 | loss: 1.383412 | accuracy: 0.369748 | precision: 0.332727 | 
Epoch 13 Training Summary: epoch: 13.000000 | loss: 1.386054 | 
Epoch runtime: 0.0 hours, 0.0 minutes, 1.5062029361724854 seconds

Avg epoch train. time: 0.0 hours, 0.0 minutes, 1.4948543401864858 seconds
Avg batch train. time: 0.01115562940437676 seconds
Avg sample train. time: 0.0013983670160771617 seconds
Epoch 14 Training Summary: epoch: 14.000000 | loss: 1.395552 | 
Epoch runtime: 0.0 hours, 0.0 minutes, 1.4215874671936035 seconds

Avg epoch train. time: 0.0 hours, 0.0 minutes, 1.4896209921155656 seconds
Avg batch train. time: 0.011116574568026609 seconds
Avg sample train. time: 0.001393471461286778 seconds
Evaluating on validation set ...
Validation runtime: 0.0 hours, 0.0 minutes, 0.04978609085083008 seconds

Avg val. time: 0.0 hours, 0.0 minutes, 0.0749322838253445 seconds
Avg batch val. time: 0.0049954855883563 seconds
Avg sample val. time: 0.0006296830573558361 seconds
Epoch 14 Validation Summary: epoch: 14.000000 | loss: 1.321280 | accuracy: 0.386555 | precision: 0.367205 | 
Epoch 15 Training Summary: epoch: 15.000000 | loss: 1.372958 | 
Epoch runtime: 0.0 hours, 0.0 minutes, 1.4881081581115723 seconds

Avg epoch train. time: 0.0 hours, 0.0 minutes, 1.4895201365152995 seconds
Avg batch train. time: 0.01111582191429328 seconds
Avg sample train. time: 0.0013933771155428432 seconds
Epoch 16 Training Summary: epoch: 16.000000 | loss: 1.336702 | 
Epoch runtime: 0.0 hours, 0.0 minutes, 1.4426751136779785 seconds

Avg epoch train. time: 0.0 hours, 0.0 minutes, 1.486592322587967 seconds
Avg batch train. time: 0.011093972556626619 seconds
Avg sample train. time: 0.0013906382811861243 seconds
Evaluating on validation set ...
Validation runtime: 0.0 hours, 0.0 minutes, 0.055222511291503906 seconds

Avg val. time: 0.0 hours, 0.0 minutes, 0.07296130657196045 seconds
Avg batch val. time: 0.004864087104797364 seconds
Avg sample val. time: 0.0006131202232937854 seconds
Epoch 16 Validation Summary: epoch: 16.000000 | loss: 1.369819 | accuracy: 0.394958 | precision: 0.372766 | 
Epoch 17 Training Summary: epoch: 17.000000 | loss: 1.322222 | 
Epoch runtime: 0.0 hours, 0.0 minutes, 1.5160877704620361 seconds

Avg epoch train. time: 0.0 hours, 0.0 minutes, 1.4883273489335005 seconds
Avg batch train. time: 0.011106920514429108 seconds
Avg sample train. time: 0.001392261317992049 seconds
Epoch 18 Training Summary: epoch: 18.000000 | loss: 1.300667 | 
Epoch runtime: 0.0 hours, 0.0 minutes, 1.4387469291687012 seconds

Avg epoch train. time: 0.0 hours, 0.0 minutes, 1.4855728811687894 seconds
Avg batch train. time: 0.011086364784841712 seconds
Avg sample train. time: 0.0013896846409436757 seconds
Evaluating on validation set ...
Validation runtime: 0.0 hours, 0.0 minutes, 0.051024675369262695 seconds

Avg val. time: 0.0 hours, 0.0 minutes, 0.0709670673717152 seconds
Avg batch val. time: 0.004731137824781013 seconds
Avg sample val. time: 0.0005963619106866823 seconds
Epoch 18 Validation Summary: epoch: 18.000000 | loss: 1.529116 | accuracy: 0.277311 | precision: 0.336219 | 
Epoch 19 Training Summary: epoch: 19.000000 | loss: 1.280222 | 
Epoch runtime: 0.0 hours, 0.0 minutes, 1.5238056182861328 seconds

Avg epoch train. time: 0.0 hours, 0.0 minutes, 1.4875851304907548 seconds
Avg batch train. time: 0.011101381570826529 seconds
Avg sample train. time: 0.0013915670070072542 seconds
Epoch 20 Training Summary: epoch: 20.000000 | loss: 1.292669 | 
Epoch runtime: 0.0 hours, 0.0 minutes, 1.5219745635986328 seconds

Avg epoch train. time: 0.0 hours, 0.0 minutes, 1.4893046021461487 seconds
Avg batch train. time: 0.011114213448851856 seconds
Avg sample train. time: 0.0013931754931208126 seconds
Evaluating on validation set ...
Validation runtime: 0.0 hours, 0.0 minutes, 0.04992198944091797 seconds

Avg val. time: 0.0 hours, 0.0 minutes, 0.0692133108774821 seconds
Avg batch val. time: 0.004614220725165473 seconds
Avg sample val. time: 0.0005816244611553117 seconds
Epoch 20 Validation Summary: epoch: 20.000000 | loss: 1.389734 | accuracy: 0.352941 | precision: 0.348168 | 
Epoch 21 Training Summary: epoch: 21.000000 | loss: 1.287631 | 
Epoch runtime: 0.0 hours, 0.0 minutes, 1.5367600917816162 seconds

Avg epoch train. time: 0.0 hours, 0.0 minutes, 1.4915643873668851 seconds
Avg batch train. time: 0.011131077517663322 seconds
Avg sample train. time: 0.001395289417555552 seconds
Epoch 22 Training Summary: epoch: 22.000000 | loss: 1.275350 | 
Epoch runtime: 0.0 hours, 0.0 minutes, 1.5653166770935059 seconds

Avg epoch train. time: 0.0 hours, 0.0 minutes, 1.4949167641726406 seconds
Avg batch train. time: 0.011156095255019706 seconds
Avg sample train. time: 0.0013984254108256695 seconds
Evaluating on validation set ...
Validation runtime: 0.0 hours, 0.0 minutes, 0.06548953056335449 seconds

Avg val. time: 0.0 hours, 0.0 minutes, 0.06892686623793381 seconds
Avg batch val. time: 0.004595124415862254 seconds
Avg sample val. time: 0.0005792173633439817 seconds
Epoch 22 Validation Summary: epoch: 22.000000 | loss: 1.354519 | accuracy: 0.378151 | precision: 0.386943 | 
Epoch 23 Training Summary: epoch: 23.000000 | loss: 1.269821 | 
Epoch runtime: 0.0 hours, 0.0 minutes, 1.6230156421661377 seconds

Avg epoch train. time: 0.0 hours, 0.0 minutes, 1.5004862806071406 seconds
Avg batch train. time: 0.01119765881050105 seconds
Avg sample train. time: 0.00140363543555392 seconds
Epoch 24 Training Summary: epoch: 24.000000 | loss: 1.242098 | 
Epoch runtime: 0.0 hours, 0.0 minutes, 1.5703535079956055 seconds

Avg epoch train. time: 0.0 hours, 0.0 minutes, 1.50339741508166 seconds
Avg batch train. time: 0.011219383694639254 seconds
Avg sample train. time: 0.0014063586670548737 seconds
Evaluating on validation set ...
Validation runtime: 0.0 hours, 0.0 minutes, 0.05140852928161621 seconds

Avg val. time: 0.0 hours, 0.0 minutes, 0.06767555645533971 seconds
Avg batch val. time: 0.004511703763689314 seconds
Avg sample val. time: 0.0005687021550868883 seconds
Epoch 24 Validation Summary: epoch: 24.000000 | loss: 1.417303 | accuracy: 0.462185 | precision: 0.473741 | 
Epoch 25 Training Summary: epoch: 25.000000 | loss: 1.236951 | 
Epoch runtime: 0.0 hours, 0.0 minutes, 1.648864984512329 seconds

Avg epoch train. time: 0.0 hours, 0.0 minutes, 1.5092161178588868 seconds
Avg batch train. time: 0.011262806849693184 seconds
Avg sample train. time: 0.0014118017940681822 seconds
Epoch 26 Training Summary: epoch: 26.000000 | loss: 1.231218 | 
Epoch runtime: 0.0 hours, 0.0 minutes, 1.4562618732452393 seconds

Avg epoch train. time: 0.0 hours, 0.0 minutes, 1.5071794161429772 seconds
Avg batch train. time: 0.011247607583156547 seconds
Avg sample train. time: 0.001409896553922336 seconds
Evaluating on validation set ...
Validation runtime: 0.0 hours, 0.0 minutes, 0.04748272895812988 seconds

Avg val. time: 0.0 hours, 0.0 minutes, 0.06632936795552571 seconds
Avg batch val. time: 0.004421957863701714 seconds
Avg sample val. time: 0.0005573896466850901 seconds
Epoch 26 Validation Summary: epoch: 26.000000 | loss: 1.544986 | accuracy: 0.394958 | precision: 0.380374 | 
Epoch 27 Training Summary: epoch: 27.000000 | loss: 1.217216 | 
Epoch runtime: 0.0 hours, 0.0 minutes, 1.4592506885528564 seconds

Avg epoch train. time: 0.0 hours, 0.0 minutes, 1.505404278084084 seconds
Avg batch train. time: 0.011234360284209582 seconds
Avg sample train. time: 0.0014082359944659344 seconds
Epoch 28 Training Summary: epoch: 28.000000 | loss: 1.218835 | 
Epoch runtime: 0.0 hours, 0.0 minutes, 1.3947763442993164 seconds

Avg epoch train. time: 0.0 hours, 0.0 minutes, 1.5014532804489136 seconds
Avg batch train. time: 0.011204875227230699 seconds
Avg sample train. time: 0.0014045400191290117 seconds
Evaluating on validation set ...
Validation runtime: 0.0 hours, 0.0 minutes, 0.0494997501373291 seconds

Avg val. time: 0.0 hours, 0.0 minutes, 0.06527751684188843 seconds
Avg batch val. time: 0.0043518344561258955 seconds
Avg sample val. time: 0.0005485505616965415 seconds
Epoch 28 Validation Summary: epoch: 28.000000 | loss: 1.275045 | accuracy: 0.462185 | precision: 0.468590 | 
Epoch 29 Training Summary: epoch: 29.000000 | loss: 1.207813 | 
Epoch runtime: 0.0 hours, 0.0 minutes, 1.3098101615905762 seconds

Avg epoch train. time: 0.0 hours, 0.0 minutes, 1.4948448970400054 seconds
Avg batch train. time: 0.01115555893313437 seconds
Avg sample train. time: 0.0013983581824508937 seconds
Epoch 30 Training Summary: epoch: 30.000000 | loss: 1.181734 | 
Epoch runtime: 0.0 hours, 0.0 minutes, 1.2940843105316162 seconds

Avg epoch train. time: 0.0 hours, 0.0 minutes, 1.4881528774897257 seconds
Avg batch train. time: 0.011105618488729296 seconds
Avg sample train. time: 0.0013920981080352906 seconds
Evaluating on validation set ...
Validation runtime: 0.0 hours, 0.0 minutes, 0.04453873634338379 seconds

Avg val. time: 0.0 hours, 0.0 minutes, 0.06405758857727051 seconds
Avg batch val. time: 0.004270505905151367 seconds
Avg sample val. time: 0.0005382990636745421 seconds
Epoch 30 Validation Summary: epoch: 30.000000 | loss: 1.633609 | accuracy: 0.403361 | precision: 0.410892 | 
Epoch 31 Training Summary: epoch: 31.000000 | loss: 1.168702 | 
Epoch runtime: 0.0 hours, 0.0 minutes, 1.3041691780090332 seconds

Avg epoch train. time: 0.0 hours, 0.0 minutes, 1.4822179194419616 seconds
Avg batch train. time: 0.011061327757029563 seconds
Avg sample train. time: 0.0013865462295995898 seconds
Epoch 32 Training Summary: epoch: 32.000000 | loss: 1.187034 | 
Epoch runtime: 0.0 hours, 0.0 minutes, 1.3491668701171875 seconds

Avg epoch train. time: 0.0 hours, 0.0 minutes, 1.4780600741505623 seconds
Avg batch train. time: 0.011030299060825092 seconds
Avg sample train. time: 0.001382656757858337 seconds
Evaluating on validation set ...
Validation runtime: 0.0 hours, 0.0 minutes, 0.04687190055847168 seconds

Avg val. time: 0.0 hours, 0.0 minutes, 0.06310282813178168 seconds
Avg batch val. time: 0.004206855208785445 seconds
Avg sample val. time: 0.0005302758666536276 seconds
Epoch 32 Validation Summary: epoch: 32.000000 | loss: 1.369320 | accuracy: 0.369748 | precision: 0.351739 | 
Epoch 33 Training Summary: epoch: 33.000000 | loss: 1.178425 | 
Epoch runtime: 0.0 hours, 0.0 minutes, 1.3343737125396729 seconds

Avg epoch train. time: 0.0 hours, 0.0 minutes, 1.4737059419805354 seconds
Avg batch train. time: 0.010997805537168174 seconds
Avg sample train. time: 0.0013785836688311836 seconds
Epoch 34 Training Summary: epoch: 34.000000 | loss: 1.140361 | 
Epoch runtime: 0.0 hours, 0.0 minutes, 1.2642059326171875 seconds

Avg epoch train. time: 0.0 hours, 0.0 minutes, 1.4675441769992603 seconds
Avg batch train. time: 0.01095182221641239 seconds
Avg sample train. time: 0.001372819623011469 seconds
Evaluating on validation set ...
Validation runtime: 0.0 hours, 0.0 minutes, 0.04370427131652832 seconds

Avg val. time: 0.0 hours, 0.0 minutes, 0.06208185145729467 seconds
Avg batch val. time: 0.004138790097152978 seconds
Avg sample val. time: 0.0005216962307335686 seconds
Epoch 34 Validation Summary: epoch: 34.000000 | loss: 1.516250 | accuracy: 0.336134 | precision: 0.329589 | 
Epoch 35 Training Summary: epoch: 35.000000 | loss: 1.164303 | 
Epoch runtime: 0.0 hours, 0.0 minutes, 1.218858003616333 seconds

Avg epoch train. time: 0.0 hours, 0.0 minutes, 1.4604388577597482 seconds
Avg batch train. time: 0.010898797445968271 seconds
Avg sample train. time: 0.0013661729258744137 seconds
Epoch 36 Training Summary: epoch: 36.000000 | loss: 1.129689 | 
Epoch runtime: 0.0 hours, 0.0 minutes, 1.3604159355163574 seconds

Avg epoch train. time: 0.0 hours, 0.0 minutes, 1.4576604432529874 seconds
Avg batch train. time: 0.010878063009350653 seconds
Avg sample train. time: 0.0013635738477577057 seconds
Evaluating on validation set ...
Validation runtime: 0.0 hours, 0.0 minutes, 0.05004453659057617 seconds

Avg val. time: 0.0 hours, 0.0 minutes, 0.06147998571395874 seconds
Avg batch val. time: 0.004098665714263916 seconds
Avg sample val. time: 0.000516638535411418 seconds
Epoch 36 Validation Summary: epoch: 36.000000 | loss: 1.528953 | accuracy: 0.420168 | precision: 0.411785 | 
Epoch 37 Training Summary: epoch: 37.000000 | loss: 1.126293 | 
Epoch runtime: 0.0 hours, 0.0 minutes, 1.440195083618164 seconds

Avg epoch train. time: 0.0 hours, 0.0 minutes, 1.4571884065061003 seconds
Avg batch train. time: 0.01087454034706045 seconds
Avg sample train. time: 0.0013631322792386346 seconds
Epoch 38 Training Summary: epoch: 38.000000 | loss: 1.132710 | 
Epoch runtime: 0.0 hours, 0.0 minutes, 1.4337937831878662 seconds

Avg epoch train. time: 0.0 hours, 0.0 minutes, 1.4565727585240413 seconds
Avg batch train. time: 0.010869945959134637 seconds
Avg sample train. time: 0.0013625563690589722 seconds
Evaluating on validation set ...
Validation runtime: 0.0 hours, 0.0 minutes, 0.050083160400390625 seconds

Avg val. time: 0.0 hours, 0.0 minutes, 0.06093727974664597 seconds
Avg batch val. time: 0.004062485316443065 seconds
Avg sample val. time: 0.0005120779810642519 seconds
Epoch 38 Validation Summary: epoch: 38.000000 | loss: 1.536520 | accuracy: 0.344538 | precision: 0.332698 | 
Epoch 39 Training Summary: epoch: 39.000000 | loss: 1.084986 | 
Epoch runtime: 0.0 hours, 0.0 minutes, 1.5403602123260498 seconds

Avg epoch train. time: 0.0 hours, 0.0 minutes, 1.458721154775375 seconds
Avg batch train. time: 0.010885978766980409 seconds
Avg sample train. time: 0.0013645660942706967 seconds
Epoch 40 Training Summary: epoch: 40.000000 | loss: 1.092573 | 
Epoch runtime: 0.0 hours, 0.0 minutes, 1.4402267932891846 seconds

Avg epoch train. time: 0.0 hours, 0.0 minutes, 1.4582587957382203 seconds
Avg batch train. time: 0.010882528326404628 seconds
Avg sample train. time: 0.0013641335788009544 seconds
Evaluating on validation set ...
Validation runtime: 0.0 hours, 0.0 minutes, 0.04847121238708496 seconds

Avg val. time: 0.0 hours, 0.0 minutes, 0.06037064032121138 seconds
Avg batch val. time: 0.0040247093547474255 seconds
Avg sample val. time: 0.0005073163052202637 seconds
Epoch 40 Validation Summary: epoch: 40.000000 | loss: 1.504068 | accuracy: 0.336134 | precision: 0.331982 | 
Best accuracy was 0.46218487394957986. Other metrics: OrderedDict([('epoch', 24), ('loss', 1.41730297313017), ('accuracy', 0.46218487394957986), ('precision', 0.47374069832536597)])
All Done!
Total runtime: 0.0 hours, 1.0 minutes, 15.978504419326782 seconds

