Running:
src/main_5q.py --output_dir experiments --comment classification from Scratch --name VRS_fromScratch --records_file VRS_records.xls --data_dir /mnt/d/OneDrive - Southern Methodist University/Phone_Privacy/input_feature/combine_opticalflow_all_feat_downsample_480p_s22 --data_class vrs --val_ratio 0.1 --epochs 40 --lr 0.001 --dropout 0.2 --batch_size 8 --num_layers 3 --num_heads 4 --optimizer RAdam --pos_encoding learnable --task classification --normalization none --key_metric accuracy

Using device: cuda
Loading and preprocessing data ...
271 samples may be used for training
31 samples will be used for validation
0 samples will be used for testing
Creating model ...
Model:
TSTransformerEncoderClassiregressor(
  (project_inp): Linear(in_features=47, out_features=64, bias=True)
  (pos_enc): LearnablePositionalEncoding(
    (dropout): Dropout(p=0.2, inplace=False)
  )
  (transformer_encoder): TransformerEncoder(
    (layers): ModuleList(
      (0-2): 3 x TransformerBatchNormEncoderLayer(
        (self_attn): MultiheadAttention(
          (out_proj): NonDynamicallyQuantizableLinear(in_features=64, out_features=64, bias=True)
        )
        (linear1): Linear(in_features=64, out_features=256, bias=True)
        (dropout): Dropout(p=0.2, inplace=False)
        (linear2): Linear(in_features=256, out_features=64, bias=True)
        (norm1): BatchNorm1d(64, eps=1e-05, momentum=0.1, affine=True, track_running_stats=True)
        (norm2): BatchNorm1d(64, eps=1e-05, momentum=0.1, affine=True, track_running_stats=True)
        (dropout1): Dropout(p=0.2, inplace=False)
        (dropout2): Dropout(p=0.2, inplace=False)
      )
    )
  )
  (dropout1): Dropout(p=0.2, inplace=False)
  (output_layer): Linear(in_features=5120, out_features=5, bias=True)
)
Total number of parameters: 183749
Trainable parameters: 183749
Evaluating on validation set ...
Validation runtime: 0.0 hours, 0.0 minutes, 0.3637959957122803 seconds

Avg val. time: 0.0 hours, 0.0 minutes, 0.3637959957122803 seconds
Avg batch val. time: 0.09094899892807007 seconds
Avg sample val. time: 0.011735354700396139 seconds
Epoch 0 Validation Summary: epoch: 0.000000 | loss: 7.090244 | accuracy: 0.161290 | precision: 0.092593 | 
Starting training...
Epoch 1 Training Summary: epoch: 1.000000 | loss: 1.670037 | 
Epoch runtime: 0.0 hours, 0.0 minutes, 0.5493700504302979 seconds

Avg epoch train. time: 0.0 hours, 0.0 minutes, 0.5493700504302979 seconds
Avg batch train. time: 0.016157942659714642 seconds
Avg sample train. time: 0.0020271957580453794 seconds
Evaluating on validation set ...
Validation runtime: 0.0 hours, 0.0 minutes, 0.015651464462280273 seconds

Avg val. time: 0.0 hours, 0.0 minutes, 0.18972373008728027 seconds
Avg batch val. time: 0.04743093252182007 seconds
Avg sample val. time: 0.006120120325396138 seconds
Epoch 1 Validation Summary: epoch: 1.000000 | loss: 1.671308 | accuracy: 0.096774 | precision: 0.070968 | 
Epoch 2 Training Summary: epoch: 2.000000 | loss: 1.613250 | 
Epoch runtime: 0.0 hours, 0.0 minutes, 0.33567333221435547 seconds

Avg epoch train. time: 0.0 hours, 0.0 minutes, 0.44252169132232666 seconds
Avg batch train. time: 0.013015343862421373 seconds
Avg sample train. time: 0.0016329213701930874 seconds
Evaluating on validation set ...
Validation runtime: 0.0 hours, 0.0 minutes, 0.01508641242980957 seconds

Avg val. time: 0.0 hours, 0.0 minutes, 0.13151129086812338 seconds
Avg batch val. time: 0.032877822717030845 seconds
Avg sample val. time: 0.004242299705423335 seconds
Epoch 2 Validation Summary: epoch: 2.000000 | loss: 1.661432 | accuracy: 0.129032 | precision: 0.086429 | 
Epoch 3 Training Summary: epoch: 3.000000 | loss: 1.592179 | 
Epoch runtime: 0.0 hours, 0.0 minutes, 0.34436535835266113 seconds

Avg epoch train. time: 0.0 hours, 0.0 minutes, 0.4098029136657715 seconds
Avg batch train. time: 0.012053026872522691 seconds
Avg sample train. time: 0.0015121878733054298 seconds
Epoch 4 Training Summary: epoch: 4.000000 | loss: 1.559101 | 
Epoch runtime: 0.0 hours, 0.0 minutes, 0.37223362922668457 seconds

Avg epoch train. time: 0.0 hours, 0.0 minutes, 0.40041059255599976 seconds
Avg batch train. time: 0.011776782133999993 seconds
Avg sample train. time: 0.0014775298618302573 seconds
Evaluating on validation set ...
Validation runtime: 0.0 hours, 0.0 minutes, 0.018595457077026367 seconds

Avg val. time: 0.0 hours, 0.0 minutes, 0.10328233242034912 seconds
Avg batch val. time: 0.02582058310508728 seconds
Avg sample val. time: 0.003331688142591907 seconds
Epoch 4 Validation Summary: epoch: 4.000000 | loss: 1.601176 | accuracy: 0.258065 | precision: 0.205000 | 
Epoch 5 Training Summary: epoch: 5.000000 | loss: 1.537794 | 
Epoch runtime: 0.0 hours, 0.0 minutes, 0.36742591857910156 seconds

Avg epoch train. time: 0.0 hours, 0.0 minutes, 0.3938136577606201 seconds
Avg batch train. time: 0.011582754640018239 seconds
Avg sample train. time: 0.0014531869290059782 seconds
Epoch 6 Training Summary: epoch: 6.000000 | loss: 1.442642 | 
Epoch runtime: 0.0 hours, 0.0 minutes, 0.36241793632507324 seconds

Avg epoch train. time: 0.0 hours, 0.0 minutes, 0.3885810375213623 seconds
Avg batch train. time: 0.01142885404474595 seconds
Avg sample train. time: 0.0014338783672374993 seconds
Evaluating on validation set ...
Validation runtime: 0.0 hours, 0.0 minutes, 0.01630544662475586 seconds

Avg val. time: 0.0 hours, 0.0 minutes, 0.08588695526123047 seconds
Avg batch val. time: 0.021471738815307617 seconds
Avg sample val. time: 0.00277054694391066 seconds
Epoch 6 Validation Summary: epoch: 6.000000 | loss: 1.419915 | accuracy: 0.290323 | precision: 0.181714 | 
Epoch 7 Training Summary: epoch: 7.000000 | loss: 1.375593 | 
Epoch runtime: 0.0 hours, 0.0 minutes, 0.36777710914611816 seconds

Avg epoch train. time: 0.0 hours, 0.0 minutes, 0.38560904775347027 seconds
Avg batch train. time: 0.01134144258098442 seconds
Avg sample train. time: 0.0014229116153264586 seconds
Epoch 8 Training Summary: epoch: 8.000000 | loss: 1.298870 | 
Epoch runtime: 0.0 hours, 0.0 minutes, 0.3682899475097656 seconds

Avg epoch train. time: 0.0 hours, 0.0 minutes, 0.3834441602230072 seconds
Avg batch train. time: 0.011277769418323742 seconds
Avg sample train. time: 0.001414923100453901 seconds
Evaluating on validation set ...
Validation runtime: 0.0 hours, 0.0 minutes, 0.016120433807373047 seconds

Avg val. time: 0.0 hours, 0.0 minutes, 0.07425920168558757 seconds
Avg batch val. time: 0.018564800421396892 seconds
Avg sample val. time: 0.0023954581188899214 seconds
Epoch 8 Validation Summary: epoch: 8.000000 | loss: 1.366295 | accuracy: 0.322581 | precision: 0.253333 | 
Epoch 9 Training Summary: epoch: 9.000000 | loss: 1.250363 | 
Epoch runtime: 0.0 hours, 0.0 minutes, 0.35293006896972656 seconds

Avg epoch train. time: 0.0 hours, 0.0 minutes, 0.38005370563930935 seconds
Avg batch train. time: 0.01117805016586204 seconds
Avg sample train. time: 0.0014024121979310307 seconds
Epoch 10 Training Summary: epoch: 10.000000 | loss: 1.194215 | 
Epoch runtime: 0.0 hours, 0.0 minutes, 0.3568553924560547 seconds

Avg epoch train. time: 0.0 hours, 0.0 minutes, 0.3777338743209839 seconds
Avg batch train. time: 0.011109819832970115 seconds
Avg sample train. time: 0.001393851934763778 seconds
Evaluating on validation set ...
Validation runtime: 0.0 hours, 0.0 minutes, 0.01691150665283203 seconds

Avg val. time: 0.0 hours, 0.0 minutes, 0.06606667382376534 seconds
Avg batch val. time: 0.016516668455941335 seconds
Avg sample val. time: 0.0021311830265730754 seconds
Epoch 10 Validation Summary: epoch: 10.000000 | loss: 1.331551 | accuracy: 0.387097 | precision: 0.400503 | 
Epoch 11 Training Summary: epoch: 11.000000 | loss: 1.170421 | 
Epoch runtime: 0.0 hours, 0.0 minutes, 0.35909152030944824 seconds

Avg epoch train. time: 0.0 hours, 0.0 minutes, 0.3760391148653897 seconds
Avg batch train. time: 0.011059973966629109 seconds
Avg sample train. time: 0.0013875982098353863 seconds
Epoch 12 Training Summary: epoch: 12.000000 | loss: 1.046607 | 
Epoch runtime: 0.0 hours, 0.0 minutes, 0.35304689407348633 seconds

Avg epoch train. time: 0.0 hours, 0.0 minutes, 0.37412309646606445 seconds
Avg batch train. time: 0.011003620484296013 seconds
Avg sample train. time: 0.0013805280312400902 seconds
Evaluating on validation set ...
Validation runtime: 0.0 hours, 0.0 minutes, 0.016476869583129883 seconds

Avg val. time: 0.0 hours, 0.0 minutes, 0.05986794829368591 seconds
Avg batch val. time: 0.014966987073421478 seconds
Avg sample val. time: 0.0019312241385059973 seconds
Epoch 12 Validation Summary: epoch: 12.000000 | loss: 1.336962 | accuracy: 0.354839 | precision: 0.296774 | 
Epoch 13 Training Summary: epoch: 13.000000 | loss: 0.993969 | 
Epoch runtime: 0.0 hours, 0.0 minutes, 0.34276843070983887 seconds

Avg epoch train. time: 0.0 hours, 0.0 minutes, 0.37171119910020095 seconds
Avg batch train. time: 0.010932682326476498 seconds
Avg sample train. time: 0.001371628040960151 seconds
Epoch 14 Training Summary: epoch: 14.000000 | loss: 1.013833 | 
Epoch runtime: 0.0 hours, 0.0 minutes, 0.3484916687011719 seconds

Avg epoch train. time: 0.0 hours, 0.0 minutes, 0.370052661214556 seconds
Avg batch train. time: 0.010883901800428118 seconds
Avg sample train. time: 0.0013655079749614611 seconds
Evaluating on validation set ...
Validation runtime: 0.0 hours, 0.0 minutes, 0.01680159568786621 seconds

Avg val. time: 0.0 hours, 0.0 minutes, 0.05508279800415039 seconds
Avg batch val. time: 0.013770699501037598 seconds
Avg sample val. time: 0.0017768644517467869 seconds
Epoch 14 Validation Summary: epoch: 14.000000 | loss: 1.311606 | accuracy: 0.483871 | precision: 0.577419 | 
Epoch 15 Training Summary: epoch: 15.000000 | loss: 0.866599 | 
Epoch runtime: 0.0 hours, 0.0 minutes, 0.3382565975189209 seconds

Avg epoch train. time: 0.0 hours, 0.0 minutes, 0.36793292363484703 seconds
Avg batch train. time: 0.0108215565774955 seconds
Avg sample train. time: 0.0013576860650732362 seconds
Epoch 16 Training Summary: epoch: 16.000000 | loss: 0.806348 | 
Epoch runtime: 0.0 hours, 0.0 minutes, 0.35239243507385254 seconds

Avg epoch train. time: 0.0 hours, 0.0 minutes, 0.36696164309978485 seconds
Avg batch train. time: 0.01079298950293485 seconds
Avg sample train. time: 0.0013541020040582466 seconds
Evaluating on validation set ...
Validation runtime: 0.0 hours, 0.0 minutes, 0.0177001953125 seconds

Avg val. time: 0.0 hours, 0.0 minutes, 0.05134453773498535 seconds
Avg batch val. time: 0.012836134433746338 seconds
Avg sample val. time: 0.001656275410805979 seconds
Epoch 16 Validation Summary: epoch: 16.000000 | loss: 1.483860 | accuracy: 0.322581 | precision: 0.418433 | 
Epoch 17 Training Summary: epoch: 17.000000 | loss: 0.749474 | 
Epoch runtime: 0.0 hours, 0.0 minutes, 0.3604862689971924 seconds

Avg epoch train. time: 0.0 hours, 0.0 minutes, 0.3665807387408088 seconds
Avg batch train. time: 0.0107817864335532 seconds
Avg sample train. time: 0.0013526964529181136 seconds
Epoch 18 Training Summary: epoch: 18.000000 | loss: 0.718962 | 
Epoch runtime: 0.0 hours, 0.0 minutes, 0.35564494132995605 seconds

Avg epoch train. time: 0.0 hours, 0.0 minutes, 0.3659731944402059 seconds
Avg batch train. time: 0.010763917483535466 seconds
Avg sample train. time: 0.00135045459203028 seconds
Evaluating on validation set ...
Validation runtime: 0.0 hours, 0.0 minutes, 0.016117095947265625 seconds

Avg val. time: 0.0 hours, 0.0 minutes, 0.048142043027010833 seconds
Avg batch val. time: 0.012035510756752708 seconds
Avg sample val. time: 0.0015529691299035753 seconds
Epoch 18 Validation Summary: epoch: 18.000000 | loss: 1.467447 | accuracy: 0.290323 | precision: 0.430645 | 
Epoch 19 Training Summary: epoch: 19.000000 | loss: 0.629757 | 
Epoch runtime: 0.0 hours, 0.0 minutes, 0.35285329818725586 seconds

Avg epoch train. time: 0.0 hours, 0.0 minutes, 0.36528267358478744 seconds
Avg batch train. time: 0.010743608046611395 seconds
Avg sample train. time: 0.0013479065445933117 seconds
Epoch 20 Training Summary: epoch: 20.000000 | loss: 0.540943 | 
Epoch runtime: 0.0 hours, 0.0 minutes, 0.3515021800994873 seconds

Avg epoch train. time: 0.0 hours, 0.0 minutes, 0.3645936489105225 seconds
Avg batch train. time: 0.010723342615015367 seconds
Avg sample train. time: 0.0013453640181200091 seconds
Evaluating on validation set ...
Validation runtime: 0.0 hours, 0.0 minutes, 0.016324758529663086 seconds

Avg val. time: 0.0 hours, 0.0 minutes, 0.04549060265223185 seconds
Avg batch val. time: 0.011372650663057962 seconds
Avg sample val. time: 0.0014674387952332854 seconds
Epoch 20 Validation Summary: epoch: 20.000000 | loss: 1.689986 | accuracy: 0.387097 | precision: 0.411674 | 
Epoch 21 Training Summary: epoch: 21.000000 | loss: 0.577679 | 
Epoch runtime: 0.0 hours, 0.0 minutes, 0.34474754333496094 seconds

Avg epoch train. time: 0.0 hours, 0.0 minutes, 0.36364859626406715 seconds
Avg batch train. time: 0.010695546948943152 seconds
Avg sample train. time: 0.0013418767389817975 seconds
Epoch 22 Training Summary: epoch: 22.000000 | loss: 0.500405 | 
Epoch runtime: 0.0 hours, 0.0 minutes, 0.34153127670288086 seconds

Avg epoch train. time: 0.0 hours, 0.0 minutes, 0.3626432635567405 seconds
Avg batch train. time: 0.010665978339904132 seconds
Avg sample train. time: 0.0013381670241946143 seconds
Evaluating on validation set ...
Validation runtime: 0.0 hours, 0.0 minutes, 0.016980886459350586 seconds

Avg val. time: 0.0 hours, 0.0 minutes, 0.04329754756047176 seconds
Avg batch val. time: 0.01082438689011794 seconds
Avg sample val. time: 0.0013966950825958632 seconds
Epoch 22 Validation Summary: epoch: 22.000000 | loss: 1.549170 | accuracy: 0.387097 | precision: 0.410599 | 
Epoch 23 Training Summary: epoch: 23.000000 | loss: 0.448255 | 
Epoch runtime: 0.0 hours, 0.0 minutes, 0.34429168701171875 seconds

Avg epoch train. time: 0.0 hours, 0.0 minutes, 0.36184536892434827 seconds
Avg batch train. time: 0.010642510850716125 seconds
Avg sample train. time: 0.0013352227635584806 seconds
Epoch 24 Training Summary: epoch: 24.000000 | loss: 0.399836 | 
Epoch runtime: 0.0 hours, 0.0 minutes, 0.36171531677246094 seconds

Avg epoch train. time: 0.0 hours, 0.0 minutes, 0.3618399500846863 seconds
Avg batch train. time: 0.010642351473079008 seconds
Avg sample train. time: 0.0013352027678401707 seconds
Evaluating on validation set ...
Validation runtime: 0.0 hours, 0.0 minutes, 0.01738739013671875 seconds

Avg val. time: 0.0 hours, 0.0 minutes, 0.04144682203020368 seconds
Avg batch val. time: 0.01036170550755092 seconds
Avg sample val. time: 0.0013369942590388284 seconds
Epoch 24 Validation Summary: epoch: 24.000000 | loss: 1.577526 | accuracy: 0.483871 | precision: 0.482488 | 
Epoch 25 Training Summary: epoch: 25.000000 | loss: 0.352453 | 
Epoch runtime: 0.0 hours, 0.0 minutes, 0.36521005630493164 seconds

Avg epoch train. time: 0.0 hours, 0.0 minutes, 0.3619747543334961 seconds
Avg batch train. time: 0.010646316303926356 seconds
Avg sample train. time: 0.0013357002004926054 seconds
Epoch 26 Training Summary: epoch: 26.000000 | loss: 0.364617 | 
Epoch runtime: 0.0 hours, 0.0 minutes, 0.35605764389038086 seconds

Avg epoch train. time: 0.0 hours, 0.0 minutes, 0.36174717316260707 seconds
Avg batch train. time: 0.010639622740076678 seconds
Avg sample train. time: 0.001334860417574196 seconds
Evaluating on validation set ...
Validation runtime: 0.0 hours, 0.0 minutes, 0.016930103302001953 seconds

Avg val. time: 0.0 hours, 0.0 minutes, 0.03981237411499024 seconds
Avg batch val. time: 0.00995309352874756 seconds
Avg sample val. time: 0.0012842701327416205 seconds
Epoch 26 Validation Summary: epoch: 26.000000 | loss: 2.173100 | accuracy: 0.451613 | precision: 0.446774 | 
Epoch 27 Training Summary: epoch: 27.000000 | loss: 0.344443 | 
Epoch runtime: 0.0 hours, 0.0 minutes, 0.34989142417907715 seconds

Avg epoch train. time: 0.0 hours, 0.0 minutes, 0.36130807134840226 seconds
Avg batch train. time: 0.01062670798083536 seconds
Avg sample train. time: 0.0013332401156767612 seconds
Epoch 28 Training Summary: epoch: 28.000000 | loss: 0.254088 | 
Epoch runtime: 0.0 hours, 0.0 minutes, 0.343219518661499 seconds

Avg epoch train. time: 0.0 hours, 0.0 minutes, 0.36066205160958426 seconds
Avg batch train. time: 0.01060770740028189 seconds
Avg sample train. time: 0.0013308562790021558 seconds
Evaluating on validation set ...
Validation runtime: 0.0 hours, 0.0 minutes, 0.01598954200744629 seconds

Avg val. time: 0.0 hours, 0.0 minutes, 0.03832344710826874 seconds
Avg batch val. time: 0.009580861777067184 seconds
Avg sample val. time: 0.0012362402292989915 seconds
Epoch 28 Validation Summary: epoch: 28.000000 | loss: 2.324557 | accuracy: 0.322581 | precision: 0.247465 | 
Epoch 29 Training Summary: epoch: 29.000000 | loss: 0.277135 | 
Epoch runtime: 0.0 hours, 0.0 minutes, 0.3415646553039551 seconds

Avg epoch train. time: 0.0 hours, 0.0 minutes, 0.3600035207024936 seconds
Avg batch train. time: 0.010588338844190987 seconds
Avg sample train. time: 0.0013284262756549578 seconds
Epoch 30 Training Summary: epoch: 30.000000 | loss: 0.220657 | 
Epoch runtime: 0.0 hours, 0.0 minutes, 0.35028839111328125 seconds

Avg epoch train. time: 0.0 hours, 0.0 minutes, 0.35967968304951986 seconds
Avg batch train. time: 0.010578814207338819 seconds
Avg sample train. time: 0.001327231302765756 seconds
Evaluating on validation set ...
Validation runtime: 0.0 hours, 0.0 minutes, 0.018178224563598633 seconds

Avg val. time: 0.0 hours, 0.0 minutes, 0.03713843401740579 seconds
Avg batch val. time: 0.009284608504351448 seconds
Avg sample val. time: 0.0011980140005614771 seconds
Epoch 30 Validation Summary: epoch: 30.000000 | loss: 2.342303 | accuracy: 0.322581 | precision: 0.320661 | 
Epoch 31 Training Summary: epoch: 31.000000 | loss: 0.235882 | 
Epoch runtime: 0.0 hours, 0.0 minutes, 0.3566141128540039 seconds

Avg epoch train. time: 0.0 hours, 0.0 minutes, 0.3595807936883742 seconds
Avg batch train. time: 0.010575905696716889 seconds
Avg sample train. time: 0.0013268663973740745 seconds
Epoch 32 Training Summary: epoch: 32.000000 | loss: 0.250878 | 
Epoch runtime: 0.0 hours, 0.0 minutes, 0.36443138122558594 seconds

Avg epoch train. time: 0.0 hours, 0.0 minutes, 0.35973237454891205 seconds
Avg batch train. time: 0.010580363957320942 seconds
Avg sample train. time: 0.0013274257363428488 seconds
Evaluating on validation set ...
Validation runtime: 0.0 hours, 0.0 minutes, 0.01634073257446289 seconds

Avg val. time: 0.0 hours, 0.0 minutes, 0.035983006159464516 seconds
Avg batch val. time: 0.008995751539866129 seconds
Avg sample val. time: 0.0011607421341762747 seconds
Epoch 32 Validation Summary: epoch: 32.000000 | loss: 2.671847 | accuracy: 0.483871 | precision: 0.601173 | 
Epoch 33 Training Summary: epoch: 33.000000 | loss: 0.229973 | 
Epoch runtime: 0.0 hours, 0.0 minutes, 0.352602481842041 seconds

Avg epoch train. time: 0.0 hours, 0.0 minutes, 0.3595163171941584 seconds
Avg batch train. time: 0.010574009329239952 seconds
Avg sample train. time: 0.0013266284767312119 seconds
Epoch 34 Training Summary: epoch: 34.000000 | loss: 0.159448 | 
Epoch runtime: 0.0 hours, 0.0 minutes, 0.3644227981567383 seconds

Avg epoch train. time: 0.0 hours, 0.0 minutes, 0.35966062545776367 seconds
Avg batch train. time: 0.010578253689934225 seconds
Avg sample train. time: 0.0013271609795489434 seconds
Evaluating on validation set ...
Validation runtime: 0.0 hours, 0.0 minutes, 0.01578068733215332 seconds

Avg val. time: 0.0 hours, 0.0 minutes, 0.03491972622118498 seconds
Avg batch val. time: 0.008729931555296245 seconds
Avg sample val. time: 0.0011264427813285477 seconds
Epoch 34 Validation Summary: epoch: 34.000000 | loss: 2.801470 | accuracy: 0.387097 | precision: 0.365054 | 
Epoch 35 Training Summary: epoch: 35.000000 | loss: 0.138470 | 
Epoch runtime: 0.0 hours, 0.0 minutes, 0.3630831241607666 seconds

Avg epoch train. time: 0.0 hours, 0.0 minutes, 0.35975841113499235 seconds
Avg batch train. time: 0.010581129739264481 seconds
Avg sample train. time: 0.0013275218123062447 seconds
Epoch 36 Training Summary: epoch: 36.000000 | loss: 0.161117 | 
Epoch runtime: 0.0 hours, 0.0 minutes, 0.3548765182495117 seconds

Avg epoch train. time: 0.0 hours, 0.0 minutes, 0.3596228029992845 seconds
Avg batch train. time: 0.010577141264684838 seconds
Avg sample train. time: 0.0013270214132814926 seconds
Evaluating on validation set ...
Validation runtime: 0.0 hours, 0.0 minutes, 0.01639270782470703 seconds

Avg val. time: 0.0 hours, 0.0 minutes, 0.03399337530136108 seconds
Avg batch val. time: 0.00849834382534027 seconds
Avg sample val. time: 0.001096560493592293 seconds
Epoch 36 Validation Summary: epoch: 36.000000 | loss: 2.567819 | accuracy: 0.451613 | precision: 0.434716 | 
Epoch 37 Training Summary: epoch: 37.000000 | loss: 0.157184 | 
Epoch runtime: 0.0 hours, 0.0 minutes, 0.35116147994995117 seconds

Avg epoch train. time: 0.0 hours, 0.0 minutes, 0.3593941185925458 seconds
Avg batch train. time: 0.010570415252721935 seconds
Avg sample train. time: 0.0013261775593820877 seconds
Epoch 38 Training Summary: epoch: 38.000000 | loss: 0.155905 | 
Epoch runtime: 0.0 hours, 0.0 minutes, 0.35438108444213867 seconds

Avg epoch train. time: 0.0 hours, 0.0 minutes, 0.3592621966412193 seconds
Avg batch train. time: 0.010566535195329978 seconds
Avg sample train. time: 0.0013256907625137243 seconds
Evaluating on validation set ...
Validation runtime: 0.0 hours, 0.0 minutes, 0.017489910125732422 seconds

Avg val. time: 0.0 hours, 0.0 minutes, 0.03320749600728353 seconds
Avg batch val. time: 0.008301874001820883 seconds
Avg sample val. time: 0.0010712095486220493 seconds
Epoch 38 Validation Summary: epoch: 38.000000 | loss: 2.529534 | accuracy: 0.419355 | precision: 0.403226 | 
Epoch 39 Training Summary: epoch: 39.000000 | loss: 0.089298 | 
Epoch runtime: 0.0 hours, 0.0 minutes, 0.353499174118042 seconds

Avg epoch train. time: 0.0 hours, 0.0 minutes, 0.3591144268329327 seconds
Avg batch train. time: 0.010562189024498021 seconds
Avg sample train. time: 0.0013251454864683864 seconds
Epoch 40 Training Summary: epoch: 40.000000 | loss: 0.175447 | 
Epoch runtime: 0.0 hours, 0.0 minutes, 0.3425145149230957 seconds

Avg epoch train. time: 0.0 hours, 0.0 minutes, 0.35869942903518676 seconds
Avg batch train. time: 0.010549983206917258 seconds
Avg sample train. time: 0.0013236141292811319 seconds
Evaluating on validation set ...
Validation runtime: 0.0 hours, 0.0 minutes, 0.015949726104736328 seconds

Avg val. time: 0.0 hours, 0.0 minutes, 0.03242305192080411 seconds
Avg batch val. time: 0.008105762980201027 seconds
Avg sample val. time: 0.0010459049006711003 seconds
Epoch 40 Validation Summary: epoch: 40.000000 | loss: 2.705122 | accuracy: 0.419355 | precision: 0.406452 | 
Best accuracy was 0.4838709677419355. Other metrics: OrderedDict([('epoch', 14), ('loss', 1.3116062841107767), ('accuracy', 0.4838709677419355), ('precision', 0.5774193548387097)])
All Done!
Total runtime: 0.0 hours, 0.0 minutes, 23.682288646697998 seconds

