Running:
src/main_5q.py --output_dir experiments --comment classification from Scratch --name VRS_fromScratch --records_file VRS_records.xls --data_dir /mnt/d/OneDrive - Southern Methodist University/Phone_Privacy/input_feature/opticalflow_22_downsample_480p_s22 --data_class vrs --val_ratio 0.1 --epochs 40 --lr 0.001 --dropout 0.2 --batch_size 8 --num_layers 3 --num_heads 4 --optimizer RAdam --pos_encoding learnable --task classification --normalization none --key_metric accuracy

Using device: cuda
Loading and preprocessing data ...
408 samples may be used for training
46 samples will be used for validation
0 samples will be used for testing
Creating model ...
Model:
TSTransformerEncoderClassiregressor(
  (project_inp): Linear(in_features=8, out_features=64, bias=True)
  (pos_enc): LearnablePositionalEncoding(
    (dropout): Dropout(p=0.2, inplace=False)
  )
  (transformer_encoder): TransformerEncoder(
    (layers): ModuleList(
      (0-2): 3 x TransformerBatchNormEncoderLayer(
        (self_attn): MultiheadAttention(
          (out_proj): NonDynamicallyQuantizableLinear(in_features=64, out_features=64, bias=True)
        )
        (linear1): Linear(in_features=64, out_features=256, bias=True)
        (dropout): Dropout(p=0.2, inplace=False)
        (linear2): Linear(in_features=256, out_features=64, bias=True)
        (norm1): BatchNorm1d(64, eps=1e-05, momentum=0.1, affine=True, track_running_stats=True)
        (norm2): BatchNorm1d(64, eps=1e-05, momentum=0.1, affine=True, track_running_stats=True)
        (dropout1): Dropout(p=0.2, inplace=False)
        (dropout2): Dropout(p=0.2, inplace=False)
      )
    )
  )
  (dropout1): Dropout(p=0.2, inplace=False)
  (output_layer): Linear(in_features=5120, out_features=5, bias=True)
)
Total number of parameters: 181253
Trainable parameters: 181253
Evaluating on validation set ...
Validation runtime: 0.0 hours, 0.0 minutes, 0.40709877014160156 seconds

Avg val. time: 0.0 hours, 0.0 minutes, 0.40709877014160156 seconds
Avg batch val. time: 0.06784979502360027 seconds
Avg sample val. time: 0.00884997326394786 seconds
Epoch 0 Validation Summary: epoch: 0.000000 | loss: 3.902165 | accuracy: 0.108696 | precision: 0.150298 | 
Starting training...
Epoch 1 Training Summary: epoch: 1.000000 | loss: 1.647135 | 
Epoch runtime: 0.0 hours, 0.0 minutes, 0.7341408729553223 seconds

Avg epoch train. time: 0.0 hours, 0.0 minutes, 0.7341408729553223 seconds
Avg batch train. time: 0.014394919077555338 seconds
Avg sample train. time: 0.0017993648846944172 seconds
Evaluating on validation set ...
Validation runtime: 0.0 hours, 0.0 minutes, 0.02451801300048828 seconds

Avg val. time: 0.0 hours, 0.0 minutes, 0.21580839157104492 seconds
Avg batch val. time: 0.03596806526184082 seconds
Avg sample val. time: 0.0046914867732835855 seconds
Epoch 1 Validation Summary: epoch: 1.000000 | loss: 1.579113 | accuracy: 0.217391 | precision: 0.200099 | 
Epoch 2 Training Summary: epoch: 2.000000 | loss: 1.572831 | 
Epoch runtime: 0.0 hours, 0.0 minutes, 0.5589685440063477 seconds

Avg epoch train. time: 0.0 hours, 0.0 minutes, 0.646554708480835 seconds
Avg batch train. time: 0.012677543303545783 seconds
Avg sample train. time: 0.001584692912943223 seconds
Evaluating on validation set ...
Validation runtime: 0.0 hours, 0.0 minutes, 0.021902799606323242 seconds

Avg val. time: 0.0 hours, 0.0 minutes, 0.15117319424947104 seconds
Avg batch val. time: 0.02519553237491184 seconds
Avg sample val. time: 0.003286373788031979 seconds
Epoch 2 Validation Summary: epoch: 2.000000 | loss: 1.563743 | accuracy: 0.282609 | precision: 0.249656 | 
Epoch 3 Training Summary: epoch: 3.000000 | loss: 1.480621 | 
Epoch runtime: 0.0 hours, 0.0 minutes, 0.525397777557373 seconds

Avg epoch train. time: 0.0 hours, 0.0 minutes, 0.606169064839681 seconds
Avg batch train. time: 0.011885667938032961 seconds
Avg sample train. time: 0.0014857084922541201 seconds
Epoch 4 Training Summary: epoch: 4.000000 | loss: 1.439228 | 
Epoch runtime: 0.0 hours, 0.0 minutes, 0.5337681770324707 seconds

Avg epoch train. time: 0.0 hours, 0.0 minutes, 0.5880688428878784 seconds
Avg batch train. time: 0.011530761625252519 seconds
Avg sample train. time: 0.0014413452031565648 seconds
Evaluating on validation set ...
Validation runtime: 0.0 hours, 0.0 minutes, 0.02173304557800293 seconds

Avg val. time: 0.0 hours, 0.0 minutes, 0.118813157081604 seconds
Avg batch val. time: 0.019802192846934002 seconds
Avg sample val. time: 0.0025828947191653046 seconds
Epoch 4 Validation Summary: epoch: 4.000000 | loss: 1.646694 | accuracy: 0.239130 | precision: 0.262990 | 
Epoch 5 Training Summary: epoch: 5.000000 | loss: 1.352672 | 
Epoch runtime: 0.0 hours, 0.0 minutes, 0.5131971836090088 seconds

Avg epoch train. time: 0.0 hours, 0.0 minutes, 0.5730945110321045 seconds
Avg batch train. time: 0.011237147275139305 seconds
Avg sample train. time: 0.001404643409392413 seconds
Epoch 6 Training Summary: epoch: 6.000000 | loss: 1.294101 | 
Epoch runtime: 0.0 hours, 0.0 minutes, 0.5313456058502197 seconds

Avg epoch train. time: 0.0 hours, 0.0 minutes, 0.566136360168457 seconds
Avg batch train. time: 0.011100712944479549 seconds
Avg sample train. time: 0.0013875891180599436 seconds
Evaluating on validation set ...
Validation runtime: 0.0 hours, 0.0 minutes, 0.0216827392578125 seconds

Avg val. time: 0.0 hours, 0.0 minutes, 0.0993870735168457 seconds
Avg batch val. time: 0.016564512252807615 seconds
Avg sample val. time: 0.002160588554714037 seconds
Epoch 6 Validation Summary: epoch: 6.000000 | loss: 1.587899 | accuracy: 0.260870 | precision: 0.295145 | 
Epoch 7 Training Summary: epoch: 7.000000 | loss: 1.257776 | 
Epoch runtime: 0.0 hours, 0.0 minutes, 0.551931619644165 seconds

Avg epoch train. time: 0.0 hours, 0.0 minutes, 0.5641071115221296 seconds
Avg batch train. time: 0.011060923755335874 seconds
Avg sample train. time: 0.0013826154694169842 seconds
Epoch 8 Training Summary: epoch: 8.000000 | loss: 1.204424 | 
Epoch runtime: 0.0 hours, 0.0 minutes, 0.6156609058380127 seconds

Avg epoch train. time: 0.0 hours, 0.0 minutes, 0.570551335811615 seconds
Avg batch train. time: 0.011187281094345391 seconds
Avg sample train. time: 0.001398410136793174 seconds
Evaluating on validation set ...
Validation runtime: 0.0 hours, 0.0 minutes, 0.027314424514770508 seconds

Avg val. time: 0.0 hours, 0.0 minutes, 0.08737496534983318 seconds
Avg batch val. time: 0.014562494224972196 seconds
Avg sample val. time: 0.0018994557684746342 seconds
Epoch 8 Validation Summary: epoch: 8.000000 | loss: 1.737348 | accuracy: 0.326087 | precision: 0.312918 | 
Epoch 9 Training Summary: epoch: 9.000000 | loss: 1.133871 | 
Epoch runtime: 0.0 hours, 0.0 minutes, 0.6589131355285645 seconds

Avg epoch train. time: 0.0 hours, 0.0 minutes, 0.5803693135579427 seconds
Avg batch train. time: 0.011379790461920445 seconds
Avg sample train. time: 0.0014224738077400557 seconds
Epoch 10 Training Summary: epoch: 10.000000 | loss: 1.079544 | 
Epoch runtime: 0.0 hours, 0.0 minutes, 0.5972170829772949 seconds

Avg epoch train. time: 0.0 hours, 0.0 minutes, 0.5820540904998779 seconds
Avg batch train. time: 0.011412825303919174 seconds
Avg sample train. time: 0.0014266031629898968 seconds
Evaluating on validation set ...
Validation runtime: 0.0 hours, 0.0 minutes, 0.02608323097229004 seconds

Avg val. time: 0.0 hours, 0.0 minutes, 0.07861900329589844 seconds
Avg batch val. time: 0.013103167215983072 seconds
Avg sample val. time: 0.00170910876730214 seconds
Epoch 10 Validation Summary: epoch: 10.000000 | loss: 1.832738 | accuracy: 0.217391 | precision: 0.236808 | 
Epoch 11 Training Summary: epoch: 11.000000 | loss: 0.999064 | 
Epoch runtime: 0.0 hours, 0.0 minutes, 0.5746879577636719 seconds

Avg epoch train. time: 0.0 hours, 0.0 minutes, 0.5813844420693137 seconds
Avg batch train. time: 0.011399694942535564 seconds
Avg sample train. time: 0.0014249618678169455 seconds
Epoch 12 Training Summary: epoch: 12.000000 | loss: 0.950756 | 
Epoch runtime: 0.0 hours, 0.0 minutes, 0.5852718353271484 seconds

Avg epoch train. time: 0.0 hours, 0.0 minutes, 0.5817083915074667 seconds
Avg batch train. time: 0.011406046892303267 seconds
Avg sample train. time: 0.0014257558615379084 seconds
Evaluating on validation set ...
Validation runtime: 0.0 hours, 0.0 minutes, 0.024671554565429688 seconds

Avg val. time: 0.0 hours, 0.0 minutes, 0.07187557220458984 seconds
Avg batch val. time: 0.011979262034098307 seconds
Avg sample val. time: 0.0015625124392302139 seconds
Epoch 12 Validation Summary: epoch: 12.000000 | loss: 2.121024 | accuracy: 0.195652 | precision: 0.270141 | 
Epoch 13 Training Summary: epoch: 13.000000 | loss: 0.902733 | 
Epoch runtime: 0.0 hours, 0.0 minutes, 0.5752723217010498 seconds

Avg epoch train. time: 0.0 hours, 0.0 minutes, 0.5812133092146653 seconds
Avg batch train. time: 0.011396339396365987 seconds
Avg sample train. time: 0.0014245424245457484 seconds
Epoch 14 Training Summary: epoch: 14.000000 | loss: 0.853195 | 
Epoch runtime: 0.0 hours, 0.0 minutes, 0.5291690826416016 seconds

Avg epoch train. time: 0.0 hours, 0.0 minutes, 0.5774958644594465 seconds
Avg batch train. time: 0.011323448322734244 seconds
Avg sample train. time: 0.0014154310403417805 seconds
Evaluating on validation set ...
Validation runtime: 0.0 hours, 0.0 minutes, 0.02108907699584961 seconds

Avg val. time: 0.0 hours, 0.0 minutes, 0.06623262829250759 seconds
Avg batch val. time: 0.011038771382084598 seconds
Avg sample val. time: 0.0014398397454892953 seconds
Epoch 14 Validation Summary: epoch: 14.000000 | loss: 1.978773 | accuracy: 0.391304 | precision: 0.433075 | 
Epoch 15 Training Summary: epoch: 15.000000 | loss: 0.833705 | 
Epoch runtime: 0.0 hours, 0.0 minutes, 0.5560314655303955 seconds

Avg epoch train. time: 0.0 hours, 0.0 minutes, 0.5760649045308431 seconds
Avg batch train. time: 0.011295390284918492 seconds
Avg sample train. time: 0.0014119237856148115 seconds
Epoch 16 Training Summary: epoch: 16.000000 | loss: 0.762279 | 
Epoch runtime: 0.0 hours, 0.0 minutes, 0.5575389862060547 seconds

Avg epoch train. time: 0.0 hours, 0.0 minutes, 0.5749070346355438 seconds
Avg batch train. time: 0.011272686953638113 seconds
Avg sample train. time: 0.0014090858692047642 seconds
Evaluating on validation set ...
Validation runtime: 0.0 hours, 0.0 minutes, 0.02406454086303711 seconds

Avg val. time: 0.0 hours, 0.0 minutes, 0.06201581954956055 seconds
Avg batch val. time: 0.010335969924926759 seconds
Avg sample val. time: 0.001348169990207838 seconds
Epoch 16 Validation Summary: epoch: 16.000000 | loss: 2.479443 | accuracy: 0.260870 | precision: 0.167067 | 
Epoch 17 Training Summary: epoch: 17.000000 | loss: 0.823384 | 
Epoch runtime: 0.0 hours, 0.0 minutes, 0.5522899627685547 seconds

Avg epoch train. time: 0.0 hours, 0.0 minutes, 0.573576618643368 seconds
Avg batch train. time: 0.011246600365556234 seconds
Avg sample train. time: 0.0014058250456945292 seconds
Epoch 18 Training Summary: epoch: 18.000000 | loss: 0.703266 | 
Epoch runtime: 0.0 hours, 0.0 minutes, 0.5109503269195557 seconds

Avg epoch train. time: 0.0 hours, 0.0 minutes, 0.5700973802142673 seconds
Avg batch train. time: 0.011178380004201318 seconds
Avg sample train. time: 0.0013972975005251648 seconds
Evaluating on validation set ...
Validation runtime: 0.0 hours, 0.0 minutes, 0.021998882293701172 seconds

Avg val. time: 0.0 hours, 0.0 minutes, 0.05837791616266424 seconds
Avg batch val. time: 0.009729652693777372 seconds
Avg sample val. time: 0.0012690851339709618 seconds
Epoch 18 Validation Summary: epoch: 18.000000 | loss: 2.003504 | accuracy: 0.326087 | precision: 0.433402 | 
Epoch 19 Training Summary: epoch: 19.000000 | loss: 0.638867 | 
Epoch runtime: 0.0 hours, 0.0 minutes, 0.509244441986084 seconds

Avg epoch train. time: 0.0 hours, 0.0 minutes, 0.5668945939917314 seconds
Avg batch train. time: 0.011115580274347675 seconds
Avg sample train. time: 0.0013894475342934593 seconds
Epoch 20 Training Summary: epoch: 20.000000 | loss: 0.758456 | 
Epoch runtime: 0.0 hours, 0.0 minutes, 0.5676662921905518 seconds

Avg epoch train. time: 0.0 hours, 0.0 minutes, 0.5669331789016724 seconds
Avg batch train. time: 0.011116336841209263 seconds
Avg sample train. time: 0.0013895421051511579 seconds
Evaluating on validation set ...
Validation runtime: 0.0 hours, 0.0 minutes, 0.029156923294067383 seconds

Avg val. time: 0.0 hours, 0.0 minutes, 0.0559428334236145 seconds
Avg batch val. time: 0.009323805570602417 seconds
Avg sample val. time: 0.0012161485526872718 seconds
Epoch 20 Validation Summary: epoch: 20.000000 | loss: 2.556003 | accuracy: 0.217391 | precision: 0.270299 | 
Epoch 21 Training Summary: epoch: 21.000000 | loss: 0.660467 | 
Epoch runtime: 0.0 hours, 0.0 minutes, 0.777123212814331 seconds

Avg epoch train. time: 0.0 hours, 0.0 minutes, 0.5769422281356085 seconds
Avg batch train. time: 0.011312592708541342 seconds
Avg sample train. time: 0.0014140740885676677 seconds
Epoch 22 Training Summary: epoch: 22.000000 | loss: 0.558212 | 
Epoch runtime: 0.0 hours, 0.0 minutes, 0.614290714263916 seconds

Avg epoch train. time: 0.0 hours, 0.0 minutes, 0.5786398865959861 seconds
Avg batch train. time: 0.01134588012933306 seconds
Avg sample train. time: 0.0014182350161666326 seconds
Evaluating on validation set ...
Validation runtime: 0.0 hours, 0.0 minutes, 0.02196788787841797 seconds

Avg val. time: 0.0 hours, 0.0 minutes, 0.053329376073984 seconds
Avg batch val. time: 0.008888229345664 seconds
Avg sample val. time: 0.001159334262477913 seconds
Epoch 22 Validation Summary: epoch: 22.000000 | loss: 2.545533 | accuracy: 0.195652 | precision: 0.217805 | 
Epoch 23 Training Summary: epoch: 23.000000 | loss: 0.541937 | 
Epoch runtime: 0.0 hours, 0.0 minutes, 0.5675582885742188 seconds

Avg epoch train. time: 0.0 hours, 0.0 minutes, 0.578158077986344 seconds
Avg batch train. time: 0.01133643290169302 seconds
Avg sample train. time: 0.0014170541127116274 seconds
Epoch 24 Training Summary: epoch: 24.000000 | loss: 0.558220 | 
Epoch runtime: 0.0 hours, 0.0 minutes, 0.5802786350250244 seconds

Avg epoch train. time: 0.0 hours, 0.0 minutes, 0.5782464345296224 seconds
Avg batch train. time: 0.011338165382933774 seconds
Avg sample train. time: 0.0014172706728667217 seconds
Evaluating on validation set ...
Validation runtime: 0.0 hours, 0.0 minutes, 0.023688316345214844 seconds

Avg val. time: 0.0 hours, 0.0 minutes, 0.05121215752192906 seconds
Avg batch val. time: 0.008535359586988176 seconds
Avg sample val. time: 0.001113307772215849 seconds
Epoch 24 Validation Summary: epoch: 24.000000 | loss: 2.473320 | accuracy: 0.326087 | precision: 0.346623 | 
Epoch 25 Training Summary: epoch: 25.000000 | loss: 0.489137 | 
Epoch runtime: 0.0 hours, 0.0 minutes, 0.48717451095581055 seconds

Avg epoch train. time: 0.0 hours, 0.0 minutes, 0.5746035575866699 seconds
Avg batch train. time: 0.011266736423268038 seconds
Avg sample train. time: 0.0014083420529085048 seconds
Epoch 26 Training Summary: epoch: 26.000000 | loss: 0.464229 | 
Epoch runtime: 0.0 hours, 0.0 minutes, 0.479550838470459 seconds

Avg epoch train. time: 0.0 hours, 0.0 minutes, 0.570947683774508 seconds
Avg batch train. time: 0.01119505262302957 seconds
Avg sample train. time: 0.0013993815778786962 seconds
Evaluating on validation set ...
Validation runtime: 0.0 hours, 0.0 minutes, 0.021976470947265625 seconds

Avg val. time: 0.0 hours, 0.0 minutes, 0.04926311175028483 seconds
Avg batch val. time: 0.008210518625047472 seconds
Avg sample val. time: 0.0010709372119627138 seconds
Epoch 26 Validation Summary: epoch: 26.000000 | loss: 2.600169 | accuracy: 0.282609 | precision: 0.317391 | 
Epoch 27 Training Summary: epoch: 27.000000 | loss: 0.449269 | 
Epoch runtime: 0.0 hours, 0.0 minutes, 0.45569515228271484 seconds

Avg epoch train. time: 0.0 hours, 0.0 minutes, 0.5666790714970341 seconds
Avg batch train. time: 0.0111113543430791 seconds
Avg sample train. time: 0.0013889192928848875 seconds
Epoch 28 Training Summary: epoch: 28.000000 | loss: 0.455737 | 
Epoch runtime: 0.0 hours, 0.0 minutes, 0.4733011722564697 seconds

Avg epoch train. time: 0.0 hours, 0.0 minutes, 0.5633441465241569 seconds
Avg batch train. time: 0.01104596365733641 seconds
Avg sample train. time: 0.0013807454571670512 seconds
Evaluating on validation set ...
Validation runtime: 0.0 hours, 0.0 minutes, 0.01984548568725586 seconds

Avg val. time: 0.0 hours, 0.0 minutes, 0.04742451012134552 seconds
Avg batch val. time: 0.007904085020224253 seconds
Avg sample val. time: 0.0010309676113335984 seconds
Epoch 28 Validation Summary: epoch: 28.000000 | loss: 2.708444 | accuracy: 0.282609 | precision: 0.313834 | 
Epoch 29 Training Summary: epoch: 29.000000 | loss: 0.383147 | 
Epoch runtime: 0.0 hours, 0.0 minutes, 0.4551701545715332 seconds

Avg epoch train. time: 0.0 hours, 0.0 minutes, 0.5596140088706181 seconds
Avg batch train. time: 0.010972823703345453 seconds
Avg sample train. time: 0.0013716029629181816 seconds
Epoch 30 Training Summary: epoch: 30.000000 | loss: 0.408897 | 
Epoch runtime: 0.0 hours, 0.0 minutes, 0.43675780296325684 seconds

Avg epoch train. time: 0.0 hours, 0.0 minutes, 0.5555188020070394 seconds
Avg batch train. time: 0.010892525529549793 seconds
Avg sample train. time: 0.0013615656911937241 seconds
Evaluating on validation set ...
Validation runtime: 0.0 hours, 0.0 minutes, 0.01807379722595215 seconds

Avg val. time: 0.0 hours, 0.0 minutes, 0.045697997598087084 seconds
Avg batch val. time: 0.007616332933014514 seconds
Avg sample val. time: 0.0009934347303931974 seconds
Epoch 30 Validation Summary: epoch: 30.000000 | loss: 2.936121 | accuracy: 0.326087 | precision: 0.366714 | 
Epoch 31 Training Summary: epoch: 31.000000 | loss: 0.411014 | 
Epoch runtime: 0.0 hours, 0.0 minutes, 0.4293839931488037 seconds

Avg epoch train. time: 0.0 hours, 0.0 minutes, 0.5514499372051608 seconds
Avg batch train. time: 0.010812743866767859 seconds
Avg sample train. time: 0.0013515929833459823 seconds
Epoch 32 Training Summary: epoch: 32.000000 | loss: 0.318615 | 
Epoch runtime: 0.0 hours, 0.0 minutes, 0.41600823402404785 seconds

Avg epoch train. time: 0.0 hours, 0.0 minutes, 0.547217383980751 seconds
Avg batch train. time: 0.01072975262707355 seconds
Avg sample train. time: 0.0013412190783841937 seconds
Evaluating on validation set ...
Validation runtime: 0.0 hours, 0.0 minutes, 0.01864457130432129 seconds

Avg val. time: 0.0 hours, 0.0 minutes, 0.04419502947065565 seconds
Avg batch val. time: 0.007365838245109275 seconds
Avg sample val. time: 0.0009607615102316446 seconds
Epoch 32 Validation Summary: epoch: 32.000000 | loss: 2.934186 | accuracy: 0.326087 | precision: 0.410326 | 
Epoch 33 Training Summary: epoch: 33.000000 | loss: 0.366718 | 
Epoch runtime: 0.0 hours, 0.0 minutes, 0.4251127243041992 seconds

Avg epoch train. time: 0.0 hours, 0.0 minutes, 0.5435172427784313 seconds
Avg batch train. time: 0.01065720083879277 seconds
Avg sample train. time: 0.0013321501048490962 seconds
Epoch 34 Training Summary: epoch: 34.000000 | loss: 0.337435 | 
Epoch runtime: 0.0 hours, 0.0 minutes, 0.41427159309387207 seconds

Avg epoch train. time: 0.0 hours, 0.0 minutes, 0.5397159001406502 seconds
Avg batch train. time: 0.010582664708640199 seconds
Avg sample train. time: 0.0013228330885800249 seconds
Evaluating on validation set ...
Validation runtime: 0.0 hours, 0.0 minutes, 0.017071008682250977 seconds

Avg val. time: 0.0 hours, 0.0 minutes, 0.04276744942916067 seconds
Avg batch val. time: 0.0071279082381934455 seconds
Avg sample val. time: 0.0009297271615034929 seconds
Epoch 34 Validation Summary: epoch: 34.000000 | loss: 3.002535 | accuracy: 0.347826 | precision: 0.337500 | 
Epoch 35 Training Summary: epoch: 35.000000 | loss: 0.335002 | 
Epoch runtime: 0.0 hours, 0.0 minutes, 0.40981149673461914 seconds

Avg epoch train. time: 0.0 hours, 0.0 minutes, 0.5360043457576207 seconds
Avg batch train. time: 0.010509889132502366 seconds
Avg sample train. time: 0.0013137361415627958 seconds
Epoch 36 Training Summary: epoch: 36.000000 | loss: 0.353144 | 
Epoch runtime: 0.0 hours, 0.0 minutes, 0.40398716926574707 seconds

Avg epoch train. time: 0.0 hours, 0.0 minutes, 0.5323372019661797 seconds
Avg batch train. time: 0.010437984352278034 seconds
Avg sample train. time: 0.0013047480440347542 seconds
Evaluating on validation set ...
Validation runtime: 0.0 hours, 0.0 minutes, 0.01764845848083496 seconds

Avg val. time: 0.0 hours, 0.0 minutes, 0.041511499881744386 seconds
Avg batch val. time: 0.006918583313624064 seconds
Avg sample val. time: 0.000902423910472704 seconds
Epoch 36 Validation Summary: epoch: 36.000000 | loss: 3.514730 | accuracy: 0.260870 | precision: 0.312422 | 
Epoch 37 Training Summary: epoch: 37.000000 | loss: 0.345500 | 
Epoch runtime: 0.0 hours, 0.0 minutes, 0.42494845390319824 seconds

Avg epoch train. time: 0.0 hours, 0.0 minutes, 0.5294348033698829 seconds
Avg batch train. time: 0.010381074575880058 seconds
Avg sample train. time: 0.0012976343219850072 seconds
Epoch 38 Training Summary: epoch: 38.000000 | loss: 0.333442 | 
Epoch runtime: 0.0 hours, 0.0 minutes, 0.40741968154907227 seconds

Avg epoch train. time: 0.0 hours, 0.0 minutes, 0.5262238791114405 seconds
Avg batch train. time: 0.010318115276694913 seconds
Avg sample train. time: 0.001289764409586864 seconds
Evaluating on validation set ...
Validation runtime: 0.0 hours, 0.0 minutes, 0.01745009422302246 seconds

Avg val. time: 0.0 hours, 0.0 minutes, 0.04036571865990048 seconds
Avg batch val. time: 0.006727619776650081 seconds
Avg sample val. time: 0.0008775156230413149 seconds
Epoch 38 Validation Summary: epoch: 38.000000 | loss: 3.056512 | accuracy: 0.282609 | precision: 0.309881 | 
Epoch 39 Training Summary: epoch: 39.000000 | loss: 0.238612 | 
Epoch runtime: 0.0 hours, 0.0 minutes, 0.4309520721435547 seconds

Avg epoch train. time: 0.0 hours, 0.0 minutes, 0.5237810122661102 seconds
Avg batch train. time: 0.010270215926786475 seconds
Avg sample train. time: 0.0012837769908483094 seconds
Epoch 40 Training Summary: epoch: 40.000000 | loss: 0.272842 | 
Epoch runtime: 0.0 hours, 0.0 minutes, 0.41244983673095703 seconds

Avg epoch train. time: 0.0 hours, 0.0 minutes, 0.5209977328777313 seconds
Avg batch train. time: 0.010215641821131986 seconds
Avg sample train. time: 0.0012769552276414983 seconds
Evaluating on validation set ...
Validation runtime: 0.0 hours, 0.0 minutes, 0.017149925231933594 seconds

Avg val. time: 0.0 hours, 0.0 minutes, 0.039310455322265625 seconds
Avg batch val. time: 0.0065517425537109375 seconds
Avg sample val. time: 0.0008545751157014266 seconds
Epoch 40 Validation Summary: epoch: 40.000000 | loss: 3.504392 | accuracy: 0.326087 | precision: 0.336020 | 
Best accuracy was 0.391304347826087. Other metrics: OrderedDict([('epoch', 14), ('loss', 1.978773428046185), ('accuracy', 0.391304347826087), ('precision', 0.4330745341614907)])
All Done!
Total runtime: 0.0 hours, 0.0 minutes, 44.00366806983948 seconds

