Running:
src/main_crosssetting.py --output_dir experiments --target_user Zeyu --user_othersetting ZeyuZoom --comment classification from Scratch --name VRS_fromScratch --records_file VRS_records.xls --data_dir /mnt/d/OneDrive - Southern Methodist University/Phone_Privacy/input_feature/all_processpos_norm_downsample_480p_s22 --test_data_dir /mnt/d/OneDrive - Southern Methodist University/Phone_Privacy/input_feature/all_processpos_norm_downsample_480p_s22 --data_class vrs --val_ratio 0.1 --epochs 40 --lr 0.001 --dropout 0.2 --batch_size 8 --num_layers 3 --num_heads 4 --optimizer RAdam --pos_encoding learnable --task classification --normalization none --key_metric accuracy

Using device: cuda
Loading and preprocessing data ...
67 samples may be used for training
8 samples will be used for validation
0 samples will be used for testing
Creating model ...
Model:
TSTransformerEncoderClassiregressor(
  (project_inp): Linear(in_features=39, out_features=64, bias=True)
  (pos_enc): LearnablePositionalEncoding(
    (dropout): Dropout(p=0.2, inplace=False)
  )
  (transformer_encoder): TransformerEncoder(
    (layers): ModuleList(
      (0-2): 3 x TransformerBatchNormEncoderLayer(
        (self_attn): MultiheadAttention(
          (out_proj): NonDynamicallyQuantizableLinear(in_features=64, out_features=64, bias=True)
        )
        (linear1): Linear(in_features=64, out_features=256, bias=True)
        (dropout): Dropout(p=0.2, inplace=False)
        (linear2): Linear(in_features=256, out_features=64, bias=True)
        (norm1): BatchNorm1d(64, eps=1e-05, momentum=0.1, affine=True, track_running_stats=True)
        (norm2): BatchNorm1d(64, eps=1e-05, momentum=0.1, affine=True, track_running_stats=True)
        (dropout1): Dropout(p=0.2, inplace=False)
        (dropout2): Dropout(p=0.2, inplace=False)
      )
    )
  )
  (dropout1): Dropout(p=0.2, inplace=False)
  (output_layer): Linear(in_features=5120, out_features=5, bias=True)
)
Total number of parameters: 183237
Trainable parameters: 183237
Evaluating on validation set ...
Validation runtime: 0.0 hours, 0.0 minutes, 0.2216494083404541 seconds

Avg val. time: 0.0 hours, 0.0 minutes, 0.2216494083404541 seconds
Avg batch val. time: 0.2216494083404541 seconds
Avg sample val. time: 0.027706176042556763 seconds
Epoch 0 Validation Summary: epoch: 0.000000 | loss: 7.016300 | accuracy: 0.250000 | precision: 0.250000 | 
Starting training...
Epoch 1 Training Summary: epoch: 1.000000 | loss: 1.671572 | 
Epoch runtime: 0.0 hours, 0.0 minutes, 0.21270394325256348 seconds

Avg epoch train. time: 0.0 hours, 0.0 minutes, 0.21270394325256348 seconds
Avg batch train. time: 0.023633771472507052 seconds
Avg sample train. time: 0.0031746857201875147 seconds
Evaluating on validation set ...
Validation runtime: 0.0 hours, 0.0 minutes, 0.0064275264739990234 seconds

Avg val. time: 0.0 hours, 0.0 minutes, 0.11403846740722656 seconds
Avg batch val. time: 0.11403846740722656 seconds
Avg sample val. time: 0.01425480842590332 seconds
Epoch 1 Validation Summary: epoch: 1.000000 | loss: 1.765693 | accuracy: 0.250000 | precision: 0.250000 | 
Epoch 2 Training Summary: epoch: 2.000000 | loss: 1.684173 | 
Epoch runtime: 0.0 hours, 0.0 minutes, 0.08988428115844727 seconds

Avg epoch train. time: 0.0 hours, 0.0 minutes, 0.15129411220550537 seconds
Avg batch train. time: 0.01681045691172282 seconds
Avg sample train. time: 0.00225812107769411 seconds
Evaluating on validation set ...
Validation runtime: 0.0 hours, 0.0 minutes, 0.0059130191802978516 seconds

Avg val. time: 0.0 hours, 0.0 minutes, 0.07799665133158366 seconds
Avg batch val. time: 0.07799665133158366 seconds
Avg sample val. time: 0.009749581416447958 seconds
Epoch 2 Validation Summary: epoch: 2.000000 | loss: 1.617907 | accuracy: 0.125000 | precision: 0.333333 | 
Epoch 3 Training Summary: epoch: 3.000000 | loss: 1.623693 | 
Epoch runtime: 0.0 hours, 0.0 minutes, 0.08687257766723633 seconds

Avg epoch train. time: 0.0 hours, 0.0 minutes, 0.12982026735941568 seconds
Avg batch train. time: 0.014424474151046187 seconds
Avg sample train. time: 0.0019376159307375475 seconds
Epoch 4 Training Summary: epoch: 4.000000 | loss: 1.599516 | 
Epoch runtime: 0.0 hours, 0.0 minutes, 0.0852212905883789 seconds

Avg epoch train. time: 0.0 hours, 0.0 minutes, 0.1186705231666565 seconds
Avg batch train. time: 0.013185613685184054 seconds
Avg sample train. time: 0.0017712018383083058 seconds
Evaluating on validation set ...
Validation runtime: 0.0 hours, 0.0 minutes, 0.006519794464111328 seconds

Avg val. time: 0.0 hours, 0.0 minutes, 0.060127437114715576 seconds
Avg batch val. time: 0.060127437114715576 seconds
Avg sample val. time: 0.007515929639339447 seconds
Epoch 4 Validation Summary: epoch: 4.000000 | loss: 1.594873 | accuracy: 0.375000 | precision: 0.642857 | 
Epoch 5 Training Summary: epoch: 5.000000 | loss: 1.635691 | 
Epoch runtime: 0.0 hours, 0.0 minutes, 0.0844264030456543 seconds

Avg epoch train. time: 0.0 hours, 0.0 minutes, 0.11182169914245606 seconds
Avg batch train. time: 0.012424633238050674 seconds
Avg sample train. time: 0.001668980584215762 seconds
Epoch 6 Training Summary: epoch: 6.000000 | loss: 1.597216 | 
Epoch runtime: 0.0 hours, 0.0 minutes, 0.08372735977172852 seconds

Avg epoch train. time: 0.0 hours, 0.0 minutes, 0.1071393092473348 seconds
Avg batch train. time: 0.01190436769414831 seconds
Avg sample train. time: 0.0015990941678706687 seconds
Evaluating on validation set ...
Validation runtime: 0.0 hours, 0.0 minutes, 0.006284475326538086 seconds

Avg val. time: 0.0 hours, 0.0 minutes, 0.04935884475708008 seconds
Avg batch val. time: 0.04935884475708008 seconds
Avg sample val. time: 0.00616985559463501 seconds
Epoch 6 Validation Summary: epoch: 6.000000 | loss: 1.578968 | accuracy: 0.375000 | precision: 0.433333 | 
Epoch 7 Training Summary: epoch: 7.000000 | loss: 1.707488 | 
Epoch runtime: 0.0 hours, 0.0 minutes, 0.0885157585144043 seconds

Avg epoch train. time: 0.0 hours, 0.0 minutes, 0.1044788019997733 seconds
Avg batch train. time: 0.01160875577775259 seconds
Avg sample train. time: 0.0015593851044742285 seconds
Epoch 8 Training Summary: epoch: 8.000000 | loss: 1.579208 | 
Epoch runtime: 0.0 hours, 0.0 minutes, 0.08712387084960938 seconds

Avg epoch train. time: 0.0 hours, 0.0 minutes, 0.10230943560600281 seconds
Avg batch train. time: 0.011367715067333646 seconds
Avg sample train. time: 0.0015270065015821315 seconds
Evaluating on validation set ...
Validation runtime: 0.0 hours, 0.0 minutes, 0.006135463714599609 seconds

Avg val. time: 0.0 hours, 0.0 minutes, 0.042154947916666664 seconds
Avg batch val. time: 0.042154947916666664 seconds
Avg sample val. time: 0.005269368489583333 seconds
Epoch 8 Validation Summary: epoch: 8.000000 | loss: 1.549721 | accuracy: 0.500000 | precision: 0.533333 | 
Epoch 9 Training Summary: epoch: 9.000000 | loss: 1.702573 | 
Epoch runtime: 0.0 hours, 0.0 minutes, 0.08442091941833496 seconds

Avg epoch train. time: 0.0 hours, 0.0 minutes, 0.10032182269626194 seconds
Avg batch train. time: 0.01114686918847355 seconds
Avg sample train. time: 0.001497340637257641 seconds
Epoch 10 Training Summary: epoch: 10.000000 | loss: 1.603889 | 
Epoch runtime: 0.0 hours, 0.0 minutes, 0.08355450630187988 seconds

Avg epoch train. time: 0.0 hours, 0.0 minutes, 0.09864509105682373 seconds
Avg batch train. time: 0.010960565672980415 seconds
Avg sample train. time: 0.0014723147918928915 seconds
Evaluating on validation set ...
Validation runtime: 0.0 hours, 0.0 minutes, 0.0063555240631103516 seconds

Avg val. time: 0.0 hours, 0.0 minutes, 0.03704074450901577 seconds
Avg batch val. time: 0.03704074450901577 seconds
Avg sample val. time: 0.004630093063626971 seconds
Epoch 10 Validation Summary: epoch: 10.000000 | loss: 1.538778 | accuracy: 0.500000 | precision: 0.533333 | 
Epoch 11 Training Summary: epoch: 11.000000 | loss: 1.540610 | 
Epoch runtime: 0.0 hours, 0.0 minutes, 0.08815789222717285 seconds

Avg epoch train. time: 0.0 hours, 0.0 minutes, 0.09769170934503729 seconds
Avg batch train. time: 0.01085463437167081 seconds
Avg sample train. time: 0.0014580852141050343 seconds
Epoch 12 Training Summary: epoch: 12.000000 | loss: 1.541490 | 
Epoch runtime: 0.0 hours, 0.0 minutes, 0.0889885425567627 seconds

Avg epoch train. time: 0.0 hours, 0.0 minutes, 0.0969664454460144 seconds
Avg batch train. time: 0.0107740494940016 seconds
Avg sample train. time: 0.0014472603797912598 seconds
Evaluating on validation set ...
Validation runtime: 0.0 hours, 0.0 minutes, 0.006787300109863281 seconds

Avg val. time: 0.0 hours, 0.0 minutes, 0.033259063959121704 seconds
Avg batch val. time: 0.033259063959121704 seconds
Avg sample val. time: 0.004157382994890213 seconds
Epoch 12 Validation Summary: epoch: 12.000000 | loss: 1.517447 | accuracy: 0.375000 | precision: 0.300000 | 
Epoch 13 Training Summary: epoch: 13.000000 | loss: 1.552265 | 
Epoch runtime: 0.0 hours, 0.0 minutes, 0.08086061477661133 seconds

Avg epoch train. time: 0.0 hours, 0.0 minutes, 0.09572753539452186 seconds
Avg batch train. time: 0.01063639282161354 seconds
Avg sample train. time: 0.0014287691849928636 seconds
Epoch 14 Training Summary: epoch: 14.000000 | loss: 1.587366 | 
Epoch runtime: 0.0 hours, 0.0 minutes, 0.07827281951904297 seconds

Avg epoch train. time: 0.0 hours, 0.0 minutes, 0.0944807699748448 seconds
Avg batch train. time: 0.01049786333053831 seconds
Avg sample train. time: 0.0014101607458932059 seconds
Evaluating on validation set ...
Validation runtime: 0.0 hours, 0.0 minutes, 0.006021022796630859 seconds

Avg val. time: 0.0 hours, 0.0 minutes, 0.030232614941067167 seconds
Avg batch val. time: 0.030232614941067167 seconds
Avg sample val. time: 0.003779076867633396 seconds
Epoch 14 Validation Summary: epoch: 14.000000 | loss: 1.495114 | accuracy: 0.375000 | precision: 0.366667 | 
Epoch 15 Training Summary: epoch: 15.000000 | loss: 1.537735 | 
Epoch runtime: 0.0 hours, 0.0 minutes, 0.08478426933288574 seconds

Avg epoch train. time: 0.0 hours, 0.0 minutes, 0.0938343365987142 seconds
Avg batch train. time: 0.010426037399857133 seconds
Avg sample train. time: 0.001400512486547973 seconds
Epoch 16 Training Summary: epoch: 16.000000 | loss: 1.572946 | 
Epoch runtime: 0.0 hours, 0.0 minutes, 0.07998156547546387 seconds

Avg epoch train. time: 0.0 hours, 0.0 minutes, 0.09296853840351105 seconds
Avg batch train. time: 0.010329837600390116 seconds
Avg sample train. time: 0.001387590125425538 seconds
Evaluating on validation set ...
Validation runtime: 0.0 hours, 0.0 minutes, 0.0064966678619384766 seconds

Avg val. time: 0.0 hours, 0.0 minutes, 0.027859020233154296 seconds
Avg batch val. time: 0.027859020233154296 seconds
Avg sample val. time: 0.003482377529144287 seconds
Epoch 16 Validation Summary: epoch: 16.000000 | loss: 1.462089 | accuracy: 0.375000 | precision: 0.366667 | 
Epoch 17 Training Summary: epoch: 17.000000 | loss: 1.431889 | 
Epoch runtime: 0.0 hours, 0.0 minutes, 0.08552432060241699 seconds

Avg epoch train. time: 0.0 hours, 0.0 minutes, 0.09253064323874081 seconds
Avg batch train. time: 0.010281182582082313 seconds
Avg sample train. time: 0.001381054376697624 seconds
Epoch 18 Training Summary: epoch: 18.000000 | loss: 1.488769 | 
Epoch runtime: 0.0 hours, 0.0 minutes, 0.0898892879486084 seconds

Avg epoch train. time: 0.0 hours, 0.0 minutes, 0.0923839012781779 seconds
Avg batch train. time: 0.010264877919797544 seconds
Avg sample train. time: 0.0013788641981817597 seconds
Evaluating on validation set ...
Validation runtime: 0.0 hours, 0.0 minutes, 0.006570100784301758 seconds

Avg val. time: 0.0 hours, 0.0 minutes, 0.02592366391962225 seconds
Avg batch val. time: 0.02592366391962225 seconds
Avg sample val. time: 0.003240457989952781 seconds
Epoch 18 Validation Summary: epoch: 18.000000 | loss: 1.391726 | accuracy: 0.250000 | precision: 0.194444 | 
Epoch 19 Training Summary: epoch: 19.000000 | loss: 1.354493 | 
Epoch runtime: 0.0 hours, 0.0 minutes, 0.09514522552490234 seconds

Avg epoch train. time: 0.0 hours, 0.0 minutes, 0.09252923413326866 seconds
Avg batch train. time: 0.01028102601480763 seconds
Avg sample train. time: 0.0013810333452726666 seconds
Epoch 20 Training Summary: epoch: 20.000000 | loss: 1.415157 | 
Epoch runtime: 0.0 hours, 0.0 minutes, 0.09319376945495605 seconds

Avg epoch train. time: 0.0 hours, 0.0 minutes, 0.09256246089935302 seconds
Avg batch train. time: 0.010284717877705891 seconds
Avg sample train. time: 0.0013815292671545227 seconds
Evaluating on validation set ...
Validation runtime: 0.0 hours, 0.0 minutes, 0.006934165954589844 seconds

Avg val. time: 0.0 hours, 0.0 minutes, 0.02434120575586955 seconds
Avg batch val. time: 0.02434120575586955 seconds
Avg sample val. time: 0.0030426507194836936 seconds
Epoch 20 Validation Summary: epoch: 20.000000 | loss: 1.372391 | accuracy: 0.375000 | precision: 0.375000 | 
Epoch 21 Training Summary: epoch: 21.000000 | loss: 1.485869 | 
Epoch runtime: 0.0 hours, 0.0 minutes, 0.09215998649597168 seconds

Avg epoch train. time: 0.0 hours, 0.0 minutes, 0.09254329545157296 seconds
Avg batch train. time: 0.010282588383508106 seconds
Avg sample train. time: 0.0013812432156951188 seconds
Epoch 22 Training Summary: epoch: 22.000000 | loss: 1.403065 | 
Epoch runtime: 0.0 hours, 0.0 minutes, 0.08505415916442871 seconds

Avg epoch train. time: 0.0 hours, 0.0 minutes, 0.09220288016579369 seconds
Avg batch train. time: 0.010244764462865964 seconds
Avg sample train. time: 0.001376162390534234 seconds
Evaluating on validation set ...
Validation runtime: 0.0 hours, 0.0 minutes, 0.006705284118652344 seconds

Avg val. time: 0.0 hours, 0.0 minutes, 0.02298459639916053 seconds
Avg batch val. time: 0.02298459639916053 seconds
Avg sample val. time: 0.0028730745498950663 seconds
Epoch 22 Validation Summary: epoch: 22.000000 | loss: 1.360207 | accuracy: 0.375000 | precision: 0.366667 | 
Epoch 23 Training Summary: epoch: 23.000000 | loss: 1.274785 | 
Epoch runtime: 0.0 hours, 0.0 minutes, 0.10101532936096191 seconds

Avg epoch train. time: 0.0 hours, 0.0 minutes, 0.092586030130801 seconds
Avg batch train. time: 0.010287336681200111 seconds
Avg sample train. time: 0.001381881046728373 seconds
Epoch 24 Training Summary: epoch: 24.000000 | loss: 1.284421 | 
Epoch runtime: 0.0 hours, 0.0 minutes, 0.0935513973236084 seconds

Avg epoch train. time: 0.0 hours, 0.0 minutes, 0.09262625376383464 seconds
Avg batch train. time: 0.010291805973759404 seconds
Avg sample train. time: 0.0013824813994602184 seconds
Evaluating on validation set ...
Validation runtime: 0.0 hours, 0.0 minutes, 0.007067441940307617 seconds

Avg val. time: 0.0 hours, 0.0 minutes, 0.021847656794956753 seconds
Avg batch val. time: 0.021847656794956753 seconds
Avg sample val. time: 0.002730957099369594 seconds
Epoch 24 Validation Summary: epoch: 24.000000 | loss: 1.367400 | accuracy: 0.375000 | precision: 0.416667 | 
Epoch 25 Training Summary: epoch: 25.000000 | loss: 1.248985 | 
Epoch runtime: 0.0 hours, 0.0 minutes, 0.09553885459899902 seconds

Avg epoch train. time: 0.0 hours, 0.0 minutes, 0.09274275779724121 seconds
Avg batch train. time: 0.010304750866360134 seconds
Avg sample train. time: 0.0013842202656304658 seconds
Epoch 26 Training Summary: epoch: 26.000000 | loss: 1.362084 | 
Epoch runtime: 0.0 hours, 0.0 minutes, 0.08985590934753418 seconds

Avg epoch train. time: 0.0 hours, 0.0 minutes, 0.09263172516456017 seconds
Avg batch train. time: 0.010292413907173352 seconds
Avg sample train. time: 0.0013825630621576144 seconds
Evaluating on validation set ...
Validation runtime: 0.0 hours, 0.0 minutes, 0.007100105285644531 seconds

Avg val. time: 0.0 hours, 0.0 minutes, 0.020864486694335938 seconds
Avg batch val. time: 0.020864486694335938 seconds
Avg sample val. time: 0.002608060836791992 seconds
Epoch 26 Validation Summary: epoch: 26.000000 | loss: 1.272771 | accuracy: 0.250000 | precision: 0.238095 | 
Epoch 27 Training Summary: epoch: 27.000000 | loss: 1.214440 | 
Epoch runtime: 0.0 hours, 0.0 minutes, 0.13182544708251953 seconds

Avg epoch train. time: 0.0 hours, 0.0 minutes, 0.09408334449485496 seconds
Avg batch train. time: 0.010453704943872773 seconds
Avg sample train. time: 0.0014042290223112682 seconds
Epoch 28 Training Summary: epoch: 28.000000 | loss: 1.079938 | 
Epoch runtime: 0.0 hours, 0.0 minutes, 0.09545230865478516 seconds

Avg epoch train. time: 0.0 hours, 0.0 minutes, 0.09413223607199532 seconds
Avg batch train. time: 0.010459137341332813 seconds
Avg sample train. time: 0.0014049587473432138 seconds
Evaluating on validation set ...
Validation runtime: 0.0 hours, 0.0 minutes, 0.007073402404785156 seconds

Avg val. time: 0.0 hours, 0.0 minutes, 0.020002543926239014 seconds
Avg batch val. time: 0.020002543926239014 seconds
Avg sample val. time: 0.0025003179907798767 seconds
Epoch 28 Validation Summary: epoch: 28.000000 | loss: 1.231342 | accuracy: 0.250000 | precision: 0.238095 | 
Epoch 29 Training Summary: epoch: 29.000000 | loss: 1.078998 | 
Epoch runtime: 0.0 hours, 0.0 minutes, 0.08911800384521484 seconds

Avg epoch train. time: 0.0 hours, 0.0 minutes, 0.09395933151245117 seconds
Avg batch train. time: 0.010439925723605685 seconds
Avg sample train. time: 0.0014023780822753906 seconds
Epoch 30 Training Summary: epoch: 30.000000 | loss: 1.091643 | 
Epoch runtime: 0.0 hours, 0.0 minutes, 0.0933070182800293 seconds

Avg epoch train. time: 0.0 hours, 0.0 minutes, 0.0939375877380371 seconds
Avg batch train. time: 0.01043750974867079 seconds
Avg sample train. time: 0.0014020535483289121 seconds
Evaluating on validation set ...
Validation runtime: 0.0 hours, 0.0 minutes, 0.006934642791748047 seconds

Avg val. time: 0.0 hours, 0.0 minutes, 0.01923384385950425 seconds
Avg batch val. time: 0.01923384385950425 seconds
Avg sample val. time: 0.002404230482438031 seconds
Epoch 30 Validation Summary: epoch: 30.000000 | loss: 1.199296 | accuracy: 0.250000 | precision: 0.300000 | 
Epoch 31 Training Summary: epoch: 31.000000 | loss: 0.990522 | 
Epoch runtime: 0.0 hours, 0.0 minutes, 0.09227991104125977 seconds

Avg epoch train. time: 0.0 hours, 0.0 minutes, 0.09388411429620558 seconds
Avg batch train. time: 0.010431568255133953 seconds
Avg sample train. time: 0.0014012554372567997 seconds
Epoch 32 Training Summary: epoch: 32.000000 | loss: 0.948338 | 
Epoch runtime: 0.0 hours, 0.0 minutes, 0.09451556205749512 seconds

Avg epoch train. time: 0.0 hours, 0.0 minutes, 0.09390384703874588 seconds
Avg batch train. time: 0.010433760782082876 seconds
Avg sample train. time: 0.0014015499558021774 seconds
Evaluating on validation set ...
Validation runtime: 0.0 hours, 0.0 minutes, 0.007841110229492188 seconds

Avg val. time: 0.0 hours, 0.0 minutes, 0.01860091421339247 seconds
Avg batch val. time: 0.01860091421339247 seconds
Avg sample val. time: 0.0023251142766740588 seconds
Epoch 32 Validation Summary: epoch: 32.000000 | loss: 1.125246 | accuracy: 0.250000 | precision: 0.250000 | 
Epoch 33 Training Summary: epoch: 33.000000 | loss: 0.898462 | 
Epoch runtime: 0.0 hours, 0.0 minutes, 0.09137940406799316 seconds

Avg epoch train. time: 0.0 hours, 0.0 minutes, 0.09382734876690489 seconds
Avg batch train. time: 0.010425260974100544 seconds
Avg sample train. time: 0.0014004081905508194 seconds
Epoch 34 Training Summary: epoch: 34.000000 | loss: 0.987770 | 
Epoch runtime: 0.0 hours, 0.0 minutes, 0.09667778015136719 seconds

Avg epoch train. time: 0.0 hours, 0.0 minutes, 0.09391118498409495 seconds
Avg batch train. time: 0.010434576109343884 seconds
Avg sample train. time: 0.0014016594773745515 seconds
Evaluating on validation set ...
Validation runtime: 0.0 hours, 0.0 minutes, 0.00705409049987793 seconds

Avg val. time: 0.0 hours, 0.0 minutes, 0.017993186649523284 seconds
Avg batch val. time: 0.017993186649523284 seconds
Avg sample val. time: 0.0022491483311904105 seconds
Epoch 34 Validation Summary: epoch: 34.000000 | loss: 1.162141 | accuracy: 0.375000 | precision: 0.416667 | 
Epoch 35 Training Summary: epoch: 35.000000 | loss: 0.843627 | 
Epoch runtime: 0.0 hours, 0.0 minutes, 0.09497594833374023 seconds

Avg epoch train. time: 0.0 hours, 0.0 minutes, 0.09394160679408482 seconds
Avg batch train. time: 0.01043795631045387 seconds
Avg sample train. time: 0.001402113534240072 seconds
Epoch 36 Training Summary: epoch: 36.000000 | loss: 0.816674 | 
Epoch runtime: 0.0 hours, 0.0 minutes, 0.09779572486877441 seconds

Avg epoch train. time: 0.0 hours, 0.0 minutes, 0.09404866562949286 seconds
Avg batch train. time: 0.010449851736610317 seconds
Avg sample train. time: 0.0014037114273058636 seconds
Evaluating on validation set ...
Validation runtime: 0.0 hours, 0.0 minutes, 0.008114337921142578 seconds

Avg val. time: 0.0 hours, 0.0 minutes, 0.017499244213104247 seconds
Avg batch val. time: 0.017499244213104247 seconds
Avg sample val. time: 0.002187405526638031 seconds
Epoch 36 Validation Summary: epoch: 36.000000 | loss: 1.275841 | accuracy: 0.500000 | precision: 0.533333 | 
Epoch 37 Training Summary: epoch: 37.000000 | loss: 0.745435 | 
Epoch runtime: 0.0 hours, 0.0 minutes, 0.09344220161437988 seconds

Avg epoch train. time: 0.0 hours, 0.0 minutes, 0.09403227471016548 seconds
Avg batch train. time: 0.01044803052335172 seconds
Avg sample train. time: 0.0014034667867188879 seconds
Epoch 38 Training Summary: epoch: 38.000000 | loss: 0.664487 | 
Epoch runtime: 0.0 hours, 0.0 minutes, 0.08709287643432617 seconds

Avg epoch train. time: 0.0 hours, 0.0 minutes, 0.09384965896606445 seconds
Avg batch train. time: 0.010427739885118272 seconds
Avg sample train. time: 0.001400741178597977 seconds
Evaluating on validation set ...
Validation runtime: 0.0 hours, 0.0 minutes, 0.00679326057434082 seconds

Avg val. time: 0.0 hours, 0.0 minutes, 0.016989435468401228 seconds
Avg batch val. time: 0.016989435468401228 seconds
Avg sample val. time: 0.0021236794335501535 seconds
Epoch 38 Validation Summary: epoch: 38.000000 | loss: 1.100355 | accuracy: 0.500000 | precision: 0.533333 | 
Epoch 39 Training Summary: epoch: 39.000000 | loss: 0.735042 | 
Epoch runtime: 0.0 hours, 0.0 minutes, 0.09444403648376465 seconds

Avg epoch train. time: 0.0 hours, 0.0 minutes, 0.09386489941523625 seconds
Avg batch train. time: 0.010429433268359583 seconds
Avg sample train. time: 0.0014009686479886008 seconds
Epoch 40 Training Summary: epoch: 40.000000 | loss: 0.651213 | 
Epoch runtime: 0.0 hours, 0.0 minutes, 0.0998682975769043 seconds

Avg epoch train. time: 0.0 hours, 0.0 minutes, 0.09401498436927795 seconds
Avg batch train. time: 0.010446109374364217 seconds
Avg sample train. time: 0.0014032087219295216 seconds
Evaluating on validation set ...
Validation runtime: 0.0 hours, 0.0 minutes, 0.007500410079956055 seconds

Avg val. time: 0.0 hours, 0.0 minutes, 0.01655811613256281 seconds
Avg batch val. time: 0.01655811613256281 seconds
Avg sample val. time: 0.002069764516570351 seconds
Epoch 40 Validation Summary: epoch: 40.000000 | loss: 1.441295 | accuracy: 0.375000 | precision: 0.555556 | 
Best accuracy was 0.5. Other metrics: OrderedDict([('epoch', 8), ('loss', 1.5497212409973145), ('accuracy', 0.5), ('precision', 0.5333333333333333)])
All Done!
Total runtime: 0.0 hours, 0.0 minutes, 7.0999596118927 seconds

