Running:
src/main_5q.py --output_dir experiments --comment classification from Scratch --name VRS_fromScratch --records_file VRS_records.xls --data_dir /mnt/d/OneDrive - Southern Methodist University/Phone_Privacy/input_feature/all_processpos_norm_downsample_480p_s22 --data_class vrs --val_ratio 0.1 --epochs 40 --lr 0.001 --dropout 0.2 --batch_size 8 --num_layers 3 --num_heads 4 --optimizer RAdam --pos_encoding learnable --task classification --normalization none --key_metric accuracy

Using device: cuda
Loading and preprocessing data ...
476 samples may be used for training
53 samples will be used for validation
0 samples will be used for testing
Creating model ...
Model:
TSTransformerEncoderClassiregressor(
  (project_inp): Linear(in_features=39, out_features=64, bias=True)
  (pos_enc): LearnablePositionalEncoding(
    (dropout): Dropout(p=0.2, inplace=False)
  )
  (transformer_encoder): TransformerEncoder(
    (layers): ModuleList(
      (0-2): 3 x TransformerBatchNormEncoderLayer(
        (self_attn): MultiheadAttention(
          (out_proj): NonDynamicallyQuantizableLinear(in_features=64, out_features=64, bias=True)
        )
        (linear1): Linear(in_features=64, out_features=256, bias=True)
        (dropout): Dropout(p=0.2, inplace=False)
        (linear2): Linear(in_features=256, out_features=64, bias=True)
        (norm1): BatchNorm1d(64, eps=1e-05, momentum=0.1, affine=True, track_running_stats=True)
        (norm2): BatchNorm1d(64, eps=1e-05, momentum=0.1, affine=True, track_running_stats=True)
        (dropout1): Dropout(p=0.2, inplace=False)
        (dropout2): Dropout(p=0.2, inplace=False)
      )
    )
  )
  (dropout1): Dropout(p=0.2, inplace=False)
  (output_layer): Linear(in_features=5120, out_features=5, bias=True)
)
Total number of parameters: 183237
Trainable parameters: 183237
Evaluating on validation set ...
Validation runtime: 0.0 hours, 0.0 minutes, 0.36322546005249023 seconds

Avg val. time: 0.0 hours, 0.0 minutes, 0.36322546005249023 seconds
Avg batch val. time: 0.051889351436070034 seconds
Avg sample val. time: 0.006853310567028118 seconds
Epoch 0 Validation Summary: epoch: 0.000000 | loss: 4.615827 | accuracy: 0.169811 | precision: 0.157561 | 
Starting training...
Epoch 1 Training Summary: epoch: 1.000000 | loss: 1.657651 | 
Epoch runtime: 0.0 hours, 0.0 minutes, 0.7605547904968262 seconds

Avg epoch train. time: 0.0 hours, 0.0 minutes, 0.7605547904968262 seconds
Avg batch train. time: 0.012675913174947102 seconds
Avg sample train. time: 0.0015978041817160213 seconds
Evaluating on validation set ...
Validation runtime: 0.0 hours, 0.0 minutes, 0.021717548370361328 seconds

Avg val. time: 0.0 hours, 0.0 minutes, 0.19247150421142578 seconds
Avg batch val. time: 0.027495929173060825 seconds
Avg sample val. time: 0.0036315378153099205 seconds
Epoch 1 Validation Summary: epoch: 1.000000 | loss: 1.573318 | accuracy: 0.245283 | precision: 0.172901 | 
Epoch 2 Training Summary: epoch: 2.000000 | loss: 1.651743 | 
Epoch runtime: 0.0 hours, 0.0 minutes, 0.5727083683013916 seconds

Avg epoch train. time: 0.0 hours, 0.0 minutes, 0.6666315793991089 seconds
Avg batch train. time: 0.011110526323318482 seconds
Avg sample train. time: 0.0014004865113426657 seconds
Evaluating on validation set ...
Validation runtime: 0.0 hours, 0.0 minutes, 0.02107381820678711 seconds

Avg val. time: 0.0 hours, 0.0 minutes, 0.13533894220987955 seconds
Avg batch val. time: 0.019334134601411365 seconds
Avg sample val. time: 0.0025535649473562177 seconds
Epoch 2 Validation Summary: epoch: 2.000000 | loss: 1.518359 | accuracy: 0.283019 | precision: 0.298942 | 
Epoch 3 Training Summary: epoch: 3.000000 | loss: 1.624770 | 
Epoch runtime: 0.0 hours, 0.0 minutes, 0.5564374923706055 seconds

Avg epoch train. time: 0.0 hours, 0.0 minutes, 0.6299002170562744 seconds
Avg batch train. time: 0.010498336950937907 seconds
Avg sample train. time: 0.0013233197837316689 seconds
Epoch 4 Training Summary: epoch: 4.000000 | loss: 1.626129 | 
Epoch runtime: 0.0 hours, 0.0 minutes, 0.5435507297515869 seconds

Avg epoch train. time: 0.0 hours, 0.0 minutes, 0.6083128452301025 seconds
Avg batch train. time: 0.01013854742050171 seconds
Avg sample train. time: 0.0012779681622481147 seconds
Evaluating on validation set ...
Validation runtime: 0.0 hours, 0.0 minutes, 0.022206544876098633 seconds

Avg val. time: 0.0 hours, 0.0 minutes, 0.10705584287643433 seconds
Avg batch val. time: 0.015293691839490618 seconds
Avg sample val. time: 0.0020199215637063082 seconds
Epoch 4 Validation Summary: epoch: 4.000000 | loss: 1.533250 | accuracy: 0.245283 | precision: 0.205818 | 
Epoch 5 Training Summary: epoch: 5.000000 | loss: 1.548100 | 
Epoch runtime: 0.0 hours, 0.0 minutes, 0.5493981838226318 seconds

Avg epoch train. time: 0.0 hours, 0.0 minutes, 0.5965299129486084 seconds
Avg batch train. time: 0.00994216521581014 seconds
Avg sample train. time: 0.0012532141028332108 seconds
Epoch 6 Training Summary: epoch: 6.000000 | loss: 1.502899 | 
Epoch runtime: 0.0 hours, 0.0 minutes, 0.5593371391296387 seconds

Avg epoch train. time: 0.0 hours, 0.0 minutes, 0.5903311173121134 seconds
Avg batch train. time: 0.00983885195520189 seconds
Avg sample train. time: 0.001240191422924608 seconds
Evaluating on validation set ...
Validation runtime: 0.0 hours, 0.0 minutes, 0.02126765251159668 seconds

Avg val. time: 0.0 hours, 0.0 minutes, 0.0898982048034668 seconds
Avg batch val. time: 0.012842600686209543 seconds
Avg sample val. time: 0.0016961925434616377 seconds
Epoch 6 Validation Summary: epoch: 6.000000 | loss: 1.548161 | accuracy: 0.301887 | precision: 0.379893 | 
Epoch 7 Training Summary: epoch: 7.000000 | loss: 1.471828 | 
Epoch runtime: 0.0 hours, 0.0 minutes, 0.5682601928710938 seconds

Avg epoch train. time: 0.0 hours, 0.0 minutes, 0.5871781281062535 seconds
Avg batch train. time: 0.009786302135104225 seconds
Avg sample train. time: 0.001233567496021541 seconds
Epoch 8 Training Summary: epoch: 8.000000 | loss: 1.395326 | 
Epoch runtime: 0.0 hours, 0.0 minutes, 0.5145065784454346 seconds

Avg epoch train. time: 0.0 hours, 0.0 minutes, 0.5780941843986511 seconds
Avg batch train. time: 0.009634903073310852 seconds
Avg sample train. time: 0.0012144835806694352 seconds
Evaluating on validation set ...
Validation runtime: 0.0 hours, 0.0 minutes, 0.021635770797729492 seconds

Avg val. time: 0.0 hours, 0.0 minutes, 0.07852113246917725 seconds
Avg batch val. time: 0.011217304638453893 seconds
Avg sample val. time: 0.0014815308013052312 seconds
Epoch 8 Validation Summary: epoch: 8.000000 | loss: 1.320585 | accuracy: 0.452830 | precision: 0.459584 | 
Epoch 9 Training Summary: epoch: 9.000000 | loss: 1.410539 | 
Epoch runtime: 0.0 hours, 0.0 minutes, 0.53302001953125 seconds

Avg epoch train. time: 0.0 hours, 0.0 minutes, 0.5730859438578287 seconds
Avg batch train. time: 0.00955143239763048 seconds
Avg sample train. time: 0.0012039620669282117 seconds
Epoch 10 Training Summary: epoch: 10.000000 | loss: 1.347445 | 
Epoch runtime: 0.0 hours, 0.0 minutes, 0.5276331901550293 seconds

Avg epoch train. time: 0.0 hours, 0.0 minutes, 0.5685406684875488 seconds
Avg batch train. time: 0.009475677808125813 seconds
Avg sample train. time: 0.0011944131690914891 seconds
Evaluating on validation set ...
Validation runtime: 0.0 hours, 0.0 minutes, 0.021112442016601562 seconds

Avg val. time: 0.0 hours, 0.0 minutes, 0.07031989097595215 seconds
Avg batch val. time: 0.010045698710850306 seconds
Avg sample val. time: 0.001326790395772682 seconds
Epoch 10 Validation Summary: epoch: 10.000000 | loss: 1.202723 | accuracy: 0.433962 | precision: 0.429919 | 
Epoch 11 Training Summary: epoch: 11.000000 | loss: 1.313305 | 
Epoch runtime: 0.0 hours, 0.0 minutes, 0.5301687717437744 seconds

Avg epoch train. time: 0.0 hours, 0.0 minutes, 0.5650523142381148 seconds
Avg batch train. time: 0.009417538570635245 seconds
Avg sample train. time: 0.001187084693777552 seconds
Epoch 12 Training Summary: epoch: 12.000000 | loss: 1.263103 | 
Epoch runtime: 0.0 hours, 0.0 minutes, 0.5169844627380371 seconds

Avg epoch train. time: 0.0 hours, 0.0 minutes, 0.5610466599464417 seconds
Avg batch train. time: 0.009350777665774027 seconds
Avg sample train. time: 0.001178669453668995 seconds
Evaluating on validation set ...
Validation runtime: 0.0 hours, 0.0 minutes, 0.022345542907714844 seconds

Avg val. time: 0.0 hours, 0.0 minutes, 0.06432309746742249 seconds
Avg batch val. time: 0.009189013923917497 seconds
Avg sample val. time: 0.0012136433484419337 seconds
Epoch 12 Validation Summary: epoch: 12.000000 | loss: 1.381206 | accuracy: 0.433962 | precision: 0.419181 | 
Epoch 13 Training Summary: epoch: 13.000000 | loss: 1.240886 | 
Epoch runtime: 0.0 hours, 0.0 minutes, 0.5379848480224609 seconds

Avg epoch train. time: 0.0 hours, 0.0 minutes, 0.5592726744138278 seconds
Avg batch train. time: 0.009321211240230463 seconds
Avg sample train. time: 0.0011749425933063609 seconds
Epoch 14 Training Summary: epoch: 14.000000 | loss: 1.157279 | 
Epoch runtime: 0.0 hours, 0.0 minutes, 0.5360603332519531 seconds

Avg epoch train. time: 0.0 hours, 0.0 minutes, 0.5576146500451225 seconds
Avg batch train. time: 0.009293577500752041 seconds
Avg sample train. time: 0.0011714593488342908 seconds
Evaluating on validation set ...
Validation runtime: 0.0 hours, 0.0 minutes, 0.022292137145996094 seconds

Avg val. time: 0.0 hours, 0.0 minutes, 0.059652990765041776 seconds
Avg batch val. time: 0.008521855823577397 seconds
Avg sample val. time: 0.0011255281276422978 seconds
Epoch 14 Validation Summary: epoch: 14.000000 | loss: 1.224680 | accuracy: 0.509434 | precision: 0.495032 | 
Epoch 15 Training Summary: epoch: 15.000000 | loss: 1.211530 | 
Epoch runtime: 0.0 hours, 0.0 minutes, 0.5278720855712891 seconds

Avg epoch train. time: 0.0 hours, 0.0 minutes, 0.5556318124135335 seconds
Avg batch train. time: 0.009260530206892225 seconds
Avg sample train. time: 0.0011672937235578437 seconds
Epoch 16 Training Summary: epoch: 16.000000 | loss: 1.163231 | 
Epoch runtime: 0.0 hours, 0.0 minutes, 0.5346686840057373 seconds

Avg epoch train. time: 0.0 hours, 0.0 minutes, 0.5543216168880463 seconds
Avg batch train. time: 0.00923869361480077 seconds
Avg sample train. time: 0.001164541211949677 seconds
Evaluating on validation set ...
Validation runtime: 0.0 hours, 0.0 minutes, 0.022151708602905273 seconds

Avg val. time: 0.0 hours, 0.0 minutes, 0.055902862548828126 seconds
Avg batch val. time: 0.007986123221261162 seconds
Avg sample val. time: 0.0010547709914873232 seconds
Epoch 16 Validation Summary: epoch: 16.000000 | loss: 1.551924 | accuracy: 0.339623 | precision: 0.339508 | 
Epoch 17 Training Summary: epoch: 17.000000 | loss: 1.102219 | 
Epoch runtime: 0.0 hours, 0.0 minutes, 0.5300784111022949 seconds

Avg epoch train. time: 0.0 hours, 0.0 minutes, 0.5528955459594727 seconds
Avg batch train. time: 0.00921492576599121 seconds
Avg sample train. time: 0.0011615452646207408 seconds
Epoch 18 Training Summary: epoch: 18.000000 | loss: 1.103094 | 
Epoch runtime: 0.0 hours, 0.0 minutes, 0.570805549621582 seconds

Avg epoch train. time: 0.0 hours, 0.0 minutes, 0.5538905461629232 seconds
Avg batch train. time: 0.009231509102715387 seconds
Avg sample train. time: 0.0011636356011826118 seconds
Evaluating on validation set ...
Validation runtime: 0.0 hours, 0.0 minutes, 0.023110628128051758 seconds

Avg val. time: 0.0 hours, 0.0 minutes, 0.052921750328757546 seconds
Avg batch val. time: 0.007560250046965364 seconds
Avg sample val. time: 0.000998523591108633 seconds
Epoch 18 Validation Summary: epoch: 18.000000 | loss: 1.302910 | accuracy: 0.452830 | precision: 0.413926 | 
Epoch 19 Training Summary: epoch: 19.000000 | loss: 1.100896 | 
Epoch runtime: 0.0 hours, 0.0 minutes, 0.5721817016601562 seconds

Avg epoch train. time: 0.0 hours, 0.0 minutes, 0.5548532385575143 seconds
Avg batch train. time: 0.009247553975958573 seconds
Avg sample train. time: 0.0011656580641964587 seconds
Epoch 20 Training Summary: epoch: 20.000000 | loss: 1.034964 | 
Epoch runtime: 0.0 hours, 0.0 minutes, 0.5579962730407715 seconds

Avg epoch train. time: 0.0 hours, 0.0 minutes, 0.5550103902816772 seconds
Avg batch train. time: 0.009250173171361287 seconds
Avg sample train. time: 0.0011659882148774732 seconds
Evaluating on validation set ...
Validation runtime: 0.0 hours, 0.0 minutes, 0.020111083984375 seconds

Avg val. time: 0.0 hours, 0.0 minutes, 0.050187528133392334 seconds
Avg batch val. time: 0.007169646876198905 seconds
Avg sample val. time: 0.0009469344930828742 seconds
Epoch 20 Validation Summary: epoch: 20.000000 | loss: 1.547472 | accuracy: 0.396226 | precision: 0.348349 | 
Epoch 21 Training Summary: epoch: 21.000000 | loss: 1.002382 | 
Epoch runtime: 0.0 hours, 0.0 minutes, 0.5572106838226318 seconds

Avg epoch train. time: 0.0 hours, 0.0 minutes, 0.5551151661645799 seconds
Avg batch train. time: 0.009251919436076332 seconds
Avg sample train. time: 0.0011662083322785293 seconds
Epoch 22 Training Summary: epoch: 22.000000 | loss: 0.985253 | 
Epoch runtime: 0.0 hours, 0.0 minutes, 0.5592403411865234 seconds

Avg epoch train. time: 0.0 hours, 0.0 minutes, 0.5553026741201227 seconds
Avg batch train. time: 0.009255044568668712 seconds
Avg sample train. time: 0.0011666022565548796 seconds
Evaluating on validation set ...
Validation runtime: 0.0 hours, 0.0 minutes, 0.021961212158203125 seconds

Avg val. time: 0.0 hours, 0.0 minutes, 0.04801627305837778 seconds
Avg batch val. time: 0.006859467579768254 seconds
Avg sample val. time: 0.0009059674161958071 seconds
Epoch 22 Validation Summary: epoch: 22.000000 | loss: 1.280886 | accuracy: 0.528302 | precision: 0.535898 | 
Epoch 23 Training Summary: epoch: 23.000000 | loss: 0.993162 | 
Epoch runtime: 0.0 hours, 0.0 minutes, 0.5551831722259521 seconds

Avg epoch train. time: 0.0 hours, 0.0 minutes, 0.5552974783855936 seconds
Avg batch train. time: 0.009254957973093227 seconds
Avg sample train. time: 0.001166591341146205 seconds
Epoch 24 Training Summary: epoch: 24.000000 | loss: 0.890857 | 
Epoch runtime: 0.0 hours, 0.0 minutes, 0.5501086711883545 seconds

Avg epoch train. time: 0.0 hours, 0.0 minutes, 0.5550812780857086 seconds
Avg batch train. time: 0.00925135463476181 seconds
Avg sample train. time: 0.0011661371388355223 seconds
Evaluating on validation set ...
Validation runtime: 0.0 hours, 0.0 minutes, 0.02121281623840332 seconds

Avg val. time: 0.0 hours, 0.0 minutes, 0.046101740428379605 seconds
Avg batch val. time: 0.006585962918339944 seconds
Avg sample val. time: 0.0008698441590260302 seconds
Epoch 24 Validation Summary: epoch: 24.000000 | loss: 1.406990 | accuracy: 0.584906 | precision: 0.577392 | 
Epoch 25 Training Summary: epoch: 25.000000 | loss: 0.874111 | 
Epoch runtime: 0.0 hours, 0.0 minutes, 0.549752950668335 seconds

Avg epoch train. time: 0.0 hours, 0.0 minutes, 0.5548681449890137 seconds
Avg batch train. time: 0.009247802416483562 seconds
Avg sample train. time: 0.0011656893802290205 seconds
Epoch 26 Training Summary: epoch: 26.000000 | loss: 0.896643 | 
Epoch runtime: 0.0 hours, 0.0 minutes, 0.554511308670044 seconds

Avg epoch train. time: 0.0 hours, 0.0 minutes, 0.5548544205152072 seconds
Avg batch train. time: 0.009247573675253452 seconds
Avg sample train. time: 0.0011656605473008555 seconds
Evaluating on validation set ...
Validation runtime: 0.0 hours, 0.0 minutes, 0.020408153533935547 seconds

Avg val. time: 0.0 hours, 0.0 minutes, 0.044388834635416666 seconds
Avg batch val. time: 0.00634126209077381 seconds
Avg sample val. time: 0.0008375251818003145 seconds
Epoch 26 Validation Summary: epoch: 26.000000 | loss: 1.538404 | accuracy: 0.452830 | precision: 0.433910 | 
Epoch 27 Training Summary: epoch: 27.000000 | loss: 0.842238 | 
Epoch runtime: 0.0 hours, 0.0 minutes, 0.561140775680542 seconds

Avg epoch train. time: 0.0 hours, 0.0 minutes, 0.5550872484842936 seconds
Avg batch train. time: 0.009251454141404892 seconds
Avg sample train. time: 0.0011661496816896923 seconds
Epoch 28 Training Summary: epoch: 28.000000 | loss: 0.813155 | 
Epoch runtime: 0.0 hours, 0.0 minutes, 0.5455336570739746 seconds

Avg epoch train. time: 0.0 hours, 0.0 minutes, 0.5547460487910679 seconds
Avg batch train. time: 0.009245767479851131 seconds
Avg sample train. time: 0.0011654328756114873 seconds
Evaluating on validation set ...
Validation runtime: 0.0 hours, 0.0 minutes, 0.022055625915527344 seconds

Avg val. time: 0.0 hours, 0.0 minutes, 0.042993009090423584 seconds
Avg batch val. time: 0.006141858441489083 seconds
Avg sample val. time: 0.0008111888507627091 seconds
Epoch 28 Validation Summary: epoch: 28.000000 | loss: 1.581869 | accuracy: 0.490566 | precision: 0.567259 | 
Epoch 29 Training Summary: epoch: 29.000000 | loss: 0.890094 | 
Epoch runtime: 0.0 hours, 0.0 minutes, 0.5322158336639404 seconds

Avg epoch train. time: 0.0 hours, 0.0 minutes, 0.553969144821167 seconds
Avg batch train. time: 0.009232819080352783 seconds
Avg sample train. time: 0.0011638007244142163 seconds
Epoch 30 Training Summary: epoch: 30.000000 | loss: 0.829800 | 
Epoch runtime: 0.0 hours, 0.0 minutes, 0.5551776885986328 seconds

Avg epoch train. time: 0.0 hours, 0.0 minutes, 0.5540094296137492 seconds
Avg batch train. time: 0.009233490493562486 seconds
Avg sample train. time: 0.001163885356331406 seconds
Evaluating on validation set ...
Validation runtime: 0.0 hours, 0.0 minutes, 0.023079395294189453 seconds

Avg val. time: 0.0 hours, 0.0 minutes, 0.041821620043586284 seconds
Avg batch val. time: 0.005974517149083755 seconds
Avg sample val. time: 0.0007890871706337035 seconds
Epoch 30 Validation Summary: epoch: 30.000000 | loss: 1.370088 | accuracy: 0.471698 | precision: 0.505260 | 
Epoch 31 Training Summary: epoch: 31.000000 | loss: 0.794568 | 
Epoch runtime: 0.0 hours, 0.0 minutes, 0.5484952926635742 seconds

Avg epoch train. time: 0.0 hours, 0.0 minutes, 0.5538315542282597 seconds
Avg batch train. time: 0.009230525903804328 seconds
Avg sample train. time: 0.001163511668546764 seconds
Epoch 32 Training Summary: epoch: 32.000000 | loss: 0.778827 | 
Epoch runtime: 0.0 hours, 0.0 minutes, 0.5527925491333008 seconds

Avg epoch train. time: 0.0 hours, 0.0 minutes, 0.5537990853190422 seconds
Avg batch train. time: 0.00922998475531737 seconds
Avg sample train. time: 0.0011634434565526096 seconds
Evaluating on validation set ...
Validation runtime: 0.0 hours, 0.0 minutes, 0.02200460433959961 seconds

Avg val. time: 0.0 hours, 0.0 minutes, 0.04072067472669813 seconds
Avg batch val. time: 0.005817239246671162 seconds
Avg sample val. time: 0.0007683146174848704 seconds
Epoch 32 Validation Summary: epoch: 32.000000 | loss: 1.324040 | accuracy: 0.584906 | precision: 0.625494 | 
Epoch 33 Training Summary: epoch: 33.000000 | loss: 0.758921 | 
Epoch runtime: 0.0 hours, 0.0 minutes, 0.5487518310546875 seconds

Avg epoch train. time: 0.0 hours, 0.0 minutes, 0.5536461382201223 seconds
Avg batch train. time: 0.009227435637002039 seconds
Avg sample train. time: 0.001163122139117904 seconds
Epoch 34 Training Summary: epoch: 34.000000 | loss: 0.761816 | 
Epoch runtime: 0.0 hours, 0.0 minutes, 0.5538730621337891 seconds

Avg epoch train. time: 0.0 hours, 0.0 minutes, 0.5536528124528772 seconds
Avg batch train. time: 0.00922754687421462 seconds
Avg sample train. time: 0.0011631361606152884 seconds
Evaluating on validation set ...
Validation runtime: 0.0 hours, 0.0 minutes, 0.021550655364990234 seconds

Avg val. time: 0.0 hours, 0.0 minutes, 0.039711726339239826 seconds
Avg batch val. time: 0.005673103762748546 seconds
Avg sample val. time: 0.0007492778554573553 seconds
Epoch 34 Validation Summary: epoch: 34.000000 | loss: 1.740179 | accuracy: 0.490566 | precision: 0.461740 | 
Epoch 35 Training Summary: epoch: 35.000000 | loss: 0.729873 | 
Epoch runtime: 0.0 hours, 0.0 minutes, 0.5480074882507324 seconds

Avg epoch train. time: 0.0 hours, 0.0 minutes, 0.5534915174756732 seconds
Avg batch train. time: 0.009224858624594552 seconds
Avg sample train. time: 0.0011627973056211622 seconds
Epoch 36 Training Summary: epoch: 36.000000 | loss: 0.723876 | 
Epoch runtime: 0.0 hours, 0.0 minutes, 0.5353600978851318 seconds

Avg epoch train. time: 0.0 hours, 0.0 minutes, 0.5529878669314914 seconds
Avg batch train. time: 0.009216464448858189 seconds
Avg sample train. time: 0.001161739216242629 seconds
Evaluating on validation set ...
Validation runtime: 0.0 hours, 0.0 minutes, 0.021721363067626953 seconds

Avg val. time: 0.0 hours, 0.0 minutes, 0.03881220817565918 seconds
Avg batch val. time: 0.005544601167951311 seconds
Avg sample val. time: 0.000732305814635079 seconds
Epoch 36 Validation Summary: epoch: 36.000000 | loss: 1.410158 | accuracy: 0.566038 | precision: 0.558071 | 
Epoch 37 Training Summary: epoch: 37.000000 | loss: 0.712692 | 
Epoch runtime: 0.0 hours, 0.0 minutes, 0.5069944858551025 seconds

Avg epoch train. time: 0.0 hours, 0.0 minutes, 0.5517448025780756 seconds
Avg batch train. time: 0.009195746709634594 seconds
Avg sample train. time: 0.001159127736508562 seconds
Epoch 38 Training Summary: epoch: 38.000000 | loss: 0.724674 | 
Epoch runtime: 0.0 hours, 0.0 minutes, 0.526970386505127 seconds

Avg epoch train. time: 0.0 hours, 0.0 minutes, 0.5510928442603663 seconds
Avg batch train. time: 0.009184880737672771 seconds
Avg sample train. time: 0.0011577580761772401 seconds
Evaluating on validation set ...
Validation runtime: 0.0 hours, 0.0 minutes, 0.02236652374267578 seconds

Avg val. time: 0.0 hours, 0.0 minutes, 0.038029080345517115 seconds
Avg batch val. time: 0.005432725763645302 seconds
Avg sample val. time: 0.0007175298178399456 seconds
Epoch 38 Validation Summary: epoch: 38.000000 | loss: 1.612932 | accuracy: 0.528302 | precision: 0.518795 | 
Epoch 39 Training Summary: epoch: 39.000000 | loss: 0.786473 | 
Epoch runtime: 0.0 hours, 0.0 minutes, 0.5290849208831787 seconds

Avg epoch train. time: 0.0 hours, 0.0 minutes, 0.5505285385327462 seconds
Avg batch train. time: 0.009175475642212437 seconds
Avg sample train. time: 0.001156572559942744 seconds
Epoch 40 Training Summary: epoch: 40.000000 | loss: 0.654970 | 
Epoch runtime: 0.0 hours, 0.0 minutes, 0.5242600440979004 seconds

Avg epoch train. time: 0.0 hours, 0.0 minutes, 0.549871826171875 seconds
Avg batch train. time: 0.009164530436197917 seconds
Avg sample train. time: 0.0011551929121257879 seconds
Evaluating on validation set ...
Validation runtime: 0.0 hours, 0.0 minutes, 0.021007537841796875 seconds

Avg val. time: 0.0 hours, 0.0 minutes, 0.03725537386807529 seconds
Avg batch val. time: 0.005322196266867898 seconds
Avg sample val. time: 0.0007029315824165148 seconds
Epoch 40 Validation Summary: epoch: 40.000000 | loss: 1.810519 | accuracy: 0.471698 | precision: 0.445018 | 
Best accuracy was 0.5849056603773585. Other metrics: OrderedDict([('epoch', 24), ('loss', 1.4069901952203714), ('accuracy', 0.5849056603773585), ('precision', 0.5773923444976077)])
All Done!
Total runtime: 0.0 hours, 0.0 minutes, 51.01952910423279 seconds

