Running:
src/main_5q.py --output_dir experiments --comment classification from Scratch --name VRS_fromScratch --records_file VRS_records.xls --data_dir /mnt/d/OneDrive - Southern Methodist University/Phone_Privacy/input_feature/all_processpos_nonorm_downsample_480p_s22 --data_class vrs --val_ratio 0.1 --epochs 40 --lr 0.001 --dropout 0.2 --batch_size 8 --num_layers 3 --num_heads 4 --optimizer RAdam --pos_encoding learnable --task classification --normalization none --key_metric accuracy

Using device: cuda
Loading and preprocessing data ...
271 samples may be used for training
31 samples will be used for validation
0 samples will be used for testing
Creating model ...
Model:
TSTransformerEncoderClassiregressor(
  (project_inp): Linear(in_features=39, out_features=64, bias=True)
  (pos_enc): LearnablePositionalEncoding(
    (dropout): Dropout(p=0.2, inplace=False)
  )
  (transformer_encoder): TransformerEncoder(
    (layers): ModuleList(
      (0-2): 3 x TransformerBatchNormEncoderLayer(
        (self_attn): MultiheadAttention(
          (out_proj): NonDynamicallyQuantizableLinear(in_features=64, out_features=64, bias=True)
        )
        (linear1): Linear(in_features=64, out_features=256, bias=True)
        (dropout): Dropout(p=0.2, inplace=False)
        (linear2): Linear(in_features=256, out_features=64, bias=True)
        (norm1): BatchNorm1d(64, eps=1e-05, momentum=0.1, affine=True, track_running_stats=True)
        (norm2): BatchNorm1d(64, eps=1e-05, momentum=0.1, affine=True, track_running_stats=True)
        (dropout1): Dropout(p=0.2, inplace=False)
        (dropout2): Dropout(p=0.2, inplace=False)
      )
    )
  )
  (dropout1): Dropout(p=0.2, inplace=False)
  (output_layer): Linear(in_features=5120, out_features=5, bias=True)
)
Total number of parameters: 183237
Trainable parameters: 183237
Evaluating on validation set ...
Validation runtime: 0.0 hours, 0.0 minutes, 0.24906563758850098 seconds

Avg val. time: 0.0 hours, 0.0 minutes, 0.24906563758850098 seconds
Avg batch val. time: 0.062266409397125244 seconds
Avg sample val. time: 0.008034375406080676 seconds
Epoch 0 Validation Summary: epoch: 0.000000 | loss: 16.533520 | accuracy: 0.258065 | precision: 0.315385 | 
Starting training...
Epoch 1 Training Summary: epoch: 1.000000 | loss: 1.682760 | 
Epoch runtime: 0.0 hours, 0.0 minutes, 0.4539518356323242 seconds

Avg epoch train. time: 0.0 hours, 0.0 minutes, 0.4539518356323242 seconds
Avg batch train. time: 0.0133515245774213 seconds
Avg sample train. time: 0.001675099024473521 seconds
Evaluating on validation set ...
Validation runtime: 0.0 hours, 0.0 minutes, 0.013818025588989258 seconds

Avg val. time: 0.0 hours, 0.0 minutes, 0.13144183158874512 seconds
Avg batch val. time: 0.03286045789718628 seconds
Avg sample val. time: 0.004240059083507907 seconds
Epoch 1 Validation Summary: epoch: 1.000000 | loss: 1.595512 | accuracy: 0.258065 | precision: 0.264429 | 
Epoch 2 Training Summary: epoch: 2.000000 | loss: 1.647518 | 
Epoch runtime: 0.0 hours, 0.0 minutes, 0.4352610111236572 seconds

Avg epoch train. time: 0.0 hours, 0.0 minutes, 0.4446064233779907 seconds
Avg batch train. time: 0.013076659511117375 seconds
Avg sample train. time: 0.0016406141084058699 seconds
Evaluating on validation set ...
Validation runtime: 0.0 hours, 0.0 minutes, 0.015552997589111328 seconds

Avg val. time: 0.0 hours, 0.0 minutes, 0.09281222025553386 seconds
Avg batch val. time: 0.023203055063883465 seconds
Avg sample val. time: 0.002993942588888189 seconds
Epoch 2 Validation Summary: epoch: 2.000000 | loss: 1.599404 | accuracy: 0.258065 | precision: 0.273900 | 
Epoch 3 Training Summary: epoch: 3.000000 | loss: 1.678641 | 
Epoch runtime: 0.0 hours, 0.0 minutes, 0.37609004974365234 seconds

Avg epoch train. time: 0.0 hours, 0.0 minutes, 0.4217676321665446 seconds
Avg batch train. time: 0.012404930357839548 seconds
Avg sample train. time: 0.0015563381260758104 seconds
Epoch 4 Training Summary: epoch: 4.000000 | loss: 1.659967 | 
Epoch runtime: 0.0 hours, 0.0 minutes, 0.4401891231536865 seconds

Avg epoch train. time: 0.0 hours, 0.0 minutes, 0.4263730049133301 seconds
Avg batch train. time: 0.012540382497450885 seconds
Avg sample train. time: 0.0015733321214514025 seconds
Evaluating on validation set ...
Validation runtime: 0.0 hours, 0.0 minutes, 0.02373051643371582 seconds

Avg val. time: 0.0 hours, 0.0 minutes, 0.07554179430007935 seconds
Avg batch val. time: 0.018885448575019836 seconds
Avg sample val. time: 0.002436832074196108 seconds
Epoch 4 Validation Summary: epoch: 4.000000 | loss: 1.593045 | accuracy: 0.258065 | precision: 0.306000 | 
Epoch 5 Training Summary: epoch: 5.000000 | loss: 1.615833 | 
Epoch runtime: 0.0 hours, 0.0 minutes, 0.340116024017334 seconds

Avg epoch train. time: 0.0 hours, 0.0 minutes, 0.40912160873413084 seconds
Avg batch train. time: 0.012032988492180319 seconds
Avg sample train. time: 0.0015096738329672724 seconds
Epoch 6 Training Summary: epoch: 6.000000 | loss: 1.655749 | 
Epoch runtime: 0.0 hours, 0.0 minutes, 0.3288142681121826 seconds

Avg epoch train. time: 0.0 hours, 0.0 minutes, 0.39573705196380615 seconds
Avg batch train. time: 0.011639325057759005 seconds
Avg sample train. time: 0.0014602843245896907 seconds
Evaluating on validation set ...
Validation runtime: 0.0 hours, 0.0 minutes, 0.014488458633422852 seconds

Avg val. time: 0.0 hours, 0.0 minutes, 0.06333112716674805 seconds
Avg batch val. time: 0.01583278179168701 seconds
Avg sample val. time: 0.0020429395860241304 seconds
Epoch 6 Validation Summary: epoch: 6.000000 | loss: 1.615509 | accuracy: 0.193548 | precision: 0.196774 | 
Epoch 7 Training Summary: epoch: 7.000000 | loss: 1.636121 | 
Epoch runtime: 0.0 hours, 0.0 minutes, 0.37781834602355957 seconds

Avg epoch train. time: 0.0 hours, 0.0 minutes, 0.3931772368294852 seconds
Avg batch train. time: 0.0115640363773378 seconds
Avg sample train. time: 0.0014508385122859232 seconds
Epoch 8 Training Summary: epoch: 8.000000 | loss: 1.587619 | 
Epoch runtime: 0.0 hours, 0.0 minutes, 0.3237948417663574 seconds

Avg epoch train. time: 0.0 hours, 0.0 minutes, 0.38450443744659424 seconds
Avg batch train. time: 0.01130895404254689 seconds
Avg sample train. time: 0.0014188355625335582 seconds
Evaluating on validation set ...
Validation runtime: 0.0 hours, 0.0 minutes, 0.015146493911743164 seconds

Avg val. time: 0.0 hours, 0.0 minutes, 0.055300354957580566 seconds
Avg batch val. time: 0.013825088739395142 seconds
Avg sample val. time: 0.00178388241798647 seconds
Epoch 8 Validation Summary: epoch: 8.000000 | loss: 1.563051 | accuracy: 0.225806 | precision: 0.211111 | 
Epoch 9 Training Summary: epoch: 9.000000 | loss: 1.521505 | 
Epoch runtime: 0.0 hours, 0.0 minutes, 0.30646276473999023 seconds

Avg epoch train. time: 0.0 hours, 0.0 minutes, 0.3758331404791938 seconds
Avg batch train. time: 0.011053915896446876 seconds
Avg sample train. time: 0.0013868381567497927 seconds
Epoch 10 Training Summary: epoch: 10.000000 | loss: 1.468499 | 
Epoch runtime: 0.0 hours, 0.0 minutes, 0.29599475860595703 seconds

Avg epoch train. time: 0.0 hours, 0.0 minutes, 0.36784930229187013 seconds
Avg batch train. time: 0.010819097126231475 seconds
Avg sample train. time: 0.001357377499231993 seconds
Evaluating on validation set ...
Validation runtime: 0.0 hours, 0.0 minutes, 0.013007402420043945 seconds

Avg val. time: 0.0 hours, 0.0 minutes, 0.04925850459507534 seconds
Avg batch val. time: 0.012314626148768834 seconds
Avg sample val. time: 0.0015889840191959787 seconds
Epoch 10 Validation Summary: epoch: 10.000000 | loss: 1.471453 | accuracy: 0.387097 | precision: 0.369892 | 
Epoch 11 Training Summary: epoch: 11.000000 | loss: 1.400235 | 
Epoch runtime: 0.0 hours, 0.0 minutes, 0.29973649978637695 seconds

Avg epoch train. time: 0.0 hours, 0.0 minutes, 0.36165722933682526 seconds
Avg batch train. time: 0.010636977333436036 seconds
Avg sample train. time: 0.0013345285215381007 seconds
Epoch 12 Training Summary: epoch: 12.000000 | loss: 1.373729 | 
Epoch runtime: 0.0 hours, 0.0 minutes, 0.29518651962280273 seconds

Avg epoch train. time: 0.0 hours, 0.0 minutes, 0.3561180035273234 seconds
Avg batch train. time: 0.010474058927274219 seconds
Avg sample train. time: 0.0013140885739015625 seconds
Evaluating on validation set ...
Validation runtime: 0.0 hours, 0.0 minutes, 0.013919830322265625 seconds

Avg val. time: 0.0 hours, 0.0 minutes, 0.04484117031097412 seconds
Avg batch val. time: 0.01121029257774353 seconds
Avg sample val. time: 0.001446489364870133 seconds
Epoch 12 Validation Summary: epoch: 12.000000 | loss: 1.430975 | accuracy: 0.419355 | precision: 0.522273 | 
Epoch 13 Training Summary: epoch: 13.000000 | loss: 1.375357 | 
Epoch runtime: 0.0 hours, 0.0 minutes, 0.31932783126831055 seconds

Avg epoch train. time: 0.0 hours, 0.0 minutes, 0.3532879902766301 seconds
Avg batch train. time: 0.010390823243430297 seconds
Avg sample train. time: 0.001303645720577971 seconds
Epoch 14 Training Summary: epoch: 14.000000 | loss: 1.397982 | 
Epoch runtime: 0.0 hours, 0.0 minutes, 0.29957127571105957 seconds

Avg epoch train. time: 0.0 hours, 0.0 minutes, 0.34945108209337505 seconds
Avg batch train. time: 0.010277973002746325 seconds
Avg sample train. time: 0.001289487387798432 seconds
Evaluating on validation set ...
Validation runtime: 0.0 hours, 0.0 minutes, 0.015966176986694336 seconds

Avg val. time: 0.0 hours, 0.0 minutes, 0.04163283771938748 seconds
Avg batch val. time: 0.01040820942984687 seconds
Avg sample val. time: 0.0013429947651415316 seconds
Epoch 14 Validation Summary: epoch: 14.000000 | loss: 1.656077 | accuracy: 0.225806 | precision: 0.153226 | 
Epoch 15 Training Summary: epoch: 15.000000 | loss: 1.359054 | 
Epoch runtime: 0.0 hours, 0.0 minutes, 0.31630396842956543 seconds

Avg epoch train. time: 0.0 hours, 0.0 minutes, 0.34724127451578773 seconds
Avg batch train. time: 0.01021297866222905 seconds
Avg sample train. time: 0.0012813331162944198 seconds
Epoch 16 Training Summary: epoch: 16.000000 | loss: 1.266982 | 
Epoch runtime: 0.0 hours, 0.0 minutes, 0.45381879806518555 seconds

Avg epoch train. time: 0.0 hours, 0.0 minutes, 0.3539023697376251 seconds
Avg batch train. time: 0.01040889322757721 seconds
Avg sample train. time: 0.0013059128034598713 seconds
Evaluating on validation set ...
Validation runtime: 0.0 hours, 0.0 minutes, 0.027682781219482422 seconds

Avg val. time: 0.0 hours, 0.0 minutes, 0.040237832069396975 seconds
Avg batch val. time: 0.010059458017349244 seconds
Avg sample val. time: 0.0012979945828837734 seconds
Epoch 16 Validation Summary: epoch: 16.000000 | loss: 1.462862 | accuracy: 0.225806 | precision: 0.147312 | 
Epoch 17 Training Summary: epoch: 17.000000 | loss: 1.236748 | 
Epoch runtime: 0.0 hours, 0.0 minutes, 0.3577263355255127 seconds

Avg epoch train. time: 0.0 hours, 0.0 minutes, 0.35412730890161853 seconds
Avg batch train. time: 0.010415509085341721 seconds
Avg sample train. time: 0.001306742837275345 seconds
Epoch 18 Training Summary: epoch: 18.000000 | loss: 1.283625 | 
Epoch runtime: 0.0 hours, 0.0 minutes, 0.3431999683380127 seconds

Avg epoch train. time: 0.0 hours, 0.0 minutes, 0.3535202344258626 seconds
Avg batch train. time: 0.010397653953701841 seconds
Avg sample train. time: 0.0013045027100585336 seconds
Evaluating on validation set ...
Validation runtime: 0.0 hours, 0.0 minutes, 0.01640033721923828 seconds

Avg val. time: 0.0 hours, 0.0 minutes, 0.03807078708301891 seconds
Avg batch val. time: 0.009517696770754728 seconds
Avg sample val. time: 0.0012280899059038358 seconds
Epoch 18 Validation Summary: epoch: 18.000000 | loss: 1.476013 | accuracy: 0.354839 | precision: 0.349462 | 
Epoch 19 Training Summary: epoch: 19.000000 | loss: 1.237526 | 
Epoch runtime: 0.0 hours, 0.0 minutes, 0.41274285316467285 seconds

Avg epoch train. time: 0.0 hours, 0.0 minutes, 0.3566372143594842 seconds
Avg batch train. time: 0.010489329834102477 seconds
Avg sample train. time: 0.001316004481031307 seconds
Epoch 20 Training Summary: epoch: 20.000000 | loss: 1.160800 | 
Epoch runtime: 0.0 hours, 0.0 minutes, 0.4150869846343994 seconds

Avg epoch train. time: 0.0 hours, 0.0 minutes, 0.35955970287322997 seconds
Avg batch train. time: 0.010575285378624412 seconds
Avg sample train. time: 0.0013267885714879336 seconds
Evaluating on validation set ...
Validation runtime: 0.0 hours, 0.0 minutes, 0.01654791831970215 seconds

Avg val. time: 0.0 hours, 0.0 minutes, 0.036277214686075844 seconds
Avg batch val. time: 0.009069303671518961 seconds
Avg sample val. time: 0.0011702327318088982 seconds
Epoch 20 Validation Summary: epoch: 20.000000 | loss: 1.475668 | accuracy: 0.322581 | precision: 0.270968 | 
Epoch 21 Training Summary: epoch: 21.000000 | loss: 1.178647 | 
Epoch runtime: 0.0 hours, 0.0 minutes, 0.4630773067474365 seconds

Avg epoch train. time: 0.0 hours, 0.0 minutes, 0.36448911258152555 seconds
Avg batch train. time: 0.010720268017103693 seconds
Avg sample train. time: 0.0013449782752085813 seconds
Epoch 22 Training Summary: epoch: 22.000000 | loss: 1.129982 | 
Epoch runtime: 0.0 hours, 0.0 minutes, 0.37903690338134766 seconds

Avg epoch train. time: 0.0 hours, 0.0 minutes, 0.3651503757996993 seconds
Avg batch train. time: 0.010739716935285273 seconds
Avg sample train. time: 0.0013474183608844991 seconds
Evaluating on validation set ...
Validation runtime: 0.0 hours, 0.0 minutes, 0.01601886749267578 seconds

Avg val. time: 0.0 hours, 0.0 minutes, 0.034718880286583535 seconds
Avg batch val. time: 0.008679720071645884 seconds
Avg sample val. time: 0.001119963880212372 seconds
Epoch 22 Validation Summary: epoch: 22.000000 | loss: 1.354877 | accuracy: 0.322581 | precision: 0.203226 | 
Epoch 23 Training Summary: epoch: 23.000000 | loss: 1.117603 | 
Epoch runtime: 0.0 hours, 0.0 minutes, 0.3430814743041992 seconds

Avg epoch train. time: 0.0 hours, 0.0 minutes, 0.36419085834337317 seconds
Avg batch train. time: 0.010711495833628622 seconds
Avg sample train. time: 0.0013438777060641076 seconds
Epoch 24 Training Summary: epoch: 24.000000 | loss: 1.045314 | 
Epoch runtime: 0.0 hours, 0.0 minutes, 0.3858318328857422 seconds

Avg epoch train. time: 0.0 hours, 0.0 minutes, 0.36509256561597186 seconds
Avg batch train. time: 0.010738016635763879 seconds
Avg sample train. time: 0.001347205039173328 seconds
Evaluating on validation set ...
Validation runtime: 0.0 hours, 0.0 minutes, 0.018949270248413086 seconds

Avg val. time: 0.0 hours, 0.0 minutes, 0.03359247956957136 seconds
Avg batch val. time: 0.00839811989239284 seconds
Avg sample val. time: 0.0010836283732119792 seconds
Epoch 24 Validation Summary: epoch: 24.000000 | loss: 1.522362 | accuracy: 0.387097 | precision: 0.382488 | 
Epoch 25 Training Summary: epoch: 25.000000 | loss: 1.138921 | 
Epoch runtime: 0.0 hours, 0.0 minutes, 0.36686110496520996 seconds

Avg epoch train. time: 0.0 hours, 0.0 minutes, 0.3651633071899414 seconds
Avg batch train. time: 0.010740097270292393 seconds
Avg sample train. time: 0.0013474660781916657 seconds
Epoch 26 Training Summary: epoch: 26.000000 | loss: 1.051257 | 
Epoch runtime: 0.0 hours, 0.0 minutes, 0.38668394088745117 seconds

Avg epoch train. time: 0.0 hours, 0.0 minutes, 0.3659910238706149 seconds
Avg batch train. time: 0.010764441878547496 seconds
Avg sample train. time: 0.0013505203832864018 seconds
Evaluating on validation set ...
Validation runtime: 0.0 hours, 0.0 minutes, 0.01542520523071289 seconds

Avg val. time: 0.0 hours, 0.0 minutes, 0.032381327946980794 seconds
Avg batch val. time: 0.008095331986745198 seconds
Avg sample val. time: 0.0010445589660316385 seconds
Epoch 26 Validation Summary: epoch: 26.000000 | loss: 1.459992 | accuracy: 0.354839 | precision: 0.302535 | 
Epoch 27 Training Summary: epoch: 27.000000 | loss: 1.033555 | 
Epoch runtime: 0.0 hours, 0.0 minutes, 0.39676332473754883 seconds

Avg epoch train. time: 0.0 hours, 0.0 minutes, 0.3671307387175383 seconds
Avg batch train. time: 0.01079796290345701 seconds
Avg sample train. time: 0.0013547259731274477 seconds
Epoch 28 Training Summary: epoch: 28.000000 | loss: 1.046500 | 
Epoch runtime: 0.0 hours, 0.0 minutes, 0.38279008865356445 seconds

Avg epoch train. time: 0.0 hours, 0.0 minutes, 0.3676900012152536 seconds
Avg batch train. time: 0.010814411800448634 seconds
Avg sample train. time: 0.0013567896723810095 seconds
Evaluating on validation set ...
Validation runtime: 0.0 hours, 0.0 minutes, 0.015313148498535156 seconds

Avg val. time: 0.0 hours, 0.0 minutes, 0.03131456673145294 seconds
Avg batch val. time: 0.007828641682863235 seconds
Avg sample val. time: 0.001010147313917837 seconds
Epoch 28 Validation Summary: epoch: 28.000000 | loss: 1.378769 | accuracy: 0.322581 | precision: 0.275806 | 
Epoch 29 Training Summary: epoch: 29.000000 | loss: 0.934436 | 
Epoch runtime: 0.0 hours, 0.0 minutes, 0.3441030979156494 seconds

Avg epoch train. time: 0.0 hours, 0.0 minutes, 0.36687665972216377 seconds
Avg batch train. time: 0.010790489991828345 seconds
Avg sample train. time: 0.0013537884122589068 seconds
Epoch 30 Training Summary: epoch: 30.000000 | loss: 0.932045 | 
Epoch runtime: 0.0 hours, 0.0 minutes, 0.36798787117004395 seconds

Avg epoch train. time: 0.0 hours, 0.0 minutes, 0.3669137001037598 seconds
Avg batch train. time: 0.010791579414816465 seconds
Avg sample train. time: 0.0013539250926338 seconds
Evaluating on validation set ...
Validation runtime: 0.0 hours, 0.0 minutes, 0.019286155700683594 seconds

Avg val. time: 0.0 hours, 0.0 minutes, 0.030607013141407687 seconds
Avg batch val. time: 0.007651753285351922 seconds
Avg sample val. time: 0.0009873230045615382 seconds
Epoch 30 Validation Summary: epoch: 30.000000 | loss: 1.419859 | accuracy: 0.354839 | precision: 0.361290 | 
Epoch 31 Training Summary: epoch: 31.000000 | loss: 0.910510 | 
Epoch runtime: 0.0 hours, 0.0 minutes, 0.33965110778808594 seconds

Avg epoch train. time: 0.0 hours, 0.0 minutes, 0.36603426164196384 seconds
Avg batch train. time: 0.01076571357770482 seconds
Avg sample train. time: 0.0013506799322581691 seconds
Epoch 32 Training Summary: epoch: 32.000000 | loss: 0.993584 | 
Epoch runtime: 0.0 hours, 0.0 minutes, 0.3403031826019287 seconds

Avg epoch train. time: 0.0 hours, 0.0 minutes, 0.36523016542196274 seconds
Avg batch train. time: 0.010742063688881257 seconds
Avg sample train. time: 0.0013477127875349177 seconds
Evaluating on validation set ...
Validation runtime: 0.0 hours, 0.0 minutes, 0.015439748764038086 seconds

Avg val. time: 0.0 hours, 0.0 minutes, 0.02976438734266493 seconds
Avg batch val. time: 0.007441096835666233 seconds
Avg sample val. time: 0.0009601415271827397 seconds
Epoch 32 Validation Summary: epoch: 32.000000 | loss: 1.733810 | accuracy: 0.290323 | precision: 0.263441 | 
Epoch 33 Training Summary: epoch: 33.000000 | loss: 0.874106 | 
Epoch runtime: 0.0 hours, 0.0 minutes, 0.33379459381103516 seconds

Avg epoch train. time: 0.0 hours, 0.0 minutes, 0.36427757234284375 seconds
Avg batch train. time: 0.010714046245377758 seconds
Avg sample train. time: 0.0013441976839219326 seconds
Epoch 34 Training Summary: epoch: 34.000000 | loss: 0.906753 | 
Epoch runtime: 0.0 hours, 0.0 minutes, 0.34391307830810547 seconds

Avg epoch train. time: 0.0 hours, 0.0 minutes, 0.36367861663593964 seconds
Avg batch train. time: 0.010696429901057049 seconds
Avg sample train. time: 0.0013419875152617699 seconds
Evaluating on validation set ...
Validation runtime: 0.0 hours, 0.0 minutes, 0.018030405044555664 seconds

Avg val. time: 0.0 hours, 0.0 minutes, 0.02914680932697497 seconds
Avg batch val. time: 0.007286702331743743 seconds
Avg sample val. time: 0.0009402196557088701 seconds
Epoch 34 Validation Summary: epoch: 34.000000 | loss: 1.647283 | accuracy: 0.290323 | precision: 0.252151 | 
Epoch 35 Training Summary: epoch: 35.000000 | loss: 0.885205 | 
Epoch runtime: 0.0 hours, 0.0 minutes, 0.35372185707092285 seconds

Avg epoch train. time: 0.0 hours, 0.0 minutes, 0.36339413779122487 seconds
Avg batch train. time: 0.010688062876212497 seconds
Avg sample train. time: 0.0013409377778273981 seconds
Epoch 36 Training Summary: epoch: 36.000000 | loss: 0.833369 | 
Epoch runtime: 0.0 hours, 0.0 minutes, 0.3451402187347412 seconds

Avg epoch train. time: 0.0 hours, 0.0 minutes, 0.36288708448410034 seconds
Avg batch train. time: 0.01067314954365001 seconds
Avg sample train. time: 0.0013390667324136543 seconds
Evaluating on validation set ...
Validation runtime: 0.0 hours, 0.0 minutes, 0.018863677978515625 seconds

Avg val. time: 0.0 hours, 0.0 minutes, 0.028632652759552003 seconds
Avg batch val. time: 0.007158163189888001 seconds
Avg sample val. time: 0.0009236339599855485 seconds
Epoch 36 Validation Summary: epoch: 36.000000 | loss: 1.378962 | accuracy: 0.354839 | precision: 0.215787 | 
Epoch 37 Training Summary: epoch: 37.000000 | loss: 0.917230 | 
Epoch runtime: 0.0 hours, 0.0 minutes, 0.4061446189880371 seconds

Avg epoch train. time: 0.0 hours, 0.0 minutes, 0.3640562070382608 seconds
Avg batch train. time: 0.010707535501125317 seconds
Avg sample train. time: 0.00134338083777956 seconds
Epoch 38 Training Summary: epoch: 38.000000 | loss: 0.852568 | 
Epoch runtime: 0.0 hours, 0.0 minutes, 0.37505674362182617 seconds

Avg epoch train. time: 0.0 hours, 0.0 minutes, 0.3643456948430915 seconds
Avg batch train. time: 0.01071604984832622 seconds
Avg sample train. time: 0.0013444490584615923 seconds
Evaluating on validation set ...
Validation runtime: 0.0 hours, 0.0 minutes, 0.014063835144042969 seconds

Avg val. time: 0.0 hours, 0.0 minutes, 0.027938899539765857 seconds
Avg batch val. time: 0.006984724884941464 seconds
Avg sample val. time: 0.0009012548238634148 seconds
Epoch 38 Validation Summary: epoch: 38.000000 | loss: 1.351161 | accuracy: 0.354839 | precision: 0.325806 | 
Epoch 39 Training Summary: epoch: 39.000000 | loss: 0.791399 | 
Epoch runtime: 0.0 hours, 0.0 minutes, 0.39669156074523926 seconds

Avg epoch train. time: 0.0 hours, 0.0 minutes, 0.3651750760200696 seconds
Avg batch train. time: 0.010740443412354988 seconds
Avg sample train. time: 0.001347509505609113 seconds
Epoch 40 Training Summary: epoch: 40.000000 | loss: 0.797611 | 
Epoch runtime: 0.0 hours, 0.0 minutes, 0.3201265335083008 seconds

Avg epoch train. time: 0.0 hours, 0.0 minutes, 0.3640488624572754 seconds
Avg batch train. time: 0.010707319484037511 seconds
Avg sample train. time: 0.0013433537360047062 seconds
Evaluating on validation set ...
Validation runtime: 0.0 hours, 0.0 minutes, 0.014982223510742188 seconds

Avg val. time: 0.0 hours, 0.0 minutes, 0.027349959720264782 seconds
Avg batch val. time: 0.0068374899300661955 seconds
Avg sample val. time: 0.0008822567651698317 seconds
Epoch 40 Validation Summary: epoch: 40.000000 | loss: 1.573701 | accuracy: 0.387097 | precision: 0.384103 | 
Best accuracy was 0.41935483870967744. Other metrics: OrderedDict([('epoch', 12), ('loss', 1.4309746834539598), ('accuracy', 0.41935483870967744), ('precision', 0.522273425499232)])
All Done!
Total runtime: 0.0 hours, 0.0 minutes, 22.08341360092163 seconds

