Running:
src/main_5q.py --output_dir experiments --comment classification from Scratch --name VRS_fromScratch --records_file VRS_records.xls --data_dir /mnt/d/OneDrive - Southern Methodist University/Phone_Privacy/input_feature/opticalflow_downsample_480p_s22 --data_class vrs --val_ratio 0.1 --epochs 40 --lr 0.001 --dropout 0.2 --batch_size 8 --num_layers 3 --num_heads 4 --optimizer RAdam --pos_encoding learnable --task classification --normalization none --key_metric accuracy

Using device: cuda
Loading and preprocessing data ...
68 samples may be used for training
8 samples will be used for validation
0 samples will be used for testing
Creating model ...
Model:
TSTransformerEncoderClassiregressor(
  (project_inp): Linear(in_features=288, out_features=64, bias=True)
  (pos_enc): LearnablePositionalEncoding(
    (dropout): Dropout(p=0.2, inplace=False)
  )
  (transformer_encoder): TransformerEncoder(
    (layers): ModuleList(
      (0-2): 3 x TransformerBatchNormEncoderLayer(
        (self_attn): MultiheadAttention(
          (out_proj): NonDynamicallyQuantizableLinear(in_features=64, out_features=64, bias=True)
        )
        (linear1): Linear(in_features=64, out_features=256, bias=True)
        (dropout): Dropout(p=0.2, inplace=False)
        (linear2): Linear(in_features=256, out_features=64, bias=True)
        (norm1): BatchNorm1d(64, eps=1e-05, momentum=0.1, affine=True, track_running_stats=True)
        (norm2): BatchNorm1d(64, eps=1e-05, momentum=0.1, affine=True, track_running_stats=True)
        (dropout1): Dropout(p=0.2, inplace=False)
        (dropout2): Dropout(p=0.2, inplace=False)
      )
    )
  )
  (dropout1): Dropout(p=0.2, inplace=False)
  (output_layer): Linear(in_features=3200, out_features=5, bias=True)
)
Total number of parameters: 187653
Trainable parameters: 187653
Evaluating on validation set ...
Validation runtime: 0.0 hours, 0.0 minutes, 0.6511087417602539 seconds

Avg val. time: 0.0 hours, 0.0 minutes, 0.6511087417602539 seconds
Avg batch val. time: 0.6511087417602539 seconds
Avg sample val. time: 0.08138859272003174 seconds
Epoch 0 Validation Summary: epoch: 0.000000 | loss: 20.862247 | accuracy: 0.125000 | precision: 0.285714 | 
Starting training...
Epoch 1 Training Summary: epoch: 1.000000 | loss: 1.750065 | 
Epoch runtime: 0.0 hours, 0.0 minutes, 0.6260488033294678 seconds

Avg epoch train. time: 0.0 hours, 0.0 minutes, 0.6260488033294678 seconds
Avg batch train. time: 0.06956097814771864 seconds
Avg sample train. time: 0.009206600048962761 seconds
Evaluating on validation set ...
Validation runtime: 0.0 hours, 0.0 minutes, 0.025065898895263672 seconds

Avg val. time: 0.0 hours, 0.0 minutes, 0.3380873203277588 seconds
Avg batch val. time: 0.3380873203277588 seconds
Avg sample val. time: 0.04226091504096985 seconds
Epoch 1 Validation Summary: epoch: 1.000000 | loss: 1.903942 | accuracy: 0.125000 | precision: 0.250000 | 
Epoch 2 Training Summary: epoch: 2.000000 | loss: 1.649767 | 
Epoch runtime: 0.0 hours, 0.0 minutes, 0.29582667350769043 seconds

Avg epoch train. time: 0.0 hours, 0.0 minutes, 0.4609377384185791 seconds
Avg batch train. time: 0.05121530426873101 seconds
Avg sample train. time: 0.006778496153214399 seconds
Evaluating on validation set ...
Validation runtime: 0.0 hours, 0.0 minutes, 0.024296998977661133 seconds

Avg val. time: 0.0 hours, 0.0 minutes, 0.2334905465443929 seconds
Avg batch val. time: 0.2334905465443929 seconds
Avg sample val. time: 0.029186318318049114 seconds
Epoch 2 Validation Summary: epoch: 2.000000 | loss: 1.809886 | accuracy: 0.125000 | precision: 0.142857 | 
Epoch 3 Training Summary: epoch: 3.000000 | loss: 1.622932 | 
Epoch runtime: 0.0 hours, 0.0 minutes, 0.29570817947387695 seconds

Avg epoch train. time: 0.0 hours, 0.0 minutes, 0.40586121877034503 seconds
Avg batch train. time: 0.04509569097448278 seconds
Avg sample train. time: 0.005968547334858015 seconds
Epoch 4 Training Summary: epoch: 4.000000 | loss: 1.548214 | 
Epoch runtime: 0.0 hours, 0.0 minutes, 0.27612733840942383 seconds

Avg epoch train. time: 0.0 hours, 0.0 minutes, 0.37342774868011475 seconds
Avg batch train. time: 0.041491972075568304 seconds
Avg sample train. time: 0.005491584539413452 seconds
Evaluating on validation set ...
Validation runtime: 0.0 hours, 0.0 minutes, 0.018320083618164062 seconds

Avg val. time: 0.0 hours, 0.0 minutes, 0.1796979308128357 seconds
Avg batch val. time: 0.1796979308128357 seconds
Avg sample val. time: 0.02246224135160446 seconds
Epoch 4 Validation Summary: epoch: 4.000000 | loss: 1.853630 | accuracy: 0.000000 | precision: 0.000000 | 
Epoch 5 Training Summary: epoch: 5.000000 | loss: 1.468791 | 
Epoch runtime: 0.0 hours, 0.0 minutes, 0.27153849601745605 seconds

Avg epoch train. time: 0.0 hours, 0.0 minutes, 0.35304989814758303 seconds
Avg batch train. time: 0.039227766460842556 seconds
Avg sample train. time: 0.005191910266876221 seconds
Epoch 6 Training Summary: epoch: 6.000000 | loss: 1.426010 | 
Epoch runtime: 0.0 hours, 0.0 minutes, 0.28948378562927246 seconds

Avg epoch train. time: 0.0 hours, 0.0 minutes, 0.34245554606119794 seconds
Avg batch train. time: 0.03805061622902199 seconds
Avg sample train. time: 0.005036110971488205 seconds
Evaluating on validation set ...
Validation runtime: 0.0 hours, 0.0 minutes, 0.02313518524169922 seconds

Avg val. time: 0.0 hours, 0.0 minutes, 0.1483853816986084 seconds
Avg batch val. time: 0.1483853816986084 seconds
Avg sample val. time: 0.01854817271232605 seconds
Epoch 6 Validation Summary: epoch: 6.000000 | loss: 1.800163 | accuracy: 0.000000 | precision: 0.000000 | 
Epoch 7 Training Summary: epoch: 7.000000 | loss: 1.302868 | 
Epoch runtime: 0.0 hours, 0.0 minutes, 0.2740321159362793 seconds

Avg epoch train. time: 0.0 hours, 0.0 minutes, 0.3326807703290667 seconds
Avg batch train. time: 0.03696453003656296 seconds
Avg sample train. time: 0.004892364269545098 seconds
Epoch 8 Training Summary: epoch: 8.000000 | loss: 1.332131 | 
Epoch runtime: 0.0 hours, 0.0 minutes, 0.28549790382385254 seconds

Avg epoch train. time: 0.0 hours, 0.0 minutes, 0.3267829120159149 seconds
Avg batch train. time: 0.03630921244621277 seconds
Avg sample train. time: 0.0048056310590575725 seconds
Evaluating on validation set ...
Validation runtime: 0.0 hours, 0.0 minutes, 0.023572444915771484 seconds

Avg val. time: 0.0 hours, 0.0 minutes, 0.1275832255681356 seconds
Avg batch val. time: 0.1275832255681356 seconds
Avg sample val. time: 0.01594790319601695 seconds
Epoch 8 Validation Summary: epoch: 8.000000 | loss: 1.814392 | accuracy: 0.125000 | precision: 0.333333 | 
Epoch 9 Training Summary: epoch: 9.000000 | loss: 1.266233 | 
Epoch runtime: 0.0 hours, 0.0 minutes, 0.27634668350219727 seconds

Avg epoch train. time: 0.0 hours, 0.0 minutes, 0.32117888662550187 seconds
Avg batch train. time: 0.0356865429583891 seconds
Avg sample train. time: 0.004723218920963263 seconds
Epoch 10 Training Summary: epoch: 10.000000 | loss: 1.111454 | 
Epoch runtime: 0.0 hours, 0.0 minutes, 0.2880997657775879 seconds

Avg epoch train. time: 0.0 hours, 0.0 minutes, 0.31787097454071045 seconds
Avg batch train. time: 0.03531899717119005 seconds
Avg sample train. time: 0.004674573155010448 seconds
Evaluating on validation set ...
Validation runtime: 0.0 hours, 0.0 minutes, 0.023698806762695312 seconds

Avg val. time: 0.0 hours, 0.0 minutes, 0.11274259431021554 seconds
Avg batch val. time: 0.11274259431021554 seconds
Avg sample val. time: 0.014092824288776942 seconds
Epoch 10 Validation Summary: epoch: 10.000000 | loss: 1.984377 | accuracy: 0.000000 | precision: 0.000000 | 
Epoch 11 Training Summary: epoch: 11.000000 | loss: 1.210333 | 
Epoch runtime: 0.0 hours, 0.0 minutes, 0.27259397506713867 seconds

Avg epoch train. time: 0.0 hours, 0.0 minutes, 0.3137548836794766 seconds
Avg batch train. time: 0.03486165374216407 seconds
Avg sample train. time: 0.004614042407051127 seconds
Epoch 12 Training Summary: epoch: 12.000000 | loss: 1.115527 | 
Epoch runtime: 0.0 hours, 0.0 minutes, 0.27732348442077637 seconds

Avg epoch train. time: 0.0 hours, 0.0 minutes, 0.31071893374125165 seconds
Avg batch train. time: 0.034524325971250186 seconds
Avg sample train. time: 0.004569396084430171 seconds
Evaluating on validation set ...
Validation runtime: 0.0 hours, 0.0 minutes, 0.02337789535522461 seconds

Avg val. time: 0.0 hours, 0.0 minutes, 0.10157200694084167 seconds
Avg batch val. time: 0.10157200694084167 seconds
Avg sample val. time: 0.01269650086760521 seconds
Epoch 12 Validation Summary: epoch: 12.000000 | loss: 2.129232 | accuracy: 0.000000 | precision: 0.000000 | 
Epoch 13 Training Summary: epoch: 13.000000 | loss: 1.030376 | 
Epoch runtime: 0.0 hours, 0.0 minutes, 0.28136706352233887 seconds

Avg epoch train. time: 0.0 hours, 0.0 minutes, 0.30846109757056606 seconds
Avg batch train. time: 0.034273455285618454 seconds
Avg sample train. time: 0.004536192611331854 seconds
Epoch 14 Training Summary: epoch: 14.000000 | loss: 0.966926 | 
Epoch runtime: 0.0 hours, 0.0 minutes, 0.26692724227905273 seconds

Avg epoch train. time: 0.0 hours, 0.0 minutes, 0.3054943936211722 seconds
Avg batch train. time: 0.033943821513463576 seconds
Avg sample train. time: 0.004492564612076062 seconds
Evaluating on validation set ...
Validation runtime: 0.0 hours, 0.0 minutes, 0.02422332763671875 seconds

Avg val. time: 0.0 hours, 0.0 minutes, 0.09297770924038357 seconds
Avg batch val. time: 0.09297770924038357 seconds
Avg sample val. time: 0.011622213655047946 seconds
Epoch 14 Validation Summary: epoch: 14.000000 | loss: 2.172241 | accuracy: 0.000000 | precision: 0.000000 | 
Epoch 15 Training Summary: epoch: 15.000000 | loss: 0.990161 | 
Epoch runtime: 0.0 hours, 0.0 minutes, 0.2803819179534912 seconds

Avg epoch train. time: 0.0 hours, 0.0 minutes, 0.30382022857666013 seconds
Avg batch train. time: 0.03375780317518446 seconds
Avg sample train. time: 0.0044679445378920605 seconds
Epoch 16 Training Summary: epoch: 16.000000 | loss: 0.947422 | 
Epoch runtime: 0.0 hours, 0.0 minutes, 0.27494382858276367 seconds

Avg epoch train. time: 0.0 hours, 0.0 minutes, 0.3020154535770416 seconds
Avg batch train. time: 0.03355727261967129 seconds
Avg sample train. time: 0.004441403729074141 seconds
Evaluating on validation set ...
Validation runtime: 0.0 hours, 0.0 minutes, 0.02390599250793457 seconds

Avg val. time: 0.0 hours, 0.0 minutes, 0.08607053756713867 seconds
Avg batch val. time: 0.08607053756713867 seconds
Avg sample val. time: 0.010758817195892334 seconds
Epoch 16 Validation Summary: epoch: 16.000000 | loss: 2.286850 | accuracy: 0.125000 | precision: 0.083333 | 
Epoch 17 Training Summary: epoch: 17.000000 | loss: 0.819028 | 
Epoch runtime: 0.0 hours, 0.0 minutes, 0.2849748134613037 seconds

Avg epoch train. time: 0.0 hours, 0.0 minutes, 0.3010130629819982 seconds
Avg batch train. time: 0.03344589588688869 seconds
Avg sample train. time: 0.004426662690911738 seconds
Epoch 18 Training Summary: epoch: 18.000000 | loss: 0.791706 | 
Epoch runtime: 0.0 hours, 0.0 minutes, 0.2890324592590332 seconds

Avg epoch train. time: 0.0 hours, 0.0 minutes, 0.3003474738862779 seconds
Avg batch train. time: 0.03337194154291977 seconds
Avg sample train. time: 0.004416874615974675 seconds
Evaluating on validation set ...
Validation runtime: 0.0 hours, 0.0 minutes, 0.024212121963500977 seconds

Avg val. time: 0.0 hours, 0.0 minutes, 0.08044704523953525 seconds
Avg batch val. time: 0.08044704523953525 seconds
Avg sample val. time: 0.010055880654941906 seconds
Epoch 18 Validation Summary: epoch: 18.000000 | loss: 2.504208 | accuracy: 0.125000 | precision: 0.166667 | 
Epoch 19 Training Summary: epoch: 19.000000 | loss: 0.743666 | 
Epoch runtime: 0.0 hours, 0.0 minutes, 0.29186201095581055 seconds

Avg epoch train. time: 0.0 hours, 0.0 minutes, 0.2999008705741481 seconds
Avg batch train. time: 0.03332231895268312 seconds
Avg sample train. time: 0.00441030692020806 seconds
Epoch 20 Training Summary: epoch: 20.000000 | loss: 0.696744 | 
Epoch runtime: 0.0 hours, 0.0 minutes, 0.28576016426086426 seconds

Avg epoch train. time: 0.0 hours, 0.0 minutes, 0.29919383525848386 seconds
Avg batch train. time: 0.03324375947316487 seconds
Avg sample train. time: 0.004399909342036527 seconds
Evaluating on validation set ...
Validation runtime: 0.0 hours, 0.0 minutes, 0.022469282150268555 seconds

Avg val. time: 0.0 hours, 0.0 minutes, 0.07561556498209636 seconds
Avg batch val. time: 0.07561556498209636 seconds
Avg sample val. time: 0.009451945622762045 seconds
Epoch 20 Validation Summary: epoch: 20.000000 | loss: 2.543635 | accuracy: 0.125000 | precision: 0.083333 | 
Epoch 21 Training Summary: epoch: 21.000000 | loss: 0.617497 | 
Epoch runtime: 0.0 hours, 0.0 minutes, 0.28534626960754395 seconds

Avg epoch train. time: 0.0 hours, 0.0 minutes, 0.2985344273703439 seconds
Avg batch train. time: 0.03317049193003821 seconds
Avg sample train. time: 0.00439021216721094 seconds
Epoch 22 Training Summary: epoch: 22.000000 | loss: 0.563265 | 
Epoch runtime: 0.0 hours, 0.0 minutes, 0.2895240783691406 seconds

Avg epoch train. time: 0.0 hours, 0.0 minutes, 0.29812486605210736 seconds
Avg batch train. time: 0.03312498511690082 seconds
Avg sample train. time: 0.004384189206648638 seconds
Evaluating on validation set ...
Validation runtime: 0.0 hours, 0.0 minutes, 0.02361607551574707 seconds

Avg val. time: 0.0 hours, 0.0 minutes, 0.07161560425391564 seconds
Avg batch val. time: 0.07161560425391564 seconds
Avg sample val. time: 0.008951950531739455 seconds
Epoch 22 Validation Summary: epoch: 22.000000 | loss: 2.862317 | accuracy: 0.125000 | precision: 0.166667 | 
Epoch 23 Training Summary: epoch: 23.000000 | loss: 0.536383 | 
Epoch runtime: 0.0 hours, 0.0 minutes, 0.27925825119018555 seconds

Avg epoch train. time: 0.0 hours, 0.0 minutes, 0.2973045784494151 seconds
Avg batch train. time: 0.03303384204993501 seconds
Avg sample train. time: 0.004372126153667869 seconds
Epoch 24 Training Summary: epoch: 24.000000 | loss: 0.494458 | 
Epoch runtime: 0.0 hours, 0.0 minutes, 0.28619909286499023 seconds

Avg epoch train. time: 0.0 hours, 0.0 minutes, 0.2968418498833974 seconds
Avg batch train. time: 0.03298242776482194 seconds
Avg sample train. time: 0.004365321321814668 seconds
Evaluating on validation set ...
Validation runtime: 0.0 hours, 0.0 minutes, 0.022643089294433594 seconds

Avg val. time: 0.0 hours, 0.0 minutes, 0.0681175674710955 seconds
Avg batch val. time: 0.0681175674710955 seconds
Avg sample val. time: 0.008514695933886937 seconds
Epoch 24 Validation Summary: epoch: 24.000000 | loss: 2.739774 | accuracy: 0.000000 | precision: 0.000000 | 
Epoch 25 Training Summary: epoch: 25.000000 | loss: 0.426853 | 
Epoch runtime: 0.0 hours, 0.0 minutes, 0.28971028327941895 seconds

Avg epoch train. time: 0.0 hours, 0.0 minutes, 0.2965565872192383 seconds
Avg batch train. time: 0.032950731913248696 seconds
Avg sample train. time: 0.004361126282635857 seconds
Epoch 26 Training Summary: epoch: 26.000000 | loss: 0.379368 | 
Epoch runtime: 0.0 hours, 0.0 minutes, 0.2900111675262451 seconds

Avg epoch train. time: 0.0 hours, 0.0 minutes, 0.29630484030796933 seconds
Avg batch train. time: 0.03292276003421882 seconds
Avg sample train. time: 0.00435742412217602 seconds
Evaluating on validation set ...
Validation runtime: 0.0 hours, 0.0 minutes, 0.02522563934326172 seconds

Avg val. time: 0.0 hours, 0.0 minutes, 0.06525810559590657 seconds
Avg batch val. time: 0.06525810559590657 seconds
Avg sample val. time: 0.008157263199488321 seconds
Epoch 26 Validation Summary: epoch: 26.000000 | loss: 2.716439 | accuracy: 0.000000 | precision: 0.000000 | 
Epoch 27 Training Summary: epoch: 27.000000 | loss: 0.379856 | 
Epoch runtime: 0.0 hours, 0.0 minutes, 0.28986454010009766 seconds

Avg epoch train. time: 0.0 hours, 0.0 minutes, 0.2960663106706407 seconds
Avg batch train. time: 0.0328962567411823 seconds
Avg sample train. time: 0.004353916333391775 seconds
Epoch 28 Training Summary: epoch: 28.000000 | loss: 0.340537 | 
Epoch runtime: 0.0 hours, 0.0 minutes, 0.28340888023376465 seconds

Avg epoch train. time: 0.0 hours, 0.0 minutes, 0.29561425958360943 seconds
Avg batch train. time: 0.03284602884262327 seconds
Avg sample train. time: 0.004347268523288374 seconds
Evaluating on validation set ...
Validation runtime: 0.0 hours, 0.0 minutes, 0.022951364517211914 seconds

Avg val. time: 0.0 hours, 0.0 minutes, 0.06261393427848816 seconds
Avg batch val. time: 0.06261393427848816 seconds
Avg sample val. time: 0.00782674178481102 seconds
Epoch 28 Validation Summary: epoch: 28.000000 | loss: 2.878828 | accuracy: 0.000000 | precision: 0.000000 | 
Epoch 29 Training Summary: epoch: 29.000000 | loss: 0.333278 | 
Epoch runtime: 0.0 hours, 0.0 minutes, 0.2843799591064453 seconds

Avg epoch train. time: 0.0 hours, 0.0 minutes, 0.2952268699119831 seconds
Avg batch train. time: 0.0328029855457759 seconds
Avg sample train. time: 0.004341571616352693 seconds
Epoch 30 Training Summary: epoch: 30.000000 | loss: 0.261594 | 
Epoch runtime: 0.0 hours, 0.0 minutes, 0.2922937870025635 seconds

Avg epoch train. time: 0.0 hours, 0.0 minutes, 0.2951291004816691 seconds
Avg batch train. time: 0.03279212227574101 seconds
Avg sample train. time: 0.004340133830612781 seconds
Evaluating on validation set ...
Validation runtime: 0.0 hours, 0.0 minutes, 0.018073081970214844 seconds

Avg val. time: 0.0 hours, 0.0 minutes, 0.05999388414270738 seconds
Avg batch val. time: 0.05999388414270738 seconds
Avg sample val. time: 0.007499235517838422 seconds
Epoch 30 Validation Summary: epoch: 30.000000 | loss: 3.580984 | accuracy: 0.000000 | precision: 0.000000 | 
Epoch 31 Training Summary: epoch: 31.000000 | loss: 0.271167 | 
Epoch runtime: 0.0 hours, 0.0 minutes, 0.280226469039917 seconds

Avg epoch train. time: 0.0 hours, 0.0 minutes, 0.29464837043516096 seconds
Avg batch train. time: 0.032738707826129 seconds
Avg sample train. time: 0.0043330642711053085 seconds
Epoch 32 Training Summary: epoch: 32.000000 | loss: 0.247360 | 
Epoch runtime: 0.0 hours, 0.0 minutes, 0.2891089916229248 seconds

Avg epoch train. time: 0.0 hours, 0.0 minutes, 0.2944752648472786 seconds
Avg batch train. time: 0.03271947387191984 seconds
Avg sample train. time: 0.004330518600695273 seconds
Evaluating on validation set ...
Validation runtime: 0.0 hours, 0.0 minutes, 0.022524118423461914 seconds

Avg val. time: 0.0 hours, 0.0 minutes, 0.057912230491638184 seconds
Avg batch val. time: 0.057912230491638184 seconds
Avg sample val. time: 0.007239028811454773 seconds
Epoch 32 Validation Summary: epoch: 32.000000 | loss: 3.009839 | accuracy: 0.125000 | precision: 0.166667 | 
Epoch 33 Training Summary: epoch: 33.000000 | loss: 0.223575 | 
Epoch runtime: 0.0 hours, 0.0 minutes, 0.29430389404296875 seconds

Avg epoch train. time: 0.0 hours, 0.0 minutes, 0.29447007179260254 seconds
Avg batch train. time: 0.03271889686584473 seconds
Avg sample train. time: 0.004330442232244155 seconds
Epoch 34 Training Summary: epoch: 34.000000 | loss: 0.162048 | 
Epoch runtime: 0.0 hours, 0.0 minutes, 0.2829325199127197 seconds

Avg epoch train. time: 0.0 hours, 0.0 minutes, 0.29413073203142953 seconds
Avg batch train. time: 0.032681192447936616 seconds
Avg sample train. time: 0.00432545194163867 seconds
Evaluating on validation set ...
Validation runtime: 0.0 hours, 0.0 minutes, 0.022145986557006836 seconds

Avg val. time: 0.0 hours, 0.0 minutes, 0.0560297966003418 seconds
Avg batch val. time: 0.0560297966003418 seconds
Avg sample val. time: 0.007003724575042725 seconds
Epoch 34 Validation Summary: epoch: 34.000000 | loss: 3.432230 | accuracy: 0.125000 | precision: 0.250000 | 
Epoch 35 Training Summary: epoch: 35.000000 | loss: 0.315710 | 
Epoch runtime: 0.0 hours, 0.0 minutes, 0.2866663932800293 seconds

Avg epoch train. time: 0.0 hours, 0.0 minutes, 0.2939174652099609 seconds
Avg batch train. time: 0.032657496134440106 seconds
Avg sample train. time: 0.004322315664852367 seconds
Epoch 36 Training Summary: epoch: 36.000000 | loss: 0.174786 | 
Epoch runtime: 0.0 hours, 0.0 minutes, 0.2898387908935547 seconds

Avg epoch train. time: 0.0 hours, 0.0 minutes, 0.2938041687011719 seconds
Avg batch train. time: 0.03264490763346354 seconds
Avg sample train. time: 0.004320649539723116 seconds
Evaluating on validation set ...
Validation runtime: 0.0 hours, 0.0 minutes, 0.02270960807800293 seconds

Avg val. time: 0.0 hours, 0.0 minutes, 0.054363787174224854 seconds
Avg batch val. time: 0.054363787174224854 seconds
Avg sample val. time: 0.006795473396778107 seconds
Epoch 36 Validation Summary: epoch: 36.000000 | loss: 3.614878 | accuracy: 0.000000 | precision: 0.000000 | 
Epoch 37 Training Summary: epoch: 37.000000 | loss: 0.171463 | 
Epoch runtime: 0.0 hours, 0.0 minutes, 0.2775294780731201 seconds

Avg epoch train. time: 0.0 hours, 0.0 minutes, 0.29336431219771103 seconds
Avg batch train. time: 0.03259603468863456 seconds
Avg sample train. time: 0.004314181061731044 seconds
Epoch 38 Training Summary: epoch: 38.000000 | loss: 0.135200 | 
Epoch runtime: 0.0 hours, 0.0 minutes, 0.29123783111572266 seconds

Avg epoch train. time: 0.0 hours, 0.0 minutes, 0.2933083521692376 seconds
Avg batch train. time: 0.03258981690769307 seconds
Avg sample train. time: 0.004313358120135847 seconds
Evaluating on validation set ...
Validation runtime: 0.0 hours, 0.0 minutes, 0.0238037109375 seconds

Avg val. time: 0.0 hours, 0.0 minutes, 0.05290854544866653 seconds
Avg batch val. time: 0.05290854544866653 seconds
Avg sample val. time: 0.006613568181083316 seconds
Epoch 38 Validation Summary: epoch: 38.000000 | loss: 3.757855 | accuracy: 0.125000 | precision: 0.166667 | 
Epoch 39 Training Summary: epoch: 39.000000 | loss: 0.136309 | 
Epoch runtime: 0.0 hours, 0.0 minutes, 0.2932767868041992 seconds

Avg epoch train. time: 0.0 hours, 0.0 minutes, 0.2933075428009033 seconds
Avg batch train. time: 0.032589726977878146 seconds
Avg sample train. time: 0.004313346217660343 seconds
Epoch 40 Training Summary: epoch: 40.000000 | loss: 0.133473 | 
Epoch runtime: 0.0 hours, 0.0 minutes, 0.2929854393005371 seconds

Avg epoch train. time: 0.0 hours, 0.0 minutes, 0.2932994902133942 seconds
Avg batch train. time: 0.03258883224593269 seconds
Avg sample train. time: 0.004313227797255797 seconds
Evaluating on validation set ...
Validation runtime: 0.0 hours, 0.0 minutes, 0.025614500045776367 seconds

Avg val. time: 0.0 hours, 0.0 minutes, 0.05166790702126243 seconds
Avg batch val. time: 0.05166790702126243 seconds
Avg sample val. time: 0.0064584883776578035 seconds
Epoch 40 Validation Summary: epoch: 40.000000 | loss: 4.428037 | accuracy: 0.000000 | precision: 0.000000 | 
Best accuracy was 0.125. Other metrics: OrderedDict([('epoch', 0), ('loss', 20.862247467041016), ('accuracy', 0.125), ('precision', 0.2857142857142857)])
All Done!
Total runtime: 0.0 hours, 0.0 minutes, 25.406037092208862 seconds

