Running:
src/main_5q.py --output_dir experiments --comment classification from Scratch --name VRS_fromScratch --records_file VRS_records.xls --data_dir /mnt/d/OneDrive - Southern Methodist University/Phone_Privacy/input_feature/all_norm_downsample_480p_s22 --data_class vrs --val_ratio 0.1 --epochs 40 --lr 0.001 --dropout 0.2 --batch_size 8 --num_layers 3 --num_heads 4 --optimizer RAdam --pos_encoding learnable --task classification --normalization none --key_metric accuracy

Using device: cuda
Loading and preprocessing data ...
135 samples may be used for training
16 samples will be used for validation
0 samples will be used for testing
Creating model ...
Model:
TSTransformerEncoderClassiregressor(
  (project_inp): Linear(in_features=39, out_features=64, bias=True)
  (pos_enc): LearnablePositionalEncoding(
    (dropout): Dropout(p=0.2, inplace=False)
  )
  (transformer_encoder): TransformerEncoder(
    (layers): ModuleList(
      (0-2): 3 x TransformerBatchNormEncoderLayer(
        (self_attn): MultiheadAttention(
          (out_proj): NonDynamicallyQuantizableLinear(in_features=64, out_features=64, bias=True)
        )
        (linear1): Linear(in_features=64, out_features=256, bias=True)
        (dropout): Dropout(p=0.2, inplace=False)
        (linear2): Linear(in_features=256, out_features=64, bias=True)
        (norm1): BatchNorm1d(64, eps=1e-05, momentum=0.1, affine=True, track_running_stats=True)
        (norm2): BatchNorm1d(64, eps=1e-05, momentum=0.1, affine=True, track_running_stats=True)
        (dropout1): Dropout(p=0.2, inplace=False)
        (dropout2): Dropout(p=0.2, inplace=False)
      )
    )
  )
  (dropout1): Dropout(p=0.2, inplace=False)
  (output_layer): Linear(in_features=5120, out_features=5, bias=True)
)
Total number of parameters: 183237
Trainable parameters: 183237
Evaluating on validation set ...
Validation runtime: 0.0 hours, 0.0 minutes, 0.297776460647583 seconds

Avg val. time: 0.0 hours, 0.0 minutes, 0.297776460647583 seconds
Avg batch val. time: 0.1488882303237915 seconds
Avg sample val. time: 0.018611028790473938 seconds
Epoch 0 Validation Summary: epoch: 0.000000 | loss: 8.790449 | accuracy: 0.187500 | precision: 0.187500 | 
Starting training...
Epoch 1 Training Summary: epoch: 1.000000 | loss: 1.703192 | 
Epoch runtime: 0.0 hours, 0.0 minutes, 0.32567787170410156 seconds

Avg epoch train. time: 0.0 hours, 0.0 minutes, 0.32567787170410156 seconds
Avg batch train. time: 0.019157521864947152 seconds
Avg sample train. time: 0.0024124286792896413 seconds
Evaluating on validation set ...
Validation runtime: 0.0 hours, 0.0 minutes, 0.010110855102539062 seconds

Avg val. time: 0.0 hours, 0.0 minutes, 0.15394365787506104 seconds
Avg batch val. time: 0.07697182893753052 seconds
Avg sample val. time: 0.009621478617191315 seconds
Epoch 1 Validation Summary: epoch: 1.000000 | loss: 1.612816 | accuracy: 0.187500 | precision: 0.193333 | 
Epoch 2 Training Summary: epoch: 2.000000 | loss: 1.665133 | 
Epoch runtime: 0.0 hours, 0.0 minutes, 0.1752171516418457 seconds

Avg epoch train. time: 0.0 hours, 0.0 minutes, 0.25044751167297363 seconds
Avg batch train. time: 0.014732206568998448 seconds
Avg sample train. time: 0.001855166753133138 seconds
Evaluating on validation set ...
Validation runtime: 0.0 hours, 0.0 minutes, 0.00968027114868164 seconds

Avg val. time: 0.0 hours, 0.0 minutes, 0.10585586229960124 seconds
Avg batch val. time: 0.05292793114980062 seconds
Avg sample val. time: 0.006615991393725078 seconds
Epoch 2 Validation Summary: epoch: 2.000000 | loss: 1.592988 | accuracy: 0.250000 | precision: 0.451786 | 
Epoch 3 Training Summary: epoch: 3.000000 | loss: 1.681006 | 
Epoch runtime: 0.0 hours, 0.0 minutes, 0.17545151710510254 seconds

Avg epoch train. time: 0.0 hours, 0.0 minutes, 0.2254488468170166 seconds
Avg batch train. time: 0.013261696871589212 seconds
Avg sample train. time: 0.0016699914579038266 seconds
Epoch 4 Training Summary: epoch: 4.000000 | loss: 1.672554 | 
Epoch runtime: 0.0 hours, 0.0 minutes, 0.17551255226135254 seconds

Avg epoch train. time: 0.0 hours, 0.0 minutes, 0.21296477317810059 seconds
Avg batch train. time: 0.012527339598711799 seconds
Avg sample train. time: 0.0015775168383563006 seconds
Evaluating on validation set ...
Validation runtime: 0.0 hours, 0.0 minutes, 0.010504961013793945 seconds

Avg val. time: 0.0 hours, 0.0 minutes, 0.08201813697814941 seconds
Avg batch val. time: 0.04100906848907471 seconds
Avg sample val. time: 0.005126133561134338 seconds
Epoch 4 Validation Summary: epoch: 4.000000 | loss: 1.583341 | accuracy: 0.375000 | precision: 0.265734 | 
Epoch 5 Training Summary: epoch: 5.000000 | loss: 1.689519 | 
Epoch runtime: 0.0 hours, 0.0 minutes, 0.17591643333435059 seconds

Avg epoch train. time: 0.0 hours, 0.0 minutes, 0.20555510520935058 seconds
Avg batch train. time: 0.012091476777020622 seconds
Avg sample train. time: 0.0015226304089581524 seconds
Epoch 6 Training Summary: epoch: 6.000000 | loss: 1.621940 | 
Epoch runtime: 0.0 hours, 0.0 minutes, 0.19068551063537598 seconds

Avg epoch train. time: 0.0 hours, 0.0 minutes, 0.20307683944702148 seconds
Avg batch train. time: 0.011945696438060087 seconds
Avg sample train. time: 0.0015042728847927517 seconds
Evaluating on validation set ...
Validation runtime: 0.0 hours, 0.0 minutes, 0.010249614715576172 seconds

Avg val. time: 0.0 hours, 0.0 minutes, 0.06766443252563477 seconds
Avg batch val. time: 0.033832216262817384 seconds
Avg sample val. time: 0.004229027032852173 seconds
Epoch 6 Validation Summary: epoch: 6.000000 | loss: 1.581948 | accuracy: 0.250000 | precision: 0.207692 | 
Epoch 7 Training Summary: epoch: 7.000000 | loss: 1.565766 | 
Epoch runtime: 0.0 hours, 0.0 minutes, 0.1787576675415039 seconds

Avg epoch train. time: 0.0 hours, 0.0 minutes, 0.19960267203194754 seconds
Avg batch train. time: 0.01174133364893809 seconds
Avg sample train. time: 0.0014785383113477596 seconds
Epoch 8 Training Summary: epoch: 8.000000 | loss: 1.669556 | 
Epoch runtime: 0.0 hours, 0.0 minutes, 0.18602466583251953 seconds

Avg epoch train. time: 0.0 hours, 0.0 minutes, 0.19790542125701904 seconds
Avg batch train. time: 0.011641495368059944 seconds
Avg sample train. time: 0.0014659660833853262 seconds
Evaluating on validation set ...
Validation runtime: 0.0 hours, 0.0 minutes, 0.012990951538085938 seconds

Avg val. time: 0.0 hours, 0.0 minutes, 0.058552185694376625 seconds
Avg batch val. time: 0.029276092847188313 seconds
Avg sample val. time: 0.003659511605898539 seconds
Epoch 8 Validation Summary: epoch: 8.000000 | loss: 1.554669 | accuracy: 0.312500 | precision: 0.336806 | 
Epoch 9 Training Summary: epoch: 9.000000 | loss: 1.637800 | 
Epoch runtime: 0.0 hours, 0.0 minutes, 0.19190382957458496 seconds

Avg epoch train. time: 0.0 hours, 0.0 minutes, 0.19723857773674858 seconds
Avg batch train. time: 0.011602269278632268 seconds
Avg sample train. time: 0.001461026501753693 seconds
Epoch 10 Training Summary: epoch: 10.000000 | loss: 1.626673 | 
Epoch runtime: 0.0 hours, 0.0 minutes, 0.18352150917053223 seconds

Avg epoch train. time: 0.0 hours, 0.0 minutes, 0.19586687088012694 seconds
Avg batch train. time: 0.011521580640007467 seconds
Avg sample train. time: 0.0014508657102231626 seconds
Evaluating on validation set ...
Validation runtime: 0.0 hours, 0.0 minutes, 0.010959386825561523 seconds

Avg val. time: 0.0 hours, 0.0 minutes, 0.05175321442740304 seconds
Avg batch val. time: 0.02587660721370152 seconds
Avg sample val. time: 0.00323457590171269 seconds
Epoch 10 Validation Summary: epoch: 10.000000 | loss: 1.554633 | accuracy: 0.250000 | precision: 0.246154 | 
Epoch 11 Training Summary: epoch: 11.000000 | loss: 1.670827 | 
Epoch runtime: 0.0 hours, 0.0 minutes, 0.18233609199523926 seconds

Avg epoch train. time: 0.0 hours, 0.0 minutes, 0.19463680007240988 seconds
Avg batch train. time: 0.01144922353367117 seconds
Avg sample train. time: 0.0014417540746104436 seconds
Epoch 12 Training Summary: epoch: 12.000000 | loss: 1.600638 | 
Epoch runtime: 0.0 hours, 0.0 minutes, 0.18670368194580078 seconds

Avg epoch train. time: 0.0 hours, 0.0 minutes, 0.19397570689519247 seconds
Avg batch train. time: 0.011410335699717205 seconds
Avg sample train. time: 0.0014368570881125367 seconds
Evaluating on validation set ...
Validation runtime: 0.0 hours, 0.0 minutes, 0.010766744613647461 seconds

Avg val. time: 0.0 hours, 0.0 minutes, 0.046629905700683594 seconds
Avg batch val. time: 0.023314952850341797 seconds
Avg sample val. time: 0.0029143691062927246 seconds
Epoch 12 Validation Summary: epoch: 12.000000 | loss: 1.554897 | accuracy: 0.250000 | precision: 0.230769 | 
Epoch 13 Training Summary: epoch: 13.000000 | loss: 1.644889 | 
Epoch runtime: 0.0 hours, 0.0 minutes, 0.1858515739440918 seconds

Avg epoch train. time: 0.0 hours, 0.0 minutes, 0.19335077359126165 seconds
Avg batch train. time: 0.011373574917133039 seconds
Avg sample train. time: 0.0014322279525278642 seconds
Epoch 14 Training Summary: epoch: 14.000000 | loss: 1.583566 | 
Epoch runtime: 0.0 hours, 0.0 minutes, 0.18143630027770996 seconds

Avg epoch train. time: 0.0 hours, 0.0 minutes, 0.1924997397831508 seconds
Avg batch train. time: 0.011323514104891224 seconds
Avg sample train. time: 0.0014259239983937097 seconds
Evaluating on validation set ...
Validation runtime: 0.0 hours, 0.0 minutes, 0.012544631958007812 seconds

Avg val. time: 0.0 hours, 0.0 minutes, 0.04284265306260851 seconds
Avg batch val. time: 0.021421326531304255 seconds
Avg sample val. time: 0.002677665816413032 seconds
Epoch 14 Validation Summary: epoch: 14.000000 | loss: 1.535507 | accuracy: 0.250000 | precision: 0.175000 | 
Epoch 15 Training Summary: epoch: 15.000000 | loss: 1.574233 | 
Epoch runtime: 0.0 hours, 0.0 minutes, 0.18036866188049316 seconds

Avg epoch train. time: 0.0 hours, 0.0 minutes, 0.19169100125630698 seconds
Avg batch train. time: 0.011275941250371 seconds
Avg sample train. time: 0.001419933342639311 seconds
Epoch 16 Training Summary: epoch: 16.000000 | loss: 1.448993 | 
Epoch runtime: 0.0 hours, 0.0 minutes, 0.1967005729675293 seconds

Avg epoch train. time: 0.0 hours, 0.0 minutes, 0.19200409948825836 seconds
Avg batch train. time: 0.011294358793426962 seconds
Avg sample train. time: 0.0014222525888019138 seconds
Evaluating on validation set ...
Validation runtime: 0.0 hours, 0.0 minutes, 0.010782718658447266 seconds

Avg val. time: 0.0 hours, 0.0 minutes, 0.039636659622192386 seconds
Avg batch val. time: 0.019818329811096193 seconds
Avg sample val. time: 0.002477291226387024 seconds
Epoch 16 Validation Summary: epoch: 16.000000 | loss: 1.507018 | accuracy: 0.250000 | precision: 0.355556 | 
Epoch 17 Training Summary: epoch: 17.000000 | loss: 1.480346 | 
Epoch runtime: 0.0 hours, 0.0 minutes, 0.18520236015319824 seconds

Avg epoch train. time: 0.0 hours, 0.0 minutes, 0.1916039971744313 seconds
Avg batch train. time: 0.011270823363201841 seconds
Avg sample train. time: 0.0014192888679587503 seconds
Epoch 18 Training Summary: epoch: 18.000000 | loss: 1.367301 | 
Epoch runtime: 0.0 hours, 0.0 minutes, 0.19797039031982422 seconds

Avg epoch train. time: 0.0 hours, 0.0 minutes, 0.19195768568250868 seconds
Avg batch train. time: 0.011291628569559333 seconds
Avg sample train. time: 0.0014219087828333977 seconds
Evaluating on validation set ...
Validation runtime: 0.0 hours, 0.0 minutes, 0.024382591247558594 seconds

Avg val. time: 0.0 hours, 0.0 minutes, 0.03824992613358931 seconds
Avg batch val. time: 0.019124963066794655 seconds
Avg sample val. time: 0.002390620383349332 seconds
Epoch 18 Validation Summary: epoch: 18.000000 | loss: 1.435994 | accuracy: 0.437500 | precision: 0.580128 | 
Epoch 19 Training Summary: epoch: 19.000000 | loss: 1.386111 | 
Epoch runtime: 0.0 hours, 0.0 minutes, 0.1844499111175537 seconds

Avg epoch train. time: 0.0 hours, 0.0 minutes, 0.1915625396527742 seconds
Avg batch train. time: 0.011268384685457307 seconds
Avg sample train. time: 0.0014189817752057348 seconds
Epoch 20 Training Summary: epoch: 20.000000 | loss: 1.287437 | 
Epoch runtime: 0.0 hours, 0.0 minutes, 0.19447588920593262 seconds

Avg epoch train. time: 0.0 hours, 0.0 minutes, 0.19170820713043213 seconds
Avg batch train. time: 0.011276953360613655 seconds
Avg sample train. time: 0.0014200607935587566 seconds
Evaluating on validation set ...
Validation runtime: 0.0 hours, 0.0 minutes, 0.01153874397277832 seconds

Avg val. time: 0.0 hours, 0.0 minutes, 0.036023994286855064 seconds
Avg batch val. time: 0.018011997143427532 seconds
Avg sample val. time: 0.0022514996429284415 seconds
Epoch 20 Validation Summary: epoch: 20.000000 | loss: 1.310795 | accuracy: 0.250000 | precision: 0.430769 | 
Epoch 21 Training Summary: epoch: 21.000000 | loss: 1.198119 | 
Epoch runtime: 0.0 hours, 0.0 minutes, 0.20090723037719727 seconds

Avg epoch train. time: 0.0 hours, 0.0 minutes, 0.19214625585646855 seconds
Avg batch train. time: 0.011302720932733445 seconds
Avg sample train. time: 0.0014233055989368042 seconds
Epoch 22 Training Summary: epoch: 22.000000 | loss: 1.160984 | 
Epoch runtime: 0.0 hours, 0.0 minutes, 0.18161416053771973 seconds

Avg epoch train. time: 0.0 hours, 0.0 minutes, 0.1916675242510709 seconds
Avg batch train. time: 0.011274560250062994 seconds
Avg sample train. time: 0.0014197594388968215 seconds
Evaluating on validation set ...
Validation runtime: 0.0 hours, 0.0 minutes, 0.011202573776245117 seconds

Avg val. time: 0.0 hours, 0.0 minutes, 0.034114654247577376 seconds
Avg batch val. time: 0.017057327123788688 seconds
Avg sample val. time: 0.002132165890473586 seconds
Epoch 22 Validation Summary: epoch: 22.000000 | loss: 1.228337 | accuracy: 0.375000 | precision: 0.460417 | 
Epoch 23 Training Summary: epoch: 23.000000 | loss: 1.115418 | 
Epoch runtime: 0.0 hours, 0.0 minutes, 0.1911156177520752 seconds

Avg epoch train. time: 0.0 hours, 0.0 minutes, 0.19164352831633194 seconds
Avg batch train. time: 0.011273148724490114 seconds
Avg sample train. time: 0.0014195816912320885 seconds
Epoch 24 Training Summary: epoch: 24.000000 | loss: 1.127867 | 
Epoch runtime: 0.0 hours, 0.0 minutes, 0.18959474563598633 seconds

Avg epoch train. time: 0.0 hours, 0.0 minutes, 0.19155816237131754 seconds
Avg batch train. time: 0.011268127198312796 seconds
Avg sample train. time: 0.0014189493508986483 seconds
Evaluating on validation set ...
Validation runtime: 0.0 hours, 0.0 minutes, 0.011097431182861328 seconds

Avg val. time: 0.0 hours, 0.0 minutes, 0.032470566885811944 seconds
Avg batch val. time: 0.016235283442905972 seconds
Avg sample val. time: 0.0020294104303632465 seconds
Epoch 24 Validation Summary: epoch: 24.000000 | loss: 1.232750 | accuracy: 0.187500 | precision: 0.322917 | 
Epoch 25 Training Summary: epoch: 25.000000 | loss: 0.987665 | 
Epoch runtime: 0.0 hours, 0.0 minutes, 0.19019579887390137 seconds

Avg epoch train. time: 0.0 hours, 0.0 minutes, 0.1915036678314209 seconds
Avg batch train. time: 0.011264921637142405 seconds
Avg sample train. time: 0.0014185456876401547 seconds
Epoch 26 Training Summary: epoch: 26.000000 | loss: 1.045083 | 
Epoch runtime: 0.0 hours, 0.0 minutes, 0.1882634162902832 seconds

Avg epoch train. time: 0.0 hours, 0.0 minutes, 0.19137904277214637 seconds
Avg batch train. time: 0.011257590751302728 seconds
Avg sample train. time: 0.001417622539052936 seconds
Evaluating on validation set ...
Validation runtime: 0.0 hours, 0.0 minutes, 0.01256251335144043 seconds

Avg val. time: 0.0 hours, 0.0 minutes, 0.031143363316853842 seconds
Avg batch val. time: 0.015571681658426921 seconds
Avg sample val. time: 0.0019464602073033651 seconds
Epoch 26 Validation Summary: epoch: 26.000000 | loss: 1.127274 | accuracy: 0.375000 | precision: 0.412088 | 
Epoch 27 Training Summary: epoch: 27.000000 | loss: 1.013881 | 
Epoch runtime: 0.0 hours, 0.0 minutes, 0.19854497909545898 seconds

Avg epoch train. time: 0.0 hours, 0.0 minutes, 0.19164444782115794 seconds
Avg batch train. time: 0.011273202813009291 seconds
Avg sample train. time: 0.0014195885023789477 seconds
Epoch 28 Training Summary: epoch: 28.000000 | loss: 0.840152 | 
Epoch runtime: 0.0 hours, 0.0 minutes, 0.20170187950134277 seconds

Avg epoch train. time: 0.0 hours, 0.0 minutes, 0.19200364180973598 seconds
Avg batch train. time: 0.01129433187116094 seconds
Avg sample train. time: 0.0014222491985906368 seconds
Evaluating on validation set ...
Validation runtime: 0.0 hours, 0.0 minutes, 0.011522531509399414 seconds

Avg val. time: 0.0 hours, 0.0 minutes, 0.02991706132888794 seconds
Avg batch val. time: 0.01495853066444397 seconds
Avg sample val. time: 0.0018698163330554962 seconds
Epoch 28 Validation Summary: epoch: 28.000000 | loss: 0.968252 | accuracy: 0.437500 | precision: 0.453125 | 
Epoch 29 Training Summary: epoch: 29.000000 | loss: 0.908812 | 
Epoch runtime: 0.0 hours, 0.0 minutes, 0.1851062774658203 seconds

Avg epoch train. time: 0.0 hours, 0.0 minutes, 0.19176580165994578 seconds
Avg batch train. time: 0.011280341274114458 seconds
Avg sample train. time: 0.001420487419703302 seconds
Epoch 30 Training Summary: epoch: 30.000000 | loss: 0.810968 | 
Epoch runtime: 0.0 hours, 0.0 minutes, 0.19523239135742188 seconds

Avg epoch train. time: 0.0 hours, 0.0 minutes, 0.19188135464986164 seconds
Avg batch train. time: 0.011287138508815391 seconds
Avg sample train. time: 0.0014213433677767529 seconds
Evaluating on validation set ...
Validation runtime: 0.0 hours, 0.0 minutes, 0.011166810989379883 seconds

Avg val. time: 0.0 hours, 0.0 minutes, 0.028814105426563937 seconds
Avg batch val. time: 0.014407052713281968 seconds
Avg sample val. time: 0.001800881589160246 seconds
Epoch 30 Validation Summary: epoch: 30.000000 | loss: 1.007750 | accuracy: 0.437500 | precision: 0.515625 | 
Epoch 31 Training Summary: epoch: 31.000000 | loss: 0.766829 | 
Epoch runtime: 0.0 hours, 0.0 minutes, 0.18990588188171387 seconds

Avg epoch train. time: 0.0 hours, 0.0 minutes, 0.1918176297218569 seconds
Avg batch train. time: 0.01128338998363864 seconds
Avg sample train. time: 0.001420871331273014 seconds
Epoch 32 Training Summary: epoch: 32.000000 | loss: 0.823439 | 
Epoch runtime: 0.0 hours, 0.0 minutes, 0.1972498893737793 seconds

Avg epoch train. time: 0.0 hours, 0.0 minutes, 0.19198738783597946 seconds
Avg batch train. time: 0.011293375755057615 seconds
Avg sample train. time: 0.001422128798785033 seconds
Evaluating on validation set ...
Validation runtime: 0.0 hours, 0.0 minutes, 0.010527372360229492 seconds

Avg val. time: 0.0 hours, 0.0 minutes, 0.027798175811767578 seconds
Avg batch val. time: 0.013899087905883789 seconds
Avg sample val. time: 0.0017373859882354736 seconds
Epoch 32 Validation Summary: epoch: 32.000000 | loss: 0.973741 | accuracy: 0.437500 | precision: 0.406250 | 
Epoch 33 Training Summary: epoch: 33.000000 | loss: 0.761239 | 
Epoch runtime: 0.0 hours, 0.0 minutes, 0.1939842700958252 seconds

Avg epoch train. time: 0.0 hours, 0.0 minutes, 0.19204789941961115 seconds
Avg batch train. time: 0.011296935259977126 seconds
Avg sample train. time: 0.0014225770327378603 seconds
Epoch 34 Training Summary: epoch: 34.000000 | loss: 0.657033 | 
Epoch runtime: 0.0 hours, 0.0 minutes, 0.19843769073486328 seconds

Avg epoch train. time: 0.0 hours, 0.0 minutes, 0.19223583445829504 seconds
Avg batch train. time: 0.011307990262252649 seconds
Avg sample train. time: 0.0014239691441355188 seconds
Evaluating on validation set ...
Validation runtime: 0.0 hours, 0.0 minutes, 0.01163482666015625 seconds

Avg val. time: 0.0 hours, 0.0 minutes, 0.026947473224840666 seconds
Avg batch val. time: 0.013473736612420333 seconds
Avg sample val. time: 0.0016842170765525417 seconds
Epoch 34 Validation Summary: epoch: 34.000000 | loss: 0.952136 | accuracy: 0.625000 | precision: 0.671875 | 
Epoch 35 Training Summary: epoch: 35.000000 | loss: 0.646730 | 
Epoch runtime: 0.0 hours, 0.0 minutes, 0.20206880569458008 seconds

Avg epoch train. time: 0.0 hours, 0.0 minutes, 0.19251677649361745 seconds
Avg batch train. time: 0.01132451626433044 seconds
Avg sample train. time: 0.0014260501962490182 seconds
Epoch 36 Training Summary: epoch: 36.000000 | loss: 0.627449 | 
Epoch runtime: 0.0 hours, 0.0 minutes, 0.18965506553649902 seconds

Avg epoch train. time: 0.0 hours, 0.0 minutes, 0.1924372845225864 seconds
Avg batch train. time: 0.011319840266034494 seconds
Avg sample train. time: 0.0014254613668339734 seconds
Evaluating on validation set ...
Validation runtime: 0.0 hours, 0.0 minutes, 0.010980844497680664 seconds

Avg val. time: 0.0 hours, 0.0 minutes, 0.026149141788482665 seconds
Avg batch val. time: 0.013074570894241333 seconds
Avg sample val. time: 0.0016343213617801666 seconds
Epoch 36 Validation Summary: epoch: 36.000000 | loss: 1.053836 | accuracy: 0.625000 | precision: 0.687500 | 
Epoch 37 Training Summary: epoch: 37.000000 | loss: 0.477831 | 
Epoch runtime: 0.0 hours, 0.0 minutes, 0.21517109870910645 seconds

Avg epoch train. time: 0.0 hours, 0.0 minutes, 0.1930517119330329 seconds
Avg batch train. time: 0.011355983054884288 seconds
Avg sample train. time: 0.0014300126809854289 seconds
Epoch 38 Training Summary: epoch: 38.000000 | loss: 0.531160 | 
Epoch runtime: 0.0 hours, 0.0 minutes, 0.20316743850708008 seconds

Avg epoch train. time: 0.0 hours, 0.0 minutes, 0.19331791526392886 seconds
Avg batch train. time: 0.011371642074348756 seconds
Avg sample train. time: 0.0014319845575105842 seconds
Evaluating on validation set ...
Validation runtime: 0.0 hours, 0.0 minutes, 0.010509729385375977 seconds

Avg val. time: 0.0 hours, 0.0 minutes, 0.025404407864525205 seconds
Avg batch val. time: 0.012702203932262603 seconds
Avg sample val. time: 0.0015877754915328253 seconds
Epoch 38 Validation Summary: epoch: 38.000000 | loss: 0.944274 | accuracy: 0.500000 | precision: 0.642361 | 
Epoch 39 Training Summary: epoch: 39.000000 | loss: 0.480536 | 
Epoch runtime: 0.0 hours, 0.0 minutes, 0.19385647773742676 seconds

Avg epoch train. time: 0.0 hours, 0.0 minutes, 0.19333172455812112 seconds
Avg batch train. time: 0.01137245438577183 seconds
Avg sample train. time: 0.001432086848578675 seconds
Epoch 40 Training Summary: epoch: 40.000000 | loss: 0.605013 | 
Epoch runtime: 0.0 hours, 0.0 minutes, 0.20040273666381836 seconds

Avg epoch train. time: 0.0 hours, 0.0 minutes, 0.19350849986076354 seconds
Avg batch train. time: 0.01138285293298609 seconds
Avg sample train. time: 0.0014333962952649151 seconds
Evaluating on validation set ...
Validation runtime: 0.0 hours, 0.0 minutes, 0.011083841323852539 seconds

Avg val. time: 0.0 hours, 0.0 minutes, 0.024753473021767357 seconds
Avg batch val. time: 0.012376736510883678 seconds
Avg sample val. time: 0.0015470920638604598 seconds
Epoch 40 Validation Summary: epoch: 40.000000 | loss: 1.008500 | accuracy: 0.625000 | precision: 0.637500 | 
Best accuracy was 0.625. Other metrics: OrderedDict([('epoch', 34), ('loss', 0.9521364271640778), ('accuracy', 0.625), ('precision', 0.671875)])
All Done!
Total runtime: 0.0 hours, 0.0 minutes, 16.519856691360474 seconds

