Running:
src/main_5q.py --output_dir experiments --comment classification from Scratch --name VRS_fromScratch --records_file VRS_records.xls --data_dir /mnt/d/OneDrive - Southern Methodist University/Phone_Privacy/input_feature/all_processpos_norm_downsample_480p_s22 --data_class vrs --val_ratio 0.1 --epochs 40 --lr 0.001 --dropout 0.2 --batch_size 8 --num_layers 3 --num_heads 4 --optimizer RAdam --pos_encoding learnable --task classification --normalization none --key_metric accuracy

Using device: cuda
Loading and preprocessing data ...
67 samples may be used for training
8 samples will be used for validation
0 samples will be used for testing
Creating model ...
Model:
TSTransformerEncoderClassiregressor(
  (project_inp): Linear(in_features=39, out_features=64, bias=True)
  (pos_enc): LearnablePositionalEncoding(
    (dropout): Dropout(p=0.2, inplace=False)
  )
  (transformer_encoder): TransformerEncoder(
    (layers): ModuleList(
      (0-2): 3 x TransformerBatchNormEncoderLayer(
        (self_attn): MultiheadAttention(
          (out_proj): NonDynamicallyQuantizableLinear(in_features=64, out_features=64, bias=True)
        )
        (linear1): Linear(in_features=64, out_features=256, bias=True)
        (dropout): Dropout(p=0.2, inplace=False)
        (linear2): Linear(in_features=256, out_features=64, bias=True)
        (norm1): BatchNorm1d(64, eps=1e-05, momentum=0.1, affine=True, track_running_stats=True)
        (norm2): BatchNorm1d(64, eps=1e-05, momentum=0.1, affine=True, track_running_stats=True)
        (dropout1): Dropout(p=0.2, inplace=False)
        (dropout2): Dropout(p=0.2, inplace=False)
      )
    )
  )
  (dropout1): Dropout(p=0.2, inplace=False)
  (output_layer): Linear(in_features=5120, out_features=5, bias=True)
)
Total number of parameters: 183237
Trainable parameters: 183237
Evaluating on validation set ...
Validation runtime: 0.0 hours, 0.0 minutes, 0.2744624614715576 seconds

Avg val. time: 0.0 hours, 0.0 minutes, 0.2744624614715576 seconds
Avg batch val. time: 0.2744624614715576 seconds
Avg sample val. time: 0.0343078076839447 seconds
Epoch 0 Validation Summary: epoch: 0.000000 | loss: 2.643399 | accuracy: 0.250000 | precision: 0.250000 | 
Starting training...
Epoch 1 Training Summary: epoch: 1.000000 | loss: 1.638367 | 
Epoch runtime: 0.0 hours, 0.0 minutes, 0.2870323657989502 seconds

Avg epoch train. time: 0.0 hours, 0.0 minutes, 0.2870323657989502 seconds
Avg batch train. time: 0.031892485088772245 seconds
Avg sample train. time: 0.0042840651611783616 seconds
Evaluating on validation set ...
Validation runtime: 0.0 hours, 0.0 minutes, 0.010431528091430664 seconds

Avg val. time: 0.0 hours, 0.0 minutes, 0.14244699478149414 seconds
Avg batch val. time: 0.14244699478149414 seconds
Avg sample val. time: 0.017805874347686768 seconds
Epoch 1 Validation Summary: epoch: 1.000000 | loss: 1.593905 | accuracy: 0.125000 | precision: 0.047619 | 
Epoch 2 Training Summary: epoch: 2.000000 | loss: 1.622341 | 
Epoch runtime: 0.0 hours, 0.0 minutes, 0.13404107093811035 seconds

Avg epoch train. time: 0.0 hours, 0.0 minutes, 0.21053671836853027 seconds
Avg batch train. time: 0.023392968707614474 seconds
Avg sample train. time: 0.0031423390801273176 seconds
Evaluating on validation set ...
Validation runtime: 0.0 hours, 0.0 minutes, 0.011884212493896484 seconds

Avg val. time: 0.0 hours, 0.0 minutes, 0.09892606735229492 seconds
Avg batch val. time: 0.09892606735229492 seconds
Avg sample val. time: 0.012365758419036865 seconds
Epoch 2 Validation Summary: epoch: 2.000000 | loss: 1.587138 | accuracy: 0.125000 | precision: 0.047619 | 
Epoch 3 Training Summary: epoch: 3.000000 | loss: 1.694451 | 
Epoch runtime: 0.0 hours, 0.0 minutes, 0.1189737319946289 seconds

Avg epoch train. time: 0.0 hours, 0.0 minutes, 0.18001572291056314 seconds
Avg batch train. time: 0.02000174699006257 seconds
Avg sample train. time: 0.002686801834486017 seconds
Epoch 4 Training Summary: epoch: 4.000000 | loss: 1.584781 | 
Epoch runtime: 0.0 hours, 0.0 minutes, 0.12998557090759277 seconds

Avg epoch train. time: 0.0 hours, 0.0 minutes, 0.16750818490982056 seconds
Avg batch train. time: 0.018612020545535617 seconds
Avg sample train. time: 0.002500122162833143 seconds
Evaluating on validation set ...
Validation runtime: 0.0 hours, 0.0 minutes, 0.010927677154541016 seconds

Avg val. time: 0.0 hours, 0.0 minutes, 0.07692646980285645 seconds
Avg batch val. time: 0.07692646980285645 seconds
Avg sample val. time: 0.009615808725357056 seconds
Epoch 4 Validation Summary: epoch: 4.000000 | loss: 1.564893 | accuracy: 0.375000 | precision: 0.400000 | 
Epoch 5 Training Summary: epoch: 5.000000 | loss: 1.598084 | 
Epoch runtime: 0.0 hours, 0.0 minutes, 0.11910080909729004 seconds

Avg epoch train. time: 0.0 hours, 0.0 minutes, 0.15782670974731444 seconds
Avg batch train. time: 0.017536301083034937 seconds
Avg sample train. time: 0.0023556225335420065 seconds
Epoch 6 Training Summary: epoch: 6.000000 | loss: 1.625134 | 
Epoch runtime: 0.0 hours, 0.0 minutes, 0.09968852996826172 seconds

Avg epoch train. time: 0.0 hours, 0.0 minutes, 0.14813701311747232 seconds
Avg batch train. time: 0.016459668124163593 seconds
Avg sample train. time: 0.002211000195783169 seconds
Evaluating on validation set ...
Validation runtime: 0.0 hours, 0.0 minutes, 0.008825063705444336 seconds

Avg val. time: 0.0 hours, 0.0 minutes, 0.06330618858337403 seconds
Avg batch val. time: 0.06330618858337403 seconds
Avg sample val. time: 0.007913273572921754 seconds
Epoch 6 Validation Summary: epoch: 6.000000 | loss: 1.555520 | accuracy: 0.125000 | precision: 0.071429 | 
Epoch 7 Training Summary: epoch: 7.000000 | loss: 1.731202 | 
Epoch runtime: 0.0 hours, 0.0 minutes, 0.12313985824584961 seconds

Avg epoch train. time: 0.0 hours, 0.0 minutes, 0.1445659909929548 seconds
Avg batch train. time: 0.01606288788810609 seconds
Avg sample train. time: 0.0021577013581038033 seconds
Epoch 8 Training Summary: epoch: 8.000000 | loss: 1.567237 | 
Epoch runtime: 0.0 hours, 0.0 minutes, 0.10415410995483398 seconds

Avg epoch train. time: 0.0 hours, 0.0 minutes, 0.1395145058631897 seconds
Avg batch train. time: 0.015501611762576632 seconds
Avg sample train. time: 0.0020823060576595476 seconds
Evaluating on validation set ...
Validation runtime: 0.0 hours, 0.0 minutes, 0.007294893264770508 seconds

Avg val. time: 0.0 hours, 0.0 minutes, 0.0539709726969401 seconds
Avg batch val. time: 0.0539709726969401 seconds
Avg sample val. time: 0.006746371587117513 seconds
Epoch 8 Validation Summary: epoch: 8.000000 | loss: 1.534809 | accuracy: 0.125000 | precision: 0.066667 | 
Epoch 9 Training Summary: epoch: 9.000000 | loss: 1.626809 | 
Epoch runtime: 0.0 hours, 0.0 minutes, 0.08299446105957031 seconds

Avg epoch train. time: 0.0 hours, 0.0 minutes, 0.13323450088500977 seconds
Avg batch train. time: 0.014803833431667753 seconds
Avg sample train. time: 0.0019885746400747726 seconds
Epoch 10 Training Summary: epoch: 10.000000 | loss: 1.610419 | 
Epoch runtime: 0.0 hours, 0.0 minutes, 0.08368301391601562 seconds

Avg epoch train. time: 0.0 hours, 0.0 minutes, 0.12827935218811035 seconds
Avg batch train. time: 0.014253261354234483 seconds
Avg sample train. time: 0.001914617196837468 seconds
Evaluating on validation set ...
Validation runtime: 0.0 hours, 0.0 minutes, 0.0062830448150634766 seconds

Avg val. time: 0.0 hours, 0.0 minutes, 0.04715841157095773 seconds
Avg batch val. time: 0.04715841157095773 seconds
Avg sample val. time: 0.005894801446369716 seconds
Epoch 10 Validation Summary: epoch: 10.000000 | loss: 1.536101 | accuracy: 0.125000 | precision: 0.133333 | 
Epoch 11 Training Summary: epoch: 11.000000 | loss: 1.601664 | 
Epoch runtime: 0.0 hours, 0.0 minutes, 0.0911409854888916 seconds

Avg epoch train. time: 0.0 hours, 0.0 minutes, 0.12490313703363592 seconds
Avg batch train. time: 0.013878126337070659 seconds
Avg sample train. time: 0.001864225925875163 seconds
Epoch 12 Training Summary: epoch: 12.000000 | loss: 1.529469 | 
Epoch runtime: 0.0 hours, 0.0 minutes, 0.0944216251373291 seconds

Avg epoch train. time: 0.0 hours, 0.0 minutes, 0.12236301104227702 seconds
Avg batch train. time: 0.013595890115808558 seconds
Avg sample train. time: 0.0018263135976459258 seconds
Evaluating on validation set ...
Validation runtime: 0.0 hours, 0.0 minutes, 0.0065762996673583984 seconds

Avg val. time: 0.0 hours, 0.0 minutes, 0.04208564758300781 seconds
Avg batch val. time: 0.04208564758300781 seconds
Avg sample val. time: 0.0052607059478759766 seconds
Epoch 12 Validation Summary: epoch: 12.000000 | loss: 1.529284 | accuracy: 0.250000 | precision: 0.222222 | 
Epoch 13 Training Summary: epoch: 13.000000 | loss: 1.479746 | 
Epoch runtime: 0.0 hours, 0.0 minutes, 0.08509683609008789 seconds

Avg epoch train. time: 0.0 hours, 0.0 minutes, 0.11949638219980094 seconds
Avg batch train. time: 0.013277375799977882 seconds
Avg sample train. time: 0.0017835280925343423 seconds
Epoch 14 Training Summary: epoch: 14.000000 | loss: 1.533847 | 
Epoch runtime: 0.0 hours, 0.0 minutes, 0.08242487907409668 seconds

Avg epoch train. time: 0.0 hours, 0.0 minutes, 0.11684841769082206 seconds
Avg batch train. time: 0.012983157521202451 seconds
Avg sample train. time: 0.001744006234191374 seconds
Evaluating on validation set ...
Validation runtime: 0.0 hours, 0.0 minutes, 0.007574558258056641 seconds

Avg val. time: 0.0 hours, 0.0 minutes, 0.03825108210245768 seconds
Avg batch val. time: 0.03825108210245768 seconds
Avg sample val. time: 0.00478138526280721 seconds
Epoch 14 Validation Summary: epoch: 14.000000 | loss: 1.519588 | accuracy: 0.375000 | precision: 0.388889 | 
Epoch 15 Training Summary: epoch: 15.000000 | loss: 1.503657 | 
Epoch runtime: 0.0 hours, 0.0 minutes, 0.08652949333190918 seconds

Avg epoch train. time: 0.0 hours, 0.0 minutes, 0.11482715606689453 seconds
Avg batch train. time: 0.012758572896321615 seconds
Avg sample train. time: 0.0017138381502521572 seconds
Epoch 16 Training Summary: epoch: 16.000000 | loss: 1.508087 | 
Epoch runtime: 0.0 hours, 0.0 minutes, 0.09748029708862305 seconds

Avg epoch train. time: 0.0 hours, 0.0 minutes, 0.11374297738075256 seconds
Avg batch train. time: 0.012638108597861396 seconds
Avg sample train. time: 0.0016976563788172025 seconds
Evaluating on validation set ...
Validation runtime: 0.0 hours, 0.0 minutes, 0.006384372711181641 seconds

Avg val. time: 0.0 hours, 0.0 minutes, 0.035064411163330075 seconds
Avg batch val. time: 0.035064411163330075 seconds
Avg sample val. time: 0.004383051395416259 seconds
Epoch 16 Validation Summary: epoch: 16.000000 | loss: 1.517781 | accuracy: 0.250000 | precision: 0.266667 | 
Epoch 17 Training Summary: epoch: 17.000000 | loss: 1.474048 | 
Epoch runtime: 0.0 hours, 0.0 minutes, 0.09281182289123535 seconds

Avg epoch train. time: 0.0 hours, 0.0 minutes, 0.11251173299901626 seconds
Avg batch train. time: 0.012501303666557363 seconds
Avg sample train. time: 0.0016792795970002427 seconds
Epoch 18 Training Summary: epoch: 18.000000 | loss: 1.446223 | 
Epoch runtime: 0.0 hours, 0.0 minutes, 0.09656858444213867 seconds

Avg epoch train. time: 0.0 hours, 0.0 minutes, 0.11162600252363417 seconds
Avg batch train. time: 0.012402889169292684 seconds
Avg sample train. time: 0.001666059739158719 seconds
Evaluating on validation set ...
Validation runtime: 0.0 hours, 0.0 minutes, 0.006995677947998047 seconds

Avg val. time: 0.0 hours, 0.0 minutes, 0.03251270814375444 seconds
Avg batch val. time: 0.03251270814375444 seconds
Avg sample val. time: 0.004064088517969305 seconds
Epoch 18 Validation Summary: epoch: 18.000000 | loss: 1.474645 | accuracy: 0.250000 | precision: 0.266667 | 
Epoch 19 Training Summary: epoch: 19.000000 | loss: 1.453953 | 
Epoch runtime: 0.0 hours, 0.0 minutes, 0.09558868408203125 seconds

Avg epoch train. time: 0.0 hours, 0.0 minutes, 0.11078193313197086 seconds
Avg batch train. time: 0.012309103681330097 seconds
Avg sample train. time: 0.0016534616885368785 seconds
Epoch 20 Training Summary: epoch: 20.000000 | loss: 1.390314 | 
Epoch runtime: 0.0 hours, 0.0 minutes, 0.08860301971435547 seconds

Avg epoch train. time: 0.0 hours, 0.0 minutes, 0.10967298746109008 seconds
Avg batch train. time: 0.012185887495676676 seconds
Avg sample train. time: 0.0016369102606132847 seconds
Evaluating on validation set ...
Validation runtime: 0.0 hours, 0.0 minutes, 0.007052183151245117 seconds

Avg val. time: 0.0 hours, 0.0 minutes, 0.030390997727711994 seconds
Avg batch val. time: 0.030390997727711994 seconds
Avg sample val. time: 0.0037988747159639993 seconds
Epoch 20 Validation Summary: epoch: 20.000000 | loss: 1.454543 | accuracy: 0.375000 | precision: 0.388889 | 
Epoch 21 Training Summary: epoch: 21.000000 | loss: 1.384374 | 
Epoch runtime: 0.0 hours, 0.0 minutes, 0.10324478149414062 seconds

Avg epoch train. time: 0.0 hours, 0.0 minutes, 0.10936688241504487 seconds
Avg batch train. time: 0.012151875823893874 seconds
Avg sample train. time: 0.0016323415285827592 seconds
Epoch 22 Training Summary: epoch: 22.000000 | loss: 1.309054 | 
Epoch runtime: 0.0 hours, 0.0 minutes, 0.09271454811096191 seconds

Avg epoch train. time: 0.0 hours, 0.0 minutes, 0.10860995812849565 seconds
Avg batch train. time: 0.012067773125388405 seconds
Avg sample train. time: 0.0016210441511715769 seconds
Evaluating on validation set ...
Validation runtime: 0.0 hours, 0.0 minutes, 0.0071048736572265625 seconds

Avg val. time: 0.0 hours, 0.0 minutes, 0.02859975741459773 seconds
Avg batch val. time: 0.02859975741459773 seconds
Avg sample val. time: 0.0035749696768247164 seconds
Epoch 22 Validation Summary: epoch: 22.000000 | loss: 1.476692 | accuracy: 0.250000 | precision: 0.277778 | 
Epoch 23 Training Summary: epoch: 23.000000 | loss: 1.412647 | 
Epoch runtime: 0.0 hours, 0.0 minutes, 0.08725714683532715 seconds

Avg epoch train. time: 0.0 hours, 0.0 minutes, 0.10768157502879268 seconds
Avg batch train. time: 0.011964619447643631 seconds
Avg sample train. time: 0.0016071876869969057 seconds
Epoch 24 Training Summary: epoch: 24.000000 | loss: 1.301545 | 
Epoch runtime: 0.0 hours, 0.0 minutes, 0.09280896186828613 seconds

Avg epoch train. time: 0.0 hours, 0.0 minutes, 0.10706188281377156 seconds
Avg batch train. time: 0.011895764757085729 seconds
Avg sample train. time: 0.001597938549459277 seconds
Evaluating on validation set ...
Validation runtime: 0.0 hours, 0.0 minutes, 0.0072057247161865234 seconds

Avg val. time: 0.0 hours, 0.0 minutes, 0.027071612221854075 seconds
Avg batch val. time: 0.027071612221854075 seconds
Avg sample val. time: 0.0033839515277317594 seconds
Epoch 24 Validation Summary: epoch: 24.000000 | loss: 1.439241 | accuracy: 0.250000 | precision: 0.222222 | 
Epoch 25 Training Summary: epoch: 25.000000 | loss: 1.262056 | 
Epoch runtime: 0.0 hours, 0.0 minutes, 0.09622597694396973 seconds

Avg epoch train. time: 0.0 hours, 0.0 minutes, 0.10662844657897949 seconds
Avg batch train. time: 0.011847605175442165 seconds
Avg sample train. time: 0.001591469351925067 seconds
Epoch 26 Training Summary: epoch: 26.000000 | loss: 1.187488 | 
Epoch runtime: 0.0 hours, 0.0 minutes, 0.08968949317932129 seconds

Avg epoch train. time: 0.0 hours, 0.0 minutes, 0.10597694837130033 seconds
Avg batch train. time: 0.011775216485700036 seconds
Avg sample train. time: 0.0015817454980791093 seconds
Evaluating on validation set ...
Validation runtime: 0.0 hours, 0.0 minutes, 0.006947755813598633 seconds

Avg val. time: 0.0 hours, 0.0 minutes, 0.025730021794637046 seconds
Avg batch val. time: 0.025730021794637046 seconds
Avg sample val. time: 0.0032162527243296307 seconds
Epoch 26 Validation Summary: epoch: 26.000000 | loss: 1.426987 | accuracy: 0.250000 | precision: 0.194444 | 
Epoch 27 Training Summary: epoch: 27.000000 | loss: 1.164262 | 
Epoch runtime: 0.0 hours, 0.0 minutes, 0.08521556854248047 seconds

Avg epoch train. time: 0.0 hours, 0.0 minutes, 0.10520800837764034 seconds
Avg batch train. time: 0.011689778708626704 seconds
Avg sample train. time: 0.001570268781755826 seconds
Epoch 28 Training Summary: epoch: 28.000000 | loss: 1.061213 | 
Epoch runtime: 0.0 hours, 0.0 minutes, 0.09052109718322754 seconds

Avg epoch train. time: 0.0 hours, 0.0 minutes, 0.10468347583498273 seconds
Avg batch train. time: 0.01163149731499808 seconds
Avg sample train. time: 0.0015624399378355632 seconds
Evaluating on validation set ...
Validation runtime: 0.0 hours, 0.0 minutes, 0.007608890533447266 seconds

Avg val. time: 0.0 hours, 0.0 minutes, 0.024597451090812683 seconds
Avg batch val. time: 0.024597451090812683 seconds
Avg sample val. time: 0.0030746813863515854 seconds
Epoch 28 Validation Summary: epoch: 28.000000 | loss: 1.483531 | accuracy: 0.500000 | precision: 0.777778 | 
Epoch 29 Training Summary: epoch: 29.000000 | loss: 1.134087 | 
Epoch runtime: 0.0 hours, 0.0 minutes, 0.09978961944580078 seconds

Avg epoch train. time: 0.0 hours, 0.0 minutes, 0.10451472216639025 seconds
Avg batch train. time: 0.011612746907376695 seconds
Avg sample train. time: 0.0015599212263640336 seconds
Epoch 30 Training Summary: epoch: 30.000000 | loss: 1.014039 | 
Epoch runtime: 0.0 hours, 0.0 minutes, 0.08906078338623047 seconds

Avg epoch train. time: 0.0 hours, 0.0 minutes, 0.10399959087371827 seconds
Avg batch train. time: 0.011555510097079807 seconds
Avg sample train. time: 0.0015522326996077354 seconds
Evaluating on validation set ...
Validation runtime: 0.0 hours, 0.0 minutes, 0.007487297058105469 seconds

Avg val. time: 0.0 hours, 0.0 minutes, 0.023590971441829905 seconds
Avg batch val. time: 0.023590971441829905 seconds
Avg sample val. time: 0.002948871430228738 seconds
Epoch 30 Validation Summary: epoch: 30.000000 | loss: 1.427765 | accuracy: 0.250000 | precision: 0.333333 | 
Epoch 31 Training Summary: epoch: 31.000000 | loss: 1.043893 | 
Epoch runtime: 0.0 hours, 0.0 minutes, 0.0937185287475586 seconds

Avg epoch train. time: 0.0 hours, 0.0 minutes, 0.10366794370835827 seconds
Avg batch train. time: 0.011518660412039809 seconds
Avg sample train. time: 0.0015472827419157952 seconds
Epoch 32 Training Summary: epoch: 32.000000 | loss: 0.983174 | 
Epoch runtime: 0.0 hours, 0.0 minutes, 0.10321974754333496 seconds

Avg epoch train. time: 0.0 hours, 0.0 minutes, 0.1036539375782013 seconds
Avg batch train. time: 0.011517104175355699 seconds
Avg sample train. time: 0.0015470736951970342 seconds
Evaluating on validation set ...
Validation runtime: 0.0 hours, 0.0 minutes, 0.007203340530395508 seconds

Avg val. time: 0.0 hours, 0.0 minutes, 0.022680547502305772 seconds
Avg batch val. time: 0.022680547502305772 seconds
Avg sample val. time: 0.0028350684377882215 seconds
Epoch 32 Validation Summary: epoch: 32.000000 | loss: 1.514916 | accuracy: 0.375000 | precision: 0.555556 | 
Epoch 33 Training Summary: epoch: 33.000000 | loss: 0.911221 | 
Epoch runtime: 0.0 hours, 0.0 minutes, 0.1055901050567627 seconds

Avg epoch train. time: 0.0 hours, 0.0 minutes, 0.10371260931997588 seconds
Avg batch train. time: 0.011523623257775097 seconds
Avg sample train. time: 0.0015479493928354608 seconds
Epoch 34 Training Summary: epoch: 34.000000 | loss: 0.850073 | 
Epoch runtime: 0.0 hours, 0.0 minutes, 0.09877657890319824 seconds

Avg epoch train. time: 0.0 hours, 0.0 minutes, 0.10356743195477654 seconds
Avg batch train. time: 0.011507492439419615 seconds
Avg sample train. time: 0.001545782566489202 seconds
Evaluating on validation set ...
Validation runtime: 0.0 hours, 0.0 minutes, 0.006958484649658203 seconds

Avg val. time: 0.0 hours, 0.0 minutes, 0.021853070510061162 seconds
Avg batch val. time: 0.021853070510061162 seconds
Avg sample val. time: 0.0027316338137576453 seconds
Epoch 34 Validation Summary: epoch: 34.000000 | loss: 1.515293 | accuracy: 0.375000 | precision: 0.466667 | 
Epoch 35 Training Summary: epoch: 35.000000 | loss: 0.845474 | 
Epoch runtime: 0.0 hours, 0.0 minutes, 0.08910679817199707 seconds

Avg epoch train. time: 0.0 hours, 0.0 minutes, 0.10315427098955426 seconds
Avg batch train. time: 0.011461585665506029 seconds
Avg sample train. time: 0.0015396159849187204 seconds
Epoch 36 Training Summary: epoch: 36.000000 | loss: 0.707824 | 
Epoch runtime: 0.0 hours, 0.0 minutes, 0.11270475387573242 seconds

Avg epoch train. time: 0.0 hours, 0.0 minutes, 0.10341956218083699 seconds
Avg batch train. time: 0.011491062464537443 seconds
Avg sample train. time: 0.0015435755549378656 seconds
Evaluating on validation set ...
Validation runtime: 0.0 hours, 0.0 minutes, 0.007448434829711914 seconds

Avg val. time: 0.0 hours, 0.0 minutes, 0.021132838726043702 seconds
Avg batch val. time: 0.021132838726043702 seconds
Avg sample val. time: 0.0026416048407554627 seconds
Epoch 36 Validation Summary: epoch: 36.000000 | loss: 1.549390 | accuracy: 0.375000 | precision: 0.400000 | 
Epoch 37 Training Summary: epoch: 37.000000 | loss: 0.641975 | 
Epoch runtime: 0.0 hours, 0.0 minutes, 0.10661077499389648 seconds

Avg epoch train. time: 0.0 hours, 0.0 minutes, 0.10350581117578454 seconds
Avg batch train. time: 0.011500645686198283 seconds
Avg sample train. time: 0.0015448628533699185 seconds
Epoch 38 Training Summary: epoch: 38.000000 | loss: 0.603864 | 
Epoch runtime: 0.0 hours, 0.0 minutes, 0.0867152214050293 seconds

Avg epoch train. time: 0.0 hours, 0.0 minutes, 0.10306395355023835 seconds
Avg batch train. time: 0.011451550394470928 seconds
Avg sample train. time: 0.0015382679634363934 seconds
Evaluating on validation set ...
Validation runtime: 0.0 hours, 0.0 minutes, 0.007185459136962891 seconds

Avg val. time: 0.0 hours, 0.0 minutes, 0.02046867779323033 seconds
Avg batch val. time: 0.02046867779323033 seconds
Avg sample val. time: 0.0025585847241537912 seconds
Epoch 38 Validation Summary: epoch: 38.000000 | loss: 1.754053 | accuracy: 0.375000 | precision: 0.360000 | 
Epoch 39 Training Summary: epoch: 39.000000 | loss: 0.625986 | 
Epoch runtime: 0.0 hours, 0.0 minutes, 0.08925247192382812 seconds

Avg epoch train. time: 0.0 hours, 0.0 minutes, 0.10270981299571502 seconds
Avg batch train. time: 0.011412201443968336 seconds
Avg sample train. time: 0.0015329822835181348 seconds
Epoch 40 Training Summary: epoch: 40.000000 | loss: 0.559552 | 
Epoch runtime: 0.0 hours, 0.0 minutes, 0.10483598709106445 seconds

Avg epoch train. time: 0.0 hours, 0.0 minutes, 0.10276296734809875 seconds
Avg batch train. time: 0.011418107483122084 seconds
Avg sample train. time: 0.0015337756320611753 seconds
Evaluating on validation set ...
Validation runtime: 0.0 hours, 0.0 minutes, 0.007727384567260742 seconds

Avg val. time: 0.0 hours, 0.0 minutes, 0.019889528101140804 seconds
Avg batch val. time: 0.019889528101140804 seconds
Avg sample val. time: 0.0024861910126426005 seconds
Epoch 40 Validation Summary: epoch: 40.000000 | loss: 1.574224 | accuracy: 0.375000 | precision: 0.277778 | 
Best accuracy was 0.5. Other metrics: OrderedDict([('epoch', 28), ('loss', 1.4835313558578491), ('accuracy', 0.5), ('precision', 0.7777777777777777)])
All Done!
Total runtime: 0.0 hours, 0.0 minutes, 9.966861248016357 seconds

