Running:
src/main_5q.py --output_dir experiments --comment classification from Scratch --name VRS_fromScratch --records_file VRS_records.xls --data_dir /mnt/d/OneDrive - Southern Methodist University/Phone_Privacy/input_feature/opticalflow_downsample_480p_s22 --data_class vrs --val_ratio 0.1 --epochs 40 --lr 0.001 --dropout 0.2 --batch_size 8 --num_layers 3 --num_heads 4 --optimizer RAdam --pos_encoding learnable --task classification --normalization none --key_metric accuracy

Using device: cuda
Loading and preprocessing data ...
68 samples may be used for training
8 samples will be used for validation
0 samples will be used for testing
Creating model ...
Model:
TSTransformerEncoderClassiregressor(
  (project_inp): Linear(in_features=8, out_features=64, bias=True)
  (pos_enc): LearnablePositionalEncoding(
    (dropout): Dropout(p=0.2, inplace=False)
  )
  (transformer_encoder): TransformerEncoder(
    (layers): ModuleList(
      (0-2): 3 x TransformerBatchNormEncoderLayer(
        (self_attn): MultiheadAttention(
          (out_proj): NonDynamicallyQuantizableLinear(in_features=64, out_features=64, bias=True)
        )
        (linear1): Linear(in_features=64, out_features=256, bias=True)
        (dropout): Dropout(p=0.2, inplace=False)
        (linear2): Linear(in_features=256, out_features=64, bias=True)
        (norm1): BatchNorm1d(64, eps=1e-05, momentum=0.1, affine=True, track_running_stats=True)
        (norm2): BatchNorm1d(64, eps=1e-05, momentum=0.1, affine=True, track_running_stats=True)
        (dropout1): Dropout(p=0.2, inplace=False)
        (dropout2): Dropout(p=0.2, inplace=False)
      )
    )
  )
  (dropout1): Dropout(p=0.2, inplace=False)
  (output_layer): Linear(in_features=5120, out_features=5, bias=True)
)
Total number of parameters: 181253
Trainable parameters: 181253
Evaluating on validation set ...
Validation runtime: 0.0 hours, 0.0 minutes, 0.2289748191833496 seconds

Avg val. time: 0.0 hours, 0.0 minutes, 0.2289748191833496 seconds
Avg batch val. time: 0.2289748191833496 seconds
Avg sample val. time: 0.0286218523979187 seconds
Epoch 0 Validation Summary: epoch: 0.000000 | loss: 6.755683 | accuracy: 0.125000 | precision: 0.083333 | 
Starting training...
Epoch 1 Training Summary: epoch: 1.000000 | loss: 1.635545 | 
Epoch runtime: 0.0 hours, 0.0 minutes, 0.2130906581878662 seconds

Avg epoch train. time: 0.0 hours, 0.0 minutes, 0.2130906581878662 seconds
Avg batch train. time: 0.0236767397986518 seconds
Avg sample train. time: 0.003133686149821562 seconds
Evaluating on validation set ...
Validation runtime: 0.0 hours, 0.0 minutes, 0.006078243255615234 seconds

Avg val. time: 0.0 hours, 0.0 minutes, 0.11752653121948242 seconds
Avg batch val. time: 0.11752653121948242 seconds
Avg sample val. time: 0.014690816402435303 seconds
Epoch 1 Validation Summary: epoch: 1.000000 | loss: 1.748314 | accuracy: 0.125000 | precision: 0.133333 | 
Epoch 2 Training Summary: epoch: 2.000000 | loss: 1.621957 | 
Epoch runtime: 0.0 hours, 0.0 minutes, 0.09038472175598145 seconds

Avg epoch train. time: 0.0 hours, 0.0 minutes, 0.15173768997192383 seconds
Avg batch train. time: 0.01685974333021376 seconds
Avg sample train. time: 0.0022314366172341738 seconds
Evaluating on validation set ...
Validation runtime: 0.0 hours, 0.0 minutes, 0.0059146881103515625 seconds

Avg val. time: 0.0 hours, 0.0 minutes, 0.0803225835164388 seconds
Avg batch val. time: 0.0803225835164388 seconds
Avg sample val. time: 0.01004032293955485 seconds
Epoch 2 Validation Summary: epoch: 2.000000 | loss: 1.739153 | accuracy: 0.125000 | precision: 0.200000 | 
Epoch 3 Training Summary: epoch: 3.000000 | loss: 1.608396 | 
Epoch runtime: 0.0 hours, 0.0 minutes, 0.09210634231567383 seconds

Avg epoch train. time: 0.0 hours, 0.0 minutes, 0.13186057408650717 seconds
Avg batch train. time: 0.014651174898500798 seconds
Avg sample train. time: 0.0019391260895074583 seconds
Epoch 4 Training Summary: epoch: 4.000000 | loss: 1.512879 | 
Epoch runtime: 0.0 hours, 0.0 minutes, 0.08973455429077148 seconds

Avg epoch train. time: 0.0 hours, 0.0 minutes, 0.12132906913757324 seconds
Avg batch train. time: 0.013481007681952583 seconds
Avg sample train. time: 0.0017842510167290183 seconds
Evaluating on validation set ...
Validation runtime: 0.0 hours, 0.0 minutes, 0.006476163864135742 seconds

Avg val. time: 0.0 hours, 0.0 minutes, 0.06186097860336304 seconds
Avg batch val. time: 0.06186097860336304 seconds
Avg sample val. time: 0.00773262232542038 seconds
Epoch 4 Validation Summary: epoch: 4.000000 | loss: 1.765970 | accuracy: 0.125000 | precision: 0.250000 | 
Epoch 5 Training Summary: epoch: 5.000000 | loss: 1.421596 | 
Epoch runtime: 0.0 hours, 0.0 minutes, 0.08986067771911621 seconds

Avg epoch train. time: 0.0 hours, 0.0 minutes, 0.11503539085388184 seconds
Avg batch train. time: 0.01278171009487576 seconds
Avg sample train. time: 0.0016916969243217918 seconds
Epoch 6 Training Summary: epoch: 6.000000 | loss: 1.392087 | 
Epoch runtime: 0.0 hours, 0.0 minutes, 0.09125971794128418 seconds

Avg epoch train. time: 0.0 hours, 0.0 minutes, 0.11107277870178223 seconds
Avg batch train. time: 0.01234141985575358 seconds
Avg sample train. time: 0.0016334232162026798 seconds
Evaluating on validation set ...
Validation runtime: 0.0 hours, 0.0 minutes, 0.0065631866455078125 seconds

Avg val. time: 0.0 hours, 0.0 minutes, 0.050801420211791994 seconds
Avg batch val. time: 0.050801420211791994 seconds
Avg sample val. time: 0.006350177526473999 seconds
Epoch 6 Validation Summary: epoch: 6.000000 | loss: 1.805536 | accuracy: 0.250000 | precision: 0.312500 | 
Epoch 7 Training Summary: epoch: 7.000000 | loss: 1.319863 | 
Epoch runtime: 0.0 hours, 0.0 minutes, 0.08975076675415039 seconds

Avg epoch train. time: 0.0 hours, 0.0 minutes, 0.10802677699497767 seconds
Avg batch train. time: 0.012002975221664186 seconds
Avg sample train. time: 0.001588629073455554 seconds
Epoch 8 Training Summary: epoch: 8.000000 | loss: 1.289289 | 
Epoch runtime: 0.0 hours, 0.0 minutes, 0.08710408210754395 seconds

Avg epoch train. time: 0.0 hours, 0.0 minutes, 0.10541144013404846 seconds
Avg batch train. time: 0.011712382237116495 seconds
Avg sample train. time: 0.0015501682372654185 seconds
Evaluating on validation set ...
Validation runtime: 0.0 hours, 0.0 minutes, 0.0064525604248046875 seconds

Avg val. time: 0.0 hours, 0.0 minutes, 0.04340994358062744 seconds
Avg batch val. time: 0.04340994358062744 seconds
Avg sample val. time: 0.00542624294757843 seconds
Epoch 8 Validation Summary: epoch: 8.000000 | loss: 1.924716 | accuracy: 0.000000 | precision: 0.000000 | 
Epoch 9 Training Summary: epoch: 9.000000 | loss: 1.254148 | 
Epoch runtime: 0.0 hours, 0.0 minutes, 0.08585166931152344 seconds

Avg epoch train. time: 0.0 hours, 0.0 minutes, 0.10323813226487902 seconds
Avg batch train. time: 0.011470903584986557 seconds
Avg sample train. time: 0.0015182078274246914 seconds
Epoch 10 Training Summary: epoch: 10.000000 | loss: 1.197024 | 
Epoch runtime: 0.0 hours, 0.0 minutes, 0.09123897552490234 seconds

Avg epoch train. time: 0.0 hours, 0.0 minutes, 0.10203821659088134 seconds
Avg batch train. time: 0.011337579621209038 seconds
Avg sample train. time: 0.0015005620086894315 seconds
Evaluating on validation set ...
Validation runtime: 0.0 hours, 0.0 minutes, 0.005774259567260742 seconds

Avg val. time: 0.0 hours, 0.0 minutes, 0.03803341729300363 seconds
Avg batch val. time: 0.03803341729300363 seconds
Avg sample val. time: 0.0047541771616254535 seconds
Epoch 10 Validation Summary: epoch: 10.000000 | loss: 2.060323 | accuracy: 0.000000 | precision: 0.000000 | 
Epoch 11 Training Summary: epoch: 11.000000 | loss: 1.149617 | 
Epoch runtime: 0.0 hours, 0.0 minutes, 0.08300161361694336 seconds

Avg epoch train. time: 0.0 hours, 0.0 minutes, 0.10030761632052335 seconds
Avg batch train. time: 0.011145290702280371 seconds
Avg sample train. time: 0.0014751120047135787 seconds
Epoch 12 Training Summary: epoch: 12.000000 | loss: 1.167737 | 
Epoch runtime: 0.0 hours, 0.0 minutes, 0.09721183776855469 seconds

Avg epoch train. time: 0.0 hours, 0.0 minutes, 0.10004963477452596 seconds
Avg batch train. time: 0.011116626086058439 seconds
Avg sample train. time: 0.0014713181584489112 seconds
Evaluating on validation set ...
Validation runtime: 0.0 hours, 0.0 minutes, 0.0064961910247802734 seconds

Avg val. time: 0.0 hours, 0.0 minutes, 0.03409126400947571 seconds
Avg batch val. time: 0.03409126400947571 seconds
Avg sample val. time: 0.0042614080011844635 seconds
Epoch 12 Validation Summary: epoch: 12.000000 | loss: 2.242291 | accuracy: 0.000000 | precision: 0.000000 | 
Epoch 13 Training Summary: epoch: 13.000000 | loss: 1.061567 | 
Epoch runtime: 0.0 hours, 0.0 minutes, 0.08356094360351562 seconds

Avg epoch train. time: 0.0 hours, 0.0 minutes, 0.09878127391521747 seconds
Avg batch train. time: 0.01097569710169083 seconds
Avg sample train. time: 0.0014526657928708453 seconds
Epoch 14 Training Summary: epoch: 14.000000 | loss: 1.091547 | 
Epoch runtime: 0.0 hours, 0.0 minutes, 0.09099864959716797 seconds

Avg epoch train. time: 0.0 hours, 0.0 minutes, 0.09822537217821393 seconds
Avg batch train. time: 0.010913930242023771 seconds
Avg sample train. time: 0.0014444907673266756 seconds
Evaluating on validation set ...
Validation runtime: 0.0 hours, 0.0 minutes, 0.0070989131927490234 seconds

Avg val. time: 0.0 hours, 0.0 minutes, 0.0310921139187283 seconds
Avg batch val. time: 0.0310921139187283 seconds
Avg sample val. time: 0.0038865142398410374 seconds
Epoch 14 Validation Summary: epoch: 14.000000 | loss: 2.328511 | accuracy: 0.000000 | precision: 0.000000 | 
Epoch 15 Training Summary: epoch: 15.000000 | loss: 0.916902 | 
Epoch runtime: 0.0 hours, 0.0 minutes, 0.09091758728027344 seconds

Avg epoch train. time: 0.0 hours, 0.0 minutes, 0.09773818651835124 seconds
Avg batch train. time: 0.010859798502039027 seconds
Avg sample train. time: 0.0014373262723286948 seconds
Epoch 16 Training Summary: epoch: 16.000000 | loss: 0.899613 | 
Epoch runtime: 0.0 hours, 0.0 minutes, 0.08558988571166992 seconds

Avg epoch train. time: 0.0 hours, 0.0 minutes, 0.09697891771793365 seconds
Avg batch train. time: 0.010775435301992629 seconds
Avg sample train. time: 0.0014261605546754949 seconds
Evaluating on validation set ...
Validation runtime: 0.0 hours, 0.0 minutes, 0.007997512817382812 seconds

Avg val. time: 0.0 hours, 0.0 minutes, 0.02878265380859375 seconds
Avg batch val. time: 0.02878265380859375 seconds
Avg sample val. time: 0.0035978317260742187 seconds
Epoch 16 Validation Summary: epoch: 16.000000 | loss: 2.497489 | accuracy: 0.000000 | precision: 0.000000 | 
Epoch 17 Training Summary: epoch: 17.000000 | loss: 0.982594 | 
Epoch runtime: 0.0 hours, 0.0 minutes, 0.08973383903503418 seconds

Avg epoch train. time: 0.0 hours, 0.0 minutes, 0.09655273661893957 seconds
Avg batch train. time: 0.01072808184654884 seconds
Avg sample train. time: 0.0014198931855726408 seconds
Epoch 18 Training Summary: epoch: 18.000000 | loss: 0.910755 | 
Epoch runtime: 0.0 hours, 0.0 minutes, 0.09511685371398926 seconds

Avg epoch train. time: 0.0 hours, 0.0 minutes, 0.09647296534644233 seconds
Avg batch train. time: 0.010719218371826926 seconds
Avg sample train. time: 0.001418720078624152 seconds
Evaluating on validation set ...
Validation runtime: 0.0 hours, 0.0 minutes, 0.0060307979583740234 seconds

Avg val. time: 0.0 hours, 0.0 minutes, 0.026714303276755592 seconds
Avg batch val. time: 0.026714303276755592 seconds
Avg sample val. time: 0.003339287909594449 seconds
Epoch 18 Validation Summary: epoch: 18.000000 | loss: 2.686350 | accuracy: 0.000000 | precision: 0.000000 | 
Epoch 19 Training Summary: epoch: 19.000000 | loss: 0.811888 | 
Epoch runtime: 0.0 hours, 0.0 minutes, 0.09006834030151367 seconds

Avg epoch train. time: 0.0 hours, 0.0 minutes, 0.09613587981776188 seconds
Avg batch train. time: 0.010681764424195765 seconds
Avg sample train. time: 0.0014137629384964982 seconds
Epoch 20 Training Summary: epoch: 20.000000 | loss: 0.806921 | 
Epoch runtime: 0.0 hours, 0.0 minutes, 0.08976078033447266 seconds

Avg epoch train. time: 0.0 hours, 0.0 minutes, 0.09581712484359742 seconds
Avg batch train. time: 0.010646347204844158 seconds
Avg sample train. time: 0.001409075365347021 seconds
Evaluating on validation set ...
Validation runtime: 0.0 hours, 0.0 minutes, 0.0064678192138671875 seconds

Avg val. time: 0.0 hours, 0.0 minutes, 0.025027096271514893 seconds
Avg batch val. time: 0.025027096271514893 seconds
Avg sample val. time: 0.0031283870339393616 seconds
Epoch 20 Validation Summary: epoch: 20.000000 | loss: 2.636090 | accuracy: 0.125000 | precision: 0.166667 | 
Epoch 21 Training Summary: epoch: 21.000000 | loss: 0.784695 | 
Epoch runtime: 0.0 hours, 0.0 minutes, 0.08568048477172852 seconds

Avg epoch train. time: 0.0 hours, 0.0 minutes, 0.09533442769731794 seconds
Avg batch train. time: 0.010592714188590882 seconds
Avg sample train. time: 0.0014019768779017345 seconds
Epoch 22 Training Summary: epoch: 22.000000 | loss: 0.756962 | 
Epoch runtime: 0.0 hours, 0.0 minutes, 0.0879511833190918 seconds

Avg epoch train. time: 0.0 hours, 0.0 minutes, 0.09499882568012584 seconds
Avg batch train. time: 0.010555425075569537 seconds
Avg sample train. time: 0.0013970415541194976 seconds
Evaluating on validation set ...
Validation runtime: 0.0 hours, 0.0 minutes, 0.0073087215423583984 seconds

Avg val. time: 0.0 hours, 0.0 minutes, 0.023664144369272087 seconds
Avg batch val. time: 0.023664144369272087 seconds
Avg sample val. time: 0.002958018046159011 seconds
Epoch 22 Validation Summary: epoch: 22.000000 | loss: 2.944712 | accuracy: 0.000000 | precision: 0.000000 | 
Epoch 23 Training Summary: epoch: 23.000000 | loss: 0.736810 | 
Epoch runtime: 0.0 hours, 0.0 minutes, 0.09332394599914551 seconds

Avg epoch train. time: 0.0 hours, 0.0 minutes, 0.09492600482443105 seconds
Avg batch train. time: 0.010547333869381227 seconds
Avg sample train. time: 0.0013959706591828095 seconds
Epoch 24 Training Summary: epoch: 24.000000 | loss: 0.644734 | 
Epoch runtime: 0.0 hours, 0.0 minutes, 0.08621716499328613 seconds

Avg epoch train. time: 0.0 hours, 0.0 minutes, 0.09456313649813335 seconds
Avg batch train. time: 0.010507015166459261 seconds
Avg sample train. time: 0.001390634360266667 seconds
Evaluating on validation set ...
Validation runtime: 0.0 hours, 0.0 minutes, 0.007772922515869141 seconds

Avg val. time: 0.0 hours, 0.0 minutes, 0.02252905709402902 seconds
Avg batch val. time: 0.02252905709402902 seconds
Avg sample val. time: 0.0028161321367536274 seconds
Epoch 24 Validation Summary: epoch: 24.000000 | loss: 2.883861 | accuracy: 0.000000 | precision: 0.000000 | 
Epoch 25 Training Summary: epoch: 25.000000 | loss: 0.596882 | 
Epoch runtime: 0.0 hours, 0.0 minutes, 0.08703041076660156 seconds

Avg epoch train. time: 0.0 hours, 0.0 minutes, 0.09426182746887207 seconds
Avg batch train. time: 0.01047353638543023 seconds
Avg sample train. time: 0.0013862033451304716 seconds
Epoch 26 Training Summary: epoch: 26.000000 | loss: 0.557205 | 
Epoch runtime: 0.0 hours, 0.0 minutes, 0.0904843807220459 seconds

Avg epoch train. time: 0.0 hours, 0.0 minutes, 0.0941165410555326 seconds
Avg batch train. time: 0.010457393450614734 seconds
Avg sample train. time: 0.0013840667802284207 seconds
Evaluating on validation set ...
Validation runtime: 0.0 hours, 0.0 minutes, 0.006571292877197266 seconds

Avg val. time: 0.0 hours, 0.0 minutes, 0.021465206146240236 seconds
Avg batch val. time: 0.021465206146240236 seconds
Avg sample val. time: 0.0026831507682800295 seconds
Epoch 26 Validation Summary: epoch: 26.000000 | loss: 3.241685 | accuracy: 0.000000 | precision: 0.000000 | 
Epoch 27 Training Summary: epoch: 27.000000 | loss: 0.532534 | 
Epoch runtime: 0.0 hours, 0.0 minutes, 0.08894467353820801 seconds

Avg epoch train. time: 0.0 hours, 0.0 minutes, 0.0939249904067428 seconds
Avg batch train. time: 0.010436110045193646 seconds
Avg sample train. time: 0.0013812498589226884 seconds
Epoch 28 Training Summary: epoch: 28.000000 | loss: 0.479494 | 
Epoch runtime: 0.0 hours, 0.0 minutes, 0.08891534805297852 seconds

Avg epoch train. time: 0.0 hours, 0.0 minutes, 0.09374607460839408 seconds
Avg batch train. time: 0.010416230512043788 seconds
Avg sample train. time: 0.0013786187442410894 seconds
Evaluating on validation set ...
Validation runtime: 0.0 hours, 0.0 minutes, 0.006525993347167969 seconds

Avg val. time: 0.0 hours, 0.0 minutes, 0.020531505346298218 seconds
Avg batch val. time: 0.020531505346298218 seconds
Avg sample val. time: 0.0025664381682872772 seconds
Epoch 28 Validation Summary: epoch: 28.000000 | loss: 3.180762 | accuracy: 0.125000 | precision: 0.250000 | 
Epoch 29 Training Summary: epoch: 29.000000 | loss: 0.460434 | 
Epoch runtime: 0.0 hours, 0.0 minutes, 0.08818507194519043 seconds

Avg epoch train. time: 0.0 hours, 0.0 minutes, 0.09355431589586981 seconds
Avg batch train. time: 0.010394923988429979 seconds
Avg sample train. time: 0.001375798763174556 seconds
Epoch 30 Training Summary: epoch: 30.000000 | loss: 0.433223 | 
Epoch runtime: 0.0 hours, 0.0 minutes, 0.09555912017822266 seconds

Avg epoch train. time: 0.0 hours, 0.0 minutes, 0.09362114270528157 seconds
Avg batch train. time: 0.01040234918947573 seconds
Avg sample train. time: 0.001376781510371788 seconds
Evaluating on validation set ...
Validation runtime: 0.0 hours, 0.0 minutes, 0.007098674774169922 seconds

Avg val. time: 0.0 hours, 0.0 minutes, 0.019741338842055377 seconds
Avg batch val. time: 0.019741338842055377 seconds
Avg sample val. time: 0.002467667355256922 seconds
Epoch 30 Validation Summary: epoch: 30.000000 | loss: 3.322657 | accuracy: 0.125000 | precision: 0.285714 | 
Epoch 31 Training Summary: epoch: 31.000000 | loss: 0.407935 | 
Epoch runtime: 0.0 hours, 0.0 minutes, 0.09739184379577637 seconds

Avg epoch train. time: 0.0 hours, 0.0 minutes, 0.09374277822432979 seconds
Avg batch train. time: 0.010415864247147754 seconds
Avg sample train. time: 0.0013785702680048498 seconds
Epoch 32 Training Summary: epoch: 32.000000 | loss: 0.356623 | 
Epoch runtime: 0.0 hours, 0.0 minutes, 0.09074854850769043 seconds

Avg epoch train. time: 0.0 hours, 0.0 minutes, 0.09364920854568481 seconds
Avg batch train. time: 0.010405467616187202 seconds
Avg sample train. time: 0.0013771942433188943 seconds
Evaluating on validation set ...
Validation runtime: 0.0 hours, 0.0 minutes, 0.006583452224731445 seconds

Avg val. time: 0.0 hours, 0.0 minutes, 0.019010345141092937 seconds
Avg batch val. time: 0.019010345141092937 seconds
Avg sample val. time: 0.002376293142636617 seconds
Epoch 32 Validation Summary: epoch: 32.000000 | loss: 3.657193 | accuracy: 0.125000 | precision: 0.250000 | 
Epoch 33 Training Summary: epoch: 33.000000 | loss: 0.351448 | 
Epoch runtime: 0.0 hours, 0.0 minutes, 0.09688162803649902 seconds

Avg epoch train. time: 0.0 hours, 0.0 minutes, 0.09374716065146706 seconds
Avg batch train. time: 0.01041635118349634 seconds
Avg sample train. time: 0.0013786347154627508 seconds
Epoch 34 Training Summary: epoch: 34.000000 | loss: 0.303155 | 
Epoch runtime: 0.0 hours, 0.0 minutes, 0.08896565437316895 seconds

Avg epoch train. time: 0.0 hours, 0.0 minutes, 0.09360652811387006 seconds
Avg batch train. time: 0.010400725345985563 seconds
Avg sample train. time: 0.001376566589909854 seconds
Evaluating on validation set ...
Validation runtime: 0.0 hours, 0.0 minutes, 0.006936311721801758 seconds

Avg val. time: 0.0 hours, 0.0 minutes, 0.01837486969797235 seconds
Avg batch val. time: 0.01837486969797235 seconds
Avg sample val. time: 0.0022968587122465436 seconds
Epoch 34 Validation Summary: epoch: 34.000000 | loss: 3.775294 | accuracy: 0.000000 | precision: 0.000000 | 
Epoch 35 Training Summary: epoch: 35.000000 | loss: 0.289208 | 
Epoch runtime: 0.0 hours, 0.0 minutes, 0.09417033195495605 seconds

Avg epoch train. time: 0.0 hours, 0.0 minutes, 0.09362263679504394 seconds
Avg batch train. time: 0.010402515199449326 seconds
Avg sample train. time: 0.001376803482280058 seconds
Epoch 36 Training Summary: epoch: 36.000000 | loss: 0.283820 | 
Epoch runtime: 0.0 hours, 0.0 minutes, 0.08563017845153809 seconds

Avg epoch train. time: 0.0 hours, 0.0 minutes, 0.0934006240632799 seconds
Avg batch train. time: 0.01037784711814221 seconds
Avg sample train. time: 0.001373538589165881 seconds
Evaluating on validation set ...
Validation runtime: 0.0 hours, 0.0 minutes, 0.006254911422729492 seconds

Avg val. time: 0.0 hours, 0.0 minutes, 0.017768871784210206 seconds
Avg batch val. time: 0.017768871784210206 seconds
Avg sample val. time: 0.0022211089730262757 seconds
Epoch 36 Validation Summary: epoch: 36.000000 | loss: 3.792673 | accuracy: 0.125000 | precision: 0.111111 | 
Epoch 37 Training Summary: epoch: 37.000000 | loss: 0.263383 | 
Epoch runtime: 0.0 hours, 0.0 minutes, 0.0885469913482666 seconds

Avg epoch train. time: 0.0 hours, 0.0 minutes, 0.09326944480071196 seconds
Avg batch train. time: 0.010363271644523551 seconds
Avg sample train. time: 0.0013716094823634111 seconds
Epoch 38 Training Summary: epoch: 38.000000 | loss: 0.230510 | 
Epoch runtime: 0.0 hours, 0.0 minutes, 0.09308791160583496 seconds

Avg epoch train. time: 0.0 hours, 0.0 minutes, 0.0932646676113731 seconds
Avg batch train. time: 0.010362740845708122 seconds
Avg sample train. time: 0.0013715392295790161 seconds
Evaluating on validation set ...
Validation runtime: 0.0 hours, 0.0 minutes, 0.006865501403808594 seconds

Avg val. time: 0.0 hours, 0.0 minutes, 0.017249663670857746 seconds
Avg batch val. time: 0.017249663670857746 seconds
Avg sample val. time: 0.0021562079588572183 seconds
Epoch 38 Validation Summary: epoch: 38.000000 | loss: 4.724545 | accuracy: 0.000000 | precision: 0.000000 | 
Epoch 39 Training Summary: epoch: 39.000000 | loss: 0.232519 | 
Epoch runtime: 0.0 hours, 0.0 minutes, 0.09378576278686523 seconds

Avg epoch train. time: 0.0 hours, 0.0 minutes, 0.0932780290261293 seconds
Avg batch train. time: 0.0103642254473477 seconds
Avg sample train. time: 0.0013717357209724898 seconds
Epoch 40 Training Summary: epoch: 40.000000 | loss: 0.296410 | 
Epoch runtime: 0.0 hours, 0.0 minutes, 0.09142208099365234 seconds

Avg epoch train. time: 0.0 hours, 0.0 minutes, 0.09323163032531738 seconds
Avg batch train. time: 0.010359070036146376 seconds
Avg sample train. time: 0.0013710533871370203 seconds
Evaluating on validation set ...
Validation runtime: 0.0 hours, 0.0 minutes, 0.006734609603881836 seconds

Avg val. time: 0.0 hours, 0.0 minutes, 0.01677170666781339 seconds
Avg batch val. time: 0.01677170666781339 seconds
Avg sample val. time: 0.0020964633334766736 seconds
Epoch 40 Validation Summary: epoch: 40.000000 | loss: 4.387557 | accuracy: 0.125000 | precision: 0.333333 | 
Best accuracy was 0.25. Other metrics: OrderedDict([('epoch', 6), ('loss', 1.8055357933044434), ('accuracy', 0.25), ('precision', 0.3125)])
All Done!
Total runtime: 0.0 hours, 0.0 minutes, 6.603704929351807 seconds

