Running:
src/main_crosssetting.py --output_dir experiments --target_user ZeyuZoom --user_othersetting Zeyu --comment classification from Scratch --name VRS_fromScratch --records_file VRS_records.xls --data_dir /mnt/d/OneDrive - Southern Methodist University/Phone_Privacy/input_feature/all_processpos_norm_downsample_480p_s22 --test_data_dir /mnt/d/OneDrive - Southern Methodist University/Phone_Privacy/input_feature/all_processpos_norm_downsample_480p_s22 --data_class vrs --val_ratio 0.1 --epochs 40 --lr 0.001 --dropout 0.2 --batch_size 8 --num_layers 3 --num_heads 4 --optimizer RAdam --pos_encoding learnable --task classification --normalization none --key_metric accuracy

Using device: cuda
Loading and preprocessing data ...
67 samples may be used for training
8 samples will be used for validation
0 samples will be used for testing
Creating model ...
Model:
TSTransformerEncoderClassiregressor(
  (project_inp): Linear(in_features=39, out_features=64, bias=True)
  (pos_enc): LearnablePositionalEncoding(
    (dropout): Dropout(p=0.2, inplace=False)
  )
  (transformer_encoder): TransformerEncoder(
    (layers): ModuleList(
      (0-2): 3 x TransformerBatchNormEncoderLayer(
        (self_attn): MultiheadAttention(
          (out_proj): NonDynamicallyQuantizableLinear(in_features=64, out_features=64, bias=True)
        )
        (linear1): Linear(in_features=64, out_features=256, bias=True)
        (dropout): Dropout(p=0.2, inplace=False)
        (linear2): Linear(in_features=256, out_features=64, bias=True)
        (norm1): BatchNorm1d(64, eps=1e-05, momentum=0.1, affine=True, track_running_stats=True)
        (norm2): BatchNorm1d(64, eps=1e-05, momentum=0.1, affine=True, track_running_stats=True)
        (dropout1): Dropout(p=0.2, inplace=False)
        (dropout2): Dropout(p=0.2, inplace=False)
      )
    )
  )
  (dropout1): Dropout(p=0.2, inplace=False)
  (output_layer): Linear(in_features=5120, out_features=5, bias=True)
)
Total number of parameters: 183237
Trainable parameters: 183237
Evaluating on validation set ...
Validation runtime: 0.0 hours, 0.0 minutes, 0.24139881134033203 seconds

Avg val. time: 0.0 hours, 0.0 minutes, 0.24139881134033203 seconds
Avg batch val. time: 0.24139881134033203 seconds
Avg sample val. time: 0.030174851417541504 seconds
Epoch 0 Validation Summary: epoch: 0.000000 | loss: 3.267540 | accuracy: 0.250000 | precision: 0.250000 | 
Starting training...
Epoch 1 Training Summary: epoch: 1.000000 | loss: 1.644679 | 
Epoch runtime: 0.0 hours, 0.0 minutes, 0.2165968418121338 seconds

Avg epoch train. time: 0.0 hours, 0.0 minutes, 0.2165968418121338 seconds
Avg batch train. time: 0.024066315756903753 seconds
Avg sample train. time: 0.003232788683763191 seconds
Evaluating on validation set ...
Validation runtime: 0.0 hours, 0.0 minutes, 0.006672382354736328 seconds

Avg val. time: 0.0 hours, 0.0 minutes, 0.12403559684753418 seconds
Avg batch val. time: 0.12403559684753418 seconds
Avg sample val. time: 0.015504449605941772 seconds
Epoch 1 Validation Summary: epoch: 1.000000 | loss: 1.714161 | accuracy: 0.125000 | precision: 0.125000 | 
Epoch 2 Training Summary: epoch: 2.000000 | loss: 1.659895 | 
Epoch runtime: 0.0 hours, 0.0 minutes, 0.09052896499633789 seconds

Avg epoch train. time: 0.0 hours, 0.0 minutes, 0.15356290340423584 seconds
Avg batch train. time: 0.01706254482269287 seconds
Avg sample train. time: 0.0022919836328990422 seconds
Evaluating on validation set ...
Validation runtime: 0.0 hours, 0.0 minutes, 0.00647282600402832 seconds

Avg val. time: 0.0 hours, 0.0 minutes, 0.08484800656636556 seconds
Avg batch val. time: 0.08484800656636556 seconds
Avg sample val. time: 0.010606000820795694 seconds
Epoch 2 Validation Summary: epoch: 2.000000 | loss: 1.650311 | accuracy: 0.125000 | precision: 0.125000 | 
Epoch 3 Training Summary: epoch: 3.000000 | loss: 1.717091 | 
Epoch runtime: 0.0 hours, 0.0 minutes, 0.08648562431335449 seconds

Avg epoch train. time: 0.0 hours, 0.0 minutes, 0.13120381037394205 seconds
Avg batch train. time: 0.014578201152660227 seconds
Avg sample train. time: 0.001958265826476747 seconds
Epoch 4 Training Summary: epoch: 4.000000 | loss: 1.618565 | 
Epoch runtime: 0.0 hours, 0.0 minutes, 0.08748364448547363 seconds

Avg epoch train. time: 0.0 hours, 0.0 minutes, 0.12027376890182495 seconds
Avg batch train. time: 0.013363752100202773 seconds
Avg sample train. time: 0.0017951308791317156 seconds
Evaluating on validation set ...
Validation runtime: 0.0 hours, 0.0 minutes, 0.006903409957885742 seconds

Avg val. time: 0.0 hours, 0.0 minutes, 0.0653618574142456 seconds
Avg batch val. time: 0.0653618574142456 seconds
Avg sample val. time: 0.0081702321767807 seconds
Epoch 4 Validation Summary: epoch: 4.000000 | loss: 1.621761 | accuracy: 0.125000 | precision: 0.050000 | 
Epoch 5 Training Summary: epoch: 5.000000 | loss: 1.648767 | 
Epoch runtime: 0.0 hours, 0.0 minutes, 0.08336687088012695 seconds

Avg epoch train. time: 0.0 hours, 0.0 minutes, 0.11289238929748535 seconds
Avg batch train. time: 0.012543598810831705 seconds
Avg sample train. time: 0.001684961034290826 seconds
Epoch 6 Training Summary: epoch: 6.000000 | loss: 1.716903 | 
Epoch runtime: 0.0 hours, 0.0 minutes, 0.0873260498046875 seconds

Avg epoch train. time: 0.0 hours, 0.0 minutes, 0.10863133271535237 seconds
Avg batch train. time: 0.012070148079483596 seconds
Avg sample train. time: 0.0016213631748560056 seconds
Evaluating on validation set ...
Validation runtime: 0.0 hours, 0.0 minutes, 0.00635981559753418 seconds

Avg val. time: 0.0 hours, 0.0 minutes, 0.05356144905090332 seconds
Avg batch val. time: 0.05356144905090332 seconds
Avg sample val. time: 0.006695181131362915 seconds
Epoch 6 Validation Summary: epoch: 6.000000 | loss: 1.606491 | accuracy: 0.125000 | precision: 0.125000 | 
Epoch 7 Training Summary: epoch: 7.000000 | loss: 1.600239 | 
Epoch runtime: 0.0 hours, 0.0 minutes, 0.08420991897583008 seconds

Avg epoch train. time: 0.0 hours, 0.0 minutes, 0.10514255932399205 seconds
Avg batch train. time: 0.011682506591554672 seconds
Avg sample train. time: 0.0015692919302088366 seconds
Epoch 8 Training Summary: epoch: 8.000000 | loss: 1.592872 | 
Epoch runtime: 0.0 hours, 0.0 minutes, 0.0857996940612793 seconds

Avg epoch train. time: 0.0 hours, 0.0 minutes, 0.10272470116615295 seconds
Avg batch train. time: 0.011413855685128106 seconds
Avg sample train. time: 0.0015332044950172082 seconds
Evaluating on validation set ...
Validation runtime: 0.0 hours, 0.0 minutes, 0.005908966064453125 seconds

Avg val. time: 0.0 hours, 0.0 minutes, 0.04561936855316162 seconds
Avg batch val. time: 0.04561936855316162 seconds
Avg sample val. time: 0.005702421069145203 seconds
Epoch 8 Validation Summary: epoch: 8.000000 | loss: 1.584596 | accuracy: 0.125000 | precision: 0.062500 | 
Epoch 9 Training Summary: epoch: 9.000000 | loss: 1.579262 | 
Epoch runtime: 0.0 hours, 0.0 minutes, 0.08420872688293457 seconds

Avg epoch train. time: 0.0 hours, 0.0 minutes, 0.1006673706902398 seconds
Avg batch train. time: 0.011185263410026645 seconds
Avg sample train. time: 0.0015024980700035792 seconds
Epoch 10 Training Summary: epoch: 10.000000 | loss: 1.532661 | 
Epoch runtime: 0.0 hours, 0.0 minutes, 0.08693766593933105 seconds

Avg epoch train. time: 0.0 hours, 0.0 minutes, 0.09929440021514893 seconds
Avg batch train. time: 0.011032711135016547 seconds
Avg sample train. time: 0.0014820059733604317 seconds
Evaluating on validation set ...
Validation runtime: 0.0 hours, 0.0 minutes, 0.007230520248413086 seconds

Avg val. time: 0.0 hours, 0.0 minutes, 0.040135247366768975 seconds
Avg batch val. time: 0.040135247366768975 seconds
Avg sample val. time: 0.005016905920846122 seconds
Epoch 10 Validation Summary: epoch: 10.000000 | loss: 1.545820 | accuracy: 0.250000 | precision: 0.333333 | 
Epoch 11 Training Summary: epoch: 11.000000 | loss: 1.496162 | 
Epoch runtime: 0.0 hours, 0.0 minutes, 0.08715248107910156 seconds

Avg epoch train. time: 0.0 hours, 0.0 minutes, 0.09819058938459917 seconds
Avg batch train. time: 0.010910065487177685 seconds
Avg sample train. time: 0.0014655311848447636 seconds
Epoch 12 Training Summary: epoch: 12.000000 | loss: 1.463234 | 
Epoch runtime: 0.0 hours, 0.0 minutes, 0.08652400970458984 seconds

Avg epoch train. time: 0.0 hours, 0.0 minutes, 0.09721837441126506 seconds
Avg batch train. time: 0.010802041601251674 seconds
Avg sample train. time: 0.0014510205136009711 seconds
Evaluating on validation set ...
Validation runtime: 0.0 hours, 0.0 minutes, 0.006010293960571289 seconds

Avg val. time: 0.0 hours, 0.0 minutes, 0.03586962819099426 seconds
Avg batch val. time: 0.03586962819099426 seconds
Avg sample val. time: 0.004483703523874283 seconds
Epoch 12 Validation Summary: epoch: 12.000000 | loss: 1.512411 | accuracy: 0.375000 | precision: 0.444444 | 
Epoch 13 Training Summary: epoch: 13.000000 | loss: 1.390941 | 
Epoch runtime: 0.0 hours, 0.0 minutes, 0.09365677833557129 seconds

Avg epoch train. time: 0.0 hours, 0.0 minutes, 0.09694440548236553 seconds
Avg batch train. time: 0.010771600609151727 seconds
Avg sample train. time: 0.0014469314251099334 seconds
Epoch 14 Training Summary: epoch: 14.000000 | loss: 1.418616 | 
Epoch runtime: 0.0 hours, 0.0 minutes, 0.09115934371948242 seconds

Avg epoch train. time: 0.0 hours, 0.0 minutes, 0.09653118678501674 seconds
Avg batch train. time: 0.010725687420557415 seconds
Avg sample train. time: 0.0014407639818659215 seconds
Evaluating on validation set ...
Validation runtime: 0.0 hours, 0.0 minutes, 0.006392478942871094 seconds

Avg val. time: 0.0 hours, 0.0 minutes, 0.032594389385647245 seconds
Avg batch val. time: 0.032594389385647245 seconds
Avg sample val. time: 0.004074298673205906 seconds
Epoch 14 Validation Summary: epoch: 14.000000 | loss: 1.483688 | accuracy: 0.375000 | precision: 0.444444 | 
Epoch 15 Training Summary: epoch: 15.000000 | loss: 1.324304 | 
Epoch runtime: 0.0 hours, 0.0 minutes, 0.08627676963806152 seconds

Avg epoch train. time: 0.0 hours, 0.0 minutes, 0.09584755897521972 seconds
Avg batch train. time: 0.010649728775024413 seconds
Avg sample train. time: 0.0014305605817196974 seconds
Epoch 16 Training Summary: epoch: 16.000000 | loss: 1.360460 | 
Epoch runtime: 0.0 hours, 0.0 minutes, 0.08837509155273438 seconds

Avg epoch train. time: 0.0 hours, 0.0 minutes, 0.09538052976131439 seconds
Avg batch train. time: 0.010597836640146043 seconds
Avg sample train. time: 0.0014235899964375283 seconds
Evaluating on validation set ...
Validation runtime: 0.0 hours, 0.0 minutes, 0.00687098503112793 seconds

Avg val. time: 0.0 hours, 0.0 minutes, 0.030022048950195314 seconds
Avg batch val. time: 0.030022048950195314 seconds
Avg sample val. time: 0.0037527561187744142 seconds
Epoch 16 Validation Summary: epoch: 16.000000 | loss: 1.405264 | accuracy: 0.500000 | precision: 0.523810 | 
Epoch 17 Training Summary: epoch: 17.000000 | loss: 1.327373 | 
Epoch runtime: 0.0 hours, 0.0 minutes, 0.0887906551361084 seconds

Avg epoch train. time: 0.0 hours, 0.0 minutes, 0.09499289007747874 seconds
Avg batch train. time: 0.010554765564164304 seconds
Avg sample train. time: 0.001417804329514608 seconds
Epoch 18 Training Summary: epoch: 18.000000 | loss: 1.227419 | 
Epoch runtime: 0.0 hours, 0.0 minutes, 0.09347295761108398 seconds

Avg epoch train. time: 0.0 hours, 0.0 minutes, 0.09490844938490126 seconds
Avg batch train. time: 0.01054538326498903 seconds
Avg sample train. time: 0.001416544020670168 seconds
Evaluating on validation set ...
Validation runtime: 0.0 hours, 0.0 minutes, 0.006865978240966797 seconds

Avg val. time: 0.0 hours, 0.0 minutes, 0.02791695161299272 seconds
Avg batch val. time: 0.02791695161299272 seconds
Avg sample val. time: 0.00348961895162409 seconds
Epoch 18 Validation Summary: epoch: 18.000000 | loss: 1.360384 | accuracy: 0.500000 | precision: 0.523810 | 
Epoch 19 Training Summary: epoch: 19.000000 | loss: 1.239109 | 
Epoch runtime: 0.0 hours, 0.0 minutes, 0.11252641677856445 seconds

Avg epoch train. time: 0.0 hours, 0.0 minutes, 0.09583571082667301 seconds
Avg batch train. time: 0.01064841231407478 seconds
Avg sample train. time: 0.0014303837436816867 seconds
Epoch 20 Training Summary: epoch: 20.000000 | loss: 1.149680 | 
Epoch runtime: 0.0 hours, 0.0 minutes, 0.09473347663879395 seconds

Avg epoch train. time: 0.0 hours, 0.0 minutes, 0.09578059911727906 seconds
Avg batch train. time: 0.010642288790808785 seconds
Avg sample train. time: 0.0014295611808549113 seconds
Evaluating on validation set ...
Validation runtime: 0.0 hours, 0.0 minutes, 0.0074825286865234375 seconds

Avg val. time: 0.0 hours, 0.0 minutes, 0.026214083035786945 seconds
Avg batch val. time: 0.026214083035786945 seconds
Avg sample val. time: 0.003276760379473368 seconds
Epoch 20 Validation Summary: epoch: 20.000000 | loss: 1.301952 | accuracy: 0.625000 | precision: 0.666667 | 
Epoch 21 Training Summary: epoch: 21.000000 | loss: 1.008350 | 
Epoch runtime: 0.0 hours, 0.0 minutes, 0.09629678726196289 seconds

Avg epoch train. time: 0.0 hours, 0.0 minutes, 0.09580517950512114 seconds
Avg batch train. time: 0.01064501994501346 seconds
Avg sample train. time: 0.001429928052315241 seconds
Epoch 22 Training Summary: epoch: 22.000000 | loss: 0.939540 | 
Epoch runtime: 0.0 hours, 0.0 minutes, 0.0926063060760498 seconds

Avg epoch train. time: 0.0 hours, 0.0 minutes, 0.09565977616743608 seconds
Avg batch train. time: 0.010628864018604009 seconds
Avg sample train. time: 0.0014277578532453147 seconds
Evaluating on validation set ...
Validation runtime: 0.0 hours, 0.0 minutes, 0.006968259811401367 seconds

Avg val. time: 0.0 hours, 0.0 minutes, 0.024733635095449593 seconds
Avg batch val. time: 0.024733635095449593 seconds
Avg sample val. time: 0.003091704386931199 seconds
Epoch 22 Validation Summary: epoch: 22.000000 | loss: 1.251371 | accuracy: 0.625000 | precision: 0.583333 | 
Epoch 23 Training Summary: epoch: 23.000000 | loss: 0.939868 | 
Epoch runtime: 0.0 hours, 0.0 minutes, 0.09385895729064941 seconds

Avg epoch train. time: 0.0 hours, 0.0 minutes, 0.09558147969453232 seconds
Avg batch train. time: 0.01062016441050359 seconds
Avg sample train. time: 0.0014265892491721241 seconds
Epoch 24 Training Summary: epoch: 24.000000 | loss: 0.750043 | 
Epoch runtime: 0.0 hours, 0.0 minutes, 0.08923816680908203 seconds

Avg epoch train. time: 0.0 hours, 0.0 minutes, 0.09531717499097188 seconds
Avg batch train. time: 0.010590797221219098 seconds
Avg sample train. time: 0.0014226444028503265 seconds
Evaluating on validation set ...
Validation runtime: 0.0 hours, 0.0 minutes, 0.0071032047271728516 seconds

Avg val. time: 0.0 hours, 0.0 minutes, 0.023474318640572683 seconds
Avg batch val. time: 0.023474318640572683 seconds
Avg sample val. time: 0.0029342898300715853 seconds
Epoch 24 Validation Summary: epoch: 24.000000 | loss: 1.249896 | accuracy: 0.375000 | precision: 0.305556 | 
Epoch 25 Training Summary: epoch: 25.000000 | loss: 0.817852 | 
Epoch runtime: 0.0 hours, 0.0 minutes, 0.11383652687072754 seconds

Avg epoch train. time: 0.0 hours, 0.0 minutes, 0.09605794906616211 seconds
Avg batch train. time: 0.01067310545179579 seconds
Avg sample train. time: 0.0014337007323307778 seconds
Epoch 26 Training Summary: epoch: 26.000000 | loss: 0.731615 | 
Epoch runtime: 0.0 hours, 0.0 minutes, 0.08936190605163574 seconds

Avg epoch train. time: 0.0 hours, 0.0 minutes, 0.09580040895021878 seconds
Avg batch train. time: 0.010644489883357642 seconds
Avg sample train. time: 0.0014298568500032654 seconds
Evaluating on validation set ...
Validation runtime: 0.0 hours, 0.0 minutes, 0.0070683956146240234 seconds

Avg val. time: 0.0 hours, 0.0 minutes, 0.022380590438842773 seconds
Avg batch val. time: 0.022380590438842773 seconds
Avg sample val. time: 0.0027975738048553467 seconds
Epoch 26 Validation Summary: epoch: 26.000000 | loss: 1.335649 | accuracy: 0.625000 | precision: 0.583333 | 
Epoch 27 Training Summary: epoch: 27.000000 | loss: 0.761248 | 
Epoch runtime: 0.0 hours, 0.0 minutes, 0.09649348258972168 seconds

Avg epoch train. time: 0.0 hours, 0.0 minutes, 0.09582607834427445 seconds
Avg batch train. time: 0.010647342038252718 seconds
Avg sample train. time: 0.0014302399752876783 seconds
Epoch 28 Training Summary: epoch: 28.000000 | loss: 0.657720 | 
Epoch runtime: 0.0 hours, 0.0 minutes, 0.09275603294372559 seconds

Avg epoch train. time: 0.0 hours, 0.0 minutes, 0.09571643386568342 seconds
Avg batch train. time: 0.01063515931840927 seconds
Avg sample train. time: 0.0014286034905325884 seconds
Evaluating on validation set ...
Validation runtime: 0.0 hours, 0.0 minutes, 0.007051944732666016 seconds

Avg val. time: 0.0 hours, 0.0 minutes, 0.021422550082206726 seconds
Avg batch val. time: 0.021422550082206726 seconds
Avg sample val. time: 0.0026778187602758408 seconds
Epoch 28 Validation Summary: epoch: 28.000000 | loss: 1.354365 | accuracy: 0.625000 | precision: 0.583333 | 
Epoch 29 Training Summary: epoch: 29.000000 | loss: 0.621117 | 
Epoch runtime: 0.0 hours, 0.0 minutes, 0.08957290649414062 seconds

Avg epoch train. time: 0.0 hours, 0.0 minutes, 0.09550458809425091 seconds
Avg batch train. time: 0.010611620899361213 seconds
Avg sample train. time: 0.0014254416133470285 seconds
Epoch 30 Training Summary: epoch: 30.000000 | loss: 0.633800 | 
Epoch runtime: 0.0 hours, 0.0 minutes, 0.0914757251739502 seconds

Avg epoch train. time: 0.0 hours, 0.0 minutes, 0.09537029266357422 seconds
Avg batch train. time: 0.01059669918484158 seconds
Avg sample train. time: 0.0014234372039339436 seconds
Evaluating on validation set ...
Validation runtime: 0.0 hours, 0.0 minutes, 0.007965803146362305 seconds

Avg val. time: 0.0 hours, 0.0 minutes, 0.020630976733039406 seconds
Avg batch val. time: 0.020630976733039406 seconds
Avg sample val. time: 0.0025788720916299257 seconds
Epoch 30 Validation Summary: epoch: 30.000000 | loss: 1.534747 | accuracy: 0.375000 | precision: 0.400000 | 
Epoch 31 Training Summary: epoch: 31.000000 | loss: 0.603950 | 
Epoch runtime: 0.0 hours, 0.0 minutes, 0.09181523323059082 seconds

Avg epoch train. time: 0.0 hours, 0.0 minutes, 0.09525561332702637 seconds
Avg batch train. time: 0.010583957036336264 seconds
Avg sample train. time: 0.0014217255720451697 seconds
Epoch 32 Training Summary: epoch: 32.000000 | loss: 0.516172 | 
Epoch runtime: 0.0 hours, 0.0 minutes, 0.10046148300170898 seconds

Avg epoch train. time: 0.0 hours, 0.0 minutes, 0.0954182967543602 seconds
Avg batch train. time: 0.010602032972706689 seconds
Avg sample train. time: 0.0014241536829008984 seconds
Evaluating on validation set ...
Validation runtime: 0.0 hours, 0.0 minutes, 0.0073926448822021484 seconds

Avg val. time: 0.0 hours, 0.0 minutes, 0.019895513852437336 seconds
Avg batch val. time: 0.019895513852437336 seconds
Avg sample val. time: 0.002486939231554667 seconds
Epoch 32 Validation Summary: epoch: 32.000000 | loss: 1.430808 | accuracy: 0.625000 | precision: 0.583333 | 
Epoch 33 Training Summary: epoch: 33.000000 | loss: 0.488276 | 
Epoch runtime: 0.0 hours, 0.0 minutes, 0.0999293327331543 seconds

Avg epoch train. time: 0.0 hours, 0.0 minutes, 0.09555499481432365 seconds
Avg batch train. time: 0.010617221646035962 seconds
Avg sample train. time: 0.001426193952452592 seconds
Epoch 34 Training Summary: epoch: 34.000000 | loss: 0.442714 | 
Epoch runtime: 0.0 hours, 0.0 minutes, 0.09660053253173828 seconds

Avg epoch train. time: 0.0 hours, 0.0 minutes, 0.09558574592365938 seconds
Avg batch train. time: 0.010620638435962153 seconds
Avg sample train. time: 0.0014266529242337221 seconds
Evaluating on validation set ...
Validation runtime: 0.0 hours, 0.0 minutes, 0.0077779293060302734 seconds

Avg val. time: 0.0 hours, 0.0 minutes, 0.019257746244731703 seconds
Avg batch val. time: 0.019257746244731703 seconds
Avg sample val. time: 0.002407218280591463 seconds
Epoch 34 Validation Summary: epoch: 34.000000 | loss: 1.452876 | accuracy: 0.625000 | precision: 0.583333 | 
Epoch 35 Training Summary: epoch: 35.000000 | loss: 0.418842 | 
Epoch runtime: 0.0 hours, 0.0 minutes, 0.08781266212463379 seconds

Avg epoch train. time: 0.0 hours, 0.0 minutes, 0.0953636578151158 seconds
Avg batch train. time: 0.010595961979457311 seconds
Avg sample train. time: 0.0014233381763450118 seconds
Epoch 36 Training Summary: epoch: 36.000000 | loss: 0.404472 | 
Epoch runtime: 0.0 hours, 0.0 minutes, 0.09777021408081055 seconds

Avg epoch train. time: 0.0 hours, 0.0 minutes, 0.09543050660027398 seconds
Avg batch train. time: 0.010603389622252664 seconds
Avg sample train. time: 0.0014243359194070744 seconds
Evaluating on validation set ...
Validation runtime: 0.0 hours, 0.0 minutes, 0.007015705108642578 seconds

Avg val. time: 0.0 hours, 0.0 minutes, 0.018645644187927246 seconds
Avg batch val. time: 0.018645644187927246 seconds
Avg sample val. time: 0.0023307055234909058 seconds
Epoch 36 Validation Summary: epoch: 36.000000 | loss: 1.577744 | accuracy: 0.625000 | precision: 0.562500 | 
Epoch 37 Training Summary: epoch: 37.000000 | loss: 0.361354 | 
Epoch runtime: 0.0 hours, 0.0 minutes, 0.09541058540344238 seconds

Avg epoch train. time: 0.0 hours, 0.0 minutes, 0.0954299681895488 seconds
Avg batch train. time: 0.010603329798838755 seconds
Avg sample train. time: 0.0014243278834261016 seconds
Epoch 38 Training Summary: epoch: 38.000000 | loss: 0.404701 | 
Epoch runtime: 0.0 hours, 0.0 minutes, 0.09665322303771973 seconds

Avg epoch train. time: 0.0 hours, 0.0 minutes, 0.09546215910660594 seconds
Avg batch train. time: 0.01060690656740066 seconds
Avg sample train. time: 0.0014248083448747154 seconds
Evaluating on validation set ...
Validation runtime: 0.0 hours, 0.0 minutes, 0.007301807403564453 seconds

Avg val. time: 0.0 hours, 0.0 minutes, 0.01810546148390997 seconds
Avg batch val. time: 0.01810546148390997 seconds
Avg sample val. time: 0.0022631826854887464 seconds
Epoch 38 Validation Summary: epoch: 38.000000 | loss: 1.625469 | accuracy: 0.500000 | precision: 0.523810 | 
Epoch 39 Training Summary: epoch: 39.000000 | loss: 0.280432 | 
Epoch runtime: 0.0 hours, 0.0 minutes, 0.0941307544708252 seconds

Avg epoch train. time: 0.0 hours, 0.0 minutes, 0.0954280205262013 seconds
Avg batch train. time: 0.010603113391800143 seconds
Avg sample train. time: 0.0014242988138238998 seconds
Epoch 40 Training Summary: epoch: 40.000000 | loss: 0.286706 | 
Epoch runtime: 0.0 hours, 0.0 minutes, 0.09305667877197266 seconds

Avg epoch train. time: 0.0 hours, 0.0 minutes, 0.09536873698234558 seconds
Avg batch train. time: 0.01059652633137173 seconds
Avg sample train. time: 0.001423413984811128 seconds
Evaluating on validation set ...
Validation runtime: 0.0 hours, 0.0 minutes, 0.007091522216796875 seconds

Avg val. time: 0.0 hours, 0.0 minutes, 0.017604827880859375 seconds
Avg batch val. time: 0.017604827880859375 seconds
Avg sample val. time: 0.002200603485107422 seconds
Epoch 40 Validation Summary: epoch: 40.000000 | loss: 1.645023 | accuracy: 0.500000 | precision: 0.523810 | 
Best accuracy was 0.625. Other metrics: OrderedDict([('epoch', 20), ('loss', 1.3019520044326782), ('accuracy', 0.625), ('precision', 0.6666666666666666)])
All Done!
Total runtime: 0.0 hours, 0.0 minutes, 7.069291114807129 seconds

