Running:
src/main_crosssetting.py --output_dir experiments --target_user Zeyu --user_othersetting ZeyuZoom --comment classification from Scratch --name VRS_fromScratch --records_file VRS_records.xls --data_dir /mnt/d/OneDrive - Southern Methodist University/Phone_Privacy/input_feature/all_processpos_norm_downsample_480p_s22 --test_data_dir /mnt/d/OneDrive - Southern Methodist University/Phone_Privacy/input_feature/all_processpos_norm_downsample_480p_s22 --data_class vrs --val_ratio 0.1 --epochs 40 --lr 0.001 --dropout 0.2 --batch_size 8 --num_layers 3 --num_heads 4 --optimizer RAdam --pos_encoding learnable --task classification --normalization none --key_metric accuracy

Using device: cuda
Loading and preprocessing data ...
1069 samples may be used for training
119 samples will be used for validation
0 samples will be used for testing
Creating model ...
Model:
TSTransformerEncoderClassiregressor(
  (project_inp): Linear(in_features=39, out_features=64, bias=True)
  (pos_enc): LearnablePositionalEncoding(
    (dropout): Dropout(p=0.2, inplace=False)
  )
  (transformer_encoder): TransformerEncoder(
    (layers): ModuleList(
      (0-2): 3 x TransformerBatchNormEncoderLayer(
        (self_attn): MultiheadAttention(
          (out_proj): NonDynamicallyQuantizableLinear(in_features=64, out_features=64, bias=True)
        )
        (linear1): Linear(in_features=64, out_features=256, bias=True)
        (dropout): Dropout(p=0.2, inplace=False)
        (linear2): Linear(in_features=256, out_features=64, bias=True)
        (norm1): BatchNorm1d(64, eps=1e-05, momentum=0.1, affine=True, track_running_stats=True)
        (norm2): BatchNorm1d(64, eps=1e-05, momentum=0.1, affine=True, track_running_stats=True)
        (dropout1): Dropout(p=0.2, inplace=False)
        (dropout2): Dropout(p=0.2, inplace=False)
      )
    )
  )
  (dropout1): Dropout(p=0.2, inplace=False)
  (output_layer): Linear(in_features=5120, out_features=5, bias=True)
)
Total number of parameters: 183237
Trainable parameters: 183237
Evaluating on validation set ...
Validation runtime: 0.0 hours, 0.0 minutes, 0.251279354095459 seconds

Avg val. time: 0.0 hours, 0.0 minutes, 0.251279354095459 seconds
Avg batch val. time: 0.016751956939697266 seconds
Avg sample val. time: 0.00211159121088621 seconds
Epoch 0 Validation Summary: epoch: 0.000000 | loss: 5.075750 | accuracy: 0.176471 | precision: 0.153105 | 
Starting training...
Epoch 1 Training Summary: epoch: 1.000000 | loss: 1.680011 | 
Epoch runtime: 0.0 hours, 0.0 minutes, 1.4238760471343994 seconds

Avg epoch train. time: 0.0 hours, 0.0 minutes, 1.4238760471343994 seconds
Avg batch train. time: 0.010625940650256712 seconds
Avg sample train. time: 0.0013319701095738067 seconds
Evaluating on validation set ...
Validation runtime: 0.0 hours, 0.0 minutes, 0.04533863067626953 seconds

Avg val. time: 0.0 hours, 0.0 minutes, 0.14830899238586426 seconds
Avg batch val. time: 0.009887266159057616 seconds
Avg sample val. time: 0.0012462940536627249 seconds
Epoch 1 Validation Summary: epoch: 1.000000 | loss: 1.620190 | accuracy: 0.218487 | precision: 0.192491 | 
Epoch 2 Training Summary: epoch: 2.000000 | loss: 1.667126 | 
Epoch runtime: 0.0 hours, 0.0 minutes, 1.3624508380889893 seconds

Avg epoch train. time: 0.0 hours, 0.0 minutes, 1.3931634426116943 seconds
Avg batch train. time: 0.010396742109042494 seconds
Avg sample train. time: 0.0013032398901886757 seconds
Evaluating on validation set ...
Validation runtime: 0.0 hours, 0.0 minutes, 0.04837775230407715 seconds

Avg val. time: 0.0 hours, 0.0 minutes, 0.11499857902526855 seconds
Avg batch val. time: 0.007666571935017904 seconds
Avg sample val. time: 0.0009663746136577189 seconds
Epoch 2 Validation Summary: epoch: 2.000000 | loss: 1.651217 | accuracy: 0.193277 | precision: 0.135633 | 
Epoch 3 Training Summary: epoch: 3.000000 | loss: 1.669347 | 
Epoch runtime: 0.0 hours, 0.0 minutes, 1.4042940139770508 seconds

Avg epoch train. time: 0.0 hours, 0.0 minutes, 1.3968736330668132 seconds
Avg batch train. time: 0.010424430097513532 seconds
Avg sample train. time: 0.0013067106015592267 seconds
Epoch 4 Training Summary: epoch: 4.000000 | loss: 1.633874 | 
Epoch runtime: 0.0 hours, 0.0 minutes, 1.3967485427856445 seconds

Avg epoch train. time: 0.0 hours, 0.0 minutes, 1.396842360496521 seconds
Avg batch train. time: 0.010424196720123291 seconds
Avg sample train. time: 0.0013066813475177933 seconds
Evaluating on validation set ...
Validation runtime: 0.0 hours, 0.0 minutes, 0.0502927303314209 seconds

Avg val. time: 0.0 hours, 0.0 minutes, 0.09882211685180664 seconds
Avg batch val. time: 0.006588141123453776 seconds
Avg sample val. time: 0.000830437956737871 seconds
Epoch 4 Validation Summary: epoch: 4.000000 | loss: 1.545000 | accuracy: 0.302521 | precision: 0.253408 | 
Epoch 5 Training Summary: epoch: 5.000000 | loss: 1.587224 | 
Epoch runtime: 0.0 hours, 0.0 minutes, 1.4231317043304443 seconds

Avg epoch train. time: 0.0 hours, 0.0 minutes, 1.4021002292633056 seconds
Avg batch train. time: 0.010463434546741087 seconds
Avg sample train. time: 0.0013115998402837283 seconds
Epoch 6 Training Summary: epoch: 6.000000 | loss: 1.577026 | 
Epoch runtime: 0.0 hours, 0.0 minutes, 1.423112392425537 seconds

Avg epoch train. time: 0.0 hours, 0.0 minutes, 1.405602256457011 seconds
Avg batch train. time: 0.010489569078037395 seconds
Avg sample train. time: 0.0013148758245622178 seconds
Evaluating on validation set ...
Validation runtime: 0.0 hours, 0.0 minutes, 0.04826617240905762 seconds

Avg val. time: 0.0 hours, 0.0 minutes, 0.08871092796325683 seconds
Avg batch val. time: 0.005914061864217122 seconds
Avg sample val. time: 0.0007454699828845112 seconds
Epoch 6 Validation Summary: epoch: 6.000000 | loss: 1.640753 | accuracy: 0.319328 | precision: 0.424990 | 
Epoch 7 Training Summary: epoch: 7.000000 | loss: 1.581245 | 
Epoch runtime: 0.0 hours, 0.0 minutes, 1.558199405670166 seconds

Avg epoch train. time: 0.0 hours, 0.0 minutes, 1.4274018492017473 seconds
Avg batch train. time: 0.010652252605983188 seconds
Avg sample train. time: 0.0013352683341456943 seconds
Epoch 8 Training Summary: epoch: 8.000000 | loss: 1.520489 | 
Epoch runtime: 0.0 hours, 0.0 minutes, 1.4718141555786133 seconds

Avg epoch train. time: 0.0 hours, 0.0 minutes, 1.4329533874988556 seconds
Avg batch train. time: 0.010693681996260116 seconds
Avg sample train. time: 0.001340461541158892 seconds
Evaluating on validation set ...
Validation runtime: 0.0 hours, 0.0 minutes, 0.05060172080993652 seconds

Avg val. time: 0.0 hours, 0.0 minutes, 0.08235939343770345 seconds
Avg batch val. time: 0.00549062622918023 seconds
Avg sample val. time: 0.0006920957431739785 seconds
Epoch 8 Validation Summary: epoch: 8.000000 | loss: 1.562795 | accuracy: 0.327731 | precision: 0.387677 | 
Epoch 9 Training Summary: epoch: 9.000000 | loss: 1.490561 | 
Epoch runtime: 0.0 hours, 0.0 minutes, 1.4564571380615234 seconds

Avg epoch train. time: 0.0 hours, 0.0 minutes, 1.435564915339152 seconds
Avg batch train. time: 0.010713171009993673 seconds
Avg sample train. time: 0.0013429045045268027 seconds
Epoch 10 Training Summary: epoch: 10.000000 | loss: 1.471961 | 
Epoch runtime: 0.0 hours, 0.0 minutes, 1.4734692573547363 seconds

Avg epoch train. time: 0.0 hours, 0.0 minutes, 1.4393553495407105 seconds
Avg batch train. time: 0.010741457832393362 seconds
Avg sample train. time: 0.0013464502802064645 seconds
Evaluating on validation set ...
Validation runtime: 0.0 hours, 0.0 minutes, 0.0507049560546875 seconds

Avg val. time: 0.0 hours, 0.0 minutes, 0.07783733095441546 seconds
Avg batch val. time: 0.005189155396961031 seconds
Avg sample val. time: 0.0006540952181043316 seconds
Epoch 10 Validation Summary: epoch: 10.000000 | loss: 1.575954 | accuracy: 0.319328 | precision: 0.384780 | 
Epoch 11 Training Summary: epoch: 11.000000 | loss: 1.457265 | 
Epoch runtime: 0.0 hours, 0.0 minutes, 1.4027602672576904 seconds

Avg epoch train. time: 0.0 hours, 0.0 minutes, 1.4360285238786177 seconds
Avg batch train. time: 0.010716630775213565 seconds
Avg sample train. time: 0.001343338188848099 seconds
Epoch 12 Training Summary: epoch: 12.000000 | loss: 1.394385 | 
Epoch runtime: 0.0 hours, 0.0 minutes, 1.4382433891296387 seconds

Avg epoch train. time: 0.0 hours, 0.0 minutes, 1.4362130959828694 seconds
Avg batch train. time: 0.010718008178976637 seconds
Avg sample train. time: 0.0013435108475050228 seconds
Evaluating on validation set ...
Validation runtime: 0.0 hours, 0.0 minutes, 0.0499262809753418 seconds

Avg val. time: 0.0 hours, 0.0 minutes, 0.07434844970703125 seconds
Avg batch val. time: 0.004956563313802083 seconds
Avg sample val. time: 0.0006247768882943803 seconds
Epoch 12 Validation Summary: epoch: 12.000000 | loss: 1.387599 | accuracy: 0.369748 | precision: 0.382653 | 
Epoch 13 Training Summary: epoch: 13.000000 | loss: 1.346465 | 
Epoch runtime: 0.0 hours, 0.0 minutes, 1.428490400314331 seconds

Avg epoch train. time: 0.0 hours, 0.0 minutes, 1.435619042469905 seconds
Avg batch train. time: 0.01071357494380526 seconds
Avg sample train. time: 0.0013429551379512674 seconds
Epoch 14 Training Summary: epoch: 14.000000 | loss: 1.375645 | 
Epoch runtime: 0.0 hours, 0.0 minutes, 1.4172914028167725 seconds

Avg epoch train. time: 0.0 hours, 0.0 minutes, 1.434309925351824 seconds
Avg batch train. time: 0.010703805413073314 seconds
Avg sample train. time: 0.001341730519505916 seconds
Evaluating on validation set ...
Validation runtime: 0.0 hours, 0.0 minutes, 0.050856590270996094 seconds

Avg val. time: 0.0 hours, 0.0 minutes, 0.07173824310302734 seconds
Avg batch val. time: 0.004782549540201823 seconds
Avg sample val. time: 0.0006028423790170365 seconds
Epoch 14 Validation Summary: epoch: 14.000000 | loss: 1.484329 | accuracy: 0.361345 | precision: 0.336340 | 
Epoch 15 Training Summary: epoch: 15.000000 | loss: 1.278092 | 
Epoch runtime: 0.0 hours, 0.0 minutes, 1.433936357498169 seconds

Avg epoch train. time: 0.0 hours, 0.0 minutes, 1.4342850208282472 seconds
Avg batch train. time: 0.010703619558419754 seconds
Avg sample train. time: 0.0013417072224773125 seconds
Epoch 16 Training Summary: epoch: 16.000000 | loss: 1.278445 | 
Epoch runtime: 0.0 hours, 0.0 minutes, 1.4688653945922852 seconds

Avg epoch train. time: 0.0 hours, 0.0 minutes, 1.4364462941884995 seconds
Avg batch train. time: 0.010719748464093279 seconds
Avg sample train. time: 0.0013437289936281567 seconds
Evaluating on validation set ...
Validation runtime: 0.0 hours, 0.0 minutes, 0.04888916015625 seconds

Avg val. time: 0.0 hours, 0.0 minutes, 0.06945333480834961 seconds
Avg batch val. time: 0.004630222320556641 seconds
Avg sample val. time: 0.0005836414689777278 seconds
Epoch 16 Validation Summary: epoch: 16.000000 | loss: 1.430726 | accuracy: 0.361345 | precision: 0.308148 | 
Epoch 17 Training Summary: epoch: 17.000000 | loss: 1.294037 | 
Epoch runtime: 0.0 hours, 0.0 minutes, 1.437276840209961 seconds

Avg epoch train. time: 0.0 hours, 0.0 minutes, 1.4364951498368208 seconds
Avg batch train. time: 0.010720113058483737 seconds
Avg sample train. time: 0.0013437746958249025 seconds
Epoch 18 Training Summary: epoch: 18.000000 | loss: 1.254050 | 
Epoch runtime: 0.0 hours, 0.0 minutes, 1.4089469909667969 seconds

Avg epoch train. time: 0.0 hours, 0.0 minutes, 1.434964696566264 seconds
Avg batch train. time: 0.01070869176541988 seconds
Avg sample train. time: 0.0013423430276578708 seconds
Evaluating on validation set ...
Validation runtime: 0.0 hours, 0.0 minutes, 0.04809212684631348 seconds

Avg val. time: 0.0 hours, 0.0 minutes, 0.06751140681180087 seconds
Avg batch val. time: 0.004500760454120058 seconds
Avg sample val. time: 0.0005673227463176544 seconds
Epoch 18 Validation Summary: epoch: 18.000000 | loss: 1.464406 | accuracy: 0.369748 | precision: 0.343100 | 
Epoch 19 Training Summary: epoch: 19.000000 | loss: 1.259727 | 
Epoch runtime: 0.0 hours, 0.0 minutes, 1.4222824573516846 seconds

Avg epoch train. time: 0.0 hours, 0.0 minutes, 1.4342972102918123 seconds
Avg batch train. time: 0.010703710524565764 seconds
Avg sample train. time: 0.0013417186251560452 seconds
Epoch 20 Training Summary: epoch: 20.000000 | loss: 1.243646 | 
Epoch runtime: 0.0 hours, 0.0 minutes, 1.4583771228790283 seconds

Avg epoch train. time: 0.0 hours, 0.0 minutes, 1.4355012059211731 seconds
Avg batch train. time: 0.01071269556657592 seconds
Avg sample train. time: 0.0013428449073163453 seconds
Evaluating on validation set ...
Validation runtime: 0.0 hours, 0.0 minutes, 0.05000138282775879 seconds

Avg val. time: 0.0 hours, 0.0 minutes, 0.06605223814646403 seconds
Avg batch val. time: 0.004403482543097603 seconds
Avg sample val. time: 0.000555060824760202 seconds
Epoch 20 Validation Summary: epoch: 20.000000 | loss: 1.446055 | accuracy: 0.369748 | precision: 0.376155 | 
Epoch 21 Training Summary: epoch: 21.000000 | loss: 1.211218 | 
Epoch runtime: 0.0 hours, 0.0 minutes, 1.4999258518218994 seconds

Avg epoch train. time: 0.0 hours, 0.0 minutes, 1.43856904620216 seconds
Avg batch train. time: 0.010735589897031045 seconds
Avg sample train. time: 0.0013457147298429936 seconds
Epoch 22 Training Summary: epoch: 22.000000 | loss: 1.252594 | 
Epoch runtime: 0.0 hours, 0.0 minutes, 1.4233012199401855 seconds

Avg epoch train. time: 0.0 hours, 0.0 minutes, 1.437875054099343 seconds
Avg batch train. time: 0.010730410851487635 seconds
Avg sample train. time: 0.0013450655323660832 seconds
Evaluating on validation set ...
Validation runtime: 0.0 hours, 0.0 minutes, 0.05135226249694824 seconds

Avg val. time: 0.0 hours, 0.0 minutes, 0.06492147078880897 seconds
Avg batch val. time: 0.004328098052587265 seconds
Avg sample val. time: 0.0005455585780572182 seconds
Epoch 22 Validation Summary: epoch: 22.000000 | loss: 1.457490 | accuracy: 0.344538 | precision: 0.297539 | 
Epoch 23 Training Summary: epoch: 23.000000 | loss: 1.221671 | 
Epoch runtime: 0.0 hours, 0.0 minutes, 1.4151544570922852 seconds

Avg epoch train. time: 0.0 hours, 0.0 minutes, 1.4368872020555579 seconds
Avg batch train. time: 0.010723038821310133 seconds
Avg sample train. time: 0.0013441414425215696 seconds
Epoch 24 Training Summary: epoch: 24.000000 | loss: 1.225325 | 
Epoch runtime: 0.0 hours, 0.0 minutes, 1.4282305240631104 seconds

Avg epoch train. time: 0.0 hours, 0.0 minutes, 1.436526507139206 seconds
Avg batch train. time: 0.01072034706820303 seconds
Avg sample train. time: 0.0013438040291292852 seconds
Evaluating on validation set ...
Validation runtime: 0.0 hours, 0.0 minutes, 0.053945302963256836 seconds

Avg val. time: 0.0 hours, 0.0 minutes, 0.06413745880126953 seconds
Avg batch val. time: 0.0042758305867513025 seconds
Avg sample val. time: 0.000538970242027475 seconds
Epoch 24 Validation Summary: epoch: 24.000000 | loss: 1.378760 | accuracy: 0.394958 | precision: 0.408661 | 
Epoch 25 Training Summary: epoch: 25.000000 | loss: 1.203222 | 
Epoch runtime: 0.0 hours, 0.0 minutes, 1.431041955947876 seconds

Avg epoch train. time: 0.0 hours, 0.0 minutes, 1.4363071250915527 seconds
Avg batch train. time: 0.01071870988874293 seconds
Avg sample train. time: 0.001343598807382182 seconds
Epoch 26 Training Summary: epoch: 26.000000 | loss: 1.203506 | 
Epoch runtime: 0.0 hours, 0.0 minutes, 1.4219307899475098 seconds

Avg epoch train. time: 0.0 hours, 0.0 minutes, 1.435754189124474 seconds
Avg batch train. time: 0.010714583500928911 seconds
Avg sample train. time: 0.0013430815613886568 seconds
Evaluating on validation set ...
Validation runtime: 0.0 hours, 0.0 minutes, 0.048216819763183594 seconds

Avg val. time: 0.0 hours, 0.0 minutes, 0.06307608286539713 seconds
Avg batch val. time: 0.004205072191026476 seconds
Avg sample val. time: 0.0005300511165159423 seconds
Epoch 26 Validation Summary: epoch: 26.000000 | loss: 1.421209 | accuracy: 0.361345 | precision: 0.337424 | 
Epoch 27 Training Summary: epoch: 27.000000 | loss: 1.194252 | 
Epoch runtime: 0.0 hours, 0.0 minutes, 1.4324021339416504 seconds

Avg epoch train. time: 0.0 hours, 0.0 minutes, 1.4356300389325176 seconds
Avg batch train. time: 0.010713657006959088 seconds
Avg sample train. time: 0.0013429654246328508 seconds
Epoch 28 Training Summary: epoch: 28.000000 | loss: 1.166977 | 
Epoch runtime: 0.0 hours, 0.0 minutes, 1.45979642868042 seconds

Avg epoch train. time: 0.0 hours, 0.0 minutes, 1.4364931242806571 seconds
Avg batch train. time: 0.010720097942392964 seconds
Avg sample train. time: 0.0013437728010109048 seconds
Evaluating on validation set ...
Validation runtime: 0.0 hours, 0.0 minutes, 0.05027627944946289 seconds

Avg val. time: 0.0 hours, 0.0 minutes, 0.062276095151901245 seconds
Avg batch val. time: 0.004151739676793416 seconds
Avg sample val. time: 0.0005233285306882457 seconds
Epoch 28 Validation Summary: epoch: 28.000000 | loss: 1.389041 | accuracy: 0.361345 | precision: 0.344352 | 
Epoch 29 Training Summary: epoch: 29.000000 | loss: 1.181601 | 
Epoch runtime: 0.0 hours, 0.0 minutes, 1.4641282558441162 seconds

Avg epoch train. time: 0.0 hours, 0.0 minutes, 1.4374460598518108 seconds
Avg batch train. time: 0.010727209401879186 seconds
Avg sample train. time: 0.0013446642281120776 seconds
Epoch 30 Training Summary: epoch: 30.000000 | loss: 1.163069 | 
Epoch runtime: 0.0 hours, 0.0 minutes, 1.4332807064056396 seconds

Avg epoch train. time: 0.0 hours, 0.0 minutes, 1.4373072147369386 seconds
Avg batch train. time: 0.010726173244305512 seconds
Avg sample train. time: 0.0013445343449363318 seconds
Evaluating on validation set ...
Validation runtime: 0.0 hours, 0.0 minutes, 0.049149274826049805 seconds

Avg val. time: 0.0 hours, 0.0 minutes, 0.06150392925038057 seconds
Avg batch val. time: 0.004100261950025371 seconds
Avg sample val. time: 0.0005168397415998367 seconds
Epoch 30 Validation Summary: epoch: 30.000000 | loss: 1.526535 | accuracy: 0.319328 | precision: 0.301060 | 
Epoch 31 Training Summary: epoch: 31.000000 | loss: 1.112219 | 
Epoch runtime: 0.0 hours, 0.0 minutes, 1.4507927894592285 seconds

Avg epoch train. time: 0.0 hours, 0.0 minutes, 1.4377422332763672 seconds
Avg batch train. time: 0.010729419651316173 seconds
Avg sample train. time: 0.001344941284636452 seconds
Epoch 32 Training Summary: epoch: 32.000000 | loss: 1.145890 | 
Epoch runtime: 0.0 hours, 0.0 minutes, 1.4489588737487793 seconds

Avg epoch train. time: 0.0 hours, 0.0 minutes, 1.43809275329113 seconds
Avg batch train. time: 0.010732035472321867 seconds
Avg sample train. time: 0.0013452691798794482 seconds
Evaluating on validation set ...
Validation runtime: 0.0 hours, 0.0 minutes, 0.04994010925292969 seconds

Avg val. time: 0.0 hours, 0.0 minutes, 0.06086149480607775 seconds
Avg batch val. time: 0.00405743298707185 seconds
Avg sample val. time: 0.0005114411328241827 seconds
Epoch 32 Validation Summary: epoch: 32.000000 | loss: 1.371421 | accuracy: 0.411765 | precision: 0.374070 | 
Epoch 33 Training Summary: epoch: 33.000000 | loss: 1.171775 | 
Epoch runtime: 0.0 hours, 0.0 minutes, 1.4312684535980225 seconds

Avg epoch train. time: 0.0 hours, 0.0 minutes, 1.437885956330733 seconds
Avg batch train. time: 0.01073049221142338 seconds
Avg sample train. time: 0.0013450757308987212 seconds
Epoch 34 Training Summary: epoch: 34.000000 | loss: 1.144020 | 
Epoch runtime: 0.0 hours, 0.0 minutes, 1.4762673377990723 seconds

Avg epoch train. time: 0.0 hours, 0.0 minutes, 1.4390148204915665 seconds
Avg batch train. time: 0.010738916570832585 seconds
Avg sample train. time: 0.0013461317310491734 seconds
Evaluating on validation set ...
Validation runtime: 0.0 hours, 0.0 minutes, 0.048383235931396484 seconds

Avg val. time: 0.0 hours, 0.0 minutes, 0.06020474433898926 seconds
Avg batch val. time: 0.004013649622599284 seconds
Avg sample val. time: 0.0005059222213360442 seconds
Epoch 34 Validation Summary: epoch: 34.000000 | loss: 1.484008 | accuracy: 0.403361 | precision: 0.396277 | 
Epoch 35 Training Summary: epoch: 35.000000 | loss: 1.101363 | 
Epoch runtime: 0.0 hours, 0.0 minutes, 1.4489688873291016 seconds

Avg epoch train. time: 0.0 hours, 0.0 minutes, 1.4392992224012102 seconds
Avg batch train. time: 0.01074103897314336 seconds
Avg sample train. time: 0.0013463977758664267 seconds
Epoch 36 Training Summary: epoch: 36.000000 | loss: 1.089559 | 
Epoch runtime: 0.0 hours, 0.0 minutes, 1.4505019187927246 seconds

Avg epoch train. time: 0.0 hours, 0.0 minutes, 1.4396104084120855 seconds
Avg batch train. time: 0.010743361256806609 seconds
Avg sample train. time: 0.0013466888759701456 seconds
Evaluating on validation set ...
Validation runtime: 0.0 hours, 0.0 minutes, 0.04880261421203613 seconds

Avg val. time: 0.0 hours, 0.0 minutes, 0.0596346378326416 seconds
Avg batch val. time: 0.003975642522176107 seconds
Avg sample val. time: 0.0005011314103583327 seconds
Epoch 36 Validation Summary: epoch: 36.000000 | loss: 1.378487 | accuracy: 0.411765 | precision: 0.402813 | 
Epoch 37 Training Summary: epoch: 37.000000 | loss: 1.068550 | 
Epoch runtime: 0.0 hours, 0.0 minutes, 1.458198070526123 seconds

Avg epoch train. time: 0.0 hours, 0.0 minutes, 1.440112777658411 seconds
Avg batch train. time: 0.010747110281032918 seconds
Avg sample train. time: 0.0013471588191378962 seconds
Epoch 38 Training Summary: epoch: 38.000000 | loss: 1.114444 | 
Epoch runtime: 0.0 hours, 0.0 minutes, 1.4623918533325195 seconds

Avg epoch train. time: 0.0 hours, 0.0 minutes, 1.440699069123519 seconds
Avg batch train. time: 0.010751485590474024 seconds
Avg sample train. time: 0.0013477072676553032 seconds
Evaluating on validation set ...
Validation runtime: 0.0 hours, 0.0 minutes, 0.04953646659851074 seconds

Avg val. time: 0.0 hours, 0.0 minutes, 0.05915377253577823 seconds
Avg batch val. time: 0.003943584835718548 seconds
Avg sample val. time: 0.0004970905255107414 seconds
Epoch 38 Validation Summary: epoch: 38.000000 | loss: 1.434201 | accuracy: 0.394958 | precision: 0.389309 | 
Epoch 39 Training Summary: epoch: 39.000000 | loss: 1.077029 | 
Epoch runtime: 0.0 hours, 0.0 minutes, 1.4318995475769043 seconds

Avg epoch train. time: 0.0 hours, 0.0 minutes, 1.4404734403659136 seconds
Avg batch train. time: 0.010749801793775474 seconds
Avg sample train. time: 0.0013474962024002935 seconds
Epoch 40 Training Summary: epoch: 40.000000 | loss: 1.023426 | 
Epoch runtime: 0.0 hours, 0.0 minutes, 1.4435226917266846 seconds

Avg epoch train. time: 0.0 hours, 0.0 minutes, 1.4405496716499329 seconds
Avg batch train. time: 0.010750370683954723 seconds
Avg sample train. time: 0.001347567513236607 seconds
Evaluating on validation set ...
Validation runtime: 0.0 hours, 0.0 minutes, 0.04936933517456055 seconds

Avg val. time: 0.0 hours, 0.0 minutes, 0.058709025382995605 seconds
Avg batch val. time: 0.00391393502553304 seconds
Avg sample val. time: 0.0004933531544789547 seconds
Epoch 40 Validation Summary: epoch: 40.000000 | loss: 1.683385 | accuracy: 0.352941 | precision: 0.368440 | 
Best accuracy was 0.4117647058823529. Other metrics: OrderedDict([('epoch', 32), ('loss', 1.3714211848603577), ('accuracy', 0.4117647058823529), ('precision', 0.3740696278511405)])
All Done!
Total runtime: 0.0 hours, 1.0 minutes, 29.49173140525818 seconds

