Running:
src/main_5q.py --output_dir experiments --comment classification from Scratch --name VRS_fromScratch --records_file VRS_records.xls --data_dir /mnt/d/OneDrive - Southern Methodist University/Phone_Privacy/input_feature/all_processpos_norm_downsample_480p_s22 --data_class vrs --val_ratio 0.1 --epochs 40 --lr 0.001 --dropout 0.2 --batch_size 8 --num_layers 3 --num_heads 4 --optimizer RAdam --pos_encoding learnable --task classification --normalization none --key_metric accuracy

Using device: cuda
Loading and preprocessing data ...
408 samples may be used for training
46 samples will be used for validation
0 samples will be used for testing
Creating model ...
Model:
TSTransformerEncoderClassiregressor(
  (project_inp): Linear(in_features=39, out_features=64, bias=True)
  (pos_enc): LearnablePositionalEncoding(
    (dropout): Dropout(p=0.2, inplace=False)
  )
  (transformer_encoder): TransformerEncoder(
    (layers): ModuleList(
      (0-2): 3 x TransformerBatchNormEncoderLayer(
        (self_attn): MultiheadAttention(
          (out_proj): NonDynamicallyQuantizableLinear(in_features=64, out_features=64, bias=True)
        )
        (linear1): Linear(in_features=64, out_features=256, bias=True)
        (dropout): Dropout(p=0.2, inplace=False)
        (linear2): Linear(in_features=256, out_features=64, bias=True)
        (norm1): BatchNorm1d(64, eps=1e-05, momentum=0.1, affine=True, track_running_stats=True)
        (norm2): BatchNorm1d(64, eps=1e-05, momentum=0.1, affine=True, track_running_stats=True)
        (dropout1): Dropout(p=0.2, inplace=False)
        (dropout2): Dropout(p=0.2, inplace=False)
      )
    )
  )
  (dropout1): Dropout(p=0.2, inplace=False)
  (output_layer): Linear(in_features=5120, out_features=5, bias=True)
)
Total number of parameters: 183237
Trainable parameters: 183237
Evaluating on validation set ...
Validation runtime: 0.0 hours, 0.0 minutes, 0.25360822677612305 seconds

Avg val. time: 0.0 hours, 0.0 minutes, 0.25360822677612305 seconds
Avg batch val. time: 0.04226803779602051 seconds
Avg sample val. time: 0.005513222321220066 seconds
Epoch 0 Validation Summary: epoch: 0.000000 | loss: 5.285630 | accuracy: 0.173913 | precision: 0.171569 | 
Starting training...
Epoch 1 Training Summary: epoch: 1.000000 | loss: 1.645686 | 
Epoch runtime: 0.0 hours, 0.0 minutes, 0.6525132656097412 seconds

Avg epoch train. time: 0.0 hours, 0.0 minutes, 0.6525132656097412 seconds
Avg batch train. time: 0.012794377757053749 seconds
Avg sample train. time: 0.0015992972196317186 seconds
Evaluating on validation set ...
Validation runtime: 0.0 hours, 0.0 minutes, 0.022466182708740234 seconds

Avg val. time: 0.0 hours, 0.0 minutes, 0.13803720474243164 seconds
Avg batch val. time: 0.023006200790405273 seconds
Avg sample val. time: 0.0030008087987485137 seconds
Epoch 1 Validation Summary: epoch: 1.000000 | loss: 1.613962 | accuracy: 0.173913 | precision: 0.131757 | 
Epoch 2 Training Summary: epoch: 2.000000 | loss: 1.649202 | 
Epoch runtime: 0.0 hours, 0.0 minutes, 0.5373504161834717 seconds

Avg epoch train. time: 0.0 hours, 0.0 minutes, 0.5949318408966064 seconds
Avg batch train. time: 0.01166533021365895 seconds
Avg sample train. time: 0.0014581662767073687 seconds
Evaluating on validation set ...
Validation runtime: 0.0 hours, 0.0 minutes, 0.02427387237548828 seconds

Avg val. time: 0.0 hours, 0.0 minutes, 0.10011609395345052 seconds
Avg batch val. time: 0.01668601565890842 seconds
Avg sample val. time: 0.0021764368250750113 seconds
Epoch 2 Validation Summary: epoch: 2.000000 | loss: 1.599670 | accuracy: 0.152174 | precision: 0.125085 | 
Epoch 3 Training Summary: epoch: 3.000000 | loss: 1.636608 | 
Epoch runtime: 0.0 hours, 0.0 minutes, 0.5747897624969482 seconds

Avg epoch train. time: 0.0 hours, 0.0 minutes, 0.5882178147633871 seconds
Avg batch train. time: 0.011533682642419354 seconds
Avg sample train. time: 0.0014417103303024192 seconds
Epoch 4 Training Summary: epoch: 4.000000 | loss: 1.641481 | 
Epoch runtime: 0.0 hours, 0.0 minutes, 0.5636663436889648 seconds

Avg epoch train. time: 0.0 hours, 0.0 minutes, 0.5820799469947815 seconds
Avg batch train. time: 0.011413332294015324 seconds
Avg sample train. time: 0.0014266665367519155 seconds
Evaluating on validation set ...
Validation runtime: 0.0 hours, 0.0 minutes, 0.02386951446533203 seconds

Avg val. time: 0.0 hours, 0.0 minutes, 0.0810544490814209 seconds
Avg batch val. time: 0.013509074846903482 seconds
Avg sample val. time: 0.0017620532409004543 seconds
Epoch 4 Validation Summary: epoch: 4.000000 | loss: 1.543415 | accuracy: 0.195652 | precision: 0.130068 | 
Epoch 5 Training Summary: epoch: 5.000000 | loss: 1.600229 | 
Epoch runtime: 0.0 hours, 0.0 minutes, 0.5529682636260986 seconds

Avg epoch train. time: 0.0 hours, 0.0 minutes, 0.5762576103210449 seconds
Avg batch train. time: 0.01129916882982441 seconds
Avg sample train. time: 0.0014123961037280513 seconds
Epoch 6 Training Summary: epoch: 6.000000 | loss: 1.542150 | 
Epoch runtime: 0.0 hours, 0.0 minutes, 0.5216703414916992 seconds

Avg epoch train. time: 0.0 hours, 0.0 minutes, 0.5671597321828207 seconds
Avg batch train. time: 0.011120779062408248 seconds
Avg sample train. time: 0.001390097382801031 seconds
Evaluating on validation set ...
Validation runtime: 0.0 hours, 0.0 minutes, 0.023797988891601562 seconds

Avg val. time: 0.0 hours, 0.0 minutes, 0.06960315704345703 seconds
Avg batch val. time: 0.011600526173909505 seconds
Avg sample val. time: 0.0015131121096403702 seconds
Epoch 6 Validation Summary: epoch: 6.000000 | loss: 1.514113 | accuracy: 0.391304 | precision: 0.417568 | 
Epoch 7 Training Summary: epoch: 7.000000 | loss: 1.490970 | 
Epoch runtime: 0.0 hours, 0.0 minutes, 0.5338945388793945 seconds

Avg epoch train. time: 0.0 hours, 0.0 minutes, 0.5624075617109027 seconds
Avg batch train. time: 0.011027599249233386 seconds
Avg sample train. time: 0.0013784499061541733 seconds
Epoch 8 Training Summary: epoch: 8.000000 | loss: 1.447361 | 
Epoch runtime: 0.0 hours, 0.0 minutes, 0.5696280002593994 seconds

Avg epoch train. time: 0.0 hours, 0.0 minutes, 0.5633101165294647 seconds
Avg batch train. time: 0.011045296402538525 seconds
Avg sample train. time: 0.0013806620503173156 seconds
Evaluating on validation set ...
Validation runtime: 0.0 hours, 0.0 minutes, 0.02184772491455078 seconds

Avg val. time: 0.0 hours, 0.0 minutes, 0.06164391835530599 seconds
Avg batch val. time: 0.010273986392551 seconds
Avg sample val. time: 0.0013400851816370869 seconds
Epoch 8 Validation Summary: epoch: 8.000000 | loss: 1.503443 | accuracy: 0.326087 | precision: 0.276669 | 
Epoch 9 Training Summary: epoch: 9.000000 | loss: 1.419574 | 
Epoch runtime: 0.0 hours, 0.0 minutes, 0.5348739624023438 seconds

Avg epoch train. time: 0.0 hours, 0.0 minutes, 0.5601505438486735 seconds
Avg batch train. time: 0.010983343997032814 seconds
Avg sample train. time: 0.0013729179996291017 seconds
Epoch 10 Training Summary: epoch: 10.000000 | loss: 1.377844 | 
Epoch runtime: 0.0 hours, 0.0 minutes, 0.5197393894195557 seconds

Avg epoch train. time: 0.0 hours, 0.0 minutes, 0.5561094284057617 seconds
Avg batch train. time: 0.01090410643932866 seconds
Avg sample train. time: 0.0013630133049160826 seconds
Evaluating on validation set ...
Validation runtime: 0.0 hours, 0.0 minutes, 0.02180624008178711 seconds

Avg val. time: 0.0 hours, 0.0 minutes, 0.05595282145908901 seconds
Avg batch val. time: 0.009325470243181502 seconds
Avg sample val. time: 0.0012163656838932394 seconds
Epoch 10 Validation Summary: epoch: 10.000000 | loss: 1.498100 | accuracy: 0.326087 | precision: 0.317048 | 
Epoch 11 Training Summary: epoch: 11.000000 | loss: 1.326305 | 
Epoch runtime: 0.0 hours, 0.0 minutes, 0.5797445774078369 seconds

Avg epoch train. time: 0.0 hours, 0.0 minutes, 0.5582580783150413 seconds
Avg batch train. time: 0.010946236829706692 seconds
Avg sample train. time: 0.0013682796037133365 seconds
Epoch 12 Training Summary: epoch: 12.000000 | loss: 1.292843 | 
Epoch runtime: 0.0 hours, 0.0 minutes, 0.6349365711212158 seconds

Avg epoch train. time: 0.0 hours, 0.0 minutes, 0.5646479527155558 seconds
Avg batch train. time: 0.011071528484618742 seconds
Avg sample train. time: 0.0013839410605773427 seconds
Evaluating on validation set ...
Validation runtime: 0.0 hours, 0.0 minutes, 0.022658586502075195 seconds

Avg val. time: 0.0 hours, 0.0 minutes, 0.05179104208946228 seconds
Avg batch val. time: 0.008631840348243713 seconds
Avg sample val. time: 0.0011258922193361366 seconds
Epoch 12 Validation Summary: epoch: 12.000000 | loss: 1.494979 | accuracy: 0.347826 | precision: 0.356237 | 
Epoch 13 Training Summary: epoch: 13.000000 | loss: 1.244263 | 
Epoch runtime: 0.0 hours, 0.0 minutes, 0.5327677726745605 seconds

Avg epoch train. time: 0.0 hours, 0.0 minutes, 0.5621956311739408 seconds
Avg batch train. time: 0.011023443748508643 seconds
Avg sample train. time: 0.0013779304685635804 seconds
Epoch 14 Training Summary: epoch: 14.000000 | loss: 1.230883 | 
Epoch runtime: 0.0 hours, 0.0 minutes, 0.5600020885467529 seconds

Avg epoch train. time: 0.0 hours, 0.0 minutes, 0.562038949557713 seconds
Avg batch train. time: 0.011020371559955158 seconds
Avg sample train. time: 0.0013775464449943947 seconds
Evaluating on validation set ...
Validation runtime: 0.0 hours, 0.0 minutes, 0.02342963218688965 seconds

Avg val. time: 0.0 hours, 0.0 minutes, 0.048639774322509766 seconds
Avg batch val. time: 0.008106629053751627 seconds
Avg sample val. time: 0.0010573863983154297 seconds
Epoch 14 Validation Summary: epoch: 14.000000 | loss: 1.642428 | accuracy: 0.391304 | precision: 0.349802 | 
Epoch 15 Training Summary: epoch: 15.000000 | loss: 1.159857 | 
Epoch runtime: 0.0 hours, 0.0 minutes, 0.5362033843994141 seconds

Avg epoch train. time: 0.0 hours, 0.0 minutes, 0.5603165785471599 seconds
Avg batch train. time: 0.010986599579356077 seconds
Avg sample train. time: 0.0013733249474195096 seconds
Epoch 16 Training Summary: epoch: 16.000000 | loss: 1.161031 | 
Epoch runtime: 0.0 hours, 0.0 minutes, 0.5219905376434326 seconds

Avg epoch train. time: 0.0 hours, 0.0 minutes, 0.5579212009906769 seconds
Avg batch train. time: 0.010939631391974056 seconds
Avg sample train. time: 0.001367453923996757 seconds
Evaluating on validation set ...
Validation runtime: 0.0 hours, 0.0 minutes, 0.02274918556213379 seconds

Avg val. time: 0.0 hours, 0.0 minutes, 0.04605071544647217 seconds
Avg batch val. time: 0.007675119241078695 seconds
Avg sample val. time: 0.0010011025097059168 seconds
Epoch 16 Validation Summary: epoch: 16.000000 | loss: 1.470114 | accuracy: 0.521739 | precision: 0.539102 | 
Epoch 17 Training Summary: epoch: 17.000000 | loss: 1.177843 | 
Epoch runtime: 0.0 hours, 0.0 minutes, 0.5268905162811279 seconds

Avg epoch train. time: 0.0 hours, 0.0 minutes, 0.5560958665959975 seconds
Avg batch train. time: 0.010903840521490148 seconds
Avg sample train. time: 0.0013629800651862685 seconds
Epoch 18 Training Summary: epoch: 18.000000 | loss: 1.186846 | 
Epoch runtime: 0.0 hours, 0.0 minutes, 0.541172981262207 seconds

Avg epoch train. time: 0.0 hours, 0.0 minutes, 0.555266817410787 seconds
Avg batch train. time: 0.010887584655113471 seconds
Avg sample train. time: 0.0013609480818891839 seconds
Evaluating on validation set ...
Validation runtime: 0.0 hours, 0.0 minutes, 0.02229619026184082 seconds

Avg val. time: 0.0 hours, 0.0 minutes, 0.04389121315696023 seconds
Avg batch val. time: 0.007315202192826705 seconds
Avg sample val. time: 0.000954156807760005 seconds
Epoch 18 Validation Summary: epoch: 18.000000 | loss: 1.333940 | accuracy: 0.391304 | precision: 0.427879 | 
Epoch 19 Training Summary: epoch: 19.000000 | loss: 1.058395 | 
Epoch runtime: 0.0 hours, 0.0 minutes, 0.5599708557128906 seconds

Avg epoch train. time: 0.0 hours, 0.0 minutes, 0.5555143983740556 seconds
Avg batch train. time: 0.010892439183805011 seconds
Avg sample train. time: 0.0013615548979756264 seconds
Epoch 20 Training Summary: epoch: 20.000000 | loss: 1.092316 | 
Epoch runtime: 0.0 hours, 0.0 minutes, 0.5464987754821777 seconds

Avg epoch train. time: 0.0 hours, 0.0 minutes, 0.5550636172294616 seconds
Avg batch train. time: 0.010883600337832582 seconds
Avg sample train. time: 0.0013604500422290727 seconds
Evaluating on validation set ...
Validation runtime: 0.0 hours, 0.0 minutes, 0.026520490646362305 seconds

Avg val. time: 0.0 hours, 0.0 minutes, 0.042443652947743736 seconds
Avg batch val. time: 0.007073942157957289 seconds
Avg sample val. time: 0.0009226881075596465 seconds
Epoch 20 Validation Summary: epoch: 20.000000 | loss: 1.495070 | accuracy: 0.521739 | precision: 0.517589 | 
Epoch 21 Training Summary: epoch: 21.000000 | loss: 0.973062 | 
Epoch runtime: 0.0 hours, 0.0 minutes, 0.5770294666290283 seconds

Avg epoch train. time: 0.0 hours, 0.0 minutes, 0.5561096100580125 seconds
Avg batch train. time: 0.0109041100011375 seconds
Avg sample train. time: 0.0013630137501421875 seconds
Epoch 22 Training Summary: epoch: 22.000000 | loss: 0.978483 | 
Epoch runtime: 0.0 hours, 0.0 minutes, 0.5701568126678467 seconds

Avg epoch train. time: 0.0 hours, 0.0 minutes, 0.5567481192675504 seconds
Avg batch train. time: 0.010916629789559812 seconds
Avg sample train. time: 0.0013645787236949765 seconds
Evaluating on validation set ...
Validation runtime: 0.0 hours, 0.0 minutes, 0.02498006820678711 seconds

Avg val. time: 0.0 hours, 0.0 minutes, 0.041100300275362454 seconds
Avg batch val. time: 0.006850050045893743 seconds
Avg sample val. time: 0.000893484788594836 seconds
Epoch 22 Validation Summary: epoch: 22.000000 | loss: 1.581580 | accuracy: 0.478261 | precision: 0.544285 | 
Epoch 23 Training Summary: epoch: 23.000000 | loss: 0.914629 | 
Epoch runtime: 0.0 hours, 0.0 minutes, 0.594191312789917 seconds

Avg epoch train. time: 0.0 hours, 0.0 minutes, 0.5583760842033054 seconds
Avg batch train. time: 0.010948550670653048 seconds
Avg sample train. time: 0.001368568833831631 seconds
Epoch 24 Training Summary: epoch: 24.000000 | loss: 0.925088 | 
Epoch runtime: 0.0 hours, 0.0 minutes, 0.5962228775024414 seconds

Avg epoch train. time: 0.0 hours, 0.0 minutes, 0.5599530339241028 seconds
Avg batch train. time: 0.01097947125341378 seconds
Avg sample train. time: 0.0013724339066767226 seconds
Evaluating on validation set ...
Validation runtime: 0.0 hours, 0.0 minutes, 0.02544236183166504 seconds

Avg val. time: 0.0 hours, 0.0 minutes, 0.03998187610081264 seconds
Avg batch val. time: 0.006663646016802107 seconds
Avg sample val. time: 0.0008691712195828835 seconds
Epoch 24 Validation Summary: epoch: 24.000000 | loss: 1.748042 | accuracy: 0.369565 | precision: 0.382609 | 
Epoch 25 Training Summary: epoch: 25.000000 | loss: 0.965500 | 
Epoch runtime: 0.0 hours, 0.0 minutes, 0.58416748046875 seconds

Avg epoch train. time: 0.0 hours, 0.0 minutes, 0.5609216117858886 seconds
Avg batch train. time: 0.010998462976193895 seconds
Avg sample train. time: 0.001374807872024237 seconds
Epoch 26 Training Summary: epoch: 26.000000 | loss: 0.940259 | 
Epoch runtime: 0.0 hours, 0.0 minutes, 0.7108724117279053 seconds

Avg epoch train. time: 0.0 hours, 0.0 minutes, 0.566688950245197 seconds
Avg batch train. time: 0.011111548044023471 seconds
Avg sample train. time: 0.001388943505502934 seconds
Evaluating on validation set ...
Validation runtime: 0.0 hours, 0.0 minutes, 0.028896570205688477 seconds

Avg val. time: 0.0 hours, 0.0 minutes, 0.039242855707804364 seconds
Avg batch val. time: 0.006540475951300727 seconds
Avg sample val. time: 0.0008531055588653123 seconds
Epoch 26 Validation Summary: epoch: 26.000000 | loss: 1.784356 | accuracy: 0.434783 | precision: 0.394410 | 
Epoch 27 Training Summary: epoch: 27.000000 | loss: 0.849674 | 
Epoch runtime: 0.0 hours, 0.0 minutes, 0.5672757625579834 seconds

Avg epoch train. time: 0.0 hours, 0.0 minutes, 0.5667106840345595 seconds
Avg batch train. time: 0.011111974196756068 seconds
Avg sample train. time: 0.0013889967745945085 seconds
Epoch 28 Training Summary: epoch: 28.000000 | loss: 0.871655 | 
Epoch runtime: 0.0 hours, 0.0 minutes, 0.520256519317627 seconds

Avg epoch train. time: 0.0 hours, 0.0 minutes, 0.5650516067232404 seconds
Avg batch train. time: 0.011079443269083144 seconds
Avg sample train. time: 0.001384930408635393 seconds
Evaluating on validation set ...
Validation runtime: 0.0 hours, 0.0 minutes, 0.020956039428710938 seconds

Avg val. time: 0.0 hours, 0.0 minutes, 0.03809992969036102 seconds
Avg batch val. time: 0.006349988281726837 seconds
Avg sample val. time: 0.0008282593410948049 seconds
Epoch 28 Validation Summary: epoch: 28.000000 | loss: 1.553468 | accuracy: 0.521739 | precision: 0.535287 | 
Epoch 29 Training Summary: epoch: 29.000000 | loss: 0.756841 | 
Epoch runtime: 0.0 hours, 0.0 minutes, 0.5427627563476562 seconds

Avg epoch train. time: 0.0 hours, 0.0 minutes, 0.5642830256758065 seconds
Avg batch train. time: 0.011064373052466794 seconds
Avg sample train. time: 0.0013830466315583492 seconds
Epoch 30 Training Summary: epoch: 30.000000 | loss: 0.811017 | 
Epoch runtime: 0.0 hours, 0.0 minutes, 0.545926570892334 seconds

Avg epoch train. time: 0.0 hours, 0.0 minutes, 0.5636711438496907 seconds
Avg batch train. time: 0.01105237536960178 seconds
Avg sample train. time: 0.0013815469212002224 seconds
Evaluating on validation set ...
Validation runtime: 0.0 hours, 0.0 minutes, 0.020781755447387695 seconds

Avg val. time: 0.0 hours, 0.0 minutes, 0.037081213558421415 seconds
Avg batch val. time: 0.006180202259736902 seconds
Avg sample val. time: 0.0008061133382265525 seconds
Epoch 30 Validation Summary: epoch: 30.000000 | loss: 1.897526 | accuracy: 0.478261 | precision: 0.506265 | 
Epoch 31 Training Summary: epoch: 31.000000 | loss: 0.779027 | 
Epoch runtime: 0.0 hours, 0.0 minutes, 0.46875429153442383 seconds

Avg epoch train. time: 0.0 hours, 0.0 minutes, 0.560609309904037 seconds
Avg batch train. time: 0.01099233940988308 seconds
Avg sample train. time: 0.001374042426235385 seconds
Epoch 32 Training Summary: epoch: 32.000000 | loss: 0.883277 | 
Epoch runtime: 0.0 hours, 0.0 minutes, 0.4577469825744629 seconds

Avg epoch train. time: 0.0 hours, 0.0 minutes, 0.5573948621749878 seconds
Avg batch train. time: 0.010929311023038976 seconds
Avg sample train. time: 0.001366163877879872 seconds
Evaluating on validation set ...
Validation runtime: 0.0 hours, 0.0 minutes, 0.019338130950927734 seconds

Avg val. time: 0.0 hours, 0.0 minutes, 0.03609548674689399 seconds
Avg batch val. time: 0.0060159144578156645 seconds
Avg sample val. time: 0.0007846844944976954 seconds
Epoch 32 Validation Summary: epoch: 32.000000 | loss: 1.690510 | accuracy: 0.456522 | precision: 0.459772 | 
Epoch 33 Training Summary: epoch: 33.000000 | loss: 0.811952 | 
Epoch runtime: 0.0 hours, 0.0 minutes, 0.4575536251068115 seconds

Avg epoch train. time: 0.0 hours, 0.0 minutes, 0.5543693701426188 seconds
Avg batch train. time: 0.01086998764985527 seconds
Avg sample train. time: 0.0013587484562319087 seconds
Epoch 34 Training Summary: epoch: 34.000000 | loss: 0.657469 | 
Epoch runtime: 0.0 hours, 0.0 minutes, 0.43440914154052734 seconds

Avg epoch train. time: 0.0 hours, 0.0 minutes, 0.5508411281249103 seconds
Avg batch train. time: 0.01080080643382177 seconds
Avg sample train. time: 0.0013501008042277212 seconds
Evaluating on validation set ...
Validation runtime: 0.0 hours, 0.0 minutes, 0.021170616149902344 seconds

Avg val. time: 0.0 hours, 0.0 minutes, 0.03530996724178916 seconds
Avg batch val. time: 0.0058849945402981935 seconds
Avg sample val. time: 0.0007676079835171557 seconds
Epoch 34 Validation Summary: epoch: 34.000000 | loss: 1.817942 | accuracy: 0.282609 | precision: 0.295059 | 
Epoch 35 Training Summary: epoch: 35.000000 | loss: 0.693624 | 
Epoch runtime: 0.0 hours, 0.0 minutes, 0.45387697219848633 seconds

Avg epoch train. time: 0.0 hours, 0.0 minutes, 0.5480707236698695 seconds
Avg batch train. time: 0.010746484777840579 seconds
Avg sample train. time: 0.0013433105972300724 seconds
Epoch 36 Training Summary: epoch: 36.000000 | loss: 0.810137 | 
Epoch runtime: 0.0 hours, 0.0 minutes, 0.527177095413208 seconds

Avg epoch train. time: 0.0 hours, 0.0 minutes, 0.5474903451071845 seconds
Avg batch train. time: 0.010735104806023226 seconds
Avg sample train. time: 0.0013418881007529033 seconds
Evaluating on validation set ...
Validation runtime: 0.0 hours, 0.0 minutes, 0.021385669708251953 seconds

Avg val. time: 0.0 hours, 0.0 minutes, 0.034613752365112306 seconds
Avg batch val. time: 0.005768958727518717 seconds
Avg sample val. time: 0.0007524728775024414 seconds
Epoch 36 Validation Summary: epoch: 36.000000 | loss: 1.823127 | accuracy: 0.521739 | precision: 0.439354 | 
Epoch 37 Training Summary: epoch: 37.000000 | loss: 0.638897 | 
Epoch runtime: 0.0 hours, 0.0 minutes, 0.50046706199646 seconds

Avg epoch train. time: 0.0 hours, 0.0 minutes, 0.5462194455636514 seconds
Avg batch train. time: 0.010710185207130421 seconds
Avg sample train. time: 0.0013387731508913026 seconds
Epoch 38 Training Summary: epoch: 38.000000 | loss: 0.668718 | 
Epoch runtime: 0.0 hours, 0.0 minutes, 0.49042201042175293 seconds

Avg epoch train. time: 0.0 hours, 0.0 minutes, 0.5447510920072857 seconds
Avg batch train. time: 0.01068139396092717 seconds
Avg sample train. time: 0.0013351742451158963 seconds
Evaluating on validation set ...
Validation runtime: 0.0 hours, 0.0 minutes, 0.02200627326965332 seconds

Avg val. time: 0.0 hours, 0.0 minutes, 0.0340133962177095 seconds
Avg batch val. time: 0.00566889936961825 seconds
Avg sample val. time: 0.0007394216569067282 seconds
Epoch 38 Validation Summary: epoch: 38.000000 | loss: 1.797853 | accuracy: 0.434783 | precision: 0.403303 | 
Epoch 39 Training Summary: epoch: 39.000000 | loss: 0.630618 | 
Epoch runtime: 0.0 hours, 0.0 minutes, 0.4813117980957031 seconds

Avg epoch train. time: 0.0 hours, 0.0 minutes, 0.5431244434454502 seconds
Avg batch train. time: 0.010649498891087258 seconds
Avg sample train. time: 0.0013311873613859073 seconds
Epoch 40 Training Summary: epoch: 40.000000 | loss: 0.709153 | 
Epoch runtime: 0.0 hours, 0.0 minutes, 0.4888458251953125 seconds

Avg epoch train. time: 0.0 hours, 0.0 minutes, 0.5417674779891968 seconds
Avg batch train. time: 0.010622891725278368 seconds
Avg sample train. time: 0.001327861465659796 seconds
Evaluating on validation set ...
Validation runtime: 0.0 hours, 0.0 minutes, 0.02163553237915039 seconds

Avg val. time: 0.0 hours, 0.0 minutes, 0.03345076604322954 seconds
Avg batch val. time: 0.00557512767387159 seconds
Avg sample val. time: 0.0007271905661571639 seconds
Epoch 40 Validation Summary: epoch: 40.000000 | loss: 1.550203 | accuracy: 0.521739 | precision: 0.506564 | 
Best accuracy was 0.5217391304347826. Other metrics: OrderedDict([('epoch', 16), ('loss', 1.470113806102587), ('accuracy', 0.5217391304347826), ('precision', 0.5391022021456804)])
All Done!
Total runtime: 0.0 hours, 0.0 minutes, 45.81980085372925 seconds

