Running:
src/main_5q.py --output_dir experiments --comment classification from Scratch --name VRS_fromScratch --records_file VRS_records.xls --data_dir /mnt/d/OneDrive - Southern Methodist University/Phone_Privacy/input_feature/opticalflow_downsample_480p_s22 --data_class vrs --val_ratio 0.1 --epochs 40 --lr 0.001 --dropout 0.2 --batch_size 8 --num_layers 3 --num_heads 4 --optimizer RAdam --pos_encoding learnable --task classification --normalization none --key_metric accuracy

Using device: cuda
Loading and preprocessing data ...
67 samples may be used for training
8 samples will be used for validation
0 samples will be used for testing
Creating model ...
Model:
TSTransformerEncoderClassiregressor(
  (project_inp): Linear(in_features=8, out_features=64, bias=True)
  (pos_enc): LearnablePositionalEncoding(
    (dropout): Dropout(p=0.2, inplace=False)
  )
  (transformer_encoder): TransformerEncoder(
    (layers): ModuleList(
      (0-2): 3 x TransformerBatchNormEncoderLayer(
        (self_attn): MultiheadAttention(
          (out_proj): NonDynamicallyQuantizableLinear(in_features=64, out_features=64, bias=True)
        )
        (linear1): Linear(in_features=64, out_features=256, bias=True)
        (dropout): Dropout(p=0.2, inplace=False)
        (linear2): Linear(in_features=256, out_features=64, bias=True)
        (norm1): BatchNorm1d(64, eps=1e-05, momentum=0.1, affine=True, track_running_stats=True)
        (norm2): BatchNorm1d(64, eps=1e-05, momentum=0.1, affine=True, track_running_stats=True)
        (dropout1): Dropout(p=0.2, inplace=False)
        (dropout2): Dropout(p=0.2, inplace=False)
      )
    )
  )
  (dropout1): Dropout(p=0.2, inplace=False)
  (output_layer): Linear(in_features=5120, out_features=5, bias=True)
)
Total number of parameters: 181253
Trainable parameters: 181253
Evaluating on validation set ...
Validation runtime: 0.0 hours, 0.0 minutes, 0.3609614372253418 seconds

Avg val. time: 0.0 hours, 0.0 minutes, 0.3609614372253418 seconds
Avg batch val. time: 0.3609614372253418 seconds
Avg sample val. time: 0.045120179653167725 seconds
Epoch 0 Validation Summary: epoch: 0.000000 | loss: 6.224578 | accuracy: 0.125000 | precision: 0.066667 | 
Starting training...
Epoch 1 Training Summary: epoch: 1.000000 | loss: 1.712824 | 
Epoch runtime: 0.0 hours, 0.0 minutes, 0.3025796413421631 seconds

Avg epoch train. time: 0.0 hours, 0.0 minutes, 0.3025796413421631 seconds
Avg batch train. time: 0.033619960149129234 seconds
Avg sample train. time: 0.004516114049883031 seconds
Evaluating on validation set ...
Validation runtime: 0.0 hours, 0.0 minutes, 0.00724339485168457 seconds

Avg val. time: 0.0 hours, 0.0 minutes, 0.18410241603851318 seconds
Avg batch val. time: 0.18410241603851318 seconds
Avg sample val. time: 0.023012802004814148 seconds
Epoch 1 Validation Summary: epoch: 1.000000 | loss: 1.599217 | accuracy: 0.125000 | precision: 0.333333 | 
Epoch 2 Training Summary: epoch: 2.000000 | loss: 1.666162 | 
Epoch runtime: 0.0 hours, 0.0 minutes, 0.09475588798522949 seconds

Avg epoch train. time: 0.0 hours, 0.0 minutes, 0.1986677646636963 seconds
Avg batch train. time: 0.022074196073744033 seconds
Avg sample train. time: 0.0029651905173686014 seconds
Evaluating on validation set ...
Validation runtime: 0.0 hours, 0.0 minutes, 0.00786900520324707 seconds

Avg val. time: 0.0 hours, 0.0 minutes, 0.12535794576009116 seconds
Avg batch val. time: 0.12535794576009116 seconds
Avg sample val. time: 0.015669743220011394 seconds
Epoch 2 Validation Summary: epoch: 2.000000 | loss: 1.570786 | accuracy: 0.125000 | precision: 0.285714 | 
Epoch 3 Training Summary: epoch: 3.000000 | loss: 1.648574 | 
Epoch runtime: 0.0 hours, 0.0 minutes, 0.0903468132019043 seconds

Avg epoch train. time: 0.0 hours, 0.0 minutes, 0.16256078084309897 seconds
Avg batch train. time: 0.01806230898256655 seconds
Avg sample train. time: 0.0024262803110910295 seconds
Epoch 4 Training Summary: epoch: 4.000000 | loss: 1.531955 | 
Epoch runtime: 0.0 hours, 0.0 minutes, 0.0944366455078125 seconds

Avg epoch train. time: 0.0 hours, 0.0 minutes, 0.14552974700927734 seconds
Avg batch train. time: 0.016169971889919706 seconds
Avg sample train. time: 0.0021720857762578707 seconds
Evaluating on validation set ...
Validation runtime: 0.0 hours, 0.0 minutes, 0.006005764007568359 seconds

Avg val. time: 0.0 hours, 0.0 minutes, 0.09551990032196045 seconds
Avg batch val. time: 0.09551990032196045 seconds
Avg sample val. time: 0.011939987540245056 seconds
Epoch 4 Validation Summary: epoch: 4.000000 | loss: 1.566422 | accuracy: 0.125000 | precision: 0.285714 | 
Epoch 5 Training Summary: epoch: 5.000000 | loss: 1.454598 | 
Epoch runtime: 0.0 hours, 0.0 minutes, 0.09002852439880371 seconds

Avg epoch train. time: 0.0 hours, 0.0 minutes, 0.1344295024871826 seconds
Avg batch train. time: 0.014936611387464735 seconds
Avg sample train. time: 0.0020064104848833224 seconds
Epoch 6 Training Summary: epoch: 6.000000 | loss: 1.388950 | 
Epoch runtime: 0.0 hours, 0.0 minutes, 0.09323668479919434 seconds

Avg epoch train. time: 0.0 hours, 0.0 minutes, 0.1275640328725179 seconds
Avg batch train. time: 0.014173781430279768 seconds
Avg sample train. time: 0.0019039407891420584 seconds
Evaluating on validation set ...
Validation runtime: 0.0 hours, 0.0 minutes, 0.006392717361450195 seconds

Avg val. time: 0.0 hours, 0.0 minutes, 0.0776944637298584 seconds
Avg batch val. time: 0.0776944637298584 seconds
Avg sample val. time: 0.0097118079662323 seconds
Epoch 6 Validation Summary: epoch: 6.000000 | loss: 1.460648 | accuracy: 0.375000 | precision: 0.333333 | 
Epoch 7 Training Summary: epoch: 7.000000 | loss: 1.457053 | 
Epoch runtime: 0.0 hours, 0.0 minutes, 0.08863019943237305 seconds

Avg epoch train. time: 0.0 hours, 0.0 minutes, 0.12200205666678292 seconds
Avg batch train. time: 0.013555784074086991 seconds
Avg sample train. time: 0.0018209262189072077 seconds
Epoch 8 Training Summary: epoch: 8.000000 | loss: 1.346817 | 
Epoch runtime: 0.0 hours, 0.0 minutes, 0.09583711624145508 seconds

Avg epoch train. time: 0.0 hours, 0.0 minutes, 0.11873143911361694 seconds
Avg batch train. time: 0.013192382123735216 seconds
Avg sample train. time: 0.0017721110315465215 seconds
Evaluating on validation set ...
Validation runtime: 0.0 hours, 0.0 minutes, 0.0062007904052734375 seconds

Avg val. time: 0.0 hours, 0.0 minutes, 0.06577885150909424 seconds
Avg batch val. time: 0.06577885150909424 seconds
Avg sample val. time: 0.00822235643863678 seconds
Epoch 8 Validation Summary: epoch: 8.000000 | loss: 1.440352 | accuracy: 0.250000 | precision: 0.333333 | 
Epoch 9 Training Summary: epoch: 9.000000 | loss: 1.292461 | 
Epoch runtime: 0.0 hours, 0.0 minutes, 0.09675836563110352 seconds

Avg epoch train. time: 0.0 hours, 0.0 minutes, 0.11628998650444879 seconds
Avg batch train. time: 0.012921109611605421 seconds
Avg sample train. time: 0.0017356714403649073 seconds
Epoch 10 Training Summary: epoch: 10.000000 | loss: 1.304473 | 
Epoch runtime: 0.0 hours, 0.0 minutes, 0.10452103614807129 seconds

Avg epoch train. time: 0.0 hours, 0.0 minutes, 0.11511309146881103 seconds
Avg batch train. time: 0.01279034349653456 seconds
Avg sample train. time: 0.001718105842818075 seconds
Evaluating on validation set ...
Validation runtime: 0.0 hours, 0.0 minutes, 0.009508132934570312 seconds

Avg val. time: 0.0 hours, 0.0 minutes, 0.05774017742701939 seconds
Avg batch val. time: 0.05774017742701939 seconds
Avg sample val. time: 0.007217522178377424 seconds
Epoch 10 Validation Summary: epoch: 10.000000 | loss: 1.470443 | accuracy: 0.375000 | precision: 0.375000 | 
Epoch 11 Training Summary: epoch: 11.000000 | loss: 1.204117 | 
Epoch runtime: 0.0 hours, 0.0 minutes, 0.0964353084564209 seconds

Avg epoch train. time: 0.0 hours, 0.0 minutes, 0.11341511119495738 seconds
Avg batch train. time: 0.012601679021661932 seconds
Avg sample train. time: 0.0016927628536560803 seconds
Epoch 12 Training Summary: epoch: 12.000000 | loss: 1.104202 | 
Epoch runtime: 0.0 hours, 0.0 minutes, 0.0989377498626709 seconds

Avg epoch train. time: 0.0 hours, 0.0 minutes, 0.11220866441726685 seconds
Avg batch train. time: 0.012467629379696317 seconds
Avg sample train. time: 0.001674756185332341 seconds
Evaluating on validation set ...
Validation runtime: 0.0 hours, 0.0 minutes, 0.006601572036743164 seconds

Avg val. time: 0.0 hours, 0.0 minutes, 0.05134785175323486 seconds
Avg batch val. time: 0.05134785175323486 seconds
Avg sample val. time: 0.006418481469154358 seconds
Epoch 12 Validation Summary: epoch: 12.000000 | loss: 1.480246 | accuracy: 0.375000 | precision: 0.380952 | 
Epoch 13 Training Summary: epoch: 13.000000 | loss: 1.085052 | 
Epoch runtime: 0.0 hours, 0.0 minutes, 0.09573507308959961 seconds

Avg epoch train. time: 0.0 hours, 0.0 minutes, 0.11094146508436936 seconds
Avg batch train. time: 0.012326829453818819 seconds
Avg sample train. time: 0.0016558427624532742 seconds
Epoch 14 Training Summary: epoch: 14.000000 | loss: 1.066574 | 
Epoch runtime: 0.0 hours, 0.0 minutes, 0.10207557678222656 seconds

Avg epoch train. time: 0.0 hours, 0.0 minutes, 0.11030818734850202 seconds
Avg batch train. time: 0.01225646526094467 seconds
Avg sample train. time: 0.0016463908559477913 seconds
Evaluating on validation set ...
Validation runtime: 0.0 hours, 0.0 minutes, 0.01046442985534668 seconds

Avg val. time: 0.0 hours, 0.0 minutes, 0.046805249320136175 seconds
Avg batch val. time: 0.046805249320136175 seconds
Avg sample val. time: 0.005850656165017022 seconds
Epoch 14 Validation Summary: epoch: 14.000000 | loss: 1.633512 | accuracy: 0.500000 | precision: 0.533333 | 
Epoch 15 Training Summary: epoch: 15.000000 | loss: 1.006475 | 
Epoch runtime: 0.0 hours, 0.0 minutes, 0.09812355041503906 seconds

Avg epoch train. time: 0.0 hours, 0.0 minutes, 0.10949587821960449 seconds
Avg batch train. time: 0.012166208691067167 seconds
Avg sample train. time: 0.0016342668390985746 seconds
Epoch 16 Training Summary: epoch: 16.000000 | loss: 0.955929 | 
Epoch runtime: 0.0 hours, 0.0 minutes, 0.114044189453125 seconds

Avg epoch train. time: 0.0 hours, 0.0 minutes, 0.10978014767169952 seconds
Avg batch train. time: 0.012197794185744392 seconds
Avg sample train. time: 0.001638509666741784 seconds
Evaluating on validation set ...
Validation runtime: 0.0 hours, 0.0 minutes, 0.006859540939331055 seconds

Avg val. time: 0.0 hours, 0.0 minutes, 0.042810678482055664 seconds
Avg batch val. time: 0.042810678482055664 seconds
Avg sample val. time: 0.005351334810256958 seconds
Epoch 16 Validation Summary: epoch: 16.000000 | loss: 1.636671 | accuracy: 0.500000 | precision: 0.533333 | 
Epoch 17 Training Summary: epoch: 17.000000 | loss: 0.916465 | 
Epoch runtime: 0.0 hours, 0.0 minutes, 0.09266328811645508 seconds

Avg epoch train. time: 0.0 hours, 0.0 minutes, 0.10877327358021456 seconds
Avg batch train. time: 0.012085919286690507 seconds
Avg sample train. time: 0.001623481695227083 seconds
Epoch 18 Training Summary: epoch: 18.000000 | loss: 0.887016 | 
Epoch runtime: 0.0 hours, 0.0 minutes, 0.08730912208557129 seconds

Avg epoch train. time: 0.0 hours, 0.0 minutes, 0.10758082071940105 seconds
Avg batch train. time: 0.011953424524377894 seconds
Avg sample train. time: 0.001605683891334344 seconds
Evaluating on validation set ...
Validation runtime: 0.0 hours, 0.0 minutes, 0.00829768180847168 seconds

Avg val. time: 0.0 hours, 0.0 minutes, 0.03967313332991167 seconds
Avg batch val. time: 0.03967313332991167 seconds
Avg sample val. time: 0.004959141666238958 seconds
Epoch 18 Validation Summary: epoch: 18.000000 | loss: 1.848534 | accuracy: 0.375000 | precision: 0.277778 | 
Epoch 19 Training Summary: epoch: 19.000000 | loss: 0.801528 | 
Epoch runtime: 0.0 hours, 0.0 minutes, 0.09309792518615723 seconds

Avg epoch train. time: 0.0 hours, 0.0 minutes, 0.10681856305975664 seconds
Avg batch train. time: 0.011868729228861848 seconds
Avg sample train. time: 0.0015943069113396513 seconds
Epoch 20 Training Summary: epoch: 20.000000 | loss: 0.743733 | 
Epoch runtime: 0.0 hours, 0.0 minutes, 0.08851933479309082 seconds

Avg epoch train. time: 0.0 hours, 0.0 minutes, 0.10590360164642335 seconds
Avg batch train. time: 0.011767066849602595 seconds
Avg sample train. time: 0.0015806507708421395 seconds
Evaluating on validation set ...
Validation runtime: 0.0 hours, 0.0 minutes, 0.006327390670776367 seconds

Avg val. time: 0.0 hours, 0.0 minutes, 0.03689432144165039 seconds
Avg batch val. time: 0.03689432144165039 seconds
Avg sample val. time: 0.004611790180206299 seconds
Epoch 20 Validation Summary: epoch: 20.000000 | loss: 1.946945 | accuracy: 0.375000 | precision: 0.333333 | 
Epoch 21 Training Summary: epoch: 21.000000 | loss: 0.678683 | 
Epoch runtime: 0.0 hours, 0.0 minutes, 0.09551239013671875 seconds

Avg epoch train. time: 0.0 hours, 0.0 minutes, 0.10540878205072313 seconds
Avg batch train. time: 0.011712086894524791 seconds
Avg sample train. time: 0.0015732654037421362 seconds
Epoch 22 Training Summary: epoch: 22.000000 | loss: 0.708028 | 
Epoch runtime: 0.0 hours, 0.0 minutes, 0.0958704948425293 seconds

Avg epoch train. time: 0.0 hours, 0.0 minutes, 0.10497522354125977 seconds
Avg batch train. time: 0.01166391372680664 seconds
Avg sample train. time: 0.0015667943812128324 seconds
Evaluating on validation set ...
Validation runtime: 0.0 hours, 0.0 minutes, 0.007347822189331055 seconds

Avg val. time: 0.0 hours, 0.0 minutes, 0.034621513806856595 seconds
Avg batch val. time: 0.034621513806856595 seconds
Avg sample val. time: 0.004327689225857074 seconds
Epoch 22 Validation Summary: epoch: 22.000000 | loss: 1.965034 | accuracy: 0.250000 | precision: 0.285714 | 
Epoch 23 Training Summary: epoch: 23.000000 | loss: 0.621773 | 
Epoch runtime: 0.0 hours, 0.0 minutes, 0.0997927188873291 seconds

Avg epoch train. time: 0.0 hours, 0.0 minutes, 0.10474989725195843 seconds
Avg batch train. time: 0.011638877472439826 seconds
Avg sample train. time: 0.0015634313022680364 seconds
Epoch 24 Training Summary: epoch: 24.000000 | loss: 0.592977 | 
Epoch runtime: 0.0 hours, 0.0 minutes, 0.09508919715881348 seconds

Avg epoch train. time: 0.0 hours, 0.0 minutes, 0.10434736808141072 seconds
Avg batch train. time: 0.011594152009045636 seconds
Avg sample train. time: 0.00155742340420016 seconds
Evaluating on validation set ...
Validation runtime: 0.0 hours, 0.0 minutes, 0.0066242218017578125 seconds

Avg val. time: 0.0 hours, 0.0 minutes, 0.03262170723506382 seconds
Avg batch val. time: 0.03262170723506382 seconds
Avg sample val. time: 0.004077713404382978 seconds
Epoch 24 Validation Summary: epoch: 24.000000 | loss: 2.367266 | accuracy: 0.375000 | precision: 0.416667 | 
Epoch 25 Training Summary: epoch: 25.000000 | loss: 0.574757 | 
Epoch runtime: 0.0 hours, 0.0 minutes, 0.09380030632019043 seconds

Avg epoch train. time: 0.0 hours, 0.0 minutes, 0.10392548561096192 seconds
Avg batch train. time: 0.011547276178995768 seconds
Avg sample train. time: 0.0015511266509098793 seconds
Epoch 26 Training Summary: epoch: 26.000000 | loss: 0.568722 | 
Epoch runtime: 0.0 hours, 0.0 minutes, 0.09684491157531738 seconds

Avg epoch train. time: 0.0 hours, 0.0 minutes, 0.1036531558403602 seconds
Avg batch train. time: 0.011517017315595577 seconds
Avg sample train. time: 0.0015470620274680626 seconds
Evaluating on validation set ...
Validation runtime: 0.0 hours, 0.0 minutes, 0.007935762405395508 seconds

Avg val. time: 0.0 hours, 0.0 minutes, 0.030975977579752605 seconds
Avg batch val. time: 0.030975977579752605 seconds
Avg sample val. time: 0.0038719971974690757 seconds
Epoch 26 Validation Summary: epoch: 26.000000 | loss: 2.528581 | accuracy: 0.250000 | precision: 0.250000 | 
Epoch 27 Training Summary: epoch: 27.000000 | loss: 0.642159 | 
Epoch runtime: 0.0 hours, 0.0 minutes, 0.09444093704223633 seconds

Avg epoch train. time: 0.0 hours, 0.0 minutes, 0.10331196255154079 seconds
Avg batch train. time: 0.0114791069501712 seconds
Avg sample train. time: 0.0015419695903215044 seconds
Epoch 28 Training Summary: epoch: 28.000000 | loss: 0.435835 | 
Epoch runtime: 0.0 hours, 0.0 minutes, 0.09856820106506348 seconds

Avg epoch train. time: 0.0 hours, 0.0 minutes, 0.10314254249845232 seconds
Avg batch train. time: 0.011460282499828035 seconds
Avg sample train. time: 0.0015394409328127214 seconds
Evaluating on validation set ...
Validation runtime: 0.0 hours, 0.0 minutes, 0.0058460235595703125 seconds

Avg val. time: 0.0 hours, 0.0 minutes, 0.02940535545349121 seconds
Avg batch val. time: 0.02940535545349121 seconds
Avg sample val. time: 0.0036756694316864014 seconds
Epoch 28 Validation Summary: epoch: 28.000000 | loss: 2.807060 | accuracy: 0.375000 | precision: 0.416667 | 
Epoch 29 Training Summary: epoch: 29.000000 | loss: 0.415808 | 
Epoch runtime: 0.0 hours, 0.0 minutes, 0.10668277740478516 seconds

Avg epoch train. time: 0.0 hours, 0.0 minutes, 0.10326461956418793 seconds
Avg batch train. time: 0.011473846618243104 seconds
Avg sample train. time: 0.0015412629785699693 seconds
Epoch 30 Training Summary: epoch: 30.000000 | loss: 0.568417 | 
Epoch runtime: 0.0 hours, 0.0 minutes, 0.09679245948791504 seconds

Avg epoch train. time: 0.0 hours, 0.0 minutes, 0.10304888089497884 seconds
Avg batch train. time: 0.011449875654997648 seconds
Avg sample train. time: 0.00153804299843252 seconds
Evaluating on validation set ...
Validation runtime: 0.0 hours, 0.0 minutes, 0.007017612457275391 seconds

Avg val. time: 0.0 hours, 0.0 minutes, 0.028088429394890282 seconds
Avg batch val. time: 0.028088429394890282 seconds
Avg sample val. time: 0.0035110536743612852 seconds
Epoch 30 Validation Summary: epoch: 30.000000 | loss: 2.595148 | accuracy: 0.250000 | precision: 0.285714 | 
Epoch 31 Training Summary: epoch: 31.000000 | loss: 0.384088 | 
Epoch runtime: 0.0 hours, 0.0 minutes, 0.09378552436828613 seconds

Avg epoch train. time: 0.0 hours, 0.0 minutes, 0.10275006294250488 seconds
Avg batch train. time: 0.01141667366027832 seconds
Avg sample train. time: 0.0015335830289926102 seconds
Epoch 32 Training Summary: epoch: 32.000000 | loss: 0.362867 | 
Epoch runtime: 0.0 hours, 0.0 minutes, 0.09752917289733887 seconds

Avg epoch train. time: 0.0 hours, 0.0 minutes, 0.10258691012859344 seconds
Avg batch train. time: 0.011398545569843717 seconds
Avg sample train. time: 0.0015311479123670663 seconds
Evaluating on validation set ...
Validation runtime: 0.0 hours, 0.0 minutes, 0.006432056427001953 seconds

Avg val. time: 0.0 hours, 0.0 minutes, 0.02688529756334093 seconds
Avg batch val. time: 0.02688529756334093 seconds
Avg sample val. time: 0.003360662195417616 seconds
Epoch 32 Validation Summary: epoch: 32.000000 | loss: 2.294540 | accuracy: 0.500000 | precision: 0.619048 | 
Epoch 33 Training Summary: epoch: 33.000000 | loss: 0.338296 | 
Epoch runtime: 0.0 hours, 0.0 minutes, 0.09920573234558105 seconds

Avg epoch train. time: 0.0 hours, 0.0 minutes, 0.10248445019577489 seconds
Avg batch train. time: 0.011387161132863876 seconds
Avg sample train. time: 0.001529618659638431 seconds
Epoch 34 Training Summary: epoch: 34.000000 | loss: 0.297810 | 
Epoch runtime: 0.0 hours, 0.0 minutes, 0.09150290489196777 seconds

Avg epoch train. time: 0.0 hours, 0.0 minutes, 0.10216146356919233 seconds
Avg batch train. time: 0.01135127372991026 seconds
Avg sample train. time: 0.0015247979637192884 seconds
Evaluating on validation set ...
Validation runtime: 0.0 hours, 0.0 minutes, 0.0062122344970703125 seconds

Avg val. time: 0.0 hours, 0.0 minutes, 0.02579724161248458 seconds
Avg batch val. time: 0.02579724161248458 seconds
Avg sample val. time: 0.0032246552015605724 seconds
Epoch 34 Validation Summary: epoch: 34.000000 | loss: 2.570795 | accuracy: 0.375000 | precision: 0.416667 | 
Epoch 35 Training Summary: epoch: 35.000000 | loss: 0.253889 | 
Epoch runtime: 0.0 hours, 0.0 minutes, 0.09956669807434082 seconds

Avg epoch train. time: 0.0 hours, 0.0 minutes, 0.10208732741219657 seconds
Avg batch train. time: 0.011343036379132953 seconds
Avg sample train. time: 0.0015236914539133817 seconds
Epoch 36 Training Summary: epoch: 36.000000 | loss: 0.282217 | 
Epoch runtime: 0.0 hours, 0.0 minutes, 0.09055948257446289 seconds

Avg epoch train. time: 0.0 hours, 0.0 minutes, 0.1017671095000373 seconds
Avg batch train. time: 0.011307456611115256 seconds
Avg sample train. time: 0.0015189120820901089 seconds
Evaluating on validation set ...
Validation runtime: 0.0 hours, 0.0 minutes, 0.007523536682128906 seconds

Avg val. time: 0.0 hours, 0.0 minutes, 0.024883556365966796 seconds
Avg batch val. time: 0.024883556365966796 seconds
Avg sample val. time: 0.0031104445457458495 seconds
Epoch 36 Validation Summary: epoch: 36.000000 | loss: 2.940813 | accuracy: 0.250000 | precision: 0.500000 | 
Epoch 37 Training Summary: epoch: 37.000000 | loss: 0.287058 | 
Epoch runtime: 0.0 hours, 0.0 minutes, 0.10126113891601562 seconds

Avg epoch train. time: 0.0 hours, 0.0 minutes, 0.10175343461938806 seconds
Avg batch train. time: 0.011305937179932007 seconds
Avg sample train. time: 0.0015187079793938516 seconds
Epoch 38 Training Summary: epoch: 38.000000 | loss: 0.240932 | 
Epoch runtime: 0.0 hours, 0.0 minutes, 0.10684919357299805 seconds

Avg epoch train. time: 0.0 hours, 0.0 minutes, 0.10188753353921991 seconds
Avg batch train. time: 0.011320837059913323 seconds
Avg sample train. time: 0.0015207094558092524 seconds
Evaluating on validation set ...
Validation runtime: 0.0 hours, 0.0 minutes, 0.007332563400268555 seconds

Avg val. time: 0.0 hours, 0.0 minutes, 0.024047794796171643 seconds
Avg batch val. time: 0.024047794796171643 seconds
Avg sample val. time: 0.0030059743495214554 seconds
Epoch 38 Validation Summary: epoch: 38.000000 | loss: 2.872732 | accuracy: 0.375000 | precision: 0.523810 | 
Epoch 39 Training Summary: epoch: 39.000000 | loss: 0.193206 | 
Epoch runtime: 0.0 hours, 0.0 minutes, 0.10581159591674805 seconds

Avg epoch train. time: 0.0 hours, 0.0 minutes, 0.10198815052325909 seconds
Avg batch train. time: 0.011332016724806566 seconds
Avg sample train. time: 0.0015222112018396879 seconds
Epoch 40 Training Summary: epoch: 40.000000 | loss: 0.192027 | 
Epoch runtime: 0.0 hours, 0.0 minutes, 0.10096883773803711 seconds

Avg epoch train. time: 0.0 hours, 0.0 minutes, 0.10196266770362854 seconds
Avg batch train. time: 0.011329185300403171 seconds
Avg sample train. time: 0.0015218308612481872 seconds
Evaluating on validation set ...
Validation runtime: 0.0 hours, 0.0 minutes, 0.006957292556762695 seconds

Avg val. time: 0.0 hours, 0.0 minutes, 0.023270953785289417 seconds
Avg batch val. time: 0.023270953785289417 seconds
Avg sample val. time: 0.002908869223161177 seconds
Epoch 40 Validation Summary: epoch: 40.000000 | loss: 2.726307 | accuracy: 0.375000 | precision: 0.666667 | 
Best accuracy was 0.5. Other metrics: OrderedDict([('epoch', 14), ('loss', 1.6335116624832153), ('accuracy', 0.5), ('precision', 0.5333333333333334)])
All Done!
Total runtime: 0.0 hours, 0.0 minutes, 7.8431782722473145 seconds

