Running:
src/main_5q.py --output_dir experiments --comment classification from Scratch --name VRS_fromScratch --records_file VRS_records.xls --data_dir /mnt/d/OneDrive - Southern Methodist University/Phone_Privacy/input_feature/combine_opticalflow_44_all_feat_downsample_480p_s22 --data_class vrs --val_ratio 0.1 --epochs 40 --lr 0.001 --dropout 0.2 --batch_size 8 --num_layers 3 --num_heads 4 --optimizer RAdam --pos_encoding learnable --task classification --normalization none --key_metric accuracy

Using device: cuda
Loading and preprocessing data ...
408 samples may be used for training
46 samples will be used for validation
0 samples will be used for testing
Creating model ...
Model:
TSTransformerEncoderClassiregressor(
  (project_inp): Linear(in_features=71, out_features=64, bias=True)
  (pos_enc): LearnablePositionalEncoding(
    (dropout): Dropout(p=0.2, inplace=False)
  )
  (transformer_encoder): TransformerEncoder(
    (layers): ModuleList(
      (0-2): 3 x TransformerBatchNormEncoderLayer(
        (self_attn): MultiheadAttention(
          (out_proj): NonDynamicallyQuantizableLinear(in_features=64, out_features=64, bias=True)
        )
        (linear1): Linear(in_features=64, out_features=256, bias=True)
        (dropout): Dropout(p=0.2, inplace=False)
        (linear2): Linear(in_features=256, out_features=64, bias=True)
        (norm1): BatchNorm1d(64, eps=1e-05, momentum=0.1, affine=True, track_running_stats=True)
        (norm2): BatchNorm1d(64, eps=1e-05, momentum=0.1, affine=True, track_running_stats=True)
        (dropout1): Dropout(p=0.2, inplace=False)
        (dropout2): Dropout(p=0.2, inplace=False)
      )
    )
  )
  (dropout1): Dropout(p=0.2, inplace=False)
  (output_layer): Linear(in_features=5120, out_features=5, bias=True)
)
Total number of parameters: 185285
Trainable parameters: 185285
Evaluating on validation set ...
Validation runtime: 0.0 hours, 0.0 minutes, 0.41323351860046387 seconds

Avg val. time: 0.0 hours, 0.0 minutes, 0.41323351860046387 seconds
Avg batch val. time: 0.06887225310007732 seconds
Avg sample val. time: 0.00898333736087965 seconds
Epoch 0 Validation Summary: epoch: 0.000000 | loss: 5.065585 | accuracy: 0.108696 | precision: 0.070238 | 
Starting training...
Epoch 1 Training Summary: epoch: 1.000000 | loss: 1.681824 | 
Epoch runtime: 0.0 hours, 0.0 minutes, 0.9154517650604248 seconds

Avg epoch train. time: 0.0 hours, 0.0 minutes, 0.9154517650604248 seconds
Avg batch train. time: 0.017950034609027936 seconds
Avg sample train. time: 0.002243754326128492 seconds
Evaluating on validation set ...
Validation runtime: 0.0 hours, 0.0 minutes, 0.03565406799316406 seconds

Avg val. time: 0.0 hours, 0.0 minutes, 0.22444379329681396 seconds
Avg batch val. time: 0.03740729888280233 seconds
Avg sample val. time: 0.0048792128977568254 seconds
Epoch 1 Validation Summary: epoch: 1.000000 | loss: 1.593803 | accuracy: 0.195652 | precision: 0.240953 | 
Epoch 2 Training Summary: epoch: 2.000000 | loss: 1.583773 | 
Epoch runtime: 0.0 hours, 0.0 minutes, 0.7314612865447998 seconds

Avg epoch train. time: 0.0 hours, 0.0 minutes, 0.8234565258026123 seconds
Avg batch train. time: 0.016146206388286517 seconds
Avg sample train. time: 0.0020182757985358147 seconds
Evaluating on validation set ...
Validation runtime: 0.0 hours, 0.0 minutes, 0.04862499237060547 seconds

Avg val. time: 0.0 hours, 0.0 minutes, 0.16583752632141113 seconds
Avg batch val. time: 0.027639587720235188 seconds
Avg sample val. time: 0.003605163615682851 seconds
Epoch 2 Validation Summary: epoch: 2.000000 | loss: 1.513906 | accuracy: 0.260870 | precision: 0.248325 | 
Epoch 3 Training Summary: epoch: 3.000000 | loss: 1.505984 | 
Epoch runtime: 0.0 hours, 0.0 minutes, 0.73443603515625 seconds

Avg epoch train. time: 0.0 hours, 0.0 minutes, 0.7937830289204916 seconds
Avg batch train. time: 0.01556437311608807 seconds
Avg sample train. time: 0.0019455466395110089 seconds
Epoch 4 Training Summary: epoch: 4.000000 | loss: 1.451450 | 
Epoch runtime: 0.0 hours, 0.0 minutes, 0.7287604808807373 seconds

Avg epoch train. time: 0.0 hours, 0.0 minutes, 0.777527391910553 seconds
Avg batch train. time: 0.01524563513550104 seconds
Avg sample train. time: 0.00190570439193763 seconds
Evaluating on validation set ...
Validation runtime: 0.0 hours, 0.0 minutes, 0.030649185180664062 seconds

Avg val. time: 0.0 hours, 0.0 minutes, 0.13204044103622437 seconds
Avg batch val. time: 0.02200674017270406 seconds
Avg sample val. time: 0.0028704443703527036 seconds
Epoch 4 Validation Summary: epoch: 4.000000 | loss: 1.641104 | accuracy: 0.260870 | precision: 0.179490 | 
Epoch 5 Training Summary: epoch: 5.000000 | loss: 1.347999 | 
Epoch runtime: 0.0 hours, 0.0 minutes, 0.7554817199707031 seconds

Avg epoch train. time: 0.0 hours, 0.0 minutes, 0.773118257522583 seconds
Avg batch train. time: 0.015159181520050647 seconds
Avg sample train. time: 0.001894897690006331 seconds
Epoch 6 Training Summary: epoch: 6.000000 | loss: 1.284332 | 
Epoch runtime: 0.0 hours, 0.0 minutes, 0.7248625755310059 seconds

Avg epoch train. time: 0.0 hours, 0.0 minutes, 0.7650756438573202 seconds
Avg batch train. time: 0.015001483212888632 seconds
Avg sample train. time: 0.001875185401611079 seconds
Evaluating on validation set ...
Validation runtime: 0.0 hours, 0.0 minutes, 0.04155397415161133 seconds

Avg val. time: 0.0 hours, 0.0 minutes, 0.11394314765930176 seconds
Avg batch val. time: 0.018990524609883628 seconds
Avg sample val. time: 0.0024770249491152556 seconds
Epoch 6 Validation Summary: epoch: 6.000000 | loss: 1.623438 | accuracy: 0.304348 | precision: 0.335326 | 
Epoch 7 Training Summary: epoch: 7.000000 | loss: 1.211990 | 
Epoch runtime: 0.0 hours, 0.0 minutes, 0.7276403903961182 seconds

Avg epoch train. time: 0.0 hours, 0.0 minutes, 0.7597277505057198 seconds
Avg batch train. time: 0.014896622558935682 seconds
Avg sample train. time: 0.0018620778198669603 seconds
Epoch 8 Training Summary: epoch: 8.000000 | loss: 1.193818 | 
Epoch runtime: 0.0 hours, 0.0 minutes, 0.7340366840362549 seconds

Avg epoch train. time: 0.0 hours, 0.0 minutes, 0.7565163671970367 seconds
Avg batch train. time: 0.014833654258765426 seconds
Avg sample train. time: 0.0018542067823456782 seconds
Evaluating on validation set ...
Validation runtime: 0.0 hours, 0.0 minutes, 0.04268217086791992 seconds

Avg val. time: 0.0 hours, 0.0 minutes, 0.10206631819407146 seconds
Avg batch val. time: 0.017011053032345243 seconds
Avg sample val. time: 0.0022188330042189446 seconds
Epoch 8 Validation Summary: epoch: 8.000000 | loss: 1.513494 | accuracy: 0.304348 | precision: 0.291477 | 
Epoch 9 Training Summary: epoch: 9.000000 | loss: 1.121925 | 
Epoch runtime: 0.0 hours, 0.0 minutes, 0.7480945587158203 seconds

Avg epoch train. time: 0.0 hours, 0.0 minutes, 0.7555806106991239 seconds
Avg batch train. time: 0.014815306092139683 seconds
Avg sample train. time: 0.0018519132615174604 seconds
Epoch 10 Training Summary: epoch: 10.000000 | loss: 0.986513 | 
Epoch runtime: 0.0 hours, 0.0 minutes, 0.7202906608581543 seconds

Avg epoch train. time: 0.0 hours, 0.0 minutes, 0.7520516157150269 seconds
Avg batch train. time: 0.014746110112059351 seconds
Avg sample train. time: 0.001843263764007419 seconds
Evaluating on validation set ...
Validation runtime: 0.0 hours, 0.0 minutes, 0.04330325126647949 seconds

Avg val. time: 0.0 hours, 0.0 minutes, 0.0936715943472726 seconds
Avg batch val. time: 0.0156119323912121 seconds
Avg sample val. time: 0.002036339007549404 seconds
Epoch 10 Validation Summary: epoch: 10.000000 | loss: 1.704998 | accuracy: 0.260870 | precision: 0.337371 | 
Epoch 11 Training Summary: epoch: 11.000000 | loss: 0.943345 | 
Epoch runtime: 0.0 hours, 0.0 minutes, 0.7592129707336426 seconds

Avg epoch train. time: 0.0 hours, 0.0 minutes, 0.7527026479894464 seconds
Avg batch train. time: 0.01475887545077346 seconds
Avg sample train. time: 0.0018448594313466825 seconds
Epoch 12 Training Summary: epoch: 12.000000 | loss: 0.910367 | 
Epoch runtime: 0.0 hours, 0.0 minutes, 0.7554559707641602 seconds

Avg epoch train. time: 0.0 hours, 0.0 minutes, 0.752932091554006 seconds
Avg batch train. time: 0.014763374344196195 seconds
Avg sample train. time: 0.0018454217930245244 seconds
Evaluating on validation set ...
Validation runtime: 0.0 hours, 0.0 minutes, 0.03952980041503906 seconds

Avg val. time: 0.0 hours, 0.0 minutes, 0.08690387010574341 seconds
Avg batch val. time: 0.014483978350957235 seconds
Avg sample val. time: 0.001889214567516161 seconds
Epoch 12 Validation Summary: epoch: 12.000000 | loss: 1.919088 | accuracy: 0.282609 | precision: 0.248913 | 
Epoch 13 Training Summary: epoch: 13.000000 | loss: 0.830407 | 
Epoch runtime: 0.0 hours, 0.0 minutes, 0.7931935787200928 seconds

Avg epoch train. time: 0.0 hours, 0.0 minutes, 0.7560291290283203 seconds
Avg batch train. time: 0.014824100569182751 seconds
Avg sample train. time: 0.0018530125711478439 seconds
Epoch 14 Training Summary: epoch: 14.000000 | loss: 0.769884 | 
Epoch runtime: 0.0 hours, 0.0 minutes, 0.7684073448181152 seconds

Avg epoch train. time: 0.0 hours, 0.0 minutes, 0.75691328729902 seconds
Avg batch train. time: 0.014841437005863137 seconds
Avg sample train. time: 0.0018551796257328921 seconds
Evaluating on validation set ...
Validation runtime: 0.0 hours, 0.0 minutes, 0.028773784637451172 seconds

Avg val. time: 0.0 hours, 0.0 minutes, 0.08044497172037761 seconds
Avg batch val. time: 0.013407495286729602 seconds
Avg sample val. time: 0.0017488037330516872 seconds
Epoch 14 Validation Summary: epoch: 14.000000 | loss: 2.073785 | accuracy: 0.282609 | precision: 0.300851 | 
Epoch 15 Training Summary: epoch: 15.000000 | loss: 0.740434 | 
Epoch runtime: 0.0 hours, 0.0 minutes, 0.7489449977874756 seconds

Avg epoch train. time: 0.0 hours, 0.0 minutes, 0.7563820679982504 seconds
Avg batch train. time: 0.014831020941142165 seconds
Avg sample train. time: 0.0018538776176427706 seconds
Epoch 16 Training Summary: epoch: 16.000000 | loss: 0.651767 | 
Epoch runtime: 0.0 hours, 0.0 minutes, 0.8080940246582031 seconds

Avg epoch train. time: 0.0 hours, 0.0 minutes, 0.7596140652894974 seconds
Avg batch train. time: 0.014894393437048969 seconds
Avg sample train. time: 0.001861799179631121 seconds
Evaluating on validation set ...
Validation runtime: 0.0 hours, 0.0 minutes, 0.0350031852722168 seconds

Avg val. time: 0.0 hours, 0.0 minutes, 0.07590079307556152 seconds
Avg batch val. time: 0.012650132179260254 seconds
Avg sample val. time: 0.0016500172407730765 seconds
Epoch 16 Validation Summary: epoch: 16.000000 | loss: 2.061568 | accuracy: 0.282609 | precision: 0.273481 | 
Epoch 17 Training Summary: epoch: 17.000000 | loss: 0.587255 | 
Epoch runtime: 0.0 hours, 0.0 minutes, 0.7300655841827393 seconds

Avg epoch train. time: 0.0 hours, 0.0 minutes, 0.757875919342041 seconds
Avg batch train. time: 0.014860312143961588 seconds
Avg sample train. time: 0.0018575390179951985 seconds
Epoch 18 Training Summary: epoch: 18.000000 | loss: 0.513358 | 
Epoch runtime: 0.0 hours, 0.0 minutes, 0.788071870803833 seconds

Avg epoch train. time: 0.0 hours, 0.0 minutes, 0.7595534722010294 seconds
Avg batch train. time: 0.014893205337275086 seconds
Avg sample train. time: 0.0018616506671593857 seconds
Evaluating on validation set ...
Validation runtime: 0.0 hours, 0.0 minutes, 0.030390262603759766 seconds

Avg val. time: 0.0 hours, 0.0 minutes, 0.07176347212357954 seconds
Avg batch val. time: 0.011960578687263258 seconds
Avg sample val. time: 0.0015600754809473815 seconds
Epoch 18 Validation Summary: epoch: 18.000000 | loss: 2.142513 | accuracy: 0.282609 | precision: 0.256841 | 
Epoch 19 Training Summary: epoch: 19.000000 | loss: 0.506910 | 
Epoch runtime: 0.0 hours, 0.0 minutes, 0.7459259033203125 seconds

Avg epoch train. time: 0.0 hours, 0.0 minutes, 0.7588362317336234 seconds
Avg batch train. time: 0.014879141798698496 seconds
Avg sample train. time: 0.001859892724837312 seconds
Epoch 20 Training Summary: epoch: 20.000000 | loss: 0.441504 | 
Epoch runtime: 0.0 hours, 0.0 minutes, 0.7518954277038574 seconds

Avg epoch train. time: 0.0 hours, 0.0 minutes, 0.758489191532135 seconds
Avg batch train. time: 0.014872337088865392 seconds
Avg sample train. time: 0.001859042136108174 seconds
Evaluating on validation set ...
Validation runtime: 0.0 hours, 0.0 minutes, 0.029735088348388672 seconds

Avg val. time: 0.0 hours, 0.0 minutes, 0.0682611068089803 seconds
Avg batch val. time: 0.01137685113483005 seconds
Avg sample val. time: 0.00148393710454305 seconds
Epoch 20 Validation Summary: epoch: 20.000000 | loss: 2.501296 | accuracy: 0.239130 | precision: 0.297283 | 
Epoch 21 Training Summary: epoch: 21.000000 | loss: 0.387744 | 
Epoch runtime: 0.0 hours, 0.0 minutes, 0.7820851802825928 seconds

Avg epoch train. time: 0.0 hours, 0.0 minutes, 0.7596128100440616 seconds
Avg batch train. time: 0.014894368824393364 seconds
Avg sample train. time: 0.0018617961030491705 seconds
Epoch 22 Training Summary: epoch: 22.000000 | loss: 0.376642 | 
Epoch runtime: 0.0 hours, 0.0 minutes, 0.7401123046875 seconds

Avg epoch train. time: 0.0 hours, 0.0 minutes, 0.7587264234369452 seconds
Avg batch train. time: 0.014876988694842063 seconds
Avg sample train. time: 0.0018596235868552579 seconds
Evaluating on validation set ...
Validation runtime: 0.0 hours, 0.0 minutes, 0.0401613712310791 seconds

Avg val. time: 0.0 hours, 0.0 minutes, 0.0660995886876033 seconds
Avg batch val. time: 0.011016598114600549 seconds
Avg sample val. time: 0.001436947580165289 seconds
Epoch 22 Validation Summary: epoch: 22.000000 | loss: 2.176631 | accuracy: 0.391304 | precision: 0.433702 | 
Epoch 23 Training Summary: epoch: 23.000000 | loss: 0.342792 | 
Epoch runtime: 0.0 hours, 0.0 minutes, 0.745225191116333 seconds

Avg epoch train. time: 0.0 hours, 0.0 minutes, 0.758139413336049 seconds
Avg batch train. time: 0.014865478692863705 seconds
Avg sample train. time: 0.0018581848366079632 seconds
Epoch 24 Training Summary: epoch: 24.000000 | loss: 0.351386 | 
Epoch runtime: 0.0 hours, 0.0 minutes, 0.7366023063659668 seconds

Avg epoch train. time: 0.0 hours, 0.0 minutes, 0.7572420338789622 seconds
Avg batch train. time: 0.014847883017234552 seconds
Avg sample train. time: 0.001855985377154319 seconds
Evaluating on validation set ...
Validation runtime: 0.0 hours, 0.0 minutes, 0.036486148834228516 seconds

Avg val. time: 0.0 hours, 0.0 minutes, 0.06398434298379081 seconds
Avg batch val. time: 0.010664057163965136 seconds
Avg sample val. time: 0.001390963977908496 seconds
Epoch 24 Validation Summary: epoch: 24.000000 | loss: 2.913332 | accuracy: 0.326087 | precision: 0.352767 | 
Epoch 25 Training Summary: epoch: 25.000000 | loss: 0.299069 | 
Epoch runtime: 0.0 hours, 0.0 minutes, 0.7287366390228271 seconds

Avg epoch train. time: 0.0 hours, 0.0 minutes, 0.7561018180847168 seconds
Avg batch train. time: 0.014825525844798368 seconds
Avg sample train. time: 0.001853190730599796 seconds
Epoch 26 Training Summary: epoch: 26.000000 | loss: 0.335374 | 
Epoch runtime: 0.0 hours, 0.0 minutes, 0.7615599632263184 seconds

Avg epoch train. time: 0.0 hours, 0.0 minutes, 0.7563117467440091 seconds
Avg batch train. time: 0.014829642093019787 seconds
Avg sample train. time: 0.0018537052616274734 seconds
Evaluating on validation set ...
Validation runtime: 0.0 hours, 0.0 minutes, 0.03208804130554199 seconds

Avg val. time: 0.0 hours, 0.0 minutes, 0.06185792287190755 seconds
Avg batch val. time: 0.010309653811984591 seconds
Avg sample val. time: 0.0013447374537371207 seconds
Epoch 26 Validation Summary: epoch: 26.000000 | loss: 2.850158 | accuracy: 0.456522 | precision: 0.445158 | 
Epoch 27 Training Summary: epoch: 27.000000 | loss: 0.244626 | 
Epoch runtime: 0.0 hours, 0.0 minutes, 0.716040849685669 seconds

Avg epoch train. time: 0.0 hours, 0.0 minutes, 0.7548202320381447 seconds
Avg batch train. time: 0.01480039670663029 seconds
Avg sample train. time: 0.0018500495883287862 seconds
Epoch 28 Training Summary: epoch: 28.000000 | loss: 0.308888 | 
Epoch runtime: 0.0 hours, 0.0 minutes, 0.7234601974487305 seconds

Avg epoch train. time: 0.0 hours, 0.0 minutes, 0.7537002308028085 seconds
Avg batch train. time: 0.014778435898094284 seconds
Avg sample train. time: 0.0018473044872617855 seconds
Evaluating on validation set ...
Validation runtime: 0.0 hours, 0.0 minutes, 0.04129457473754883 seconds

Avg val. time: 0.0 hours, 0.0 minutes, 0.06057271361351013 seconds
Avg batch val. time: 0.010095452268918356 seconds
Avg sample val. time: 0.001316798122032829 seconds
Epoch 28 Validation Summary: epoch: 28.000000 | loss: 3.024416 | accuracy: 0.347826 | precision: 0.374478 | 
Epoch 29 Training Summary: epoch: 29.000000 | loss: 0.236155 | 
Epoch runtime: 0.0 hours, 0.0 minutes, 0.747173547744751 seconds

Avg epoch train. time: 0.0 hours, 0.0 minutes, 0.7534751727663237 seconds
Avg batch train. time: 0.014774022995418112 seconds
Avg sample train. time: 0.001846752874427264 seconds
Epoch 30 Training Summary: epoch: 30.000000 | loss: 0.236830 | 
Epoch runtime: 0.0 hours, 0.0 minutes, 0.7478868961334229 seconds

Avg epoch train. time: 0.0 hours, 0.0 minutes, 0.7532888968785604 seconds
Avg batch train. time: 0.014770370527030596 seconds
Avg sample train. time: 0.0018462963158788245 seconds
Evaluating on validation set ...
Validation runtime: 0.0 hours, 0.0 minutes, 0.036266326904296875 seconds

Avg val. time: 0.0 hours, 0.0 minutes, 0.059142926160027 seconds
Avg batch val. time: 0.0098571543600045 seconds
Avg sample val. time: 0.0012857157860875434 seconds
Epoch 30 Validation Summary: epoch: 30.000000 | loss: 3.170651 | accuracy: 0.369565 | precision: 0.352273 | 
Epoch 31 Training Summary: epoch: 31.000000 | loss: 0.212063 | 
Epoch runtime: 0.0 hours, 0.0 minutes, 0.7472531795501709 seconds

Avg epoch train. time: 0.0 hours, 0.0 minutes, 0.7530941963195801 seconds
Avg batch train. time: 0.014766552869011374 seconds
Avg sample train. time: 0.0018458191086264217 seconds
Epoch 32 Training Summary: epoch: 32.000000 | loss: 0.260607 | 
Epoch runtime: 0.0 hours, 0.0 minutes, 0.745232105255127 seconds

Avg epoch train. time: 0.0 hours, 0.0 minutes, 0.7528485059738159 seconds
Avg batch train. time: 0.014761735411251293 seconds
Avg sample train. time: 0.0018452169264064117 seconds
Evaluating on validation set ...
Validation runtime: 0.0 hours, 0.0 minutes, 0.03646230697631836 seconds

Avg val. time: 0.0 hours, 0.0 minutes, 0.05788289176093207 seconds
Avg batch val. time: 0.009647148626822012 seconds
Avg sample val. time: 0.0012583237339333058 seconds
Epoch 32 Validation Summary: epoch: 32.000000 | loss: 3.831470 | accuracy: 0.369565 | precision: 0.385781 | 
Epoch 33 Training Summary: epoch: 33.000000 | loss: 0.200483 | 
Epoch runtime: 0.0 hours, 0.0 minutes, 0.7508187294006348 seconds

Avg epoch train. time: 0.0 hours, 0.0 minutes, 0.7527869975928104 seconds
Avg batch train. time: 0.014760529364564911 seconds
Avg sample train. time: 0.0018450661705706139 seconds
Epoch 34 Training Summary: epoch: 34.000000 | loss: 0.204785 | 
Epoch runtime: 0.0 hours, 0.0 minutes, 0.7544584274291992 seconds

Avg epoch train. time: 0.0 hours, 0.0 minutes, 0.7528361572938806 seconds
Avg batch train. time: 0.014761493280272169 seconds
Avg sample train. time: 0.001845186660034021 seconds
Evaluating on validation set ...
Validation runtime: 0.0 hours, 0.0 minutes, 0.04099583625793457 seconds

Avg val. time: 0.0 hours, 0.0 minutes, 0.05699409936603747 seconds
Avg batch val. time: 0.009499016561006246 seconds
Avg sample val. time: 0.0012390021601312493 seconds
Epoch 34 Validation Summary: epoch: 34.000000 | loss: 3.730662 | accuracy: 0.369565 | precision: 0.438863 | 
Epoch 35 Training Summary: epoch: 35.000000 | loss: 0.166079 | 
Epoch runtime: 0.0 hours, 0.0 minutes, 0.734935998916626 seconds

Avg epoch train. time: 0.0 hours, 0.0 minutes, 0.7523247241973877 seconds
Avg batch train. time: 0.014751465180340935 seconds
Avg sample train. time: 0.0018439331475426169 seconds
Epoch 36 Training Summary: epoch: 36.000000 | loss: 0.233158 | 
Epoch runtime: 0.0 hours, 0.0 minutes, 0.7360169887542725 seconds

Avg epoch train. time: 0.0 hours, 0.0 minutes, 0.75187173154619 seconds
Avg batch train. time: 0.014742582971493922 seconds
Avg sample train. time: 0.0018428228714367403 seconds
Evaluating on validation set ...
Validation runtime: 0.0 hours, 0.0 minutes, 0.036023855209350586 seconds

Avg val. time: 0.0 hours, 0.0 minutes, 0.05594558715820312 seconds
Avg batch val. time: 0.009324264526367186 seconds
Avg sample val. time: 0.0012162084164826766 seconds
Epoch 36 Validation Summary: epoch: 36.000000 | loss: 3.202077 | accuracy: 0.347826 | precision: 0.329363 | 
Epoch 37 Training Summary: epoch: 37.000000 | loss: 0.178269 | 
Epoch runtime: 0.0 hours, 0.0 minutes, 0.7314701080322266 seconds

Avg epoch train. time: 0.0 hours, 0.0 minutes, 0.751320336316083 seconds
Avg batch train. time: 0.014731771300315352 seconds
Avg sample train. time: 0.001841471412539419 seconds
Epoch 38 Training Summary: epoch: 38.000000 | loss: 0.158612 | 
Epoch runtime: 0.0 hours, 0.0 minutes, 0.7363379001617432 seconds

Avg epoch train. time: 0.0 hours, 0.0 minutes, 0.7509260616804424 seconds
Avg batch train. time: 0.014724040425106714 seconds
Avg sample train. time: 0.0018405050531383393 seconds
Evaluating on validation set ...
Validation runtime: 0.0 hours, 0.0 minutes, 0.03657722473144531 seconds

Avg val. time: 0.0 hours, 0.0 minutes, 0.05502328418550037 seconds
Avg batch val. time: 0.009170547364250062 seconds
Avg sample val. time: 0.0011961583518587037 seconds
Epoch 38 Validation Summary: epoch: 38.000000 | loss: 3.539419 | accuracy: 0.326087 | precision: 0.355293 | 
Epoch 39 Training Summary: epoch: 39.000000 | loss: 0.223839 | 
Epoch runtime: 0.0 hours, 0.0 minutes, 0.742393970489502 seconds

Avg epoch train. time: 0.0 hours, 0.0 minutes, 0.7507072901114439 seconds
Avg batch train. time: 0.0147197507864989 seconds
Avg sample train. time: 0.0018399688483123624 seconds
Epoch 40 Training Summary: epoch: 40.000000 | loss: 0.165105 | 
Epoch runtime: 0.0 hours, 0.0 minutes, 0.764634370803833 seconds

Avg epoch train. time: 0.0 hours, 0.0 minutes, 0.7510554671287537 seconds
Avg batch train. time: 0.014726577786838307 seconds
Avg sample train. time: 0.0018408222233547884 seconds
Evaluating on validation set ...
Validation runtime: 0.0 hours, 0.0 minutes, 0.04437398910522461 seconds

Avg val. time: 0.0 hours, 0.0 minutes, 0.05453922531821511 seconds
Avg batch val. time: 0.009089870886369185 seconds
Avg sample val. time: 0.0011856353330046763 seconds
Epoch 40 Validation Summary: epoch: 40.000000 | loss: 4.060286 | accuracy: 0.369565 | precision: 0.373865 | 
Best accuracy was 0.45652173913043476. Other metrics: OrderedDict([('epoch', 26), ('loss', 2.8501575718755308), ('accuracy', 0.45652173913043476), ('precision', 0.44515810276679846)])
All Done!
Total runtime: 0.0 hours, 0.0 minutes, 46.61533212661743 seconds

