Running:
src/main_crosssetting.py --output_dir experiments --target_user Zeyu --user_othersetting ZeyuZoom --comment classification from Scratch --name VRS_fromScratch --records_file VRS_records.xls --data_dir /mnt/d/OneDrive - Southern Methodist University/Phone_Privacy/input_feature/all_processpos_norm_downsample_480p_s22 --test_data_dir /mnt/d/OneDrive - Southern Methodist University/Phone_Privacy/input_feature/all_processpos_norm_downsample_480p_s22 --data_class vrs --val_ratio 0.1 --epochs 40 --lr 0.001 --dropout 0.2 --batch_size 8 --num_layers 3 --num_heads 4 --optimizer RAdam --pos_encoding learnable --task classification --normalization none --key_metric accuracy

Using device: cuda
Loading and preprocessing data ...
1069 samples may be used for training
119 samples will be used for validation
0 samples will be used for testing
Creating model ...
Model:
TSTransformerEncoderClassiregressor(
  (project_inp): Linear(in_features=39, out_features=64, bias=True)
  (pos_enc): LearnablePositionalEncoding(
    (dropout): Dropout(p=0.2, inplace=False)
  )
  (transformer_encoder): TransformerEncoder(
    (layers): ModuleList(
      (0-2): 3 x TransformerBatchNormEncoderLayer(
        (self_attn): MultiheadAttention(
          (out_proj): NonDynamicallyQuantizableLinear(in_features=64, out_features=64, bias=True)
        )
        (linear1): Linear(in_features=64, out_features=256, bias=True)
        (dropout): Dropout(p=0.2, inplace=False)
        (linear2): Linear(in_features=256, out_features=64, bias=True)
        (norm1): BatchNorm1d(64, eps=1e-05, momentum=0.1, affine=True, track_running_stats=True)
        (norm2): BatchNorm1d(64, eps=1e-05, momentum=0.1, affine=True, track_running_stats=True)
        (dropout1): Dropout(p=0.2, inplace=False)
        (dropout2): Dropout(p=0.2, inplace=False)
      )
    )
  )
  (dropout1): Dropout(p=0.2, inplace=False)
  (output_layer): Linear(in_features=5120, out_features=5, bias=True)
)
Total number of parameters: 183237
Trainable parameters: 183237
Evaluating on validation set ...
Validation runtime: 0.0 hours, 0.0 minutes, 0.25673985481262207 seconds

Avg val. time: 0.0 hours, 0.0 minutes, 0.25673985481262207 seconds
Avg batch val. time: 0.017115990320841473 seconds
Avg sample val. time: 0.0021574777715346392 seconds
Epoch 0 Validation Summary: epoch: 0.000000 | loss: 4.655005 | accuracy: 0.210084 | precision: 0.593220 | 
Starting training...
Epoch 1 Training Summary: epoch: 1.000000 | loss: 1.674207 | 
Epoch runtime: 0.0 hours, 0.0 minutes, 1.5664329528808594 seconds

Avg epoch train. time: 0.0 hours, 0.0 minutes, 1.5664329528808594 seconds
Avg batch train. time: 0.011689798155827309 seconds
Avg sample train. time: 0.0014653254938081005 seconds
Evaluating on validation set ...
Validation runtime: 0.0 hours, 0.0 minutes, 0.05558419227600098 seconds

Avg val. time: 0.0 hours, 0.0 minutes, 0.15616202354431152 seconds
Avg batch val. time: 0.010410801569620768 seconds
Avg sample val. time: 0.0013122859121370717 seconds
Epoch 1 Validation Summary: epoch: 1.000000 | loss: 1.590074 | accuracy: 0.235294 | precision: 0.229301 | 
Epoch 2 Training Summary: epoch: 2.000000 | loss: 1.652049 | 
Epoch runtime: 0.0 hours, 0.0 minutes, 1.491330623626709 seconds

Avg epoch train. time: 0.0 hours, 0.0 minutes, 1.5288817882537842 seconds
Avg batch train. time: 0.011409565583983464 seconds
Avg sample train. time: 0.001430198118104569 seconds
Evaluating on validation set ...
Validation runtime: 0.0 hours, 0.0 minutes, 0.054212093353271484 seconds

Avg val. time: 0.0 hours, 0.0 minutes, 0.12217871348063152 seconds
Avg batch val. time: 0.008145247565375434 seconds
Avg sample val. time: 0.0010267118779885 seconds
Epoch 2 Validation Summary: epoch: 2.000000 | loss: 1.580969 | accuracy: 0.302521 | precision: 0.276956 | 
Epoch 3 Training Summary: epoch: 3.000000 | loss: 1.620267 | 
Epoch runtime: 0.0 hours, 0.0 minutes, 1.501737117767334 seconds

Avg epoch train. time: 0.0 hours, 0.0 minutes, 1.5198335647583008 seconds
Avg batch train. time: 0.01134204152804702 seconds
Avg sample train. time: 0.0014217339240021522 seconds
Epoch 4 Training Summary: epoch: 4.000000 | loss: 1.566347 | 
Epoch runtime: 0.0 hours, 0.0 minutes, 1.4449951648712158 seconds

Avg epoch train. time: 0.0 hours, 0.0 minutes, 1.5011239647865295 seconds
Avg batch train. time: 0.011202417647660667 seconds
Avg sample train. time: 0.0014042319595757994 seconds
Evaluating on validation set ...
Validation runtime: 0.0 hours, 0.0 minutes, 0.051602840423583984 seconds

Avg val. time: 0.0 hours, 0.0 minutes, 0.10453474521636963 seconds
Avg batch val. time: 0.006968983014424642 seconds
Avg sample val. time: 0.0008784432371123498 seconds
Epoch 4 Validation Summary: epoch: 4.000000 | loss: 1.546162 | accuracy: 0.302521 | precision: 0.332877 | 
Epoch 5 Training Summary: epoch: 5.000000 | loss: 1.511250 | 
Epoch runtime: 0.0 hours, 0.0 minutes, 1.8535337448120117 seconds

Avg epoch train. time: 0.0 hours, 0.0 minutes, 1.571605920791626 seconds
Avg batch train. time: 0.011728402393967358 seconds
Avg sample train. time: 0.0014701645657545612 seconds
Epoch 6 Training Summary: epoch: 6.000000 | loss: 1.502212 | 
Epoch runtime: 0.0 hours, 0.0 minutes, 1.51277756690979 seconds

Avg epoch train. time: 0.0 hours, 0.0 minutes, 1.5618011951446533 seconds
Avg batch train. time: 0.011655232799586966 seconds
Avg sample train. time: 0.0014609926989192267 seconds
Evaluating on validation set ...
Validation runtime: 0.0 hours, 0.0 minutes, 0.0560915470123291 seconds

Avg val. time: 0.0 hours, 0.0 minutes, 0.09484610557556153 seconds
Avg batch val. time: 0.006323073705037435 seconds
Avg sample val. time: 0.0007970260972736263 seconds
Epoch 6 Validation Summary: epoch: 6.000000 | loss: 1.577955 | accuracy: 0.336134 | precision: 0.387046 | 
Epoch 7 Training Summary: epoch: 7.000000 | loss: 1.473689 | 
Epoch runtime: 0.0 hours, 0.0 minutes, 2.076369285583496 seconds

Avg epoch train. time: 0.0 hours, 0.0 minutes, 1.6353109223502023 seconds
Avg batch train. time: 0.012203812853359718 seconds
Avg sample train. time: 0.0015297576448551938 seconds
Epoch 8 Training Summary: epoch: 8.000000 | loss: 1.466858 | 
Epoch runtime: 0.0 hours, 0.0 minutes, 1.768371820449829 seconds

Avg epoch train. time: 0.0 hours, 0.0 minutes, 1.6519435346126556 seconds
Avg batch train. time: 0.012327936825467579 seconds
Avg sample train. time: 0.0015453166834543083 seconds
Evaluating on validation set ...
Validation runtime: 0.0 hours, 0.0 minutes, 0.06064462661743164 seconds

Avg val. time: 0.0 hours, 0.0 minutes, 0.08914585908253987 seconds
Avg batch val. time: 0.005943057272169325 seconds
Avg sample val. time: 0.0007491248662398308 seconds
Epoch 8 Validation Summary: epoch: 8.000000 | loss: 1.395756 | accuracy: 0.352941 | precision: 0.244994 | 
Epoch 9 Training Summary: epoch: 9.000000 | loss: 1.403688 | 
Epoch runtime: 0.0 hours, 0.0 minutes, 1.5380446910858154 seconds

Avg epoch train. time: 0.0 hours, 0.0 minutes, 1.639288107554118 seconds
Avg batch train. time: 0.012233493339956103 seconds
Avg sample train. time: 0.0015334781174500636 seconds
Epoch 10 Training Summary: epoch: 10.000000 | loss: 1.383399 | 
Epoch runtime: 0.0 hours, 0.0 minutes, 1.516263723373413 seconds

Avg epoch train. time: 0.0 hours, 0.0 minutes, 1.6269856691360474 seconds
Avg batch train. time: 0.012141684098030204 seconds
Avg sample train. time: 0.0015219697559738516 seconds
Evaluating on validation set ...
Validation runtime: 0.0 hours, 0.0 minutes, 0.0488276481628418 seconds

Avg val. time: 0.0 hours, 0.0 minutes, 0.08338611466544014 seconds
Avg batch val. time: 0.005559074311029343 seconds
Avg sample val. time: 0.0007007236526507575 seconds
Epoch 10 Validation Summary: epoch: 10.000000 | loss: 1.472059 | accuracy: 0.336134 | precision: 0.213123 | 
Epoch 11 Training Summary: epoch: 11.000000 | loss: 1.377950 | 
Epoch runtime: 0.0 hours, 0.0 minutes, 1.4018242359161377 seconds

Avg epoch train. time: 0.0 hours, 0.0 minutes, 1.6065164479342373 seconds
Avg batch train. time: 0.011988928715927143 seconds
Avg sample train. time: 0.0015028217473659843 seconds
Epoch 12 Training Summary: epoch: 12.000000 | loss: 1.362901 | 
Epoch runtime: 0.0 hours, 0.0 minutes, 1.3199400901794434 seconds

Avg epoch train. time: 0.0 hours, 0.0 minutes, 1.5826350847880046 seconds
Avg batch train. time: 0.011810709587970184 seconds
Avg sample train. time: 0.0014804818379681988 seconds
Evaluating on validation set ...
Validation runtime: 0.0 hours, 0.0 minutes, 0.04678797721862793 seconds

Avg val. time: 0.0 hours, 0.0 minutes, 0.07881134748458862 seconds
Avg batch val. time: 0.005254089832305908 seconds
Avg sample val. time: 0.0006622802309629296 seconds
Epoch 12 Validation Summary: epoch: 12.000000 | loss: 1.468229 | accuracy: 0.394958 | precision: 0.387234 | 
Epoch 13 Training Summary: epoch: 13.000000 | loss: 1.281894 | 
Epoch runtime: 0.0 hours, 0.0 minutes, 1.3187124729156494 seconds

Avg epoch train. time: 0.0 hours, 0.0 minutes, 1.562333345413208 seconds
Avg batch train. time: 0.01165920407024782 seconds
Avg sample train. time: 0.0014614905008542638 seconds
Epoch 14 Training Summary: epoch: 14.000000 | loss: 1.278636 | 
Epoch runtime: 0.0 hours, 0.0 minutes, 1.31327486038208 seconds

Avg epoch train. time: 0.0 hours, 0.0 minutes, 1.5445434536252702 seconds
Avg batch train. time: 0.011526443683770673 seconds
Avg sample train. time: 0.0014448488808468385 seconds
Evaluating on validation set ...
Validation runtime: 0.0 hours, 0.0 minutes, 0.04394102096557617 seconds

Avg val. time: 0.0 hours, 0.0 minutes, 0.0749368667602539 seconds
Avg batch val. time: 0.00499579111735026 seconds
Avg sample val. time: 0.0006297215694138984 seconds
Epoch 14 Validation Summary: epoch: 14.000000 | loss: 1.509890 | accuracy: 0.319328 | precision: 0.307469 | 
Epoch 15 Training Summary: epoch: 15.000000 | loss: 1.295194 | 
Epoch runtime: 0.0 hours, 0.0 minutes, 1.2949845790863037 seconds

Avg epoch train. time: 0.0 hours, 0.0 minutes, 1.5279061953226725 seconds
Avg batch train. time: 0.011402285039721436 seconds
Avg sample train. time: 0.0014292854960923035 seconds
Epoch 16 Training Summary: epoch: 16.000000 | loss: 1.265674 | 
Epoch runtime: 0.0 hours, 0.0 minutes, 1.2763922214508057 seconds

Avg epoch train. time: 0.0 hours, 0.0 minutes, 1.5121865719556808 seconds
Avg batch train. time: 0.011284974417579708 seconds
Avg sample train. time: 0.0014145805163289812 seconds
Evaluating on validation set ...
Validation runtime: 0.0 hours, 0.0 minutes, 0.0414891242980957 seconds

Avg val. time: 0.0 hours, 0.0 minutes, 0.07159209251403809 seconds
Avg batch val. time: 0.004772806167602539 seconds
Avg sample val. time: 0.0006016142228070428 seconds
Epoch 16 Validation Summary: epoch: 16.000000 | loss: 1.475454 | accuracy: 0.302521 | precision: 0.324447 | 
Epoch 17 Training Summary: epoch: 17.000000 | loss: 1.251404 | 
Epoch runtime: 0.0 hours, 0.0 minutes, 1.3304579257965088 seconds

Avg epoch train. time: 0.0 hours, 0.0 minutes, 1.5014966515933765 seconds
Avg batch train. time: 0.011205198892487885 seconds
Avg sample train. time: 0.0014045805908263578 seconds
Epoch 18 Training Summary: epoch: 18.000000 | loss: 1.206830 | 
Epoch runtime: 0.0 hours, 0.0 minutes, 1.3733046054840088 seconds

Avg epoch train. time: 0.0 hours, 0.0 minutes, 1.4943748712539673 seconds
Avg batch train. time: 0.011152051278014682 seconds
Avg sample train. time: 0.0013979184950925793 seconds
Evaluating on validation set ...
Validation runtime: 0.0 hours, 0.0 minutes, 0.05065751075744629 seconds

Avg val. time: 0.0 hours, 0.0 minutes, 0.06968894871798428 seconds
Avg batch val. time: 0.004645929914532286 seconds
Avg sample val. time: 0.0005856214177981873 seconds
Epoch 18 Validation Summary: epoch: 18.000000 | loss: 1.516074 | accuracy: 0.344538 | precision: 0.341669 | 
Epoch 19 Training Summary: epoch: 19.000000 | loss: 1.201546 | 
Epoch runtime: 0.0 hours, 0.0 minutes, 1.340609073638916 seconds

Avg epoch train. time: 0.0 hours, 0.0 minutes, 1.4862819345373857 seconds
Avg batch train. time: 0.011091656227890937 seconds
Avg sample train. time: 0.0013903479275373112 seconds
Epoch 20 Training Summary: epoch: 20.000000 | loss: 1.187899 | 
Epoch runtime: 0.0 hours, 0.0 minutes, 1.4115726947784424 seconds

Avg epoch train. time: 0.0 hours, 0.0 minutes, 1.4825464725494384 seconds
Avg batch train. time: 0.011063779645891331 seconds
Avg sample train. time: 0.0013868535758179965 seconds
Evaluating on validation set ...
Validation runtime: 0.0 hours, 0.0 minutes, 0.05266618728637695 seconds

Avg val. time: 0.0 hours, 0.0 minutes, 0.06827038526535034 seconds
Avg batch val. time: 0.004551359017690023 seconds
Avg sample val. time: 0.0005737007165155491 seconds
Epoch 20 Validation Summary: epoch: 20.000000 | loss: 1.468378 | accuracy: 0.369748 | precision: 0.320448 | 
Epoch 21 Training Summary: epoch: 21.000000 | loss: 1.183057 | 
Epoch runtime: 0.0 hours, 0.0 minutes, 1.5504896640777588 seconds

Avg epoch train. time: 0.0 hours, 0.0 minutes, 1.4857818626222157 seconds
Avg batch train. time: 0.011087924347926983 seconds
Avg sample train. time: 0.0013898801334164786 seconds
Epoch 22 Training Summary: epoch: 22.000000 | loss: 1.147876 | 
Epoch runtime: 0.0 hours, 0.0 minutes, 1.3981502056121826 seconds

Avg epoch train. time: 0.0 hours, 0.0 minutes, 1.481798605485396 seconds
Avg batch train. time: 0.011058198548398478 seconds
Avg sample train. time: 0.001386153980809538 seconds
Evaluating on validation set ...
Validation runtime: 0.0 hours, 0.0 minutes, 0.048082828521728516 seconds

Avg val. time: 0.0 hours, 0.0 minutes, 0.06671749628507175 seconds
Avg batch val. time: 0.00444783308567145 seconds
Avg sample val. time: 0.0005606512292863172 seconds
Epoch 22 Validation Summary: epoch: 22.000000 | loss: 1.393009 | accuracy: 0.361345 | precision: 0.357437 | 
Epoch 23 Training Summary: epoch: 23.000000 | loss: 1.139905 | 
Epoch runtime: 0.0 hours, 0.0 minutes, 1.3569631576538086 seconds

Avg epoch train. time: 0.0 hours, 0.0 minutes, 1.4763709773188052 seconds
Avg batch train. time: 0.011017693860588098 seconds
Avg sample train. time: 0.001381076685985786 seconds
Epoch 24 Training Summary: epoch: 24.000000 | loss: 1.129810 | 
Epoch runtime: 0.0 hours, 0.0 minutes, 1.4513423442840576 seconds

Avg epoch train. time: 0.0 hours, 0.0 minutes, 1.475328117609024 seconds
Avg batch train. time: 0.011009911325440477 seconds
Avg sample train. time: 0.0013801011390168606 seconds
Evaluating on validation set ...
Validation runtime: 0.0 hours, 0.0 minutes, 0.045665740966796875 seconds

Avg val. time: 0.0 hours, 0.0 minutes, 0.06521379947662354 seconds
Avg batch val. time: 0.004347586631774902 seconds
Avg sample val. time: 0.0005480151216522986 seconds
Epoch 24 Validation Summary: epoch: 24.000000 | loss: 1.403635 | accuracy: 0.386555 | precision: 0.369055 | 
Epoch 25 Training Summary: epoch: 25.000000 | loss: 1.093767 | 
Epoch runtime: 0.0 hours, 0.0 minutes, 1.3279180526733398 seconds

Avg epoch train. time: 0.0 hours, 0.0 minutes, 1.4694317150115968 seconds
Avg batch train. time: 0.010965908320982065 seconds
Avg sample train. time: 0.0013745853274196415 seconds
Epoch 26 Training Summary: epoch: 26.000000 | loss: 1.075135 | 
Epoch runtime: 0.0 hours, 0.0 minutes, 1.3891935348510742 seconds

Avg epoch train. time: 0.0 hours, 0.0 minutes, 1.4663456311592689 seconds
Avg batch train. time: 0.010942877844472156 seconds
Avg sample train. time: 0.0013716984388767717 seconds
Evaluating on validation set ...
Validation runtime: 0.0 hours, 0.0 minutes, 0.04501938819885254 seconds

Avg val. time: 0.0 hours, 0.0 minutes, 0.0638675053914388 seconds
Avg batch val. time: 0.004257833692762587 seconds
Avg sample val. time: 0.0005367017259784773 seconds
Epoch 26 Validation Summary: epoch: 26.000000 | loss: 1.843312 | accuracy: 0.310924 | precision: 0.300555 | 
Epoch 27 Training Summary: epoch: 27.000000 | loss: 1.069238 | 
Epoch runtime: 0.0 hours, 0.0 minutes, 1.4331574440002441 seconds

Avg epoch train. time: 0.0 hours, 0.0 minutes, 1.465116439042268 seconds
Avg batch train. time: 0.010933704768972149 seconds
Avg sample train. time: 0.0013705485865690066 seconds
Epoch 28 Training Summary: epoch: 28.000000 | loss: 1.033831 | 
Epoch runtime: 0.0 hours, 0.0 minutes, 1.4897959232330322 seconds

Avg epoch train. time: 0.0 hours, 0.0 minutes, 1.465997849191938 seconds
Avg batch train. time: 0.010940282456656255 seconds
Avg sample train. time: 0.001371373104950363 seconds
Evaluating on validation set ...
Validation runtime: 0.0 hours, 0.0 minutes, 0.046999216079711914 seconds

Avg val. time: 0.0 hours, 0.0 minutes, 0.06281323730945587 seconds
Avg batch val. time: 0.004187549153963725 seconds
Avg sample val. time: 0.000527842330331562 seconds
Epoch 28 Validation Summary: epoch: 28.000000 | loss: 1.566120 | accuracy: 0.394958 | precision: 0.368771 | 
Epoch 29 Training Summary: epoch: 29.000000 | loss: 1.071632 | 
Epoch runtime: 0.0 hours, 0.0 minutes, 1.3538219928741455 seconds

Avg epoch train. time: 0.0 hours, 0.0 minutes, 1.4621297162154625 seconds
Avg batch train. time: 0.010911415792652705 seconds
Avg sample train. time: 0.0013677546456646048 seconds
Epoch 30 Training Summary: epoch: 30.000000 | loss: 1.065639 | 
Epoch runtime: 0.0 hours, 0.0 minutes, 1.4059216976165771 seconds

Avg epoch train. time: 0.0 hours, 0.0 minutes, 1.4602561155954996 seconds
Avg batch train. time: 0.010897433698473877 seconds
Avg sample train. time: 0.0013660019790416274 seconds
Evaluating on validation set ...
Validation runtime: 0.0 hours, 0.0 minutes, 0.046595096588134766 seconds

Avg val. time: 0.0 hours, 0.0 minutes, 0.0618592290317311 seconds
Avg batch val. time: 0.004123948602115407 seconds
Avg sample val. time: 0.0005198254540481605 seconds
Epoch 30 Validation Summary: epoch: 30.000000 | loss: 1.393272 | accuracy: 0.361345 | precision: 0.345088 | 
Epoch 31 Training Summary: epoch: 31.000000 | loss: 1.029268 | 
Epoch runtime: 0.0 hours, 0.0 minutes, 1.4032235145568848 seconds

Avg epoch train. time: 0.0 hours, 0.0 minutes, 1.4584163542716735 seconds
Avg batch train. time: 0.010883704136355773 seconds
Avg sample train. time: 0.0013642809675132586 seconds
Epoch 32 Training Summary: epoch: 32.000000 | loss: 1.090865 | 
Epoch runtime: 0.0 hours, 0.0 minutes, 1.433279275894165 seconds

Avg epoch train. time: 0.0 hours, 0.0 minutes, 1.4576308205723763 seconds
Avg batch train. time: 0.010877841944569972 seconds
Avg sample train. time: 0.001363546137111671 seconds
Evaluating on validation set ...
Validation runtime: 0.0 hours, 0.0 minutes, 0.04758572578430176 seconds

Avg val. time: 0.0 hours, 0.0 minutes, 0.061066256629096136 seconds
Avg batch val. time: 0.004071083775273075 seconds
Avg sample val. time: 0.0005131618204125726 seconds
Epoch 32 Validation Summary: epoch: 32.000000 | loss: 1.466229 | accuracy: 0.411765 | precision: 0.394998 | 
Epoch 33 Training Summary: epoch: 33.000000 | loss: 1.014180 | 
Epoch runtime: 0.0 hours, 0.0 minutes, 1.344621181488037 seconds

Avg epoch train. time: 0.0 hours, 0.0 minutes, 1.454206286054669 seconds
Avg batch train. time: 0.010852285716825888 seconds
Avg sample train. time: 0.0013603426436432824 seconds
Epoch 34 Training Summary: epoch: 34.000000 | loss: 1.025831 | 
Epoch runtime: 0.0 hours, 0.0 minutes, 1.5058226585388184 seconds

Avg epoch train. time: 0.0 hours, 0.0 minutes, 1.455724414657144 seconds
Avg batch train. time: 0.010863615034754805 seconds
Avg sample train. time: 0.0013617627826540168 seconds
Evaluating on validation set ...
Validation runtime: 0.0 hours, 0.0 minutes, 0.04935741424560547 seconds

Avg val. time: 0.0 hours, 0.0 minutes, 0.060450001766807156 seconds
Avg batch val. time: 0.0040300001177871435 seconds
Avg sample val. time: 0.0005079832081244298 seconds
Epoch 34 Validation Summary: epoch: 34.000000 | loss: 1.518827 | accuracy: 0.352941 | precision: 0.350744 | 
Epoch 35 Training Summary: epoch: 35.000000 | loss: 1.044903 | 
Epoch runtime: 0.0 hours, 0.0 minutes, 1.508368968963623 seconds

Avg epoch train. time: 0.0 hours, 0.0 minutes, 1.4572285447801863 seconds
Avg batch train. time: 0.0108748398864193 seconds
Avg sample train. time: 0.0013631698267354408 seconds
Epoch 36 Training Summary: epoch: 36.000000 | loss: 1.028563 | 
Epoch runtime: 0.0 hours, 0.0 minutes, 1.419262409210205 seconds

Avg epoch train. time: 0.0 hours, 0.0 minutes, 1.4561739299032423 seconds
Avg batch train. time: 0.0108669696261436 seconds
Avg sample train. time: 0.0013621832833519572 seconds
Evaluating on validation set ...
Validation runtime: 0.0 hours, 0.0 minutes, 0.048044681549072266 seconds

Avg val. time: 0.0 hours, 0.0 minutes, 0.05982973575592041 seconds
Avg batch val. time: 0.003988649050394694 seconds
Avg sample val. time: 0.0005027708887052135 seconds
Epoch 36 Validation Summary: epoch: 36.000000 | loss: 1.707065 | accuracy: 0.369748 | precision: 0.356450 | 
Epoch 37 Training Summary: epoch: 37.000000 | loss: 0.998987 | 
Epoch runtime: 0.0 hours, 0.0 minutes, 1.3644425868988037 seconds

Avg epoch train. time: 0.0 hours, 0.0 minutes, 1.453694704416636 seconds
Avg batch train. time: 0.010848467943407731 seconds
Avg sample train. time: 0.0013598640827096689 seconds
Epoch 38 Training Summary: epoch: 38.000000 | loss: 0.963247 | 
Epoch runtime: 0.0 hours, 0.0 minutes, 1.4148614406585693 seconds

Avg epoch train. time: 0.0 hours, 0.0 minutes, 1.4526727764230025 seconds
Avg batch train. time: 0.010840841615097034 seconds
Avg sample train. time: 0.0013589081163919575 seconds
Evaluating on validation set ...
Validation runtime: 0.0 hours, 0.0 minutes, 0.0491790771484375 seconds

Avg val. time: 0.0 hours, 0.0 minutes, 0.05932256153651646 seconds
Avg batch val. time: 0.003954837435767764 seconds
Avg sample val. time: 0.0004985089204749282 seconds
Epoch 38 Validation Summary: epoch: 38.000000 | loss: 1.523896 | accuracy: 0.445378 | precision: 0.426038 | 
Epoch 39 Training Summary: epoch: 39.000000 | loss: 0.952281 | 
Epoch runtime: 0.0 hours, 0.0 minutes, 1.3018724918365479 seconds

Avg epoch train. time: 0.0 hours, 0.0 minutes, 1.4488061024592473 seconds
Avg batch train. time: 0.010811985839248115 seconds
Avg sample train. time: 0.0013552910219450395 seconds
Epoch 40 Training Summary: epoch: 40.000000 | loss: 0.936783 | 
Epoch runtime: 0.0 hours, 0.0 minutes, 1.394953966140747 seconds

Avg epoch train. time: 0.0 hours, 0.0 minutes, 1.4474597990512847 seconds
Avg batch train. time: 0.010801938798890185 seconds
Avg sample train. time: 0.0013540316174474132 seconds
Evaluating on validation set ...
Validation runtime: 0.0 hours, 0.0 minutes, 0.05328655242919922 seconds

Avg val. time: 0.0 hours, 0.0 minutes, 0.05904819748618386 seconds
Avg batch val. time: 0.003936546499078924 seconds
Avg sample val. time: 0.0004962033402200325 seconds
Epoch 40 Validation Summary: epoch: 40.000000 | loss: 1.792870 | accuracy: 0.352941 | precision: 0.326773 | 
Best accuracy was 0.44537815126050423. Other metrics: OrderedDict([('epoch', 38), ('loss', 1.5238964297190434), ('accuracy', 0.44537815126050423), ('precision', 0.4260377891209534)])
All Done!
Total runtime: 0.0 hours, 1.0 minutes, 15.573900938034058 seconds

