Running:
src/main_5q.py --output_dir experiments --comment classification from Scratch --name VRS_fromScratch --records_file VRS_records.xls --data_dir /mnt/d/OneDrive - Southern Methodist University/Phone_Privacy/input_feature/combine_opticalflow_all_feat_downsample_480p_s22 --data_class vrs --val_ratio 0.1 --epochs 40 --lr 0.001 --dropout 0.2 --batch_size 8 --num_layers 3 --num_heads 4 --optimizer RAdam --pos_encoding learnable --task classification --normalization none --key_metric accuracy

Using device: cuda
Loading and preprocessing data ...
67 samples may be used for training
8 samples will be used for validation
0 samples will be used for testing
Creating model ...
Model:
TSTransformerEncoderClassiregressor(
  (project_inp): Linear(in_features=47, out_features=64, bias=True)
  (pos_enc): LearnablePositionalEncoding(
    (dropout): Dropout(p=0.2, inplace=False)
  )
  (transformer_encoder): TransformerEncoder(
    (layers): ModuleList(
      (0-2): 3 x TransformerBatchNormEncoderLayer(
        (self_attn): MultiheadAttention(
          (out_proj): NonDynamicallyQuantizableLinear(in_features=64, out_features=64, bias=True)
        )
        (linear1): Linear(in_features=64, out_features=256, bias=True)
        (dropout): Dropout(p=0.2, inplace=False)
        (linear2): Linear(in_features=256, out_features=64, bias=True)
        (norm1): BatchNorm1d(64, eps=1e-05, momentum=0.1, affine=True, track_running_stats=True)
        (norm2): BatchNorm1d(64, eps=1e-05, momentum=0.1, affine=True, track_running_stats=True)
        (dropout1): Dropout(p=0.2, inplace=False)
        (dropout2): Dropout(p=0.2, inplace=False)
      )
    )
  )
  (dropout1): Dropout(p=0.2, inplace=False)
  (output_layer): Linear(in_features=5120, out_features=5, bias=True)
)
Total number of parameters: 183749
Trainable parameters: 183749
Evaluating on validation set ...
Validation runtime: 0.0 hours, 0.0 minutes, 0.23573851585388184 seconds

Avg val. time: 0.0 hours, 0.0 minutes, 0.23573851585388184 seconds
Avg batch val. time: 0.23573851585388184 seconds
Avg sample val. time: 0.02946731448173523 seconds
Epoch 0 Validation Summary: epoch: 0.000000 | loss: 3.840525 | accuracy: 0.125000 | precision: 0.071429 | 
Starting training...
Epoch 1 Training Summary: epoch: 1.000000 | loss: 1.752147 | 
Epoch runtime: 0.0 hours, 0.0 minutes, 0.22758221626281738 seconds

Avg epoch train. time: 0.0 hours, 0.0 minutes, 0.22758221626281738 seconds
Avg batch train. time: 0.02528691291809082 seconds
Avg sample train. time: 0.003396749496459961 seconds
Evaluating on validation set ...
Validation runtime: 0.0 hours, 0.0 minutes, 0.00787806510925293 seconds

Avg val. time: 0.0 hours, 0.0 minutes, 0.12180829048156738 seconds
Avg batch val. time: 0.12180829048156738 seconds
Avg sample val. time: 0.015226036310195923 seconds
Epoch 1 Validation Summary: epoch: 1.000000 | loss: 1.708048 | accuracy: 0.250000 | precision: 0.240000 | 
Epoch 2 Training Summary: epoch: 2.000000 | loss: 1.684358 | 
Epoch runtime: 0.0 hours, 0.0 minutes, 0.09527850151062012 seconds

Avg epoch train. time: 0.0 hours, 0.0 minutes, 0.16143035888671875 seconds
Avg batch train. time: 0.01793670654296875 seconds
Avg sample train. time: 0.002409408341592817 seconds
Evaluating on validation set ...
Validation runtime: 0.0 hours, 0.0 minutes, 0.0067157745361328125 seconds

Avg val. time: 0.0 hours, 0.0 minutes, 0.08344411849975586 seconds
Avg batch val. time: 0.08344411849975586 seconds
Avg sample val. time: 0.010430514812469482 seconds
Epoch 2 Validation Summary: epoch: 2.000000 | loss: 1.706184 | accuracy: 0.250000 | precision: 0.222222 | 
Epoch 3 Training Summary: epoch: 3.000000 | loss: 1.571367 | 
Epoch runtime: 0.0 hours, 0.0 minutes, 0.08540940284729004 seconds

Avg epoch train. time: 0.0 hours, 0.0 minutes, 0.13609004020690918 seconds
Avg batch train. time: 0.015121115578545464 seconds
Avg sample train. time: 0.002031194629953868 seconds
Epoch 4 Training Summary: epoch: 4.000000 | loss: 1.669299 | 
Epoch runtime: 0.0 hours, 0.0 minutes, 0.11493372917175293 seconds

Avg epoch train. time: 0.0 hours, 0.0 minutes, 0.13080096244812012 seconds
Avg batch train. time: 0.014533440272013346 seconds
Avg sample train. time: 0.0019522531708674644 seconds
Evaluating on validation set ...
Validation runtime: 0.0 hours, 0.0 minutes, 0.010832071304321289 seconds

Avg val. time: 0.0 hours, 0.0 minutes, 0.06529110670089722 seconds
Avg batch val. time: 0.06529110670089722 seconds
Avg sample val. time: 0.008161388337612152 seconds
Epoch 4 Validation Summary: epoch: 4.000000 | loss: 1.777328 | accuracy: 0.500000 | precision: 0.437500 | 
Epoch 5 Training Summary: epoch: 5.000000 | loss: 1.510758 | 
Epoch runtime: 0.0 hours, 0.0 minutes, 0.09355378150939941 seconds

Avg epoch train. time: 0.0 hours, 0.0 minutes, 0.12335152626037597 seconds
Avg batch train. time: 0.013705725140041775 seconds
Avg sample train. time: 0.0018410675561250146 seconds
Epoch 6 Training Summary: epoch: 6.000000 | loss: 1.489027 | 
Epoch runtime: 0.0 hours, 0.0 minutes, 0.09430670738220215 seconds

Avg epoch train. time: 0.0 hours, 0.0 minutes, 0.11851072311401367 seconds
Avg batch train. time: 0.013167858123779297 seconds
Avg sample train. time: 0.0017688167628957265 seconds
Evaluating on validation set ...
Validation runtime: 0.0 hours, 0.0 minutes, 0.007226705551147461 seconds

Avg val. time: 0.0 hours, 0.0 minutes, 0.05367822647094726 seconds
Avg batch val. time: 0.05367822647094726 seconds
Avg sample val. time: 0.006709778308868408 seconds
Epoch 6 Validation Summary: epoch: 6.000000 | loss: 1.769351 | accuracy: 0.250000 | precision: 0.238095 | 
Epoch 7 Training Summary: epoch: 7.000000 | loss: 1.457381 | 
Epoch runtime: 0.0 hours, 0.0 minutes, 0.11208605766296387 seconds

Avg epoch train. time: 0.0 hours, 0.0 minutes, 0.1175929137638637 seconds
Avg batch train. time: 0.013065879307095967 seconds
Avg sample train. time: 0.0017551181158785628 seconds
Epoch 8 Training Summary: epoch: 8.000000 | loss: 1.342505 | 
Epoch runtime: 0.0 hours, 0.0 minutes, 0.10105586051940918 seconds

Avg epoch train. time: 0.0 hours, 0.0 minutes, 0.11552578210830688 seconds
Avg batch train. time: 0.012836198012034098 seconds
Avg sample train. time: 0.0017242654046015953 seconds
Evaluating on validation set ...
Validation runtime: 0.0 hours, 0.0 minutes, 0.006177663803100586 seconds

Avg val. time: 0.0 hours, 0.0 minutes, 0.04576146602630615 seconds
Avg batch val. time: 0.04576146602630615 seconds
Avg sample val. time: 0.005720183253288269 seconds
Epoch 8 Validation Summary: epoch: 8.000000 | loss: 1.932418 | accuracy: 0.250000 | precision: 0.180000 | 
Epoch 9 Training Summary: epoch: 9.000000 | loss: 1.306892 | 
Epoch runtime: 0.0 hours, 0.0 minutes, 0.09308576583862305 seconds

Avg epoch train. time: 0.0 hours, 0.0 minutes, 0.1130324469672309 seconds
Avg batch train. time: 0.012559160774136767 seconds
Avg sample train. time: 0.001687051447272103 seconds
Epoch 10 Training Summary: epoch: 10.000000 | loss: 1.242678 | 
Epoch runtime: 0.0 hours, 0.0 minutes, 0.08605480194091797 seconds

Avg epoch train. time: 0.0 hours, 0.0 minutes, 0.11033468246459961 seconds
Avg batch train. time: 0.012259409162733291 seconds
Avg sample train. time: 0.0016467863054417853 seconds
Evaluating on validation set ...
Validation runtime: 0.0 hours, 0.0 minutes, 0.006929874420166016 seconds

Avg val. time: 0.0 hours, 0.0 minutes, 0.040214095796857564 seconds
Avg batch val. time: 0.040214095796857564 seconds
Avg sample val. time: 0.0050267619746071955 seconds
Epoch 10 Validation Summary: epoch: 10.000000 | loss: 1.777480 | accuracy: 0.250000 | precision: 0.180000 | 
Epoch 11 Training Summary: epoch: 11.000000 | loss: 1.320725 | 
Epoch runtime: 0.0 hours, 0.0 minutes, 0.09875965118408203 seconds

Avg epoch train. time: 0.0 hours, 0.0 minutes, 0.10928240689364346 seconds
Avg batch train. time: 0.012142489654849273 seconds
Avg sample train. time: 0.0016310806999051263 seconds
Epoch 12 Training Summary: epoch: 12.000000 | loss: 1.218091 | 
Epoch runtime: 0.0 hours, 0.0 minutes, 0.09359049797058105 seconds

Avg epoch train. time: 0.0 hours, 0.0 minutes, 0.1079747478167216 seconds
Avg batch train. time: 0.011997194201857957 seconds
Avg sample train. time: 0.0016115634002495762 seconds
Evaluating on validation set ...
Validation runtime: 0.0 hours, 0.0 minutes, 0.011291265487670898 seconds

Avg val. time: 0.0 hours, 0.0 minutes, 0.03659874200820923 seconds
Avg batch val. time: 0.03659874200820923 seconds
Avg sample val. time: 0.0045748427510261536 seconds
Epoch 12 Validation Summary: epoch: 12.000000 | loss: 1.737880 | accuracy: 0.375000 | precision: 0.309524 | 
Epoch 13 Training Summary: epoch: 13.000000 | loss: 1.143595 | 
Epoch runtime: 0.0 hours, 0.0 minutes, 0.09042644500732422 seconds

Avg epoch train. time: 0.0 hours, 0.0 minutes, 0.10662487836984488 seconds
Avg batch train. time: 0.011847208707760543 seconds
Avg sample train. time: 0.0015914160950723118 seconds
Epoch 14 Training Summary: epoch: 14.000000 | loss: 1.124471 | 
Epoch runtime: 0.0 hours, 0.0 minutes, 0.0997312068939209 seconds

Avg epoch train. time: 0.0 hours, 0.0 minutes, 0.10613247326442174 seconds
Avg batch train. time: 0.011792497029380193 seconds
Avg sample train. time: 0.001584066765140623 seconds
Evaluating on validation set ...
Validation runtime: 0.0 hours, 0.0 minutes, 0.008143186569213867 seconds

Avg val. time: 0.0 hours, 0.0 minutes, 0.03343701362609863 seconds
Avg batch val. time: 0.03343701362609863 seconds
Avg sample val. time: 0.004179626703262329 seconds
Epoch 14 Validation Summary: epoch: 14.000000 | loss: 1.727132 | accuracy: 0.375000 | precision: 0.464286 | 
Epoch 15 Training Summary: epoch: 15.000000 | loss: 1.071143 | 
Epoch runtime: 0.0 hours, 0.0 minutes, 0.09627962112426758 seconds

Avg epoch train. time: 0.0 hours, 0.0 minutes, 0.10547561645507812 seconds
Avg batch train. time: 0.011719512939453124 seconds
Avg sample train. time: 0.001574262932165345 seconds
Epoch 16 Training Summary: epoch: 16.000000 | loss: 1.008274 | 
Epoch runtime: 0.0 hours, 0.0 minutes, 0.09755110740661621 seconds

Avg epoch train. time: 0.0 hours, 0.0 minutes, 0.10498033463954926 seconds
Avg batch train. time: 0.011664481626616584 seconds
Avg sample train. time: 0.0015668706662619292 seconds
Evaluating on validation set ...
Validation runtime: 0.0 hours, 0.0 minutes, 0.010483503341674805 seconds

Avg val. time: 0.0 hours, 0.0 minutes, 0.03114166259765625 seconds
Avg batch val. time: 0.03114166259765625 seconds
Avg sample val. time: 0.0038927078247070314 seconds
Epoch 16 Validation Summary: epoch: 16.000000 | loss: 1.876702 | accuracy: 0.375000 | precision: 0.428571 | 
Epoch 17 Training Summary: epoch: 17.000000 | loss: 0.970578 | 
Epoch runtime: 0.0 hours, 0.0 minutes, 0.09086132049560547 seconds

Avg epoch train. time: 0.0 hours, 0.0 minutes, 0.10414980439578786 seconds
Avg batch train. time: 0.011572200488420873 seconds
Avg sample train. time: 0.0015544746924744458 seconds
Epoch 18 Training Summary: epoch: 18.000000 | loss: 0.888922 | 
Epoch runtime: 0.0 hours, 0.0 minutes, 0.09986400604248047 seconds

Avg epoch train. time: 0.0 hours, 0.0 minutes, 0.10391170448727077 seconds
Avg batch train. time: 0.011545744943030086 seconds
Avg sample train. time: 0.0015509209624965787 seconds
Evaluating on validation set ...
Validation runtime: 0.0 hours, 0.0 minutes, 0.006939411163330078 seconds

Avg val. time: 0.0 hours, 0.0 minutes, 0.028941457921808415 seconds
Avg batch val. time: 0.028941457921808415 seconds
Avg sample val. time: 0.003617682240226052 seconds
Epoch 18 Validation Summary: epoch: 18.000000 | loss: 1.983286 | accuracy: 0.250000 | precision: 0.208333 | 
Epoch 19 Training Summary: epoch: 19.000000 | loss: 0.869090 | 
Epoch runtime: 0.0 hours, 0.0 minutes, 0.09639263153076172 seconds

Avg epoch train. time: 0.0 hours, 0.0 minutes, 0.10351596380534925 seconds
Avg batch train. time: 0.011501773756149917 seconds
Avg sample train. time: 0.0015450143851544664 seconds
Epoch 20 Training Summary: epoch: 20.000000 | loss: 0.810408 | 
Epoch runtime: 0.0 hours, 0.0 minutes, 0.10734772682189941 seconds

Avg epoch train. time: 0.0 hours, 0.0 minutes, 0.10370755195617676 seconds
Avg batch train. time: 0.011523061328464083 seconds
Avg sample train. time: 0.001547873909793683 seconds
Evaluating on validation set ...
Validation runtime: 0.0 hours, 0.0 minutes, 0.011221170425415039 seconds

Avg val. time: 0.0 hours, 0.0 minutes, 0.027464767297108967 seconds
Avg batch val. time: 0.027464767297108967 seconds
Avg sample val. time: 0.003433095912138621 seconds
Epoch 20 Validation Summary: epoch: 20.000000 | loss: 2.133874 | accuracy: 0.125000 | precision: 0.111111 | 
Epoch 21 Training Summary: epoch: 21.000000 | loss: 0.712333 | 
Epoch runtime: 0.0 hours, 0.0 minutes, 0.08936309814453125 seconds

Avg epoch train. time: 0.0 hours, 0.0 minutes, 0.10302448272705078 seconds
Avg batch train. time: 0.011447164747450087 seconds
Avg sample train. time: 0.0015376788466723997 seconds
Epoch 22 Training Summary: epoch: 22.000000 | loss: 0.682793 | 
Epoch runtime: 0.0 hours, 0.0 minutes, 0.09494447708129883 seconds

Avg epoch train. time: 0.0 hours, 0.0 minutes, 0.10265720974315297 seconds
Avg batch train. time: 0.011406356638128107 seconds
Avg sample train. time: 0.0015321971603455668 seconds
Evaluating on validation set ...
Validation runtime: 0.0 hours, 0.0 minutes, 0.00704503059387207 seconds

Avg val. time: 0.0 hours, 0.0 minutes, 0.025894018319936898 seconds
Avg batch val. time: 0.025894018319936898 seconds
Avg sample val. time: 0.003236752289992112 seconds
Epoch 22 Validation Summary: epoch: 22.000000 | loss: 2.233737 | accuracy: 0.375000 | precision: 0.527778 | 
Epoch 23 Training Summary: epoch: 23.000000 | loss: 0.581596 | 
Epoch runtime: 0.0 hours, 0.0 minutes, 0.1008753776550293 seconds

Avg epoch train. time: 0.0 hours, 0.0 minutes, 0.10257973878279976 seconds
Avg batch train. time: 0.011397748753644417 seconds
Avg sample train. time: 0.0015310408773552204 seconds
Epoch 24 Training Summary: epoch: 24.000000 | loss: 0.592607 | 
Epoch runtime: 0.0 hours, 0.0 minutes, 0.09729385375976562 seconds

Avg epoch train. time: 0.0 hours, 0.0 minutes, 0.10235949357350667 seconds
Avg batch train. time: 0.011373277063722964 seconds
Avg sample train. time: 0.0015277536354254726 seconds
Evaluating on validation set ...
Validation runtime: 0.0 hours, 0.0 minutes, 0.007183074951171875 seconds

Avg val. time: 0.0 hours, 0.0 minutes, 0.024557522365025113 seconds
Avg batch val. time: 0.024557522365025113 seconds
Avg sample val. time: 0.003069690295628139 seconds
Epoch 24 Validation Summary: epoch: 24.000000 | loss: 2.742749 | accuracy: 0.250000 | precision: 0.250000 | 
Epoch 25 Training Summary: epoch: 25.000000 | loss: 0.574490 | 
Epoch runtime: 0.0 hours, 0.0 minutes, 0.0924530029296875 seconds

Avg epoch train. time: 0.0 hours, 0.0 minutes, 0.1019632339477539 seconds
Avg batch train. time: 0.0113292482164171 seconds
Avg sample train. time: 0.0015218393126530433 seconds
Epoch 26 Training Summary: epoch: 26.000000 | loss: 0.490244 | 
Epoch runtime: 0.0 hours, 0.0 minutes, 0.10778546333312988 seconds

Avg epoch train. time: 0.0 hours, 0.0 minutes, 0.10218716584719144 seconds
Avg batch train. time: 0.011354129538576826 seconds
Avg sample train. time: 0.0015251815798088275 seconds
Evaluating on validation set ...
Validation runtime: 0.0 hours, 0.0 minutes, 0.007912158966064453 seconds

Avg val. time: 0.0 hours, 0.0 minutes, 0.023447831471761067 seconds
Avg batch val. time: 0.023447831471761067 seconds
Avg sample val. time: 0.0029309789339701333 seconds
Epoch 26 Validation Summary: epoch: 26.000000 | loss: 2.247594 | accuracy: 0.375000 | precision: 0.416667 | 
Epoch 27 Training Summary: epoch: 27.000000 | loss: 0.397369 | 
Epoch runtime: 0.0 hours, 0.0 minutes, 0.09910368919372559 seconds

Avg epoch train. time: 0.0 hours, 0.0 minutes, 0.10207296300817419 seconds
Avg batch train. time: 0.011341440334241577 seconds
Avg sample train. time: 0.0015234770598234954 seconds
Epoch 28 Training Summary: epoch: 28.000000 | loss: 0.427577 | 
Epoch runtime: 0.0 hours, 0.0 minutes, 0.09739494323730469 seconds

Avg epoch train. time: 0.0 hours, 0.0 minutes, 0.10190589087350028 seconds
Avg batch train. time: 0.011322876763722255 seconds
Avg sample train. time: 0.0015209834458731386 seconds
Evaluating on validation set ...
Validation runtime: 0.0 hours, 0.0 minutes, 0.008079290390014648 seconds

Avg val. time: 0.0 hours, 0.0 minutes, 0.022487297654151917 seconds
Avg batch val. time: 0.022487297654151917 seconds
Avg sample val. time: 0.0028109122067689896 seconds
Epoch 28 Validation Summary: epoch: 28.000000 | loss: 2.953911 | accuracy: 0.125000 | precision: 0.125000 | 
Epoch 29 Training Summary: epoch: 29.000000 | loss: 0.426309 | 
Epoch runtime: 0.0 hours, 0.0 minutes, 0.1235361099243164 seconds

Avg epoch train. time: 0.0 hours, 0.0 minutes, 0.10265176049594221 seconds
Avg batch train. time: 0.011405751166215802 seconds
Avg sample train. time: 0.001532115828297645 seconds
Epoch 30 Training Summary: epoch: 30.000000 | loss: 0.325340 | 
Epoch runtime: 0.0 hours, 0.0 minutes, 0.1027822494506836 seconds

Avg epoch train. time: 0.0 hours, 0.0 minutes, 0.10265611012776693 seconds
Avg batch train. time: 0.01140623445864077 seconds
Avg sample train. time: 0.0015321807481756258 seconds
Evaluating on validation set ...
Validation runtime: 0.0 hours, 0.0 minutes, 0.0077667236328125 seconds

Avg val. time: 0.0 hours, 0.0 minutes, 0.021621381535249597 seconds
Avg batch val. time: 0.021621381535249597 seconds
Avg sample val. time: 0.0027026726919061996 seconds
Epoch 30 Validation Summary: epoch: 30.000000 | loss: 2.696410 | accuracy: 0.250000 | precision: 0.187500 | 
Epoch 31 Training Summary: epoch: 31.000000 | loss: 0.292304 | 
Epoch runtime: 0.0 hours, 0.0 minutes, 0.10362100601196289 seconds

Avg epoch train. time: 0.0 hours, 0.0 minutes, 0.10268723580145067 seconds
Avg batch train. time: 0.011409692866827852 seconds
Avg sample train. time: 0.001532645310469413 seconds
Epoch 32 Training Summary: epoch: 32.000000 | loss: 0.383682 | 
Epoch runtime: 0.0 hours, 0.0 minutes, 0.10043525695800781 seconds

Avg epoch train. time: 0.0 hours, 0.0 minutes, 0.10261686146259308 seconds
Avg batch train. time: 0.011401873495843675 seconds
Avg sample train. time: 0.0015315949472028817 seconds
Evaluating on validation set ...
Validation runtime: 0.0 hours, 0.0 minutes, 0.008138656616210938 seconds

Avg val. time: 0.0 hours, 0.0 minutes, 0.02087234126196967 seconds
Avg batch val. time: 0.02087234126196967 seconds
Avg sample val. time: 0.002609042657746209 seconds
Epoch 32 Validation Summary: epoch: 32.000000 | loss: 2.968438 | accuracy: 0.000000 | precision: 0.000000 | 
Epoch 33 Training Summary: epoch: 33.000000 | loss: 0.344169 | 
Epoch runtime: 0.0 hours, 0.0 minutes, 0.1005864143371582 seconds

Avg epoch train. time: 0.0 hours, 0.0 minutes, 0.10255533276182233 seconds
Avg batch train. time: 0.011395036973535813 seconds
Avg sample train. time: 0.001530676608385408 seconds
Epoch 34 Training Summary: epoch: 34.000000 | loss: 0.292892 | 
Epoch runtime: 0.0 hours, 0.0 minutes, 0.11283397674560547 seconds

Avg epoch train. time: 0.0 hours, 0.0 minutes, 0.10285764582016889 seconds
Avg batch train. time: 0.011428627313352098 seconds
Avg sample train. time: 0.0015351887435846104 seconds
Evaluating on validation set ...
Validation runtime: 0.0 hours, 0.0 minutes, 0.011915445327758789 seconds

Avg val. time: 0.0 hours, 0.0 minutes, 0.02040092568648489 seconds
Avg batch val. time: 0.02040092568648489 seconds
Avg sample val. time: 0.0025501157108106113 seconds
Epoch 34 Validation Summary: epoch: 34.000000 | loss: 4.041272 | accuracy: 0.125000 | precision: 0.062500 | 
Epoch 35 Training Summary: epoch: 35.000000 | loss: 0.204972 | 
Epoch runtime: 0.0 hours, 0.0 minutes, 0.10407853126525879 seconds

Avg epoch train. time: 0.0 hours, 0.0 minutes, 0.10289252826145717 seconds
Avg batch train. time: 0.011432503140161908 seconds
Avg sample train. time: 0.0015357093770366741 seconds
Epoch 36 Training Summary: epoch: 36.000000 | loss: 0.199844 | 
Epoch runtime: 0.0 hours, 0.0 minutes, 0.10511088371276855 seconds

Avg epoch train. time: 0.0 hours, 0.0 minutes, 0.10295414924621582 seconds
Avg batch train. time: 0.011439349916246202 seconds
Avg sample train. time: 0.001536629093227102 seconds
Evaluating on validation set ...
Validation runtime: 0.0 hours, 0.0 minutes, 0.007977724075317383 seconds

Avg val. time: 0.0 hours, 0.0 minutes, 0.019779765605926515 seconds
Avg batch val. time: 0.019779765605926515 seconds
Avg sample val. time: 0.0024724707007408144 seconds
Epoch 36 Validation Summary: epoch: 36.000000 | loss: 3.147825 | accuracy: 0.375000 | precision: 0.366667 | 
Epoch 37 Training Summary: epoch: 37.000000 | loss: 0.152858 | 
Epoch runtime: 0.0 hours, 0.0 minutes, 0.10754251480102539 seconds

Avg epoch train. time: 0.0 hours, 0.0 minutes, 0.10307815912607554 seconds
Avg batch train. time: 0.011453128791786171 seconds
Avg sample train. time: 0.0015384799869563514 seconds
Epoch 38 Training Summary: epoch: 38.000000 | loss: 0.120228 | 
Epoch runtime: 0.0 hours, 0.0 minutes, 0.09761667251586914 seconds

Avg epoch train. time: 0.0 hours, 0.0 minutes, 0.10293443579422801 seconds
Avg batch train. time: 0.011437159532692 seconds
Avg sample train. time: 0.001536334862600418 seconds
Evaluating on validation set ...
Validation runtime: 0.0 hours, 0.0 minutes, 0.007184505462646484 seconds

Avg val. time: 0.0 hours, 0.0 minutes, 0.01917999131338937 seconds
Avg batch val. time: 0.01917999131338937 seconds
Avg sample val. time: 0.0023974989141736713 seconds
Epoch 38 Validation Summary: epoch: 38.000000 | loss: 4.390110 | accuracy: 0.250000 | precision: 0.194444 | 
Epoch 39 Training Summary: epoch: 39.000000 | loss: 0.137787 | 
Epoch runtime: 0.0 hours, 0.0 minutes, 0.09675192832946777 seconds

Avg epoch train. time: 0.0 hours, 0.0 minutes, 0.10277590996179825 seconds
Avg batch train. time: 0.011419545551310917 seconds
Avg sample train. time: 0.0015339688053999738 seconds
Epoch 40 Training Summary: epoch: 40.000000 | loss: 0.126451 | 
Epoch runtime: 0.0 hours, 0.0 minutes, 0.10605072975158691 seconds

Avg epoch train. time: 0.0 hours, 0.0 minutes, 0.10285778045654297 seconds
Avg batch train. time: 0.011428642272949218 seconds
Avg sample train. time: 0.0015351907530827308 seconds
Evaluating on validation set ...
Validation runtime: 0.0 hours, 0.0 minutes, 0.010653972625732422 seconds

Avg val. time: 0.0 hours, 0.0 minutes, 0.018792445009404964 seconds
Avg batch val. time: 0.018792445009404964 seconds
Avg sample val. time: 0.0023490556261756205 seconds
Epoch 40 Validation Summary: epoch: 40.000000 | loss: 4.244825 | accuracy: 0.125000 | precision: 0.095238 | 
Best accuracy was 0.5. Other metrics: OrderedDict([('epoch', 4), ('loss', 1.7773276567459106), ('accuracy', 0.5), ('precision', 0.4375)])
All Done!
Total runtime: 0.0 hours, 0.0 minutes, 7.679834365844727 seconds

