Running:
src/main_5q.py --output_dir experiments --comment classification from Scratch --name VRS_fromScratch --records_file VRS_records.xls --data_dir /mnt/d/OneDrive - Southern Methodist University/Phone_Privacy/input_feature/all_norm_downsample_480p_s22 --data_class vrs --val_ratio 0.1 --epochs 40 --lr 0.001 --dropout 0.2 --batch_size 8 --num_layers 3 --num_heads 4 --optimizer RAdam --pos_encoding learnable --task classification --normalization none --key_metric accuracy

Using device: cuda
Loading and preprocessing data ...
68 samples may be used for training
8 samples will be used for validation
0 samples will be used for testing
Creating model ...
Model:
TSTransformerEncoderClassiregressor(
  (project_inp): Linear(in_features=39, out_features=64, bias=True)
  (pos_enc): LearnablePositionalEncoding(
    (dropout): Dropout(p=0.2, inplace=False)
  )
  (transformer_encoder): TransformerEncoder(
    (layers): ModuleList(
      (0-2): 3 x TransformerBatchNormEncoderLayer(
        (self_attn): MultiheadAttention(
          (out_proj): NonDynamicallyQuantizableLinear(in_features=64, out_features=64, bias=True)
        )
        (linear1): Linear(in_features=64, out_features=256, bias=True)
        (dropout): Dropout(p=0.2, inplace=False)
        (linear2): Linear(in_features=256, out_features=64, bias=True)
        (norm1): BatchNorm1d(64, eps=1e-05, momentum=0.1, affine=True, track_running_stats=True)
        (norm2): BatchNorm1d(64, eps=1e-05, momentum=0.1, affine=True, track_running_stats=True)
        (dropout1): Dropout(p=0.2, inplace=False)
        (dropout2): Dropout(p=0.2, inplace=False)
      )
    )
  )
  (dropout1): Dropout(p=0.2, inplace=False)
  (output_layer): Linear(in_features=5120, out_features=5, bias=True)
)
Total number of parameters: 183237
Trainable parameters: 183237
Evaluating on validation set ...
Validation runtime: 0.0 hours, 0.0 minutes, 0.39763736724853516 seconds

Avg val. time: 0.0 hours, 0.0 minutes, 0.39763736724853516 seconds
Avg batch val. time: 0.39763736724853516 seconds
Avg sample val. time: 0.049704670906066895 seconds
Epoch 0 Validation Summary: epoch: 0.000000 | loss: 6.037367 | accuracy: 0.250000 | precision: 0.250000 | 
Starting training...
Epoch 1 Training Summary: epoch: 1.000000 | loss: 1.609863 | 
Epoch runtime: 0.0 hours, 0.0 minutes, 0.30751466751098633 seconds

Avg epoch train. time: 0.0 hours, 0.0 minutes, 0.30751466751098633 seconds
Avg batch train. time: 0.03416829639010959 seconds
Avg sample train. time: 0.004522274522220387 seconds
Evaluating on validation set ...
Validation runtime: 0.0 hours, 0.0 minutes, 0.007704496383666992 seconds

Avg val. time: 0.0 hours, 0.0 minutes, 0.20267093181610107 seconds
Avg batch val. time: 0.20267093181610107 seconds
Avg sample val. time: 0.025333866477012634 seconds
Epoch 1 Validation Summary: epoch: 1.000000 | loss: 1.724698 | accuracy: 0.250000 | precision: 0.250000 | 
Epoch 2 Training Summary: epoch: 2.000000 | loss: 1.697768 | 
Epoch runtime: 0.0 hours, 0.0 minutes, 0.09342694282531738 seconds

Avg epoch train. time: 0.0 hours, 0.0 minutes, 0.20047080516815186 seconds
Avg batch train. time: 0.02227453390757243 seconds
Avg sample train. time: 0.002948100076002233 seconds
Evaluating on validation set ...
Validation runtime: 0.0 hours, 0.0 minutes, 0.007093191146850586 seconds

Avg val. time: 0.0 hours, 0.0 minutes, 0.13747835159301758 seconds
Avg batch val. time: 0.13747835159301758 seconds
Avg sample val. time: 0.017184793949127197 seconds
Epoch 2 Validation Summary: epoch: 2.000000 | loss: 1.662379 | accuracy: 0.125000 | precision: 0.071429 | 
Epoch 3 Training Summary: epoch: 3.000000 | loss: 1.679537 | 
Epoch runtime: 0.0 hours, 0.0 minutes, 0.09353852272033691 seconds

Avg epoch train. time: 0.0 hours, 0.0 minutes, 0.16482671101888022 seconds
Avg batch train. time: 0.0183140790020978 seconds
Avg sample train. time: 0.0024239222208658857 seconds
Epoch 4 Training Summary: epoch: 4.000000 | loss: 1.700416 | 
Epoch runtime: 0.0 hours, 0.0 minutes, 0.09521079063415527 seconds

Avg epoch train. time: 0.0 hours, 0.0 minutes, 0.14742273092269897 seconds
Avg batch train. time: 0.01638030343585544 seconds
Avg sample train. time: 0.0021679813370985143 seconds
Evaluating on validation set ...
Validation runtime: 0.0 hours, 0.0 minutes, 0.007285356521606445 seconds

Avg val. time: 0.0 hours, 0.0 minutes, 0.1049301028251648 seconds
Avg batch val. time: 0.1049301028251648 seconds
Avg sample val. time: 0.0131162628531456 seconds
Epoch 4 Validation Summary: epoch: 4.000000 | loss: 1.671562 | accuracy: 0.125000 | precision: 0.071429 | 
Epoch 5 Training Summary: epoch: 5.000000 | loss: 1.595550 | 
Epoch runtime: 0.0 hours, 0.0 minutes, 0.09448647499084473 seconds

Avg epoch train. time: 0.0 hours, 0.0 minutes, 0.13683547973632812 seconds
Avg batch train. time: 0.015203942192925347 seconds
Avg sample train. time: 0.0020122864667107077 seconds
Epoch 6 Training Summary: epoch: 6.000000 | loss: 1.607257 | 
Epoch runtime: 0.0 hours, 0.0 minutes, 0.09543085098266602 seconds

Avg epoch train. time: 0.0 hours, 0.0 minutes, 0.12993470827738443 seconds
Avg batch train. time: 0.01443718980859827 seconds
Avg sample train. time: 0.0019108045334909475 seconds
Evaluating on validation set ...
Validation runtime: 0.0 hours, 0.0 minutes, 0.007498025894165039 seconds

Avg val. time: 0.0 hours, 0.0 minutes, 0.08544368743896484 seconds
Avg batch val. time: 0.08544368743896484 seconds
Avg sample val. time: 0.010680460929870605 seconds
Epoch 6 Validation Summary: epoch: 6.000000 | loss: 1.669833 | accuracy: 0.125000 | precision: 0.071429 | 
Epoch 7 Training Summary: epoch: 7.000000 | loss: 1.723338 | 
Epoch runtime: 0.0 hours, 0.0 minutes, 0.0950784683227539 seconds

Avg epoch train. time: 0.0 hours, 0.0 minutes, 0.12495524542672294 seconds
Avg batch train. time: 0.013883916158524771 seconds
Avg sample train. time: 0.0018375771386282785 seconds
Epoch 8 Training Summary: epoch: 8.000000 | loss: 1.693554 | 
Epoch runtime: 0.0 hours, 0.0 minutes, 0.09222126007080078 seconds

Avg epoch train. time: 0.0 hours, 0.0 minutes, 0.12086349725723267 seconds
Avg batch train. time: 0.013429277473025851 seconds
Avg sample train. time: 0.001777404371429892 seconds
Evaluating on validation set ...
Validation runtime: 0.0 hours, 0.0 minutes, 0.0074214935302734375 seconds

Avg val. time: 0.0 hours, 0.0 minutes, 0.07243998845418294 seconds
Avg batch val. time: 0.07243998845418294 seconds
Avg sample val. time: 0.009054998556772867 seconds
Epoch 8 Validation Summary: epoch: 8.000000 | loss: 1.671090 | accuracy: 0.125000 | precision: 0.071429 | 
Epoch 9 Training Summary: epoch: 9.000000 | loss: 1.663977 | 
Epoch runtime: 0.0 hours, 0.0 minutes, 0.09921479225158691 seconds

Avg epoch train. time: 0.0 hours, 0.0 minutes, 0.1184580855899387 seconds
Avg batch train. time: 0.013162009509993189 seconds
Avg sample train. time: 0.001742030670440275 seconds
Epoch 10 Training Summary: epoch: 10.000000 | loss: 1.675716 | 
Epoch runtime: 0.0 hours, 0.0 minutes, 0.09738349914550781 seconds

Avg epoch train. time: 0.0 hours, 0.0 minutes, 0.11635062694549561 seconds
Avg batch train. time: 0.012927847438388401 seconds
Avg sample train. time: 0.001711038631551406 seconds
Evaluating on validation set ...
Validation runtime: 0.0 hours, 0.0 minutes, 0.0073451995849609375 seconds

Avg val. time: 0.0 hours, 0.0 minutes, 0.06314073290143694 seconds
Avg batch val. time: 0.06314073290143694 seconds
Avg sample val. time: 0.007892591612679618 seconds
Epoch 10 Validation Summary: epoch: 10.000000 | loss: 1.661074 | accuracy: 0.125000 | precision: 0.071429 | 
Epoch 11 Training Summary: epoch: 11.000000 | loss: 1.651676 | 
Epoch runtime: 0.0 hours, 0.0 minutes, 0.10207819938659668 seconds

Avg epoch train. time: 0.0 hours, 0.0 minutes, 0.11505313353105025 seconds
Avg batch train. time: 0.012783681503450028 seconds
Avg sample train. time: 0.0016919578460448566 seconds
Epoch 12 Training Summary: epoch: 12.000000 | loss: 1.574376 | 
Epoch runtime: 0.0 hours, 0.0 minutes, 0.1036367416381836 seconds

Avg epoch train. time: 0.0 hours, 0.0 minutes, 0.11410176753997803 seconds
Avg batch train. time: 0.01267797417110867 seconds
Avg sample train. time: 0.0016779671697055593 seconds
Evaluating on validation set ...
Validation runtime: 0.0 hours, 0.0 minutes, 0.008553266525268555 seconds

Avg val. time: 0.0 hours, 0.0 minutes, 0.056317299604415894 seconds
Avg batch val. time: 0.056317299604415894 seconds
Avg sample val. time: 0.007039662450551987 seconds
Epoch 12 Validation Summary: epoch: 12.000000 | loss: 1.669634 | accuracy: 0.125000 | precision: 0.071429 | 
Epoch 13 Training Summary: epoch: 13.000000 | loss: 1.744533 | 
Epoch runtime: 0.0 hours, 0.0 minutes, 0.10214686393737793 seconds

Avg epoch train. time: 0.0 hours, 0.0 minutes, 0.11318215957054725 seconds
Avg batch train. time: 0.012575795507838584 seconds
Avg sample train. time: 0.0016644435230962831 seconds
Epoch 14 Training Summary: epoch: 14.000000 | loss: 1.639784 | 
Epoch runtime: 0.0 hours, 0.0 minutes, 0.10044598579406738 seconds

Avg epoch train. time: 0.0 hours, 0.0 minutes, 0.11227243287222725 seconds
Avg batch train. time: 0.012474714763580806 seconds
Avg sample train. time: 0.0016510651892974596 seconds
Evaluating on validation set ...
Validation runtime: 0.0 hours, 0.0 minutes, 0.008511781692504883 seconds

Avg val. time: 0.0 hours, 0.0 minutes, 0.051005575391981334 seconds
Avg batch val. time: 0.051005575391981334 seconds
Avg sample val. time: 0.006375696923997667 seconds
Epoch 14 Validation Summary: epoch: 14.000000 | loss: 1.658912 | accuracy: 0.250000 | precision: 0.388889 | 
Epoch 15 Training Summary: epoch: 15.000000 | loss: 1.588476 | 
Epoch runtime: 0.0 hours, 0.0 minutes, 0.11350274085998535 seconds

Avg epoch train. time: 0.0 hours, 0.0 minutes, 0.11235445340474447 seconds
Avg batch train. time: 0.012483828156082719 seconds
Avg sample train. time: 0.0016522713735991834 seconds
Epoch 16 Training Summary: epoch: 16.000000 | loss: 1.639458 | 
Epoch runtime: 0.0 hours, 0.0 minutes, 0.10130977630615234 seconds

Avg epoch train. time: 0.0 hours, 0.0 minutes, 0.11166416108608246 seconds
Avg batch train. time: 0.012407129009564718 seconds
Avg sample train. time: 0.0016421200159718009 seconds
Evaluating on validation set ...
Validation runtime: 0.0 hours, 0.0 minutes, 0.0076770782470703125 seconds

Avg val. time: 0.0 hours, 0.0 minutes, 0.046672725677490236 seconds
Avg batch val. time: 0.046672725677490236 seconds
Avg sample val. time: 0.0058340907096862795 seconds
Epoch 16 Validation Summary: epoch: 16.000000 | loss: 1.660953 | accuracy: 0.125000 | precision: 0.071429 | 
Epoch 17 Training Summary: epoch: 17.000000 | loss: 1.656379 | 
Epoch runtime: 0.0 hours, 0.0 minutes, 0.10035538673400879 seconds

Avg epoch train. time: 0.0 hours, 0.0 minutes, 0.11099893906537224 seconds
Avg batch train. time: 0.012333215451708027 seconds
Avg sample train. time: 0.0016323373391966506 seconds
Epoch 18 Training Summary: epoch: 18.000000 | loss: 1.638979 | 
Epoch runtime: 0.0 hours, 0.0 minutes, 0.11705374717712402 seconds

Avg epoch train. time: 0.0 hours, 0.0 minutes, 0.1113353172938029 seconds
Avg batch train. time: 0.012370590810422544 seconds
Avg sample train. time: 0.0016372840778500427 seconds
Evaluating on validation set ...
Validation runtime: 0.0 hours, 0.0 minutes, 0.008172035217285156 seconds

Avg val. time: 0.0 hours, 0.0 minutes, 0.043172662908380684 seconds
Avg batch val. time: 0.043172662908380684 seconds
Avg sample val. time: 0.0053965828635475855 seconds
Epoch 18 Validation Summary: epoch: 18.000000 | loss: 1.654104 | accuracy: 0.125000 | precision: 0.071429 | 
Epoch 19 Training Summary: epoch: 19.000000 | loss: 1.690809 | 
Epoch runtime: 0.0 hours, 0.0 minutes, 0.10657978057861328 seconds

Avg epoch train. time: 0.0 hours, 0.0 minutes, 0.11108502588774029 seconds
Avg batch train. time: 0.012342780654193366 seconds
Avg sample train. time: 0.0016336033218785336 seconds
Epoch 20 Training Summary: epoch: 20.000000 | loss: 1.701867 | 
Epoch runtime: 0.0 hours, 0.0 minutes, 0.10487818717956543 seconds

Avg epoch train. time: 0.0 hours, 0.0 minutes, 0.11077468395233155 seconds
Avg batch train. time: 0.012308298216925728 seconds
Avg sample train. time: 0.0016290394698872286 seconds
Evaluating on validation set ...
Validation runtime: 0.0 hours, 0.0 minutes, 0.008038520812988281 seconds

Avg val. time: 0.0 hours, 0.0 minutes, 0.04024481773376465 seconds
Avg batch val. time: 0.04024481773376465 seconds
Avg sample val. time: 0.005030602216720581 seconds
Epoch 20 Validation Summary: epoch: 20.000000 | loss: 1.653441 | accuracy: 0.000000 | precision: 0.000000 | 
Epoch 21 Training Summary: epoch: 21.000000 | loss: 1.683191 | 
Epoch runtime: 0.0 hours, 0.0 minutes, 0.09853529930114746 seconds

Avg epoch train. time: 0.0 hours, 0.0 minutes, 0.11019185611179896 seconds
Avg batch train. time: 0.012243539567977663 seconds
Avg sample train. time: 0.0016204684722323378 seconds
Epoch 22 Training Summary: epoch: 22.000000 | loss: 1.646116 | 
Epoch runtime: 0.0 hours, 0.0 minutes, 0.10632610321044922 seconds

Avg epoch train. time: 0.0 hours, 0.0 minutes, 0.11001614007082852 seconds
Avg batch train. time: 0.012224015563425391 seconds
Avg sample train. time: 0.0016178844128063017 seconds
Evaluating on validation set ...
Validation runtime: 0.0 hours, 0.0 minutes, 0.009081840515136719 seconds

Avg val. time: 0.0 hours, 0.0 minutes, 0.037847665640024036 seconds
Avg batch val. time: 0.037847665640024036 seconds
Avg sample val. time: 0.0047309582050030045 seconds
Epoch 22 Validation Summary: epoch: 22.000000 | loss: 1.638048 | accuracy: 0.125000 | precision: 0.125000 | 
Epoch 23 Training Summary: epoch: 23.000000 | loss: 1.676509 | 
Epoch runtime: 0.0 hours, 0.0 minutes, 0.12055492401123047 seconds

Avg epoch train. time: 0.0 hours, 0.0 minutes, 0.1104743480682373 seconds
Avg batch train. time: 0.012274927563137479 seconds
Avg sample train. time: 0.001624622765709372 seconds
Epoch 24 Training Summary: epoch: 24.000000 | loss: 1.659905 | 
Epoch runtime: 0.0 hours, 0.0 minutes, 0.09919118881225586 seconds

Avg epoch train. time: 0.0 hours, 0.0 minutes, 0.11000421643257141 seconds
Avg batch train. time: 0.012222690714730157 seconds
Avg sample train. time: 0.0016177090651848737 seconds
Evaluating on validation set ...
Validation runtime: 0.0 hours, 0.0 minutes, 0.008253097534179688 seconds

Avg val. time: 0.0 hours, 0.0 minutes, 0.03573376791817801 seconds
Avg batch val. time: 0.03573376791817801 seconds
Avg sample val. time: 0.0044667209897722516 seconds
Epoch 24 Validation Summary: epoch: 24.000000 | loss: 1.615320 | accuracy: 0.125000 | precision: 0.166667 | 
Epoch 25 Training Summary: epoch: 25.000000 | loss: 1.627686 | 
Epoch runtime: 0.0 hours, 0.0 minutes, 0.09429073333740234 seconds

Avg epoch train. time: 0.0 hours, 0.0 minutes, 0.10937567710876465 seconds
Avg batch train. time: 0.012152853012084961 seconds
Avg sample train. time: 0.0016084658398347743 seconds
Epoch 26 Training Summary: epoch: 26.000000 | loss: 1.554542 | 
Epoch runtime: 0.0 hours, 0.0 minutes, 0.09956979751586914 seconds

Avg epoch train. time: 0.0 hours, 0.0 minutes, 0.10899852789365329 seconds
Avg batch train. time: 0.012110947543739254 seconds
Avg sample train. time: 0.0016029195278478424 seconds
Evaluating on validation set ...
Validation runtime: 0.0 hours, 0.0 minutes, 0.008063077926635742 seconds

Avg val. time: 0.0 hours, 0.0 minutes, 0.033889055252075195 seconds
Avg batch val. time: 0.033889055252075195 seconds
Avg sample val. time: 0.004236131906509399 seconds
Epoch 26 Validation Summary: epoch: 26.000000 | loss: 1.629383 | accuracy: 0.125000 | precision: 0.083333 | 
Epoch 27 Training Summary: epoch: 27.000000 | loss: 1.557487 | 
Epoch runtime: 0.0 hours, 0.0 minutes, 0.10371279716491699 seconds

Avg epoch train. time: 0.0 hours, 0.0 minutes, 0.10880276008888527 seconds
Avg batch train. time: 0.012089195565431697 seconds
Avg sample train. time: 0.0016000405895424306 seconds
Epoch 28 Training Summary: epoch: 28.000000 | loss: 1.614516 | 
Epoch runtime: 0.0 hours, 0.0 minutes, 0.10481858253479004 seconds

Avg epoch train. time: 0.0 hours, 0.0 minutes, 0.10866046803338188 seconds
Avg batch train. time: 0.012073385337042431 seconds
Avg sample train. time: 0.0015979480593144393 seconds
Evaluating on validation set ...
Validation runtime: 0.0 hours, 0.0 minutes, 0.008078336715698242 seconds

Avg val. time: 0.0 hours, 0.0 minutes, 0.032275885343551636 seconds
Avg batch val. time: 0.032275885343551636 seconds
Avg sample val. time: 0.0040344856679439545 seconds
Epoch 28 Validation Summary: epoch: 28.000000 | loss: 1.675259 | accuracy: 0.000000 | precision: 0.000000 | 
Epoch 29 Training Summary: epoch: 29.000000 | loss: 1.567720 | 
Epoch runtime: 0.0 hours, 0.0 minutes, 0.09944534301757812 seconds

Avg epoch train. time: 0.0 hours, 0.0 minutes, 0.10834270510180243 seconds
Avg batch train. time: 0.012038078344644714 seconds
Avg sample train. time: 0.0015932750750265062 seconds
Epoch 30 Training Summary: epoch: 30.000000 | loss: 1.623936 | 
Epoch runtime: 0.0 hours, 0.0 minutes, 0.09952998161315918 seconds

Avg epoch train. time: 0.0 hours, 0.0 minutes, 0.108048947652181 seconds
Avg batch train. time: 0.01200543862802011 seconds
Avg sample train. time: 0.0015889551125320735 seconds
Evaluating on validation set ...
Validation runtime: 0.0 hours, 0.0 minutes, 0.00805211067199707 seconds

Avg val. time: 0.0 hours, 0.0 minutes, 0.030850957421695486 seconds
Avg batch val. time: 0.030850957421695486 seconds
Avg sample val. time: 0.0038563696777119357 seconds
Epoch 30 Validation Summary: epoch: 30.000000 | loss: 1.648913 | accuracy: 0.125000 | precision: 0.133333 | 
Epoch 31 Training Summary: epoch: 31.000000 | loss: 1.635278 | 
Epoch runtime: 0.0 hours, 0.0 minutes, 0.11186003684997559 seconds

Avg epoch train. time: 0.0 hours, 0.0 minutes, 0.10817188601340016 seconds
Avg batch train. time: 0.012019098445933352 seconds
Avg sample train. time: 0.001590763029608826 seconds
Epoch 32 Training Summary: epoch: 32.000000 | loss: 1.586773 | 
Epoch runtime: 0.0 hours, 0.0 minutes, 0.1036367416381836 seconds

Avg epoch train. time: 0.0 hours, 0.0 minutes, 0.10803016275167465 seconds
Avg batch train. time: 0.012003351416852739 seconds
Avg sample train. time: 0.0015886788639952155 seconds
Evaluating on validation set ...
Validation runtime: 0.0 hours, 0.0 minutes, 0.008025884628295898 seconds

Avg val. time: 0.0 hours, 0.0 minutes, 0.029582897822062176 seconds
Avg batch val. time: 0.029582897822062176 seconds
Avg sample val. time: 0.003697862227757772 seconds
Epoch 32 Validation Summary: epoch: 32.000000 | loss: 1.640501 | accuracy: 0.375000 | precision: 0.416667 | 
Epoch 33 Training Summary: epoch: 33.000000 | loss: 1.528619 | 
Epoch runtime: 0.0 hours, 0.0 minutes, 0.10744309425354004 seconds

Avg epoch train. time: 0.0 hours, 0.0 minutes, 0.10801237279718573 seconds
Avg batch train. time: 0.012001374755242858 seconds
Avg sample train. time: 0.0015884172470174373 seconds
Epoch 34 Training Summary: epoch: 34.000000 | loss: 1.505164 | 
Epoch runtime: 0.0 hours, 0.0 minutes, 0.1004939079284668 seconds

Avg epoch train. time: 0.0 hours, 0.0 minutes, 0.10779124147751752 seconds
Avg batch train. time: 0.011976804608613058 seconds
Avg sample train. time: 0.001585165315845846 seconds
Evaluating on validation set ...
Validation runtime: 0.0 hours, 0.0 minutes, 0.007434844970703125 seconds

Avg val. time: 0.0 hours, 0.0 minutes, 0.02841721082988538 seconds
Avg batch val. time: 0.02841721082988538 seconds
Avg sample val. time: 0.0035521513537356726 seconds
Epoch 34 Validation Summary: epoch: 34.000000 | loss: 1.601758 | accuracy: 0.375000 | precision: 0.416667 | 
Epoch 35 Training Summary: epoch: 35.000000 | loss: 1.491788 | 
Epoch runtime: 0.0 hours, 0.0 minutes, 0.10715246200561523 seconds

Avg epoch train. time: 0.0 hours, 0.0 minutes, 0.10777299063546317 seconds
Avg batch train. time: 0.011974776737273686 seconds
Avg sample train. time: 0.0015848969211097524 seconds
Epoch 36 Training Summary: epoch: 36.000000 | loss: 1.438012 | 
Epoch runtime: 0.0 hours, 0.0 minutes, 0.09604692459106445 seconds

Avg epoch train. time: 0.0 hours, 0.0 minutes, 0.10744726657867432 seconds
Avg batch train. time: 0.011938585175408257 seconds
Avg sample train. time: 0.001580106861451093 seconds
Evaluating on validation set ...
Validation runtime: 0.0 hours, 0.0 minutes, 0.0077838897705078125 seconds

Avg val. time: 0.0 hours, 0.0 minutes, 0.027385544776916505 seconds
Avg batch val. time: 0.027385544776916505 seconds
Avg sample val. time: 0.003423193097114563 seconds
Epoch 36 Validation Summary: epoch: 36.000000 | loss: 1.604940 | accuracy: 0.250000 | precision: 0.280000 | 
Epoch 37 Training Summary: epoch: 37.000000 | loss: 1.511044 | 
Epoch runtime: 0.0 hours, 0.0 minutes, 0.09618234634399414 seconds

Avg epoch train. time: 0.0 hours, 0.0 minutes, 0.1071428092750343 seconds
Avg batch train. time: 0.011904756586114923 seconds
Avg sample train. time: 0.0015756295481622693 seconds
Epoch 38 Training Summary: epoch: 38.000000 | loss: 1.523076 | 
Epoch runtime: 0.0 hours, 0.0 minutes, 0.10245227813720703 seconds

Avg epoch train. time: 0.0 hours, 0.0 minutes, 0.10701937424509149 seconds
Avg batch train. time: 0.011891041582787943 seconds
Avg sample train. time: 0.0015738143271336984 seconds
Evaluating on validation set ...
Validation runtime: 0.0 hours, 0.0 minutes, 0.00766754150390625 seconds

Avg val. time: 0.0 hours, 0.0 minutes, 0.02644659224010649 seconds
Avg batch val. time: 0.02644659224010649 seconds
Avg sample val. time: 0.0033058240300133115 seconds
Epoch 38 Validation Summary: epoch: 38.000000 | loss: 1.628253 | accuracy: 0.500000 | precision: 0.583333 | 
Epoch 39 Training Summary: epoch: 39.000000 | loss: 1.395890 | 
Epoch runtime: 0.0 hours, 0.0 minutes, 0.10233092308044434 seconds

Avg epoch train. time: 0.0 hours, 0.0 minutes, 0.10689915754856208 seconds
Avg batch train. time: 0.011877684172062454 seconds
Avg sample train. time: 0.0015720464345376777 seconds
Epoch 40 Training Summary: epoch: 40.000000 | loss: 1.452920 | 
Epoch runtime: 0.0 hours, 0.0 minutes, 0.09869146347045898 seconds

Avg epoch train. time: 0.0 hours, 0.0 minutes, 0.1066939651966095 seconds
Avg batch train. time: 0.0118548850218455 seconds
Avg sample train. time: 0.0015690288999501397 seconds
Evaluating on validation set ...
Validation runtime: 0.0 hours, 0.0 minutes, 0.00791311264038086 seconds

Avg val. time: 0.0 hours, 0.0 minutes, 0.025604161349209873 seconds
Avg batch val. time: 0.025604161349209873 seconds
Avg sample val. time: 0.003200520168651234 seconds
Epoch 40 Validation Summary: epoch: 40.000000 | loss: 1.641091 | accuracy: 0.375000 | precision: 0.416667 | 
Best accuracy was 0.5. Other metrics: OrderedDict([('epoch', 38), ('loss', 1.6282531023025513), ('accuracy', 0.5), ('precision', 0.5833333333333333)])
All Done!
Total runtime: 0.0 hours, 0.0 minutes, 8.069698572158813 seconds

