Running:
src/main_5q.py --output_dir experiments --comment classification from Scratch --name VRS_fromScratch --records_file VRS_records.xls --data_dir /mnt/d/OneDrive - Southern Methodist University/Phone_Privacy/input_feature/all_processpos_norm_downsample_480p_s22 --data_class vrs --val_ratio 0.1 --epochs 40 --lr 0.001 --dropout 0.2 --batch_size 8 --num_layers 3 --num_heads 4 --optimizer RAdam --pos_encoding learnable --task classification --normalization none --key_metric accuracy

Using device: cuda
Loading and preprocessing data ...
271 samples may be used for training
31 samples will be used for validation
0 samples will be used for testing
Creating model ...
Model:
TSTransformerEncoderClassiregressor(
  (project_inp): Linear(in_features=39, out_features=64, bias=True)
  (pos_enc): LearnablePositionalEncoding(
    (dropout): Dropout(p=0.2, inplace=False)
  )
  (transformer_encoder): TransformerEncoder(
    (layers): ModuleList(
      (0-2): 3 x TransformerBatchNormEncoderLayer(
        (self_attn): MultiheadAttention(
          (out_proj): NonDynamicallyQuantizableLinear(in_features=64, out_features=64, bias=True)
        )
        (linear1): Linear(in_features=64, out_features=256, bias=True)
        (dropout): Dropout(p=0.2, inplace=False)
        (linear2): Linear(in_features=256, out_features=64, bias=True)
        (norm1): BatchNorm1d(64, eps=1e-05, momentum=0.1, affine=True, track_running_stats=True)
        (norm2): BatchNorm1d(64, eps=1e-05, momentum=0.1, affine=True, track_running_stats=True)
        (dropout1): Dropout(p=0.2, inplace=False)
        (dropout2): Dropout(p=0.2, inplace=False)
      )
    )
  )
  (dropout1): Dropout(p=0.2, inplace=False)
  (output_layer): Linear(in_features=5120, out_features=5, bias=True)
)
Total number of parameters: 183237
Trainable parameters: 183237
Evaluating on validation set ...
Validation runtime: 0.0 hours, 0.0 minutes, 0.23411321640014648 seconds

Avg val. time: 0.0 hours, 0.0 minutes, 0.23411321640014648 seconds
Avg batch val. time: 0.05852830410003662 seconds
Avg sample val. time: 0.007552039238714402 seconds
Epoch 0 Validation Summary: epoch: 0.000000 | loss: 2.583908 | accuracy: 0.225806 | precision: 0.238095 | 
Starting training...
Epoch 1 Training Summary: epoch: 1.000000 | loss: 1.671906 | 
Epoch runtime: 0.0 hours, 0.0 minutes, 0.5674004554748535 seconds

Avg epoch train. time: 0.0 hours, 0.0 minutes, 0.5674004554748535 seconds
Avg batch train. time: 0.016688248690436867 seconds
Avg sample train. time: 0.002093728617988389 seconds
Evaluating on validation set ...
Validation runtime: 0.0 hours, 0.0 minutes, 0.020581960678100586 seconds

Avg val. time: 0.0 hours, 0.0 minutes, 0.12734758853912354 seconds
Avg batch val. time: 0.031836897134780884 seconds
Avg sample val. time: 0.004107986727068501 seconds
Epoch 1 Validation Summary: epoch: 1.000000 | loss: 1.645327 | accuracy: 0.161290 | precision: 0.162058 | 
Epoch 2 Training Summary: epoch: 2.000000 | loss: 1.675846 | 
Epoch runtime: 0.0 hours, 0.0 minutes, 0.41673922538757324 seconds

Avg epoch train. time: 0.0 hours, 0.0 minutes, 0.4920698404312134 seconds
Avg batch train. time: 0.014472642365623923 seconds
Avg sample train. time: 0.0018157558687498649 seconds
Evaluating on validation set ...
Validation runtime: 0.0 hours, 0.0 minutes, 0.01648712158203125 seconds

Avg val. time: 0.0 hours, 0.0 minutes, 0.0903940995534261 seconds
Avg batch val. time: 0.022598524888356526 seconds
Avg sample val. time: 0.0029159386952718096 seconds
Epoch 2 Validation Summary: epoch: 2.000000 | loss: 1.644340 | accuracy: 0.096774 | precision: 0.073260 | 
Epoch 3 Training Summary: epoch: 3.000000 | loss: 1.667876 | 
Epoch runtime: 0.0 hours, 0.0 minutes, 0.4520604610443115 seconds

Avg epoch train. time: 0.0 hours, 0.0 minutes, 0.4787333806355794 seconds
Avg batch train. time: 0.014080393548105277 seconds
Avg sample train. time: 0.0017665438399836878 seconds
Epoch 4 Training Summary: epoch: 4.000000 | loss: 1.674407 | 
Epoch runtime: 0.0 hours, 0.0 minutes, 0.45942139625549316 seconds

Avg epoch train. time: 0.0 hours, 0.0 minutes, 0.47390538454055786 seconds
Avg batch train. time: 0.013938393662957585 seconds
Avg sample train. time: 0.001748728356238221 seconds
Evaluating on validation set ...
Validation runtime: 0.0 hours, 0.0 minutes, 0.023526668548583984 seconds

Avg val. time: 0.0 hours, 0.0 minutes, 0.07367724180221558 seconds
Avg batch val. time: 0.018419310450553894 seconds
Avg sample val. time: 0.002376685219426309 seconds
Epoch 4 Validation Summary: epoch: 4.000000 | loss: 1.652022 | accuracy: 0.161290 | precision: 0.138172 | 
Epoch 5 Training Summary: epoch: 5.000000 | loss: 1.631511 | 
Epoch runtime: 0.0 hours, 0.0 minutes, 0.4283430576324463 seconds

Avg epoch train. time: 0.0 hours, 0.0 minutes, 0.46479291915893556 seconds
Avg batch train. time: 0.013670379975262811 seconds
Avg sample train. time: 0.0017151030227266994 seconds
Epoch 6 Training Summary: epoch: 6.000000 | loss: 1.629776 | 
Epoch runtime: 0.0 hours, 0.0 minutes, 0.4519028663635254 seconds

Avg epoch train. time: 0.0 hours, 0.0 minutes, 0.4626445770263672 seconds
Avg batch train. time: 0.013607193441951977 seconds
Avg sample train. time: 0.0017071755609829047 seconds
Evaluating on validation set ...
Validation runtime: 0.0 hours, 0.0 minutes, 0.016855716705322266 seconds

Avg val. time: 0.0 hours, 0.0 minutes, 0.06231293678283691 seconds
Avg batch val. time: 0.015578234195709228 seconds
Avg sample val. time: 0.002010094734930223 seconds
Epoch 6 Validation Summary: epoch: 6.000000 | loss: 1.590996 | accuracy: 0.161290 | precision: 0.142943 | 
Epoch 7 Training Summary: epoch: 7.000000 | loss: 1.567016 | 
Epoch runtime: 0.0 hours, 0.0 minutes, 0.4445805549621582 seconds

Avg epoch train. time: 0.0 hours, 0.0 minutes, 0.4600640024457659 seconds
Avg batch train. time: 0.01353129418958135 seconds
Avg sample train. time: 0.0016976531455563317 seconds
Epoch 8 Training Summary: epoch: 8.000000 | loss: 1.594574 | 
Epoch runtime: 0.0 hours, 0.0 minutes, 0.4398677349090576 seconds

Avg epoch train. time: 0.0 hours, 0.0 minutes, 0.45753946900367737 seconds
Avg batch train. time: 0.013457043205990511 seconds
Avg sample train. time: 0.0016883375239988094 seconds
Evaluating on validation set ...
Validation runtime: 0.0 hours, 0.0 minutes, 0.022637367248535156 seconds

Avg val. time: 0.0 hours, 0.0 minutes, 0.055700341860453285 seconds
Avg batch val. time: 0.013925085465113321 seconds
Avg sample val. time: 0.0017967852213049446 seconds
Epoch 8 Validation Summary: epoch: 8.000000 | loss: 1.626897 | accuracy: 0.225806 | precision: 0.255691 | 
Epoch 9 Training Summary: epoch: 9.000000 | loss: 1.527673 | 
Epoch runtime: 0.0 hours, 0.0 minutes, 0.4653337001800537 seconds

Avg epoch train. time: 0.0 hours, 0.0 minutes, 0.4584054946899414 seconds
Avg batch train. time: 0.013482514549704158 seconds
Avg sample train. time: 0.001691533190737791 seconds
Epoch 10 Training Summary: epoch: 10.000000 | loss: 1.546082 | 
Epoch runtime: 0.0 hours, 0.0 minutes, 0.4311702251434326 seconds

Avg epoch train. time: 0.0 hours, 0.0 minutes, 0.4556819677352905 seconds
Avg batch train. time: 0.013402410815743839 seconds
Avg sample train. time: 0.0016814832757759799 seconds
Evaluating on validation set ...
Validation runtime: 0.0 hours, 0.0 minutes, 0.01912856101989746 seconds

Avg val. time: 0.0 hours, 0.0 minutes, 0.05047580174037388 seconds
Avg batch val. time: 0.01261895043509347 seconds
Avg sample val. time: 0.0016282516690443187 seconds
Epoch 10 Validation Summary: epoch: 10.000000 | loss: 1.648719 | accuracy: 0.258065 | precision: 0.232719 | 
Epoch 11 Training Summary: epoch: 11.000000 | loss: 1.462693 | 
Epoch runtime: 0.0 hours, 0.0 minutes, 0.4403066635131836 seconds

Avg epoch train. time: 0.0 hours, 0.0 minutes, 0.45428421280600806 seconds
Avg batch train. time: 0.013361300376647296 seconds
Avg sample train. time: 0.0016763255085092549 seconds
Epoch 12 Training Summary: epoch: 12.000000 | loss: 1.417270 | 
Epoch runtime: 0.0 hours, 0.0 minutes, 0.48879384994506836 seconds

Avg epoch train. time: 0.0 hours, 0.0 minutes, 0.45716001590092975 seconds
Avg batch train. time: 0.013445882820615582 seconds
Avg sample train. time: 0.0016869373280477113 seconds
Evaluating on validation set ...
Validation runtime: 0.0 hours, 0.0 minutes, 0.018409252166748047 seconds

Avg val. time: 0.0 hours, 0.0 minutes, 0.046467483043670654 seconds
Avg batch val. time: 0.011616870760917664 seconds
Avg sample val. time: 0.0014989510659248599 seconds
Epoch 12 Validation Summary: epoch: 12.000000 | loss: 1.625230 | accuracy: 0.258065 | precision: 0.243262 | 
Epoch 13 Training Summary: epoch: 13.000000 | loss: 1.404716 | 
Epoch runtime: 0.0 hours, 0.0 minutes, 0.4319784641265869 seconds

Avg epoch train. time: 0.0 hours, 0.0 minutes, 0.45522297345674956 seconds
Avg batch train. time: 0.013388910984022047 seconds
Avg sample train. time: 0.0016797895699511053 seconds
Epoch 14 Training Summary: epoch: 14.000000 | loss: 1.348081 | 
Epoch runtime: 0.0 hours, 0.0 minutes, 0.324756383895874 seconds

Avg epoch train. time: 0.0 hours, 0.0 minutes, 0.44590393134525846 seconds
Avg batch train. time: 0.01311482151015466 seconds
Avg sample train. time: 0.0016454019606836105 seconds
Evaluating on validation set ...
Validation runtime: 0.0 hours, 0.0 minutes, 0.015169143676757812 seconds

Avg val. time: 0.0 hours, 0.0 minutes, 0.042989889780680336 seconds
Avg batch val. time: 0.010747472445170084 seconds
Avg sample val. time: 0.0013867706380864624 seconds
Epoch 14 Validation Summary: epoch: 14.000000 | loss: 1.483107 | accuracy: 0.354839 | precision: 0.371457 | 
Epoch 15 Training Summary: epoch: 15.000000 | loss: 1.280162 | 
Epoch runtime: 0.0 hours, 0.0 minutes, 0.3116161823272705 seconds

Avg epoch train. time: 0.0 hours, 0.0 minutes, 0.43695141474405924 seconds
Avg batch train. time: 0.012851512198354684 seconds
Avg sample train. time: 0.0016123668440740193 seconds
Epoch 16 Training Summary: epoch: 16.000000 | loss: 1.261891 | 
Epoch runtime: 0.0 hours, 0.0 minutes, 0.2975273132324219 seconds

Avg epoch train. time: 0.0 hours, 0.0 minutes, 0.4282374083995819 seconds
Avg batch train. time: 0.012595217894105351 seconds
Avg sample train. time: 0.0015802118391128484 seconds
Evaluating on validation set ...
Validation runtime: 0.0 hours, 0.0 minutes, 0.014050006866455078 seconds

Avg val. time: 0.0 hours, 0.0 minutes, 0.04009590148925781 seconds
Avg batch val. time: 0.010023975372314453 seconds
Avg sample val. time: 0.0012934161770728327 seconds
Epoch 16 Validation Summary: epoch: 16.000000 | loss: 1.497005 | accuracy: 0.290323 | precision: 0.343548 | 
Epoch 17 Training Summary: epoch: 17.000000 | loss: 1.146258 | 
Epoch runtime: 0.0 hours, 0.0 minutes, 0.3440721035003662 seconds

Avg epoch train. time: 0.0 hours, 0.0 minutes, 0.42328650811139273 seconds
Avg batch train. time: 0.012449603179746846 seconds
Avg sample train. time: 0.0015619428343593828 seconds
Epoch 18 Training Summary: epoch: 18.000000 | loss: 1.142772 | 
Epoch runtime: 0.0 hours, 0.0 minutes, 0.4850625991821289 seconds

Avg epoch train. time: 0.0 hours, 0.0 minutes, 0.4267185131708781 seconds
Avg batch train. time: 0.012550544505025827 seconds
Avg sample train. time: 0.001574607059671137 seconds
Evaluating on validation set ...
Validation runtime: 0.0 hours, 0.0 minutes, 0.02147388458251953 seconds

Avg val. time: 0.0 hours, 0.0 minutes, 0.03840299086137251 seconds
Avg batch val. time: 0.009600747715343128 seconds
Avg sample val. time: 0.0012388061568184682 seconds
Epoch 18 Validation Summary: epoch: 18.000000 | loss: 1.711299 | accuracy: 0.387097 | precision: 0.497022 | 
Epoch 19 Training Summary: epoch: 19.000000 | loss: 1.075888 | 
Epoch runtime: 0.0 hours, 0.0 minutes, 0.45824098587036133 seconds

Avg epoch train. time: 0.0 hours, 0.0 minutes, 0.4283775906813772 seconds
Avg batch train. time: 0.012599340902393447 seconds
Avg sample train. time: 0.001580729116905451 seconds
Epoch 20 Training Summary: epoch: 20.000000 | loss: 1.003518 | 
Epoch runtime: 0.0 hours, 0.0 minutes, 0.4146151542663574 seconds

Avg epoch train. time: 0.0 hours, 0.0 minutes, 0.4276894688606262 seconds
Avg batch train. time: 0.012579102025312535 seconds
Avg sample train. time: 0.0015781899219949305 seconds
Evaluating on validation set ...
Validation runtime: 0.0 hours, 0.0 minutes, 0.02093052864074707 seconds

Avg val. time: 0.0 hours, 0.0 minutes, 0.03694695234298706 seconds
Avg batch val. time: 0.009236738085746765 seconds
Avg sample val. time: 0.0011918371723544214 seconds
Epoch 20 Validation Summary: epoch: 20.000000 | loss: 1.617013 | accuracy: 0.258065 | precision: 0.220046 | 
Epoch 21 Training Summary: epoch: 21.000000 | loss: 0.989895 | 
Epoch runtime: 0.0 hours, 0.0 minutes, 0.4244983196258545 seconds

Avg epoch train. time: 0.0 hours, 0.0 minutes, 0.42753750937325613 seconds
Avg batch train. time: 0.01257463262862518 seconds
Avg sample train. time: 0.001577629185879174 seconds
Epoch 22 Training Summary: epoch: 22.000000 | loss: 0.961956 | 
Epoch runtime: 0.0 hours, 0.0 minutes, 0.4881622791290283 seconds

Avg epoch train. time: 0.0 hours, 0.0 minutes, 0.43029318072579126 seconds
Avg batch train. time: 0.012655681786052683 seconds
Avg sample train. time: 0.0015877977148553183 seconds
Evaluating on validation set ...
Validation runtime: 0.0 hours, 0.0 minutes, 0.0168759822845459 seconds

Avg val. time: 0.0 hours, 0.0 minutes, 0.03540303156926082 seconds
Avg batch val. time: 0.008850757892315205 seconds
Avg sample val. time: 0.0011420332764277685 seconds
Epoch 22 Validation Summary: epoch: 22.000000 | loss: 1.526820 | accuracy: 0.322581 | precision: 0.241935 | 
Epoch 23 Training Summary: epoch: 23.000000 | loss: 0.904931 | 
Epoch runtime: 0.0 hours, 0.0 minutes, 0.48603367805480957 seconds

Avg epoch train. time: 0.0 hours, 0.0 minutes, 0.4327166806096616 seconds
Avg batch train. time: 0.012726961194401813 seconds
Avg sample train. time: 0.0015967405188548399 seconds
Epoch 24 Training Summary: epoch: 24.000000 | loss: 0.885198 | 
Epoch runtime: 0.0 hours, 0.0 minutes, 0.4830331802368164 seconds

Avg epoch train. time: 0.0 hours, 0.0 minutes, 0.4348132014274597 seconds
Avg batch train. time: 0.012788623571395874 seconds
Avg sample train. time: 0.0016044767580349066 seconds
Evaluating on validation set ...
Validation runtime: 0.0 hours, 0.0 minutes, 0.022746562957763672 seconds

Avg val. time: 0.0 hours, 0.0 minutes, 0.03449899809701102 seconds
Avg batch val. time: 0.008624749524252755 seconds
Avg sample val. time: 0.0011128709063551942 seconds
Epoch 24 Validation Summary: epoch: 24.000000 | loss: 1.875082 | accuracy: 0.258065 | precision: 0.314370 | 
Epoch 25 Training Summary: epoch: 25.000000 | loss: 0.893871 | 
Epoch runtime: 0.0 hours, 0.0 minutes, 0.4831118583679199 seconds

Avg epoch train. time: 0.0 hours, 0.0 minutes, 0.4367451477050781 seconds
Avg batch train. time: 0.01284544552073759 seconds
Avg sample train. time: 0.0016116057110888492 seconds
Epoch 26 Training Summary: epoch: 26.000000 | loss: 0.860525 | 
Epoch runtime: 0.0 hours, 0.0 minutes, 0.480222225189209 seconds

Avg epoch train. time: 0.0 hours, 0.0 minutes, 0.43841734299292934 seconds
Avg batch train. time: 0.012894627735086157 seconds
Avg sample train. time: 0.0016177761734056434 seconds
Evaluating on validation set ...
Validation runtime: 0.0 hours, 0.0 minutes, 0.021233558654785156 seconds

Avg val. time: 0.0 hours, 0.0 minutes, 0.0336146354675293 seconds
Avg batch val. time: 0.008403658866882324 seconds
Avg sample val. time: 0.0010843430795977192 seconds
Epoch 26 Validation Summary: epoch: 26.000000 | loss: 2.198511 | accuracy: 0.290323 | precision: 0.239631 | 
Epoch 27 Training Summary: epoch: 27.000000 | loss: 0.742293 | 
Epoch runtime: 0.0 hours, 0.0 minutes, 0.4375920295715332 seconds

Avg epoch train. time: 0.0 hours, 0.0 minutes, 0.4383867758291739 seconds
Avg batch train. time: 0.012893728700858056 seconds
Avg sample train. time: 0.0016176633794434462 seconds
Epoch 28 Training Summary: epoch: 28.000000 | loss: 0.804925 | 
Epoch runtime: 0.0 hours, 0.0 minutes, 0.434171199798584 seconds

Avg epoch train. time: 0.0 hours, 0.0 minutes, 0.43823621954236713 seconds
Avg batch train. time: 0.012889300574775504 seconds
Avg sample train. time: 0.0016171078211895467 seconds
Evaluating on validation set ...
Validation runtime: 0.0 hours, 0.0 minutes, 0.02084970474243164 seconds

Avg val. time: 0.0 hours, 0.0 minutes, 0.03281682729721069 seconds
Avg batch val. time: 0.008204206824302673 seconds
Avg sample val. time: 0.001058607332168087 seconds
Epoch 28 Validation Summary: epoch: 28.000000 | loss: 1.984582 | accuracy: 0.354839 | precision: 0.326882 | 
Epoch 29 Training Summary: epoch: 29.000000 | loss: 0.664578 | 
Epoch runtime: 0.0 hours, 0.0 minutes, 0.4212961196899414 seconds

Avg epoch train. time: 0.0 hours, 0.0 minutes, 0.43765207816814555 seconds
Avg batch train. time: 0.012872119946121929 seconds
Avg sample train. time: 0.0016149523179636368 seconds
Epoch 30 Training Summary: epoch: 30.000000 | loss: 0.616245 | 
Epoch runtime: 0.0 hours, 0.0 minutes, 0.42147302627563477 seconds

Avg epoch train. time: 0.0 hours, 0.0 minutes, 0.4371127764383952 seconds
Avg batch train. time: 0.012856258130541035 seconds
Avg sample train. time: 0.001612962274680425 seconds
Evaluating on validation set ...
Validation runtime: 0.0 hours, 0.0 minutes, 0.022867918014526367 seconds

Avg val. time: 0.0 hours, 0.0 minutes, 0.03223159733940573 seconds
Avg batch val. time: 0.008057899334851433 seconds
Avg sample val. time: 0.001039728946432443 seconds
Epoch 30 Validation Summary: epoch: 30.000000 | loss: 2.041211 | accuracy: 0.258065 | precision: 0.212079 | 
Epoch 31 Training Summary: epoch: 31.000000 | loss: 0.724804 | 
Epoch runtime: 0.0 hours, 0.0 minutes, 0.4480001926422119 seconds

Avg epoch train. time: 0.0 hours, 0.0 minutes, 0.43746398341271187 seconds
Avg batch train. time: 0.012866587747432701 seconds
Avg sample train. time: 0.0016142582413753205 seconds
Epoch 32 Training Summary: epoch: 32.000000 | loss: 0.621702 | 
Epoch runtime: 0.0 hours, 0.0 minutes, 0.4318277835845947 seconds

Avg epoch train. time: 0.0 hours, 0.0 minutes, 0.4372878521680832 seconds
Avg batch train. time: 0.01286140741670833 seconds
Avg sample train. time: 0.0016136083105833328 seconds
Evaluating on validation set ...
Validation runtime: 0.0 hours, 0.0 minutes, 0.019234418869018555 seconds

Avg val. time: 0.0 hours, 0.0 minutes, 0.03150953186882867 seconds
Avg batch val. time: 0.007877382967207167 seconds
Avg sample val. time: 0.001016436511897699 seconds
Epoch 32 Validation Summary: epoch: 32.000000 | loss: 2.287904 | accuracy: 0.354839 | precision: 0.315543 | 
Epoch 33 Training Summary: epoch: 33.000000 | loss: 0.612192 | 
Epoch runtime: 0.0 hours, 0.0 minutes, 0.45697498321533203 seconds

Avg epoch train. time: 0.0 hours, 0.0 minutes, 0.4378844318967877 seconds
Avg batch train. time: 0.012878953879317286 seconds
Avg sample train. time: 0.0016158097117962647 seconds
Epoch 34 Training Summary: epoch: 34.000000 | loss: 0.654864 | 
Epoch runtime: 0.0 hours, 0.0 minutes, 0.41193532943725586 seconds

Avg epoch train. time: 0.0 hours, 0.0 minutes, 0.4371212230009191 seconds
Avg batch train. time: 0.012856506558850561 seconds
Avg sample train. time: 0.0016129934428078196 seconds
Evaluating on validation set ...
Validation runtime: 0.0 hours, 0.0 minutes, 0.01895451545715332 seconds

Avg val. time: 0.0 hours, 0.0 minutes, 0.03084874153137207 seconds
Avg batch val. time: 0.007712185382843018 seconds
Avg sample val. time: 0.0009951206945603894 seconds
Epoch 34 Validation Summary: epoch: 34.000000 | loss: 2.149472 | accuracy: 0.322581 | precision: 0.301075 | 
Epoch 35 Training Summary: epoch: 35.000000 | loss: 0.557050 | 
Epoch runtime: 0.0 hours, 0.0 minutes, 0.4522387981414795 seconds

Avg epoch train. time: 0.0 hours, 0.0 minutes, 0.4375531537192208 seconds
Avg batch train. time: 0.012869210403506495 seconds
Avg sample train. time: 0.001614587283096756 seconds
Epoch 36 Training Summary: epoch: 36.000000 | loss: 0.537943 | 
Epoch runtime: 0.0 hours, 0.0 minutes, 0.45792102813720703 seconds

Avg epoch train. time: 0.0 hours, 0.0 minutes, 0.43811892800860935 seconds
Avg batch train. time: 0.012885850823782628 seconds
Avg sample train. time: 0.0016166750111018795 seconds
Evaluating on validation set ...
Validation runtime: 0.0 hours, 0.0 minutes, 0.020418167114257812 seconds

Avg val. time: 0.0 hours, 0.0 minutes, 0.030327212810516358 seconds
Avg batch val. time: 0.0075818032026290895 seconds
Avg sample val. time: 0.0009782971874360115 seconds
Epoch 36 Validation Summary: epoch: 36.000000 | loss: 2.489712 | accuracy: 0.322581 | precision: 0.236280 | 
Epoch 37 Training Summary: epoch: 37.000000 | loss: 0.541999 | 
Epoch runtime: 0.0 hours, 0.0 minutes, 0.41475582122802734 seconds

Avg epoch train. time: 0.0 hours, 0.0 minutes, 0.43748749269021525 seconds
Avg batch train. time: 0.012867279196771038 seconds
Avg sample train. time: 0.001614344991476809 seconds
Epoch 38 Training Summary: epoch: 38.000000 | loss: 0.545237 | 
Epoch runtime: 0.0 hours, 0.0 minutes, 0.44090986251831055 seconds

Avg epoch train. time: 0.0 hours, 0.0 minutes, 0.4375775550541125 seconds
Avg batch train. time: 0.012869928089826838 seconds
Avg sample train. time: 0.0016146773249229244 seconds
Evaluating on validation set ...
Validation runtime: 0.0 hours, 0.0 minutes, 0.01875448226928711 seconds

Avg val. time: 0.0 hours, 0.0 minutes, 0.029776130403791155 seconds
Avg batch val. time: 0.007444032600947789 seconds
Avg sample val. time: 0.0009605203356061663 seconds
Epoch 38 Validation Summary: epoch: 38.000000 | loss: 2.028773 | accuracy: 0.354839 | precision: 0.366129 | 
Epoch 39 Training Summary: epoch: 39.000000 | loss: 0.406588 | 
Epoch runtime: 0.0 hours, 0.0 minutes, 0.44385671615600586 seconds

Avg epoch train. time: 0.0 hours, 0.0 minutes, 0.43773855918493026 seconds
Avg batch train. time: 0.012874663505439126 seconds
Avg sample train. time: 0.0016152714361067537 seconds
Epoch 40 Training Summary: epoch: 40.000000 | loss: 0.444622 | 
Epoch runtime: 0.0 hours, 0.0 minutes, 0.44955873489379883 seconds

Avg epoch train. time: 0.0 hours, 0.0 minutes, 0.43803406357765196 seconds
Avg batch train. time: 0.01288335481110741 seconds
Avg sample train. time: 0.001616361858220118 seconds
Evaluating on validation set ...
Validation runtime: 0.0 hours, 0.0 minutes, 0.019148826599121094 seconds

Avg val. time: 0.0 hours, 0.0 minutes, 0.029293071139942516 seconds
Avg batch val. time: 0.007323267784985629 seconds
Avg sample val. time: 0.0009449377787078231 seconds
Epoch 40 Validation Summary: epoch: 40.000000 | loss: 2.118231 | accuracy: 0.322581 | precision: 0.359677 | 
Best accuracy was 0.3870967741935484. Other metrics: OrderedDict([('epoch', 18), ('loss', 1.7112987887474798), ('accuracy', 0.3870967741935484), ('precision', 0.4970223325062035)])
All Done!
Total runtime: 0.0 hours, 0.0 minutes, 33.648733377456665 seconds

