Running:
src/main_crosssetting.py --output_dir experiments --target_user Zeyu --user_othersetting ZeyuZoom --comment classification from Scratch --name VRS_fromScratch --records_file VRS_records.xls --data_dir /mnt/d/OneDrive - Southern Methodist University/Phone_Privacy/input_feature/all_processpos_norm_downsample_480p_s22 --test_data_dir /mnt/d/OneDrive - Southern Methodist University/Phone_Privacy/input_feature/all_processpos_norm_downsample_480p_s22 --data_class vrs --val_ratio 0.1 --epochs 40 --lr 0.001 --dropout 0.2 --batch_size 8 --num_layers 3 --num_heads 4 --optimizer RAdam --pos_encoding learnable --task classification --normalization none --key_metric accuracy

Using device: cuda
Loading and preprocessing data ...
67 samples may be used for training
8 samples will be used for validation
0 samples will be used for testing
Creating model ...
Model:
TSTransformerEncoderClassiregressor(
  (project_inp): Linear(in_features=39, out_features=64, bias=True)
  (pos_enc): LearnablePositionalEncoding(
    (dropout): Dropout(p=0.2, inplace=False)
  )
  (transformer_encoder): TransformerEncoder(
    (layers): ModuleList(
      (0-2): 3 x TransformerBatchNormEncoderLayer(
        (self_attn): MultiheadAttention(
          (out_proj): NonDynamicallyQuantizableLinear(in_features=64, out_features=64, bias=True)
        )
        (linear1): Linear(in_features=64, out_features=256, bias=True)
        (dropout): Dropout(p=0.2, inplace=False)
        (linear2): Linear(in_features=256, out_features=64, bias=True)
        (norm1): BatchNorm1d(64, eps=1e-05, momentum=0.1, affine=True, track_running_stats=True)
        (norm2): BatchNorm1d(64, eps=1e-05, momentum=0.1, affine=True, track_running_stats=True)
        (dropout1): Dropout(p=0.2, inplace=False)
        (dropout2): Dropout(p=0.2, inplace=False)
      )
    )
  )
  (dropout1): Dropout(p=0.2, inplace=False)
  (output_layer): Linear(in_features=5120, out_features=5, bias=True)
)
Total number of parameters: 183237
Trainable parameters: 183237
Evaluating on validation set ...
Validation runtime: 0.0 hours, 0.0 minutes, 0.16007232666015625 seconds

Avg val. time: 0.0 hours, 0.0 minutes, 0.16007232666015625 seconds
Avg batch val. time: 0.16007232666015625 seconds
Avg sample val. time: 0.02000904083251953 seconds
Epoch 0 Validation Summary: epoch: 0.000000 | loss: 8.549661 | accuracy: 0.250000 | precision: 0.250000 | 
Starting training...
Epoch 1 Training Summary: epoch: 1.000000 | loss: 1.644128 | 
Epoch runtime: 0.0 hours, 0.0 minutes, 0.21064233779907227 seconds

Avg epoch train. time: 0.0 hours, 0.0 minutes, 0.21064233779907227 seconds
Avg batch train. time: 0.023404704199896917 seconds
Avg sample train. time: 0.003143915489538392 seconds
Evaluating on validation set ...
Validation runtime: 0.0 hours, 0.0 minutes, 0.006270408630371094 seconds

Avg val. time: 0.0 hours, 0.0 minutes, 0.08317136764526367 seconds
Avg batch val. time: 0.08317136764526367 seconds
Avg sample val. time: 0.010396420955657959 seconds
Epoch 1 Validation Summary: epoch: 1.000000 | loss: 1.937032 | accuracy: 0.250000 | precision: 0.250000 | 
Epoch 2 Training Summary: epoch: 2.000000 | loss: 1.657546 | 
Epoch runtime: 0.0 hours, 0.0 minutes, 0.08656811714172363 seconds

Avg epoch train. time: 0.0 hours, 0.0 minutes, 0.14860522747039795 seconds
Avg batch train. time: 0.01651169194115533 seconds
Avg sample train. time: 0.002217988469707432 seconds
Evaluating on validation set ...
Validation runtime: 0.0 hours, 0.0 minutes, 0.0067555904388427734 seconds

Avg val. time: 0.0 hours, 0.0 minutes, 0.05769944190979004 seconds
Avg batch val. time: 0.05769944190979004 seconds
Avg sample val. time: 0.007212430238723755 seconds
Epoch 2 Validation Summary: epoch: 2.000000 | loss: 1.689128 | accuracy: 0.250000 | precision: 0.388889 | 
Epoch 3 Training Summary: epoch: 3.000000 | loss: 1.628440 | 
Epoch runtime: 0.0 hours, 0.0 minutes, 0.09380650520324707 seconds

Avg epoch train. time: 0.0 hours, 0.0 minutes, 0.130338986714681 seconds
Avg batch train. time: 0.014482109634964555 seconds
Avg sample train. time: 0.0019453580106668807 seconds
Epoch 4 Training Summary: epoch: 4.000000 | loss: 1.630206 | 
Epoch runtime: 0.0 hours, 0.0 minutes, 0.08553695678710938 seconds

Avg epoch train. time: 0.0 hours, 0.0 minutes, 0.11913847923278809 seconds
Avg batch train. time: 0.01323760880364312 seconds
Avg sample train. time: 0.0017781862572057924 seconds
Evaluating on validation set ...
Validation runtime: 0.0 hours, 0.0 minutes, 0.006651163101196289 seconds

Avg val. time: 0.0 hours, 0.0 minutes, 0.0449373722076416 seconds
Avg batch val. time: 0.0449373722076416 seconds
Avg sample val. time: 0.0056171715259552 seconds
Epoch 4 Validation Summary: epoch: 4.000000 | loss: 1.658329 | accuracy: 0.125000 | precision: 0.047619 | 
Epoch 5 Training Summary: epoch: 5.000000 | loss: 1.694176 | 
Epoch runtime: 0.0 hours, 0.0 minutes, 0.08564376831054688 seconds

Avg epoch train. time: 0.0 hours, 0.0 minutes, 0.11243953704833984 seconds
Avg batch train. time: 0.012493281894259982 seconds
Avg sample train. time: 0.0016782020454976095 seconds
Epoch 6 Training Summary: epoch: 6.000000 | loss: 1.626916 | 
Epoch runtime: 0.0 hours, 0.0 minutes, 0.08271574974060059 seconds

Avg epoch train. time: 0.0 hours, 0.0 minutes, 0.10748557249704997 seconds
Avg batch train. time: 0.011942841388561108 seconds
Avg sample train. time: 0.0016042622760753728 seconds
Evaluating on validation set ...
Validation runtime: 0.0 hours, 0.0 minutes, 0.006349325180053711 seconds

Avg val. time: 0.0 hours, 0.0 minutes, 0.03721976280212402 seconds
Avg batch val. time: 0.03721976280212402 seconds
Avg sample val. time: 0.004652470350265503 seconds
Epoch 6 Validation Summary: epoch: 6.000000 | loss: 1.645237 | accuracy: 0.125000 | precision: 0.047619 | 
Epoch 7 Training Summary: epoch: 7.000000 | loss: 1.634634 | 
Epoch runtime: 0.0 hours, 0.0 minutes, 0.08288455009460449 seconds

Avg epoch train. time: 0.0 hours, 0.0 minutes, 0.10397114072527204 seconds
Avg batch train. time: 0.011552348969474671 seconds
Avg sample train. time: 0.0015518080705264484 seconds
Epoch 8 Training Summary: epoch: 8.000000 | loss: 1.652874 | 
Epoch runtime: 0.0 hours, 0.0 minutes, 0.08712053298950195 seconds

Avg epoch train. time: 0.0 hours, 0.0 minutes, 0.10186481475830078 seconds
Avg batch train. time: 0.01131831275092231 seconds
Avg sample train. time: 0.0015203703695268773 seconds
Evaluating on validation set ...
Validation runtime: 0.0 hours, 0.0 minutes, 0.006153583526611328 seconds

Avg val. time: 0.0 hours, 0.0 minutes, 0.03204206625620524 seconds
Avg batch val. time: 0.03204206625620524 seconds
Avg sample val. time: 0.004005258282025655 seconds
Epoch 8 Validation Summary: epoch: 8.000000 | loss: 1.627208 | accuracy: 0.125000 | precision: 0.047619 | 
Epoch 9 Training Summary: epoch: 9.000000 | loss: 1.596824 | 
Epoch runtime: 0.0 hours, 0.0 minutes, 0.08473515510559082 seconds

Avg epoch train. time: 0.0 hours, 0.0 minutes, 0.09996151924133301 seconds
Avg batch train. time: 0.011106835471259223 seconds
Avg sample train. time: 0.0014919629737512388 seconds
Epoch 10 Training Summary: epoch: 10.000000 | loss: 1.610013 | 
Epoch runtime: 0.0 hours, 0.0 minutes, 0.0865030288696289 seconds

Avg epoch train. time: 0.0 hours, 0.0 minutes, 0.09861567020416259 seconds
Avg batch train. time: 0.010957296689351399 seconds
Avg sample train. time: 0.001471875674688994 seconds
Evaluating on validation set ...
Validation runtime: 0.0 hours, 0.0 minutes, 0.006433248519897461 seconds

Avg val. time: 0.0 hours, 0.0 minutes, 0.028383663722446988 seconds
Avg batch val. time: 0.028383663722446988 seconds
Avg sample val. time: 0.0035479579653058734 seconds
Epoch 10 Validation Summary: epoch: 10.000000 | loss: 1.622133 | accuracy: 0.125000 | precision: 0.055556 | 
Epoch 11 Training Summary: epoch: 11.000000 | loss: 1.605235 | 
Epoch runtime: 0.0 hours, 0.0 minutes, 0.10242128372192383 seconds

Avg epoch train. time: 0.0 hours, 0.0 minutes, 0.09896163506941362 seconds
Avg batch train. time: 0.010995737229934847 seconds
Avg sample train. time: 0.0014770393293942331 seconds
Epoch 12 Training Summary: epoch: 12.000000 | loss: 1.511116 | 
Epoch runtime: 0.0 hours, 0.0 minutes, 0.0938868522644043 seconds

Avg epoch train. time: 0.0 hours, 0.0 minutes, 0.09853873650232951 seconds
Avg batch train. time: 0.010948748500258836 seconds
Avg sample train. time: 0.0014707274104825301 seconds
Evaluating on validation set ...
Validation runtime: 0.0 hours, 0.0 minutes, 0.007677793502807617 seconds

Avg val. time: 0.0 hours, 0.0 minutes, 0.025795429944992065 seconds
Avg batch val. time: 0.025795429944992065 seconds
Avg sample val. time: 0.003224428743124008 seconds
Epoch 12 Validation Summary: epoch: 12.000000 | loss: 1.607612 | accuracy: 0.000000 | precision: 0.000000 | 
Epoch 13 Training Summary: epoch: 13.000000 | loss: 1.584418 | 
Epoch runtime: 0.0 hours, 0.0 minutes, 0.09142351150512695 seconds

Avg epoch train. time: 0.0 hours, 0.0 minutes, 0.0979914115025447 seconds
Avg batch train. time: 0.010887934611393856 seconds
Avg sample train. time: 0.0014625583806349956 seconds
Epoch 14 Training Summary: epoch: 14.000000 | loss: 1.517182 | 
Epoch runtime: 0.0 hours, 0.0 minutes, 0.08905649185180664 seconds

Avg epoch train. time: 0.0 hours, 0.0 minutes, 0.09735320295606341 seconds
Avg batch train. time: 0.010817022550673712 seconds
Avg sample train. time: 0.0014530328799412448 seconds
Evaluating on validation set ...
Validation runtime: 0.0 hours, 0.0 minutes, 0.007390499114990234 seconds

Avg val. time: 0.0 hours, 0.0 minutes, 0.02375043763054742 seconds
Avg batch val. time: 0.02375043763054742 seconds
Avg sample val. time: 0.0029688047038184274 seconds
Epoch 14 Validation Summary: epoch: 14.000000 | loss: 1.604829 | accuracy: 0.250000 | precision: 0.433333 | 
Epoch 15 Training Summary: epoch: 15.000000 | loss: 1.555087 | 
Epoch runtime: 0.0 hours, 0.0 minutes, 0.0919034481048584 seconds

Avg epoch train. time: 0.0 hours, 0.0 minutes, 0.09698988596598307 seconds
Avg batch train. time: 0.010776653996220341 seconds
Avg sample train. time: 0.0014476102382982548 seconds
Epoch 16 Training Summary: epoch: 16.000000 | loss: 1.532733 | 
Epoch runtime: 0.0 hours, 0.0 minutes, 0.09782052040100098 seconds

Avg epoch train. time: 0.0 hours, 0.0 minutes, 0.09704180061817169 seconds
Avg batch train. time: 0.010782422290907966 seconds
Avg sample train. time: 0.0014483850838533088 seconds
Evaluating on validation set ...
Validation runtime: 0.0 hours, 0.0 minutes, 0.007752895355224609 seconds

Avg val. time: 0.0 hours, 0.0 minutes, 0.022150683403015136 seconds
Avg batch val. time: 0.022150683403015136 seconds
Avg sample val. time: 0.002768835425376892 seconds
Epoch 16 Validation Summary: epoch: 16.000000 | loss: 1.585017 | accuracy: 0.375000 | precision: 0.450000 | 
Epoch 17 Training Summary: epoch: 17.000000 | loss: 1.542914 | 
Epoch runtime: 0.0 hours, 0.0 minutes, 0.09789252281188965 seconds

Avg epoch train. time: 0.0 hours, 0.0 minutes, 0.0970918431001551 seconds
Avg batch train. time: 0.010787982566683901 seconds
Avg sample train. time: 0.001449131986569479 seconds
Epoch 18 Training Summary: epoch: 18.000000 | loss: 1.459761 | 
Epoch runtime: 0.0 hours, 0.0 minutes, 0.09380435943603516 seconds

Avg epoch train. time: 0.0 hours, 0.0 minutes, 0.09690920511881511 seconds
Avg batch train. time: 0.010767689457646123 seconds
Avg sample train. time: 0.0014464060465494792 seconds
Evaluating on validation set ...
Validation runtime: 0.0 hours, 0.0 minutes, 0.0076122283935546875 seconds

Avg val. time: 0.0 hours, 0.0 minutes, 0.02082900567488237 seconds
Avg batch val. time: 0.02082900567488237 seconds
Avg sample val. time: 0.0026036257093602962 seconds
Epoch 18 Validation Summary: epoch: 18.000000 | loss: 1.555176 | accuracy: 0.375000 | precision: 0.416667 | 
Epoch 19 Training Summary: epoch: 19.000000 | loss: 1.488383 | 
Epoch runtime: 0.0 hours, 0.0 minutes, 0.09473609924316406 seconds

Avg epoch train. time: 0.0 hours, 0.0 minutes, 0.09679483112535979 seconds
Avg batch train. time: 0.010754981236151089 seconds
Avg sample train. time: 0.0014446989720202953 seconds
Epoch 20 Training Summary: epoch: 20.000000 | loss: 1.393553 | 
Epoch runtime: 0.0 hours, 0.0 minutes, 0.09010958671569824 seconds

Avg epoch train. time: 0.0 hours, 0.0 minutes, 0.09646056890487671 seconds
Avg batch train. time: 0.010717840989430745 seconds
Avg sample train. time: 0.0014397099836548763 seconds
Evaluating on validation set ...
Validation runtime: 0.0 hours, 0.0 minutes, 0.0068073272705078125 seconds

Avg val. time: 0.0 hours, 0.0 minutes, 0.019660532474517822 seconds
Avg batch val. time: 0.019660532474517822 seconds
Avg sample val. time: 0.002457566559314728 seconds
Epoch 20 Validation Summary: epoch: 20.000000 | loss: 1.528386 | accuracy: 0.250000 | precision: 0.238095 | 
Epoch 21 Training Summary: epoch: 21.000000 | loss: 1.404908 | 
Epoch runtime: 0.0 hours, 0.0 minutes, 0.09976339340209961 seconds

Avg epoch train. time: 0.0 hours, 0.0 minutes, 0.09661784626188732 seconds
Avg batch train. time: 0.010735316251320813 seconds
Avg sample train. time: 0.0014420574068938407 seconds
Epoch 22 Training Summary: epoch: 22.000000 | loss: 1.359779 | 
Epoch runtime: 0.0 hours, 0.0 minutes, 0.08938813209533691 seconds

Avg epoch train. time: 0.0 hours, 0.0 minutes, 0.09628922289068048 seconds
Avg batch train. time: 0.010698802543408943 seconds
Avg sample train. time: 0.0014371525804579175 seconds
Evaluating on validation set ...
Validation runtime: 0.0 hours, 0.0 minutes, 0.007357120513916016 seconds

Avg val. time: 0.0 hours, 0.0 minutes, 0.018714116169856146 seconds
Avg batch val. time: 0.018714116169856146 seconds
Avg sample val. time: 0.0023392645212320182 seconds
Epoch 22 Validation Summary: epoch: 22.000000 | loss: 1.464624 | accuracy: 0.250000 | precision: 0.380952 | 
Epoch 23 Training Summary: epoch: 23.000000 | loss: 1.240556 | 
Epoch runtime: 0.0 hours, 0.0 minutes, 0.09069037437438965 seconds

Avg epoch train. time: 0.0 hours, 0.0 minutes, 0.09604579469432002 seconds
Avg batch train. time: 0.010671754966035557 seconds
Avg sample train. time: 0.0014335193237958212 seconds
Epoch 24 Training Summary: epoch: 24.000000 | loss: 1.276102 | 
Epoch runtime: 0.0 hours, 0.0 minutes, 0.11188268661499023 seconds

Avg epoch train. time: 0.0 hours, 0.0 minutes, 0.0967056651910146 seconds
Avg batch train. time: 0.010745073910112734 seconds
Avg sample train. time: 0.0014433681371793224 seconds
Evaluating on validation set ...
Validation runtime: 0.0 hours, 0.0 minutes, 0.008349418640136719 seconds

Avg val. time: 0.0 hours, 0.0 minutes, 0.017973780632019043 seconds
Avg batch val. time: 0.017973780632019043 seconds
Avg sample val. time: 0.0022467225790023804 seconds
Epoch 24 Validation Summary: epoch: 24.000000 | loss: 1.390691 | accuracy: 0.375000 | precision: 0.533333 | 
Epoch 25 Training Summary: epoch: 25.000000 | loss: 1.215883 | 
Epoch runtime: 0.0 hours, 0.0 minutes, 0.09825754165649414 seconds

Avg epoch train. time: 0.0 hours, 0.0 minutes, 0.09676774024963379 seconds
Avg batch train. time: 0.0107519711388482 seconds
Avg sample train. time: 0.001444294630591549 seconds
Epoch 26 Training Summary: epoch: 26.000000 | loss: 1.161552 | 
Epoch runtime: 0.0 hours, 0.0 minutes, 0.09633970260620117 seconds

Avg epoch train. time: 0.0 hours, 0.0 minutes, 0.09675127726334792 seconds
Avg batch train. time: 0.01075014191814977 seconds
Avg sample train. time: 0.0014440489143783273 seconds
Evaluating on validation set ...
Validation runtime: 0.0 hours, 0.0 minutes, 0.0071370601654052734 seconds

Avg val. time: 0.0 hours, 0.0 minutes, 0.017251332600911457 seconds
Avg batch val. time: 0.017251332600911457 seconds
Avg sample val. time: 0.002156416575113932 seconds
Epoch 26 Validation Summary: epoch: 26.000000 | loss: 1.324723 | accuracy: 0.375000 | precision: 0.333333 | 
Epoch 27 Training Summary: epoch: 27.000000 | loss: 1.148094 | 
Epoch runtime: 0.0 hours, 0.0 minutes, 0.09583568572998047 seconds

Avg epoch train. time: 0.0 hours, 0.0 minutes, 0.09671736646581579 seconds
Avg batch train. time: 0.01074637405175731 seconds
Avg sample train. time: 0.0014435427830718774 seconds
Epoch 28 Training Summary: epoch: 28.000000 | loss: 1.149876 | 
Epoch runtime: 0.0 hours, 0.0 minutes, 0.0962529182434082 seconds

Avg epoch train. time: 0.0 hours, 0.0 minutes, 0.09670077902930123 seconds
Avg batch train. time: 0.010744531003255692 seconds
Avg sample train. time: 0.0014432952093925556 seconds
Evaluating on validation set ...
Validation runtime: 0.0 hours, 0.0 minutes, 0.007007122039794922 seconds

Avg val. time: 0.0 hours, 0.0 minutes, 0.016611069440841675 seconds
Avg batch val. time: 0.016611069440841675 seconds
Avg sample val. time: 0.0020763836801052094 seconds
Epoch 28 Validation Summary: epoch: 28.000000 | loss: 1.388937 | accuracy: 0.375000 | precision: 0.642857 | 
Epoch 29 Training Summary: epoch: 29.000000 | loss: 1.076426 | 
Epoch runtime: 0.0 hours, 0.0 minutes, 0.09359931945800781 seconds

Avg epoch train. time: 0.0 hours, 0.0 minutes, 0.09659383214753249 seconds
Avg batch train. time: 0.0107326480163925 seconds
Avg sample train. time: 0.0014416989872766044 seconds
Epoch 30 Training Summary: epoch: 30.000000 | loss: 1.067778 | 
Epoch runtime: 0.0 hours, 0.0 minutes, 0.09305071830749512 seconds

Avg epoch train. time: 0.0 hours, 0.0 minutes, 0.09647572835286458 seconds
Avg batch train. time: 0.01071952537254051 seconds
Avg sample train. time: 0.0014399362440726056 seconds
Evaluating on validation set ...
Validation runtime: 0.0 hours, 0.0 minutes, 0.007017612457275391 seconds

Avg val. time: 0.0 hours, 0.0 minutes, 0.016046748441808364 seconds
Avg batch val. time: 0.016046748441808364 seconds
Avg sample val. time: 0.0020058435552260455 seconds
Epoch 30 Validation Summary: epoch: 30.000000 | loss: 1.365562 | accuracy: 0.250000 | precision: 0.480000 | 
Epoch 31 Training Summary: epoch: 31.000000 | loss: 1.123648 | 
Epoch runtime: 0.0 hours, 0.0 minutes, 0.09250402450561523 seconds

Avg epoch train. time: 0.0 hours, 0.0 minutes, 0.09634760887392106 seconds
Avg batch train. time: 0.010705289874880118 seconds
Avg sample train. time: 0.0014380240130435979 seconds
Epoch 32 Training Summary: epoch: 32.000000 | loss: 0.898300 | 
Epoch runtime: 0.0 hours, 0.0 minutes, 0.09229803085327148 seconds

Avg epoch train. time: 0.0 hours, 0.0 minutes, 0.09622105956077576 seconds
Avg batch train. time: 0.010691228840086196 seconds
Avg sample train. time: 0.0014361352173250113 seconds
Evaluating on validation set ...
Validation runtime: 0.0 hours, 0.0 minutes, 0.0068323612213134766 seconds

Avg val. time: 0.0 hours, 0.0 minutes, 0.01553483804066976 seconds
Avg batch val. time: 0.01553483804066976 seconds
Avg sample val. time: 0.00194185475508372 seconds
Epoch 32 Validation Summary: epoch: 32.000000 | loss: 1.295401 | accuracy: 0.250000 | precision: 0.428571 | 
Epoch 33 Training Summary: epoch: 33.000000 | loss: 0.918756 | 
Epoch runtime: 0.0 hours, 0.0 minutes, 0.09179258346557617 seconds

Avg epoch train. time: 0.0 hours, 0.0 minutes, 0.09608686331546668 seconds
Avg batch train. time: 0.010676318146162964 seconds
Avg sample train. time: 0.0014341322882905473 seconds
Epoch 34 Training Summary: epoch: 34.000000 | loss: 0.837235 | 
Epoch runtime: 0.0 hours, 0.0 minutes, 0.09329628944396973 seconds

Avg epoch train. time: 0.0 hours, 0.0 minutes, 0.09600478761336383 seconds
Avg batch train. time: 0.010667198623707092 seconds
Avg sample train. time: 0.0014329072778114004 seconds
Evaluating on validation set ...
Validation runtime: 0.0 hours, 0.0 minutes, 0.008122444152832031 seconds

Avg val. time: 0.0 hours, 0.0 minutes, 0.015144712046573037 seconds
Avg batch val. time: 0.015144712046573037 seconds
Avg sample val. time: 0.0018930890058216296 seconds
Epoch 34 Validation Summary: epoch: 34.000000 | loss: 1.160391 | accuracy: 0.375000 | precision: 0.416667 | 
Epoch 35 Training Summary: epoch: 35.000000 | loss: 0.822421 | 
Epoch runtime: 0.0 hours, 0.0 minutes, 0.09478116035461426 seconds

Avg epoch train. time: 0.0 hours, 0.0 minutes, 0.09596982683454242 seconds
Avg batch train. time: 0.010663314092726936 seconds
Avg sample train. time: 0.001432385475142424 seconds
Epoch 36 Training Summary: epoch: 36.000000 | loss: 0.758891 | 
Epoch runtime: 0.0 hours, 0.0 minutes, 0.0850534439086914 seconds

Avg epoch train. time: 0.0 hours, 0.0 minutes, 0.09566659397549099 seconds
Avg batch train. time: 0.010629621552832333 seconds
Avg sample train. time: 0.0014278596115744923 seconds
Evaluating on validation set ...
Validation runtime: 0.0 hours, 0.0 minutes, 0.0073354244232177734 seconds

Avg val. time: 0.0 hours, 0.0 minutes, 0.014754247665405274 seconds
Avg batch val. time: 0.014754247665405274 seconds
Avg sample val. time: 0.0018442809581756593 seconds
Epoch 36 Validation Summary: epoch: 36.000000 | loss: 1.198806 | accuracy: 0.375000 | precision: 0.476190 | 
Epoch 37 Training Summary: epoch: 37.000000 | loss: 0.736188 | 
Epoch runtime: 0.0 hours, 0.0 minutes, 0.08815169334411621 seconds

Avg epoch train. time: 0.0 hours, 0.0 minutes, 0.0954634885530214 seconds
Avg batch train. time: 0.010607054283669044 seconds
Avg sample train. time: 0.0014248281873585284 seconds
Epoch 38 Training Summary: epoch: 38.000000 | loss: 0.724129 | 
Epoch runtime: 0.0 hours, 0.0 minutes, 0.09302067756652832 seconds

Avg epoch train. time: 0.0 hours, 0.0 minutes, 0.09539920405337685 seconds
Avg batch train. time: 0.010599911561486316 seconds
Avg sample train. time: 0.0014238687172145798 seconds
Evaluating on validation set ...
Validation runtime: 0.0 hours, 0.0 minutes, 0.007391452789306641 seconds

Avg val. time: 0.0 hours, 0.0 minutes, 0.014403638385591052 seconds
Avg batch val. time: 0.014403638385591052 seconds
Avg sample val. time: 0.0018004547981988815 seconds
Epoch 38 Validation Summary: epoch: 38.000000 | loss: 1.175931 | accuracy: 0.500000 | precision: 0.476190 | 
Epoch 39 Training Summary: epoch: 39.000000 | loss: 0.570561 | 
Epoch runtime: 0.0 hours, 0.0 minutes, 0.09719729423522949 seconds

Avg epoch train. time: 0.0 hours, 0.0 minutes, 0.0954453089298346 seconds
Avg batch train. time: 0.010605034325537178 seconds
Avg sample train. time: 0.001424556849699024 seconds
Epoch 40 Training Summary: epoch: 40.000000 | loss: 0.611406 | 
Epoch runtime: 0.0 hours, 0.0 minutes, 0.09328389167785645 seconds

Avg epoch train. time: 0.0 hours, 0.0 minutes, 0.09539127349853516 seconds
Avg batch train. time: 0.010599030388726128 seconds
Avg sample train. time: 0.0014237503507244053 seconds
Evaluating on validation set ...
Validation runtime: 0.0 hours, 0.0 minutes, 0.00726771354675293 seconds

Avg val. time: 0.0 hours, 0.0 minutes, 0.014079278165643866 seconds
Avg batch val. time: 0.014079278165643866 seconds
Avg sample val. time: 0.0017599097707054832 seconds
Epoch 40 Validation Summary: epoch: 40.000000 | loss: 1.358155 | accuracy: 0.500000 | precision: 0.555556 | 
Best accuracy was 0.5. Other metrics: OrderedDict([('epoch', 38), ('loss', 1.1759310960769653), ('accuracy', 0.5), ('precision', 0.47619047619047616)])
All Done!
Total runtime: 0.0 hours, 0.0 minutes, 7.120204210281372 seconds

