Running:
src/main_5q.py --output_dir experiments --comment classification from Scratch --name VRS_fromScratch --records_file VRS_records.xls --data_dir /mnt/d/OneDrive - Southern Methodist University/Phone_Privacy/input_feature/all_processpos_norm_downsample_480p_s22 --data_class vrs --val_ratio 0.1 --epochs 40 --lr 0.001 --dropout 0.2 --batch_size 8 --num_layers 3 --num_heads 4 --optimizer RAdam --pos_encoding learnable --task classification --normalization none --key_metric accuracy

Using device: cuda
Loading and preprocessing data ...
271 samples may be used for training
31 samples will be used for validation
0 samples will be used for testing
Creating model ...
Model:
TSTransformerEncoderClassiregressor(
  (project_inp): Linear(in_features=39, out_features=64, bias=True)
  (pos_enc): LearnablePositionalEncoding(
    (dropout): Dropout(p=0.2, inplace=False)
  )
  (transformer_encoder): TransformerEncoder(
    (layers): ModuleList(
      (0-2): 3 x TransformerBatchNormEncoderLayer(
        (self_attn): MultiheadAttention(
          (out_proj): NonDynamicallyQuantizableLinear(in_features=64, out_features=64, bias=True)
        )
        (linear1): Linear(in_features=64, out_features=256, bias=True)
        (dropout): Dropout(p=0.2, inplace=False)
        (linear2): Linear(in_features=256, out_features=64, bias=True)
        (norm1): BatchNorm1d(64, eps=1e-05, momentum=0.1, affine=True, track_running_stats=True)
        (norm2): BatchNorm1d(64, eps=1e-05, momentum=0.1, affine=True, track_running_stats=True)
        (dropout1): Dropout(p=0.2, inplace=False)
        (dropout2): Dropout(p=0.2, inplace=False)
      )
    )
  )
  (dropout1): Dropout(p=0.2, inplace=False)
  (output_layer): Linear(in_features=5120, out_features=5, bias=True)
)
Total number of parameters: 183237
Trainable parameters: 183237
Evaluating on validation set ...
Validation runtime: 0.0 hours, 0.0 minutes, 0.2432558536529541 seconds

Avg val. time: 0.0 hours, 0.0 minutes, 0.2432558536529541 seconds
Avg batch val. time: 0.060813963413238525 seconds
Avg sample val. time: 0.007846963021063035 seconds
Epoch 0 Validation Summary: epoch: 0.000000 | loss: 3.693680 | accuracy: 0.193548 | precision: 0.193548 | 
Starting training...
Epoch 1 Training Summary: epoch: 1.000000 | loss: 1.660644 | 
Epoch runtime: 0.0 hours, 0.0 minutes, 0.5070579051971436 seconds

Avg epoch train. time: 0.0 hours, 0.0 minutes, 0.5070579051971436 seconds
Avg batch train. time: 0.014913467799915987 seconds
Avg sample train. time: 0.0018710623808012676 seconds
Evaluating on validation set ...
Validation runtime: 0.0 hours, 0.0 minutes, 0.015851259231567383 seconds

Avg val. time: 0.0 hours, 0.0 minutes, 0.12955355644226074 seconds
Avg batch val. time: 0.032388389110565186 seconds
Avg sample val. time: 0.004179146982008411 seconds
Epoch 1 Validation Summary: epoch: 1.000000 | loss: 1.648887 | accuracy: 0.193548 | precision: 0.109181 | 
Epoch 2 Training Summary: epoch: 2.000000 | loss: 1.707106 | 
Epoch runtime: 0.0 hours, 0.0 minutes, 0.3658125400543213 seconds

Avg epoch train. time: 0.0 hours, 0.0 minutes, 0.4364352226257324 seconds
Avg batch train. time: 0.012836330077227424 seconds
Avg sample train. time: 0.0016104620761097138 seconds
Evaluating on validation set ...
Validation runtime: 0.0 hours, 0.0 minutes, 0.016362428665161133 seconds

Avg val. time: 0.0 hours, 0.0 minutes, 0.09182318051656087 seconds
Avg batch val. time: 0.022955795129140217 seconds
Avg sample val. time: 0.002962038081179383 seconds
Epoch 2 Validation Summary: epoch: 2.000000 | loss: 1.639569 | accuracy: 0.129032 | precision: 0.091429 | 
Epoch 3 Training Summary: epoch: 3.000000 | loss: 1.667043 | 
Epoch runtime: 0.0 hours, 0.0 minutes, 0.36301207542419434 seconds

Avg epoch train. time: 0.0 hours, 0.0 minutes, 0.4119608402252197 seconds
Avg batch train. time: 0.012116495300741756 seconds
Avg sample train. time: 0.0015201507019380802 seconds
Epoch 4 Training Summary: epoch: 4.000000 | loss: 1.617997 | 
Epoch runtime: 0.0 hours, 0.0 minutes, 0.3533153533935547 seconds

Avg epoch train. time: 0.0 hours, 0.0 minutes, 0.39729946851730347 seconds
Avg batch train. time: 0.011685278485803044 seconds
Avg sample train. time: 0.001466049699325843 seconds
Evaluating on validation set ...
Validation runtime: 0.0 hours, 0.0 minutes, 0.015659093856811523 seconds

Avg val. time: 0.0 hours, 0.0 minutes, 0.07278215885162354 seconds
Avg batch val. time: 0.018195539712905884 seconds
Avg sample val. time: 0.0023478115758588237 seconds
Epoch 4 Validation Summary: epoch: 4.000000 | loss: 1.629014 | accuracy: 0.290323 | precision: 0.255327 | 
Epoch 5 Training Summary: epoch: 5.000000 | loss: 1.720771 | 
Epoch runtime: 0.0 hours, 0.0 minutes, 0.35066699981689453 seconds

Avg epoch train. time: 0.0 hours, 0.0 minutes, 0.3879729747772217 seconds
Avg batch train. time: 0.011410969846388874 seconds
Avg sample train. time: 0.0014316345932738807 seconds
Epoch 6 Training Summary: epoch: 6.000000 | loss: 1.636341 | 
Epoch runtime: 0.0 hours, 0.0 minutes, 0.35556507110595703 seconds

Avg epoch train. time: 0.0 hours, 0.0 minutes, 0.38257165749867755 seconds
Avg batch train. time: 0.011252107573490516 seconds
Avg sample train. time: 0.0014117035332054523 seconds
Evaluating on validation set ...
Validation runtime: 0.0 hours, 0.0 minutes, 0.016491413116455078 seconds

Avg val. time: 0.0 hours, 0.0 minutes, 0.06152400970458984 seconds
Avg batch val. time: 0.01538100242614746 seconds
Avg sample val. time: 0.001984645474341608 seconds
Epoch 6 Validation Summary: epoch: 6.000000 | loss: 1.657842 | accuracy: 0.129032 | precision: 0.108947 | 
Epoch 7 Training Summary: epoch: 7.000000 | loss: 1.659496 | 
Epoch runtime: 0.0 hours, 0.0 minutes, 0.36763572692871094 seconds

Avg epoch train. time: 0.0 hours, 0.0 minutes, 0.3804379531315395 seconds
Avg batch train. time: 0.011189351562692337 seconds
Avg sample train. time: 0.0014038300853562342 seconds
Epoch 8 Training Summary: epoch: 8.000000 | loss: 1.648363 | 
Epoch runtime: 0.0 hours, 0.0 minutes, 0.3699371814727783 seconds

Avg epoch train. time: 0.0 hours, 0.0 minutes, 0.37912535667419434 seconds
Avg batch train. time: 0.011150745784535128 seconds
Avg sample train. time: 0.001398986555993337 seconds
Evaluating on validation set ...
Validation runtime: 0.0 hours, 0.0 minutes, 0.01634502410888672 seconds

Avg val. time: 0.0 hours, 0.0 minutes, 0.053994178771972656 seconds
Avg batch val. time: 0.013498544692993164 seconds
Avg sample val. time: 0.0017417477023216985 seconds
Epoch 8 Validation Summary: epoch: 8.000000 | loss: 1.640032 | accuracy: 0.258065 | precision: 0.226580 | 
Epoch 9 Training Summary: epoch: 9.000000 | loss: 1.545543 | 
Epoch runtime: 0.0 hours, 0.0 minutes, 0.36604905128479004 seconds

Avg epoch train. time: 0.0 hours, 0.0 minutes, 0.3776724338531494 seconds
Avg batch train. time: 0.011108012760386747 seconds
Avg sample train. time: 0.0013936252171702931 seconds
Epoch 10 Training Summary: epoch: 10.000000 | loss: 1.593750 | 
Epoch runtime: 0.0 hours, 0.0 minutes, 0.35401201248168945 seconds

Avg epoch train. time: 0.0 hours, 0.0 minutes, 0.37530639171600344 seconds
Avg batch train. time: 0.011038423285764806 seconds
Avg sample train. time: 0.0013848944343763964 seconds
Evaluating on validation set ...
Validation runtime: 0.0 hours, 0.0 minutes, 0.01860356330871582 seconds

Avg val. time: 0.0 hours, 0.0 minutes, 0.04893837656293597 seconds
Avg batch val. time: 0.012234594140733992 seconds
Avg sample val. time: 0.0015786573084818054 seconds
Epoch 10 Validation Summary: epoch: 10.000000 | loss: 1.628882 | accuracy: 0.258065 | precision: 0.234101 | 
Epoch 11 Training Summary: epoch: 11.000000 | loss: 1.495643 | 
Epoch runtime: 0.0 hours, 0.0 minutes, 0.36414313316345215 seconds

Avg epoch train. time: 0.0 hours, 0.0 minutes, 0.37429155002940784 seconds
Avg batch train. time: 0.011008575000864936 seconds
Avg sample train. time: 0.0013811496311048259 seconds
Epoch 12 Training Summary: epoch: 12.000000 | loss: 1.440849 | 
Epoch runtime: 0.0 hours, 0.0 minutes, 0.3650028705596924 seconds

Avg epoch train. time: 0.0 hours, 0.0 minutes, 0.3735174934069316 seconds
Avg batch train. time: 0.010985808629615635 seconds
Avg sample train. time: 0.0013782933336049135 seconds
Evaluating on validation set ...
Validation runtime: 0.0 hours, 0.0 minutes, 0.01773214340209961 seconds

Avg val. time: 0.0 hours, 0.0 minutes, 0.04503759741783142 seconds
Avg batch val. time: 0.011259399354457855 seconds
Avg sample val. time: 0.0014528257231558523 seconds
Epoch 12 Validation Summary: epoch: 12.000000 | loss: 1.733201 | accuracy: 0.193548 | precision: 0.107940 | 
Epoch 13 Training Summary: epoch: 13.000000 | loss: 1.504855 | 
Epoch runtime: 0.0 hours, 0.0 minutes, 0.3701035976409912 seconds

Avg epoch train. time: 0.0 hours, 0.0 minutes, 0.37325488604032075 seconds
Avg batch train. time: 0.010978084883538845 seconds
Avg sample train. time: 0.0013773243027318108 seconds
Epoch 14 Training Summary: epoch: 14.000000 | loss: 1.356014 | 
Epoch runtime: 0.0 hours, 0.0 minutes, 0.3713557720184326 seconds

Avg epoch train. time: 0.0 hours, 0.0 minutes, 0.3731192350387573 seconds
Avg batch train. time: 0.010974095148198745 seconds
Avg sample train. time: 0.00137682374553047 seconds
Evaluating on validation set ...
Validation runtime: 0.0 hours, 0.0 minutes, 0.016030311584472656 seconds

Avg val. time: 0.0 hours, 0.0 minutes, 0.041814565658569336 seconds
Avg batch val. time: 0.010453641414642334 seconds
Avg sample val. time: 0.0013488569567280432 seconds
Epoch 14 Validation Summary: epoch: 14.000000 | loss: 1.685240 | accuracy: 0.193548 | precision: 0.287097 | 
Epoch 15 Training Summary: epoch: 15.000000 | loss: 1.380686 | 
Epoch runtime: 0.0 hours, 0.0 minutes, 0.36591053009033203 seconds

Avg epoch train. time: 0.0 hours, 0.0 minutes, 0.3726386547088623 seconds
Avg batch train. time: 0.010959960432613597 seconds
Avg sample train. time: 0.0013750503863795658 seconds
Epoch 16 Training Summary: epoch: 16.000000 | loss: 1.275405 | 
Epoch runtime: 0.0 hours, 0.0 minutes, 0.36331796646118164 seconds

Avg epoch train. time: 0.0 hours, 0.0 minutes, 0.37205611169338226 seconds
Avg batch train. time: 0.010942826814511242 seconds
Avg sample train. time: 0.0013729007811563922 seconds
Evaluating on validation set ...
Validation runtime: 0.0 hours, 0.0 minutes, 0.017285585403442383 seconds

Avg val. time: 0.0 hours, 0.0 minutes, 0.03936166763305664 seconds
Avg batch val. time: 0.00984041690826416 seconds
Avg sample val. time: 0.001269731213969569 seconds
Epoch 16 Validation Summary: epoch: 16.000000 | loss: 1.695784 | accuracy: 0.193548 | precision: 0.204839 | 
Epoch 17 Training Summary: epoch: 17.000000 | loss: 1.279970 | 
Epoch runtime: 0.0 hours, 0.0 minutes, 0.37169456481933594 seconds

Avg epoch train. time: 0.0 hours, 0.0 minutes, 0.37203484423020305 seconds
Avg batch train. time: 0.010942201300888325 seconds
Avg sample train. time: 0.0013728223034324837 seconds
Epoch 18 Training Summary: epoch: 18.000000 | loss: 1.223136 | 
Epoch runtime: 0.0 hours, 0.0 minutes, 0.3664209842681885 seconds

Avg epoch train. time: 0.0 hours, 0.0 minutes, 0.37172296312120223 seconds
Avg batch train. time: 0.010933028327094182 seconds
Avg sample train. time: 0.0013716714506317425 seconds
Evaluating on validation set ...
Validation runtime: 0.0 hours, 0.0 minutes, 0.01667618751525879 seconds

Avg val. time: 0.0 hours, 0.0 minutes, 0.03729935125871138 seconds
Avg batch val. time: 0.009324837814677845 seconds
Avg sample val. time: 0.0012032048793132702 seconds
Epoch 18 Validation Summary: epoch: 18.000000 | loss: 1.665248 | accuracy: 0.290323 | precision: 0.278495 | 
Epoch 19 Training Summary: epoch: 19.000000 | loss: 1.143823 | 
Epoch runtime: 0.0 hours, 0.0 minutes, 0.3715786933898926 seconds

Avg epoch train. time: 0.0 hours, 0.0 minutes, 0.37171536997744914 seconds
Avg batch train. time: 0.01093280499933674 seconds
Avg sample train. time: 0.0013716434316511038 seconds
Epoch 20 Training Summary: epoch: 20.000000 | loss: 1.162954 | 
Epoch runtime: 0.0 hours, 0.0 minutes, 0.3668794631958008 seconds

Avg epoch train. time: 0.0 hours, 0.0 minutes, 0.3714735746383667 seconds
Avg batch train. time: 0.010925693371716668 seconds
Avg sample train. time: 0.0013707511979275525 seconds
Evaluating on validation set ...
Validation runtime: 0.0 hours, 0.0 minutes, 0.015919923782348633 seconds

Avg val. time: 0.0 hours, 0.0 minutes, 0.03551773230234782 seconds
Avg batch val. time: 0.008879433075586954 seconds
Avg sample val. time: 0.001145733300075736 seconds
Epoch 20 Validation Summary: epoch: 20.000000 | loss: 1.607990 | accuracy: 0.322581 | precision: 0.324194 | 
Epoch 21 Training Summary: epoch: 21.000000 | loss: 1.049635 | 
Epoch runtime: 0.0 hours, 0.0 minutes, 0.3679072856903076 seconds

Avg epoch train. time: 0.0 hours, 0.0 minutes, 0.3713037513551258 seconds
Avg batch train. time: 0.010920698569268405 seconds
Avg sample train. time: 0.0013701245437458516 seconds
Epoch 22 Training Summary: epoch: 22.000000 | loss: 1.082367 | 
Epoch runtime: 0.0 hours, 0.0 minutes, 0.38007426261901855 seconds

Avg epoch train. time: 0.0 hours, 0.0 minutes, 0.37170241095803 seconds
Avg batch train. time: 0.010932423851706766 seconds
Avg sample train. time: 0.0013715956123912547 seconds
Evaluating on validation set ...
Validation runtime: 0.0 hours, 0.0 minutes, 0.016939163208007812 seconds

Avg val. time: 0.0 hours, 0.0 minutes, 0.0340886116027832 seconds
Avg batch val. time: 0.0085221529006958 seconds
Avg sample val. time: 0.0010996326323478452 seconds
Epoch 22 Validation Summary: epoch: 22.000000 | loss: 1.657193 | accuracy: 0.322581 | precision: 0.374194 | 
Epoch 23 Training Summary: epoch: 23.000000 | loss: 1.052125 | 
Epoch runtime: 0.0 hours, 0.0 minutes, 0.38367152214050293 seconds

Avg epoch train. time: 0.0 hours, 0.0 minutes, 0.3722228070963984 seconds
Avg batch train. time: 0.010947729620482306 seconds
Avg sample train. time: 0.0013735158933446436 seconds
Epoch 24 Training Summary: epoch: 24.000000 | loss: 0.981822 | 
Epoch runtime: 0.0 hours, 0.0 minutes, 0.3878638744354248 seconds

Avg epoch train. time: 0.0 hours, 0.0 minutes, 0.3728745182355245 seconds
Avg batch train. time: 0.010966897595162485 seconds
Avg sample train. time: 0.0013759207314964002 seconds
Evaluating on validation set ...
Validation runtime: 0.0 hours, 0.0 minutes, 0.019556045532226562 seconds

Avg val. time: 0.0 hours, 0.0 minutes, 0.03305057116917202 seconds
Avg batch val. time: 0.008262642792293004 seconds
Avg sample val. time: 0.001066147457070065 seconds
Epoch 24 Validation Summary: epoch: 24.000000 | loss: 1.891894 | accuracy: 0.258065 | precision: 0.311414 | 
Epoch 25 Training Summary: epoch: 25.000000 | loss: 0.896858 | 
Epoch runtime: 0.0 hours, 0.0 minutes, 0.3821103572845459 seconds

Avg epoch train. time: 0.0 hours, 0.0 minutes, 0.3732439517974854 seconds
Avg batch train. time: 0.010977763288161335 seconds
Avg sample train. time: 0.0013772839549722707 seconds
Epoch 26 Training Summary: epoch: 26.000000 | loss: 0.788381 | 
Epoch runtime: 0.0 hours, 0.0 minutes, 0.3445420265197754 seconds

Avg epoch train. time: 0.0 hours, 0.0 minutes, 0.3721400315944965 seconds
Avg batch train. time: 0.010945295046896956 seconds
Avg sample train. time: 0.001373210448688179 seconds
Evaluating on validation set ...
Validation runtime: 0.0 hours, 0.0 minutes, 0.016257762908935547 seconds

Avg val. time: 0.0 hours, 0.0 minutes, 0.03193105061848958 seconds
Avg batch val. time: 0.007982762654622395 seconds
Avg sample val. time: 0.0010300338909190188 seconds
Epoch 26 Validation Summary: epoch: 26.000000 | loss: 1.677523 | accuracy: 0.419355 | precision: 0.537634 | 
Epoch 27 Training Summary: epoch: 27.000000 | loss: 0.832333 | 
Epoch runtime: 0.0 hours, 0.0 minutes, 0.3557615280151367 seconds

Avg epoch train. time: 0.0 hours, 0.0 minutes, 0.3715334203508165 seconds
Avg batch train. time: 0.010927453539729896 seconds
Avg sample train. time: 0.001370972030814821 seconds
Epoch 28 Training Summary: epoch: 28.000000 | loss: 0.779455 | 
Epoch runtime: 0.0 hours, 0.0 minutes, 0.36004638671875 seconds

Avg epoch train. time: 0.0 hours, 0.0 minutes, 0.3711231691496713 seconds
Avg batch train. time: 0.010915387327931509 seconds
Avg sample train. time: 0.0013694581887441746 seconds
Evaluating on validation set ...
Validation runtime: 0.0 hours, 0.0 minutes, 0.015664100646972656 seconds

Avg val. time: 0.0 hours, 0.0 minutes, 0.030914366245269775 seconds
Avg batch val. time: 0.007728591561317444 seconds
Avg sample val. time: 0.000997237620815154 seconds
Epoch 28 Validation Summary: epoch: 28.000000 | loss: 1.778796 | accuracy: 0.290323 | precision: 0.278918 | 
Epoch 29 Training Summary: epoch: 29.000000 | loss: 0.706751 | 
Epoch runtime: 0.0 hours, 0.0 minutes, 0.34822750091552734 seconds

Avg epoch train. time: 0.0 hours, 0.0 minutes, 0.3703336633484939 seconds
Avg batch train. time: 0.01089216656907335 seconds
Avg sample train. time: 0.0013665448832047744 seconds
Epoch 30 Training Summary: epoch: 30.000000 | loss: 0.678980 | 
Epoch runtime: 0.0 hours, 0.0 minutes, 0.33722853660583496 seconds

Avg epoch train. time: 0.0 hours, 0.0 minutes, 0.36923015912373863 seconds
Avg batch train. time: 0.0108597105624629 seconds
Avg sample train. time: 0.0013624729118957145 seconds
Evaluating on validation set ...
Validation runtime: 0.0 hours, 0.0 minutes, 0.016329288482666016 seconds

Avg val. time: 0.0 hours, 0.0 minutes, 0.030056420494528377 seconds
Avg batch val. time: 0.007514105123632094 seconds
Avg sample val. time: 0.0009695619514363993 seconds
Epoch 30 Validation Summary: epoch: 30.000000 | loss: 1.816274 | accuracy: 0.290323 | precision: 0.254839 | 
Epoch 31 Training Summary: epoch: 31.000000 | loss: 0.714580 | 
Epoch runtime: 0.0 hours, 0.0 minutes, 0.3369438648223877 seconds

Avg epoch train. time: 0.0 hours, 0.0 minutes, 0.3681886657591789 seconds
Avg batch train. time: 0.010829078404681733 seconds
Avg sample train. time: 0.0013586297629489996 seconds
Epoch 32 Training Summary: epoch: 32.000000 | loss: 0.512100 | 
Epoch runtime: 0.0 hours, 0.0 minutes, 0.3325502872467041 seconds

Avg epoch train. time: 0.0 hours, 0.0 minutes, 0.36707496643066406 seconds
Avg batch train. time: 0.010796322542078355 seconds
Avg sample train. time: 0.0013545201713308637 seconds
Evaluating on validation set ...
Validation runtime: 0.0 hours, 0.0 minutes, 0.014750242233276367 seconds

Avg val. time: 0.0 hours, 0.0 minutes, 0.029206077257792156 seconds
Avg batch val. time: 0.007301519314448039 seconds
Avg sample val. time: 0.0009421315244449083 seconds
Epoch 32 Validation Summary: epoch: 32.000000 | loss: 1.763310 | accuracy: 0.387097 | precision: 0.352304 | 
Epoch 33 Training Summary: epoch: 33.000000 | loss: 0.556037 | 
Epoch runtime: 0.0 hours, 0.0 minutes, 0.34359145164489746 seconds

Avg epoch train. time: 0.0 hours, 0.0 minutes, 0.3663633447704893 seconds
Avg batch train. time: 0.010775392493249686 seconds
Avg sample train. time: 0.001351894261145717 seconds
Epoch 34 Training Summary: epoch: 34.000000 | loss: 0.583661 | 
Epoch runtime: 0.0 hours, 0.0 minutes, 0.3369863033294678 seconds

Avg epoch train. time: 0.0 hours, 0.0 minutes, 0.365499314139871 seconds
Avg batch train. time: 0.010749979827643266 seconds
Avg sample train. time: 0.0013487059562356865 seconds
Evaluating on validation set ...
Validation runtime: 0.0 hours, 0.0 minutes, 0.014583587646484375 seconds

Avg val. time: 0.0 hours, 0.0 minutes, 0.028436472541407534 seconds
Avg batch val. time: 0.0071091181353518836 seconds
Avg sample val. time: 0.0009173055658518559 seconds
Epoch 34 Validation Summary: epoch: 34.000000 | loss: 1.967581 | accuracy: 0.322581 | precision: 0.325513 | 
Epoch 35 Training Summary: epoch: 35.000000 | loss: 0.614413 | 
Epoch runtime: 0.0 hours, 0.0 minutes, 0.3356282711029053 seconds

Avg epoch train. time: 0.0 hours, 0.0 minutes, 0.3646458557673863 seconds
Avg batch train. time: 0.01072487811080548 seconds
Avg sample train. time: 0.0013455566633482888 seconds
Epoch 36 Training Summary: epoch: 36.000000 | loss: 0.576221 | 
Epoch runtime: 0.0 hours, 0.0 minutes, 0.33660340309143066 seconds

Avg epoch train. time: 0.0 hours, 0.0 minutes, 0.3638668987486098 seconds
Avg batch train. time: 0.01070196761025323 seconds
Avg sample train. time: 0.0013426822832052021 seconds
Evaluating on validation set ...
Validation runtime: 0.0 hours, 0.0 minutes, 0.015216827392578125 seconds

Avg val. time: 0.0 hours, 0.0 minutes, 0.027775490283966066 seconds
Avg batch val. time: 0.0069438725709915165 seconds
Avg sample val. time: 0.0008959835575472924 seconds
Epoch 36 Validation Summary: epoch: 36.000000 | loss: 1.559561 | accuracy: 0.419355 | precision: 0.425269 | 
Epoch 37 Training Summary: epoch: 37.000000 | loss: 0.550132 | 
Epoch runtime: 0.0 hours, 0.0 minutes, 0.33609724044799805 seconds

Avg epoch train. time: 0.0 hours, 0.0 minutes, 0.3631163674431878 seconds
Avg batch train. time: 0.010679893160093759 seconds
Avg sample train. time: 0.001339912794993313 seconds
Epoch 38 Training Summary: epoch: 38.000000 | loss: 0.454573 | 
Epoch runtime: 0.0 hours, 0.0 minutes, 0.32439494132995605 seconds

Avg epoch train. time: 0.0 hours, 0.0 minutes, 0.3620973825454712 seconds
Avg batch train. time: 0.01064992301604327 seconds
Avg sample train. time: 0.00133615270311982 seconds
Evaluating on validation set ...
Validation runtime: 0.0 hours, 0.0 minutes, 0.014139652252197266 seconds

Avg val. time: 0.0 hours, 0.0 minutes, 0.027126164663405644 seconds
Avg batch val. time: 0.006781541165851411 seconds
Avg sample val. time: 0.0008750375697872788 seconds
Epoch 38 Validation Summary: epoch: 38.000000 | loss: 2.347281 | accuracy: 0.258065 | precision: 0.230645 | 
Epoch 39 Training Summary: epoch: 39.000000 | loss: 0.395888 | 
Epoch runtime: 0.0 hours, 0.0 minutes, 0.34887003898620605 seconds

Avg epoch train. time: 0.0 hours, 0.0 minutes, 0.3617582198901054 seconds
Avg batch train. time: 0.01063994764382663 seconds
Avg sample train. time: 0.001334901180406293 seconds
Epoch 40 Training Summary: epoch: 40.000000 | loss: 0.423503 | 
Epoch runtime: 0.0 hours, 0.0 minutes, 0.3388097286224365 seconds

Avg epoch train. time: 0.0 hours, 0.0 minutes, 0.3611845076084137 seconds
Avg batch train. time: 0.010623073753188638 seconds
Avg sample train. time: 0.0013327841609166557 seconds
Evaluating on validation set ...
Validation runtime: 0.0 hours, 0.0 minutes, 0.013315200805664062 seconds

Avg val. time: 0.0 hours, 0.0 minutes, 0.026498393578962845 seconds
Avg batch val. time: 0.006624598394740711 seconds
Avg sample val. time: 0.0008547868896439627 seconds
Epoch 40 Validation Summary: epoch: 40.000000 | loss: 2.075632 | accuracy: 0.354839 | precision: 0.301728 | 
Best accuracy was 0.41935483870967744. Other metrics: OrderedDict([('epoch', 26), ('loss', 1.6775229054112588), ('accuracy', 0.41935483870967744), ('precision', 0.5376344086021505)])
All Done!
Total runtime: 0.0 hours, 0.0 minutes, 31.345226526260376 seconds

