Running:
src/main_5q.py --output_dir experiments --comment classification from Scratch --name VRS_fromScratch --records_file VRS_records.xls --data_dir /mnt/d/OneDrive - Southern Methodist University/Phone_Privacy/input_feature/all_noprocesspos_nonorm_downsample_480p_s22 --data_class vrs --val_ratio 0.1 --epochs 40 --lr 0.001 --dropout 0.2 --batch_size 8 --num_layers 3 --num_heads 4 --optimizer RAdam --pos_encoding learnable --task classification --normalization none --key_metric accuracy

Using device: cuda
Loading and preprocessing data ...
271 samples may be used for training
31 samples will be used for validation
0 samples will be used for testing
Creating model ...
Model:
TSTransformerEncoderClassiregressor(
  (project_inp): Linear(in_features=39, out_features=64, bias=True)
  (pos_enc): LearnablePositionalEncoding(
    (dropout): Dropout(p=0.2, inplace=False)
  )
  (transformer_encoder): TransformerEncoder(
    (layers): ModuleList(
      (0-2): 3 x TransformerBatchNormEncoderLayer(
        (self_attn): MultiheadAttention(
          (out_proj): NonDynamicallyQuantizableLinear(in_features=64, out_features=64, bias=True)
        )
        (linear1): Linear(in_features=64, out_features=256, bias=True)
        (dropout): Dropout(p=0.2, inplace=False)
        (linear2): Linear(in_features=256, out_features=64, bias=True)
        (norm1): BatchNorm1d(64, eps=1e-05, momentum=0.1, affine=True, track_running_stats=True)
        (norm2): BatchNorm1d(64, eps=1e-05, momentum=0.1, affine=True, track_running_stats=True)
        (dropout1): Dropout(p=0.2, inplace=False)
        (dropout2): Dropout(p=0.2, inplace=False)
      )
    )
  )
  (dropout1): Dropout(p=0.2, inplace=False)
  (output_layer): Linear(in_features=5120, out_features=5, bias=True)
)
Total number of parameters: 183237
Trainable parameters: 183237
Evaluating on validation set ...
Validation runtime: 0.0 hours, 0.0 minutes, 0.24174284934997559 seconds

Avg val. time: 0.0 hours, 0.0 minutes, 0.24174284934997559 seconds
Avg batch val. time: 0.060435712337493896 seconds
Avg sample val. time: 0.007798156430644374 seconds
Epoch 0 Validation Summary: epoch: 0.000000 | loss: 15.073827 | accuracy: 0.193548 | precision: 0.193548 | 
Starting training...
Epoch 1 Training Summary: epoch: 1.000000 | loss: 1.666464 | 
Epoch runtime: 0.0 hours, 0.0 minutes, 0.41097378730773926 seconds

Avg epoch train. time: 0.0 hours, 0.0 minutes, 0.41097378730773926 seconds
Avg batch train. time: 0.012087464332580566 seconds
Avg sample train. time: 0.0015165084402499604 seconds
Evaluating on validation set ...
Validation runtime: 0.0 hours, 0.0 minutes, 0.013820171356201172 seconds

Avg val. time: 0.0 hours, 0.0 minutes, 0.12778151035308838 seconds
Avg batch val. time: 0.031945377588272095 seconds
Avg sample val. time: 0.004121984204938335 seconds
Epoch 1 Validation Summary: epoch: 1.000000 | loss: 1.575818 | accuracy: 0.258065 | precision: 0.197778 | 
Epoch 2 Training Summary: epoch: 2.000000 | loss: 1.636368 | 
Epoch runtime: 0.0 hours, 0.0 minutes, 0.29807305335998535 seconds

Avg epoch train. time: 0.0 hours, 0.0 minutes, 0.3545234203338623 seconds
Avg batch train. time: 0.010427159421584186 seconds
Avg sample train. time: 0.0013082045030769827 seconds
Evaluating on validation set ...
Validation runtime: 0.0 hours, 0.0 minutes, 0.013550758361816406 seconds

Avg val. time: 0.0 hours, 0.0 minutes, 0.08970459302266438 seconds
Avg batch val. time: 0.022426148255666096 seconds
Avg sample val. time: 0.002893696549118206 seconds
Epoch 2 Validation Summary: epoch: 2.000000 | loss: 1.616018 | accuracy: 0.193548 | precision: 0.235628 | 
Epoch 3 Training Summary: epoch: 3.000000 | loss: 1.652236 | 
Epoch runtime: 0.0 hours, 0.0 minutes, 0.34087395668029785 seconds

Avg epoch train. time: 0.0 hours, 0.0 minutes, 0.3499735991160075 seconds
Avg batch train. time: 0.010293341150470809 seconds
Avg sample train. time: 0.0012914154948930167 seconds
Epoch 4 Training Summary: epoch: 4.000000 | loss: 1.649954 | 
Epoch runtime: 0.0 hours, 0.0 minutes, 0.27684640884399414 seconds

Avg epoch train. time: 0.0 hours, 0.0 minutes, 0.33169180154800415 seconds
Avg batch train. time: 0.009755641222000122 seconds
Avg sample train. time: 0.001223954987262008 seconds
Evaluating on validation set ...
Validation runtime: 0.0 hours, 0.0 minutes, 0.01410818099975586 seconds

Avg val. time: 0.0 hours, 0.0 minutes, 0.07080549001693726 seconds
Avg batch val. time: 0.017701372504234314 seconds
Avg sample val. time: 0.002284048065062492 seconds
Epoch 4 Validation Summary: epoch: 4.000000 | loss: 1.678318 | accuracy: 0.096774 | precision: 0.052419 | 
Epoch 5 Training Summary: epoch: 5.000000 | loss: 1.648786 | 
Epoch runtime: 0.0 hours, 0.0 minutes, 0.2953042984008789 seconds

Avg epoch train. time: 0.0 hours, 0.0 minutes, 0.3244143009185791 seconds
Avg batch train. time: 0.009541597085840561 seconds
Avg sample train. time: 0.0011971007413969707 seconds
Epoch 6 Training Summary: epoch: 6.000000 | loss: 1.603906 | 
Epoch runtime: 0.0 hours, 0.0 minutes, 0.35782408714294434 seconds

Avg epoch train. time: 0.0 hours, 0.0 minutes, 0.32998259862263996 seconds
Avg batch train. time: 0.009705370547724704 seconds
Avg sample train. time: 0.0012176479653971954 seconds
Evaluating on validation set ...
Validation runtime: 0.0 hours, 0.0 minutes, 0.014462471008300781 seconds

Avg val. time: 0.0 hours, 0.0 minutes, 0.05953688621520996 seconds
Avg batch val. time: 0.01488422155380249 seconds
Avg sample val. time: 0.001920544716619676 seconds
Epoch 6 Validation Summary: epoch: 6.000000 | loss: 1.622643 | accuracy: 0.225806 | precision: 0.147200 | 
Epoch 7 Training Summary: epoch: 7.000000 | loss: 1.591932 | 
Epoch runtime: 0.0 hours, 0.0 minutes, 0.30307960510253906 seconds

Avg epoch train. time: 0.0 hours, 0.0 minutes, 0.32613931383405415 seconds
Avg batch train. time: 0.009592332759825122 seconds
Avg sample train. time: 0.0012034661027086869 seconds
Epoch 8 Training Summary: epoch: 8.000000 | loss: 1.575009 | 
Epoch runtime: 0.0 hours, 0.0 minutes, 0.31833362579345703 seconds

Avg epoch train. time: 0.0 hours, 0.0 minutes, 0.3251636028289795 seconds
Avg batch train. time: 0.009563635377322926 seconds
Avg sample train. time: 0.0011998656930958653 seconds
Evaluating on validation set ...
Validation runtime: 0.0 hours, 0.0 minutes, 0.013997316360473633 seconds

Avg val. time: 0.0 hours, 0.0 minutes, 0.05194695790608724 seconds
Avg batch val. time: 0.01298673947652181 seconds
Avg sample val. time: 0.0016757083195512014 seconds
Epoch 8 Validation Summary: epoch: 8.000000 | loss: 1.587785 | accuracy: 0.193548 | precision: 0.147408 | 
Epoch 9 Training Summary: epoch: 9.000000 | loss: 1.482760 | 
Epoch runtime: 0.0 hours, 0.0 minutes, 0.3558845520019531 seconds

Avg epoch train. time: 0.0 hours, 0.0 minutes, 0.32857704162597656 seconds
Avg batch train. time: 0.009664030636058134 seconds
Avg sample train. time: 0.0012124614082139357 seconds
Epoch 10 Training Summary: epoch: 10.000000 | loss: 1.476653 | 
Epoch runtime: 0.0 hours, 0.0 minutes, 0.42162537574768066 seconds

Avg epoch train. time: 0.0 hours, 0.0 minutes, 0.337881875038147 seconds
Avg batch train. time: 0.009937702207004323 seconds
Avg sample train. time: 0.0012467965868566309 seconds
Evaluating on validation set ...
Validation runtime: 0.0 hours, 0.0 minutes, 0.020099639892578125 seconds

Avg val. time: 0.0 hours, 0.0 minutes, 0.047397341047014506 seconds
Avg batch val. time: 0.011849335261753626 seconds
Avg sample val. time: 0.0015289464853875648 seconds
Epoch 10 Validation Summary: epoch: 10.000000 | loss: 1.397404 | accuracy: 0.354839 | precision: 0.312526 | 
Epoch 11 Training Summary: epoch: 11.000000 | loss: 1.410962 | 
Epoch runtime: 0.0 hours, 0.0 minutes, 0.37105536460876465 seconds

Avg epoch train. time: 0.0 hours, 0.0 minutes, 0.340897646817294 seconds
Avg batch train. time: 0.010026401376979235 seconds
Avg sample train. time: 0.001257924896004775 seconds
Epoch 12 Training Summary: epoch: 12.000000 | loss: 1.382894 | 
Epoch runtime: 0.0 hours, 0.0 minutes, 0.3305642604827881 seconds

Avg epoch train. time: 0.0 hours, 0.0 minutes, 0.3400365312894185 seconds
Avg batch train. time: 0.01000107444968878 seconds
Avg sample train. time: 0.0012547473479314337 seconds
Evaluating on validation set ...
Validation runtime: 0.0 hours, 0.0 minutes, 0.017256498336791992 seconds

Avg val. time: 0.0 hours, 0.0 minutes, 0.043629735708236694 seconds
Avg batch val. time: 0.010907433927059174 seconds
Avg sample val. time: 0.0014074108292979578 seconds
Epoch 12 Validation Summary: epoch: 12.000000 | loss: 1.436520 | accuracy: 0.387097 | precision: 0.359238 | 
Epoch 13 Training Summary: epoch: 13.000000 | loss: 1.384258 | 
Epoch runtime: 0.0 hours, 0.0 minutes, 0.33565807342529297 seconds

Avg epoch train. time: 0.0 hours, 0.0 minutes, 0.33969972683833194 seconds
Avg batch train. time: 0.009991168436421527 seconds
Avg sample train. time: 0.0012535045270787156 seconds
Epoch 14 Training Summary: epoch: 14.000000 | loss: 1.334393 | 
Epoch runtime: 0.0 hours, 0.0 minutes, 0.3384382724761963 seconds

Avg epoch train. time: 0.0 hours, 0.0 minutes, 0.33960962295532227 seconds
Avg batch train. time: 0.00998851832221536 seconds
Avg sample train. time: 0.0012531720404255434 seconds
Evaluating on validation set ...
Validation runtime: 0.0 hours, 0.0 minutes, 0.016541719436645508 seconds

Avg val. time: 0.0 hours, 0.0 minutes, 0.04061995612250434 seconds
Avg batch val. time: 0.010154989030626085 seconds
Avg sample val. time: 0.0013103211652420754 seconds
Epoch 14 Validation Summary: epoch: 14.000000 | loss: 1.481682 | accuracy: 0.258065 | precision: 0.188958 | 
Epoch 15 Training Summary: epoch: 15.000000 | loss: 1.312226 | 
Epoch runtime: 0.0 hours, 0.0 minutes, 0.34814453125 seconds

Avg epoch train. time: 0.0 hours, 0.0 minutes, 0.34017861684163414 seconds
Avg batch train. time: 0.010005253436518651 seconds
Avg sample train. time: 0.0012552716488621186 seconds
Epoch 16 Training Summary: epoch: 16.000000 | loss: 1.296325 | 
Epoch runtime: 0.0 hours, 0.0 minutes, 0.3262772560119629 seconds

Avg epoch train. time: 0.0 hours, 0.0 minutes, 0.33930978178977966 seconds
Avg batch train. time: 0.009979699464405285 seconds
Avg sample train. time: 0.0012520656154604416 seconds
Evaluating on validation set ...
Validation runtime: 0.0 hours, 0.0 minutes, 0.015028953552246094 seconds

Avg val. time: 0.0 hours, 0.0 minutes, 0.03806085586547851 seconds
Avg batch val. time: 0.009515213966369628 seconds
Avg sample val. time: 0.001227769544047694 seconds
Epoch 16 Validation Summary: epoch: 16.000000 | loss: 1.413927 | accuracy: 0.225806 | precision: 0.164390 | 
Epoch 17 Training Summary: epoch: 17.000000 | loss: 1.260945 | 
Epoch runtime: 0.0 hours, 0.0 minutes, 0.411393404006958 seconds

Avg epoch train. time: 0.0 hours, 0.0 minutes, 0.3435499948613784 seconds
Avg batch train. time: 0.010104411613569952 seconds
Avg sample train. time: 0.0012677121581600678 seconds
Epoch 18 Training Summary: epoch: 18.000000 | loss: 1.251448 | 
Epoch runtime: 0.0 hours, 0.0 minutes, 0.36582159996032715 seconds

Avg epoch train. time: 0.0 hours, 0.0 minutes, 0.3447873062557644 seconds
Avg batch train. time: 0.010140803125169542 seconds
Avg sample train. time: 0.0012722778828625993 seconds
Evaluating on validation set ...
Validation runtime: 0.0 hours, 0.0 minutes, 0.015726327896118164 seconds

Avg val. time: 0.0 hours, 0.0 minutes, 0.0360304442319003 seconds
Avg batch val. time: 0.009007611057975075 seconds
Avg sample val. time: 0.001162272394577429 seconds
Epoch 18 Validation Summary: epoch: 18.000000 | loss: 1.261208 | accuracy: 0.419355 | precision: 0.543500 | 
Epoch 19 Training Summary: epoch: 19.000000 | loss: 1.279795 | 
Epoch runtime: 0.0 hours, 0.0 minutes, 0.360335111618042 seconds

Avg epoch train. time: 0.0 hours, 0.0 minutes, 0.34560561180114746 seconds
Avg batch train. time: 0.010164870935327867 seconds
Avg sample train. time: 0.0012752974605208392 seconds
Epoch 20 Training Summary: epoch: 20.000000 | loss: 1.258118 | 
Epoch runtime: 0.0 hours, 0.0 minutes, 0.3414642810821533 seconds

Avg epoch train. time: 0.0 hours, 0.0 minutes, 0.34539854526519775 seconds
Avg batch train. time: 0.01015878074309405 seconds
Avg sample train. time: 0.0012745333773623534 seconds
Evaluating on validation set ...
Validation runtime: 0.0 hours, 0.0 minutes, 0.016563892364501953 seconds

Avg val. time: 0.0 hours, 0.0 minutes, 0.034408231576283775 seconds
Avg batch val. time: 0.008602057894070944 seconds
Avg sample val. time: 0.0011099429540736702 seconds
Epoch 20 Validation Summary: epoch: 20.000000 | loss: 1.442791 | accuracy: 0.322581 | precision: 0.333333 | 
Epoch 21 Training Summary: epoch: 21.000000 | loss: 1.298549 | 
Epoch runtime: 0.0 hours, 0.0 minutes, 0.3276503086090088 seconds

Avg epoch train. time: 0.0 hours, 0.0 minutes, 0.3445533911387126 seconds
Avg batch train. time: 0.010133923268785663 seconds
Avg sample train. time: 0.001271414727449124 seconds
Epoch 22 Training Summary: epoch: 22.000000 | loss: 1.227928 | 
Epoch runtime: 0.0 hours, 0.0 minutes, 0.31546878814697266 seconds

Avg epoch train. time: 0.0 hours, 0.0 minutes, 0.34323136372999713 seconds
Avg batch train. time: 0.010095040109705798 seconds
Avg sample train. time: 0.0012665363975276646 seconds
Evaluating on validation set ...
Validation runtime: 0.0 hours, 0.0 minutes, 0.014982938766479492 seconds

Avg val. time: 0.0 hours, 0.0 minutes, 0.03291397828322191 seconds
Avg batch val. time: 0.008228494570805477 seconds
Avg sample val. time: 0.001061741234942642 seconds
Epoch 22 Validation Summary: epoch: 22.000000 | loss: 1.715883 | accuracy: 0.193548 | precision: 0.118280 | 
Epoch 23 Training Summary: epoch: 23.000000 | loss: 1.219933 | 
Epoch runtime: 0.0 hours, 0.0 minutes, 0.3333444595336914 seconds

Avg epoch train. time: 0.0 hours, 0.0 minutes, 0.3428014983301577 seconds
Avg batch train. time: 0.01008239700971052 seconds
Avg sample train. time: 0.0012649501783400653 seconds
Epoch 24 Training Summary: epoch: 24.000000 | loss: 1.175039 | 
Epoch runtime: 0.0 hours, 0.0 minutes, 0.3324747085571289 seconds

Avg epoch train. time: 0.0 hours, 0.0 minutes, 0.3423712154229482 seconds
Avg batch train. time: 0.010069741630086712 seconds
Avg sample train. time: 0.0012633624185348642 seconds
Evaluating on validation set ...
Validation runtime: 0.0 hours, 0.0 minutes, 0.015215635299682617 seconds

Avg val. time: 0.0 hours, 0.0 minutes, 0.031649810927254815 seconds
Avg batch val. time: 0.007912452731813704 seconds
Avg sample val. time: 0.0010209616428146714 seconds
Epoch 24 Validation Summary: epoch: 24.000000 | loss: 1.274605 | accuracy: 0.387097 | precision: 0.275073 | 
Epoch 25 Training Summary: epoch: 25.000000 | loss: 1.136706 | 
Epoch runtime: 0.0 hours, 0.0 minutes, 0.32488560676574707 seconds

Avg epoch train. time: 0.0 hours, 0.0 minutes, 0.3416717910766602 seconds
Avg batch train. time: 0.010049170325784123 seconds
Avg sample train. time: 0.001260781516888045 seconds
Epoch 26 Training Summary: epoch: 26.000000 | loss: 1.083674 | 
Epoch runtime: 0.0 hours, 0.0 minutes, 0.31514668464660645 seconds

Avg epoch train. time: 0.0 hours, 0.0 minutes, 0.34065159467550427 seconds
Avg batch train. time: 0.010019164549279537 seconds
Avg sample train. time: 0.0012570169545221559 seconds
Evaluating on validation set ...
Validation runtime: 0.0 hours, 0.0 minutes, 0.015170574188232422 seconds

Avg val. time: 0.0 hours, 0.0 minutes, 0.03055119514465332 seconds
Avg batch val. time: 0.00763779878616333 seconds
Avg sample val. time: 0.000985522424021075 seconds
Epoch 26 Validation Summary: epoch: 26.000000 | loss: 1.371220 | accuracy: 0.322581 | precision: 0.301613 | 
Epoch 27 Training Summary: epoch: 27.000000 | loss: 1.043197 | 
Epoch runtime: 0.0 hours, 0.0 minutes, 0.329517126083374 seconds

Avg epoch train. time: 0.0 hours, 0.0 minutes, 0.3402392069498698 seconds
Avg batch train. time: 0.010007035498525583 seconds
Avg sample train. time: 0.0012554952285973055 seconds
Epoch 28 Training Summary: epoch: 28.000000 | loss: 1.125880 | 
Epoch runtime: 0.0 hours, 0.0 minutes, 0.3243408203125 seconds

Avg epoch train. time: 0.0 hours, 0.0 minutes, 0.3396714074271066 seconds
Avg batch train. time: 0.00999033551256196 seconds
Avg sample train. time: 0.0012534000274062975 seconds
Evaluating on validation set ...
Validation runtime: 0.0 hours, 0.0 minutes, 0.016655921936035156 seconds

Avg val. time: 0.0 hours, 0.0 minutes, 0.029682740569114685 seconds
Avg batch val. time: 0.007420685142278671 seconds
Avg sample val. time: 0.0009575077602940221 seconds
Epoch 28 Validation Summary: epoch: 28.000000 | loss: 1.496338 | accuracy: 0.354839 | precision: 0.278837 | 
Epoch 29 Training Summary: epoch: 29.000000 | loss: 1.086335 | 
Epoch runtime: 0.0 hours, 0.0 minutes, 0.29700565338134766 seconds

Avg epoch train. time: 0.0 hours, 0.0 minutes, 0.338200174528977 seconds
Avg batch train. time: 0.009947063956734618 seconds
Avg sample train. time: 0.0012479711237231624 seconds
Epoch 30 Training Summary: epoch: 30.000000 | loss: 1.111723 | 
Epoch runtime: 0.0 hours, 0.0 minutes, 0.3070971965789795 seconds

Avg epoch train. time: 0.0 hours, 0.0 minutes, 0.33716340859731037 seconds
Avg batch train. time: 0.009916570841097363 seconds
Avg sample train. time: 0.001244145419178267 seconds
Evaluating on validation set ...
Validation runtime: 0.0 hours, 0.0 minutes, 0.013653039932250977 seconds

Avg val. time: 0.0 hours, 0.0 minutes, 0.028739817002240348 seconds
Avg batch val. time: 0.007184954250560087 seconds
Avg sample val. time: 0.0009270908710400113 seconds
Epoch 30 Validation Summary: epoch: 30.000000 | loss: 1.462688 | accuracy: 0.290323 | precision: 0.263978 | 
Epoch 31 Training Summary: epoch: 31.000000 | loss: 1.024065 | 
Epoch runtime: 0.0 hours, 0.0 minutes, 0.3022754192352295 seconds

Avg epoch train. time: 0.0 hours, 0.0 minutes, 0.33603798958563036 seconds
Avg batch train. time: 0.009883470281930304 seconds
Avg sample train. time: 0.001239992581496791 seconds
Epoch 32 Training Summary: epoch: 32.000000 | loss: 0.939154 | 
Epoch runtime: 0.0 hours, 0.0 minutes, 0.3315291404724121 seconds

Avg epoch train. time: 0.0 hours, 0.0 minutes, 0.3358970880508423 seconds
Avg batch train. time: 0.00987932611914242 seconds
Avg sample train. time: 0.0012394726496341045 seconds
Evaluating on validation set ...
Validation runtime: 0.0 hours, 0.0 minutes, 0.013634920120239258 seconds

Avg val. time: 0.0 hours, 0.0 minutes, 0.0279006560643514 seconds
Avg batch val. time: 0.00697516401608785 seconds
Avg sample val. time: 0.0009000211633661742 seconds
Epoch 32 Validation Summary: epoch: 32.000000 | loss: 1.566731 | accuracy: 0.225806 | precision: 0.267281 | 
Epoch 33 Training Summary: epoch: 33.000000 | loss: 0.961185 | 
Epoch runtime: 0.0 hours, 0.0 minutes, 0.3139374256134033 seconds

Avg epoch train. time: 0.0 hours, 0.0 minutes, 0.3352316437345563 seconds
Avg batch train. time: 0.00985975422748695 seconds
Avg sample train. time: 0.001237017135551868 seconds
Epoch 34 Training Summary: epoch: 34.000000 | loss: 0.948829 | 
Epoch runtime: 0.0 hours, 0.0 minutes, 0.3023083209991455 seconds

Avg epoch train. time: 0.0 hours, 0.0 minutes, 0.33426331071292653 seconds
Avg batch train. time: 0.00983127384449784 seconds
Avg sample train. time: 0.0012334439509702087 seconds
Evaluating on validation set ...
Validation runtime: 0.0 hours, 0.0 minutes, 0.014546871185302734 seconds

Avg val. time: 0.0 hours, 0.0 minutes, 0.027197825281243575 seconds
Avg batch val. time: 0.006799456320310894 seconds
Avg sample val. time: 0.0008773492026207605 seconds
Epoch 34 Validation Summary: epoch: 34.000000 | loss: 1.690172 | accuracy: 0.290323 | precision: 0.308065 | 
Epoch 35 Training Summary: epoch: 35.000000 | loss: 0.972189 | 
Epoch runtime: 0.0 hours, 0.0 minutes, 0.30373430252075195 seconds

Avg epoch train. time: 0.0 hours, 0.0 minutes, 0.33339105333600727 seconds
Avg batch train. time: 0.00980561921576492 seconds
Avg sample train. time: 0.0012302252890627574 seconds
Epoch 36 Training Summary: epoch: 36.000000 | loss: 0.883590 | 
Epoch runtime: 0.0 hours, 0.0 minutes, 0.3143191337585449 seconds

Avg epoch train. time: 0.0 hours, 0.0 minutes, 0.3328612777921889 seconds
Avg batch train. time: 0.009790037582123202 seconds
Avg sample train. time: 0.0012282703977571545 seconds
Evaluating on validation set ...
Validation runtime: 0.0 hours, 0.0 minutes, 0.014876365661621094 seconds

Avg val. time: 0.0 hours, 0.0 minutes, 0.02658175230026245 seconds
Avg batch val. time: 0.006645438075065613 seconds
Avg sample val. time: 0.0008574758806536274 seconds
Epoch 36 Validation Summary: epoch: 36.000000 | loss: 1.694063 | accuracy: 0.290323 | precision: 0.301704 | 
Epoch 37 Training Summary: epoch: 37.000000 | loss: 0.847760 | 
Epoch runtime: 0.0 hours, 0.0 minutes, 0.32139158248901367 seconds

Avg epoch train. time: 0.0 hours, 0.0 minutes, 0.33255128602723816 seconds
Avg batch train. time: 0.00978092017727171 seconds
Avg sample train. time: 0.001227126516705676 seconds
Epoch 38 Training Summary: epoch: 38.000000 | loss: 0.843096 | 
Epoch runtime: 0.0 hours, 0.0 minutes, 0.3148789405822754 seconds

Avg epoch train. time: 0.0 hours, 0.0 minutes, 0.3320862243050023 seconds
Avg batch train. time: 0.009767241891323596 seconds
Avg sample train. time: 0.0012254104217896762 seconds
Evaluating on validation set ...
Validation runtime: 0.0 hours, 0.0 minutes, 0.01564955711364746 seconds

Avg val. time: 0.0 hours, 0.0 minutes, 0.026061171577090307 seconds
Avg batch val. time: 0.006515292894272577 seconds
Avg sample val. time: 0.0008406829540996873 seconds
Epoch 38 Validation Summary: epoch: 38.000000 | loss: 1.390046 | accuracy: 0.419355 | precision: 0.375073 | 
Epoch 39 Training Summary: epoch: 39.000000 | loss: 0.858649 | 
Epoch runtime: 0.0 hours, 0.0 minutes, 0.3141474723815918 seconds

Avg epoch train. time: 0.0 hours, 0.0 minutes, 0.3316262563069661 seconds
Avg batch train. time: 0.009753713420793121 seconds
Avg sample train. time: 0.001223713122903934 seconds
Epoch 40 Training Summary: epoch: 40.000000 | loss: 0.859707 | 
Epoch runtime: 0.0 hours, 0.0 minutes, 0.32294368743896484 seconds

Avg epoch train. time: 0.0 hours, 0.0 minutes, 0.3314091920852661 seconds
Avg batch train. time: 0.009747329178978414 seconds
Avg sample train. time: 0.001222912147916111 seconds
Evaluating on validation set ...
Validation runtime: 0.0 hours, 0.0 minutes, 0.013672590255737305 seconds

Avg val. time: 0.0 hours, 0.0 minutes, 0.025498054244301536 seconds
Avg batch val. time: 0.006374513561075384 seconds
Avg sample val. time: 0.0008225178788484367 seconds
Epoch 40 Validation Summary: epoch: 40.000000 | loss: 1.335918 | accuracy: 0.419355 | precision: 0.351767 | 
Best accuracy was 0.41935483870967744. Other metrics: OrderedDict([('epoch', 18), ('loss', 1.261208257367534), ('accuracy', 0.41935483870967744), ('precision', 0.5434995112414467)])
All Done!
Total runtime: 0.0 hours, 0.0 minutes, 20.580355882644653 seconds

