Running:
src/main_crosssetting.py --output_dir experiments --target_user Zeyu --user_othersetting ZeyuZoom --comment classification from Scratch --name VRS_fromScratch --records_file VRS_records.xls --data_dir /mnt/d/OneDrive - Southern Methodist University/Phone_Privacy/input_feature/opticalflow_22_downsample_480p_s22 --test_data_dir /mnt/d/OneDrive - Southern Methodist University/Phone_Privacy/input_feature/opticalflow_22_downsample_480p_s22 --data_class vrs --val_ratio 0.1 --epochs 40 --lr 0.001 --dropout 0.2 --batch_size 8 --num_layers 3 --num_heads 4 --optimizer RAdam --pos_encoding learnable --task classification --normalization none --key_metric accuracy

Using device: cuda
Loading and preprocessing data ...
1080 samples may be used for training
120 samples will be used for validation
0 samples will be used for testing
Creating model ...
Model:
TSTransformerEncoderClassiregressor(
  (project_inp): Linear(in_features=8, out_features=64, bias=True)
  (pos_enc): LearnablePositionalEncoding(
    (dropout): Dropout(p=0.2, inplace=False)
  )
  (transformer_encoder): TransformerEncoder(
    (layers): ModuleList(
      (0-2): 3 x TransformerBatchNormEncoderLayer(
        (self_attn): MultiheadAttention(
          (out_proj): NonDynamicallyQuantizableLinear(in_features=64, out_features=64, bias=True)
        )
        (linear1): Linear(in_features=64, out_features=256, bias=True)
        (dropout): Dropout(p=0.2, inplace=False)
        (linear2): Linear(in_features=256, out_features=64, bias=True)
        (norm1): BatchNorm1d(64, eps=1e-05, momentum=0.1, affine=True, track_running_stats=True)
        (norm2): BatchNorm1d(64, eps=1e-05, momentum=0.1, affine=True, track_running_stats=True)
        (dropout1): Dropout(p=0.2, inplace=False)
        (dropout2): Dropout(p=0.2, inplace=False)
      )
    )
  )
  (dropout1): Dropout(p=0.2, inplace=False)
  (output_layer): Linear(in_features=5120, out_features=5, bias=True)
)
Total number of parameters: 181253
Trainable parameters: 181253
Evaluating on validation set ...
Validation runtime: 0.0 hours, 0.0 minutes, 0.25414609909057617 seconds

Avg val. time: 0.0 hours, 0.0 minutes, 0.25414609909057617 seconds
Avg batch val. time: 0.016943073272705077 seconds
Avg sample val. time: 0.0021178841590881346 seconds
Epoch 0 Validation Summary: epoch: 0.000000 | loss: 4.776420 | accuracy: 0.233333 | precision: 0.242883 | 
Starting training...
Epoch 1 Training Summary: epoch: 1.000000 | loss: 1.663205 | 
Epoch runtime: 0.0 hours, 0.0 minutes, 1.4220058917999268 seconds

Avg epoch train. time: 0.0 hours, 0.0 minutes, 1.4220058917999268 seconds
Avg batch train. time: 0.010533376976295753 seconds
Avg sample train. time: 0.0013166721220369691 seconds
Evaluating on validation set ...
Validation runtime: 0.0 hours, 0.0 minutes, 0.04712033271789551 seconds

Avg val. time: 0.0 hours, 0.0 minutes, 0.15063321590423584 seconds
Avg batch val. time: 0.010042214393615722 seconds
Avg sample val. time: 0.0012552767992019653 seconds
Epoch 1 Validation Summary: epoch: 1.000000 | loss: 1.676600 | accuracy: 0.258333 | precision: 0.190565 | 
Epoch 2 Training Summary: epoch: 2.000000 | loss: 1.612203 | 
Epoch runtime: 0.0 hours, 0.0 minutes, 1.3049414157867432 seconds

Avg epoch train. time: 0.0 hours, 0.0 minutes, 1.363473653793335 seconds
Avg batch train. time: 0.010099804842913592 seconds
Avg sample train. time: 0.001262475605364199 seconds
Evaluating on validation set ...
Validation runtime: 0.0 hours, 0.0 minutes, 0.046065568923950195 seconds

Avg val. time: 0.0 hours, 0.0 minutes, 0.11577733357747395 seconds
Avg batch val. time: 0.00771848890516493 seconds
Avg sample val. time: 0.0009648111131456162 seconds
Epoch 2 Validation Summary: epoch: 2.000000 | loss: 1.662212 | accuracy: 0.291667 | precision: 0.292095 | 
Epoch 3 Training Summary: epoch: 3.000000 | loss: 1.599897 | 
Epoch runtime: 0.0 hours, 0.0 minutes, 1.3649535179138184 seconds

Avg epoch train. time: 0.0 hours, 0.0 minutes, 1.363966941833496 seconds
Avg batch train. time: 0.010103458828396267 seconds
Avg sample train. time: 0.0012629323535495334 seconds
Epoch 4 Training Summary: epoch: 4.000000 | loss: 1.525898 | 
Epoch runtime: 0.0 hours, 0.0 minutes, 1.4324781894683838 seconds

Avg epoch train. time: 0.0 hours, 0.0 minutes, 1.381094753742218 seconds
Avg batch train. time: 0.010230331509201615 seconds
Avg sample train. time: 0.001278791438650202 seconds
Evaluating on validation set ...
Validation runtime: 0.0 hours, 0.0 minutes, 0.048562049865722656 seconds

Avg val. time: 0.0 hours, 0.0 minutes, 0.09897351264953613 seconds
Avg batch val. time: 0.006598234176635742 seconds
Avg sample val. time: 0.0008247792720794678 seconds
Epoch 4 Validation Summary: epoch: 4.000000 | loss: 1.709762 | accuracy: 0.233333 | precision: 0.252105 | 
Epoch 5 Training Summary: epoch: 5.000000 | loss: 1.560103 | 
Epoch runtime: 0.0 hours, 0.0 minutes, 1.4124705791473389 seconds

Avg epoch train. time: 0.0 hours, 0.0 minutes, 1.3873699188232422 seconds
Avg batch train. time: 0.010276814213505498 seconds
Avg sample train. time: 0.0012846017766881873 seconds
Epoch 6 Training Summary: epoch: 6.000000 | loss: 1.492577 | 
Epoch runtime: 0.0 hours, 0.0 minutes, 1.5939910411834717 seconds

Avg epoch train. time: 0.0 hours, 0.0 minutes, 1.421806772549947 seconds
Avg batch train. time: 0.010531902018888496 seconds
Avg sample train. time: 0.001316487752361062 seconds
Evaluating on validation set ...
Validation runtime: 0.0 hours, 0.0 minutes, 0.04730057716369629 seconds

Avg val. time: 0.0 hours, 0.0 minutes, 0.08863892555236816 seconds
Avg batch val. time: 0.0059092617034912105 seconds
Avg sample val. time: 0.0007386577129364013 seconds
Epoch 6 Validation Summary: epoch: 6.000000 | loss: 1.716932 | accuracy: 0.308333 | precision: 0.271134 | 
Epoch 7 Training Summary: epoch: 7.000000 | loss: 1.480695 | 
Epoch runtime: 0.0 hours, 0.0 minutes, 1.5276494026184082 seconds

Avg epoch train. time: 0.0 hours, 0.0 minutes, 1.436927148274013 seconds
Avg batch train. time: 0.010643904802029725 seconds
Avg sample train. time: 0.0013304881002537156 seconds
Epoch 8 Training Summary: epoch: 8.000000 | loss: 1.423339 | 
Epoch runtime: 0.0 hours, 0.0 minutes, 1.4327266216278076 seconds

Avg epoch train. time: 0.0 hours, 0.0 minutes, 1.4364020824432373 seconds
Avg batch train. time: 0.010640015425505462 seconds
Avg sample train. time: 0.0013300019281881827 seconds
Evaluating on validation set ...
Validation runtime: 0.0 hours, 0.0 minutes, 0.04704642295837402 seconds

Avg val. time: 0.0 hours, 0.0 minutes, 0.08170684178670247 seconds
Avg batch val. time: 0.0054471227857801644 seconds
Avg sample val. time: 0.0006808903482225206 seconds
Epoch 8 Validation Summary: epoch: 8.000000 | loss: 1.823418 | accuracy: 0.250000 | precision: 0.224149 | 
Epoch 9 Training Summary: epoch: 9.000000 | loss: 1.413697 | 
Epoch runtime: 0.0 hours, 0.0 minutes, 1.5127215385437012 seconds

Avg epoch train. time: 0.0 hours, 0.0 minutes, 1.4448820220099554 seconds
Avg batch train. time: 0.010702829792666336 seconds
Avg sample train. time: 0.001337853724083292 seconds
Epoch 10 Training Summary: epoch: 10.000000 | loss: 1.394667 | 
Epoch runtime: 0.0 hours, 0.0 minutes, 1.4610095024108887 seconds

Avg epoch train. time: 0.0 hours, 0.0 minutes, 1.4464947700500488 seconds
Avg batch train. time: 0.010714776074444805 seconds
Avg sample train. time: 0.0013393470093056006 seconds
Evaluating on validation set ...
Validation runtime: 0.0 hours, 0.0 minutes, 0.04826474189758301 seconds

Avg val. time: 0.0 hours, 0.0 minutes, 0.0769293989453997 seconds
Avg batch val. time: 0.00512862659635998 seconds
Avg sample val. time: 0.0006410783245449975 seconds
Epoch 10 Validation Summary: epoch: 10.000000 | loss: 1.743011 | accuracy: 0.291667 | precision: 0.344107 | 
Epoch 11 Training Summary: epoch: 11.000000 | loss: 1.388270 | 
Epoch runtime: 0.0 hours, 0.0 minutes, 1.4432282447814941 seconds

Avg epoch train. time: 0.0 hours, 0.0 minutes, 1.4461978132074529 seconds
Avg batch train. time: 0.010712576394129281 seconds
Avg sample train. time: 0.0013390720492661601 seconds
Epoch 12 Training Summary: epoch: 12.000000 | loss: 1.340984 | 
Epoch runtime: 0.0 hours, 0.0 minutes, 1.326364278793335 seconds

Avg epoch train. time: 0.0 hours, 0.0 minutes, 1.4362116853396099 seconds
Avg batch train. time: 0.010638605076589702 seconds
Avg sample train. time: 0.0013298256345737128 seconds
Evaluating on validation set ...
Validation runtime: 0.0 hours, 0.0 minutes, 0.05140972137451172 seconds

Avg val. time: 0.0 hours, 0.0 minutes, 0.0737394392490387 seconds
Avg batch val. time: 0.00491596261660258 seconds
Avg sample val. time: 0.0006144953270753225 seconds
Epoch 12 Validation Summary: epoch: 12.000000 | loss: 1.792768 | accuracy: 0.300000 | precision: 0.300302 | 
Epoch 13 Training Summary: epoch: 13.000000 | loss: 1.267714 | 
Epoch runtime: 0.0 hours, 0.0 minutes, 1.3373658657073975 seconds

Avg epoch train. time: 0.0 hours, 0.0 minutes, 1.4286081607525165 seconds
Avg batch train. time: 0.010582282672240864 seconds
Avg sample train. time: 0.001322785334030108 seconds
Epoch 14 Training Summary: epoch: 14.000000 | loss: 1.269897 | 
Epoch runtime: 0.0 hours, 0.0 minutes, 1.312474012374878 seconds

Avg epoch train. time: 0.0 hours, 0.0 minutes, 1.420312864439828 seconds
Avg batch train. time: 0.010520836032887615 seconds
Avg sample train. time: 0.0013151045041109519 seconds
Evaluating on validation set ...
Validation runtime: 0.0 hours, 0.0 minutes, 0.044097185134887695 seconds

Avg val. time: 0.0 hours, 0.0 minutes, 0.07044585545857747 seconds
Avg batch val. time: 0.004696390363905165 seconds
Avg sample val. time: 0.0005870487954881456 seconds
Epoch 14 Validation Summary: epoch: 14.000000 | loss: 1.864921 | accuracy: 0.233333 | precision: 0.251169 | 
Epoch 15 Training Summary: epoch: 15.000000 | loss: 1.263868 | 
Epoch runtime: 0.0 hours, 0.0 minutes, 1.2611653804779053 seconds

Avg epoch train. time: 0.0 hours, 0.0 minutes, 1.4097030321756998 seconds
Avg batch train. time: 0.010442244682782962 seconds
Avg sample train. time: 0.0013052805853478702 seconds
Epoch 16 Training Summary: epoch: 16.000000 | loss: 1.213147 | 
Epoch runtime: 0.0 hours, 0.0 minutes, 1.2322611808776855 seconds

Avg epoch train. time: 0.0 hours, 0.0 minutes, 1.398612916469574 seconds
Avg batch train. time: 0.0103600956775524 seconds
Avg sample train. time: 0.00129501195969405 seconds
Evaluating on validation set ...
Validation runtime: 0.0 hours, 0.0 minutes, 0.0409243106842041 seconds

Avg val. time: 0.0 hours, 0.0 minutes, 0.06749370098114013 seconds
Avg batch val. time: 0.004499580065409342 seconds
Avg sample val. time: 0.0005624475081761678 seconds
Epoch 16 Validation Summary: epoch: 16.000000 | loss: 1.812247 | accuracy: 0.258333 | precision: 0.272702 | 
Epoch 17 Training Summary: epoch: 17.000000 | loss: 1.212154 | 
Epoch runtime: 0.0 hours, 0.0 minutes, 1.245039463043213 seconds

Avg epoch train. time: 0.0 hours, 0.0 minutes, 1.3895791839150822 seconds
Avg batch train. time: 0.01029317914011172 seconds
Avg sample train. time: 0.001286647392513965 seconds
Epoch 18 Training Summary: epoch: 18.000000 | loss: 1.181554 | 
Epoch runtime: 0.0 hours, 0.0 minutes, 1.4276220798492432 seconds

Avg epoch train. time: 0.0 hours, 0.0 minutes, 1.3916926781336467 seconds
Avg batch train. time: 0.010308834652841827 seconds
Avg sample train. time: 0.0012886043316052284 seconds
Evaluating on validation set ...
Validation runtime: 0.0 hours, 0.0 minutes, 0.0501708984375 seconds

Avg val. time: 0.0 hours, 0.0 minutes, 0.06591890074990013 seconds
Avg batch val. time: 0.0043945933833266755 seconds
Avg sample val. time: 0.0005493241729158344 seconds
Epoch 18 Validation Summary: epoch: 18.000000 | loss: 1.755168 | accuracy: 0.358333 | precision: 0.353779 | 
Epoch 19 Training Summary: epoch: 19.000000 | loss: 1.172658 | 
Epoch runtime: 0.0 hours, 0.0 minutes, 1.420536994934082 seconds

Avg epoch train. time: 0.0 hours, 0.0 minutes, 1.3932108000705117 seconds
Avg batch train. time: 0.010320080000522308 seconds
Avg sample train. time: 0.0012900100000652886 seconds
Epoch 20 Training Summary: epoch: 20.000000 | loss: 1.146467 | 
Epoch runtime: 0.0 hours, 0.0 minutes, 1.504990577697754 seconds

Avg epoch train. time: 0.0 hours, 0.0 minutes, 1.3987997889518737 seconds
Avg batch train. time: 0.010361479918162027 seconds
Avg sample train. time: 0.0012951849897702534 seconds
Evaluating on validation set ...
Validation runtime: 0.0 hours, 0.0 minutes, 0.04795718193054199 seconds

Avg val. time: 0.0 hours, 0.0 minutes, 0.06442209084828694 seconds
Avg batch val. time: 0.004294806056552463 seconds
Avg sample val. time: 0.0005368507570690579 seconds
Epoch 20 Validation Summary: epoch: 20.000000 | loss: 1.837298 | accuracy: 0.250000 | precision: 0.275791 | 
Epoch 21 Training Summary: epoch: 21.000000 | loss: 1.136195 | 
Epoch runtime: 0.0 hours, 0.0 minutes, 1.4281458854675293 seconds

Avg epoch train. time: 0.0 hours, 0.0 minutes, 1.400197222119286 seconds
Avg batch train. time: 0.010371831274957674 seconds
Avg sample train. time: 0.0012964789093697093 seconds
Epoch 22 Training Summary: epoch: 22.000000 | loss: 1.063218 | 
Epoch runtime: 0.0 hours, 0.0 minutes, 1.4043619632720947 seconds

Avg epoch train. time: 0.0 hours, 0.0 minutes, 1.4003865285353227 seconds
Avg batch train. time: 0.010373233544706095 seconds
Avg sample train. time: 0.001296654193088262 seconds
Evaluating on validation set ...
Validation runtime: 0.0 hours, 0.0 minutes, 0.04929351806640625 seconds

Avg val. time: 0.0 hours, 0.0 minutes, 0.06325835448044997 seconds
Avg batch val. time: 0.004217223632029999 seconds
Avg sample val. time: 0.0005271529540037498 seconds
Epoch 22 Validation Summary: epoch: 22.000000 | loss: 1.861422 | accuracy: 0.283333 | precision: 0.295998 | 
Epoch 23 Training Summary: epoch: 23.000000 | loss: 1.101266 | 
Epoch runtime: 0.0 hours, 0.0 minutes, 1.393174409866333 seconds

Avg epoch train. time: 0.0 hours, 0.0 minutes, 1.4000729581584102 seconds
Avg batch train. time: 0.010370910801173408 seconds
Avg sample train. time: 0.001296363850146676 seconds
Epoch 24 Training Summary: epoch: 24.000000 | loss: 1.081312 | 
Epoch runtime: 0.0 hours, 0.0 minutes, 1.4598331451416016 seconds

Avg epoch train. time: 0.0 hours, 0.0 minutes, 1.4025629659493764 seconds
Avg batch train. time: 0.010389355303328714 seconds
Avg sample train. time: 0.0012986694129160893 seconds
Evaluating on validation set ...
Validation runtime: 0.0 hours, 0.0 minutes, 0.04570174217224121 seconds

Avg val. time: 0.0 hours, 0.0 minutes, 0.062004310744149346 seconds
Avg batch val. time: 0.004133620716276623 seconds
Avg sample val. time: 0.0005167025895345779 seconds
Epoch 24 Validation Summary: epoch: 24.000000 | loss: 2.047520 | accuracy: 0.266667 | precision: 0.265383 | 
Epoch 25 Training Summary: epoch: 25.000000 | loss: 1.049801 | 
Epoch runtime: 0.0 hours, 0.0 minutes, 1.409956455230713 seconds

Avg epoch train. time: 0.0 hours, 0.0 minutes, 1.4028587055206299 seconds
Avg batch train. time: 0.01039154596681948 seconds
Avg sample train. time: 0.001298943245852435 seconds
Epoch 26 Training Summary: epoch: 26.000000 | loss: 1.047463 | 
Epoch runtime: 0.0 hours, 0.0 minutes, 1.3962557315826416 seconds

Avg epoch train. time: 0.0 hours, 0.0 minutes, 1.4026047449845533 seconds
Avg batch train. time: 0.010389664777663359 seconds
Avg sample train. time: 0.0012987080972079199 seconds
Evaluating on validation set ...
Validation runtime: 0.0 hours, 0.0 minutes, 0.04744601249694824 seconds

Avg val. time: 0.0 hours, 0.0 minutes, 0.06103375752766927 seconds
Avg batch val. time: 0.004068917168511285 seconds
Avg sample val. time: 0.0005086146460639106 seconds
Epoch 26 Validation Summary: epoch: 26.000000 | loss: 2.094424 | accuracy: 0.241667 | precision: 0.256187 | 
Epoch 27 Training Summary: epoch: 27.000000 | loss: 0.995921 | 
Epoch runtime: 0.0 hours, 0.0 minutes, 1.3875436782836914 seconds

Avg epoch train. time: 0.0 hours, 0.0 minutes, 1.4020469276993364 seconds
Avg batch train. time: 0.010385532797772863 seconds
Avg sample train. time: 0.0012981915997216078 seconds
Epoch 28 Training Summary: epoch: 28.000000 | loss: 0.938508 | 
Epoch runtime: 0.0 hours, 0.0 minutes, 1.41664719581604 seconds

Avg epoch train. time: 0.0 hours, 0.0 minutes, 1.4025683658463615 seconds
Avg batch train. time: 0.01038939530256564 seconds
Avg sample train. time: 0.001298674412820705 seconds
Evaluating on validation set ...
Validation runtime: 0.0 hours, 0.0 minutes, 0.05475783348083496 seconds

Avg val. time: 0.0 hours, 0.0 minutes, 0.060641512274742126 seconds
Avg batch val. time: 0.004042767484982808 seconds
Avg sample val. time: 0.000505345935622851 seconds
Epoch 28 Validation Summary: epoch: 28.000000 | loss: 2.220835 | accuracy: 0.300000 | precision: 0.329020 | 
Epoch 29 Training Summary: epoch: 29.000000 | loss: 1.014426 | 
Epoch runtime: 0.0 hours, 0.0 minutes, 1.4276809692382812 seconds

Avg epoch train. time: 0.0 hours, 0.0 minutes, 1.4034343176874622 seconds
Avg batch train. time: 0.010395809760647868 seconds
Avg sample train. time: 0.0012994762200809835 seconds
Epoch 30 Training Summary: epoch: 30.000000 | loss: 0.947126 | 
Epoch runtime: 0.0 hours, 0.0 minutes, 1.4815280437469482 seconds

Avg epoch train. time: 0.0 hours, 0.0 minutes, 1.406037441889445 seconds
Avg batch train. time: 0.010415092162144037 seconds
Avg sample train. time: 0.0013018865202680046 seconds
Evaluating on validation set ...
Validation runtime: 0.0 hours, 0.0 minutes, 0.04779815673828125 seconds

Avg val. time: 0.0 hours, 0.0 minutes, 0.059886020772597366 seconds
Avg batch val. time: 0.0039924013848398245 seconds
Avg sample val. time: 0.0004990501731049781 seconds
Epoch 30 Validation Summary: epoch: 30.000000 | loss: 2.062899 | accuracy: 0.300000 | precision: 0.312038 | 
Epoch 31 Training Summary: epoch: 31.000000 | loss: 0.899878 | 
Epoch runtime: 0.0 hours, 0.0 minutes, 1.7083194255828857 seconds

Avg epoch train. time: 0.0 hours, 0.0 minutes, 1.4157884736214914 seconds
Avg batch train. time: 0.010487322026825863 seconds
Avg sample train. time: 0.0013109152533532329 seconds
Epoch 32 Training Summary: epoch: 32.000000 | loss: 0.914354 | 
Epoch runtime: 0.0 hours, 0.0 minutes, 1.4339919090270996 seconds

Avg epoch train. time: 0.0 hours, 0.0 minutes, 1.4163573309779167 seconds
Avg batch train. time: 0.010491535785021605 seconds
Avg sample train. time: 0.0013114419731277006 seconds
Evaluating on validation set ...
Validation runtime: 0.0 hours, 0.0 minutes, 0.04902935028076172 seconds

Avg val. time: 0.0 hours, 0.0 minutes, 0.05928287241193983 seconds
Avg batch val. time: 0.003952191494129322 seconds
Avg sample val. time: 0.0004940239367661653 seconds
Epoch 32 Validation Summary: epoch: 32.000000 | loss: 2.130360 | accuracy: 0.241667 | precision: 0.297688 | 
Epoch 33 Training Summary: epoch: 33.000000 | loss: 0.929560 | 
Epoch runtime: 0.0 hours, 0.0 minutes, 1.4508159160614014 seconds

Avg epoch train. time: 0.0 hours, 0.0 minutes, 1.4174015305259011 seconds
Avg batch train. time: 0.010499270596488157 seconds
Avg sample train. time: 0.0013124088245610197 seconds
Epoch 34 Training Summary: epoch: 34.000000 | loss: 0.842646 | 
Epoch runtime: 0.0 hours, 0.0 minutes, 1.4254605770111084 seconds

Avg epoch train. time: 0.0 hours, 0.0 minutes, 1.4176385613048779 seconds
Avg batch train. time: 0.010501026380036133 seconds
Avg sample train. time: 0.0013126282975045166 seconds
Evaluating on validation set ...
Validation runtime: 0.0 hours, 0.0 minutes, 0.04764127731323242 seconds

Avg val. time: 0.0 hours, 0.0 minutes, 0.05867015688042892 seconds
Avg batch val. time: 0.003911343792028595 seconds
Avg sample val. time: 0.0004889179740035744 seconds
Epoch 34 Validation Summary: epoch: 34.000000 | loss: 2.072464 | accuracy: 0.291667 | precision: 0.295527 | 
Epoch 35 Training Summary: epoch: 35.000000 | loss: 0.876414 | 
Epoch runtime: 0.0 hours, 0.0 minutes, 1.4077458381652832 seconds

Avg epoch train. time: 0.0 hours, 0.0 minutes, 1.417355912072318 seconds
Avg batch train. time: 0.010498932682017171 seconds
Avg sample train. time: 0.0013123665852521464 seconds
Epoch 36 Training Summary: epoch: 36.000000 | loss: 0.842589 | 
Epoch runtime: 0.0 hours, 0.0 minutes, 1.3674225807189941 seconds

Avg epoch train. time: 0.0 hours, 0.0 minutes, 1.4159688750902812 seconds
Avg batch train. time: 0.010488658334002083 seconds
Avg sample train. time: 0.0013110822917502603 seconds
Evaluating on validation set ...
Validation runtime: 0.0 hours, 0.0 minutes, 0.043865203857421875 seconds

Avg val. time: 0.0 hours, 0.0 minutes, 0.05792990922927856 seconds
Avg batch val. time: 0.003861993948618571 seconds
Avg sample val. time: 0.0004827492435773214 seconds
Epoch 36 Validation Summary: epoch: 36.000000 | loss: 2.206153 | accuracy: 0.291667 | precision: 0.332386 | 
Epoch 37 Training Summary: epoch: 37.000000 | loss: 0.835129 | 
Epoch runtime: 0.0 hours, 0.0 minutes, 1.3524296283721924 seconds

Avg epoch train. time: 0.0 hours, 0.0 minutes, 1.4142515981519543 seconds
Avg batch train. time: 0.01047593776408855 seconds
Avg sample train. time: 0.0013094922205110688 seconds
Epoch 38 Training Summary: epoch: 38.000000 | loss: 0.803794 | 
Epoch runtime: 0.0 hours, 0.0 minutes, 1.4039263725280762 seconds

Avg epoch train. time: 0.0 hours, 0.0 minutes, 1.4139798816881681 seconds
Avg batch train. time: 0.010473925049541985 seconds
Avg sample train. time: 0.0013092406311927482 seconds
Evaluating on validation set ...
Validation runtime: 0.0 hours, 0.0 minutes, 0.047631025314331055 seconds

Avg val. time: 0.0 hours, 0.0 minutes, 0.05743948618570963 seconds
Avg batch val. time: 0.003829299079047309 seconds
Avg sample val. time: 0.00047866238488091363 seconds
Epoch 38 Validation Summary: epoch: 38.000000 | loss: 2.375315 | accuracy: 0.233333 | precision: 0.258561 | 
Epoch 39 Training Summary: epoch: 39.000000 | loss: 0.821750 | 
Epoch runtime: 0.0 hours, 0.0 minutes, 1.3745439052581787 seconds

Avg epoch train. time: 0.0 hours, 0.0 minutes, 1.412968702805348 seconds
Avg batch train. time: 0.01046643483559517 seconds
Avg sample train. time: 0.0013083043544493962 seconds
Epoch 40 Training Summary: epoch: 40.000000 | loss: 0.787325 | 
Epoch runtime: 0.0 hours, 0.0 minutes, 1.3941929340362549 seconds

Avg epoch train. time: 0.0 hours, 0.0 minutes, 1.4124993085861206 seconds
Avg batch train. time: 0.010462957841378672 seconds
Avg sample train. time: 0.001307869730172334 seconds
Evaluating on validation set ...
Validation runtime: 0.0 hours, 0.0 minutes, 0.05050849914550781 seconds

Avg val. time: 0.0 hours, 0.0 minutes, 0.05712444132024592 seconds
Avg batch val. time: 0.0038082960880163946 seconds
Avg sample val. time: 0.0004760370110020493 seconds
Epoch 40 Validation Summary: epoch: 40.000000 | loss: 2.637789 | accuracy: 0.266667 | precision: 0.268312 | 
Best accuracy was 0.35833333333333334. Other metrics: OrderedDict([('epoch', 18), ('loss', 1.755168080329895), ('accuracy', 0.35833333333333334), ('precision', 0.3537790182527025)])
All Done!
Total runtime: 0.0 hours, 1.0 minutes, 9.199294567108154 seconds

