Running:
src/main_5q.py --output_dir experiments --comment classification from Scratch --name VRS_fromScratch --records_file VRS_records.xls --data_dir /mnt/d/OneDrive - Southern Methodist University/Phone_Privacy/input_feature/combine_opticalflow_all_feat_downsample_480p_s22 --data_class vrs --val_ratio 0.1 --epochs 40 --lr 0.001 --dropout 0.2 --batch_size 8 --num_layers 3 --num_heads 4 --optimizer RAdam --pos_encoding learnable --task classification --normalization none --key_metric accuracy

Using device: cuda
Loading and preprocessing data ...
67 samples may be used for training
8 samples will be used for validation
0 samples will be used for testing
Creating model ...
Model:
TSTransformerEncoderClassiregressor(
  (project_inp): Linear(in_features=47, out_features=64, bias=True)
  (pos_enc): LearnablePositionalEncoding(
    (dropout): Dropout(p=0.2, inplace=False)
  )
  (transformer_encoder): TransformerEncoder(
    (layers): ModuleList(
      (0-2): 3 x TransformerBatchNormEncoderLayer(
        (self_attn): MultiheadAttention(
          (out_proj): NonDynamicallyQuantizableLinear(in_features=64, out_features=64, bias=True)
        )
        (linear1): Linear(in_features=64, out_features=256, bias=True)
        (dropout): Dropout(p=0.2, inplace=False)
        (linear2): Linear(in_features=256, out_features=64, bias=True)
        (norm1): BatchNorm1d(64, eps=1e-05, momentum=0.1, affine=True, track_running_stats=True)
        (norm2): BatchNorm1d(64, eps=1e-05, momentum=0.1, affine=True, track_running_stats=True)
        (dropout1): Dropout(p=0.2, inplace=False)
        (dropout2): Dropout(p=0.2, inplace=False)
      )
    )
  )
  (dropout1): Dropout(p=0.2, inplace=False)
  (output_layer): Linear(in_features=5120, out_features=5, bias=True)
)
Total number of parameters: 183749
Trainable parameters: 183749
Evaluating on validation set ...
Validation runtime: 0.0 hours, 0.0 minutes, 0.2565908432006836 seconds

Avg val. time: 0.0 hours, 0.0 minutes, 0.2565908432006836 seconds
Avg batch val. time: 0.2565908432006836 seconds
Avg sample val. time: 0.03207385540008545 seconds
Epoch 0 Validation Summary: epoch: 0.000000 | loss: 5.260071 | accuracy: 0.125000 | precision: 0.033333 | 
Starting training...
Epoch 1 Training Summary: epoch: 1.000000 | loss: 1.717773 | 
Epoch runtime: 0.0 hours, 0.0 minutes, 0.28580784797668457 seconds

Avg epoch train. time: 0.0 hours, 0.0 minutes, 0.28580784797668457 seconds
Avg batch train. time: 0.031756427552964955 seconds
Avg sample train. time: 0.004265788775771412 seconds
Evaluating on validation set ...
Validation runtime: 0.0 hours, 0.0 minutes, 0.009659528732299805 seconds

Avg val. time: 0.0 hours, 0.0 minutes, 0.1331251859664917 seconds
Avg batch val. time: 0.1331251859664917 seconds
Avg sample val. time: 0.016640648245811462 seconds
Epoch 1 Validation Summary: epoch: 1.000000 | loss: 1.720448 | accuracy: 0.250000 | precision: 0.240000 | 
Epoch 2 Training Summary: epoch: 2.000000 | loss: 1.709650 | 
Epoch runtime: 0.0 hours, 0.0 minutes, 0.12814760208129883 seconds

Avg epoch train. time: 0.0 hours, 0.0 minutes, 0.2069777250289917 seconds
Avg batch train. time: 0.0229975250032213 seconds
Avg sample train. time: 0.003089219776552115 seconds
Evaluating on validation set ...
Validation runtime: 0.0 hours, 0.0 minutes, 0.008626699447631836 seconds

Avg val. time: 0.0 hours, 0.0 minutes, 0.09162569046020508 seconds
Avg batch val. time: 0.09162569046020508 seconds
Avg sample val. time: 0.011453211307525635 seconds
Epoch 2 Validation Summary: epoch: 2.000000 | loss: 1.653002 | accuracy: 0.125000 | precision: 0.111111 | 
Epoch 3 Training Summary: epoch: 3.000000 | loss: 1.617600 | 
Epoch runtime: 0.0 hours, 0.0 minutes, 0.12055611610412598 seconds

Avg epoch train. time: 0.0 hours, 0.0 minutes, 0.17817052205403647 seconds
Avg batch train. time: 0.01979672467267072 seconds
Avg sample train. time: 0.002659261523194574 seconds
Epoch 4 Training Summary: epoch: 4.000000 | loss: 1.493153 | 
Epoch runtime: 0.0 hours, 0.0 minutes, 0.1180880069732666 seconds

Avg epoch train. time: 0.0 hours, 0.0 minutes, 0.163149893283844 seconds
Avg batch train. time: 0.01812776592042711 seconds
Avg sample train. time: 0.0024350730340872238 seconds
Evaluating on validation set ...
Validation runtime: 0.0 hours, 0.0 minutes, 0.01196146011352539 seconds

Avg val. time: 0.0 hours, 0.0 minutes, 0.07170963287353516 seconds
Avg batch val. time: 0.07170963287353516 seconds
Avg sample val. time: 0.008963704109191895 seconds
Epoch 4 Validation Summary: epoch: 4.000000 | loss: 1.824569 | accuracy: 0.125000 | precision: 0.100000 | 
Epoch 5 Training Summary: epoch: 5.000000 | loss: 1.554076 | 
Epoch runtime: 0.0 hours, 0.0 minutes, 0.13545918464660645 seconds

Avg epoch train. time: 0.0 hours, 0.0 minutes, 0.15761175155639648 seconds
Avg batch train. time: 0.017512416839599608 seconds
Avg sample train. time: 0.002352414202334276 seconds
Epoch 6 Training Summary: epoch: 6.000000 | loss: 1.421109 | 
Epoch runtime: 0.0 hours, 0.0 minutes, 0.10175538063049316 seconds

Avg epoch train. time: 0.0 hours, 0.0 minutes, 0.14830235640207926 seconds
Avg batch train. time: 0.016478039600231028 seconds
Avg sample train. time: 0.0022134680060011827 seconds
Evaluating on validation set ...
Validation runtime: 0.0 hours, 0.0 minutes, 0.014677286148071289 seconds

Avg val. time: 0.0 hours, 0.0 minutes, 0.06030316352844238 seconds
Avg batch val. time: 0.06030316352844238 seconds
Avg sample val. time: 0.0075378954410552975 seconds
Epoch 6 Validation Summary: epoch: 6.000000 | loss: 1.738555 | accuracy: 0.125000 | precision: 0.066667 | 
Epoch 7 Training Summary: epoch: 7.000000 | loss: 1.423477 | 
Epoch runtime: 0.0 hours, 0.0 minutes, 0.11696934700012207 seconds

Avg epoch train. time: 0.0 hours, 0.0 minutes, 0.14382621220179967 seconds
Avg batch train. time: 0.015980690244644408 seconds
Avg sample train. time: 0.0021466598836089503 seconds
Epoch 8 Training Summary: epoch: 8.000000 | loss: 1.355363 | 
Epoch runtime: 0.0 hours, 0.0 minutes, 0.10634350776672363 seconds

Avg epoch train. time: 0.0 hours, 0.0 minutes, 0.13914087414741516 seconds
Avg batch train. time: 0.015460097127490573 seconds
Avg sample train. time: 0.0020767294648867934 seconds
Evaluating on validation set ...
Validation runtime: 0.0 hours, 0.0 minutes, 0.008310079574584961 seconds

Avg val. time: 0.0 hours, 0.0 minutes, 0.05163764953613281 seconds
Avg batch val. time: 0.05163764953613281 seconds
Avg sample val. time: 0.0064547061920166016 seconds
Epoch 8 Validation Summary: epoch: 8.000000 | loss: 1.706537 | accuracy: 0.375000 | precision: 0.428571 | 
Epoch 9 Training Summary: epoch: 9.000000 | loss: 1.350946 | 
Epoch runtime: 0.0 hours, 0.0 minutes, 0.12104034423828125 seconds

Avg epoch train. time: 0.0 hours, 0.0 minutes, 0.13712970415751138 seconds
Avg batch train. time: 0.015236633795279043 seconds
Avg sample train. time: 0.0020467120023509163 seconds
Epoch 10 Training Summary: epoch: 10.000000 | loss: 1.319935 | 
Epoch runtime: 0.0 hours, 0.0 minutes, 0.10314083099365234 seconds

Avg epoch train. time: 0.0 hours, 0.0 minutes, 0.13373081684112548 seconds
Avg batch train. time: 0.014858979649013941 seconds
Avg sample train. time: 0.0019959823409123204 seconds
Evaluating on validation set ...
Validation runtime: 0.0 hours, 0.0 minutes, 0.007482767105102539 seconds

Avg val. time: 0.0 hours, 0.0 minutes, 0.04532980918884277 seconds
Avg batch val. time: 0.04532980918884277 seconds
Avg sample val. time: 0.005666226148605347 seconds
Epoch 10 Validation Summary: epoch: 10.000000 | loss: 1.678206 | accuracy: 0.250000 | precision: 0.190476 | 
Epoch 11 Training Summary: epoch: 11.000000 | loss: 1.165117 | 
Epoch runtime: 0.0 hours, 0.0 minutes, 0.12190866470336914 seconds

Avg epoch train. time: 0.0 hours, 0.0 minutes, 0.13265607573769309 seconds
Avg batch train. time: 0.014739563970854788 seconds
Avg sample train. time: 0.0019799414289207924 seconds
Epoch 12 Training Summary: epoch: 12.000000 | loss: 1.193793 | 
Epoch runtime: 0.0 hours, 0.0 minutes, 0.10639452934265137 seconds

Avg epoch train. time: 0.0 hours, 0.0 minutes, 0.1304676135381063 seconds
Avg batch train. time: 0.014496401504234032 seconds
Avg sample train. time: 0.0019472778140015865 seconds
Evaluating on validation set ...
Validation runtime: 0.0 hours, 0.0 minutes, 0.008344888687133789 seconds

Avg val. time: 0.0 hours, 0.0 minutes, 0.04070669412612915 seconds
Avg batch val. time: 0.04070669412612915 seconds
Avg sample val. time: 0.005088336765766144 seconds
Epoch 12 Validation Summary: epoch: 12.000000 | loss: 1.724309 | accuracy: 0.375000 | precision: 0.428571 | 
Epoch 13 Training Summary: epoch: 13.000000 | loss: 1.147836 | 
Epoch runtime: 0.0 hours, 0.0 minutes, 0.10106849670410156 seconds

Avg epoch train. time: 0.0 hours, 0.0 minutes, 0.12820614301241362 seconds
Avg batch train. time: 0.01424512700137929 seconds
Avg sample train. time: 0.0019135245225733377 seconds
Epoch 14 Training Summary: epoch: 14.000000 | loss: 1.091175 | 
Epoch runtime: 0.0 hours, 0.0 minutes, 0.10394620895385742 seconds

Avg epoch train. time: 0.0 hours, 0.0 minutes, 0.1264732905796596 seconds
Avg batch train. time: 0.014052587842184399 seconds
Avg sample train. time: 0.001887661053427755 seconds
Evaluating on validation set ...
Validation runtime: 0.0 hours, 0.0 minutes, 0.007730007171630859 seconds

Avg val. time: 0.0 hours, 0.0 minutes, 0.03704261779785156 seconds
Avg batch val. time: 0.03704261779785156 seconds
Avg sample val. time: 0.004630327224731445 seconds
Epoch 14 Validation Summary: epoch: 14.000000 | loss: 1.886990 | accuracy: 0.250000 | precision: 0.214286 | 
Epoch 15 Training Summary: epoch: 15.000000 | loss: 0.993273 | 
Epoch runtime: 0.0 hours, 0.0 minutes, 0.10622000694274902 seconds

Avg epoch train. time: 0.0 hours, 0.0 minutes, 0.12512307167053222 seconds
Avg batch train. time: 0.013902563518948023 seconds
Avg sample train. time: 0.0018675085323960033 seconds
Epoch 16 Training Summary: epoch: 16.000000 | loss: 0.957929 | 
Epoch runtime: 0.0 hours, 0.0 minutes, 0.10059022903442383 seconds

Avg epoch train. time: 0.0 hours, 0.0 minutes, 0.12358976900577545 seconds
Avg batch train. time: 0.013732196556197273 seconds
Avg sample train. time: 0.0018446234179966485 seconds
Evaluating on validation set ...
Validation runtime: 0.0 hours, 0.0 minutes, 0.011251449584960938 seconds

Avg val. time: 0.0 hours, 0.0 minutes, 0.0344635009765625 seconds
Avg batch val. time: 0.0344635009765625 seconds
Avg sample val. time: 0.004307937622070312 seconds
Epoch 16 Validation Summary: epoch: 16.000000 | loss: 1.903193 | accuracy: 0.250000 | precision: 0.233333 | 
Epoch 17 Training Summary: epoch: 17.000000 | loss: 0.945234 | 
Epoch runtime: 0.0 hours, 0.0 minutes, 0.11243057250976562 seconds

Avg epoch train. time: 0.0 hours, 0.0 minutes, 0.12293334568248075 seconds
Avg batch train. time: 0.01365926063138675 seconds
Avg sample train. time: 0.0018348260549623993 seconds
Epoch 18 Training Summary: epoch: 18.000000 | loss: 0.772057 | 
Epoch runtime: 0.0 hours, 0.0 minutes, 0.10423827171325684 seconds

Avg epoch train. time: 0.0 hours, 0.0 minutes, 0.12189473046196832 seconds
Avg batch train. time: 0.013543858940218702 seconds
Avg sample train. time: 0.0018193243352532585 seconds
Evaluating on validation set ...
Validation runtime: 0.0 hours, 0.0 minutes, 0.007832527160644531 seconds

Avg val. time: 0.0 hours, 0.0 minutes, 0.032042503356933594 seconds
Avg batch val. time: 0.032042503356933594 seconds
Avg sample val. time: 0.004005312919616699 seconds
Epoch 18 Validation Summary: epoch: 18.000000 | loss: 2.019237 | accuracy: 0.125000 | precision: 0.083333 | 
Epoch 19 Training Summary: epoch: 19.000000 | loss: 0.782911 | 
Epoch runtime: 0.0 hours, 0.0 minutes, 0.1310408115386963 seconds

Avg epoch train. time: 0.0 hours, 0.0 minutes, 0.12237610315021716 seconds
Avg batch train. time: 0.013597344794468573 seconds
Avg sample train. time: 0.001826509002242047 seconds
Epoch 20 Training Summary: epoch: 20.000000 | loss: 0.775061 | 
Epoch runtime: 0.0 hours, 0.0 minutes, 0.10211992263793945 seconds

Avg epoch train. time: 0.0 hours, 0.0 minutes, 0.12136329412460327 seconds
Avg batch train. time: 0.013484810458289252 seconds
Avg sample train. time: 0.0018113924496209442 seconds
Evaluating on validation set ...
Validation runtime: 0.0 hours, 0.0 minutes, 0.007745981216430664 seconds

Avg val. time: 0.0 hours, 0.0 minutes, 0.03001779317855835 seconds
Avg batch val. time: 0.03001779317855835 seconds
Avg sample val. time: 0.0037522241473197937 seconds
Epoch 20 Validation Summary: epoch: 20.000000 | loss: 2.159282 | accuracy: 0.125000 | precision: 0.100000 | 
Epoch 21 Training Summary: epoch: 21.000000 | loss: 0.666792 | 
Epoch runtime: 0.0 hours, 0.0 minutes, 0.11495733261108398 seconds

Avg epoch train. time: 0.0 hours, 0.0 minutes, 0.12105824833824522 seconds
Avg batch train. time: 0.013450916482027247 seconds
Avg sample train. time: 0.0018068395274364957 seconds
Epoch 22 Training Summary: epoch: 22.000000 | loss: 0.563464 | 
Epoch runtime: 0.0 hours, 0.0 minutes, 0.10520195960998535 seconds

Avg epoch train. time: 0.0 hours, 0.0 minutes, 0.12033750794150612 seconds
Avg batch train. time: 0.013370834215722903 seconds
Avg sample train. time: 0.0017960822080821809 seconds
Evaluating on validation set ...
Validation runtime: 0.0 hours, 0.0 minutes, 0.007730245590209961 seconds

Avg val. time: 0.0 hours, 0.0 minutes, 0.02830336644099309 seconds
Avg batch val. time: 0.02830336644099309 seconds
Avg sample val. time: 0.003537920805124136 seconds
Epoch 22 Validation Summary: epoch: 22.000000 | loss: 2.143460 | accuracy: 0.000000 | precision: 0.000000 | 
Epoch 23 Training Summary: epoch: 23.000000 | loss: 0.672192 | 
Epoch runtime: 0.0 hours, 0.0 minutes, 0.11619186401367188 seconds

Avg epoch train. time: 0.0 hours, 0.0 minutes, 0.12015726255333942 seconds
Avg batch train. time: 0.013350806950371046 seconds
Avg sample train. time: 0.001793391978408051 seconds
Epoch 24 Training Summary: epoch: 24.000000 | loss: 0.536504 | 
Epoch runtime: 0.0 hours, 0.0 minutes, 0.11482548713684082 seconds

Avg epoch train. time: 0.0 hours, 0.0 minutes, 0.11993510524431865 seconds
Avg batch train. time: 0.013326122804924295 seconds
Avg sample train. time: 0.0017900761976763976 seconds
Evaluating on validation set ...
Validation runtime: 0.0 hours, 0.0 minutes, 0.00779414176940918 seconds

Avg val. time: 0.0 hours, 0.0 minutes, 0.02683842182159424 seconds
Avg batch val. time: 0.02683842182159424 seconds
Avg sample val. time: 0.00335480272769928 seconds
Epoch 24 Validation Summary: epoch: 24.000000 | loss: 2.381488 | accuracy: 0.000000 | precision: 0.000000 | 
Epoch 25 Training Summary: epoch: 25.000000 | loss: 0.507702 | 
Epoch runtime: 0.0 hours, 0.0 minutes, 0.1227571964263916 seconds

Avg epoch train. time: 0.0 hours, 0.0 minutes, 0.12004798889160156 seconds
Avg batch train. time: 0.013338665432400174 seconds
Avg sample train. time: 0.0017917610282328592 seconds
Epoch 26 Training Summary: epoch: 26.000000 | loss: 0.448978 | 
Epoch runtime: 0.0 hours, 0.0 minutes, 0.10818791389465332 seconds

Avg epoch train. time: 0.0 hours, 0.0 minutes, 0.11959183216094971 seconds
Avg batch train. time: 0.013287981351216635 seconds
Avg sample train. time: 0.001784952718820145 seconds
Evaluating on validation set ...
Validation runtime: 0.0 hours, 0.0 minutes, 0.008470535278320312 seconds

Avg val. time: 0.0 hours, 0.0 minutes, 0.02561389605204264 seconds
Avg batch val. time: 0.02561389605204264 seconds
Avg sample val. time: 0.00320173700650533 seconds
Epoch 26 Validation Summary: epoch: 26.000000 | loss: 2.280505 | accuracy: 0.250000 | precision: 0.190476 | 
Epoch 27 Training Summary: epoch: 27.000000 | loss: 0.343523 | 
Epoch runtime: 0.0 hours, 0.0 minutes, 0.10033583641052246 seconds

Avg epoch train. time: 0.0 hours, 0.0 minutes, 0.1188786471331561 seconds
Avg batch train. time: 0.013208738570350678 seconds
Avg sample train. time: 0.001774308166166509 seconds
Epoch 28 Training Summary: epoch: 28.000000 | loss: 0.396590 | 
Epoch runtime: 0.0 hours, 0.0 minutes, 0.10232782363891602 seconds

Avg epoch train. time: 0.0 hours, 0.0 minutes, 0.1182875462940761 seconds
Avg batch train. time: 0.01314306069934179 seconds
Avg sample train. time: 0.0017654857655832255 seconds
Evaluating on validation set ...
Validation runtime: 0.0 hours, 0.0 minutes, 0.008060216903686523 seconds

Avg val. time: 0.0 hours, 0.0 minutes, 0.024516791105270386 seconds
Avg batch val. time: 0.024516791105270386 seconds
Avg sample val. time: 0.0030645988881587982 seconds
Epoch 28 Validation Summary: epoch: 28.000000 | loss: 3.135071 | accuracy: 0.250000 | precision: 0.214286 | 
Epoch 29 Training Summary: epoch: 29.000000 | loss: 0.329759 | 
Epoch runtime: 0.0 hours, 0.0 minutes, 0.10917830467224121 seconds

Avg epoch train. time: 0.0 hours, 0.0 minutes, 0.11797343451401283 seconds
Avg batch train. time: 0.013108159390445871 seconds
Avg sample train. time: 0.001760797530059893 seconds
Epoch 30 Training Summary: epoch: 30.000000 | loss: 0.321656 | 
Epoch runtime: 0.0 hours, 0.0 minutes, 0.10590672492980957 seconds

Avg epoch train. time: 0.0 hours, 0.0 minutes, 0.11757121086120606 seconds
Avg batch train. time: 0.01306346787346734 seconds
Avg sample train. time: 0.0017547941919582994 seconds
Evaluating on validation set ...
Validation runtime: 0.0 hours, 0.0 minutes, 0.007447242736816406 seconds

Avg val. time: 0.0 hours, 0.0 minutes, 0.023512700024773094 seconds
Avg batch val. time: 0.023512700024773094 seconds
Avg sample val. time: 0.0029390875030966368 seconds
Epoch 30 Validation Summary: epoch: 30.000000 | loss: 4.098543 | accuracy: 0.125000 | precision: 0.071429 | 
Epoch 31 Training Summary: epoch: 31.000000 | loss: 0.254314 | 
Epoch runtime: 0.0 hours, 0.0 minutes, 0.10634589195251465 seconds

Avg epoch train. time: 0.0 hours, 0.0 minutes, 0.11720910379963537 seconds
Avg batch train. time: 0.013023233755515042 seconds
Avg sample train. time: 0.0017493896089497815 seconds
Epoch 32 Training Summary: epoch: 32.000000 | loss: 0.278737 | 
Epoch runtime: 0.0 hours, 0.0 minutes, 0.10988473892211914 seconds

Avg epoch train. time: 0.0 hours, 0.0 minutes, 0.11698021739721298 seconds
Avg batch train. time: 0.012997801933023665 seconds
Avg sample train. time: 0.0017459733939882535 seconds
Evaluating on validation set ...
Validation runtime: 0.0 hours, 0.0 minutes, 0.0073490142822265625 seconds

Avg val. time: 0.0 hours, 0.0 minutes, 0.022614717483520508 seconds
Avg batch val. time: 0.022614717483520508 seconds
Avg sample val. time: 0.0028268396854400635 seconds
Epoch 32 Validation Summary: epoch: 32.000000 | loss: 3.591078 | accuracy: 0.250000 | precision: 0.250000 | 
Epoch 33 Training Summary: epoch: 33.000000 | loss: 0.264219 | 
Epoch runtime: 0.0 hours, 0.0 minutes, 0.10313916206359863 seconds

Avg epoch train. time: 0.0 hours, 0.0 minutes, 0.11656079147801254 seconds
Avg batch train. time: 0.012951199053112504 seconds
Avg sample train. time: 0.0017397133056419782 seconds
Epoch 34 Training Summary: epoch: 34.000000 | loss: 0.271756 | 
Epoch runtime: 0.0 hours, 0.0 minutes, 0.11882734298706055 seconds

Avg epoch train. time: 0.0 hours, 0.0 minutes, 0.11662745475769043 seconds
Avg batch train. time: 0.012958606084187826 seconds
Avg sample train. time: 0.0017407082799655287 seconds
Evaluating on validation set ...
Validation runtime: 0.0 hours, 0.0 minutes, 0.008852481842041016 seconds

Avg val. time: 0.0 hours, 0.0 minutes, 0.021890389291863693 seconds
Avg batch val. time: 0.021890389291863693 seconds
Avg sample val. time: 0.0027362986614829616 seconds
Epoch 34 Validation Summary: epoch: 34.000000 | loss: 4.652318 | accuracy: 0.125000 | precision: 0.095238 | 
Epoch 35 Training Summary: epoch: 35.000000 | loss: 0.174841 | 
Epoch runtime: 0.0 hours, 0.0 minutes, 0.14554381370544434 seconds

Avg epoch train. time: 0.0 hours, 0.0 minutes, 0.11745363644191197 seconds
Avg batch train. time: 0.013050404049101329 seconds
Avg sample train. time: 0.0017530393498792832 seconds
Epoch 36 Training Summary: epoch: 36.000000 | loss: 0.249130 | 
Epoch runtime: 0.0 hours, 0.0 minutes, 0.12688612937927246 seconds

Avg epoch train. time: 0.0 hours, 0.0 minutes, 0.11771565013461643 seconds
Avg batch train. time: 0.013079516681624048 seconds
Avg sample train. time: 0.0017569500020092005 seconds
Evaluating on validation set ...
Validation runtime: 0.0 hours, 0.0 minutes, 0.008011102676391602 seconds

Avg val. time: 0.0 hours, 0.0 minutes, 0.021196424961090088 seconds
Avg batch val. time: 0.021196424961090088 seconds
Avg sample val. time: 0.002649553120136261 seconds
Epoch 36 Validation Summary: epoch: 36.000000 | loss: 5.116038 | accuracy: 0.125000 | precision: 0.071429 | 
Epoch 37 Training Summary: epoch: 37.000000 | loss: 0.169967 | 
Epoch runtime: 0.0 hours, 0.0 minutes, 0.11635136604309082 seconds

Avg epoch train. time: 0.0 hours, 0.0 minutes, 0.11767877759160222 seconds
Avg batch train. time: 0.013075419732400248 seconds
Avg sample train. time: 0.001756399665546302 seconds
Epoch 38 Training Summary: epoch: 38.000000 | loss: 0.197479 | 
Epoch runtime: 0.0 hours, 0.0 minutes, 0.09822630882263184 seconds

Avg epoch train. time: 0.0 hours, 0.0 minutes, 0.11716687051873458 seconds
Avg batch train. time: 0.013018541168748286 seconds
Avg sample train. time: 0.0017487592614736504 seconds
Evaluating on validation set ...
Validation runtime: 0.0 hours, 0.0 minutes, 0.0069255828857421875 seconds

Avg val. time: 0.0 hours, 0.0 minutes, 0.020516861052740188 seconds
Avg batch val. time: 0.020516861052740188 seconds
Avg sample val. time: 0.0025646076315925235 seconds
Epoch 38 Validation Summary: epoch: 38.000000 | loss: 4.892070 | accuracy: 0.000000 | precision: 0.000000 | 
Epoch 39 Training Summary: epoch: 39.000000 | loss: 0.139435 | 
Epoch runtime: 0.0 hours, 0.0 minutes, 0.10368156433105469 seconds

Avg epoch train. time: 0.0 hours, 0.0 minutes, 0.1168210934369992 seconds
Avg batch train. time: 0.01298012149299991 seconds
Avg sample train. time: 0.0017435984095074508 seconds
Epoch 40 Training Summary: epoch: 40.000000 | loss: 0.206296 | 
Epoch runtime: 0.0 hours, 0.0 minutes, 0.10953879356384277 seconds

Avg epoch train. time: 0.0 hours, 0.0 minutes, 0.11663903594017029 seconds
Avg batch train. time: 0.012959892882241144 seconds
Avg sample train. time: 0.0017408811334353774 seconds
Evaluating on validation set ...
Validation runtime: 0.0 hours, 0.0 minutes, 0.00928640365600586 seconds

Avg val. time: 0.0 hours, 0.0 minutes, 0.02000638571652499 seconds
Avg batch val. time: 0.02000638571652499 seconds
Avg sample val. time: 0.0025007982145656238 seconds
Epoch 40 Validation Summary: epoch: 40.000000 | loss: 4.842082 | accuracy: 0.000000 | precision: 0.000000 | 
Best accuracy was 0.375. Other metrics: OrderedDict([('epoch', 8), ('loss', 1.7065374851226807), ('accuracy', 0.375), ('precision', 0.4285714285714285)])
All Done!
Total runtime: 0.0 hours, 0.0 minutes, 8.557554006576538 seconds

