Running:
src/main_crosssetting.py --output_dir experiments --target_user Zeyu --user_othersetting ZeyuZoom --comment classification from Scratch --name VRS_fromScratch --records_file VRS_records.xls --data_dir /mnt/d/OneDrive - Southern Methodist University/Phone_Privacy/input_feature/opticalflow_22_downsample_480p_s22 --test_data_dir /mnt/d/OneDrive - Southern Methodist University/Phone_Privacy/input_feature/opticalflow_22_downsample_480p_s22 --data_class vrs --val_ratio 0.1 --epochs 40 --lr 0.001 --dropout 0.2 --batch_size 8 --num_layers 3 --num_heads 4 --optimizer RAdam --pos_encoding learnable --task classification --normalization none --key_metric accuracy

Using device: cuda
Loading and preprocessing data ...
1080 samples may be used for training
120 samples will be used for validation
0 samples will be used for testing
Creating model ...
Model:
TSTransformerEncoderClassiregressor(
  (project_inp): Linear(in_features=8, out_features=64, bias=True)
  (pos_enc): LearnablePositionalEncoding(
    (dropout): Dropout(p=0.2, inplace=False)
  )
  (transformer_encoder): TransformerEncoder(
    (layers): ModuleList(
      (0-2): 3 x TransformerBatchNormEncoderLayer(
        (self_attn): MultiheadAttention(
          (out_proj): NonDynamicallyQuantizableLinear(in_features=64, out_features=64, bias=True)
        )
        (linear1): Linear(in_features=64, out_features=256, bias=True)
        (dropout): Dropout(p=0.2, inplace=False)
        (linear2): Linear(in_features=256, out_features=64, bias=True)
        (norm1): BatchNorm1d(64, eps=1e-05, momentum=0.1, affine=True, track_running_stats=True)
        (norm2): BatchNorm1d(64, eps=1e-05, momentum=0.1, affine=True, track_running_stats=True)
        (dropout1): Dropout(p=0.2, inplace=False)
        (dropout2): Dropout(p=0.2, inplace=False)
      )
    )
  )
  (dropout1): Dropout(p=0.2, inplace=False)
  (output_layer): Linear(in_features=5120, out_features=5, bias=True)
)
Total number of parameters: 181253
Trainable parameters: 181253
Evaluating on validation set ...
Validation runtime: 0.0 hours, 0.0 minutes, 0.25680017471313477 seconds

Avg val. time: 0.0 hours, 0.0 minutes, 0.25680017471313477 seconds
Avg batch val. time: 0.01712001164754232 seconds
Avg sample val. time: 0.00214000145594279 seconds
Epoch 0 Validation Summary: epoch: 0.000000 | loss: 5.614125 | accuracy: 0.166667 | precision: 0.228922 | 
Starting training...
Epoch 1 Training Summary: epoch: 1.000000 | loss: 1.664253 | 
Epoch runtime: 0.0 hours, 0.0 minutes, 1.3447418212890625 seconds

Avg epoch train. time: 0.0 hours, 0.0 minutes, 1.3447418212890625 seconds
Avg batch train. time: 0.009961050528067129 seconds
Avg sample train. time: 0.0012451313160083911 seconds
Evaluating on validation set ...
Validation runtime: 0.0 hours, 0.0 minutes, 0.047483205795288086 seconds

Avg val. time: 0.0 hours, 0.0 minutes, 0.15214169025421143 seconds
Avg batch val. time: 0.010142779350280762 seconds
Avg sample val. time: 0.0012678474187850953 seconds
Epoch 1 Validation Summary: epoch: 1.000000 | loss: 1.694367 | accuracy: 0.216667 | precision: 0.196444 | 
Epoch 2 Training Summary: epoch: 2.000000 | loss: 1.628947 | 
Epoch runtime: 0.0 hours, 0.0 minutes, 1.2622897624969482 seconds

Avg epoch train. time: 0.0 hours, 0.0 minutes, 1.3035157918930054 seconds
Avg batch train. time: 0.009655672532540781 seconds
Avg sample train. time: 0.0012069590665675976 seconds
Evaluating on validation set ...
Validation runtime: 0.0 hours, 0.0 minutes, 0.04104256629943848 seconds

Avg val. time: 0.0 hours, 0.0 minutes, 0.11510864893595378 seconds
Avg batch val. time: 0.007673909929063585 seconds
Avg sample val. time: 0.0009592387411329482 seconds
Epoch 2 Validation Summary: epoch: 2.000000 | loss: 1.705243 | accuracy: 0.183333 | precision: 0.198798 | 
Epoch 3 Training Summary: epoch: 3.000000 | loss: 1.573954 | 
Epoch runtime: 0.0 hours, 0.0 minutes, 1.3194506168365479 seconds

Avg epoch train. time: 0.0 hours, 0.0 minutes, 1.3088274002075195 seconds
Avg batch train. time: 0.00969501777931496 seconds
Avg sample train. time: 0.00121187722241437 seconds
Epoch 4 Training Summary: epoch: 4.000000 | loss: 1.575074 | 
Epoch runtime: 0.0 hours, 0.0 minutes, 1.1961793899536133 seconds

Avg epoch train. time: 0.0 hours, 0.0 minutes, 1.280665397644043 seconds
Avg batch train. time: 0.009486410352918837 seconds
Avg sample train. time: 0.0011858012941148546 seconds
Evaluating on validation set ...
Validation runtime: 0.0 hours, 0.0 minutes, 0.043779850006103516 seconds

Avg val. time: 0.0 hours, 0.0 minutes, 0.09727644920349121 seconds
Avg batch val. time: 0.006485096613566081 seconds
Avg sample val. time: 0.0008106370766957601 seconds
Epoch 4 Validation Summary: epoch: 4.000000 | loss: 1.611479 | accuracy: 0.266667 | precision: 0.279844 | 
Epoch 5 Training Summary: epoch: 5.000000 | loss: 1.508505 | 
Epoch runtime: 0.0 hours, 0.0 minutes, 1.2115488052368164 seconds

Avg epoch train. time: 0.0 hours, 0.0 minutes, 1.2668420791625976 seconds
Avg batch train. time: 0.009384015401204426 seconds
Avg sample train. time: 0.0011730019251505533 seconds
Epoch 6 Training Summary: epoch: 6.000000 | loss: 1.494933 | 
Epoch runtime: 0.0 hours, 0.0 minutes, 1.3214190006256104 seconds

Avg epoch train. time: 0.0 hours, 0.0 minutes, 1.2759382327397664 seconds
Avg batch train. time: 0.009451394316590861 seconds
Avg sample train. time: 0.0011814242895738577 seconds
Evaluating on validation set ...
Validation runtime: 0.0 hours, 0.0 minutes, 0.04409599304199219 seconds

Avg val. time: 0.0 hours, 0.0 minutes, 0.0866403579711914 seconds
Avg batch val. time: 0.005776023864746094 seconds
Avg sample val. time: 0.0007220029830932618 seconds
Epoch 6 Validation Summary: epoch: 6.000000 | loss: 1.731180 | accuracy: 0.258333 | precision: 0.315384 | 
Epoch 7 Training Summary: epoch: 7.000000 | loss: 1.475257 | 
Epoch runtime: 0.0 hours, 0.0 minutes, 1.2493157386779785 seconds

Avg epoch train. time: 0.0 hours, 0.0 minutes, 1.2721350193023682 seconds
Avg batch train. time: 0.009423222365202728 seconds
Avg sample train. time: 0.001177902795650341 seconds
Epoch 8 Training Summary: epoch: 8.000000 | loss: 1.420733 | 
Epoch runtime: 0.0 hours, 0.0 minutes, 1.3391335010528564 seconds

Avg epoch train. time: 0.0 hours, 0.0 minutes, 1.2805098295211792 seconds
Avg batch train. time: 0.009485257996453179 seconds
Avg sample train. time: 0.0011856572495566474 seconds
Evaluating on validation set ...
Validation runtime: 0.0 hours, 0.0 minutes, 0.042862653732299805 seconds

Avg val. time: 0.0 hours, 0.0 minutes, 0.07934407393137614 seconds
Avg batch val. time: 0.005289604928758409 seconds
Avg sample val. time: 0.0006612006160948012 seconds
Epoch 8 Validation Summary: epoch: 8.000000 | loss: 1.725845 | accuracy: 0.283333 | precision: 0.300258 | 
Epoch 9 Training Summary: epoch: 9.000000 | loss: 1.465511 | 
Epoch runtime: 0.0 hours, 0.0 minutes, 1.276395559310913 seconds

Avg epoch train. time: 0.0 hours, 0.0 minutes, 1.2800526883867052 seconds
Avg batch train. time: 0.009481871765827446 seconds
Avg sample train. time: 0.0011852339707284307 seconds
Epoch 10 Training Summary: epoch: 10.000000 | loss: 1.351838 | 
Epoch runtime: 0.0 hours, 0.0 minutes, 1.2694058418273926 seconds

Avg epoch train. time: 0.0 hours, 0.0 minutes, 1.278988003730774 seconds
Avg batch train. time: 0.009473985212820548 seconds
Avg sample train. time: 0.0011842481516025685 seconds
Evaluating on validation set ...
Validation runtime: 0.0 hours, 0.0 minutes, 0.04551291465759277 seconds

Avg val. time: 0.0 hours, 0.0 minutes, 0.07451105117797852 seconds
Avg batch val. time: 0.004967403411865234 seconds
Avg sample val. time: 0.0006209254264831543 seconds
Epoch 10 Validation Summary: epoch: 10.000000 | loss: 1.851309 | accuracy: 0.283333 | precision: 0.316190 | 
Epoch 11 Training Summary: epoch: 11.000000 | loss: 1.371152 | 
Epoch runtime: 0.0 hours, 0.0 minutes, 1.3751511573791504 seconds

Avg epoch train. time: 0.0 hours, 0.0 minutes, 1.2877301086078992 seconds
Avg batch train. time: 0.009538741545243697 seconds
Avg sample train. time: 0.0011923426931554622 seconds
Epoch 12 Training Summary: epoch: 12.000000 | loss: 1.330989 | 
Epoch runtime: 0.0 hours, 0.0 minutes, 1.2833399772644043 seconds

Avg epoch train. time: 0.0 hours, 0.0 minutes, 1.2873642643292744 seconds
Avg batch train. time: 0.009536031587624255 seconds
Avg sample train. time: 0.001192003948453032 seconds
Evaluating on validation set ...
Validation runtime: 0.0 hours, 0.0 minutes, 0.04527115821838379 seconds

Avg val. time: 0.0 hours, 0.0 minutes, 0.07085606455802917 seconds
Avg batch val. time: 0.004723737637201945 seconds
Avg sample val. time: 0.0005904672046502432 seconds
Epoch 12 Validation Summary: epoch: 12.000000 | loss: 1.898335 | accuracy: 0.225000 | precision: 0.216577 | 
Epoch 13 Training Summary: epoch: 13.000000 | loss: 1.301225 | 
Epoch runtime: 0.0 hours, 0.0 minutes, 1.3198058605194092 seconds

Avg epoch train. time: 0.0 hours, 0.0 minutes, 1.2898597717285156 seconds
Avg batch train. time: 0.009554516827618634 seconds
Avg sample train. time: 0.0011943146034523293 seconds
Epoch 14 Training Summary: epoch: 14.000000 | loss: 1.290713 | 
Epoch runtime: 0.0 hours, 0.0 minutes, 1.273555040359497 seconds

Avg epoch train. time: 0.0 hours, 0.0 minutes, 1.2886951480593 seconds
Avg batch train. time: 0.009545889985624445 seconds
Avg sample train. time: 0.0011932362482030556 seconds
Evaluating on validation set ...
Validation runtime: 0.0 hours, 0.0 minutes, 0.03921842575073242 seconds

Avg val. time: 0.0 hours, 0.0 minutes, 0.06734077135721843 seconds
Avg batch val. time: 0.0044893847571478955 seconds
Avg sample val. time: 0.0005611730946434869 seconds
Epoch 14 Validation Summary: epoch: 14.000000 | loss: 1.782304 | accuracy: 0.325000 | precision: 0.311471 | 
Epoch 15 Training Summary: epoch: 15.000000 | loss: 1.228986 | 
Epoch runtime: 0.0 hours, 0.0 minutes, 1.3282840251922607 seconds

Avg epoch train. time: 0.0 hours, 0.0 minutes, 1.2913344065348307 seconds
Avg batch train. time: 0.009565440048406154 seconds
Avg sample train. time: 0.0011956800060507692 seconds
Epoch 16 Training Summary: epoch: 16.000000 | loss: 1.209638 | 
Epoch runtime: 0.0 hours, 0.0 minutes, 1.214109182357788 seconds

Avg epoch train. time: 0.0 hours, 0.0 minutes, 1.2865078300237656 seconds
Avg batch train. time: 0.009529687629805671 seconds
Avg sample train. time: 0.001191210953725709 seconds
Evaluating on validation set ...
Validation runtime: 0.0 hours, 0.0 minutes, 0.04009270668029785 seconds

Avg val. time: 0.0 hours, 0.0 minutes, 0.06461596488952637 seconds
Avg batch val. time: 0.004307730992635091 seconds
Avg sample val. time: 0.0005384663740793864 seconds
Epoch 16 Validation Summary: epoch: 16.000000 | loss: 1.836392 | accuracy: 0.275000 | precision: 0.283264 | 
Epoch 17 Training Summary: epoch: 17.000000 | loss: 1.176075 | 
Epoch runtime: 0.0 hours, 0.0 minutes, 1.257112979888916 seconds

Avg epoch train. time: 0.0 hours, 0.0 minutes, 1.2847787211923039 seconds
Avg batch train. time: 0.009516879416239288 seconds
Avg sample train. time: 0.001189609927029911 seconds
Epoch 18 Training Summary: epoch: 18.000000 | loss: 1.182153 | 
Epoch runtime: 0.0 hours, 0.0 minutes, 1.2515099048614502 seconds

Avg epoch train. time: 0.0 hours, 0.0 minutes, 1.2829304536183674 seconds
Avg batch train. time: 0.00950318854532124 seconds
Avg sample train. time: 0.001187898568165155 seconds
Evaluating on validation set ...
Validation runtime: 0.0 hours, 0.0 minutes, 0.04087400436401367 seconds

Avg val. time: 0.0 hours, 0.0 minutes, 0.06245760484175249 seconds
Avg batch val. time: 0.004163840322783499 seconds
Avg sample val. time: 0.0005204800403479374 seconds
Epoch 18 Validation Summary: epoch: 18.000000 | loss: 1.935651 | accuracy: 0.275000 | precision: 0.279385 | 
Epoch 19 Training Summary: epoch: 19.000000 | loss: 1.168935 | 
Epoch runtime: 0.0 hours, 0.0 minutes, 1.18363618850708 seconds

Avg epoch train. time: 0.0 hours, 0.0 minutes, 1.2777044396651418 seconds
Avg batch train. time: 0.009464477330852903 seconds
Avg sample train. time: 0.0011830596663566129 seconds
Epoch 20 Training Summary: epoch: 20.000000 | loss: 1.111469 | 
Epoch runtime: 0.0 hours, 0.0 minutes, 1.2647442817687988 seconds

Avg epoch train. time: 0.0 hours, 0.0 minutes, 1.2770564317703248 seconds
Avg batch train. time: 0.009459677272372777 seconds
Avg sample train. time: 0.001182459659046597 seconds
Evaluating on validation set ...
Validation runtime: 0.0 hours, 0.0 minutes, 0.04440903663635254 seconds

Avg val. time: 0.0 hours, 0.0 minutes, 0.06095355749130249 seconds
Avg batch val. time: 0.004063570499420166 seconds
Avg sample val. time: 0.0005079463124275207 seconds
Epoch 20 Validation Summary: epoch: 20.000000 | loss: 1.828556 | accuracy: 0.300000 | precision: 0.313719 | 
Epoch 21 Training Summary: epoch: 21.000000 | loss: 1.074559 | 
Epoch runtime: 0.0 hours, 0.0 minutes, 1.2039082050323486 seconds

Avg epoch train. time: 0.0 hours, 0.0 minutes, 1.27357318287804 seconds
Avg batch train. time: 0.009433875428726222 seconds
Avg sample train. time: 0.0011792344285907778 seconds
Epoch 22 Training Summary: epoch: 22.000000 | loss: 1.095403 | 
Epoch runtime: 0.0 hours, 0.0 minutes, 1.2301194667816162 seconds

Avg epoch train. time: 0.0 hours, 0.0 minutes, 1.2715980139645664 seconds
Avg batch train. time: 0.009419244547885676 seconds
Avg sample train. time: 0.0011774055684857095 seconds
Evaluating on validation set ...
Validation runtime: 0.0 hours, 0.0 minutes, 0.04088401794433594 seconds

Avg val. time: 0.0 hours, 0.0 minutes, 0.05940974675692045 seconds
Avg batch val. time: 0.003960649783794697 seconds
Avg sample val. time: 0.0004950812229743371 seconds
Epoch 22 Validation Summary: epoch: 22.000000 | loss: 2.013889 | accuracy: 0.283333 | precision: 0.296093 | 
Epoch 23 Training Summary: epoch: 23.000000 | loss: 1.071008 | 
Epoch runtime: 0.0 hours, 0.0 minutes, 1.1821835041046143 seconds

Avg epoch train. time: 0.0 hours, 0.0 minutes, 1.267710426579351 seconds
Avg batch train. time: 0.00939044760429149 seconds
Avg sample train. time: 0.0011738059505364362 seconds
Epoch 24 Training Summary: epoch: 24.000000 | loss: 1.048498 | 
Epoch runtime: 0.0 hours, 0.0 minutes, 1.233431100845337 seconds

Avg epoch train. time: 0.0 hours, 0.0 minutes, 1.2662821213404338 seconds
Avg batch train. time: 0.009379867565484696 seconds
Avg sample train. time: 0.001172483445685587 seconds
Evaluating on validation set ...
Validation runtime: 0.0 hours, 0.0 minutes, 0.04353165626525879 seconds

Avg val. time: 0.0 hours, 0.0 minutes, 0.05827559743608747 seconds
Avg batch val. time: 0.003885039829072498 seconds
Avg sample val. time: 0.00048562997863406225 seconds
Epoch 24 Validation Summary: epoch: 24.000000 | loss: 1.839061 | accuracy: 0.275000 | precision: 0.290078 | 
Epoch 25 Training Summary: epoch: 25.000000 | loss: 1.015153 | 
Epoch runtime: 0.0 hours, 0.0 minutes, 1.2576935291290283 seconds

Avg epoch train. time: 0.0 hours, 0.0 minutes, 1.2659385776519776 seconds
Avg batch train. time: 0.009377322797422056 seconds
Avg sample train. time: 0.001172165349677757 seconds
Epoch 26 Training Summary: epoch: 26.000000 | loss: 1.001981 | 
Epoch runtime: 0.0 hours, 0.0 minutes, 1.2109928131103516 seconds

Avg epoch train. time: 0.0 hours, 0.0 minutes, 1.2638252790157611 seconds
Avg batch train. time: 0.009361668733450082 seconds
Avg sample train. time: 0.0011702085916812602 seconds
Evaluating on validation set ...
Validation runtime: 0.0 hours, 0.0 minutes, 0.04123687744140625 seconds

Avg val. time: 0.0 hours, 0.0 minutes, 0.05713968276977539 seconds
Avg batch val. time: 0.003809312184651693 seconds
Avg sample val. time: 0.0004761640230814616 seconds
Epoch 26 Validation Summary: epoch: 26.000000 | loss: 2.020170 | accuracy: 0.233333 | precision: 0.254054 | 
Epoch 27 Training Summary: epoch: 27.000000 | loss: 1.001127 | 
Epoch runtime: 0.0 hours, 0.0 minutes, 1.3772242069244385 seconds

Avg epoch train. time: 0.0 hours, 0.0 minutes, 1.268025239308675 seconds
Avg batch train. time: 0.00939277955043463 seconds
Avg sample train. time: 0.0011740974438043288 seconds
Epoch 28 Training Summary: epoch: 28.000000 | loss: 0.934420 | 
Epoch runtime: 0.0 hours, 0.0 minutes, 1.4044344425201416 seconds

Avg epoch train. time: 0.0 hours, 0.0 minutes, 1.2728969965662276 seconds
Avg batch train. time: 0.009428866641231316 seconds
Avg sample train. time: 0.0011786083301539144 seconds
Evaluating on validation set ...
Validation runtime: 0.0 hours, 0.0 minutes, 0.047254323959350586 seconds

Avg val. time: 0.0 hours, 0.0 minutes, 0.05652184784412384 seconds
Avg batch val. time: 0.003768123189608256 seconds
Avg sample val. time: 0.000471015398701032 seconds
Epoch 28 Validation Summary: epoch: 28.000000 | loss: 1.996773 | accuracy: 0.266667 | precision: 0.249453 | 
Epoch 29 Training Summary: epoch: 29.000000 | loss: 1.021145 | 
Epoch runtime: 0.0 hours, 0.0 minutes, 1.3900837898254395 seconds

Avg epoch train. time: 0.0 hours, 0.0 minutes, 1.2769379204717175 seconds
Avg batch train. time: 0.009458799410901612 seconds
Avg sample train. time: 0.0011823499263627015 seconds
Epoch 30 Training Summary: epoch: 30.000000 | loss: 0.925816 | 
Epoch runtime: 0.0 hours, 0.0 minutes, 1.2718188762664795 seconds

Avg epoch train. time: 0.0 hours, 0.0 minutes, 1.2767672856648764 seconds
Avg batch train. time: 0.009457535449369454 seconds
Avg sample train. time: 0.0011821919311711818 seconds
Evaluating on validation set ...
Validation runtime: 0.0 hours, 0.0 minutes, 0.049428462982177734 seconds

Avg val. time: 0.0 hours, 0.0 minutes, 0.05610458991106819 seconds
Avg batch val. time: 0.0037403059940712127 seconds
Avg sample val. time: 0.0004675382492589016 seconds
Epoch 30 Validation Summary: epoch: 30.000000 | loss: 1.916666 | accuracy: 0.316667 | precision: 0.317968 | 
Epoch 31 Training Summary: epoch: 31.000000 | loss: 0.918512 | 
Epoch runtime: 0.0 hours, 0.0 minutes, 1.727306604385376 seconds

Avg epoch train. time: 0.0 hours, 0.0 minutes, 1.291300812075215 seconds
Avg batch train. time: 0.009565191200557148 seconds
Avg sample train. time: 0.0011956489000696435 seconds
Epoch 32 Training Summary: epoch: 32.000000 | loss: 0.885496 | 
Epoch runtime: 0.0 hours, 0.0 minutes, 1.5258524417877197 seconds

Avg epoch train. time: 0.0 hours, 0.0 minutes, 1.2986305505037308 seconds
Avg batch train. time: 0.009619485559286895 seconds
Avg sample train. time: 0.0012024356949108619 seconds
Evaluating on validation set ...
Validation runtime: 0.0 hours, 0.0 minutes, 0.04746389389038086 seconds

Avg val. time: 0.0 hours, 0.0 minutes, 0.055624551243252225 seconds
Avg batch val. time: 0.003708303416216815 seconds
Avg sample val. time: 0.00046353792702710187 seconds
Epoch 32 Validation Summary: epoch: 32.000000 | loss: 2.015590 | accuracy: 0.300000 | precision: 0.340018 | 
Epoch 33 Training Summary: epoch: 33.000000 | loss: 0.889500 | 
Epoch runtime: 0.0 hours, 0.0 minutes, 1.423105001449585 seconds

Avg epoch train. time: 0.0 hours, 0.0 minutes, 1.302402503562696 seconds
Avg batch train. time: 0.009647425952316267 seconds
Avg sample train. time: 0.0012059282440395334 seconds
Epoch 34 Training Summary: epoch: 34.000000 | loss: 0.874658 | 
Epoch runtime: 0.0 hours, 0.0 minutes, 1.4183788299560547 seconds

Avg epoch train. time: 0.0 hours, 0.0 minutes, 1.3058135719860302 seconds
Avg batch train. time: 0.009672693125822446 seconds
Avg sample train. time: 0.0012090866407278057 seconds
Evaluating on validation set ...
Validation runtime: 0.0 hours, 0.0 minutes, 0.04846501350402832 seconds

Avg val. time: 0.0 hours, 0.0 minutes, 0.0552477334675036 seconds
Avg batch val. time: 0.0036831822311669065 seconds
Avg sample val. time: 0.0004603977788958633 seconds
Epoch 34 Validation Summary: epoch: 34.000000 | loss: 2.179419 | accuracy: 0.308333 | precision: 0.320276 | 
Epoch 35 Training Summary: epoch: 35.000000 | loss: 0.840612 | 
Epoch runtime: 0.0 hours, 0.0 minutes, 1.4320502281188965 seconds

Avg epoch train. time: 0.0 hours, 0.0 minutes, 1.3094203335898262 seconds
Avg batch train. time: 0.009699409878443158 seconds
Avg sample train. time: 0.0012124262348053947 seconds
Epoch 36 Training Summary: epoch: 36.000000 | loss: 0.862022 | 
Epoch runtime: 0.0 hours, 0.0 minutes, 1.4171268939971924 seconds

Avg epoch train. time: 0.0 hours, 0.0 minutes, 1.312412182490031 seconds
Avg batch train. time: 0.009721571722148378 seconds
Avg sample train. time: 0.0012151964652685472 seconds
Evaluating on validation set ...
Validation runtime: 0.0 hours, 0.0 minutes, 0.04940009117126465 seconds

Avg val. time: 0.0 hours, 0.0 minutes, 0.05495535135269165 seconds
Avg batch val. time: 0.0036636900901794436 seconds
Avg sample val. time: 0.00045796126127243045 seconds
Epoch 36 Validation Summary: epoch: 36.000000 | loss: 1.993708 | accuracy: 0.316667 | precision: 0.319315 | 
Epoch 37 Training Summary: epoch: 37.000000 | loss: 0.861424 | 
Epoch runtime: 0.0 hours, 0.0 minutes, 1.4858496189117432 seconds

Avg epoch train. time: 0.0 hours, 0.0 minutes, 1.3170996807716988 seconds
Avg batch train. time: 0.009756293931642214 seconds
Avg sample train. time: 0.0012195367414552767 seconds
Epoch 38 Training Summary: epoch: 38.000000 | loss: 0.794745 | 
Epoch runtime: 0.0 hours, 0.0 minutes, 1.473203420639038 seconds

Avg epoch train. time: 0.0 hours, 0.0 minutes, 1.3212076739261025 seconds
Avg batch train. time: 0.009786723510563722 seconds
Avg sample train. time: 0.0012233404388204653 seconds
Evaluating on validation set ...
Validation runtime: 0.0 hours, 0.0 minutes, 0.04779362678527832 seconds

Avg val. time: 0.0 hours, 0.0 minutes, 0.054614316849481495 seconds
Avg batch val. time: 0.0036409544566321 seconds
Avg sample val. time: 0.0004551193070790125 seconds
Epoch 38 Validation Summary: epoch: 38.000000 | loss: 2.113638 | accuracy: 0.316667 | precision: 0.359773 | 
Epoch 39 Training Summary: epoch: 39.000000 | loss: 0.780821 | 
Epoch runtime: 0.0 hours, 0.0 minutes, 1.5028948783874512 seconds

Avg epoch train. time: 0.0 hours, 0.0 minutes, 1.3258663201943421 seconds
Avg batch train. time: 0.009821232001439572 seconds
Avg sample train. time: 0.0012276540001799465 seconds
Epoch 40 Training Summary: epoch: 40.000000 | loss: 0.832092 | 
Epoch runtime: 0.0 hours, 0.0 minutes, 1.3887033462524414 seconds

Avg epoch train. time: 0.0 hours, 0.0 minutes, 1.3274372458457946 seconds
Avg batch train. time: 0.009832868487746626 seconds
Avg sample train. time: 0.0012291085609683282 seconds
Evaluating on validation set ...
Validation runtime: 0.0 hours, 0.0 minutes, 0.052289724349975586 seconds

Avg val. time: 0.0 hours, 0.0 minutes, 0.05450865355404941 seconds
Avg batch val. time: 0.003633910236936627 seconds
Avg sample val. time: 0.0004542387796170784 seconds
Epoch 40 Validation Summary: epoch: 40.000000 | loss: 2.003120 | accuracy: 0.308333 | precision: 0.325637 | 
Best accuracy was 0.325. Other metrics: OrderedDict([('epoch', 14), ('loss', 1.782303770383199), ('accuracy', 0.325), ('precision', 0.3114705882352941)])
All Done!
Total runtime: 0.0 hours, 1.0 minutes, 5.82863450050354 seconds

