Running:
src/main_crosssetting.py --output_dir experiments --target_user ZeyuZoom --user_othersetting Zeyu --comment classification from Scratch --name VRS_fromScratch --records_file VRS_records.xls --data_dir /mnt/d/OneDrive - Southern Methodist University/Phone_Privacy/input_feature/opticalflow_22_downsample_480p_s22 --test_data_dir /mnt/d/OneDrive - Southern Methodist University/Phone_Privacy/input_feature/all_processpos_norm_downsample_480p_s22 --data_class vrs --val_ratio 0.1 --epochs 40 --lr 0.001 --dropout 0.2 --batch_size 8 --num_layers 3 --num_heads 4 --optimizer RAdam --pos_encoding learnable --task classification --normalization none --key_metric accuracy

Using device: cuda
Loading and preprocessing data ...
67 samples may be used for training
8 samples will be used for validation
0 samples will be used for testing
Creating model ...
Model:
TSTransformerEncoderClassiregressor(
  (project_inp): Linear(in_features=8, out_features=64, bias=True)
  (pos_enc): LearnablePositionalEncoding(
    (dropout): Dropout(p=0.2, inplace=False)
  )
  (transformer_encoder): TransformerEncoder(
    (layers): ModuleList(
      (0-2): 3 x TransformerBatchNormEncoderLayer(
        (self_attn): MultiheadAttention(
          (out_proj): NonDynamicallyQuantizableLinear(in_features=64, out_features=64, bias=True)
        )
        (linear1): Linear(in_features=64, out_features=256, bias=True)
        (dropout): Dropout(p=0.2, inplace=False)
        (linear2): Linear(in_features=256, out_features=64, bias=True)
        (norm1): BatchNorm1d(64, eps=1e-05, momentum=0.1, affine=True, track_running_stats=True)
        (norm2): BatchNorm1d(64, eps=1e-05, momentum=0.1, affine=True, track_running_stats=True)
        (dropout1): Dropout(p=0.2, inplace=False)
        (dropout2): Dropout(p=0.2, inplace=False)
      )
    )
  )
  (dropout1): Dropout(p=0.2, inplace=False)
  (output_layer): Linear(in_features=5120, out_features=5, bias=True)
)
Total number of parameters: 181253
Trainable parameters: 181253
Evaluating on validation set ...
Validation runtime: 0.0 hours, 0.0 minutes, 0.1828451156616211 seconds

Avg val. time: 0.0 hours, 0.0 minutes, 0.1828451156616211 seconds
Avg batch val. time: 0.1828451156616211 seconds
Avg sample val. time: 0.022855639457702637 seconds
Epoch 0 Validation Summary: epoch: 0.000000 | loss: 2.891299 | accuracy: 0.250000 | precision: 0.250000 | 
Starting training...
Epoch 1 Training Summary: epoch: 1.000000 | loss: 1.785448 | 
Epoch runtime: 0.0 hours, 0.0 minutes, 0.21282148361206055 seconds

Avg epoch train. time: 0.0 hours, 0.0 minutes, 0.21282148361206055 seconds
Avg batch train. time: 0.023646831512451172 seconds
Avg sample train. time: 0.0031764400539113515 seconds
Evaluating on validation set ...
Validation runtime: 0.0 hours, 0.0 minutes, 0.007333040237426758 seconds

Avg val. time: 0.0 hours, 0.0 minutes, 0.09508907794952393 seconds
Avg batch val. time: 0.09508907794952393 seconds
Avg sample val. time: 0.01188613474369049 seconds
Epoch 1 Validation Summary: epoch: 1.000000 | loss: 1.562779 | accuracy: 0.125000 | precision: 0.133333 | 
Epoch 2 Training Summary: epoch: 2.000000 | loss: 1.659434 | 
Epoch runtime: 0.0 hours, 0.0 minutes, 0.08421683311462402 seconds

Avg epoch train. time: 0.0 hours, 0.0 minutes, 0.14851915836334229 seconds
Avg batch train. time: 0.01650212870703803 seconds
Avg sample train. time: 0.002216703856169288 seconds
Evaluating on validation set ...
Validation runtime: 0.0 hours, 0.0 minutes, 0.007418394088745117 seconds

Avg val. time: 0.0 hours, 0.0 minutes, 0.06586551666259766 seconds
Avg batch val. time: 0.06586551666259766 seconds
Avg sample val. time: 0.008233189582824707 seconds
Epoch 2 Validation Summary: epoch: 2.000000 | loss: 1.552464 | accuracy: 0.125000 | precision: 0.133333 | 
Epoch 3 Training Summary: epoch: 3.000000 | loss: 1.590459 | 
Epoch runtime: 0.0 hours, 0.0 minutes, 0.08224225044250488 seconds

Avg epoch train. time: 0.0 hours, 0.0 minutes, 0.12642685572306314 seconds
Avg batch train. time: 0.014047428413673683 seconds
Avg sample train. time: 0.001886967995866614 seconds
Epoch 4 Training Summary: epoch: 4.000000 | loss: 1.534126 | 
Epoch runtime: 0.0 hours, 0.0 minutes, 0.07900285720825195 seconds

Avg epoch train. time: 0.0 hours, 0.0 minutes, 0.11457085609436035 seconds
Avg batch train. time: 0.012730095121595595 seconds
Avg sample train. time: 0.0017100127775277665 seconds
Evaluating on validation set ...
Validation runtime: 0.0 hours, 0.0 minutes, 0.005836963653564453 seconds

Avg val. time: 0.0 hours, 0.0 minutes, 0.050858378410339355 seconds
Avg batch val. time: 0.050858378410339355 seconds
Avg sample val. time: 0.006357297301292419 seconds
Epoch 4 Validation Summary: epoch: 4.000000 | loss: 1.514838 | accuracy: 0.250000 | precision: 0.277778 | 
Epoch 5 Training Summary: epoch: 5.000000 | loss: 1.509875 | 
Epoch runtime: 0.0 hours, 0.0 minutes, 0.07294130325317383 seconds

Avg epoch train. time: 0.0 hours, 0.0 minutes, 0.10624494552612304 seconds
Avg batch train. time: 0.011804993947347004 seconds
Avg sample train. time: 0.0015857454556137767 seconds
Epoch 6 Training Summary: epoch: 6.000000 | loss: 1.416381 | 
Epoch runtime: 0.0 hours, 0.0 minutes, 0.07970380783081055 seconds

Avg epoch train. time: 0.0 hours, 0.0 minutes, 0.1018214225769043 seconds
Avg batch train. time: 0.01131349139743381 seconds
Avg sample train. time: 0.0015197227250284223 seconds
Evaluating on validation set ...
Validation runtime: 0.0 hours, 0.0 minutes, 0.006940126419067383 seconds

Avg val. time: 0.0 hours, 0.0 minutes, 0.042074728012084964 seconds
Avg batch val. time: 0.042074728012084964 seconds
Avg sample val. time: 0.0052593410015106205 seconds
Epoch 6 Validation Summary: epoch: 6.000000 | loss: 1.475304 | accuracy: 0.250000 | precision: 0.277778 | 
Epoch 7 Training Summary: epoch: 7.000000 | loss: 1.369200 | 
Epoch runtime: 0.0 hours, 0.0 minutes, 0.08932209014892578 seconds

Avg epoch train. time: 0.0 hours, 0.0 minutes, 0.10003580365862165 seconds
Avg batch train. time: 0.011115089295402406 seconds
Avg sample train. time: 0.0014930716963973381 seconds
Epoch 8 Training Summary: epoch: 8.000000 | loss: 1.343571 | 
Epoch runtime: 0.0 hours, 0.0 minutes, 0.09769415855407715 seconds

Avg epoch train. time: 0.0 hours, 0.0 minutes, 0.09974309802055359 seconds
Avg batch train. time: 0.011082566446728177 seconds
Avg sample train. time: 0.0014887029555306506 seconds
Evaluating on validation set ...
Validation runtime: 0.0 hours, 0.0 minutes, 0.007270336151123047 seconds

Avg val. time: 0.0 hours, 0.0 minutes, 0.03627399603525797 seconds
Avg batch val. time: 0.03627399603525797 seconds
Avg sample val. time: 0.004534249504407247 seconds
Epoch 8 Validation Summary: epoch: 8.000000 | loss: 1.456116 | accuracy: 0.125000 | precision: 0.166667 | 
Epoch 9 Training Summary: epoch: 9.000000 | loss: 1.187511 | 
Epoch runtime: 0.0 hours, 0.0 minutes, 0.1310436725616455 seconds

Avg epoch train. time: 0.0 hours, 0.0 minutes, 0.10322093963623047 seconds
Avg batch train. time: 0.011468993292914497 seconds
Avg sample train. time: 0.0015406110393467235 seconds
Epoch 10 Training Summary: epoch: 10.000000 | loss: 1.169249 | 
Epoch runtime: 0.0 hours, 0.0 minutes, 0.08820772171020508 seconds

Avg epoch train. time: 0.0 hours, 0.0 minutes, 0.10171961784362793 seconds
Avg batch train. time: 0.011302179760403104 seconds
Avg sample train. time: 0.0015182032513974318 seconds
Evaluating on validation set ...
Validation runtime: 0.0 hours, 0.0 minutes, 0.006415605545043945 seconds

Avg val. time: 0.0 hours, 0.0 minutes, 0.032008511679513116 seconds
Avg batch val. time: 0.032008511679513116 seconds
Avg sample val. time: 0.0040010639599391395 seconds
Epoch 10 Validation Summary: epoch: 10.000000 | loss: 1.371266 | accuracy: 0.250000 | precision: 0.333333 | 
Epoch 11 Training Summary: epoch: 11.000000 | loss: 1.116090 | 
Epoch runtime: 0.0 hours, 0.0 minutes, 0.09561419486999512 seconds

Avg epoch train. time: 0.0 hours, 0.0 minutes, 0.10116457939147949 seconds
Avg batch train. time: 0.011240508821275499 seconds
Avg sample train. time: 0.0015099190953952162 seconds
Epoch 12 Training Summary: epoch: 12.000000 | loss: 1.045836 | 
Epoch runtime: 0.0 hours, 0.0 minutes, 0.1040041446685791 seconds

Avg epoch train. time: 0.0 hours, 0.0 minutes, 0.10140120983123779 seconds
Avg batch train. time: 0.011266801092359755 seconds
Avg sample train. time: 0.001513450893003549 seconds
Evaluating on validation set ...
Validation runtime: 0.0 hours, 0.0 minutes, 0.008016586303710938 seconds

Avg val. time: 0.0 hours, 0.0 minutes, 0.029009521007537842 seconds
Avg batch val. time: 0.029009521007537842 seconds
Avg sample val. time: 0.0036261901259422302 seconds
Epoch 12 Validation Summary: epoch: 12.000000 | loss: 1.402918 | accuracy: 0.375000 | precision: 0.312500 | 
Epoch 13 Training Summary: epoch: 13.000000 | loss: 0.964168 | 
Epoch runtime: 0.0 hours, 0.0 minutes, 0.09312152862548828 seconds

Avg epoch train. time: 0.0 hours, 0.0 minutes, 0.10076431127694938 seconds
Avg batch train. time: 0.01119603458632771 seconds
Avg sample train. time: 0.0015039449444320802 seconds
Epoch 14 Training Summary: epoch: 14.000000 | loss: 0.917187 | 
Epoch runtime: 0.0 hours, 0.0 minutes, 0.09069061279296875 seconds

Avg epoch train. time: 0.0 hours, 0.0 minutes, 0.10004476138523646 seconds
Avg batch train. time: 0.011116084598359607 seconds
Avg sample train. time: 0.0014932053938094994 seconds
Evaluating on validation set ...
Validation runtime: 0.0 hours, 0.0 minutes, 0.006716251373291016 seconds

Avg val. time: 0.0 hours, 0.0 minutes, 0.026532491048177082 seconds
Avg batch val. time: 0.026532491048177082 seconds
Avg sample val. time: 0.0033165613810221353 seconds
Epoch 14 Validation Summary: epoch: 14.000000 | loss: 1.396081 | accuracy: 0.250000 | precision: 0.187500 | 
Epoch 15 Training Summary: epoch: 15.000000 | loss: 0.897250 | 
Epoch runtime: 0.0 hours, 0.0 minutes, 0.08140325546264648 seconds

Avg epoch train. time: 0.0 hours, 0.0 minutes, 0.09880199432373046 seconds
Avg batch train. time: 0.010977999369303385 seconds
Avg sample train. time: 0.0014746566316974697 seconds
Epoch 16 Training Summary: epoch: 16.000000 | loss: 0.817322 | 
Epoch runtime: 0.0 hours, 0.0 minutes, 0.0926048755645752 seconds

Avg epoch train. time: 0.0 hours, 0.0 minutes, 0.09841467440128326 seconds
Avg batch train. time: 0.010934963822364807 seconds
Avg sample train. time: 0.001468875737332586 seconds
Evaluating on validation set ...
Validation runtime: 0.0 hours, 0.0 minutes, 0.007905960083007812 seconds

Avg val. time: 0.0 hours, 0.0 minutes, 0.024669837951660157 seconds
Avg batch val. time: 0.024669837951660157 seconds
Avg sample val. time: 0.0030837297439575196 seconds
Epoch 16 Validation Summary: epoch: 16.000000 | loss: 1.368766 | accuracy: 0.250000 | precision: 0.187500 | 
Epoch 17 Training Summary: epoch: 17.000000 | loss: 0.718867 | 
Epoch runtime: 0.0 hours, 0.0 minutes, 0.09254169464111328 seconds

Avg epoch train. time: 0.0 hours, 0.0 minutes, 0.0980692050036262 seconds
Avg batch train. time: 0.010896578333736244 seconds
Avg sample train. time: 0.0014637194776660628 seconds
Epoch 18 Training Summary: epoch: 18.000000 | loss: 0.720548 | 
Epoch runtime: 0.0 hours, 0.0 minutes, 0.09490108489990234 seconds

Avg epoch train. time: 0.0 hours, 0.0 minutes, 0.0978931983311971 seconds
Avg batch train. time: 0.010877022036799678 seconds
Avg sample train. time: 0.001461092512405927 seconds
Evaluating on validation set ...
Validation runtime: 0.0 hours, 0.0 minutes, 0.007235288619995117 seconds

Avg val. time: 0.0 hours, 0.0 minutes, 0.02308487892150879 seconds
Avg batch val. time: 0.02308487892150879 seconds
Avg sample val. time: 0.0028856098651885986 seconds
Epoch 18 Validation Summary: epoch: 18.000000 | loss: 1.369553 | accuracy: 0.125000 | precision: 0.125000 | 
Epoch 19 Training Summary: epoch: 19.000000 | loss: 0.601824 | 
Epoch runtime: 0.0 hours, 0.0 minutes, 0.08093452453613281 seconds

Avg epoch train. time: 0.0 hours, 0.0 minutes, 0.09700063655250951 seconds
Avg batch train. time: 0.01077784850583439 seconds
Avg sample train. time: 0.0014477706948135749 seconds
Epoch 20 Training Summary: epoch: 20.000000 | loss: 0.607539 | 
Epoch runtime: 0.0 hours, 0.0 minutes, 0.08373093605041504 seconds

Avg epoch train. time: 0.0 hours, 0.0 minutes, 0.09633715152740478 seconds
Avg batch train. time: 0.010704127947489421 seconds
Avg sample train. time: 0.0014378679332448475 seconds
Evaluating on validation set ...
Validation runtime: 0.0 hours, 0.0 minutes, 0.006036520004272461 seconds

Avg val. time: 0.0 hours, 0.0 minutes, 0.02166418234507243 seconds
Avg batch val. time: 0.02166418234507243 seconds
Avg sample val. time: 0.0027080227931340537 seconds
Epoch 20 Validation Summary: epoch: 20.000000 | loss: 1.436628 | accuracy: 0.250000 | precision: 0.208333 | 
Epoch 21 Training Summary: epoch: 21.000000 | loss: 0.548214 | 
Epoch runtime: 0.0 hours, 0.0 minutes, 0.08259248733520508 seconds

Avg epoch train. time: 0.0 hours, 0.0 minutes, 0.09568264370872862 seconds
Avg batch train. time: 0.010631404856525402 seconds
Avg sample train. time: 0.0014280991598317704 seconds
Epoch 22 Training Summary: epoch: 22.000000 | loss: 0.480622 | 
Epoch runtime: 0.0 hours, 0.0 minutes, 0.0817573070526123 seconds

Avg epoch train. time: 0.0 hours, 0.0 minutes, 0.09504967386072333 seconds
Avg batch train. time: 0.010561074873413703 seconds
Avg sample train. time: 0.0014186518486675123 seconds
Evaluating on validation set ...
Validation runtime: 0.0 hours, 0.0 minutes, 0.006060123443603516 seconds

Avg val. time: 0.0 hours, 0.0 minutes, 0.020463870121882513 seconds
Avg batch val. time: 0.020463870121882513 seconds
Avg sample val. time: 0.002557983765235314 seconds
Epoch 22 Validation Summary: epoch: 22.000000 | loss: 1.645347 | accuracy: 0.250000 | precision: 0.208333 | 
Epoch 23 Training Summary: epoch: 23.000000 | loss: 0.540438 | 
Epoch runtime: 0.0 hours, 0.0 minutes, 0.0770730972290039 seconds

Avg epoch train. time: 0.0 hours, 0.0 minutes, 0.0942680835723877 seconds
Avg batch train. time: 0.010474231508043077 seconds
Avg sample train. time: 0.0014069863219759358 seconds
Epoch 24 Training Summary: epoch: 24.000000 | loss: 0.472457 | 
Epoch runtime: 0.0 hours, 0.0 minutes, 0.07805824279785156 seconds

Avg epoch train. time: 0.0 hours, 0.0 minutes, 0.09359267354011536 seconds
Avg batch train. time: 0.010399185948901706 seconds
Avg sample train. time: 0.0013969055752256023 seconds
Evaluating on validation set ...
Validation runtime: 0.0 hours, 0.0 minutes, 0.0059947967529296875 seconds

Avg val. time: 0.0 hours, 0.0 minutes, 0.019430364881243025 seconds
Avg batch val. time: 0.019430364881243025 seconds
Avg sample val. time: 0.002428795610155378 seconds
Epoch 24 Validation Summary: epoch: 24.000000 | loss: 1.768703 | accuracy: 0.125000 | precision: 0.125000 | 
Epoch 25 Training Summary: epoch: 25.000000 | loss: 0.368995 | 
Epoch runtime: 0.0 hours, 0.0 minutes, 0.07796669006347656 seconds

Avg epoch train. time: 0.0 hours, 0.0 minutes, 0.09296763420104981 seconds
Avg batch train. time: 0.010329737133449979 seconds
Avg sample train. time: 0.001387576629866415 seconds
Epoch 26 Training Summary: epoch: 26.000000 | loss: 0.378560 | 
Epoch runtime: 0.0 hours, 0.0 minutes, 0.08296346664428711 seconds

Avg epoch train. time: 0.0 hours, 0.0 minutes, 0.09258285852578971 seconds
Avg batch train. time: 0.010286984280643301 seconds
Avg sample train. time: 0.0013818337093401448 seconds
Evaluating on validation set ...
Validation runtime: 0.0 hours, 0.0 minutes, 0.005532026290893555 seconds

Avg val. time: 0.0 hours, 0.0 minutes, 0.018503808975219728 seconds
Avg batch val. time: 0.018503808975219728 seconds
Avg sample val. time: 0.002312976121902466 seconds
Epoch 26 Validation Summary: epoch: 26.000000 | loss: 1.695088 | accuracy: 0.250000 | precision: 0.145833 | 
Epoch 27 Training Summary: epoch: 27.000000 | loss: 0.305043 | 
Epoch runtime: 0.0 hours, 0.0 minutes, 0.07824444770812988 seconds

Avg epoch train. time: 0.0 hours, 0.0 minutes, 0.09205180627328378 seconds
Avg batch train. time: 0.010227978474809309 seconds
Avg sample train. time: 0.0013739075563176685 seconds
Epoch 28 Training Summary: epoch: 28.000000 | loss: 0.329684 | 
Epoch runtime: 0.0 hours, 0.0 minutes, 0.08091950416564941 seconds

Avg epoch train. time: 0.0 hours, 0.0 minutes, 0.09165422405515398 seconds
Avg batch train. time: 0.010183802672794888 seconds
Avg sample train. time: 0.0013679734933605072 seconds
Evaluating on validation set ...
Validation runtime: 0.0 hours, 0.0 minutes, 0.006469011306762695 seconds

Avg val. time: 0.0 hours, 0.0 minutes, 0.017751634120941162 seconds
Avg batch val. time: 0.017751634120941162 seconds
Avg sample val. time: 0.0022189542651176453 seconds
Epoch 28 Validation Summary: epoch: 28.000000 | loss: 1.681007 | accuracy: 0.125000 | precision: 0.083333 | 
Epoch 29 Training Summary: epoch: 29.000000 | loss: 0.286380 | 
Epoch runtime: 0.0 hours, 0.0 minutes, 0.07912516593933105 seconds

Avg epoch train. time: 0.0 hours, 0.0 minutes, 0.09122218756840147 seconds
Avg batch train. time: 0.010135798618711275 seconds
Avg sample train. time: 0.0013615251875880817 seconds
Epoch 30 Training Summary: epoch: 30.000000 | loss: 0.216719 | 
Epoch runtime: 0.0 hours, 0.0 minutes, 0.09196138381958008 seconds

Avg epoch train. time: 0.0 hours, 0.0 minutes, 0.09124682744344076 seconds
Avg batch train. time: 0.010138536382604528 seconds
Avg sample train. time: 0.0013618929469170263 seconds
Evaluating on validation set ...
Validation runtime: 0.0 hours, 0.0 minutes, 0.007592678070068359 seconds

Avg val. time: 0.0 hours, 0.0 minutes, 0.017154048470889822 seconds
Avg batch val. time: 0.017154048470889822 seconds
Avg sample val. time: 0.0021442560588612277 seconds
Epoch 30 Validation Summary: epoch: 30.000000 | loss: 2.185359 | accuracy: 0.250000 | precision: 0.208333 | 
Epoch 31 Training Summary: epoch: 31.000000 | loss: 0.229681 | 
Epoch runtime: 0.0 hours, 0.0 minutes, 0.08226346969604492 seconds

Avg epoch train. time: 0.0 hours, 0.0 minutes, 0.0909570417096538 seconds
Avg batch train. time: 0.01010633796773931 seconds
Avg sample train. time: 0.0013575677867112507 seconds
Epoch 32 Training Summary: epoch: 32.000000 | loss: 0.172695 | 
Epoch runtime: 0.0 hours, 0.0 minutes, 0.08063721656799316 seconds

Avg epoch train. time: 0.0 hours, 0.0 minutes, 0.0906345471739769 seconds
Avg batch train. time: 0.010070505241552988 seconds
Avg sample train. time: 0.001352754435432491 seconds
Evaluating on validation set ...
Validation runtime: 0.0 hours, 0.0 minutes, 0.005890369415283203 seconds

Avg val. time: 0.0 hours, 0.0 minutes, 0.01652828852335612 seconds
Avg batch val. time: 0.01652828852335612 seconds
Avg sample val. time: 0.002066036065419515 seconds
Epoch 32 Validation Summary: epoch: 32.000000 | loss: 2.013874 | accuracy: 0.250000 | precision: 0.250000 | 
Epoch 33 Training Summary: epoch: 33.000000 | loss: 0.139661 | 
Epoch runtime: 0.0 hours, 0.0 minutes, 0.07900428771972656 seconds

Avg epoch train. time: 0.0 hours, 0.0 minutes, 0.09028211506930264 seconds
Avg batch train. time: 0.010031346118811405 seconds
Avg sample train. time: 0.001347494254765711 seconds
Epoch 34 Training Summary: epoch: 34.000000 | loss: 0.141228 | 
Epoch runtime: 0.0 hours, 0.0 minutes, 0.07958841323852539 seconds

Avg epoch train. time: 0.0 hours, 0.0 minutes, 0.08996759442722096 seconds
Avg batch train. time: 0.00999639938080233 seconds
Avg sample train. time: 0.0013427999168241936 seconds
Evaluating on validation set ...
Validation runtime: 0.0 hours, 0.0 minutes, 0.005704641342163086 seconds

Avg val. time: 0.0 hours, 0.0 minutes, 0.015958622882240696 seconds
Avg batch val. time: 0.015958622882240696 seconds
Avg sample val. time: 0.001994827860280087 seconds
Epoch 34 Validation Summary: epoch: 34.000000 | loss: 1.945522 | accuracy: 0.375000 | precision: 0.312500 | 
Epoch 35 Training Summary: epoch: 35.000000 | loss: 0.146238 | 
Epoch runtime: 0.0 hours, 0.0 minutes, 0.08259749412536621 seconds

Avg epoch train. time: 0.0 hours, 0.0 minutes, 0.08975702013288225 seconds
Avg batch train. time: 0.009973002236986918 seconds
Avg sample train. time: 0.0013396570169086903 seconds
Epoch 36 Training Summary: epoch: 36.000000 | loss: 0.117209 | 
Epoch runtime: 0.0 hours, 0.0 minutes, 0.07910394668579102 seconds

Avg epoch train. time: 0.0 hours, 0.0 minutes, 0.08946110142601861 seconds
Avg batch train. time: 0.009940122380668735 seconds
Avg sample train. time: 0.0013352403197913225 seconds
Evaluating on validation set ...
Validation runtime: 0.0 hours, 0.0 minutes, 0.007008552551269531 seconds

Avg val. time: 0.0 hours, 0.0 minutes, 0.015511119365692138 seconds
Avg batch val. time: 0.015511119365692138 seconds
Avg sample val. time: 0.0019388899207115173 seconds
Epoch 36 Validation Summary: epoch: 36.000000 | loss: 2.303160 | accuracy: 0.250000 | precision: 0.222222 | 
Epoch 37 Training Summary: epoch: 37.000000 | loss: 0.104486 | 
Epoch runtime: 0.0 hours, 0.0 minutes, 0.08695292472839355 seconds

Avg epoch train. time: 0.0 hours, 0.0 minutes, 0.08939331286662333 seconds
Avg batch train. time: 0.009932590318513703 seconds
Avg sample train. time: 0.0013342285502481095 seconds
Epoch 38 Training Summary: epoch: 38.000000 | loss: 0.111932 | 
Epoch runtime: 0.0 hours, 0.0 minutes, 0.08541250228881836 seconds

Avg epoch train. time: 0.0 hours, 0.0 minutes, 0.0892885546935232 seconds
Avg batch train. time: 0.009920950521502579 seconds
Avg sample train. time: 0.0013326649954257194 seconds
Evaluating on validation set ...
Validation runtime: 0.0 hours, 0.0 minutes, 0.006505012512207031 seconds

Avg val. time: 0.0 hours, 0.0 minutes, 0.0150822571345738 seconds
Avg batch val. time: 0.0150822571345738 seconds
Avg sample val. time: 0.001885282141821725 seconds
Epoch 38 Validation Summary: epoch: 38.000000 | loss: 2.455141 | accuracy: 0.375000 | precision: 0.416667 | 
Epoch 39 Training Summary: epoch: 39.000000 | loss: 0.102649 | 
Epoch runtime: 0.0 hours, 0.0 minutes, 0.08558821678161621 seconds

Avg epoch train. time: 0.0 hours, 0.0 minutes, 0.08919367423424354 seconds
Avg batch train. time: 0.009910408248249283 seconds
Avg sample train. time: 0.001331248869167814 seconds
Epoch 40 Training Summary: epoch: 40.000000 | loss: 0.061358 | 
Epoch runtime: 0.0 hours, 0.0 minutes, 0.09022879600524902 seconds

Avg epoch train. time: 0.0 hours, 0.0 minutes, 0.08921955227851867 seconds
Avg batch train. time: 0.009913283586502075 seconds
Avg sample train. time: 0.001331635108634607 seconds
Evaluating on validation set ...
Validation runtime: 0.0 hours, 0.0 minutes, 0.008390188217163086 seconds

Avg val. time: 0.0 hours, 0.0 minutes, 0.014778072183782404 seconds
Avg batch val. time: 0.014778072183782404 seconds
Avg sample val. time: 0.0018472590229728005 seconds
Epoch 40 Validation Summary: epoch: 40.000000 | loss: 2.494497 | accuracy: 0.375000 | precision: 0.375000 | 
Best accuracy was 0.375. Other metrics: OrderedDict([('epoch', 12), ('loss', 1.4029176235198975), ('accuracy', 0.375), ('precision', 0.3125)])
All Done!
Total runtime: 0.0 hours, 0.0 minutes, 6.606990337371826 seconds

