Running:
src/main_5q.py --output_dir experiments --comment classification from Scratch --name VRS_fromScratch --records_file VRS_records.xls --data_dir /mnt/d/OneDrive - Southern Methodist University/Phone_Privacy/input_feature/all_processpos_norm_downsample_480p_s22 --data_class vrs --val_ratio 0.1 --epochs 40 --lr 0.001 --dropout 0.2 --batch_size 8 --num_layers 3 --num_heads 4 --optimizer RAdam --pos_encoding learnable --task classification --normalization none --key_metric accuracy

Using device: cuda
Loading and preprocessing data ...
271 samples may be used for training
31 samples will be used for validation
0 samples will be used for testing
Creating model ...
Model:
TSTransformerEncoderClassiregressor(
  (project_inp): Linear(in_features=39, out_features=64, bias=True)
  (pos_enc): LearnablePositionalEncoding(
    (dropout): Dropout(p=0.2, inplace=False)
  )
  (transformer_encoder): TransformerEncoder(
    (layers): ModuleList(
      (0-2): 3 x TransformerBatchNormEncoderLayer(
        (self_attn): MultiheadAttention(
          (out_proj): NonDynamicallyQuantizableLinear(in_features=64, out_features=64, bias=True)
        )
        (linear1): Linear(in_features=64, out_features=256, bias=True)
        (dropout): Dropout(p=0.2, inplace=False)
        (linear2): Linear(in_features=256, out_features=64, bias=True)
        (norm1): BatchNorm1d(64, eps=1e-05, momentum=0.1, affine=True, track_running_stats=True)
        (norm2): BatchNorm1d(64, eps=1e-05, momentum=0.1, affine=True, track_running_stats=True)
        (dropout1): Dropout(p=0.2, inplace=False)
        (dropout2): Dropout(p=0.2, inplace=False)
      )
    )
  )
  (dropout1): Dropout(p=0.2, inplace=False)
  (output_layer): Linear(in_features=5120, out_features=5, bias=True)
)
Total number of parameters: 183237
Trainable parameters: 183237
Evaluating on validation set ...
Validation runtime: 0.0 hours, 0.0 minutes, 0.24456787109375 seconds

Avg val. time: 0.0 hours, 0.0 minutes, 0.24456787109375 seconds
Avg batch val. time: 0.0611419677734375 seconds
Avg sample val. time: 0.007889286164314516 seconds
Epoch 0 Validation Summary: epoch: 0.000000 | loss: 3.078509 | accuracy: 0.193548 | precision: 0.100000 | 
Starting training...
Epoch 1 Training Summary: epoch: 1.000000 | loss: 1.675521 | 
Epoch runtime: 0.0 hours, 0.0 minutes, 0.6371121406555176 seconds

Avg epoch train. time: 0.0 hours, 0.0 minutes, 0.6371121406555176 seconds
Avg batch train. time: 0.018738592372221106 seconds
Avg sample train. time: 0.002350967308691947 seconds
Evaluating on validation set ...
Validation runtime: 0.0 hours, 0.0 minutes, 0.020194292068481445 seconds

Avg val. time: 0.0 hours, 0.0 minutes, 0.13238108158111572 seconds
Avg batch val. time: 0.03309527039527893 seconds
Avg sample val. time: 0.004270357470358571 seconds
Epoch 1 Validation Summary: epoch: 1.000000 | loss: 1.603864 | accuracy: 0.225806 | precision: 0.355914 | 
Epoch 2 Training Summary: epoch: 2.000000 | loss: 1.655670 | 
Epoch runtime: 0.0 hours, 0.0 minutes, 0.5415170192718506 seconds

Avg epoch train. time: 0.0 hours, 0.0 minutes, 0.5893145799636841 seconds
Avg batch train. time: 0.017332781763637766 seconds
Avg sample train. time: 0.0021745925459914542 seconds
Evaluating on validation set ...
Validation runtime: 0.0 hours, 0.0 minutes, 0.032918453216552734 seconds

Avg val. time: 0.0 hours, 0.0 minutes, 0.0992268721262614 seconds
Avg batch val. time: 0.02480671803156535 seconds
Avg sample val. time: 0.003200866842782626 seconds
Epoch 2 Validation Summary: epoch: 2.000000 | loss: 1.611562 | accuracy: 0.225806 | precision: 0.246774 | 
Epoch 3 Training Summary: epoch: 3.000000 | loss: 1.693828 | 
Epoch runtime: 0.0 hours, 0.0 minutes, 0.5140633583068848 seconds

Avg epoch train. time: 0.0 hours, 0.0 minutes, 0.5642308394114176 seconds
Avg batch train. time: 0.016595024688571106 seconds
Avg sample train. time: 0.0020820326177543084 seconds
Epoch 4 Training Summary: epoch: 4.000000 | loss: 1.641457 | 
Epoch runtime: 0.0 hours, 0.0 minutes, 0.5109200477600098 seconds

Avg epoch train. time: 0.0 hours, 0.0 minutes, 0.5509031414985657 seconds
Avg batch train. time: 0.016203033573487225 seconds
Avg sample train. time: 0.002032852920658914 seconds
Evaluating on validation set ...
Validation runtime: 0.0 hours, 0.0 minutes, 0.020115375518798828 seconds

Avg val. time: 0.0 hours, 0.0 minutes, 0.07944899797439575 seconds
Avg batch val. time: 0.019862249493598938 seconds
Avg sample val. time: 0.002562870902399863 seconds
Epoch 4 Validation Summary: epoch: 4.000000 | loss: 1.610592 | accuracy: 0.258065 | precision: 0.219816 | 
Epoch 5 Training Summary: epoch: 5.000000 | loss: 1.623526 | 
Epoch runtime: 0.0 hours, 0.0 minutes, 0.4666743278503418 seconds

Avg epoch train. time: 0.0 hours, 0.0 minutes, 0.5340573787689209 seconds
Avg batch train. time: 0.01570756996379179 seconds
Avg sample train. time: 0.001970691434571664 seconds
Epoch 6 Training Summary: epoch: 6.000000 | loss: 1.628865 | 
Epoch runtime: 0.0 hours, 0.0 minutes, 0.43530702590942383 seconds

Avg epoch train. time: 0.0 hours, 0.0 minutes, 0.5175989866256714 seconds
Avg batch train. time: 0.015223499606637395 seconds
Avg sample train. time: 0.0019099593602423298 seconds
Evaluating on validation set ...
Validation runtime: 0.0 hours, 0.0 minutes, 0.02224564552307129 seconds

Avg val. time: 0.0 hours, 0.0 minutes, 0.06800832748413085 seconds
Avg batch val. time: 0.017002081871032713 seconds
Avg sample val. time: 0.002193817015617124 seconds
Epoch 6 Validation Summary: epoch: 6.000000 | loss: 1.631019 | accuracy: 0.129032 | precision: 0.112750 | 
Epoch 7 Training Summary: epoch: 7.000000 | loss: 1.599134 | 
Epoch runtime: 0.0 hours, 0.0 minutes, 0.44980287551879883 seconds

Avg epoch train. time: 0.0 hours, 0.0 minutes, 0.5079138278961182 seconds
Avg batch train. time: 0.014938641996944653 seconds
Avg sample train. time: 0.0018742207671443474 seconds
Epoch 8 Training Summary: epoch: 8.000000 | loss: 1.633372 | 
Epoch runtime: 0.0 hours, 0.0 minutes, 0.441023588180542 seconds

Avg epoch train. time: 0.0 hours, 0.0 minutes, 0.49955254793167114 seconds
Avg batch train. time: 0.014692721997990328 seconds
Avg sample train. time: 0.001843367335541222 seconds
Evaluating on validation set ...
Validation runtime: 0.0 hours, 0.0 minutes, 0.019797086715698242 seconds

Avg val. time: 0.0 hours, 0.0 minutes, 0.05997312068939209 seconds
Avg batch val. time: 0.014993280172348022 seconds
Avg sample val. time: 0.001934616796432003 seconds
Epoch 8 Validation Summary: epoch: 8.000000 | loss: 1.608502 | accuracy: 0.161290 | precision: 0.122581 | 
Epoch 9 Training Summary: epoch: 9.000000 | loss: 1.581021 | 
Epoch runtime: 0.0 hours, 0.0 minutes, 0.43766045570373535 seconds

Avg epoch train. time: 0.0 hours, 0.0 minutes, 0.49267564879523384 seconds
Avg batch train. time: 0.01449046025868335 seconds
Avg sample train. time: 0.0018179913239676525 seconds
Epoch 10 Training Summary: epoch: 10.000000 | loss: 1.506831 | 
Epoch runtime: 0.0 hours, 0.0 minutes, 0.48551249504089355 seconds

Avg epoch train. time: 0.0 hours, 0.0 minutes, 0.4919593334197998 seconds
Avg batch train. time: 0.014469392159405877 seconds
Avg sample train. time: 0.0018153480937999993 seconds
Evaluating on validation set ...
Validation runtime: 0.0 hours, 0.0 minutes, 0.020116806030273438 seconds

Avg val. time: 0.0 hours, 0.0 minutes, 0.05427936145237514 seconds
Avg batch val. time: 0.013569840363093786 seconds
Avg sample val. time: 0.0017509471436250046 seconds
Epoch 10 Validation Summary: epoch: 10.000000 | loss: 1.609816 | accuracy: 0.258065 | precision: 0.157576 | 
Epoch 11 Training Summary: epoch: 11.000000 | loss: 1.497174 | 
Epoch runtime: 0.0 hours, 0.0 minutes, 0.46944522857666016 seconds

Avg epoch train. time: 0.0 hours, 0.0 minutes, 0.489912596615878 seconds
Avg batch train. time: 0.014409194018114059 seconds
Avg sample train. time: 0.0018077955594681845 seconds
Epoch 12 Training Summary: epoch: 12.000000 | loss: 1.424980 | 
Epoch runtime: 0.0 hours, 0.0 minutes, 0.42760300636291504 seconds

Avg epoch train. time: 0.0 hours, 0.0 minutes, 0.4847201307614644 seconds
Avg batch train. time: 0.014256474434160718 seconds
Avg sample train. time: 0.0017886351688614923 seconds
Evaluating on validation set ...
Validation runtime: 0.0 hours, 0.0 minutes, 0.017687082290649414 seconds

Avg val. time: 0.0 hours, 0.0 minutes, 0.049705326557159424 seconds
Avg batch val. time: 0.012426331639289856 seconds
Avg sample val. time: 0.0016033976308761104 seconds
Epoch 12 Validation Summary: epoch: 12.000000 | loss: 1.569021 | accuracy: 0.387097 | precision: 0.479367 | 
Epoch 13 Training Summary: epoch: 13.000000 | loss: 1.345691 | 
Epoch runtime: 0.0 hours, 0.0 minutes, 0.43186402320861816 seconds

Avg epoch train. time: 0.0 hours, 0.0 minutes, 0.4806542763343224 seconds
Avg batch train. time: 0.014136890480421247 seconds
Avg sample train. time: 0.0017736320159938096 seconds
Epoch 14 Training Summary: epoch: 14.000000 | loss: 1.321089 | 
Epoch runtime: 0.0 hours, 0.0 minutes, 0.45257043838500977 seconds

Avg epoch train. time: 0.0 hours, 0.0 minutes, 0.47864828790937153 seconds
Avg batch train. time: 0.014077890820863869 seconds
Avg sample train. time: 0.0017662298446840278 seconds
Evaluating on validation set ...
Validation runtime: 0.0 hours, 0.0 minutes, 0.02090620994567871 seconds

Avg val. time: 0.0 hours, 0.0 minutes, 0.04650542471143934 seconds
Avg batch val. time: 0.011626356177859835 seconds
Avg sample val. time: 0.0015001749906915916 seconds
Epoch 14 Validation Summary: epoch: 14.000000 | loss: 1.751116 | accuracy: 0.354839 | precision: 0.210805 | 
Epoch 15 Training Summary: epoch: 15.000000 | loss: 1.348706 | 
Epoch runtime: 0.0 hours, 0.0 minutes, 0.4355475902557373 seconds

Avg epoch train. time: 0.0 hours, 0.0 minutes, 0.4757749080657959 seconds
Avg batch train. time: 0.013993379648993998 seconds
Avg sample train. time: 0.0017556269670324573 seconds
Epoch 16 Training Summary: epoch: 16.000000 | loss: 1.243854 | 
Epoch runtime: 0.0 hours, 0.0 minutes, 0.42595887184143066 seconds

Avg epoch train. time: 0.0 hours, 0.0 minutes, 0.47266140580177307 seconds
Avg batch train. time: 0.013901806052993326 seconds
Avg sample train. time: 0.0017441380287888306 seconds
Evaluating on validation set ...
Validation runtime: 0.0 hours, 0.0 minutes, 0.0185854434967041 seconds

Avg val. time: 0.0 hours, 0.0 minutes, 0.04371342658996582 seconds
Avg batch val. time: 0.010928356647491455 seconds
Avg sample val. time: 0.0014101105351601877 seconds
Epoch 16 Validation Summary: epoch: 16.000000 | loss: 1.530766 | accuracy: 0.354839 | precision: 0.406403 | 
Epoch 17 Training Summary: epoch: 17.000000 | loss: 1.263139 | 
Epoch runtime: 0.0 hours, 0.0 minutes, 0.44801783561706543 seconds

Avg epoch train. time: 0.0 hours, 0.0 minutes, 0.471211784026202 seconds
Avg batch train. time: 0.013859170118417707 seconds
Avg sample train. time: 0.0017387888709453948 seconds
Epoch 18 Training Summary: epoch: 18.000000 | loss: 1.232866 | 
Epoch runtime: 0.0 hours, 0.0 minutes, 0.46170592308044434 seconds

Avg epoch train. time: 0.0 hours, 0.0 minutes, 0.4706836806403266 seconds
Avg batch train. time: 0.013843637665891959 seconds
Avg sample train. time: 0.0017368401499643048 seconds
Evaluating on validation set ...
Validation runtime: 0.0 hours, 0.0 minutes, 0.017246246337890625 seconds

Avg val. time: 0.0 hours, 0.0 minutes, 0.041307319294322624 seconds
Avg batch val. time: 0.010326829823580656 seconds
Avg sample val. time: 0.0013324941707846007 seconds
Epoch 18 Validation Summary: epoch: 18.000000 | loss: 1.451562 | accuracy: 0.290323 | precision: 0.295699 | 
Epoch 19 Training Summary: epoch: 19.000000 | loss: 1.191194 | 
Epoch runtime: 0.0 hours, 0.0 minutes, 0.4437992572784424 seconds

Avg epoch train. time: 0.0 hours, 0.0 minutes, 0.46926871098970113 seconds
Avg batch train. time: 0.013802020911461798 seconds
Avg sample train. time: 0.0017316188597405946 seconds
Epoch 20 Training Summary: epoch: 20.000000 | loss: 1.185805 | 
Epoch runtime: 0.0 hours, 0.0 minutes, 0.4455375671386719 seconds

Avg epoch train. time: 0.0 hours, 0.0 minutes, 0.4680821537971497 seconds
Avg batch train. time: 0.013767122170504402 seconds
Avg sample train. time: 0.0017272404199156815 seconds
Evaluating on validation set ...
Validation runtime: 0.0 hours, 0.0 minutes, 0.020165443420410156 seconds

Avg val. time: 0.0 hours, 0.0 minutes, 0.03954549630482992 seconds
Avg batch val. time: 0.00988637407620748 seconds
Avg sample val. time: 0.0012756611711235457 seconds
Epoch 20 Validation Summary: epoch: 20.000000 | loss: 1.694111 | accuracy: 0.451613 | precision: 0.394428 | 
Epoch 21 Training Summary: epoch: 21.000000 | loss: 1.182648 | 
Epoch runtime: 0.0 hours, 0.0 minutes, 0.42435121536254883 seconds

Avg epoch train. time: 0.0 hours, 0.0 minutes, 0.46599972815740676 seconds
Avg batch train. time: 0.013705874357570787 seconds
Avg sample train. time: 0.0017195561924627555 seconds
Epoch 22 Training Summary: epoch: 22.000000 | loss: 1.073388 | 
Epoch runtime: 0.0 hours, 0.0 minutes, 0.4392890930175781 seconds

Avg epoch train. time: 0.0 hours, 0.0 minutes, 0.46478560837832367 seconds
Avg batch train. time: 0.013670164952303637 seconds
Avg sample train. time: 0.0017150760456764711 seconds
Evaluating on validation set ...
Validation runtime: 0.0 hours, 0.0 minutes, 0.021792888641357422 seconds

Avg val. time: 0.0 hours, 0.0 minutes, 0.038179911099947415 seconds
Avg batch val. time: 0.009544977774986854 seconds
Avg sample val. time: 0.0012316100354821747 seconds
Epoch 22 Validation Summary: epoch: 22.000000 | loss: 1.799212 | accuracy: 0.290323 | precision: 0.216129 | 
Epoch 23 Training Summary: epoch: 23.000000 | loss: 1.042101 | 
Epoch runtime: 0.0 hours, 0.0 minutes, 0.45003366470336914 seconds

Avg epoch train. time: 0.0 hours, 0.0 minutes, 0.4641442195228908 seconds
Avg batch train. time: 0.013651300574202671 seconds
Avg sample train. time: 0.0017127092971324384 seconds
Epoch 24 Training Summary: epoch: 24.000000 | loss: 1.024924 | 
Epoch runtime: 0.0 hours, 0.0 minutes, 0.43282175064086914 seconds

Avg epoch train. time: 0.0 hours, 0.0 minutes, 0.4628391166528066 seconds
Avg batch train. time: 0.013612915195670781 seconds
Avg sample train. time: 0.00170789341938305 seconds
Evaluating on validation set ...
Validation runtime: 0.0 hours, 0.0 minutes, 0.018284082412719727 seconds

Avg val. time: 0.0 hours, 0.0 minutes, 0.03675878047943115 seconds
Avg batch val. time: 0.009189695119857788 seconds
Avg sample val. time: 0.0011857671122397146 seconds
Epoch 24 Validation Summary: epoch: 24.000000 | loss: 1.941078 | accuracy: 0.354839 | precision: 0.252976 | 
Epoch 25 Training Summary: epoch: 25.000000 | loss: 1.027980 | 
Epoch runtime: 0.0 hours, 0.0 minutes, 0.42839527130126953 seconds

Avg epoch train. time: 0.0 hours, 0.0 minutes, 0.4614613628387451 seconds
Avg batch train. time: 0.013572393024668974 seconds
Avg sample train. time: 0.0017028094569695393 seconds
Epoch 26 Training Summary: epoch: 26.000000 | loss: 0.907680 | 
Epoch runtime: 0.0 hours, 0.0 minutes, 0.4352238178253174 seconds

Avg epoch train. time: 0.0 hours, 0.0 minutes, 0.46045222649207485 seconds
Avg batch train. time: 0.013542712543884554 seconds
Avg sample train. time: 0.0016990857066128222 seconds
Evaluating on validation set ...
Validation runtime: 0.0 hours, 0.0 minutes, 0.01773810386657715 seconds

Avg val. time: 0.0 hours, 0.0 minutes, 0.03549073537190755 seconds
Avg batch val. time: 0.008872683842976887 seconds
Avg sample val. time: 0.0011448624313518563 seconds
Epoch 26 Validation Summary: epoch: 26.000000 | loss: 1.933434 | accuracy: 0.290323 | precision: 0.288889 | 
Epoch 27 Training Summary: epoch: 27.000000 | loss: 0.879894 | 
Epoch runtime: 0.0 hours, 0.0 minutes, 0.43543577194213867 seconds

Avg epoch train. time: 0.0 hours, 0.0 minutes, 0.4595256911383735 seconds
Avg batch train. time: 0.013515461504069808 seconds
Avg sample train. time: 0.0016956667569681678 seconds
Epoch 28 Training Summary: epoch: 28.000000 | loss: 0.833005 | 
Epoch runtime: 0.0 hours, 0.0 minutes, 0.4436781406402588 seconds

Avg epoch train. time: 0.0 hours, 0.0 minutes, 0.45895970719201223 seconds
Avg batch train. time: 0.013498814917412125 seconds
Avg sample train. time: 0.0016935782553210784 seconds
Evaluating on validation set ...
Validation runtime: 0.0 hours, 0.0 minutes, 0.018200397491455078 seconds

Avg val. time: 0.0 hours, 0.0 minutes, 0.03441008925437927 seconds
Avg batch val. time: 0.008602522313594818 seconds
Avg sample val. time: 0.001110002879173525 seconds
Epoch 28 Validation Summary: epoch: 28.000000 | loss: 1.625605 | accuracy: 0.516129 | precision: 0.510138 | 
Epoch 29 Training Summary: epoch: 29.000000 | loss: 0.740851 | 
Epoch runtime: 0.0 hours, 0.0 minutes, 0.4390757083892822 seconds

Avg epoch train. time: 0.0 hours, 0.0 minutes, 0.4582740520608836 seconds
Avg batch train. time: 0.01347864859002599 seconds
Avg sample train. time: 0.0016910481625862863 seconds
Epoch 30 Training Summary: epoch: 30.000000 | loss: 0.772740 | 
Epoch runtime: 0.0 hours, 0.0 minutes, 0.4327993392944336 seconds

Avg epoch train. time: 0.0 hours, 0.0 minutes, 0.4574248949686686 seconds
Avg batch train. time: 0.01345367338143143 seconds
Avg sample train. time: 0.001687914741581803 seconds
Evaluating on validation set ...
Validation runtime: 0.0 hours, 0.0 minutes, 0.019382476806640625 seconds

Avg val. time: 0.0 hours, 0.0 minutes, 0.03352611205157112 seconds
Avg batch val. time: 0.00838152801289278 seconds
Avg sample val. time: 0.0010814874855345521 seconds
Epoch 30 Validation Summary: epoch: 30.000000 | loss: 1.946135 | accuracy: 0.419355 | precision: 0.365591 | 
Epoch 31 Training Summary: epoch: 31.000000 | loss: 0.719657 | 
Epoch runtime: 0.0 hours, 0.0 minutes, 0.44975805282592773 seconds

Avg epoch train. time: 0.0 hours, 0.0 minutes, 0.4571775774801931 seconds
Avg batch train. time: 0.013446399337652739 seconds
Avg sample train. time: 0.0016870021309232219 seconds
Epoch 32 Training Summary: epoch: 32.000000 | loss: 0.667007 | 
Epoch runtime: 0.0 hours, 0.0 minutes, 0.4432039260864258 seconds

Avg epoch train. time: 0.0 hours, 0.0 minutes, 0.4567409008741379 seconds
Avg batch train. time: 0.013433555908062878 seconds
Avg sample train. time: 0.00168539077813335 seconds
Evaluating on validation set ...
Validation runtime: 0.0 hours, 0.0 minutes, 0.020035266876220703 seconds

Avg val. time: 0.0 hours, 0.0 minutes, 0.03277662065294054 seconds
Avg batch val. time: 0.008194155163235135 seconds
Avg sample val. time: 0.0010573103436432433 seconds
Epoch 32 Validation Summary: epoch: 32.000000 | loss: 2.014431 | accuracy: 0.483871 | precision: 0.496188 | 
Epoch 33 Training Summary: epoch: 33.000000 | loss: 0.594798 | 
Epoch runtime: 0.0 hours, 0.0 minutes, 0.4398059844970703 seconds

Avg epoch train. time: 0.0 hours, 0.0 minutes, 0.4562277215899843 seconds
Avg batch train. time: 0.01341846239970542 seconds
Avg sample train. time: 0.0016834971276383185 seconds
Epoch 34 Training Summary: epoch: 34.000000 | loss: 0.612299 | 
Epoch runtime: 0.0 hours, 0.0 minutes, 0.42560696601867676 seconds

Avg epoch train. time: 0.0 hours, 0.0 minutes, 0.4553271111320047 seconds
Avg batch train. time: 0.013391973856823667 seconds
Avg sample train. time: 0.0016801738418155154 seconds
Evaluating on validation set ...
Validation runtime: 0.0 hours, 0.0 minutes, 0.017900466918945312 seconds

Avg val. time: 0.0 hours, 0.0 minutes, 0.03199366519325658 seconds
Avg batch val. time: 0.007998416298314145 seconds
Avg sample val. time: 0.0010320537159115026 seconds
Epoch 34 Validation Summary: epoch: 34.000000 | loss: 2.321660 | accuracy: 0.225806 | precision: 0.193548 | 
Epoch 35 Training Summary: epoch: 35.000000 | loss: 0.631633 | 
Epoch runtime: 0.0 hours, 0.0 minutes, 0.4580247402191162 seconds

Avg epoch train. time: 0.0 hours, 0.0 minutes, 0.4554041862487793 seconds
Avg batch train. time: 0.013394240772022921 seconds
Avg sample train. time: 0.001680458251840514 seconds
Epoch 36 Training Summary: epoch: 36.000000 | loss: 0.543886 | 
Epoch runtime: 0.0 hours, 0.0 minutes, 0.43905138969421387 seconds

Avg epoch train. time: 0.0 hours, 0.0 minutes, 0.45494994190004134 seconds
Avg batch train. time: 0.013380880644118864 seconds
Avg sample train. time: 0.0016787820734318868 seconds
Evaluating on validation set ...
Validation runtime: 0.0 hours, 0.0 minutes, 0.017598390579223633 seconds

Avg val. time: 0.0 hours, 0.0 minutes, 0.03127390146255493 seconds
Avg batch val. time: 0.007818475365638733 seconds
Avg sample val. time: 0.0010088355310501592 seconds
Epoch 36 Validation Summary: epoch: 36.000000 | loss: 2.129302 | accuracy: 0.419355 | precision: 0.355376 | 
Epoch 37 Training Summary: epoch: 37.000000 | loss: 0.549359 | 
Epoch runtime: 0.0 hours, 0.0 minutes, 0.42003703117370605 seconds

Avg epoch train. time: 0.0 hours, 0.0 minutes, 0.45400634971824855 seconds
Avg batch train. time: 0.013353127932889662 seconds
Avg sample train. time: 0.0016753001834621717 seconds
Epoch 38 Training Summary: epoch: 38.000000 | loss: 0.556190 | 
Epoch runtime: 0.0 hours, 0.0 minutes, 0.41080427169799805 seconds

Avg epoch train. time: 0.0 hours, 0.0 minutes, 0.45286945292824193 seconds
Avg batch train. time: 0.013319689792007115 seconds
Avg sample train. time: 0.0016711049923551363 seconds
Evaluating on validation set ...
Validation runtime: 0.0 hours, 0.0 minutes, 0.019051313400268555 seconds

Avg val. time: 0.0 hours, 0.0 minutes, 0.030691873459588914 seconds
Avg batch val. time: 0.007672968364897228 seconds
Avg sample val. time: 0.0009900604341802875 seconds
Epoch 38 Validation Summary: epoch: 38.000000 | loss: 2.113261 | accuracy: 0.387097 | precision: 0.475269 | 
Epoch 39 Training Summary: epoch: 39.000000 | loss: 0.540863 | 
Epoch runtime: 0.0 hours, 0.0 minutes, 0.41395139694213867 seconds

Avg epoch train. time: 0.0 hours, 0.0 minutes, 0.4518715540568034 seconds
Avg batch train. time: 0.013290339825200101 seconds
Avg sample train. time: 0.0016674227086966916 seconds
Epoch 40 Training Summary: epoch: 40.000000 | loss: 0.458789 | 
Epoch runtime: 0.0 hours, 0.0 minutes, 0.4390246868133545 seconds

Avg epoch train. time: 0.0 hours, 0.0 minutes, 0.45155038237571715 seconds
Avg batch train. time: 0.013280893599285798 seconds
Avg sample train. time: 0.0016662375733421297 seconds
Evaluating on validation set ...
Validation runtime: 0.0 hours, 0.0 minutes, 0.024154186248779297 seconds

Avg val. time: 0.0 hours, 0.0 minutes, 0.03039470585909757 seconds
Avg batch val. time: 0.007598676464774392 seconds
Avg sample val. time: 0.0009804743825515346 seconds
Epoch 40 Validation Summary: epoch: 40.000000 | loss: 1.934666 | accuracy: 0.322581 | precision: 0.311828 | 
Best accuracy was 0.5161290322580645. Other metrics: OrderedDict([('epoch', 28), ('loss', 1.6256052140266664), ('accuracy', 0.5161290322580645), ('precision', 0.5101382488479262)])
All Done!
Total runtime: 0.0 hours, 0.0 minutes, 25.72324275970459 seconds

