Running:
src/main_5q.py --output_dir experiments --comment classification from Scratch --name VRS_fromScratch --records_file VRS_records.xls --data_dir /mnt/d/OneDrive - Southern Methodist University/Phone_Privacy/input_feature/all_noprocesspos_norm_downsample_480p_s22 --data_class vrs --val_ratio 0.1 --epochs 40 --lr 0.001 --dropout 0.2 --batch_size 8 --num_layers 3 --num_heads 4 --optimizer RAdam --pos_encoding learnable --task classification --normalization none --key_metric accuracy

Using device: cuda
Loading and preprocessing data ...
271 samples may be used for training
31 samples will be used for validation
0 samples will be used for testing
Creating model ...
Model:
TSTransformerEncoderClassiregressor(
  (project_inp): Linear(in_features=39, out_features=64, bias=True)
  (pos_enc): LearnablePositionalEncoding(
    (dropout): Dropout(p=0.2, inplace=False)
  )
  (transformer_encoder): TransformerEncoder(
    (layers): ModuleList(
      (0-2): 3 x TransformerBatchNormEncoderLayer(
        (self_attn): MultiheadAttention(
          (out_proj): NonDynamicallyQuantizableLinear(in_features=64, out_features=64, bias=True)
        )
        (linear1): Linear(in_features=64, out_features=256, bias=True)
        (dropout): Dropout(p=0.2, inplace=False)
        (linear2): Linear(in_features=256, out_features=64, bias=True)
        (norm1): BatchNorm1d(64, eps=1e-05, momentum=0.1, affine=True, track_running_stats=True)
        (norm2): BatchNorm1d(64, eps=1e-05, momentum=0.1, affine=True, track_running_stats=True)
        (dropout1): Dropout(p=0.2, inplace=False)
        (dropout2): Dropout(p=0.2, inplace=False)
      )
    )
  )
  (dropout1): Dropout(p=0.2, inplace=False)
  (output_layer): Linear(in_features=5120, out_features=5, bias=True)
)
Total number of parameters: 183237
Trainable parameters: 183237
Evaluating on validation set ...
Validation runtime: 0.0 hours, 0.0 minutes, 0.3828275203704834 seconds

Avg val. time: 0.0 hours, 0.0 minutes, 0.3828275203704834 seconds
Avg batch val. time: 0.09570688009262085 seconds
Avg sample val. time: 0.012349274850660754 seconds
Epoch 0 Validation Summary: epoch: 0.000000 | loss: 2.709075 | accuracy: 0.225806 | precision: 0.225806 | 
Starting training...
Epoch 1 Training Summary: epoch: 1.000000 | loss: 1.642661 | 
Epoch runtime: 0.0 hours, 0.0 minutes, 0.4905579090118408 seconds

Avg epoch train. time: 0.0 hours, 0.0 minutes, 0.4905579090118408 seconds
Avg batch train. time: 0.014428173794465907 seconds
Avg sample train. time: 0.001810176786021553 seconds
Evaluating on validation set ...
Validation runtime: 0.0 hours, 0.0 minutes, 0.014050006866455078 seconds

Avg val. time: 0.0 hours, 0.0 minutes, 0.19843876361846924 seconds
Avg batch val. time: 0.04960969090461731 seconds
Avg sample val. time: 0.006401250439305459 seconds
Epoch 1 Validation Summary: epoch: 1.000000 | loss: 1.584126 | accuracy: 0.322581 | precision: 0.274552 | 
Epoch 2 Training Summary: epoch: 2.000000 | loss: 1.681399 | 
Epoch runtime: 0.0 hours, 0.0 minutes, 0.2949028015136719 seconds

Avg epoch train. time: 0.0 hours, 0.0 minutes, 0.39273035526275635 seconds
Avg batch train. time: 0.011550892801845776 seconds
Avg sample train. time: 0.001449189502814599 seconds
Evaluating on validation set ...
Validation runtime: 0.0 hours, 0.0 minutes, 0.013110637664794922 seconds

Avg val. time: 0.0 hours, 0.0 minutes, 0.13666272163391113 seconds
Avg batch val. time: 0.03416568040847778 seconds
Avg sample val. time: 0.004408474891416488 seconds
Epoch 2 Validation Summary: epoch: 2.000000 | loss: 1.576137 | accuracy: 0.225806 | precision: 0.246898 | 
Epoch 3 Training Summary: epoch: 3.000000 | loss: 1.664979 | 
Epoch runtime: 0.0 hours, 0.0 minutes, 0.31606268882751465 seconds

Avg epoch train. time: 0.0 hours, 0.0 minutes, 0.3671744664510091 seconds
Avg batch train. time: 0.010799249013264973 seconds
Avg sample train. time: 0.0013548873300775243 seconds
Epoch 4 Training Summary: epoch: 4.000000 | loss: 1.659693 | 
Epoch runtime: 0.0 hours, 0.0 minutes, 0.32323551177978516 seconds

Avg epoch train. time: 0.0 hours, 0.0 minutes, 0.3561897277832031 seconds
Avg batch train. time: 0.010476168464211857 seconds
Avg sample train. time: 0.0013143532390524101 seconds
Evaluating on validation set ...
Validation runtime: 0.0 hours, 0.0 minutes, 0.01501154899597168 seconds

Avg val. time: 0.0 hours, 0.0 minutes, 0.10624992847442627 seconds
Avg batch val. time: 0.026562482118606567 seconds
Avg sample val. time: 0.0034274170475621377 seconds
Epoch 4 Validation Summary: epoch: 4.000000 | loss: 1.605164 | accuracy: 0.258065 | precision: 0.342166 | 
Epoch 5 Training Summary: epoch: 5.000000 | loss: 1.668371 | 
Epoch runtime: 0.0 hours, 0.0 minutes, 0.31560540199279785 seconds

Avg epoch train. time: 0.0 hours, 0.0 minutes, 0.34807286262512205 seconds
Avg batch train. time: 0.010237437136033001 seconds
Avg sample train. time: 0.0012844017071037715 seconds
Epoch 6 Training Summary: epoch: 6.000000 | loss: 1.648624 | 
Epoch runtime: 0.0 hours, 0.0 minutes, 0.3096325397491455 seconds

Avg epoch train. time: 0.0 hours, 0.0 minutes, 0.34166614214579266 seconds
Avg batch train. time: 0.010049004180758608 seconds
Avg sample train. time: 0.0012607606721246963 seconds
Evaluating on validation set ...
Validation runtime: 0.0 hours, 0.0 minutes, 0.013722419738769531 seconds

Avg val. time: 0.0 hours, 0.0 minutes, 0.08774442672729492 seconds
Avg batch val. time: 0.02193610668182373 seconds
Avg sample val. time: 0.0028304653782998362 seconds
Epoch 6 Validation Summary: epoch: 6.000000 | loss: 1.566847 | accuracy: 0.193548 | precision: 0.346083 | 
Epoch 7 Training Summary: epoch: 7.000000 | loss: 1.664610 | 
Epoch runtime: 0.0 hours, 0.0 minutes, 0.3138911724090576 seconds

Avg epoch train. time: 0.0 hours, 0.0 minutes, 0.33769828932625906 seconds
Avg batch train. time: 0.009932302627242914 seconds
Avg sample train. time: 0.001246119148805384 seconds
Epoch 8 Training Summary: epoch: 8.000000 | loss: 1.635300 | 
Epoch runtime: 0.0 hours, 0.0 minutes, 0.30535268783569336 seconds

Avg epoch train. time: 0.0 hours, 0.0 minutes, 0.33365508913993835 seconds
Avg batch train. time: 0.009813384974704069 seconds
Avg sample train. time: 0.0012311995909222817 seconds
Evaluating on validation set ...
Validation runtime: 0.0 hours, 0.0 minutes, 0.014408349990844727 seconds

Avg val. time: 0.0 hours, 0.0 minutes, 0.0755217472712199 seconds
Avg batch val. time: 0.018880436817804973 seconds
Avg sample val. time: 0.002436185395845803 seconds
Epoch 8 Validation Summary: epoch: 8.000000 | loss: 1.542441 | accuracy: 0.290323 | precision: 0.261751 | 
Epoch 9 Training Summary: epoch: 9.000000 | loss: 1.581874 | 
Epoch runtime: 0.0 hours, 0.0 minutes, 0.3722658157348633 seconds

Avg epoch train. time: 0.0 hours, 0.0 minutes, 0.3379451698727078 seconds
Avg batch train. time: 0.009939563819785523 seconds
Avg sample train. time: 0.001247030147131763 seconds
Epoch 10 Training Summary: epoch: 10.000000 | loss: 1.563849 | 
Epoch runtime: 0.0 hours, 0.0 minutes, 0.32335352897644043 seconds

Avg epoch train. time: 0.0 hours, 0.0 minutes, 0.3364860057830811 seconds
Avg batch train. time: 0.00989664722891415 seconds
Avg sample train. time: 0.0012416457777973471 seconds
Evaluating on validation set ...
Validation runtime: 0.0 hours, 0.0 minutes, 0.014463186264038086 seconds

Avg val. time: 0.0 hours, 0.0 minutes, 0.06679909569876534 seconds
Avg batch val. time: 0.016699773924691335 seconds
Avg sample val. time: 0.0021548095386698498 seconds
Epoch 10 Validation Summary: epoch: 10.000000 | loss: 1.516388 | accuracy: 0.354839 | precision: 0.388172 | 
Epoch 11 Training Summary: epoch: 11.000000 | loss: 1.547058 | 
Epoch runtime: 0.0 hours, 0.0 minutes, 0.32344651222229004 seconds

Avg epoch train. time: 0.0 hours, 0.0 minutes, 0.3353005972775546 seconds
Avg batch train. time: 0.009861782272869254 seconds
Avg sample train. time: 0.0012372715766699432 seconds
Epoch 12 Training Summary: epoch: 12.000000 | loss: 1.566441 | 
Epoch runtime: 0.0 hours, 0.0 minutes, 0.29935216903686523 seconds

Avg epoch train. time: 0.0 hours, 0.0 minutes, 0.3323048949241638 seconds
Avg batch train. time: 0.009773673380122465 seconds
Avg sample train. time: 0.001226217324443409 seconds
Evaluating on validation set ...
Validation runtime: 0.0 hours, 0.0 minutes, 0.014110803604125977 seconds

Avg val. time: 0.0 hours, 0.0 minutes, 0.060213059186935425 seconds
Avg batch val. time: 0.015053264796733856 seconds
Avg sample val. time: 0.001942356747965659 seconds
Epoch 12 Validation Summary: epoch: 12.000000 | loss: 1.628970 | accuracy: 0.290323 | precision: 0.298932 | 
Epoch 13 Training Summary: epoch: 13.000000 | loss: 1.510224 | 
Epoch runtime: 0.0 hours, 0.0 minutes, 0.3319814205169678 seconds

Avg epoch train. time: 0.0 hours, 0.0 minutes, 0.3322800122774564 seconds
Avg batch train. time: 0.009772941537572247 seconds
Avg sample train. time: 0.0012261255065588797 seconds
Epoch 14 Training Summary: epoch: 14.000000 | loss: 1.374515 | 
Epoch runtime: 0.0 hours, 0.0 minutes, 0.3065063953399658 seconds

Avg epoch train. time: 0.0 hours, 0.0 minutes, 0.33043903963906424 seconds
Avg batch train. time: 0.00971879528350189 seconds
Avg sample train. time: 0.001219332249590643 seconds
Evaluating on validation set ...
Validation runtime: 0.0 hours, 0.0 minutes, 0.013905525207519531 seconds

Avg val. time: 0.0 hours, 0.0 minutes, 0.05506777763366699 seconds
Avg batch val. time: 0.013766944408416748 seconds
Avg sample val. time: 0.0017763799236666772 seconds
Epoch 14 Validation Summary: epoch: 14.000000 | loss: 1.502738 | accuracy: 0.354839 | precision: 0.370968 | 
Epoch 15 Training Summary: epoch: 15.000000 | loss: 1.390520 | 
Epoch runtime: 0.0 hours, 0.0 minutes, 0.333782434463501 seconds

Avg epoch train. time: 0.0 hours, 0.0 minutes, 0.33066193262736004 seconds
Avg batch train. time: 0.009725350959628237 seconds
Avg sample train. time: 0.001220154732942288 seconds
Epoch 16 Training Summary: epoch: 16.000000 | loss: 1.405976 | 
Epoch runtime: 0.0 hours, 0.0 minutes, 0.35200047492980957 seconds

Avg epoch train. time: 0.0 hours, 0.0 minutes, 0.3319955915212631 seconds
Avg batch train. time: 0.00976457622121362 seconds
Avg sample train. time: 0.0012250759834732956 seconds
Evaluating on validation set ...
Validation runtime: 0.0 hours, 0.0 minutes, 0.01564335823059082 seconds

Avg val. time: 0.0 hours, 0.0 minutes, 0.05112533569335938 seconds
Avg batch val. time: 0.012781333923339844 seconds
Avg sample val. time: 0.0016492043772051413 seconds
Epoch 16 Validation Summary: epoch: 16.000000 | loss: 1.562645 | accuracy: 0.354839 | precision: 0.437381 | 
Epoch 17 Training Summary: epoch: 17.000000 | loss: 1.311003 | 
Epoch runtime: 0.0 hours, 0.0 minutes, 0.35201311111450195 seconds

Avg epoch train. time: 0.0 hours, 0.0 minutes, 0.33317309267380657 seconds
Avg batch train. time: 0.009799208608053134 seconds
Avg sample train. time: 0.001229421006176408 seconds
Epoch 18 Training Summary: epoch: 18.000000 | loss: 1.284370 | 
Epoch runtime: 0.0 hours, 0.0 minutes, 0.3494396209716797 seconds

Avg epoch train. time: 0.0 hours, 0.0 minutes, 0.33407678869035506 seconds
Avg batch train. time: 0.009825787902657502 seconds
Avg sample train. time: 0.0012327556778241884 seconds
Evaluating on validation set ...
Validation runtime: 0.0 hours, 0.0 minutes, 0.01607060432434082 seconds

Avg val. time: 0.0 hours, 0.0 minutes, 0.047938541932539505 seconds
Avg batch val. time: 0.011984635483134876 seconds
Avg sample val. time: 0.0015464045784690163 seconds
Epoch 18 Validation Summary: epoch: 18.000000 | loss: 1.609873 | accuracy: 0.322581 | precision: 0.327273 | 
Epoch 19 Training Summary: epoch: 19.000000 | loss: 1.235644 | 
Epoch runtime: 0.0 hours, 0.0 minutes, 0.3383917808532715 seconds

Avg epoch train. time: 0.0 hours, 0.0 minutes, 0.3343038935410349 seconds
Avg batch train. time: 0.009832467457089262 seconds
Avg sample train. time: 0.0012335937031034499 seconds
Epoch 20 Training Summary: epoch: 20.000000 | loss: 1.211395 | 
Epoch runtime: 0.0 hours, 0.0 minutes, 0.32422614097595215 seconds

Avg epoch train. time: 0.0 hours, 0.0 minutes, 0.33380000591278075 seconds
Avg batch train. time: 0.009817647232728845 seconds
Avg sample train. time: 0.0012317343391615525 seconds
Evaluating on validation set ...
Validation runtime: 0.0 hours, 0.0 minutes, 0.014372587203979492 seconds

Avg val. time: 0.0 hours, 0.0 minutes, 0.045141379038492836 seconds
Avg batch val. time: 0.011285344759623209 seconds
Avg sample val. time: 0.0014561735173707366 seconds
Epoch 20 Validation Summary: epoch: 20.000000 | loss: 1.692697 | accuracy: 0.387097 | precision: 0.412000 | 
Epoch 21 Training Summary: epoch: 21.000000 | loss: 1.211598 | 
Epoch runtime: 0.0 hours, 0.0 minutes, 0.32956695556640625 seconds

Avg epoch train. time: 0.0 hours, 0.0 minutes, 0.33359843208676293 seconds
Avg batch train. time: 0.009811718590787145 seconds
Avg sample train. time: 0.0012309905243053983 seconds
Epoch 22 Training Summary: epoch: 22.000000 | loss: 1.140124 | 
Epoch runtime: 0.0 hours, 0.0 minutes, 0.32109689712524414 seconds

Avg epoch train. time: 0.0 hours, 0.0 minutes, 0.33303018049760297 seconds
Avg batch train. time: 0.009795005308753029 seconds
Avg sample train. time: 0.0012288936549727048 seconds
Evaluating on validation set ...
Validation runtime: 0.0 hours, 0.0 minutes, 0.01433110237121582 seconds

Avg val. time: 0.0 hours, 0.0 minutes, 0.04277135775639461 seconds
Avg batch val. time: 0.010692839439098652 seconds
Avg sample val. time: 0.0013797212179482133 seconds
Epoch 22 Validation Summary: epoch: 22.000000 | loss: 1.512325 | accuracy: 0.387097 | precision: 0.393779 | 
Epoch 23 Training Summary: epoch: 23.000000 | loss: 1.162349 | 
Epoch runtime: 0.0 hours, 0.0 minutes, 0.3253452777862549 seconds

Avg epoch train. time: 0.0 hours, 0.0 minutes, 0.3326960542927618 seconds
Avg batch train. time: 0.00978517806743417 seconds
Avg sample train. time: 0.0012276607169474604 seconds
Epoch 24 Training Summary: epoch: 24.000000 | loss: 1.074071 | 
Epoch runtime: 0.0 hours, 0.0 minutes, 0.3235929012298584 seconds

Avg epoch train. time: 0.0 hours, 0.0 minutes, 0.3323167562484741 seconds
Avg batch train. time: 0.00977402224260218 seconds
Avg sample train. time: 0.0012262610931678011 seconds
Evaluating on validation set ...
Validation runtime: 0.0 hours, 0.0 minutes, 0.01609206199645996 seconds

Avg val. time: 0.0 hours, 0.0 minutes, 0.040865693773542135 seconds
Avg batch val. time: 0.010216423443385534 seconds
Avg sample val. time: 0.0013182481862432946 seconds
Epoch 24 Validation Summary: epoch: 24.000000 | loss: 1.591033 | accuracy: 0.290323 | precision: 0.296467 | 
Epoch 25 Training Summary: epoch: 25.000000 | loss: 1.081229 | 
Epoch runtime: 0.0 hours, 0.0 minutes, 0.3576371669769287 seconds

Avg epoch train. time: 0.0 hours, 0.0 minutes, 0.3333295726776123 seconds
Avg batch train. time: 0.009803810961106245 seconds
Avg sample train. time: 0.0012299984231646211 seconds
Epoch 26 Training Summary: epoch: 26.000000 | loss: 0.921728 | 
Epoch runtime: 0.0 hours, 0.0 minutes, 0.33966708183288574 seconds

Avg epoch train. time: 0.0 hours, 0.0 minutes, 0.3335733230297382 seconds
Avg batch train. time: 0.009810980089109947 seconds
Avg sample train. time: 0.0012308978709584435 seconds
Evaluating on validation set ...
Validation runtime: 0.0 hours, 0.0 minutes, 0.01497793197631836 seconds

Avg val. time: 0.0 hours, 0.0 minutes, 0.039139842987060545 seconds
Avg batch val. time: 0.009784960746765136 seconds
Avg sample val. time: 0.0012625755802277594 seconds
Epoch 26 Validation Summary: epoch: 26.000000 | loss: 1.802322 | accuracy: 0.258065 | precision: 0.278495 | 
Epoch 27 Training Summary: epoch: 27.000000 | loss: 1.021454 | 
Epoch runtime: 0.0 hours, 0.0 minutes, 0.34638094902038574 seconds

Avg epoch train. time: 0.0 hours, 0.0 minutes, 0.3340476795479103 seconds
Avg batch train. time: 0.009824931751409126 seconds
Avg sample train. time: 0.0012326482640144293 seconds
Epoch 28 Training Summary: epoch: 28.000000 | loss: 1.051914 | 
Epoch runtime: 0.0 hours, 0.0 minutes, 0.32897019386291504 seconds

Avg epoch train. time: 0.0 hours, 0.0 minutes, 0.33386634077344624 seconds
Avg batch train. time: 0.009819598258042536 seconds
Avg sample train. time: 0.001231979117245189 seconds
Evaluating on validation set ...
Validation runtime: 0.0 hours, 0.0 minutes, 0.01577448844909668 seconds

Avg val. time: 0.0 hours, 0.0 minutes, 0.037679508328437805 seconds
Avg batch val. time: 0.009419877082109451 seconds
Avg sample val. time: 0.0012154680105947678 seconds
Epoch 28 Validation Summary: epoch: 28.000000 | loss: 1.711488 | accuracy: 0.290323 | precision: 0.312584 | 
Epoch 29 Training Summary: epoch: 29.000000 | loss: 0.840418 | 
Epoch runtime: 0.0 hours, 0.0 minutes, 0.3342111110687256 seconds

Avg epoch train. time: 0.0 hours, 0.0 minutes, 0.33387822940431794 seconds
Avg batch train. time: 0.00981994792365641 seconds
Avg sample train. time: 0.0012320229867318006 seconds
Epoch 30 Training Summary: epoch: 30.000000 | loss: 0.893680 | 
Epoch runtime: 0.0 hours, 0.0 minutes, 0.3450024127960205 seconds

Avg epoch train. time: 0.0 hours, 0.0 minutes, 0.33424903551737467 seconds
Avg batch train. time: 0.009830853985805138 seconds
Avg sample train. time: 0.0012333912749718623 seconds
Evaluating on validation set ...
Validation runtime: 0.0 hours, 0.0 minutes, 0.01515507698059082 seconds

Avg val. time: 0.0 hours, 0.0 minutes, 0.03635454177856445 seconds
Avg batch val. time: 0.009088635444641113 seconds
Avg sample val. time: 0.0011727271541472405 seconds
Epoch 30 Validation Summary: epoch: 30.000000 | loss: 1.548426 | accuracy: 0.419355 | precision: 0.389247 | 
Epoch 31 Training Summary: epoch: 31.000000 | loss: 0.812428 | 
Epoch runtime: 0.0 hours, 0.0 minutes, 0.34475207328796387 seconds

Avg epoch train. time: 0.0 hours, 0.0 minutes, 0.3345878431873937 seconds
Avg batch train. time: 0.009840818917276286 seconds
Avg sample train. time: 0.0012346414877763606 seconds
Epoch 32 Training Summary: epoch: 32.000000 | loss: 0.757488 | 
Epoch runtime: 0.0 hours, 0.0 minutes, 0.3293130397796631 seconds

Avg epoch train. time: 0.0 hours, 0.0 minutes, 0.3344230055809021 seconds
Avg batch train. time: 0.009835970752379474 seconds
Avg sample train. time: 0.001234033230925838 seconds
Evaluating on validation set ...
Validation runtime: 0.0 hours, 0.0 minutes, 0.016659021377563477 seconds

Avg val. time: 0.0 hours, 0.0 minutes, 0.03526034620073107 seconds
Avg batch val. time: 0.008815086550182767 seconds
Avg sample val. time: 0.001137430522604228 seconds
Epoch 32 Validation Summary: epoch: 32.000000 | loss: 1.755945 | accuracy: 0.322581 | precision: 0.320276 | 
Epoch 33 Training Summary: epoch: 33.000000 | loss: 0.735495 | 
Epoch runtime: 0.0 hours, 0.0 minutes, 0.32666015625 seconds

Avg epoch train. time: 0.0 hours, 0.0 minutes, 0.3341877677223899 seconds
Avg batch train. time: 0.009829051991834996 seconds
Avg sample train. time: 0.001233165194547564 seconds
Epoch 34 Training Summary: epoch: 34.000000 | loss: 0.712730 | 
Epoch runtime: 0.0 hours, 0.0 minutes, 0.32052063941955566 seconds

Avg epoch train. time: 0.0 hours, 0.0 minutes, 0.33378579336054187 seconds
Avg batch train. time: 0.009817229216486525 seconds
Avg sample train. time: 0.0012316818943193426 seconds
Evaluating on validation set ...
Validation runtime: 0.0 hours, 0.0 minutes, 0.01405954360961914 seconds

Avg val. time: 0.0 hours, 0.0 minutes, 0.03414451448540939 seconds
Avg batch val. time: 0.008536128621352347 seconds
Avg sample val. time: 0.0011014359511422383 seconds
Epoch 34 Validation Summary: epoch: 34.000000 | loss: 1.620687 | accuracy: 0.451613 | precision: 0.415136 | 
Epoch 35 Training Summary: epoch: 35.000000 | loss: 0.742424 | 
Epoch runtime: 0.0 hours, 0.0 minutes, 0.30668044090270996 seconds

Avg epoch train. time: 0.0 hours, 0.0 minutes, 0.3330113547188895 seconds
Avg batch train. time: 0.009794451609379102 seconds
Avg sample train. time: 0.0012288241871545738 seconds
Epoch 36 Training Summary: epoch: 36.000000 | loss: 0.644682 | 
Epoch runtime: 0.0 hours, 0.0 minutes, 0.3255884647369385 seconds

Avg epoch train. time: 0.0 hours, 0.0 minutes, 0.332805163330502 seconds
Avg batch train. time: 0.00978838715677947 seconds
Avg sample train. time: 0.0012280633333228855 seconds
Evaluating on validation set ...
Validation runtime: 0.0 hours, 0.0 minutes, 0.014322996139526367 seconds

Avg val. time: 0.0 hours, 0.0 minutes, 0.033153438568115236 seconds
Avg batch val. time: 0.008288359642028809 seconds
Avg sample val. time: 0.0010694657602617818 seconds
Epoch 36 Validation Summary: epoch: 36.000000 | loss: 1.684892 | accuracy: 0.451613 | precision: 0.374731 | 
Epoch 37 Training Summary: epoch: 37.000000 | loss: 0.536797 | 
Epoch runtime: 0.0 hours, 0.0 minutes, 0.3346731662750244 seconds

Avg epoch train. time: 0.0 hours, 0.0 minutes, 0.3328556498965701 seconds
Avg batch train. time: 0.009789872055781475 seconds
Avg sample train. time: 0.00122824963061465 seconds
Epoch 38 Training Summary: epoch: 38.000000 | loss: 0.617074 | 
Epoch runtime: 0.0 hours, 0.0 minutes, 0.3130204677581787 seconds

Avg epoch train. time: 0.0 hours, 0.0 minutes, 0.3323336714192441 seconds
Avg batch train. time: 0.009774519747624826 seconds
Avg sample train. time: 0.0012263235107721185 seconds
Evaluating on validation set ...
Validation runtime: 0.0 hours, 0.0 minutes, 0.015028715133666992 seconds

Avg val. time: 0.0 hours, 0.0 minutes, 0.03229035649980817 seconds
Avg batch val. time: 0.008072589124952043 seconds
Avg sample val. time: 0.0010416244032196184 seconds
Epoch 38 Validation Summary: epoch: 38.000000 | loss: 1.763614 | accuracy: 0.451613 | precision: 0.416487 | 
Epoch 39 Training Summary: epoch: 39.000000 | loss: 0.629824 | 
Epoch runtime: 0.0 hours, 0.0 minutes, 0.3118412494659424 seconds

Avg epoch train. time: 0.0 hours, 0.0 minutes, 0.3318082247024927 seconds
Avg batch train. time: 0.009759065432426257 seconds
Avg sample train. time: 0.001224384592998128 seconds
Epoch 40 Training Summary: epoch: 40.000000 | loss: 0.561103 | 
Epoch runtime: 0.0 hours, 0.0 minutes, 0.3851935863494873 seconds

Avg epoch train. time: 0.0 hours, 0.0 minutes, 0.3331428587436676 seconds
Avg batch train. time: 0.009798319374813753 seconds
Avg sample train. time: 0.0012293094418585522 seconds
Evaluating on validation set ...
Validation runtime: 0.0 hours, 0.0 minutes, 0.020280838012695312 seconds

Avg val. time: 0.0 hours, 0.0 minutes, 0.0317444692958485 seconds
Avg batch val. time: 0.007936117323962126 seconds
Avg sample val. time: 0.0010240151385757582 seconds
Epoch 40 Validation Summary: epoch: 40.000000 | loss: 1.876467 | accuracy: 0.419355 | precision: 0.385910 | 
Best accuracy was 0.45161290322580644. Other metrics: OrderedDict([('epoch', 34), ('loss', 1.6206868079400831), ('accuracy', 0.45161290322580644), ('precision', 0.41513647642679896)])
All Done!
Total runtime: 0.0 hours, 0.0 minutes, 21.163350105285645 seconds

