Running:
src/main_crosssetting.py --output_dir experiments --target_user ZeyuZoom --user_othersetting Zeyu --comment classification from Scratch --name VRS_fromScratch --records_file VRS_records.xls --data_dir /mnt/d/OneDrive - Southern Methodist University/Phone_Privacy/input_feature/opticalflow_22_downsample_480p_s22 --test_data_dir /mnt/d/OneDrive - Southern Methodist University/Phone_Privacy/input_feature/opticalflow_22_downsample_480p_s22 --data_class vrs --val_ratio 0.1 --epochs 40 --lr 0.001 --dropout 0.2 --batch_size 8 --num_layers 3 --num_heads 4 --optimizer RAdam --pos_encoding learnable --task classification --normalization none --key_metric accuracy

Using device: cuda
Loading and preprocessing data ...
67 samples may be used for training
8 samples will be used for validation
0 samples will be used for testing
Creating model ...
Model:
TSTransformerEncoderClassiregressor(
  (project_inp): Linear(in_features=8, out_features=64, bias=True)
  (pos_enc): LearnablePositionalEncoding(
    (dropout): Dropout(p=0.2, inplace=False)
  )
  (transformer_encoder): TransformerEncoder(
    (layers): ModuleList(
      (0-2): 3 x TransformerBatchNormEncoderLayer(
        (self_attn): MultiheadAttention(
          (out_proj): NonDynamicallyQuantizableLinear(in_features=64, out_features=64, bias=True)
        )
        (linear1): Linear(in_features=64, out_features=256, bias=True)
        (dropout): Dropout(p=0.2, inplace=False)
        (linear2): Linear(in_features=256, out_features=64, bias=True)
        (norm1): BatchNorm1d(64, eps=1e-05, momentum=0.1, affine=True, track_running_stats=True)
        (norm2): BatchNorm1d(64, eps=1e-05, momentum=0.1, affine=True, track_running_stats=True)
        (dropout1): Dropout(p=0.2, inplace=False)
        (dropout2): Dropout(p=0.2, inplace=False)
      )
    )
  )
  (dropout1): Dropout(p=0.2, inplace=False)
  (output_layer): Linear(in_features=5120, out_features=5, bias=True)
)
Total number of parameters: 181253
Trainable parameters: 181253
Evaluating on validation set ...
Validation runtime: 0.0 hours, 0.0 minutes, 0.22813630104064941 seconds

Avg val. time: 0.0 hours, 0.0 minutes, 0.22813630104064941 seconds
Avg batch val. time: 0.22813630104064941 seconds
Avg sample val. time: 0.028517037630081177 seconds
Epoch 0 Validation Summary: epoch: 0.000000 | loss: 5.164131 | accuracy: 0.250000 | precision: 0.333333 | 
Starting training...
Epoch 1 Training Summary: epoch: 1.000000 | loss: 1.631978 | 
Epoch runtime: 0.0 hours, 0.0 minutes, 0.22398686408996582 seconds

Avg epoch train. time: 0.0 hours, 0.0 minutes, 0.22398686408996582 seconds
Avg batch train. time: 0.024887429343329534 seconds
Avg sample train. time: 0.0033430875237308332 seconds
Evaluating on validation set ...
Validation runtime: 0.0 hours, 0.0 minutes, 0.007299184799194336 seconds

Avg val. time: 0.0 hours, 0.0 minutes, 0.11771774291992188 seconds
Avg batch val. time: 0.11771774291992188 seconds
Avg sample val. time: 0.014714717864990234 seconds
Epoch 1 Validation Summary: epoch: 1.000000 | loss: 1.782799 | accuracy: 0.125000 | precision: 0.166667 | 
Epoch 2 Training Summary: epoch: 2.000000 | loss: 1.602116 | 
Epoch runtime: 0.0 hours, 0.0 minutes, 0.09102797508239746 seconds

Avg epoch train. time: 0.0 hours, 0.0 minutes, 0.15750741958618164 seconds
Avg batch train. time: 0.017500824398464628 seconds
Avg sample train. time: 0.00235085700874898 seconds
Evaluating on validation set ...
Validation runtime: 0.0 hours, 0.0 minutes, 0.006881237030029297 seconds

Avg val. time: 0.0 hours, 0.0 minutes, 0.08077224095662434 seconds
Avg batch val. time: 0.08077224095662434 seconds
Avg sample val. time: 0.010096530119578043 seconds
Epoch 2 Validation Summary: epoch: 2.000000 | loss: 1.705629 | accuracy: 0.000000 | precision: 0.000000 | 
Epoch 3 Training Summary: epoch: 3.000000 | loss: 1.561435 | 
Epoch runtime: 0.0 hours, 0.0 minutes, 0.08808588981628418 seconds

Avg epoch train. time: 0.0 hours, 0.0 minutes, 0.13436690966288248 seconds
Avg batch train. time: 0.014929656629209163 seconds
Avg sample train. time: 0.0020054762636251117 seconds
Epoch 4 Training Summary: epoch: 4.000000 | loss: 1.489942 | 
Epoch runtime: 0.0 hours, 0.0 minutes, 0.08745384216308594 seconds

Avg epoch train. time: 0.0 hours, 0.0 minutes, 0.12263864278793335 seconds
Avg batch train. time: 0.013626515865325928 seconds
Avg sample train. time: 0.0018304275042975127 seconds
Evaluating on validation set ...
Validation runtime: 0.0 hours, 0.0 minutes, 0.0062677860260009766 seconds

Avg val. time: 0.0 hours, 0.0 minutes, 0.062146127223968506 seconds
Avg batch val. time: 0.062146127223968506 seconds
Avg sample val. time: 0.007768265902996063 seconds
Epoch 4 Validation Summary: epoch: 4.000000 | loss: 1.692871 | accuracy: 0.125000 | precision: 0.050000 | 
Epoch 5 Training Summary: epoch: 5.000000 | loss: 1.485987 | 
Epoch runtime: 0.0 hours, 0.0 minutes, 0.08357667922973633 seconds

Avg epoch train. time: 0.0 hours, 0.0 minutes, 0.11482625007629395 seconds
Avg batch train. time: 0.012758472230699328 seconds
Avg sample train. time: 0.0017138246280043873 seconds
Epoch 6 Training Summary: epoch: 6.000000 | loss: 1.462141 | 
Epoch runtime: 0.0 hours, 0.0 minutes, 0.10246086120605469 seconds

Avg epoch train. time: 0.0 hours, 0.0 minutes, 0.11276535193125407 seconds
Avg batch train. time: 0.012529483547917119 seconds
Avg sample train. time: 0.001683064954197822 seconds
Evaluating on validation set ...
Validation runtime: 0.0 hours, 0.0 minutes, 0.007400989532470703 seconds

Avg val. time: 0.0 hours, 0.0 minutes, 0.05119709968566895 seconds
Avg batch val. time: 0.05119709968566895 seconds
Avg sample val. time: 0.0063996374607086185 seconds
Epoch 6 Validation Summary: epoch: 6.000000 | loss: 1.669570 | accuracy: 0.125000 | precision: 0.050000 | 
Epoch 7 Training Summary: epoch: 7.000000 | loss: 1.393335 | 
Epoch runtime: 0.0 hours, 0.0 minutes, 0.09340167045593262 seconds

Avg epoch train. time: 0.0 hours, 0.0 minutes, 0.10999911172049386 seconds
Avg batch train. time: 0.012222123524499317 seconds
Avg sample train. time: 0.0016417777868730427 seconds
Epoch 8 Training Summary: epoch: 8.000000 | loss: 1.331909 | 
Epoch runtime: 0.0 hours, 0.0 minutes, 0.08267021179199219 seconds

Avg epoch train. time: 0.0 hours, 0.0 minutes, 0.10658299922943115 seconds
Avg batch train. time: 0.011842555469936795 seconds
Avg sample train. time: 0.001590791033275092 seconds
Evaluating on validation set ...
Validation runtime: 0.0 hours, 0.0 minutes, 0.0060272216796875 seconds

Avg val. time: 0.0 hours, 0.0 minutes, 0.043668786684672035 seconds
Avg batch val. time: 0.043668786684672035 seconds
Avg sample val. time: 0.005458598335584004 seconds
Epoch 8 Validation Summary: epoch: 8.000000 | loss: 1.630472 | accuracy: 0.125000 | precision: 0.050000 | 
Epoch 9 Training Summary: epoch: 9.000000 | loss: 1.263951 | 
Epoch runtime: 0.0 hours, 0.0 minutes, 0.08385920524597168 seconds

Avg epoch train. time: 0.0 hours, 0.0 minutes, 0.10405813323126899 seconds
Avg batch train. time: 0.011562014803474331 seconds
Avg sample train. time: 0.001553106466138343 seconds
Epoch 10 Training Summary: epoch: 10.000000 | loss: 1.230245 | 
Epoch runtime: 0.0 hours, 0.0 minutes, 0.08621621131896973 seconds

Avg epoch train. time: 0.0 hours, 0.0 minutes, 0.10227394104003906 seconds
Avg batch train. time: 0.011363771226671007 seconds
Avg sample train. time: 0.0015264767319408815 seconds
Evaluating on validation set ...
Validation runtime: 0.0 hours, 0.0 minutes, 0.006301164627075195 seconds

Avg val. time: 0.0 hours, 0.0 minutes, 0.0383305549621582 seconds
Avg batch val. time: 0.0383305549621582 seconds
Avg sample val. time: 0.004791319370269775 seconds
Epoch 10 Validation Summary: epoch: 10.000000 | loss: 1.605363 | accuracy: 0.375000 | precision: 0.380952 | 
Epoch 11 Training Summary: epoch: 11.000000 | loss: 1.168135 | 
Epoch runtime: 0.0 hours, 0.0 minutes, 0.0832362174987793 seconds

Avg epoch train. time: 0.0 hours, 0.0 minutes, 0.10054323889992454 seconds
Avg batch train. time: 0.011171470988880505 seconds
Avg sample train. time: 0.0015006453567152917 seconds
Epoch 12 Training Summary: epoch: 12.000000 | loss: 1.105476 | 
Epoch runtime: 0.0 hours, 0.0 minutes, 0.0842292308807373 seconds

Avg epoch train. time: 0.0 hours, 0.0 minutes, 0.09918373823165894 seconds
Avg batch train. time: 0.011020415359073214 seconds
Avg sample train. time: 0.0014803543019650588 seconds
Evaluating on validation set ...
Validation runtime: 0.0 hours, 0.0 minutes, 0.006094217300415039 seconds

Avg val. time: 0.0 hours, 0.0 minutes, 0.03430101275444031 seconds
Avg batch val. time: 0.03430101275444031 seconds
Avg sample val. time: 0.0042876265943050385 seconds
Epoch 12 Validation Summary: epoch: 12.000000 | loss: 1.605887 | accuracy: 0.125000 | precision: 0.166667 | 
Epoch 13 Training Summary: epoch: 13.000000 | loss: 1.005922 | 
Epoch runtime: 0.0 hours, 0.0 minutes, 0.09142231941223145 seconds

Avg epoch train. time: 0.0 hours, 0.0 minutes, 0.0985867060147799 seconds
Avg batch train. time: 0.010954078446086654 seconds
Avg sample train. time: 0.0014714433733549238 seconds
Epoch 14 Training Summary: epoch: 14.000000 | loss: 1.001992 | 
Epoch runtime: 0.0 hours, 0.0 minutes, 0.08644747734069824 seconds

Avg epoch train. time: 0.0 hours, 0.0 minutes, 0.0977196182523455 seconds
Avg batch train. time: 0.010857735361371723 seconds
Avg sample train. time: 0.0014585017649603807 seconds
Evaluating on validation set ...
Validation runtime: 0.0 hours, 0.0 minutes, 0.006639719009399414 seconds

Avg val. time: 0.0 hours, 0.0 minutes, 0.031227535671657987 seconds
Avg batch val. time: 0.031227535671657987 seconds
Avg sample val. time: 0.0039034419589572484 seconds
Epoch 14 Validation Summary: epoch: 14.000000 | loss: 1.583790 | accuracy: 0.375000 | precision: 0.380952 | 
Epoch 15 Training Summary: epoch: 15.000000 | loss: 0.951036 | 
Epoch runtime: 0.0 hours, 0.0 minutes, 0.08893513679504395 seconds

Avg epoch train. time: 0.0 hours, 0.0 minutes, 0.09713398615519206 seconds
Avg batch train. time: 0.010792665128354674 seconds
Avg sample train. time: 0.0014497609873909262 seconds
Epoch 16 Training Summary: epoch: 16.000000 | loss: 0.854351 | 
Epoch runtime: 0.0 hours, 0.0 minutes, 0.09512186050415039 seconds

Avg epoch train. time: 0.0 hours, 0.0 minutes, 0.09700822830200195 seconds
Avg batch train. time: 0.010778692033555772 seconds
Avg sample train. time: 0.0014478840045074918 seconds
Evaluating on validation set ...
Validation runtime: 0.0 hours, 0.0 minutes, 0.007421016693115234 seconds

Avg val. time: 0.0 hours, 0.0 minutes, 0.028846883773803712 seconds
Avg batch val. time: 0.028846883773803712 seconds
Avg sample val. time: 0.003605860471725464 seconds
Epoch 16 Validation Summary: epoch: 16.000000 | loss: 1.545981 | accuracy: 0.250000 | precision: 0.208333 | 
Epoch 17 Training Summary: epoch: 17.000000 | loss: 0.742640 | 
Epoch runtime: 0.0 hours, 0.0 minutes, 0.08989143371582031 seconds

Avg epoch train. time: 0.0 hours, 0.0 minutes, 0.0965895933263442 seconds
Avg batch train. time: 0.010732177036260468 seconds
Avg sample train. time: 0.0014416357212887194 seconds
Epoch 18 Training Summary: epoch: 18.000000 | loss: 0.793219 | 
Epoch runtime: 0.0 hours, 0.0 minutes, 0.08821678161621094 seconds

Avg epoch train. time: 0.0 hours, 0.0 minutes, 0.0961244371202257 seconds
Avg batch train. time: 0.01068049301335841 seconds
Avg sample train. time: 0.0014346930913466522 seconds
Evaluating on validation set ...
Validation runtime: 0.0 hours, 0.0 minutes, 0.006728649139404297 seconds

Avg val. time: 0.0 hours, 0.0 minutes, 0.02683613517067649 seconds
Avg batch val. time: 0.02683613517067649 seconds
Avg sample val. time: 0.0033545168963345614 seconds
Epoch 18 Validation Summary: epoch: 18.000000 | loss: 1.450442 | accuracy: 0.250000 | precision: 0.208333 | 
Epoch 19 Training Summary: epoch: 19.000000 | loss: 0.650781 | 
Epoch runtime: 0.0 hours, 0.0 minutes, 0.08872866630554199 seconds

Avg epoch train. time: 0.0 hours, 0.0 minutes, 0.09573518602471602 seconds
Avg batch train. time: 0.010637242891635113 seconds
Avg sample train. time: 0.0014288833735032242 seconds
Epoch 20 Training Summary: epoch: 20.000000 | loss: 0.602803 | 
Epoch runtime: 0.0 hours, 0.0 minutes, 0.09017276763916016 seconds

Avg epoch train. time: 0.0 hours, 0.0 minutes, 0.09545706510543824 seconds
Avg batch train. time: 0.010606340567270915 seconds
Avg sample train. time: 0.0014247323150065408 seconds
Evaluating on validation set ...
Validation runtime: 0.0 hours, 0.0 minutes, 0.0065364837646484375 seconds

Avg val. time: 0.0 hours, 0.0 minutes, 0.025144497553507488 seconds
Avg batch val. time: 0.025144497553507488 seconds
Avg sample val. time: 0.003143062194188436 seconds
Epoch 20 Validation Summary: epoch: 20.000000 | loss: 1.416678 | accuracy: 0.250000 | precision: 0.208333 | 
Epoch 21 Training Summary: epoch: 21.000000 | loss: 0.549595 | 
Epoch runtime: 0.0 hours, 0.0 minutes, 0.10638141632080078 seconds

Avg epoch train. time: 0.0 hours, 0.0 minutes, 0.09597727230616979 seconds
Avg batch train. time: 0.0106641413673522 seconds
Avg sample train. time: 0.0014324966015846236 seconds
Epoch 22 Training Summary: epoch: 22.000000 | loss: 0.539207 | 
Epoch runtime: 0.0 hours, 0.0 minutes, 0.09047102928161621 seconds

Avg epoch train. time: 0.0 hours, 0.0 minutes, 0.09572698853232643 seconds
Avg batch train. time: 0.010636332059147382 seconds
Avg sample train. time: 0.0014287610228705437 seconds
Evaluating on validation set ...
Validation runtime: 0.0 hours, 0.0 minutes, 0.007429838180541992 seconds

Avg val. time: 0.0 hours, 0.0 minutes, 0.023781831447894756 seconds
Avg batch val. time: 0.023781831447894756 seconds
Avg sample val. time: 0.0029727289309868445 seconds
Epoch 22 Validation Summary: epoch: 22.000000 | loss: 1.457677 | accuracy: 0.250000 | precision: 0.208333 | 
Epoch 23 Training Summary: epoch: 23.000000 | loss: 0.494001 | 
Epoch runtime: 0.0 hours, 0.0 minutes, 0.10546016693115234 seconds

Avg epoch train. time: 0.0 hours, 0.0 minutes, 0.0961501702018406 seconds
Avg batch train. time: 0.010683352244648956 seconds
Avg sample train. time: 0.0014350771671916508 seconds
Epoch 24 Training Summary: epoch: 24.000000 | loss: 0.460081 | 
Epoch runtime: 0.0 hours, 0.0 minutes, 0.10583043098449707 seconds

Avg epoch train. time: 0.0 hours, 0.0 minutes, 0.09655351440111797 seconds
Avg batch train. time: 0.010728168266790884 seconds
Avg sample train. time: 0.0014410972298674323 seconds
Evaluating on validation set ...
Validation runtime: 0.0 hours, 0.0 minutes, 0.007742881774902344 seconds

Avg val. time: 0.0 hours, 0.0 minutes, 0.022636192185538157 seconds
Avg batch val. time: 0.022636192185538157 seconds
Avg sample val. time: 0.0028295240231922696 seconds
Epoch 24 Validation Summary: epoch: 24.000000 | loss: 1.449172 | accuracy: 0.375000 | precision: 0.333333 | 
Epoch 25 Training Summary: epoch: 25.000000 | loss: 0.430603 | 
Epoch runtime: 0.0 hours, 0.0 minutes, 0.09452509880065918 seconds

Avg epoch train. time: 0.0 hours, 0.0 minutes, 0.0964723777770996 seconds
Avg batch train. time: 0.0107191530863444 seconds
Avg sample train. time: 0.0014398862354790985 seconds
Epoch 26 Training Summary: epoch: 26.000000 | loss: 0.385952 | 
Epoch runtime: 0.0 hours, 0.0 minutes, 0.08935165405273438 seconds

Avg epoch train. time: 0.0 hours, 0.0 minutes, 0.09619850378770095 seconds
Avg batch train. time: 0.010688722643077884 seconds
Avg sample train. time: 0.0014357985639955365 seconds
Evaluating on validation set ...
Validation runtime: 0.0 hours, 0.0 minutes, 0.006015300750732422 seconds

Avg val. time: 0.0 hours, 0.0 minutes, 0.02152813275655111 seconds
Avg batch val. time: 0.02152813275655111 seconds
Avg sample val. time: 0.0026910165945688885 seconds
Epoch 26 Validation Summary: epoch: 26.000000 | loss: 1.421098 | accuracy: 0.250000 | precision: 0.250000 | 
Epoch 27 Training Summary: epoch: 27.000000 | loss: 0.319872 | 
Epoch runtime: 0.0 hours, 0.0 minutes, 0.08531641960144043 seconds

Avg epoch train. time: 0.0 hours, 0.0 minutes, 0.09579546363265426 seconds
Avg batch train. time: 0.010643940403628252 seconds
Avg sample train. time: 0.0014297830392933472 seconds
Epoch 28 Training Summary: epoch: 28.000000 | loss: 0.312997 | 
Epoch runtime: 0.0 hours, 0.0 minutes, 0.08717942237854004 seconds

Avg epoch train. time: 0.0 hours, 0.0 minutes, 0.09548774787357875 seconds
Avg batch train. time: 0.010609749763730972 seconds
Avg sample train. time: 0.0014251902667698321 seconds
Evaluating on validation set ...
Validation runtime: 0.0 hours, 0.0 minutes, 0.006998538970947266 seconds

Avg val. time: 0.0 hours, 0.0 minutes, 0.020620033144950867 seconds
Avg batch val. time: 0.020620033144950867 seconds
Avg sample val. time: 0.0025775041431188583 seconds
Epoch 28 Validation Summary: epoch: 28.000000 | loss: 1.394110 | accuracy: 0.250000 | precision: 0.250000 | 
Epoch 29 Training Summary: epoch: 29.000000 | loss: 0.308218 | 
Epoch runtime: 0.0 hours, 0.0 minutes, 0.08483004570007324 seconds

Avg epoch train. time: 0.0 hours, 0.0 minutes, 0.09512024090207856 seconds
Avg batch train. time: 0.010568915655786507 seconds
Avg sample train. time: 0.0014197050880907249 seconds
Epoch 30 Training Summary: epoch: 30.000000 | loss: 0.212580 | 
Epoch runtime: 0.0 hours, 0.0 minutes, 0.08609747886657715 seconds

Avg epoch train. time: 0.0 hours, 0.0 minutes, 0.09481948216756185 seconds
Avg batch train. time: 0.010535498018617983 seconds
Avg sample train. time: 0.0014152161517546544 seconds
Evaluating on validation set ...
Validation runtime: 0.0 hours, 0.0 minutes, 0.006041765213012695 seconds

Avg val. time: 0.0 hours, 0.0 minutes, 0.019762487972483915 seconds
Avg batch val. time: 0.019762487972483915 seconds
Avg sample val. time: 0.0024703109965604894 seconds
Epoch 30 Validation Summary: epoch: 30.000000 | loss: 1.487453 | accuracy: 0.250000 | precision: 0.250000 | 
Epoch 31 Training Summary: epoch: 31.000000 | loss: 0.236641 | 
Epoch runtime: 0.0 hours, 0.0 minutes, 0.08231139183044434 seconds

Avg epoch train. time: 0.0 hours, 0.0 minutes, 0.09441599538249354 seconds
Avg batch train. time: 0.010490666153610393 seconds
Avg sample train. time: 0.0014091939609327394 seconds
Epoch 32 Training Summary: epoch: 32.000000 | loss: 0.215047 | 
Epoch runtime: 0.0 hours, 0.0 minutes, 0.08493161201477051 seconds

Avg epoch train. time: 0.0 hours, 0.0 minutes, 0.0941196084022522 seconds
Avg batch train. time: 0.01045773426691691 seconds
Avg sample train. time: 0.0014047702746604806 seconds
Evaluating on validation set ...
Validation runtime: 0.0 hours, 0.0 minutes, 0.005839109420776367 seconds

Avg val. time: 0.0 hours, 0.0 minutes, 0.018988966941833496 seconds
Avg batch val. time: 0.018988966941833496 seconds
Avg sample val. time: 0.002373620867729187 seconds
Epoch 32 Validation Summary: epoch: 32.000000 | loss: 1.668447 | accuracy: 0.375000 | precision: 0.333333 | 
Epoch 33 Training Summary: epoch: 33.000000 | loss: 0.205193 | 
Epoch runtime: 0.0 hours, 0.0 minutes, 0.08369016647338867 seconds

Avg epoch train. time: 0.0 hours, 0.0 minutes, 0.09380356470743816 seconds
Avg batch train. time: 0.010422618300826463 seconds
Avg sample train. time: 0.001400053204588629 seconds
Epoch 34 Training Summary: epoch: 34.000000 | loss: 0.204588 | 
Epoch runtime: 0.0 hours, 0.0 minutes, 0.08535361289978027 seconds

Avg epoch train. time: 0.0 hours, 0.0 minutes, 0.09355503671309527 seconds
Avg batch train. time: 0.010395004079232807 seconds
Avg sample train. time: 0.0013963438315387354 seconds
Evaluating on validation set ...
Validation runtime: 0.0 hours, 0.0 minutes, 0.00684046745300293 seconds

Avg val. time: 0.0 hours, 0.0 minutes, 0.018349572231895046 seconds
Avg batch val. time: 0.018349572231895046 seconds
Avg sample val. time: 0.002293696528986881 seconds
Epoch 34 Validation Summary: epoch: 34.000000 | loss: 1.741073 | accuracy: 0.250000 | precision: 0.250000 | 
Epoch 35 Training Summary: epoch: 35.000000 | loss: 0.144139 | 
Epoch runtime: 0.0 hours, 0.0 minutes, 0.08154559135437012 seconds

Avg epoch train. time: 0.0 hours, 0.0 minutes, 0.09321190970284599 seconds
Avg batch train. time: 0.010356878855871776 seconds
Avg sample train. time: 0.0013912225328782982 seconds
Epoch 36 Training Summary: epoch: 36.000000 | loss: 0.146093 | 
Epoch runtime: 0.0 hours, 0.0 minutes, 0.08924746513366699 seconds

Avg epoch train. time: 0.0 hours, 0.0 minutes, 0.09310178624259101 seconds
Avg batch train. time: 0.010344642915843446 seconds
Avg sample train. time: 0.0013895788991431493 seconds
Evaluating on validation set ...
Validation runtime: 0.0 hours, 0.0 minutes, 0.008025407791137695 seconds

Avg val. time: 0.0 hours, 0.0 minutes, 0.01783336400985718 seconds
Avg batch val. time: 0.01783336400985718 seconds
Avg sample val. time: 0.0022291705012321473 seconds
Epoch 36 Validation Summary: epoch: 36.000000 | loss: 1.783401 | accuracy: 0.375000 | precision: 0.333333 | 
Epoch 37 Training Summary: epoch: 37.000000 | loss: 0.125910 | 
Epoch runtime: 0.0 hours, 0.0 minutes, 0.08672595024108887 seconds

Avg epoch train. time: 0.0 hours, 0.0 minutes, 0.09292946635065852 seconds
Avg batch train. time: 0.010325496261184279 seconds
Avg sample train. time: 0.0013870069604575899 seconds
Epoch 38 Training Summary: epoch: 38.000000 | loss: 0.134291 | 
Epoch runtime: 0.0 hours, 0.0 minutes, 0.08474922180175781 seconds

Avg epoch train. time: 0.0 hours, 0.0 minutes, 0.0927141967572664 seconds
Avg batch train. time: 0.010301577417474044 seconds
Avg sample train. time: 0.0013837939814517373 seconds
Evaluating on validation set ...
Validation runtime: 0.0 hours, 0.0 minutes, 0.008133172988891602 seconds

Avg val. time: 0.0 hours, 0.0 minutes, 0.01737145015171596 seconds
Avg batch val. time: 0.01737145015171596 seconds
Avg sample val. time: 0.002171431268964495 seconds
Epoch 38 Validation Summary: epoch: 38.000000 | loss: 1.923733 | accuracy: 0.375000 | precision: 0.333333 | 
Epoch 39 Training Summary: epoch: 39.000000 | loss: 0.103170 | 
Epoch runtime: 0.0 hours, 0.0 minutes, 0.08012652397155762 seconds

Avg epoch train. time: 0.0 hours, 0.0 minutes, 0.0923914359166072 seconds
Avg batch train. time: 0.010265715101845244 seconds
Avg sample train. time: 0.0013789766554717492 seconds
Epoch 40 Training Summary: epoch: 40.000000 | loss: 0.071509 | 
Epoch runtime: 0.0 hours, 0.0 minutes, 0.08247756958007812 seconds

Avg epoch train. time: 0.0 hours, 0.0 minutes, 0.09214358925819396 seconds
Avg batch train. time: 0.010238176584243773 seconds
Avg sample train. time: 0.0013752774516148352 seconds
Evaluating on validation set ...
Validation runtime: 0.0 hours, 0.0 minutes, 0.006172895431518555 seconds

Avg val. time: 0.0 hours, 0.0 minutes, 0.016862424937161533 seconds
Avg batch val. time: 0.016862424937161533 seconds
Avg sample val. time: 0.0021078031171451917 seconds
Epoch 40 Validation Summary: epoch: 40.000000 | loss: 1.810704 | accuracy: 0.375000 | precision: 0.333333 | 
Best accuracy was 0.375. Other metrics: OrderedDict([('epoch', 10), ('loss', 1.6053626537322998), ('accuracy', 0.375), ('precision', 0.38095238095238093)])
All Done!
Total runtime: 0.0 hours, 0.0 minutes, 6.588283538818359 seconds

