Running:
src/main_5q.py --output_dir experiments --comment classification from Scratch --name VRS_fromScratch --records_file VRS_records.xls --data_dir /mnt/d/OneDrive - Southern Methodist University/Phone_Privacy/input_feature/all_nonorm_downsample_480p_s22 --data_class vrs --val_ratio 0.1 --epochs 40 --lr 0.001 --dropout 0.2 --batch_size 8 --num_layers 3 --num_heads 4 --optimizer RAdam --pos_encoding learnable --task classification --normalization none --key_metric accuracy

Using device: cuda
Loading and preprocessing data ...
204 samples may be used for training
23 samples will be used for validation
0 samples will be used for testing
Creating model ...
Model:
TSTransformerEncoderClassiregressor(
  (project_inp): Linear(in_features=39, out_features=64, bias=True)
  (pos_enc): LearnablePositionalEncoding(
    (dropout): Dropout(p=0.2, inplace=False)
  )
  (transformer_encoder): TransformerEncoder(
    (layers): ModuleList(
      (0-2): 3 x TransformerBatchNormEncoderLayer(
        (self_attn): MultiheadAttention(
          (out_proj): NonDynamicallyQuantizableLinear(in_features=64, out_features=64, bias=True)
        )
        (linear1): Linear(in_features=64, out_features=256, bias=True)
        (dropout): Dropout(p=0.2, inplace=False)
        (linear2): Linear(in_features=256, out_features=64, bias=True)
        (norm1): BatchNorm1d(64, eps=1e-05, momentum=0.1, affine=True, track_running_stats=True)
        (norm2): BatchNorm1d(64, eps=1e-05, momentum=0.1, affine=True, track_running_stats=True)
        (dropout1): Dropout(p=0.2, inplace=False)
        (dropout2): Dropout(p=0.2, inplace=False)
      )
    )
  )
  (dropout1): Dropout(p=0.2, inplace=False)
  (output_layer): Linear(in_features=5120, out_features=5, bias=True)
)
Total number of parameters: 183237
Trainable parameters: 183237
Evaluating on validation set ...
Validation runtime: 0.0 hours, 0.0 minutes, 0.36042165756225586 seconds

Avg val. time: 0.0 hours, 0.0 minutes, 0.36042165756225586 seconds
Avg batch val. time: 0.12014055252075195 seconds
Avg sample val. time: 0.015670506850532864 seconds
Epoch 0 Validation Summary: epoch: 0.000000 | loss: 3.886163 | accuracy: 0.217391 | precision: 0.153846 | 
Starting training...
Epoch 1 Training Summary: epoch: 1.000000 | loss: 1.696999 | 
Epoch runtime: 0.0 hours, 0.0 minutes, 0.44792723655700684 seconds

Avg epoch train. time: 0.0 hours, 0.0 minutes, 0.44792723655700684 seconds
Avg batch train. time: 0.017227970636807956 seconds
Avg sample train. time: 0.002195721747828465 seconds
Evaluating on validation set ...
Validation runtime: 0.0 hours, 0.0 minutes, 0.012033939361572266 seconds

Avg val. time: 0.0 hours, 0.0 minutes, 0.18622779846191406 seconds
Avg batch val. time: 0.06207593282063802 seconds
Avg sample val. time: 0.008096860802691916 seconds
Epoch 1 Validation Summary: epoch: 1.000000 | loss: 1.599685 | accuracy: 0.173913 | precision: 0.145743 | 
Epoch 2 Training Summary: epoch: 2.000000 | loss: 1.703175 | 
Epoch runtime: 0.0 hours, 0.0 minutes, 0.26659440994262695 seconds

Avg epoch train. time: 0.0 hours, 0.0 minutes, 0.3572608232498169 seconds
Avg batch train. time: 0.013740800894223727 seconds
Avg sample train. time: 0.0017512785453422397 seconds
Evaluating on validation set ...
Validation runtime: 0.0 hours, 0.0 minutes, 0.01218414306640625 seconds

Avg val. time: 0.0 hours, 0.0 minutes, 0.12821324666341147 seconds
Avg batch val. time: 0.04273774888780382 seconds
Avg sample val. time: 0.005574488985365716 seconds
Epoch 2 Validation Summary: epoch: 2.000000 | loss: 1.602173 | accuracy: 0.173913 | precision: 0.255853 | 
Epoch 3 Training Summary: epoch: 3.000000 | loss: 1.575056 | 
Epoch runtime: 0.0 hours, 0.0 minutes, 0.2600066661834717 seconds

Avg epoch train. time: 0.0 hours, 0.0 minutes, 0.32484277089436847 seconds
Avg batch train. time: 0.012493952726706479 seconds
Avg sample train. time: 0.0015923665239920024 seconds
Epoch 4 Training Summary: epoch: 4.000000 | loss: 1.617934 | 
Epoch runtime: 0.0 hours, 0.0 minutes, 0.26066088676452637 seconds

Avg epoch train. time: 0.0 hours, 0.0 minutes, 0.30879729986190796 seconds
Avg batch train. time: 0.011876819225457998 seconds
Avg sample train. time: 0.001513712254225039 seconds
Evaluating on validation set ...
Validation runtime: 0.0 hours, 0.0 minutes, 0.012038707733154297 seconds

Avg val. time: 0.0 hours, 0.0 minutes, 0.09916961193084717 seconds
Avg batch val. time: 0.03305653731028239 seconds
Avg sample val. time: 0.004311722257862921 seconds
Epoch 4 Validation Summary: epoch: 4.000000 | loss: 1.614580 | accuracy: 0.304348 | precision: 0.289855 | 
Epoch 5 Training Summary: epoch: 5.000000 | loss: 1.621078 | 
Epoch runtime: 0.0 hours, 0.0 minutes, 0.25595688819885254 seconds

Avg epoch train. time: 0.0 hours, 0.0 minutes, 0.2982292175292969 seconds
Avg batch train. time: 0.011470354520357572 seconds
Avg sample train. time: 0.0014619079290651808 seconds
Epoch 6 Training Summary: epoch: 6.000000 | loss: 1.611017 | 
Epoch runtime: 0.0 hours, 0.0 minutes, 0.25930070877075195 seconds

Avg epoch train. time: 0.0 hours, 0.0 minutes, 0.29174113273620605 seconds
Avg batch train. time: 0.011220812797546387 seconds
Avg sample train. time: 0.0014301035918441473 seconds
Evaluating on validation set ...
Validation runtime: 0.0 hours, 0.0 minutes, 0.012477397918701172 seconds

Avg val. time: 0.0 hours, 0.0 minutes, 0.08183116912841797 seconds
Avg batch val. time: 0.027277056376139322 seconds
Avg sample val. time: 0.003557876918626868 seconds
Epoch 6 Validation Summary: epoch: 6.000000 | loss: 1.633290 | accuracy: 0.260870 | precision: 0.288360 | 
Epoch 7 Training Summary: epoch: 7.000000 | loss: 1.569838 | 
Epoch runtime: 0.0 hours, 0.0 minutes, 0.2711777687072754 seconds

Avg epoch train. time: 0.0 hours, 0.0 minutes, 0.2888035093035017 seconds
Avg batch train. time: 0.01110782728090391 seconds
Avg sample train. time: 0.0014157034769779495 seconds
Epoch 8 Training Summary: epoch: 8.000000 | loss: 1.521749 | 
Epoch runtime: 0.0 hours, 0.0 minutes, 0.2731742858886719 seconds

Avg epoch train. time: 0.0 hours, 0.0 minutes, 0.28684985637664795 seconds
Avg batch train. time: 0.011032686783717228 seconds
Avg sample train. time: 0.0014061267469443527 seconds
Evaluating on validation set ...
Validation runtime: 0.0 hours, 0.0 minutes, 0.012650251388549805 seconds

Avg val. time: 0.0 hours, 0.0 minutes, 0.07030101617177327 seconds
Avg batch val. time: 0.023433672057257757 seconds
Avg sample val. time: 0.0030565659205118814 seconds
Epoch 8 Validation Summary: epoch: 8.000000 | loss: 1.578236 | accuracy: 0.217391 | precision: 0.282609 | 
Epoch 9 Training Summary: epoch: 9.000000 | loss: 1.522892 | 
Epoch runtime: 0.0 hours, 0.0 minutes, 0.2730555534362793 seconds

Avg epoch train. time: 0.0 hours, 0.0 minutes, 0.28531715604994035 seconds
Avg batch train. time: 0.010973736771151552 seconds
Avg sample train. time: 0.0013986135100487272 seconds
Epoch 10 Training Summary: epoch: 10.000000 | loss: 1.513693 | 
Epoch runtime: 0.0 hours, 0.0 minutes, 0.2755415439605713 seconds

Avg epoch train. time: 0.0 hours, 0.0 minutes, 0.2843395948410034 seconds
Avg batch train. time: 0.010936138263115515 seconds
Avg sample train. time: 0.001393821543338252 seconds
Evaluating on validation set ...
Validation runtime: 0.0 hours, 0.0 minutes, 0.012377500534057617 seconds

Avg val. time: 0.0 hours, 0.0 minutes, 0.06202622822352818 seconds
Avg batch val. time: 0.020675409407842727 seconds
Avg sample val. time: 0.0026967925314577467 seconds
Epoch 10 Validation Summary: epoch: 10.000000 | loss: 1.555841 | accuracy: 0.304348 | precision: 0.477226 | 
Epoch 11 Training Summary: epoch: 11.000000 | loss: 1.433553 | 
Epoch runtime: 0.0 hours, 0.0 minutes, 0.27303409576416016 seconds

Avg epoch train. time: 0.0 hours, 0.0 minutes, 0.28331182219765405 seconds
Avg batch train. time: 0.010896608546063617 seconds
Avg sample train. time: 0.001388783442145363 seconds
Epoch 12 Training Summary: epoch: 12.000000 | loss: 1.403783 | 
Epoch runtime: 0.0 hours, 0.0 minutes, 0.28603124618530273 seconds

Avg epoch train. time: 0.0 hours, 0.0 minutes, 0.28353844086329144 seconds
Avg batch train. time: 0.010905324648588132 seconds
Avg sample train. time: 0.001389894317957311 seconds
Evaluating on validation set ...
Validation runtime: 0.0 hours, 0.0 minutes, 0.013613700866699219 seconds

Avg val. time: 0.0 hours, 0.0 minutes, 0.05597466230392456 seconds
Avg batch val. time: 0.018658220767974854 seconds
Avg sample val. time: 0.0024336809697358503 seconds
Epoch 12 Validation Summary: epoch: 12.000000 | loss: 1.493144 | accuracy: 0.434783 | precision: 0.487681 | 
Epoch 13 Training Summary: epoch: 13.000000 | loss: 1.378268 | 
Epoch runtime: 0.0 hours, 0.0 minutes, 0.27757740020751953 seconds

Avg epoch train. time: 0.0 hours, 0.0 minutes, 0.28307989927438587 seconds
Avg batch train. time: 0.010887688433630225 seconds
Avg sample train. time: 0.001387646565070519 seconds
Epoch 14 Training Summary: epoch: 14.000000 | loss: 1.291856 | 
Epoch runtime: 0.0 hours, 0.0 minutes, 0.2788965702056885 seconds

Avg epoch train. time: 0.0 hours, 0.0 minutes, 0.2827810900551932 seconds
Avg batch train. time: 0.010876195771353585 seconds
Avg sample train. time: 0.001386181813996045 seconds
Evaluating on validation set ...
Validation runtime: 0.0 hours, 0.0 minutes, 0.014583110809326172 seconds

Avg val. time: 0.0 hours, 0.0 minutes, 0.05137560102674696 seconds
Avg batch val. time: 0.017125200342248986 seconds
Avg sample val. time: 0.002233721783771607 seconds
Epoch 14 Validation Summary: epoch: 14.000000 | loss: 1.456679 | accuracy: 0.391304 | precision: 0.570175 | 
Epoch 15 Training Summary: epoch: 15.000000 | loss: 1.261777 | 
Epoch runtime: 0.0 hours, 0.0 minutes, 0.2663559913635254 seconds

Avg epoch train. time: 0.0 hours, 0.0 minutes, 0.2816860834757487 seconds
Avg batch train. time: 0.010834080133682642 seconds
Avg sample train. time: 0.0013808141346850426 seconds
Epoch 16 Training Summary: epoch: 16.000000 | loss: 1.228173 | 
Epoch runtime: 0.0 hours, 0.0 minutes, 0.27375054359436035 seconds

Avg epoch train. time: 0.0 hours, 0.0 minutes, 0.2811901122331619 seconds
Avg batch train. time: 0.010815004316660074 seconds
Avg sample train. time: 0.0013783829031037349 seconds
Evaluating on validation set ...
Validation runtime: 0.0 hours, 0.0 minutes, 0.01416015625 seconds

Avg val. time: 0.0 hours, 0.0 minutes, 0.04765405654907227 seconds
Avg batch val. time: 0.01588468551635742 seconds
Avg sample val. time: 0.002071915502133577 seconds
Epoch 16 Validation Summary: epoch: 16.000000 | loss: 1.355242 | accuracy: 0.391304 | precision: 0.391304 | 
Epoch 17 Training Summary: epoch: 17.000000 | loss: 1.124969 | 
Epoch runtime: 0.0 hours, 0.0 minutes, 0.27385616302490234 seconds

Avg epoch train. time: 0.0 hours, 0.0 minutes, 0.28075870345620546 seconds
Avg batch train. time: 0.010798411671392517 seconds
Avg sample train. time: 0.0013762681541970856 seconds
Epoch 18 Training Summary: epoch: 18.000000 | loss: 1.078942 | 
Epoch runtime: 0.0 hours, 0.0 minutes, 0.2691004276275635 seconds

Avg epoch train. time: 0.0 hours, 0.0 minutes, 0.28011102146572536 seconds
Avg batch train. time: 0.010773500825604822 seconds
Avg sample train. time: 0.0013730932424790459 seconds
Evaluating on validation set ...
Validation runtime: 0.0 hours, 0.0 minutes, 0.013204574584960938 seconds

Avg val. time: 0.0 hours, 0.0 minutes, 0.04452228546142578 seconds
Avg batch val. time: 0.01484076182047526 seconds
Avg sample val. time: 0.001935751541801121 seconds
Epoch 18 Validation Summary: epoch: 18.000000 | loss: 1.386282 | accuracy: 0.434783 | precision: 0.424638 | 
Epoch 19 Training Summary: epoch: 19.000000 | loss: 1.151636 | 
Epoch runtime: 0.0 hours, 0.0 minutes, 0.26260805130004883 seconds

Avg epoch train. time: 0.0 hours, 0.0 minutes, 0.27918981250963715 seconds
Avg batch train. time: 0.010738069711909121 seconds
Avg sample train. time: 0.001368577512302143 seconds
Epoch 20 Training Summary: epoch: 20.000000 | loss: 1.119841 | 
Epoch runtime: 0.0 hours, 0.0 minutes, 0.2773478031158447 seconds

Avg epoch train. time: 0.0 hours, 0.0 minutes, 0.2790977120399475 seconds
Avg batch train. time: 0.010734527386151826 seconds
Avg sample train. time: 0.0013681260394115074 seconds
Evaluating on validation set ...
Validation runtime: 0.0 hours, 0.0 minutes, 0.013821840286254883 seconds

Avg val. time: 0.0 hours, 0.0 minutes, 0.04196391503016154 seconds
Avg batch val. time: 0.013987971676720513 seconds
Avg sample val. time: 0.001824518044789632 seconds
Epoch 20 Validation Summary: epoch: 20.000000 | loss: 1.273970 | accuracy: 0.434783 | precision: 0.398551 | 
Epoch 21 Training Summary: epoch: 21.000000 | loss: 0.985953 | 
Epoch runtime: 0.0 hours, 0.0 minutes, 0.2825496196746826 seconds

Avg epoch train. time: 0.0 hours, 0.0 minutes, 0.2792620885939825 seconds
Avg batch train. time: 0.010740849561307018 seconds
Avg sample train. time: 0.0013689318068332474 seconds
Epoch 22 Training Summary: epoch: 22.000000 | loss: 0.967043 | 
Epoch runtime: 0.0 hours, 0.0 minutes, 0.2806253433227539 seconds

Avg epoch train. time: 0.0 hours, 0.0 minutes, 0.2793240547180176 seconds
Avg batch train. time: 0.010743232873769907 seconds
Avg sample train. time: 0.0013692355623432233 seconds
Evaluating on validation set ...
Validation runtime: 0.0 hours, 0.0 minutes, 0.012215852737426758 seconds

Avg val. time: 0.0 hours, 0.0 minutes, 0.03967560254610502 seconds
Avg batch val. time: 0.013225200848701673 seconds
Avg sample val. time: 0.0017250261976567399 seconds
Epoch 22 Validation Summary: epoch: 22.000000 | loss: 1.365288 | accuracy: 0.434783 | precision: 0.432919 | 
Epoch 23 Training Summary: epoch: 23.000000 | loss: 0.837414 | 
Epoch runtime: 0.0 hours, 0.0 minutes, 0.2813098430633545 seconds

Avg epoch train. time: 0.0 hours, 0.0 minutes, 0.2794103933417279 seconds
Avg batch train. time: 0.010746553590066458 seconds
Avg sample train. time: 0.001369658790890823 seconds
Epoch 24 Training Summary: epoch: 24.000000 | loss: 0.871234 | 
Epoch runtime: 0.0 hours, 0.0 minutes, 0.2871360778808594 seconds

Avg epoch train. time: 0.0 hours, 0.0 minutes, 0.2797322968641917 seconds
Avg batch train. time: 0.010758934494776605 seconds
Avg sample train. time: 0.001371236749334273 seconds
Evaluating on validation set ...
Validation runtime: 0.0 hours, 0.0 minutes, 0.013159751892089844 seconds

Avg val. time: 0.0 hours, 0.0 minutes, 0.03778161321367536 seconds
Avg batch val. time: 0.01259387107122512 seconds
Avg sample val. time: 0.0016426788353771896 seconds
Epoch 24 Validation Summary: epoch: 24.000000 | loss: 1.543684 | accuracy: 0.304348 | precision: 0.266391 | 
Epoch 25 Training Summary: epoch: 25.000000 | loss: 0.948811 | 
Epoch runtime: 0.0 hours, 0.0 minutes, 0.28307127952575684 seconds

Avg epoch train. time: 0.0 hours, 0.0 minutes, 0.2798658561706543 seconds
Avg batch train. time: 0.010764071391179011 seconds
Avg sample train. time: 0.001371891451816933 seconds
Epoch 26 Training Summary: epoch: 26.000000 | loss: 0.761438 | 
Epoch runtime: 0.0 hours, 0.0 minutes, 0.278303861618042 seconds

Avg epoch train. time: 0.0 hours, 0.0 minutes, 0.2798057794570923 seconds
Avg batch train. time: 0.010761760748349704 seconds
Avg sample train. time: 0.0013715969581230014 seconds
Evaluating on validation set ...
Validation runtime: 0.0 hours, 0.0 minutes, 0.014237403869628906 seconds

Avg val. time: 0.0 hours, 0.0 minutes, 0.0362119992574056 seconds
Avg batch val. time: 0.0120706664191352 seconds
Avg sample val. time: 0.0015744347503219825 seconds
Epoch 26 Validation Summary: epoch: 26.000000 | loss: 1.511022 | accuracy: 0.434783 | precision: 0.415344 | 
Epoch 27 Training Summary: epoch: 27.000000 | loss: 0.706802 | 
Epoch runtime: 0.0 hours, 0.0 minutes, 0.2861788272857666 seconds

Avg epoch train. time: 0.0 hours, 0.0 minutes, 0.2800418182655617 seconds
Avg batch train. time: 0.010770839164060065 seconds
Avg sample train. time: 0.0013727540111056946 seconds
Epoch 28 Training Summary: epoch: 28.000000 | loss: 0.645041 | 
Epoch runtime: 0.0 hours, 0.0 minutes, 0.2809126377105713 seconds

Avg epoch train. time: 0.0 hours, 0.0 minutes, 0.28007291896002634 seconds
Avg batch train. time: 0.010772035344616397 seconds
Avg sample train. time: 0.0013729064654903252 seconds
Evaluating on validation set ...
Validation runtime: 0.0 hours, 0.0 minutes, 0.012912511825561523 seconds

Avg val. time: 0.0 hours, 0.0 minutes, 0.034755781292915344 seconds
Avg batch val. time: 0.01158526043097178 seconds
Avg sample val. time: 0.001511120925778928 seconds
Epoch 28 Validation Summary: epoch: 28.000000 | loss: 1.363503 | accuracy: 0.347826 | precision: 0.376812 | 
Epoch 29 Training Summary: epoch: 29.000000 | loss: 0.612604 | 
Epoch runtime: 0.0 hours, 0.0 minutes, 0.2792506217956543 seconds

Avg epoch train. time: 0.0 hours, 0.0 minutes, 0.28004456388539284 seconds
Avg batch train. time: 0.010770944764822802 seconds
Avg sample train. time: 0.0013727674700264355 seconds
Epoch 30 Training Summary: epoch: 30.000000 | loss: 0.668449 | 
Epoch runtime: 0.0 hours, 0.0 minutes, 0.2839648723602295 seconds

Avg epoch train. time: 0.0 hours, 0.0 minutes, 0.28017524083455403 seconds
Avg batch train. time: 0.010775970801329 seconds
Avg sample train. time: 0.0013734080433066374 seconds
Evaluating on validation set ...
Validation runtime: 0.0 hours, 0.0 minutes, 0.014190196990966797 seconds

Avg val. time: 0.0 hours, 0.0 minutes, 0.033546041039859545 seconds
Avg batch val. time: 0.011182013679953182 seconds
Avg sample val. time: 0.001458523523472154 seconds
Epoch 30 Validation Summary: epoch: 30.000000 | loss: 1.729448 | accuracy: 0.304348 | precision: 0.340580 | 
Epoch 31 Training Summary: epoch: 31.000000 | loss: 0.641281 | 
Epoch runtime: 0.0 hours, 0.0 minutes, 0.2869560718536377 seconds

Avg epoch train. time: 0.0 hours, 0.0 minutes, 0.2803939773190406 seconds
Avg batch train. time: 0.010784383743040023 seconds
Avg sample train. time: 0.001374480280975689 seconds
Epoch 32 Training Summary: epoch: 32.000000 | loss: 0.654556 | 
Epoch runtime: 0.0 hours, 0.0 minutes, 0.28595948219299316 seconds

Avg epoch train. time: 0.0 hours, 0.0 minutes, 0.2805678993463516 seconds
Avg batch train. time: 0.010791073051782755 seconds
Avg sample train. time: 0.0013753328399330961 seconds
Evaluating on validation set ...
Validation runtime: 0.0 hours, 0.0 minutes, 0.013159751892089844 seconds

Avg val. time: 0.0 hours, 0.0 minutes, 0.03241346942053901 seconds
Avg batch val. time: 0.010804489806846335 seconds
Avg sample val. time: 0.0014092812791538698 seconds
Epoch 32 Validation Summary: epoch: 32.000000 | loss: 1.664497 | accuracy: 0.391304 | precision: 0.391304 | 
Epoch 33 Training Summary: epoch: 33.000000 | loss: 0.519446 | 
Epoch runtime: 0.0 hours, 0.0 minutes, 0.2813563346862793 seconds

Avg epoch train. time: 0.0 hours, 0.0 minutes, 0.2805917913263494 seconds
Avg batch train. time: 0.010791991974090363 seconds
Avg sample train. time: 0.001375449957482105 seconds
Epoch 34 Training Summary: epoch: 34.000000 | loss: 0.499698 | 
Epoch runtime: 0.0 hours, 0.0 minutes, 0.27866435050964355 seconds

Avg epoch train. time: 0.0 hours, 0.0 minutes, 0.28053510189056396 seconds
Avg batch train. time: 0.010789811611175537 seconds
Avg sample train. time: 0.0013751720680909999 seconds
Evaluating on validation set ...
Validation runtime: 0.0 hours, 0.0 minutes, 0.012805938720703125 seconds

Avg val. time: 0.0 hours, 0.0 minutes, 0.031381494120547644 seconds
Avg batch val. time: 0.010460498040182549 seconds
Avg sample val. time: 0.0013644127878498975 seconds
Epoch 34 Validation Summary: epoch: 34.000000 | loss: 1.506474 | accuracy: 0.521739 | precision: 0.556159 | 
Epoch 35 Training Summary: epoch: 35.000000 | loss: 0.380945 | 
Epoch runtime: 0.0 hours, 0.0 minutes, 0.27701640129089355 seconds

Avg epoch train. time: 0.0 hours, 0.0 minutes, 0.28043456758771623 seconds
Avg batch train. time: 0.010785944907219855 seconds
Avg sample train. time: 0.001374679252880962 seconds
Epoch 36 Training Summary: epoch: 36.000000 | loss: 0.427619 | 
Epoch runtime: 0.0 hours, 0.0 minutes, 0.27858829498291016 seconds

Avg epoch train. time: 0.0 hours, 0.0 minutes, 0.28038328223758274 seconds
Avg batch train. time: 0.010783972393753182 seconds
Avg sample train. time: 0.0013744278541057977 seconds
Evaluating on validation set ...
Validation runtime: 0.0 hours, 0.0 minutes, 0.013245582580566406 seconds

Avg val. time: 0.0 hours, 0.0 minutes, 0.030474698543548583 seconds
Avg batch val. time: 0.010158232847849528 seconds
Avg sample val. time: 0.0013249868931977645 seconds
Epoch 36 Validation Summary: epoch: 36.000000 | loss: 1.733218 | accuracy: 0.434783 | precision: 0.387992 | 
Epoch 37 Training Summary: epoch: 37.000000 | loss: 0.537208 | 
Epoch runtime: 0.0 hours, 0.0 minutes, 0.2754216194152832 seconds

Avg epoch train. time: 0.0 hours, 0.0 minutes, 0.28024918324238546 seconds
Avg batch train. time: 0.010778814740091748 seconds
Avg sample train. time: 0.0013737705060901247 seconds
Epoch 38 Training Summary: epoch: 38.000000 | loss: 0.445728 | 
Epoch runtime: 0.0 hours, 0.0 minutes, 0.276716947555542 seconds

Avg epoch train. time: 0.0 hours, 0.0 minutes, 0.280156229671679 seconds
Avg batch train. time: 0.010775239602756885 seconds
Avg sample train. time: 0.00137331485133176 seconds
Evaluating on validation set ...
Validation runtime: 0.0 hours, 0.0 minutes, 0.014917850494384766 seconds

Avg val. time: 0.0 hours, 0.0 minutes, 0.029733896255493164 seconds
Avg batch val. time: 0.009911298751831055 seconds
Avg sample val. time: 0.0012927780980649202 seconds
Epoch 38 Validation Summary: epoch: 38.000000 | loss: 1.831071 | accuracy: 0.478261 | precision: 0.471014 | 
Epoch 39 Training Summary: epoch: 39.000000 | loss: 0.413739 | 
Epoch runtime: 0.0 hours, 0.0 minutes, 0.2620508670806885 seconds

Avg epoch train. time: 0.0 hours, 0.0 minutes, 0.2796919896052434 seconds
Avg batch train. time: 0.010757384215586283 seconds
Avg sample train. time: 0.0013710391647315853 seconds
Epoch 40 Training Summary: epoch: 40.000000 | loss: 0.351638 | 
Epoch runtime: 0.0 hours, 0.0 minutes, 0.2755014896392822 seconds

Avg epoch train. time: 0.0 hours, 0.0 minutes, 0.27958722710609435 seconds
Avg batch train. time: 0.010753354888695936 seconds
Avg sample train. time: 0.0013705256230690899 seconds
Evaluating on validation set ...
Validation runtime: 0.0 hours, 0.0 minutes, 0.014954566955566406 seconds

Avg val. time: 0.0 hours, 0.0 minutes, 0.029062108560041947 seconds
Avg batch val. time: 0.009687369520013983 seconds
Avg sample val. time: 0.0012635699373931282 seconds
Epoch 40 Validation Summary: epoch: 40.000000 | loss: 1.957671 | accuracy: 0.434783 | precision: 0.425466 | 
Best accuracy was 0.5217391304347826. Other metrics: OrderedDict([('epoch', 34), ('loss', 1.5064743705417798), ('accuracy', 0.5217391304347826), ('precision', 0.5561594202898551)])
All Done!
Total runtime: 0.0 hours, 0.0 minutes, 17.45965266227722 seconds

