Running:
src/main_crosssetting.py --output_dir experiments --target_user Zeyu --user_othersetting ZeyuZoom --comment classification from Scratch --name VRS_fromScratch --records_file VRS_records.xls --data_dir /mnt/d/OneDrive - Southern Methodist University/Phone_Privacy/input_feature/all_processpos_norm_downsample_480p_s22 --test_data_dir /mnt/d/OneDrive - Southern Methodist University/Phone_Privacy/input_feature/all_processpos_norm_downsample_480p_s22 --data_class vrs --val_ratio 0.1 --epochs 40 --lr 0.001 --dropout 0.2 --batch_size 8 --num_layers 3 --num_heads 4 --optimizer RAdam --pos_encoding learnable --task classification --normalization none --key_metric accuracy

Using device: cuda
Loading and preprocessing data ...
1069 samples may be used for training
119 samples will be used for validation
0 samples will be used for testing
Creating model ...
Model:
TSTransformerEncoderClassiregressor(
  (project_inp): Linear(in_features=39, out_features=64, bias=True)
  (pos_enc): LearnablePositionalEncoding(
    (dropout): Dropout(p=0.2, inplace=False)
  )
  (transformer_encoder): TransformerEncoder(
    (layers): ModuleList(
      (0-2): 3 x TransformerBatchNormEncoderLayer(
        (self_attn): MultiheadAttention(
          (out_proj): NonDynamicallyQuantizableLinear(in_features=64, out_features=64, bias=True)
        )
        (linear1): Linear(in_features=64, out_features=256, bias=True)
        (dropout): Dropout(p=0.2, inplace=False)
        (linear2): Linear(in_features=256, out_features=64, bias=True)
        (norm1): BatchNorm1d(64, eps=1e-05, momentum=0.1, affine=True, track_running_stats=True)
        (norm2): BatchNorm1d(64, eps=1e-05, momentum=0.1, affine=True, track_running_stats=True)
        (dropout1): Dropout(p=0.2, inplace=False)
        (dropout2): Dropout(p=0.2, inplace=False)
      )
    )
  )
  (dropout1): Dropout(p=0.2, inplace=False)
  (output_layer): Linear(in_features=5120, out_features=5, bias=True)
)
Total number of parameters: 183237
Trainable parameters: 183237
Evaluating on validation set ...
Validation runtime: 0.0 hours, 0.0 minutes, 0.252805233001709 seconds

Avg val. time: 0.0 hours, 0.0 minutes, 0.252805233001709 seconds
Avg batch val. time: 0.01685368220011393 seconds
Avg sample val. time: 0.002124413722703437 seconds
Epoch 0 Validation Summary: epoch: 0.000000 | loss: 3.547287 | accuracy: 0.201681 | precision: 0.177363 | 
Starting training...
Epoch 1 Training Summary: epoch: 1.000000 | loss: 1.667049 | 
Epoch runtime: 0.0 hours, 0.0 minutes, 1.5623846054077148 seconds

Avg epoch train. time: 0.0 hours, 0.0 minutes, 1.5623846054077148 seconds
Avg batch train. time: 0.01165958660752026 seconds
Avg sample train. time: 0.001461538452205533 seconds
Evaluating on validation set ...
Validation runtime: 0.0 hours, 0.0 minutes, 0.047776222229003906 seconds

Avg val. time: 0.0 hours, 0.0 minutes, 0.15029072761535645 seconds
Avg batch val. time: 0.010019381841023764 seconds
Avg sample val. time: 0.0012629472908853483 seconds
Epoch 1 Validation Summary: epoch: 1.000000 | loss: 1.617638 | accuracy: 0.235294 | precision: 0.182270 | 
Epoch 2 Training Summary: epoch: 2.000000 | loss: 1.657060 | 
Epoch runtime: 0.0 hours, 0.0 minutes, 1.458681583404541 seconds

Avg epoch train. time: 0.0 hours, 0.0 minutes, 1.510533094406128 seconds
Avg batch train. time: 0.011272635032881551 seconds
Avg sample train. time: 0.0014130337646455827 seconds
Evaluating on validation set ...
Validation runtime: 0.0 hours, 0.0 minutes, 0.050876617431640625 seconds

Avg val. time: 0.0 hours, 0.0 minutes, 0.11715269088745117 seconds
Avg batch val. time: 0.007810179392496745 seconds
Avg sample val. time: 0.0009844763940121948 seconds
Epoch 2 Validation Summary: epoch: 2.000000 | loss: 1.648379 | accuracy: 0.210084 | precision: 0.157495 | 
Epoch 3 Training Summary: epoch: 3.000000 | loss: 1.638410 | 
Epoch runtime: 0.0 hours, 0.0 minutes, 1.3849332332611084 seconds

Avg epoch train. time: 0.0 hours, 0.0 minutes, 1.4686664740244548 seconds
Avg batch train. time: 0.010960197567346678 seconds
Avg sample train. time: 0.0013738694799106219 seconds
Epoch 4 Training Summary: epoch: 4.000000 | loss: 1.620089 | 
Epoch runtime: 0.0 hours, 0.0 minutes, 1.4365499019622803 seconds

Avg epoch train. time: 0.0 hours, 0.0 minutes, 1.4606373310089111 seconds
Avg batch train. time: 0.01090027858961874 seconds
Avg sample train. time: 0.0013663585884087102 seconds
Evaluating on validation set ...
Validation runtime: 0.0 hours, 0.0 minutes, 0.05049538612365723 seconds

Avg val. time: 0.0 hours, 0.0 minutes, 0.10048836469650269 seconds
Avg batch val. time: 0.006699224313100179 seconds
Avg sample val. time: 0.0008444400394664091 seconds
Epoch 4 Validation Summary: epoch: 4.000000 | loss: 1.571894 | accuracy: 0.302521 | precision: 0.337908 | 
Epoch 5 Training Summary: epoch: 5.000000 | loss: 1.575519 | 
Epoch runtime: 0.0 hours, 0.0 minutes, 1.4250459671020508 seconds

Avg epoch train. time: 0.0 hours, 0.0 minutes, 1.453519058227539 seconds
Avg batch train. time: 0.010847157150951784 seconds
Avg sample train. time: 0.001359699773833058 seconds
Epoch 6 Training Summary: epoch: 6.000000 | loss: 1.544900 | 
Epoch runtime: 0.0 hours, 0.0 minutes, 1.565225601196289 seconds

Avg epoch train. time: 0.0 hours, 0.0 minutes, 1.4721368153889973 seconds
Avg batch train. time: 0.010986095637231323 seconds
Avg sample train. time: 0.0013771158235631406 seconds
Evaluating on validation set ...
Validation runtime: 0.0 hours, 0.0 minutes, 0.04914450645446777 seconds

Avg val. time: 0.0 hours, 0.0 minutes, 0.09021959304809571 seconds
Avg batch val. time: 0.006014639536539714 seconds
Avg sample val. time: 0.0007581478407403001 seconds
Epoch 6 Validation Summary: epoch: 6.000000 | loss: 1.523051 | accuracy: 0.319328 | precision: 0.291148 | 
Epoch 7 Training Summary: epoch: 7.000000 | loss: 1.563950 | 
Epoch runtime: 0.0 hours, 0.0 minutes, 1.5296008586883545 seconds

Avg epoch train. time: 0.0 hours, 0.0 minutes, 1.4803459644317627 seconds
Avg batch train. time: 0.011047357943520617 seconds
Avg sample train. time: 0.0013847951023683467 seconds
Epoch 8 Training Summary: epoch: 8.000000 | loss: 1.548864 | 
Epoch runtime: 0.0 hours, 0.0 minutes, 1.4385936260223389 seconds

Avg epoch train. time: 0.0 hours, 0.0 minutes, 1.4751269221305847 seconds
Avg batch train. time: 0.011008409866646154 seconds
Avg sample train. time: 0.001379912929963129 seconds
Evaluating on validation set ...
Validation runtime: 0.0 hours, 0.0 minutes, 0.05395674705505371 seconds

Avg val. time: 0.0 hours, 0.0 minutes, 0.0841757853825887 seconds
Avg batch val. time: 0.005611719025505914 seconds
Avg sample val. time: 0.0007073595410301572 seconds
Epoch 8 Validation Summary: epoch: 8.000000 | loss: 1.476033 | accuracy: 0.386555 | precision: 0.387942 | 
Epoch 9 Training Summary: epoch: 9.000000 | loss: 1.487894 | 
Epoch runtime: 0.0 hours, 0.0 minutes, 1.4334492683410645 seconds

Avg epoch train. time: 0.0 hours, 0.0 minutes, 1.470496071709527 seconds
Avg batch train. time: 0.010973851281414381 seconds
Avg sample train. time: 0.001375580983825563 seconds
Epoch 10 Training Summary: epoch: 10.000000 | loss: 1.461664 | 
Epoch runtime: 0.0 hours, 0.0 minutes, 1.456038236618042 seconds

Avg epoch train. time: 0.0 hours, 0.0 minutes, 1.4690502882003784 seconds
Avg batch train. time: 0.01096306185224163 seconds
Avg sample train. time: 0.0013742285202996993 seconds
Evaluating on validation set ...
Validation runtime: 0.0 hours, 0.0 minutes, 0.04892849922180176 seconds

Avg val. time: 0.0 hours, 0.0 minutes, 0.07914045878819057 seconds
Avg batch val. time: 0.005276030585879371 seconds
Avg sample val. time: 0.0006650458721696686 seconds
Epoch 10 Validation Summary: epoch: 10.000000 | loss: 1.489582 | accuracy: 0.327731 | precision: 0.339177 | 
Epoch 11 Training Summary: epoch: 11.000000 | loss: 1.404310 | 
Epoch runtime: 0.0 hours, 0.0 minutes, 1.4315845966339111 seconds

Avg epoch train. time: 0.0 hours, 0.0 minutes, 1.4656443162397905 seconds
Avg batch train. time: 0.010937644151043212 seconds
Avg sample train. time: 0.0013710423912439574 seconds
Epoch 12 Training Summary: epoch: 12.000000 | loss: 1.357761 | 
Epoch runtime: 0.0 hours, 0.0 minutes, 1.4158108234405518 seconds

Avg epoch train. time: 0.0 hours, 0.0 minutes, 1.4614915251731873 seconds
Avg batch train. time: 0.010906653172934233 seconds
Avg sample train. time: 0.0013671576474959656 seconds
Evaluating on validation set ...
Validation runtime: 0.0 hours, 0.0 minutes, 0.05433034896850586 seconds

Avg val. time: 0.0 hours, 0.0 minutes, 0.07603919506072998 seconds
Avg batch val. time: 0.005069279670715332 seconds
Avg sample val. time: 0.0006389848324431091 seconds
Epoch 12 Validation Summary: epoch: 12.000000 | loss: 1.464778 | accuracy: 0.411765 | precision: 0.322945 | 
Epoch 13 Training Summary: epoch: 13.000000 | loss: 1.382216 | 
Epoch runtime: 0.0 hours, 0.0 minutes, 1.4419045448303223 seconds

Avg epoch train. time: 0.0 hours, 0.0 minutes, 1.4599848343775823 seconds
Avg batch train. time: 0.010895409211773002 seconds
Avg sample train. time: 0.0013657482080239312 seconds
Epoch 14 Training Summary: epoch: 14.000000 | loss: 1.320716 | 
Epoch runtime: 0.0 hours, 0.0 minutes, 1.5019440650939941 seconds

Avg epoch train. time: 0.0 hours, 0.0 minutes, 1.4629819222858973 seconds
Avg batch train. time: 0.010917775539446995 seconds
Avg sample train. time: 0.0013685518449821302 seconds
Evaluating on validation set ...
Validation runtime: 0.0 hours, 0.0 minutes, 0.05358242988586426 seconds

Avg val. time: 0.0 hours, 0.0 minutes, 0.07354399893018934 seconds
Avg batch val. time: 0.0049029332620126225 seconds
Avg sample val. time: 0.0006180167977326835 seconds
Epoch 14 Validation Summary: epoch: 14.000000 | loss: 1.435935 | accuracy: 0.344538 | precision: 0.257538 | 
Epoch 15 Training Summary: epoch: 15.000000 | loss: 1.323561 | 
Epoch runtime: 0.0 hours, 0.0 minutes, 1.5502347946166992 seconds

Avg epoch train. time: 0.0 hours, 0.0 minutes, 1.468798780441284 seconds
Avg batch train. time: 0.010961184928666299 seconds
Avg sample train. time: 0.0013739932464371227 seconds
Epoch 16 Training Summary: epoch: 16.000000 | loss: 1.315150 | 
Epoch runtime: 0.0 hours, 0.0 minutes, 1.5026500225067139 seconds

Avg epoch train. time: 0.0 hours, 0.0 minutes, 1.4709144830703735 seconds
Avg batch train. time: 0.01097697375425652 seconds
Avg sample train. time: 0.0013759723882791146 seconds
Evaluating on validation set ...
Validation runtime: 0.0 hours, 0.0 minutes, 0.05166506767272949 seconds

Avg val. time: 0.0 hours, 0.0 minutes, 0.07135610580444336 seconds
Avg batch val. time: 0.004757073720296224 seconds
Avg sample val. time: 0.0005996311412138097 seconds
Epoch 16 Validation Summary: epoch: 16.000000 | loss: 1.514284 | accuracy: 0.319328 | precision: 0.260905 | 
Epoch 17 Training Summary: epoch: 17.000000 | loss: 1.229673 | 
Epoch runtime: 0.0 hours, 0.0 minutes, 1.4533135890960693 seconds

Avg epoch train. time: 0.0 hours, 0.0 minutes, 1.4698791363660026 seconds
Avg batch train. time: 0.010969247286313452 seconds
Avg sample train. time: 0.0013750038693788613 seconds
Epoch 18 Training Summary: epoch: 18.000000 | loss: 1.260367 | 
Epoch runtime: 0.0 hours, 0.0 minutes, 1.491281509399414 seconds

Avg epoch train. time: 0.0 hours, 0.0 minutes, 1.4710681570900812 seconds
Avg batch train. time: 0.010978120575299113 seconds
Avg sample train. time: 0.001376116143208682 seconds
Evaluating on validation set ...
Validation runtime: 0.0 hours, 0.0 minutes, 0.05023026466369629 seconds

Avg val. time: 0.0 hours, 0.0 minutes, 0.06943557479164818 seconds
Avg batch val. time: 0.004629038319443212 seconds
Avg sample val. time: 0.0005834922251399007 seconds
Epoch 18 Validation Summary: epoch: 18.000000 | loss: 1.470474 | accuracy: 0.369748 | precision: 0.363631 | 
Epoch 19 Training Summary: epoch: 19.000000 | loss: 1.269040 | 
Epoch runtime: 0.0 hours, 0.0 minutes, 1.485999345779419 seconds

Avg epoch train. time: 0.0 hours, 0.0 minutes, 1.471854009126362 seconds
Avg batch train. time: 0.010983985142734045 seconds
Avg sample train. time: 0.0013768512713997776 seconds
Epoch 20 Training Summary: epoch: 20.000000 | loss: 1.217285 | 
Epoch runtime: 0.0 hours, 0.0 minutes, 1.5418074131011963 seconds

Avg epoch train. time: 0.0 hours, 0.0 minutes, 1.4753516793251038 seconds
Avg batch train. time: 0.011010087159142565 seconds
Avg sample train. time: 0.001380123179911229 seconds
Evaluating on validation set ...
Validation runtime: 0.0 hours, 0.0 minutes, 0.0604860782623291 seconds

Avg val. time: 0.0 hours, 0.0 minutes, 0.06868978341420491 seconds
Avg batch val. time: 0.0045793188942803275 seconds
Avg sample val. time: 0.0005772250707076043 seconds
Epoch 20 Validation Summary: epoch: 20.000000 | loss: 1.515764 | accuracy: 0.336134 | precision: 0.345496 | 
Epoch 21 Training Summary: epoch: 21.000000 | loss: 1.210436 | 
Epoch runtime: 0.0 hours, 0.0 minutes, 1.5014712810516357 seconds

Avg epoch train. time: 0.0 hours, 0.0 minutes, 1.47659546988351 seconds
Avg batch train. time: 0.01101936917823515 seconds
Avg sample train. time: 0.0013812866883849485 seconds
Epoch 22 Training Summary: epoch: 22.000000 | loss: 1.200049 | 
Epoch runtime: 0.0 hours, 0.0 minutes, 1.3874878883361816 seconds

Avg epoch train. time: 0.0 hours, 0.0 minutes, 1.4725451252677224 seconds
Avg batch train. time: 0.010989142725878526 seconds
Avg sample train. time: 0.0013774977785479161 seconds
Evaluating on validation set ...
Validation runtime: 0.0 hours, 0.0 minutes, 0.04544401168823242 seconds

Avg val. time: 0.0 hours, 0.0 minutes, 0.06690164712759164 seconds
Avg batch val. time: 0.00446010980850611 seconds
Avg sample val. time: 0.000562198715357913 seconds
Epoch 22 Validation Summary: epoch: 22.000000 | loss: 1.559020 | accuracy: 0.310924 | precision: 0.319675 | 
Epoch 23 Training Summary: epoch: 23.000000 | loss: 1.172098 | 
Epoch runtime: 0.0 hours, 0.0 minutes, 1.4198899269104004 seconds

Avg epoch train. time: 0.0 hours, 0.0 minutes, 1.470255768817404 seconds
Avg batch train. time: 0.010972057976249283 seconds
Avg sample train. time: 0.0013753561915971974 seconds
Epoch 24 Training Summary: epoch: 24.000000 | loss: 1.184034 | 
Epoch runtime: 0.0 hours, 0.0 minutes, 1.399461030960083 seconds

Avg epoch train. time: 0.0 hours, 0.0 minutes, 1.467305988073349 seconds
Avg batch train. time: 0.010950044687114545 seconds
Avg sample train. time: 0.001372596808300607 seconds
Evaluating on validation set ...
Validation runtime: 0.0 hours, 0.0 minutes, 0.0449986457824707 seconds

Avg val. time: 0.0 hours, 0.0 minutes, 0.06533714703151158 seconds
Avg batch val. time: 0.0043558098021007725 seconds
Avg sample val. time: 0.0005490516557269881 seconds
Epoch 24 Validation Summary: epoch: 24.000000 | loss: 1.592640 | accuracy: 0.336134 | precision: 0.315826 | 
Epoch 25 Training Summary: epoch: 25.000000 | loss: 1.132666 | 
Epoch runtime: 0.0 hours, 0.0 minutes, 1.3826475143432617 seconds

Avg epoch train. time: 0.0 hours, 0.0 minutes, 1.4639196491241455 seconds
Avg batch train. time: 0.010924773500926459 seconds
Avg sample train. time: 0.0013694290450179097 seconds
Epoch 26 Training Summary: epoch: 26.000000 | loss: 1.136677 | 
Epoch runtime: 0.0 hours, 0.0 minutes, 1.398559331893921 seconds

Avg epoch train. time: 0.0 hours, 0.0 minutes, 1.461405790769137 seconds
Avg batch train. time: 0.010906013363948783 seconds
Avg sample train. time: 0.0013670774469309046 seconds
Evaluating on validation set ...
Validation runtime: 0.0 hours, 0.0 minutes, 0.05323505401611328 seconds

Avg val. time: 0.0 hours, 0.0 minutes, 0.06453034083048502 seconds
Avg batch val. time: 0.004302022722032335 seconds
Avg sample val. time: 0.0005422717716847481 seconds
Epoch 26 Validation Summary: epoch: 26.000000 | loss: 1.551040 | accuracy: 0.352941 | precision: 0.360957 | 
Epoch 27 Training Summary: epoch: 27.000000 | loss: 1.126834 | 
Epoch runtime: 0.0 hours, 0.0 minutes, 1.438002347946167 seconds

Avg epoch train. time: 0.0 hours, 0.0 minutes, 1.4605389965905085 seconds
Avg batch train. time: 0.010899544750675436 seconds
Avg sample train. time: 0.0013662666011136654 seconds
Epoch 28 Training Summary: epoch: 28.000000 | loss: 1.143977 | 
Epoch runtime: 0.0 hours, 0.0 minutes, 1.4157030582427979 seconds

Avg epoch train. time: 0.0 hours, 0.0 minutes, 1.45893771307809 seconds
Avg batch train. time: 0.01088759487371709 seconds
Avg sample train. time: 0.0013647686745351638 seconds
Evaluating on validation set ...
Validation runtime: 0.0 hours, 0.0 minutes, 0.05130195617675781 seconds

Avg val. time: 0.0 hours, 0.0 minutes, 0.06370356678962708 seconds
Avg batch val. time: 0.004246904452641805 seconds
Avg sample val. time: 0.0005353240906691351 seconds
Epoch 28 Validation Summary: epoch: 28.000000 | loss: 1.393112 | accuracy: 0.386555 | precision: 0.374705 | 
Epoch 29 Training Summary: epoch: 29.000000 | loss: 1.127236 | 
Epoch runtime: 0.0 hours, 0.0 minutes, 1.426865816116333 seconds

Avg epoch train. time: 0.0 hours, 0.0 minutes, 1.4578317855966503 seconds
Avg batch train. time: 0.010879341683557092 seconds
Avg sample train. time: 0.0013637341305862024 seconds
Epoch 30 Training Summary: epoch: 30.000000 | loss: 1.153934 | 
Epoch runtime: 0.0 hours, 0.0 minutes, 1.424006700515747 seconds

Avg epoch train. time: 0.0 hours, 0.0 minutes, 1.45670428276062 seconds
Avg batch train. time: 0.010870927483288209 seconds
Avg sample train. time: 0.0013626794038920675 seconds
Evaluating on validation set ...
Validation runtime: 0.0 hours, 0.0 minutes, 0.04569292068481445 seconds

Avg val. time: 0.0 hours, 0.0 minutes, 0.06264411701875575 seconds
Avg batch val. time: 0.0041762744679170495 seconds
Avg sample val. time: 0.0005264211514181155 seconds
Epoch 30 Validation Summary: epoch: 30.000000 | loss: 1.416392 | accuracy: 0.386555 | precision: 0.379085 | 
Epoch 31 Training Summary: epoch: 31.000000 | loss: 1.118955 | 
Epoch runtime: 0.0 hours, 0.0 minutes, 1.4614903926849365 seconds

Avg epoch train. time: 0.0 hours, 0.0 minutes, 1.45685867340334 seconds
Avg batch train. time: 0.01087207965226373 seconds
Avg sample train. time: 0.0013628238291892797 seconds
Epoch 32 Training Summary: epoch: 32.000000 | loss: 1.083540 | 
Epoch runtime: 0.0 hours, 0.0 minutes, 1.3603758811950684 seconds

Avg epoch train. time: 0.0 hours, 0.0 minutes, 1.4538435861468315 seconds
Avg batch train. time: 0.010849579001095757 seconds
Avg sample train. time: 0.0013600033546743045 seconds
Evaluating on validation set ...
Validation runtime: 0.0 hours, 0.0 minutes, 0.05032992362976074 seconds

Avg val. time: 0.0 hours, 0.0 minutes, 0.06195999516381158 seconds
Avg batch val. time: 0.004130666344254105 seconds
Avg sample val. time: 0.0005206722282673242 seconds
Epoch 32 Validation Summary: epoch: 32.000000 | loss: 1.496793 | accuracy: 0.403361 | precision: 0.385329 | 
Epoch 33 Training Summary: epoch: 33.000000 | loss: 1.070179 | 
Epoch runtime: 0.0 hours, 0.0 minutes, 1.2960433959960938 seconds

Avg epoch train. time: 0.0 hours, 0.0 minutes, 1.4490617622028699 seconds
Avg batch train. time: 0.010813893747782612 seconds
Avg sample train. time: 0.0013555301797968848 seconds
Epoch 34 Training Summary: epoch: 34.000000 | loss: 1.081208 | 
Epoch runtime: 0.0 hours, 0.0 minutes, 1.2631611824035645 seconds

Avg epoch train. time: 0.0 hours, 0.0 minutes, 1.4435940980911255 seconds
Avg batch train. time: 0.01077309028426213 seconds
Avg sample train. time: 0.0013504154332003044 seconds
Evaluating on validation set ...
Validation runtime: 0.0 hours, 0.0 minutes, 0.04258012771606445 seconds

Avg val. time: 0.0 hours, 0.0 minutes, 0.06094000214024594 seconds
Avg batch val. time: 0.004062666809349729 seconds
Avg sample val. time: 0.0005121008583213945 seconds
Epoch 34 Validation Summary: epoch: 34.000000 | loss: 1.511151 | accuracy: 0.378151 | precision: 0.360411 | 
Epoch 35 Training Summary: epoch: 35.000000 | loss: 1.081690 | 
Epoch runtime: 0.0 hours, 0.0 minutes, 1.220214605331421 seconds

Avg epoch train. time: 0.0 hours, 0.0 minutes, 1.4372118268694196 seconds
Avg batch train. time: 0.010725461394547907 seconds
Avg sample train. time: 0.001344445114003199 seconds
Epoch 36 Training Summary: epoch: 36.000000 | loss: 1.014567 | 
Epoch runtime: 0.0 hours, 0.0 minutes, 1.2044758796691895 seconds

Avg epoch train. time: 0.0 hours, 0.0 minutes, 1.430746939447191 seconds
Avg batch train. time: 0.010677215966023813 seconds
Avg sample train. time: 0.001338397511176044 seconds
Evaluating on validation set ...
Validation runtime: 0.0 hours, 0.0 minutes, 0.04197263717651367 seconds

Avg val. time: 0.0 hours, 0.0 minutes, 0.059991633892059325 seconds
Avg batch val. time: 0.003999442259470622 seconds
Avg sample val. time: 0.000504131377244196 seconds
Epoch 36 Validation Summary: epoch: 36.000000 | loss: 1.524126 | accuracy: 0.428571 | precision: 0.428399 | 
Epoch 37 Training Summary: epoch: 37.000000 | loss: 1.082686 | 
Epoch runtime: 0.0 hours, 0.0 minutes, 1.4162819385528564 seconds

Avg epoch train. time: 0.0 hours, 0.0 minutes, 1.430355993477074 seconds
Avg batch train. time: 0.010674298458784134 seconds
Avg sample train. time: 0.0013380317993237363 seconds
Epoch 38 Training Summary: epoch: 38.000000 | loss: 1.001410 | 
Epoch runtime: 0.0 hours, 0.0 minutes, 1.473890781402588 seconds

Avg epoch train. time: 0.0 hours, 0.0 minutes, 1.431501645790903 seconds
Avg batch train. time: 0.010682848102917187 seconds
Avg sample train. time: 0.0013391035040139412 seconds
Evaluating on validation set ...
Validation runtime: 0.0 hours, 0.0 minutes, 0.0564119815826416 seconds

Avg val. time: 0.0 hours, 0.0 minutes, 0.05982117425827753 seconds
Avg batch val. time: 0.003988078283885169 seconds
Avg sample val. time: 0.00050269894334687 seconds
Epoch 38 Validation Summary: epoch: 38.000000 | loss: 1.649742 | accuracy: 0.386555 | precision: 0.378357 | 
Epoch 39 Training Summary: epoch: 39.000000 | loss: 1.060908 | 
Epoch runtime: 0.0 hours, 0.0 minutes, 1.4304840564727783 seconds

Avg epoch train. time: 0.0 hours, 0.0 minutes, 1.4314755537571051 seconds
Avg batch train. time: 0.010682653386247054 seconds
Avg sample train. time: 0.0013390790961245137 seconds
Epoch 40 Training Summary: epoch: 40.000000 | loss: 1.030443 | 
Epoch runtime: 0.0 hours, 0.0 minutes, 1.4962835311889648 seconds

Avg epoch train. time: 0.0 hours, 0.0 minutes, 1.4330957531929016 seconds
Avg batch train. time: 0.010694744426812699 seconds
Avg sample train. time: 0.0013405947176734346 seconds
Evaluating on validation set ...
Validation runtime: 0.0 hours, 0.0 minutes, 0.05001211166381836 seconds

Avg val. time: 0.0 hours, 0.0 minutes, 0.059375307776711204 seconds
Avg batch val. time: 0.003958353851780747 seconds
Avg sample val. time: 0.0004989521661908505 seconds
Epoch 40 Validation Summary: epoch: 40.000000 | loss: 1.695719 | accuracy: 0.411765 | precision: 0.414954 | 
Best accuracy was 0.42857142857142855. Other metrics: OrderedDict([('epoch', 36), ('loss', 1.5241258044202788), ('accuracy', 0.42857142857142855), ('precision', 0.4283993575608094)])
All Done!
Total runtime: 0.0 hours, 1.0 minutes, 14.835772037506104 seconds

