Running:
src/main_5q.py --output_dir experiments --comment classification from Scratch --name VRS_fromScratch --records_file VRS_records.xls --data_dir /mnt/d/OneDrive - Southern Methodist University/Phone_Privacy/input_feature/opticalflow_44_downsample_480p_s22 --data_class vrs --val_ratio 0.1 --epochs 40 --lr 0.001 --dropout 0.2 --batch_size 8 --num_layers 3 --num_heads 4 --optimizer RAdam --pos_encoding learnable --task classification --normalization none --key_metric accuracy

Using device: cuda
Loading and preprocessing data ...
339 samples may be used for training
38 samples will be used for validation
0 samples will be used for testing
Creating model ...
Model:
TSTransformerEncoderClassiregressor(
  (project_inp): Linear(in_features=32, out_features=64, bias=True)
  (pos_enc): LearnablePositionalEncoding(
    (dropout): Dropout(p=0.2, inplace=False)
  )
  (transformer_encoder): TransformerEncoder(
    (layers): ModuleList(
      (0-2): 3 x TransformerBatchNormEncoderLayer(
        (self_attn): MultiheadAttention(
          (out_proj): NonDynamicallyQuantizableLinear(in_features=64, out_features=64, bias=True)
        )
        (linear1): Linear(in_features=64, out_features=256, bias=True)
        (dropout): Dropout(p=0.2, inplace=False)
        (linear2): Linear(in_features=256, out_features=64, bias=True)
        (norm1): BatchNorm1d(64, eps=1e-05, momentum=0.1, affine=True, track_running_stats=True)
        (norm2): BatchNorm1d(64, eps=1e-05, momentum=0.1, affine=True, track_running_stats=True)
        (dropout1): Dropout(p=0.2, inplace=False)
        (dropout2): Dropout(p=0.2, inplace=False)
      )
    )
  )
  (dropout1): Dropout(p=0.2, inplace=False)
  (output_layer): Linear(in_features=5120, out_features=5, bias=True)
)
Total number of parameters: 182789
Trainable parameters: 182789
Evaluating on validation set ...
Validation runtime: 0.0 hours, 0.0 minutes, 0.37743234634399414 seconds

Avg val. time: 0.0 hours, 0.0 minutes, 0.37743234634399414 seconds
Avg batch val. time: 0.07548646926879883 seconds
Avg sample val. time: 0.009932430166947214 seconds
Epoch 0 Validation Summary: epoch: 0.000000 | loss: 4.862607 | accuracy: 0.157895 | precision: 0.164875 | 
Starting training...
Epoch 1 Training Summary: epoch: 1.000000 | loss: 1.687092 | 
Epoch runtime: 0.0 hours, 0.0 minutes, 0.7222588062286377 seconds

Avg epoch train. time: 0.0 hours, 0.0 minutes, 0.7222588062286377 seconds
Avg batch train. time: 0.016796716423921807 seconds
Avg sample train. time: 0.002130556950526955 seconds
Evaluating on validation set ...
Validation runtime: 0.0 hours, 0.0 minutes, 0.021511554718017578 seconds

Avg val. time: 0.0 hours, 0.0 minutes, 0.19947195053100586 seconds
Avg batch val. time: 0.039894390106201175 seconds
Avg sample val. time: 0.0052492618560791016 seconds
Epoch 1 Validation Summary: epoch: 1.000000 | loss: 1.644893 | accuracy: 0.157895 | precision: 0.122382 | 
Epoch 2 Training Summary: epoch: 2.000000 | loss: 1.592207 | 
Epoch runtime: 0.0 hours, 0.0 minutes, 0.5453774929046631 seconds

Avg epoch train. time: 0.0 hours, 0.0 minutes, 0.6338181495666504 seconds
Avg batch train. time: 0.014739956966666289 seconds
Avg sample train. time: 0.0018696700577187327 seconds
Evaluating on validation set ...
Validation runtime: 0.0 hours, 0.0 minutes, 0.02274775505065918 seconds

Avg val. time: 0.0 hours, 0.0 minutes, 0.1405638853708903 seconds
Avg batch val. time: 0.028112777074178058 seconds
Avg sample val. time: 0.0036990496150234287 seconds
Epoch 2 Validation Summary: epoch: 2.000000 | loss: 1.633646 | accuracy: 0.236842 | precision: 0.148830 | 
Epoch 3 Training Summary: epoch: 3.000000 | loss: 1.525772 | 
Epoch runtime: 0.0 hours, 0.0 minutes, 0.5488739013671875 seconds

Avg epoch train. time: 0.0 hours, 0.0 minutes, 0.6055034001668295 seconds
Avg batch train. time: 0.014081474422484407 seconds
Avg sample train. time: 0.0017861457232059867 seconds
Epoch 4 Training Summary: epoch: 4.000000 | loss: 1.451830 | 
Epoch runtime: 0.0 hours, 0.0 minutes, 0.5821354389190674 seconds

Avg epoch train. time: 0.0 hours, 0.0 minutes, 0.5996614098548889 seconds
Avg batch train. time: 0.013945614182671835 seconds
Avg sample train. time: 0.0017689127134362505 seconds
Evaluating on validation set ...
Validation runtime: 0.0 hours, 0.0 minutes, 0.02298140525817871 seconds

Avg val. time: 0.0 hours, 0.0 minutes, 0.1111682653427124 seconds
Avg batch val. time: 0.02223365306854248 seconds
Avg sample val. time: 0.0029254806669134843 seconds
Epoch 4 Validation Summary: epoch: 4.000000 | loss: 1.705255 | accuracy: 0.289474 | precision: 0.258545 | 
Epoch 5 Training Summary: epoch: 5.000000 | loss: 1.351832 | 
Epoch runtime: 0.0 hours, 0.0 minutes, 0.5785949230194092 seconds

Avg epoch train. time: 0.0 hours, 0.0 minutes, 0.595448112487793 seconds
Avg batch train. time: 0.01384763052297193 seconds
Avg sample train. time: 0.0017564841076336075 seconds
Epoch 6 Training Summary: epoch: 6.000000 | loss: 1.294691 | 
Epoch runtime: 0.0 hours, 0.0 minutes, 0.5688130855560303 seconds

Avg epoch train. time: 0.0 hours, 0.0 minutes, 0.5910089413324991 seconds
Avg batch train. time: 0.013744393984476725 seconds
Avg sample train. time: 0.001743389207470499 seconds
Evaluating on validation set ...
Validation runtime: 0.0 hours, 0.0 minutes, 0.02318429946899414 seconds

Avg val. time: 0.0 hours, 0.0 minutes, 0.09357147216796875 seconds
Avg batch val. time: 0.01871429443359375 seconds
Avg sample val. time: 0.0024624071623149672 seconds
Epoch 6 Validation Summary: epoch: 6.000000 | loss: 1.651902 | accuracy: 0.447368 | precision: 0.466783 | 
Epoch 7 Training Summary: epoch: 7.000000 | loss: 1.186315 | 
Epoch runtime: 0.0 hours, 0.0 minutes, 0.5416250228881836 seconds

Avg epoch train. time: 0.0 hours, 0.0 minutes, 0.5839540958404541 seconds
Avg batch train. time: 0.013580327810243119 seconds
Avg sample train. time: 0.0017225784538066492 seconds
Epoch 8 Training Summary: epoch: 8.000000 | loss: 1.110554 | 
Epoch runtime: 0.0 hours, 0.0 minutes, 0.5578982830047607 seconds

Avg epoch train. time: 0.0 hours, 0.0 minutes, 0.5806971192359924 seconds
Avg batch train. time: 0.013504584168278894 seconds
Avg sample train. time: 0.0017129708532035175 seconds
Evaluating on validation set ...
Validation runtime: 0.0 hours, 0.0 minutes, 0.021398067474365234 seconds

Avg val. time: 0.0 hours, 0.0 minutes, 0.08154257138570149 seconds
Avg batch val. time: 0.0163085142771403 seconds
Avg sample val. time: 0.0021458571417289868 seconds
Epoch 8 Validation Summary: epoch: 8.000000 | loss: 1.771370 | accuracy: 0.289474 | precision: 0.295395 | 
Epoch 9 Training Summary: epoch: 9.000000 | loss: 1.064001 | 
Epoch runtime: 0.0 hours, 0.0 minutes, 0.5699625015258789 seconds

Avg epoch train. time: 0.0 hours, 0.0 minutes, 0.5795043839348687 seconds
Avg batch train. time: 0.013476846138020202 seconds
Avg sample train. time: 0.0017094524599848633 seconds
Epoch 10 Training Summary: epoch: 10.000000 | loss: 0.971403 | 
Epoch runtime: 0.0 hours, 0.0 minutes, 0.5688140392303467 seconds

Avg epoch train. time: 0.0 hours, 0.0 minutes, 0.5784353494644165 seconds
Avg batch train. time: 0.013451984871265501 seconds
Avg sample train. time: 0.0017062989659717303 seconds
Evaluating on validation set ...
Validation runtime: 0.0 hours, 0.0 minutes, 0.031710147857666016 seconds

Avg val. time: 0.0 hours, 0.0 minutes, 0.07442365373883929 seconds
Avg batch val. time: 0.014884730747767857 seconds
Avg sample val. time: 0.0019585172036536654 seconds
Epoch 10 Validation Summary: epoch: 10.000000 | loss: 1.786403 | accuracy: 0.263158 | precision: 0.288960 | 
Epoch 11 Training Summary: epoch: 11.000000 | loss: 0.880406 | 
Epoch runtime: 0.0 hours, 0.0 minutes, 0.5686125755310059 seconds

Avg epoch train. time: 0.0 hours, 0.0 minutes, 0.5775423700159247 seconds
Avg batch train. time: 0.013431217907347085 seconds
Avg sample train. time: 0.0017036648083065624 seconds
Epoch 12 Training Summary: epoch: 12.000000 | loss: 0.822810 | 
Epoch runtime: 0.0 hours, 0.0 minutes, 0.5607328414916992 seconds

Avg epoch train. time: 0.0 hours, 0.0 minutes, 0.5761415759722391 seconds
Avg batch train. time: 0.01339864130167998 seconds
Avg sample train. time: 0.0016995326724844812 seconds
Evaluating on validation set ...
Validation runtime: 0.0 hours, 0.0 minutes, 0.02690577507019043 seconds

Avg val. time: 0.0 hours, 0.0 minutes, 0.06848391890525818 seconds
Avg batch val. time: 0.013696783781051635 seconds
Avg sample val. time: 0.0018022083922436362 seconds
Epoch 12 Validation Summary: epoch: 12.000000 | loss: 1.952055 | accuracy: 0.315789 | precision: 0.317783 | 
Epoch 13 Training Summary: epoch: 13.000000 | loss: 0.776973 | 
Epoch runtime: 0.0 hours, 0.0 minutes, 0.554307222366333 seconds

Avg epoch train. time: 0.0 hours, 0.0 minutes, 0.5744620103102464 seconds
Avg batch train. time: 0.013359581635122008 seconds
Avg sample train. time: 0.0016945782015051515 seconds
Epoch 14 Training Summary: epoch: 14.000000 | loss: 0.635284 | 
Epoch runtime: 0.0 hours, 0.0 minutes, 0.5661911964416504 seconds

Avg epoch train. time: 0.0 hours, 0.0 minutes, 0.573871237891061 seconds
Avg batch train. time: 0.013345842741652581 seconds
Avg sample train. time: 0.0016928355100031297 seconds
Evaluating on validation set ...
Validation runtime: 0.0 hours, 0.0 minutes, 0.018901586532592773 seconds

Avg val. time: 0.0 hours, 0.0 minutes, 0.0629747708638509 seconds
Avg batch val. time: 0.012594954172770182 seconds
Avg sample val. time: 0.0016572308122066027 seconds
Epoch 14 Validation Summary: epoch: 14.000000 | loss: 2.022179 | accuracy: 0.342105 | precision: 0.341009 | 
Epoch 15 Training Summary: epoch: 15.000000 | loss: 0.603486 | 
Epoch runtime: 0.0 hours, 0.0 minutes, 0.5477824211120605 seconds

Avg epoch train. time: 0.0 hours, 0.0 minutes, 0.5721319834391276 seconds
Avg batch train. time: 0.013305394963700643 seconds
Avg sample train. time: 0.0016877049658971317 seconds
Epoch 16 Training Summary: epoch: 16.000000 | loss: 0.529708 | 
Epoch runtime: 0.0 hours, 0.0 minutes, 0.5933897495269775 seconds

Avg epoch train. time: 0.0 hours, 0.0 minutes, 0.5734605938196182 seconds
Avg batch train. time: 0.013336292879526005 seconds
Avg sample train. time: 0.0016916241705593458 seconds
Evaluating on validation set ...
Validation runtime: 0.0 hours, 0.0 minutes, 0.024245738983154297 seconds

Avg val. time: 0.0 hours, 0.0 minutes, 0.05910186767578125 seconds
Avg batch val. time: 0.011820373535156251 seconds
Avg sample val. time: 0.0015553123072574015 seconds
Epoch 16 Validation Summary: epoch: 16.000000 | loss: 2.033006 | accuracy: 0.315789 | precision: 0.328791 | 
Epoch 17 Training Summary: epoch: 17.000000 | loss: 0.516158 | 
Epoch runtime: 0.0 hours, 0.0 minutes, 0.5691177845001221 seconds

Avg epoch train. time: 0.0 hours, 0.0 minutes, 0.5732051344478831 seconds
Avg batch train. time: 0.01333035196390426 seconds
Avg sample train. time: 0.0016908706030911006 seconds
Epoch 18 Training Summary: epoch: 18.000000 | loss: 0.490457 | 
Epoch runtime: 0.0 hours, 0.0 minutes, 0.5580523014068604 seconds

Avg epoch train. time: 0.0 hours, 0.0 minutes, 0.5723633103900485 seconds
Avg batch train. time: 0.013310774660233686 seconds
Avg sample train. time: 0.001688387346283329 seconds
Evaluating on validation set ...
Validation runtime: 0.0 hours, 0.0 minutes, 0.024121999740600586 seconds

Avg val. time: 0.0 hours, 0.0 minutes, 0.05592187968167392 seconds
Avg batch val. time: 0.011184375936334784 seconds
Avg sample val. time: 0.0014716284126756296 seconds
Epoch 18 Validation Summary: epoch: 18.000000 | loss: 2.152326 | accuracy: 0.315789 | precision: 0.363158 | 
Epoch 19 Training Summary: epoch: 19.000000 | loss: 0.430138 | 
Epoch runtime: 0.0 hours, 0.0 minutes, 0.566643238067627 seconds

Avg epoch train. time: 0.0 hours, 0.0 minutes, 0.5720622539520264 seconds
Avg batch train. time: 0.013303773347721544 seconds
Avg sample train. time: 0.001687499274194768 seconds
Epoch 20 Training Summary: epoch: 20.000000 | loss: 0.361579 | 
Epoch runtime: 0.0 hours, 0.0 minutes, 0.5362043380737305 seconds

Avg epoch train. time: 0.0 hours, 0.0 minutes, 0.5702693581581115 seconds
Avg batch train. time: 0.013262078096700268 seconds
Avg sample train. time: 0.001682210496041627 seconds
Evaluating on validation set ...
Validation runtime: 0.0 hours, 0.0 minutes, 0.024006128311157227 seconds

Avg val. time: 0.0 hours, 0.0 minutes, 0.05326223373413086 seconds
Avg batch val. time: 0.010652446746826172 seconds
Avg sample val. time: 0.0014016377298455489 seconds
Epoch 20 Validation Summary: epoch: 20.000000 | loss: 2.790765 | accuracy: 0.289474 | precision: 0.295853 | 
Epoch 21 Training Summary: epoch: 21.000000 | loss: 0.354718 | 
Epoch runtime: 0.0 hours, 0.0 minutes, 0.5537850856781006 seconds

Avg epoch train. time: 0.0 hours, 0.0 minutes, 0.5694843928019205 seconds
Avg batch train. time: 0.013243823088416757 seconds
Avg sample train. time: 0.0016798949640174647 seconds
Epoch 22 Training Summary: epoch: 22.000000 | loss: 0.328841 | 
Epoch runtime: 0.0 hours, 0.0 minutes, 0.5505673885345459 seconds

Avg epoch train. time: 0.0 hours, 0.0 minutes, 0.5686245289715853 seconds
Avg batch train. time: 0.013223826255153148 seconds
Avg sample train. time: 0.0016773584925415498 seconds
Evaluating on validation set ...
Validation runtime: 0.0 hours, 0.0 minutes, 0.02166461944580078 seconds

Avg val. time: 0.0 hours, 0.0 minutes, 0.05083164801964393 seconds
Avg batch val. time: 0.010166329603928787 seconds
Avg sample val. time: 0.0013376749478853666 seconds
Epoch 22 Validation Summary: epoch: 22.000000 | loss: 2.621760 | accuracy: 0.421053 | precision: 0.423454 | 
Epoch 23 Training Summary: epoch: 23.000000 | loss: 0.324150 | 
Epoch runtime: 0.0 hours, 0.0 minutes, 0.5567200183868408 seconds

Avg epoch train. time: 0.0 hours, 0.0 minutes, 0.5681069415548573 seconds
Avg batch train. time: 0.013211789338485054 seconds
Avg sample train. time: 0.001675831686002529 seconds
Epoch 24 Training Summary: epoch: 24.000000 | loss: 0.247171 | 
Epoch runtime: 0.0 hours, 0.0 minutes, 0.5531773567199707 seconds

Avg epoch train. time: 0.0 hours, 0.0 minutes, 0.5674848755200704 seconds
Avg batch train. time: 0.013197322686513266 seconds
Avg sample train. time: 0.0016739966829500603 seconds
Evaluating on validation set ...
Validation runtime: 0.0 hours, 0.0 minutes, 0.02716827392578125 seconds

Avg val. time: 0.0 hours, 0.0 minutes, 0.04914140701293945 seconds
Avg batch val. time: 0.009828281402587891 seconds
Avg sample val. time: 0.0012931949213931435 seconds
Epoch 24 Validation Summary: epoch: 24.000000 | loss: 2.998097 | accuracy: 0.315789 | precision: 0.324675 | 
Epoch 25 Training Summary: epoch: 25.000000 | loss: 0.235631 | 
Epoch runtime: 0.0 hours, 0.0 minutes, 0.5463557243347168 seconds

Avg epoch train. time: 0.0 hours, 0.0 minutes, 0.5666397094726563 seconds
Avg batch train. time: 0.013177667662154797 seconds
Avg sample train. time: 0.0016715035677659477 seconds
Epoch 26 Training Summary: epoch: 26.000000 | loss: 0.255345 | 
Epoch runtime: 0.0 hours, 0.0 minutes, 0.5526866912841797 seconds

Avg epoch train. time: 0.0 hours, 0.0 minutes, 0.5661030549269456 seconds
Avg batch train. time: 0.013165187323882456 seconds
Avg sample train. time: 0.001669920516008689 seconds
Evaluating on validation set ...
Validation runtime: 0.0 hours, 0.0 minutes, 0.022375822067260742 seconds

Avg val. time: 0.0 hours, 0.0 minutes, 0.047357034683227536 seconds
Avg batch val. time: 0.009471406936645508 seconds
Avg sample val. time: 0.0012462377548217772 seconds
Epoch 26 Validation Summary: epoch: 26.000000 | loss: 2.836594 | accuracy: 0.447368 | precision: 0.446857 | 
Epoch 27 Training Summary: epoch: 27.000000 | loss: 0.216909 | 
Epoch runtime: 0.0 hours, 0.0 minutes, 0.5626208782196045 seconds

Avg epoch train. time: 0.0 hours, 0.0 minutes, 0.5659740854192663 seconds
Avg batch train. time: 0.013162188033006193 seconds
Avg sample train. time: 0.0016695400749830865 seconds
Epoch 28 Training Summary: epoch: 28.000000 | loss: 0.199650 | 
Epoch runtime: 0.0 hours, 0.0 minutes, 0.5485692024230957 seconds

Avg epoch train. time: 0.0 hours, 0.0 minutes, 0.5653524824551174 seconds
Avg batch train. time: 0.013147732150119008 seconds
Avg sample train. time: 0.0016677064379207003 seconds
Evaluating on validation set ...
Validation runtime: 0.0 hours, 0.0 minutes, 0.022963285446166992 seconds

Avg val. time: 0.0 hours, 0.0 minutes, 0.045832425355911255 seconds
Avg batch val. time: 0.009166485071182251 seconds
Avg sample val. time: 0.0012061164567345067 seconds
Epoch 28 Validation Summary: epoch: 28.000000 | loss: 3.396141 | accuracy: 0.368421 | precision: 0.390789 | 
Epoch 29 Training Summary: epoch: 29.000000 | loss: 0.164382 | 
Epoch runtime: 0.0 hours, 0.0 minutes, 0.5559611320495605 seconds

Avg epoch train. time: 0.0 hours, 0.0 minutes, 0.5650286427859602 seconds
Avg batch train. time: 0.013140200995022331 seconds
Avg sample train. time: 0.0016667511586606497 seconds
Epoch 30 Training Summary: epoch: 30.000000 | loss: 0.143314 | 
Epoch runtime: 0.0 hours, 0.0 minutes, 0.5659663677215576 seconds

Avg epoch train. time: 0.0 hours, 0.0 minutes, 0.5650599002838135 seconds
Avg batch train. time: 0.013140927913577058 seconds
Avg sample train. time: 0.0016668433636690663 seconds
Evaluating on validation set ...
Validation runtime: 0.0 hours, 0.0 minutes, 0.023961544036865234 seconds

Avg val. time: 0.0 hours, 0.0 minutes, 0.04454590292537913 seconds
Avg batch val. time: 0.008909180585075827 seconds
Avg sample val. time: 0.0011722606032994508 seconds
Epoch 30 Validation Summary: epoch: 30.000000 | loss: 3.046256 | accuracy: 0.289474 | precision: 0.322382 | 
Epoch 31 Training Summary: epoch: 31.000000 | loss: 0.162302 | 
Epoch runtime: 0.0 hours, 0.0 minutes, 0.5505678653717041 seconds

Avg epoch train. time: 0.0 hours, 0.0 minutes, 0.5645924152866486 seconds
Avg batch train. time: 0.013130056169456944 seconds
Avg sample train. time: 0.0016654643518780195 seconds
Epoch 32 Training Summary: epoch: 32.000000 | loss: 0.150751 | 
Epoch runtime: 0.0 hours, 0.0 minutes, 0.528592586517334 seconds

Avg epoch train. time: 0.0 hours, 0.0 minutes, 0.5634674206376076 seconds
Avg batch train. time: 0.013103893503200176 seconds
Avg sample train. time: 0.0016621457835917627 seconds
Evaluating on validation set ...
Validation runtime: 0.0 hours, 0.0 minutes, 0.02299046516418457 seconds

Avg val. time: 0.0 hours, 0.0 minutes, 0.04334837860531277 seconds
Avg batch val. time: 0.008669675721062555 seconds
Avg sample val. time: 0.0011407468054029676 seconds
Epoch 32 Validation Summary: epoch: 32.000000 | loss: 3.669313 | accuracy: 0.342105 | precision: 0.284868 | 
Epoch 33 Training Summary: epoch: 33.000000 | loss: 0.184187 | 
Epoch runtime: 0.0 hours, 0.0 minutes, 0.560056209564209 seconds

Avg epoch train. time: 0.0 hours, 0.0 minutes, 0.5633640506050803 seconds
Avg batch train. time: 0.013101489548955356 seconds
Avg sample train. time: 0.0016618408572421249 seconds
Epoch 34 Training Summary: epoch: 34.000000 | loss: 0.144542 | 
Epoch runtime: 0.0 hours, 0.0 minutes, 0.5783343315124512 seconds

Avg epoch train. time: 0.0 hours, 0.0 minutes, 0.5638043529847089 seconds
Avg batch train. time: 0.013111729139179277 seconds
Avg sample train. time: 0.001663139684320675 seconds
Evaluating on validation set ...
Validation runtime: 0.0 hours, 0.0 minutes, 0.024350881576538086 seconds

Avg val. time: 0.0 hours, 0.0 minutes, 0.04234851034064042 seconds
Avg batch val. time: 0.008469702068128084 seconds
Avg sample val. time: 0.001114434482648432 seconds
Epoch 34 Validation Summary: epoch: 34.000000 | loss: 3.739881 | accuracy: 0.315789 | precision: 0.307895 | 
Epoch 35 Training Summary: epoch: 35.000000 | loss: 0.199483 | 
Epoch runtime: 0.0 hours, 0.0 minutes, 0.5485570430755615 seconds

Avg epoch train. time: 0.0 hours, 0.0 minutes, 0.5633687155587332 seconds
Avg batch train. time: 0.01310159803624961 seconds
Avg sample train. time: 0.0016618546181673547 seconds
Epoch 36 Training Summary: epoch: 36.000000 | loss: 0.146326 | 
Epoch runtime: 0.0 hours, 0.0 minutes, 0.5412445068359375 seconds

Avg epoch train. time: 0.0 hours, 0.0 minutes, 0.5627541542053223 seconds
Avg batch train. time: 0.01308730591175168 seconds
Avg sample train. time: 0.0016600417528180597 seconds
Evaluating on validation set ...
Validation runtime: 0.0 hours, 0.0 minutes, 0.02362370491027832 seconds

Avg val. time: 0.0 hours, 0.0 minutes, 0.04141227006912231 seconds
Avg batch val. time: 0.008282454013824462 seconds
Avg sample val. time: 0.0010897965807663767 seconds
Epoch 36 Validation Summary: epoch: 36.000000 | loss: 3.972841 | accuracy: 0.289474 | precision: 0.271303 | 
Epoch 37 Training Summary: epoch: 37.000000 | loss: 0.078025 | 
Epoch runtime: 0.0 hours, 0.0 minutes, 0.5658576488494873 seconds

Avg epoch train. time: 0.0 hours, 0.0 minutes, 0.5628380324389484 seconds
Avg batch train. time: 0.013089256568347637 seconds
Avg sample train. time: 0.001660289181235836 seconds
Epoch 38 Training Summary: epoch: 38.000000 | loss: 0.148719 | 
Epoch runtime: 0.0 hours, 0.0 minutes, 0.5615606307983398 seconds

Avg epoch train. time: 0.0 hours, 0.0 minutes, 0.5628044166063008 seconds
Avg batch train. time: 0.013088474804797691 seconds
Avg sample train. time: 0.0016601900194876129 seconds
Evaluating on validation set ...
Validation runtime: 0.0 hours, 0.0 minutes, 0.02635335922241211 seconds

Avg val. time: 0.0 hours, 0.0 minutes, 0.040695179076421825 seconds
Avg batch val. time: 0.008139035815284365 seconds
Avg sample val. time: 0.0010709257651689954 seconds
Epoch 38 Validation Summary: epoch: 38.000000 | loss: 3.916749 | accuracy: 0.315789 | precision: 0.305138 | 
Epoch 39 Training Summary: epoch: 39.000000 | loss: 0.132361 | 
Epoch runtime: 0.0 hours, 0.0 minutes, 0.554875373840332 seconds

Avg epoch train. time: 0.0 hours, 0.0 minutes, 0.5626011078174298 seconds
Avg batch train. time: 0.0130837466934286 seconds
Avg sample train. time: 0.0016595902885469904 seconds
Epoch 40 Training Summary: epoch: 40.000000 | loss: 0.107764 | 
Epoch runtime: 0.0 hours, 0.0 minutes, 0.5423030853271484 seconds

Avg epoch train. time: 0.0 hours, 0.0 minutes, 0.5620936572551727 seconds
Avg batch train. time: 0.013071945517562156 seconds
Avg sample train. time: 0.0016580933842335478 seconds
Evaluating on validation set ...
Validation runtime: 0.0 hours, 0.0 minutes, 0.02068924903869629 seconds

Avg val. time: 0.0 hours, 0.0 minutes, 0.039785818620161575 seconds
Avg batch val. time: 0.007957163724032315 seconds
Avg sample val. time: 0.0010469952268463572 seconds
Epoch 40 Validation Summary: epoch: 40.000000 | loss: 3.832409 | accuracy: 0.289474 | precision: 0.276316 | 
Best accuracy was 0.4473684210526316. Other metrics: OrderedDict([('epoch', 6), ('loss', 1.6519022740815814), ('accuracy', 0.4473684210526316), ('precision', 0.46678321678321677)])
All Done!
Total runtime: 0.0 hours, 0.0 minutes, 33.72438097000122 seconds

