Running:
src/main_crosssetting.py --output_dir experiments --target_user ZeyuZoom --user_othersetting Zeyu --comment classification from Scratch --name VRS_fromScratch --records_file VRS_records.xls --data_dir /mnt/d/OneDrive - Southern Methodist University/Phone_Privacy/input_feature/opticalflow_22_downsample_480p_s22 --test_data_dir /mnt/d/OneDrive - Southern Methodist University/Phone_Privacy/input_feature/all_processpos_norm_downsample_480p_s22 --data_class vrs --val_ratio 0.1 --epochs 40 --lr 0.001 --dropout 0.2 --batch_size 8 --num_layers 3 --num_heads 4 --optimizer RAdam --pos_encoding learnable --task classification --normalization none --key_metric accuracy

Using device: cuda
Loading and preprocessing data ...
67 samples may be used for training
8 samples will be used for validation
0 samples will be used for testing
Creating model ...
Model:
TSTransformerEncoderClassiregressor(
  (project_inp): Linear(in_features=8, out_features=64, bias=True)
  (pos_enc): LearnablePositionalEncoding(
    (dropout): Dropout(p=0.2, inplace=False)
  )
  (transformer_encoder): TransformerEncoder(
    (layers): ModuleList(
      (0-2): 3 x TransformerBatchNormEncoderLayer(
        (self_attn): MultiheadAttention(
          (out_proj): NonDynamicallyQuantizableLinear(in_features=64, out_features=64, bias=True)
        )
        (linear1): Linear(in_features=64, out_features=256, bias=True)
        (dropout): Dropout(p=0.2, inplace=False)
        (linear2): Linear(in_features=256, out_features=64, bias=True)
        (norm1): BatchNorm1d(64, eps=1e-05, momentum=0.1, affine=True, track_running_stats=True)
        (norm2): BatchNorm1d(64, eps=1e-05, momentum=0.1, affine=True, track_running_stats=True)
        (dropout1): Dropout(p=0.2, inplace=False)
        (dropout2): Dropout(p=0.2, inplace=False)
      )
    )
  )
  (dropout1): Dropout(p=0.2, inplace=False)
  (output_layer): Linear(in_features=5120, out_features=5, bias=True)
)
Total number of parameters: 181253
Trainable parameters: 181253
Evaluating on validation set ...
Validation runtime: 0.0 hours, 0.0 minutes, 0.16632962226867676 seconds

Avg val. time: 0.0 hours, 0.0 minutes, 0.16632962226867676 seconds
Avg batch val. time: 0.16632962226867676 seconds
Avg sample val. time: 0.020791202783584595 seconds
Epoch 0 Validation Summary: epoch: 0.000000 | loss: 7.984032 | accuracy: 0.250000 | precision: 0.250000 | 
Starting training...
Epoch 1 Training Summary: epoch: 1.000000 | loss: 1.674603 | 
Epoch runtime: 0.0 hours, 0.0 minutes, 0.20787668228149414 seconds

Avg epoch train. time: 0.0 hours, 0.0 minutes, 0.20787668228149414 seconds
Avg batch train. time: 0.02309740914238824 seconds
Avg sample train. time: 0.0031026370489775244 seconds
Evaluating on validation set ...
Validation runtime: 0.0 hours, 0.0 minutes, 0.007085084915161133 seconds

Avg val. time: 0.0 hours, 0.0 minutes, 0.08670735359191895 seconds
Avg batch val. time: 0.08670735359191895 seconds
Avg sample val. time: 0.010838419198989868 seconds
Epoch 1 Validation Summary: epoch: 1.000000 | loss: 1.783385 | accuracy: 0.250000 | precision: 0.250000 | 
Epoch 2 Training Summary: epoch: 2.000000 | loss: 1.629875 | 
Epoch runtime: 0.0 hours, 0.0 minutes, 0.07903838157653809 seconds

Avg epoch train. time: 0.0 hours, 0.0 minutes, 0.1434575319290161 seconds
Avg batch train. time: 0.01593972576989068 seconds
Avg sample train. time: 0.0021411571929703895 seconds
Evaluating on validation set ...
Validation runtime: 0.0 hours, 0.0 minutes, 0.005930662155151367 seconds

Avg val. time: 0.0 hours, 0.0 minutes, 0.059781789779663086 seconds
Avg batch val. time: 0.059781789779663086 seconds
Avg sample val. time: 0.007472723722457886 seconds
Epoch 2 Validation Summary: epoch: 2.000000 | loss: 1.726552 | accuracy: 0.125000 | precision: 0.100000 | 
Epoch 3 Training Summary: epoch: 3.000000 | loss: 1.627869 | 
Epoch runtime: 0.0 hours, 0.0 minutes, 0.07851195335388184 seconds

Avg epoch train. time: 0.0 hours, 0.0 minutes, 0.12180900573730469 seconds
Avg batch train. time: 0.013534333970811632 seconds
Avg sample train. time: 0.0018180448617508163 seconds
Epoch 4 Training Summary: epoch: 4.000000 | loss: 1.561840 | 
Epoch runtime: 0.0 hours, 0.0 minutes, 0.08072805404663086 seconds

Avg epoch train. time: 0.0 hours, 0.0 minutes, 0.11153876781463623 seconds
Avg batch train. time: 0.01239319642384847 seconds
Avg sample train. time: 0.0016647577285766602 seconds
Evaluating on validation set ...
Validation runtime: 0.0 hours, 0.0 minutes, 0.007225513458251953 seconds

Avg val. time: 0.0 hours, 0.0 minutes, 0.0466427206993103 seconds
Avg batch val. time: 0.0466427206993103 seconds
Avg sample val. time: 0.005830340087413788 seconds
Epoch 4 Validation Summary: epoch: 4.000000 | loss: 1.700846 | accuracy: 0.125000 | precision: 0.133333 | 
Epoch 5 Training Summary: epoch: 5.000000 | loss: 1.449496 | 
Epoch runtime: 0.0 hours, 0.0 minutes, 0.08393406867980957 seconds

Avg epoch train. time: 0.0 hours, 0.0 minutes, 0.1060178279876709 seconds
Avg batch train. time: 0.011779758665296767 seconds
Avg sample train. time: 0.0015823556416070283 seconds
Epoch 6 Training Summary: epoch: 6.000000 | loss: 1.418320 | 
Epoch runtime: 0.0 hours, 0.0 minutes, 0.08034920692443848 seconds

Avg epoch train. time: 0.0 hours, 0.0 minutes, 0.10173972447713216 seconds
Avg batch train. time: 0.011304413830792462 seconds
Avg sample train. time: 0.0015185033504049575 seconds
Evaluating on validation set ...
Validation runtime: 0.0 hours, 0.0 minutes, 0.00897836685180664 seconds

Avg val. time: 0.0 hours, 0.0 minutes, 0.03910984992980957 seconds
Avg batch val. time: 0.03910984992980957 seconds
Avg sample val. time: 0.0048887312412261965 seconds
Epoch 6 Validation Summary: epoch: 6.000000 | loss: 1.712504 | accuracy: 0.250000 | precision: 0.166667 | 
Epoch 7 Training Summary: epoch: 7.000000 | loss: 1.409123 | 
Epoch runtime: 0.0 hours, 0.0 minutes, 0.0840301513671875 seconds

Avg epoch train. time: 0.0 hours, 0.0 minutes, 0.09920978546142578 seconds
Avg batch train. time: 0.011023309495713975 seconds
Avg sample train. time: 0.0014807430665884445 seconds
Epoch 8 Training Summary: epoch: 8.000000 | loss: 1.284220 | 
Epoch runtime: 0.0 hours, 0.0 minutes, 0.08431744575500488 seconds

Avg epoch train. time: 0.0 hours, 0.0 minutes, 0.09734824299812317 seconds
Avg batch train. time: 0.010816471444235908 seconds
Avg sample train. time: 0.0014529588507182563 seconds
Evaluating on validation set ...
Validation runtime: 0.0 hours, 0.0 minutes, 0.007101774215698242 seconds

Avg val. time: 0.0 hours, 0.0 minutes, 0.03377517064412435 seconds
Avg batch val. time: 0.03377517064412435 seconds
Avg sample val. time: 0.004221896330515544 seconds
Epoch 8 Validation Summary: epoch: 8.000000 | loss: 1.728208 | accuracy: 0.250000 | precision: 0.166667 | 
Epoch 9 Training Summary: epoch: 9.000000 | loss: 1.261696 | 
Epoch runtime: 0.0 hours, 0.0 minutes, 0.08101558685302734 seconds

Avg epoch train. time: 0.0 hours, 0.0 minutes, 0.09553350342644586 seconds
Avg batch train. time: 0.010614833714049539 seconds
Avg sample train. time: 0.001425873185469341 seconds
Epoch 10 Training Summary: epoch: 10.000000 | loss: 1.170946 | 
Epoch runtime: 0.0 hours, 0.0 minutes, 0.07636427879333496 seconds

Avg epoch train. time: 0.0 hours, 0.0 minutes, 0.09361658096313477 seconds
Avg batch train. time: 0.010401842329237196 seconds
Avg sample train. time: 0.0013972624024348474 seconds
Evaluating on validation set ...
Validation runtime: 0.0 hours, 0.0 minutes, 0.0059719085693359375 seconds

Avg val. time: 0.0 hours, 0.0 minutes, 0.02980327606201172 seconds
Avg batch val. time: 0.02980327606201172 seconds
Avg sample val. time: 0.003725409507751465 seconds
Epoch 10 Validation Summary: epoch: 10.000000 | loss: 1.821569 | accuracy: 0.000000 | precision: 0.000000 | 
Epoch 11 Training Summary: epoch: 11.000000 | loss: 1.129655 | 
Epoch runtime: 0.0 hours, 0.0 minutes, 0.07755279541015625 seconds

Avg epoch train. time: 0.0 hours, 0.0 minutes, 0.0921562368219549 seconds
Avg batch train. time: 0.010239581869106099 seconds
Avg sample train. time: 0.0013754662212232074 seconds
Epoch 12 Training Summary: epoch: 12.000000 | loss: 1.079970 | 
Epoch runtime: 0.0 hours, 0.0 minutes, 0.08415699005126953 seconds

Avg epoch train. time: 0.0 hours, 0.0 minutes, 0.09148963292439778 seconds
Avg batch train. time: 0.010165514769377531 seconds
Avg sample train. time: 0.0013655169093193698 seconds
Evaluating on validation set ...
Validation runtime: 0.0 hours, 0.0 minutes, 0.006694316864013672 seconds

Avg val. time: 0.0 hours, 0.0 minutes, 0.026914656162261963 seconds
Avg batch val. time: 0.026914656162261963 seconds
Avg sample val. time: 0.0033643320202827454 seconds
Epoch 12 Validation Summary: epoch: 12.000000 | loss: 1.826078 | accuracy: 0.000000 | precision: 0.000000 | 
Epoch 13 Training Summary: epoch: 13.000000 | loss: 0.957298 | 
Epoch runtime: 0.0 hours, 0.0 minutes, 0.08402729034423828 seconds

Avg epoch train. time: 0.0 hours, 0.0 minutes, 0.09091560657207783 seconds
Avg batch train. time: 0.010101734063564204 seconds
Avg sample train. time: 0.001356949351822057 seconds
Epoch 14 Training Summary: epoch: 14.000000 | loss: 0.938271 | 
Epoch runtime: 0.0 hours, 0.0 minutes, 0.07944440841674805 seconds

Avg epoch train. time: 0.0 hours, 0.0 minutes, 0.09009623527526855 seconds
Avg batch train. time: 0.010010692808363173 seconds
Avg sample train. time: 0.0013447199294816202 seconds
Evaluating on validation set ...
Validation runtime: 0.0 hours, 0.0 minutes, 0.005774259567260742 seconds

Avg val. time: 0.0 hours, 0.0 minutes, 0.024565723207261827 seconds
Avg batch val. time: 0.024565723207261827 seconds
Avg sample val. time: 0.0030707154009077284 seconds
Epoch 14 Validation Summary: epoch: 14.000000 | loss: 1.847849 | accuracy: 0.125000 | precision: 0.062500 | 
Epoch 15 Training Summary: epoch: 15.000000 | loss: 0.847619 | 
Epoch runtime: 0.0 hours, 0.0 minutes, 0.08512353897094727 seconds

Avg epoch train. time: 0.0 hours, 0.0 minutes, 0.0897647221883138 seconds
Avg batch train. time: 0.009973858020923756 seconds
Avg sample train. time: 0.0013397719729599075 seconds
Epoch 16 Training Summary: epoch: 16.000000 | loss: 0.821906 | 
Epoch runtime: 0.0 hours, 0.0 minutes, 0.08516430854797363 seconds

Avg epoch train. time: 0.0 hours, 0.0 minutes, 0.08947719633579254 seconds
Avg batch train. time: 0.00994191070397695 seconds
Avg sample train. time: 0.0013354805423252617 seconds
Evaluating on validation set ...
Validation runtime: 0.0 hours, 0.0 minutes, 0.005777120590209961 seconds

Avg val. time: 0.0 hours, 0.0 minutes, 0.022686862945556642 seconds
Avg batch val. time: 0.022686862945556642 seconds
Avg sample val. time: 0.0028358578681945803 seconds
Epoch 16 Validation Summary: epoch: 16.000000 | loss: 1.786194 | accuracy: 0.125000 | precision: 0.125000 | 
Epoch 17 Training Summary: epoch: 17.000000 | loss: 0.871903 | 
Epoch runtime: 0.0 hours, 0.0 minutes, 0.07939839363098145 seconds

Avg epoch train. time: 0.0 hours, 0.0 minutes, 0.08888432558845072 seconds
Avg batch train. time: 0.009876036176494525 seconds
Avg sample train. time: 0.001326631725200757 seconds
Epoch 18 Training Summary: epoch: 18.000000 | loss: 0.721791 | 
Epoch runtime: 0.0 hours, 0.0 minutes, 0.08119750022888184 seconds

Avg epoch train. time: 0.0 hours, 0.0 minutes, 0.08845727973514134 seconds
Avg batch train. time: 0.009828586637237926 seconds
Avg sample train. time: 0.0013202579064946467 seconds
Evaluating on validation set ...
Validation runtime: 0.0 hours, 0.0 minutes, 0.0059871673583984375 seconds

Avg val. time: 0.0 hours, 0.0 minutes, 0.02116870880126953 seconds
Avg batch val. time: 0.02116870880126953 seconds
Avg sample val. time: 0.0026460886001586914 seconds
Epoch 18 Validation Summary: epoch: 18.000000 | loss: 1.773081 | accuracy: 0.125000 | precision: 0.125000 | 
Epoch 19 Training Summary: epoch: 19.000000 | loss: 0.665568 | 
Epoch runtime: 0.0 hours, 0.0 minutes, 0.07726168632507324 seconds

Avg epoch train. time: 0.0 hours, 0.0 minutes, 0.08786803797671669 seconds
Avg batch train. time: 0.0097631153307463 seconds
Avg sample train. time: 0.0013114632533838312 seconds
Epoch 20 Training Summary: epoch: 20.000000 | loss: 0.608090 | 
Epoch runtime: 0.0 hours, 0.0 minutes, 0.09360837936401367 seconds

Avg epoch train. time: 0.0 hours, 0.0 minutes, 0.08815505504608154 seconds
Avg batch train. time: 0.009795006116231282 seconds
Avg sample train. time: 0.0013157470902400228 seconds
Evaluating on validation set ...
Validation runtime: 0.0 hours, 0.0 minutes, 0.0059125423431396484 seconds

Avg val. time: 0.0 hours, 0.0 minutes, 0.019897361596425373 seconds
Avg batch val. time: 0.019897361596425373 seconds
Avg sample val. time: 0.0024871701995531716 seconds
Epoch 20 Validation Summary: epoch: 20.000000 | loss: 1.766389 | accuracy: 0.250000 | precision: 0.250000 | 
Epoch 21 Training Summary: epoch: 21.000000 | loss: 0.573035 | 
Epoch runtime: 0.0 hours, 0.0 minutes, 0.08367490768432617 seconds

Avg epoch train. time: 0.0 hours, 0.0 minutes, 0.08794171469552177 seconds
Avg batch train. time: 0.009771301632835752 seconds
Avg sample train. time: 0.00131256290590331 seconds
Epoch 22 Training Summary: epoch: 22.000000 | loss: 0.475595 | 
Epoch runtime: 0.0 hours, 0.0 minutes, 0.084136962890625 seconds

Avg epoch train. time: 0.0 hours, 0.0 minutes, 0.08776877143166283 seconds
Avg batch train. time: 0.009752085714629204 seconds
Avg sample train. time: 0.0013099816631591467 seconds
Evaluating on validation set ...
Validation runtime: 0.0 hours, 0.0 minutes, 0.006011247634887695 seconds

Avg val. time: 0.0 hours, 0.0 minutes, 0.018829198983999398 seconds
Avg batch val. time: 0.018829198983999398 seconds
Avg sample val. time: 0.0023536498729999247 seconds
Epoch 22 Validation Summary: epoch: 22.000000 | loss: 1.828731 | accuracy: 0.125000 | precision: 0.062500 | 
Epoch 23 Training Summary: epoch: 23.000000 | loss: 0.468293 | 
Epoch runtime: 0.0 hours, 0.0 minutes, 0.0891258716583252 seconds

Avg epoch train. time: 0.0 hours, 0.0 minutes, 0.0878277757893438 seconds
Avg batch train. time: 0.009758641754371532 seconds
Avg sample train. time: 0.0013108623252140864 seconds
Epoch 24 Training Summary: epoch: 24.000000 | loss: 0.389383 | 
Epoch runtime: 0.0 hours, 0.0 minutes, 0.08360099792480469 seconds

Avg epoch train. time: 0.0 hours, 0.0 minutes, 0.08765166004498799 seconds
Avg batch train. time: 0.009739073338331999 seconds
Avg sample train. time: 0.0013082337320147461 seconds
Evaluating on validation set ...
Validation runtime: 0.0 hours, 0.0 minutes, 0.006297111511230469 seconds

Avg val. time: 0.0 hours, 0.0 minutes, 0.01793404987880162 seconds
Avg batch val. time: 0.01793404987880162 seconds
Avg sample val. time: 0.0022417562348502023 seconds
Epoch 24 Validation Summary: epoch: 24.000000 | loss: 1.809843 | accuracy: 0.125000 | precision: 0.125000 | 
Epoch 25 Training Summary: epoch: 25.000000 | loss: 0.414223 | 
Epoch runtime: 0.0 hours, 0.0 minutes, 0.08393025398254395 seconds

Avg epoch train. time: 0.0 hours, 0.0 minutes, 0.08750280380249023 seconds
Avg batch train. time: 0.009722533755832248 seconds
Avg sample train. time: 0.001306011997052093 seconds
Epoch 26 Training Summary: epoch: 26.000000 | loss: 0.337166 | 
Epoch runtime: 0.0 hours, 0.0 minutes, 0.09421277046203613 seconds

Avg epoch train. time: 0.0 hours, 0.0 minutes, 0.087760879443242 seconds
Avg batch train. time: 0.009751208827026889 seconds
Avg sample train. time: 0.001309863872287194 seconds
Evaluating on validation set ...
Validation runtime: 0.0 hours, 0.0 minutes, 0.006474494934082031 seconds

Avg val. time: 0.0 hours, 0.0 minutes, 0.017170079549153647 seconds
Avg batch val. time: 0.017170079549153647 seconds
Avg sample val. time: 0.002146259943644206 seconds
Epoch 26 Validation Summary: epoch: 26.000000 | loss: 1.819737 | accuracy: 0.250000 | precision: 0.187500 | 
Epoch 27 Training Summary: epoch: 27.000000 | loss: 0.313353 | 
Epoch runtime: 0.0 hours, 0.0 minutes, 0.08061003684997559 seconds

Avg epoch train. time: 0.0 hours, 0.0 minutes, 0.08749603342126917 seconds
Avg batch train. time: 0.00972178149125213 seconds
Avg sample train. time: 0.001305910946586107 seconds
Epoch 28 Training Summary: epoch: 28.000000 | loss: 0.308357 | 
Epoch runtime: 0.0 hours, 0.0 minutes, 0.07920479774475098 seconds

Avg epoch train. time: 0.0 hours, 0.0 minutes, 0.08719991786139351 seconds
Avg batch train. time: 0.009688879762377057 seconds
Avg sample train. time: 0.0013014913113640822 seconds
Evaluating on validation set ...
Validation runtime: 0.0 hours, 0.0 minutes, 0.0060498714447021484 seconds

Avg val. time: 0.0 hours, 0.0 minutes, 0.016475066542625427 seconds
Avg batch val. time: 0.016475066542625427 seconds
Avg sample val. time: 0.0020593833178281784 seconds
Epoch 28 Validation Summary: epoch: 28.000000 | loss: 1.935086 | accuracy: 0.125000 | precision: 0.125000 | 
Epoch 29 Training Summary: epoch: 29.000000 | loss: 0.225374 | 
Epoch runtime: 0.0 hours, 0.0 minutes, 0.07395434379577637 seconds

Avg epoch train. time: 0.0 hours, 0.0 minutes, 0.08674317392809637 seconds
Avg batch train. time: 0.009638130436455151 seconds
Avg sample train. time: 0.0012946742377327816 seconds
Epoch 30 Training Summary: epoch: 30.000000 | loss: 0.251785 | 
Epoch runtime: 0.0 hours, 0.0 minutes, 0.07529449462890625 seconds

Avg epoch train. time: 0.0 hours, 0.0 minutes, 0.08636155128479003 seconds
Avg batch train. time: 0.009595727920532225 seconds
Avg sample train. time: 0.001288978377384926 seconds
Evaluating on validation set ...
Validation runtime: 0.0 hours, 0.0 minutes, 0.006615638732910156 seconds

Avg val. time: 0.0 hours, 0.0 minutes, 0.01589510020087747 seconds
Avg batch val. time: 0.01589510020087747 seconds
Avg sample val. time: 0.0019868875251096837 seconds
Epoch 30 Validation Summary: epoch: 30.000000 | loss: 2.230146 | accuracy: 0.125000 | precision: 0.125000 | 
Epoch 31 Training Summary: epoch: 31.000000 | loss: 0.172030 | 
Epoch runtime: 0.0 hours, 0.0 minutes, 0.07820987701416016 seconds

Avg epoch train. time: 0.0 hours, 0.0 minutes, 0.0860985940502536 seconds
Avg batch train. time: 0.009566510450028176 seconds
Avg sample train. time: 0.0012850536425410984 seconds
Epoch 32 Training Summary: epoch: 32.000000 | loss: 0.180169 | 
Epoch runtime: 0.0 hours, 0.0 minutes, 0.08442974090576172 seconds

Avg epoch train. time: 0.0 hours, 0.0 minutes, 0.08604644238948822 seconds
Avg batch train. time: 0.009560715821054246 seconds
Avg sample train. time: 0.0012842752595446003 seconds
Evaluating on validation set ...
Validation runtime: 0.0 hours, 0.0 minutes, 0.006422996520996094 seconds

Avg val. time: 0.0 hours, 0.0 minutes, 0.015368872218661837 seconds
Avg batch val. time: 0.015368872218661837 seconds
Avg sample val. time: 0.0019211090273327297 seconds
Epoch 32 Validation Summary: epoch: 32.000000 | loss: 2.342556 | accuracy: 0.125000 | precision: 0.062500 | 
Epoch 33 Training Summary: epoch: 33.000000 | loss: 0.175963 | 
Epoch runtime: 0.0 hours, 0.0 minutes, 0.0791771411895752 seconds

Avg epoch train. time: 0.0 hours, 0.0 minutes, 0.08583828174706662 seconds
Avg batch train. time: 0.00953758686078518 seconds
Avg sample train. time: 0.0012811683842845764 seconds
Epoch 34 Training Summary: epoch: 34.000000 | loss: 0.141309 | 
Epoch runtime: 0.0 hours, 0.0 minutes, 0.08191132545471191 seconds

Avg epoch train. time: 0.0 hours, 0.0 minutes, 0.0857227830325856 seconds
Avg batch train. time: 0.009524753670287288 seconds
Avg sample train. time: 0.001279444522874412 seconds
Evaluating on validation set ...
Validation runtime: 0.0 hours, 0.0 minutes, 0.007779121398925781 seconds

Avg val. time: 0.0 hours, 0.0 minutes, 0.014969411649202046 seconds
Avg batch val. time: 0.014969411649202046 seconds
Avg sample val. time: 0.0018711764561502558 seconds
Epoch 34 Validation Summary: epoch: 34.000000 | loss: 2.324396 | accuracy: 0.125000 | precision: 0.062500 | 
Epoch 35 Training Summary: epoch: 35.000000 | loss: 0.143587 | 
Epoch runtime: 0.0 hours, 0.0 minutes, 0.07958269119262695 seconds

Avg epoch train. time: 0.0 hours, 0.0 minutes, 0.0855473518371582 seconds
Avg batch train. time: 0.0095052613152398 seconds
Avg sample train. time: 0.0012768261468232567 seconds
Epoch 36 Training Summary: epoch: 36.000000 | loss: 0.125960 | 
Epoch runtime: 0.0 hours, 0.0 minutes, 0.08110451698303223 seconds

Avg epoch train. time: 0.0 hours, 0.0 minutes, 0.08542393975787693 seconds
Avg batch train. time: 0.009491548861986325 seconds
Avg sample train. time: 0.0012749841754907006 seconds
Evaluating on validation set ...
Validation runtime: 0.0 hours, 0.0 minutes, 0.0056989192962646484 seconds

Avg val. time: 0.0 hours, 0.0 minutes, 0.014505887031555175 seconds
Avg batch val. time: 0.014505887031555175 seconds
Avg sample val. time: 0.001813235878944397 seconds
Epoch 36 Validation Summary: epoch: 36.000000 | loss: 2.653036 | accuracy: 0.125000 | precision: 0.041667 | 
Epoch 37 Training Summary: epoch: 37.000000 | loss: 0.125806 | 
Epoch runtime: 0.0 hours, 0.0 minutes, 0.0825505256652832 seconds

Avg epoch train. time: 0.0 hours, 0.0 minutes, 0.08534627991753656 seconds
Avg batch train. time: 0.009482919990837396 seconds
Avg sample train. time: 0.001273825073396068 seconds
Epoch 38 Training Summary: epoch: 38.000000 | loss: 0.106951 | 
Epoch runtime: 0.0 hours, 0.0 minutes, 0.07405352592468262 seconds

Avg epoch train. time: 0.0 hours, 0.0 minutes, 0.0850491021808825 seconds
Avg batch train. time: 0.009449900242320279 seconds
Avg sample train. time: 0.001269389584789291 seconds
Evaluating on validation set ...
Validation runtime: 0.0 hours, 0.0 minutes, 0.006219387054443359 seconds

Avg val. time: 0.0 hours, 0.0 minutes, 0.014111291794549851 seconds
Avg batch val. time: 0.014111291794549851 seconds
Avg sample val. time: 0.0017639114743187314 seconds
Epoch 38 Validation Summary: epoch: 38.000000 | loss: 2.842336 | accuracy: 0.250000 | precision: 0.208333 | 
Epoch 39 Training Summary: epoch: 39.000000 | loss: 0.081094 | 
Epoch runtime: 0.0 hours, 0.0 minutes, 0.08096766471862793 seconds

Avg epoch train. time: 0.0 hours, 0.0 minutes, 0.08494444993826059 seconds
Avg batch train. time: 0.009438272215362288 seconds
Avg sample train. time: 0.0012678276110188148 seconds
Epoch 40 Training Summary: epoch: 40.000000 | loss: 0.058244 | 
Epoch runtime: 0.0 hours, 0.0 minutes, 0.0784459114074707 seconds

Avg epoch train. time: 0.0 hours, 0.0 minutes, 0.08478198647499084 seconds
Avg batch train. time: 0.009420220719443427 seconds
Avg sample train. time: 0.0012654027832088184 seconds
Evaluating on validation set ...
Validation runtime: 0.0 hours, 0.0 minutes, 0.005258798599243164 seconds

Avg val. time: 0.0 hours, 0.0 minutes, 0.01370890574021773 seconds
Avg batch val. time: 0.01370890574021773 seconds
Avg sample val. time: 0.0017136132175272162 seconds
Epoch 40 Validation Summary: epoch: 40.000000 | loss: 2.759973 | accuracy: 0.250000 | precision: 0.291667 | 
Best accuracy was 0.25. Other metrics: OrderedDict([('epoch', 0), ('loss', 7.984031677246094), ('accuracy', 0.25), ('precision', 0.25)])
All Done!
Total runtime: 0.0 hours, 0.0 minutes, 6.423717498779297 seconds

