Running:
src/main_5q.py --output_dir experiments --comment classification from Scratch --name VRS_fromScratch --records_file VRS_records.xls --data_dir /mnt/d/OneDrive - Southern Methodist University/Phone_Privacy/input_feature/all_norm_downsample_480p_s22 --data_class vrs --val_ratio 0.1 --epochs 40 --lr 0.001 --dropout 0.2 --batch_size 8 --num_layers 3 --num_heads 4 --optimizer RAdam --pos_encoding learnable --task classification --normalization none --key_metric accuracy

Using device: cuda
Loading and preprocessing data ...
271 samples may be used for training
31 samples will be used for validation
0 samples will be used for testing
Creating model ...
Model:
TSTransformerEncoderClassiregressor(
  (project_inp): Linear(in_features=39, out_features=64, bias=True)
  (pos_enc): LearnablePositionalEncoding(
    (dropout): Dropout(p=0.2, inplace=False)
  )
  (transformer_encoder): TransformerEncoder(
    (layers): ModuleList(
      (0-2): 3 x TransformerBatchNormEncoderLayer(
        (self_attn): MultiheadAttention(
          (out_proj): NonDynamicallyQuantizableLinear(in_features=64, out_features=64, bias=True)
        )
        (linear1): Linear(in_features=64, out_features=256, bias=True)
        (dropout): Dropout(p=0.2, inplace=False)
        (linear2): Linear(in_features=256, out_features=64, bias=True)
        (norm1): BatchNorm1d(64, eps=1e-05, momentum=0.1, affine=True, track_running_stats=True)
        (norm2): BatchNorm1d(64, eps=1e-05, momentum=0.1, affine=True, track_running_stats=True)
        (dropout1): Dropout(p=0.2, inplace=False)
        (dropout2): Dropout(p=0.2, inplace=False)
      )
    )
  )
  (dropout1): Dropout(p=0.2, inplace=False)
  (output_layer): Linear(in_features=5120, out_features=5, bias=True)
)
Total number of parameters: 183237
Trainable parameters: 183237
Evaluating on validation set ...
Validation runtime: 0.0 hours, 0.0 minutes, 0.24945592880249023 seconds

Avg val. time: 0.0 hours, 0.0 minutes, 0.24945592880249023 seconds
Avg batch val. time: 0.06236398220062256 seconds
Avg sample val. time: 0.008046965445241621 seconds
Epoch 0 Validation Summary: epoch: 0.000000 | loss: 2.530612 | accuracy: 0.322581 | precision: 0.324561 | 
Starting training...
Epoch 1 Training Summary: epoch: 1.000000 | loss: 1.713784 | 
Epoch runtime: 0.0 hours, 0.0 minutes, 0.4981076717376709 seconds

Avg epoch train. time: 0.0 hours, 0.0 minutes, 0.4981076717376709 seconds
Avg batch train. time: 0.014650225639343262 seconds
Avg sample train. time: 0.0018380356890688964 seconds
Evaluating on validation set ...
Validation runtime: 0.0 hours, 0.0 minutes, 0.016267061233520508 seconds

Avg val. time: 0.0 hours, 0.0 minutes, 0.13286149501800537 seconds
Avg batch val. time: 0.03321537375450134 seconds
Avg sample val. time: 0.004285854678000173 seconds
Epoch 1 Validation Summary: epoch: 1.000000 | loss: 1.600384 | accuracy: 0.290323 | precision: 0.200000 | 
Epoch 2 Training Summary: epoch: 2.000000 | loss: 1.628046 | 
Epoch runtime: 0.0 hours, 0.0 minutes, 0.374828577041626 seconds

Avg epoch train. time: 0.0 hours, 0.0 minutes, 0.43646812438964844 seconds
Avg batch train. time: 0.01283729777616613 seconds
Avg sample train. time: 0.001610583484832651 seconds
Evaluating on validation set ...
Validation runtime: 0.0 hours, 0.0 minutes, 0.01519012451171875 seconds

Avg val. time: 0.0 hours, 0.0 minutes, 0.09363770484924316 seconds
Avg batch val. time: 0.02340942621231079 seconds
Avg sample val. time: 0.0030205711241691343 seconds
Epoch 2 Validation Summary: epoch: 2.000000 | loss: 1.584004 | accuracy: 0.225806 | precision: 0.224424 | 
Epoch 3 Training Summary: epoch: 3.000000 | loss: 1.674939 | 
Epoch runtime: 0.0 hours, 0.0 minutes, 0.36399126052856445 seconds

Avg epoch train. time: 0.0 hours, 0.0 minutes, 0.4123091697692871 seconds
Avg batch train. time: 0.012126740287331975 seconds
Avg sample train. time: 0.0015214360508091775 seconds
Epoch 4 Training Summary: epoch: 4.000000 | loss: 1.610217 | 
Epoch runtime: 0.0 hours, 0.0 minutes, 0.3741109371185303 seconds

Avg epoch train. time: 0.0 hours, 0.0 minutes, 0.4027596116065979 seconds
Avg batch train. time: 0.01184587092960582 seconds
Avg sample train. time: 0.0014861978288066343 seconds
Evaluating on validation set ...
Validation runtime: 0.0 hours, 0.0 minutes, 0.01780533790588379 seconds

Avg val. time: 0.0 hours, 0.0 minutes, 0.07467961311340332 seconds
Avg batch val. time: 0.01866990327835083 seconds
Avg sample val. time: 0.00240901977785172 seconds
Epoch 4 Validation Summary: epoch: 4.000000 | loss: 1.612393 | accuracy: 0.193548 | precision: 0.229692 | 
Epoch 5 Training Summary: epoch: 5.000000 | loss: 1.653556 | 
Epoch runtime: 0.0 hours, 0.0 minutes, 0.38858652114868164 seconds

Avg epoch train. time: 0.0 hours, 0.0 minutes, 0.39992499351501465 seconds
Avg batch train. time: 0.011762499809265137 seconds
Avg sample train. time: 0.0014757379834502385 seconds
Epoch 6 Training Summary: epoch: 6.000000 | loss: 1.640187 | 
Epoch runtime: 0.0 hours, 0.0 minutes, 0.4008340835571289 seconds

Avg epoch train. time: 0.0 hours, 0.0 minutes, 0.4000765085220337 seconds
Avg batch train. time: 0.01176695613300099 seconds
Avg sample train. time: 0.0014762970794170984 seconds
Evaluating on validation set ...
Validation runtime: 0.0 hours, 0.0 minutes, 0.018219709396362305 seconds

Avg val. time: 0.0 hours, 0.0 minutes, 0.06338763236999512 seconds
Avg batch val. time: 0.01584690809249878 seconds
Avg sample val. time: 0.0020447623345159717 seconds
Epoch 6 Validation Summary: epoch: 6.000000 | loss: 1.602895 | accuracy: 0.290323 | precision: 0.457734 | 
Epoch 7 Training Summary: epoch: 7.000000 | loss: 1.576555 | 
Epoch runtime: 0.0 hours, 0.0 minutes, 0.3928558826446533 seconds

Avg epoch train. time: 0.0 hours, 0.0 minutes, 0.3990449905395508 seconds
Avg batch train. time: 0.011736617368810317 seconds
Avg sample train. time: 0.0014724907399983425 seconds
Epoch 8 Training Summary: epoch: 8.000000 | loss: 1.649682 | 
Epoch runtime: 0.0 hours, 0.0 minutes, 0.36997103691101074 seconds

Avg epoch train. time: 0.0 hours, 0.0 minutes, 0.3954107463359833 seconds
Avg batch train. time: 0.011629727833411273 seconds
Avg sample train. time: 0.0014590802447822261 seconds
Evaluating on validation set ...
Validation runtime: 0.0 hours, 0.0 minutes, 0.01668095588684082 seconds

Avg val. time: 0.0 hours, 0.0 minutes, 0.0556031862894694 seconds
Avg batch val. time: 0.01390079657236735 seconds
Avg sample val. time: 0.0017936511706280452 seconds
Epoch 8 Validation Summary: epoch: 8.000000 | loss: 1.617560 | accuracy: 0.129032 | precision: 0.101304 | 
Epoch 9 Training Summary: epoch: 9.000000 | loss: 1.569652 | 
Epoch runtime: 0.0 hours, 0.0 minutes, 0.3818531036376953 seconds

Avg epoch train. time: 0.0 hours, 0.0 minutes, 0.39390434159172905 seconds
Avg batch train. time: 0.011585421811521442 seconds
Avg sample train. time: 0.001453521555689037 seconds
Epoch 10 Training Summary: epoch: 10.000000 | loss: 1.568077 | 
Epoch runtime: 0.0 hours, 0.0 minutes, 0.380328893661499 seconds

Avg epoch train. time: 0.0 hours, 0.0 minutes, 0.3925467967987061 seconds
Avg batch train. time: 0.011545494023491355 seconds
Avg sample train. time: 0.0014485121653088785 seconds
Evaluating on validation set ...
Validation runtime: 0.0 hours, 0.0 minutes, 0.017668724060058594 seconds

Avg val. time: 0.0 hours, 0.0 minutes, 0.05018397739955357 seconds
Avg batch val. time: 0.012545994349888392 seconds
Avg sample val. time: 0.0016188379806307603 seconds
Epoch 10 Validation Summary: epoch: 10.000000 | loss: 1.606006 | accuracy: 0.258065 | precision: 0.273882 | 
Epoch 11 Training Summary: epoch: 11.000000 | loss: 1.448366 | 
Epoch runtime: 0.0 hours, 0.0 minutes, 0.37876224517822266 seconds

Avg epoch train. time: 0.0 hours, 0.0 minutes, 0.39129365574229846 seconds
Avg batch train. time: 0.011508636933597013 seconds
Avg sample train. time: 0.001443888028569367 seconds
Epoch 12 Training Summary: epoch: 12.000000 | loss: 1.465998 | 
Epoch runtime: 0.0 hours, 0.0 minutes, 0.3890984058380127 seconds

Avg epoch train. time: 0.0 hours, 0.0 minutes, 0.39111071825027466 seconds
Avg batch train. time: 0.011503256419125725 seconds
Avg sample train. time: 0.0014432129824733383 seconds
Evaluating on validation set ...
Validation runtime: 0.0 hours, 0.0 minutes, 0.01876211166381836 seconds

Avg val. time: 0.0 hours, 0.0 minutes, 0.04625624418258667 seconds
Avg batch val. time: 0.011564061045646667 seconds
Avg sample val. time: 0.001492136909115699 seconds
Epoch 12 Validation Summary: epoch: 12.000000 | loss: 1.612351 | accuracy: 0.225806 | precision: 0.146667 | 
Epoch 13 Training Summary: epoch: 13.000000 | loss: 1.375953 | 
Epoch runtime: 0.0 hours, 0.0 minutes, 0.37395453453063965 seconds

Avg epoch train. time: 0.0 hours, 0.0 minutes, 0.38979101181030273 seconds
Avg batch train. time: 0.011464441523832433 seconds
Avg sample train. time: 0.0014383432170121872 seconds
Epoch 14 Training Summary: epoch: 14.000000 | loss: 1.383539 | 
Epoch runtime: 0.0 hours, 0.0 minutes, 0.38732266426086426 seconds

Avg epoch train. time: 0.0 hours, 0.0 minutes, 0.38961470127105713 seconds
Avg batch train. time: 0.011459255919736974 seconds
Avg sample train. time: 0.001437692624616447 seconds
Evaluating on validation set ...
Validation runtime: 0.0 hours, 0.0 minutes, 0.017345190048217773 seconds

Avg val. time: 0.0 hours, 0.0 minutes, 0.04304390483432346 seconds
Avg batch val. time: 0.010760976208580865 seconds
Avg sample val. time: 0.0013885130591717245 seconds
Epoch 14 Validation Summary: epoch: 14.000000 | loss: 1.567288 | accuracy: 0.419355 | precision: 0.454167 | 
Epoch 15 Training Summary: epoch: 15.000000 | loss: 1.329693 | 
Epoch runtime: 0.0 hours, 0.0 minutes, 0.385037899017334 seconds

Avg epoch train. time: 0.0 hours, 0.0 minutes, 0.38930958112080893 seconds
Avg batch train. time: 0.011450281797670851 seconds
Avg sample train. time: 0.001436566720002985 seconds
Epoch 16 Training Summary: epoch: 16.000000 | loss: 1.339504 | 
Epoch runtime: 0.0 hours, 0.0 minutes, 0.38634729385375977 seconds

Avg epoch train. time: 0.0 hours, 0.0 minutes, 0.38912443816661835 seconds
Avg batch train. time: 0.011444836416665246 seconds
Avg sample train. time: 0.0014358835356701783 seconds
Evaluating on validation set ...
Validation runtime: 0.0 hours, 0.0 minutes, 0.01660609245300293 seconds

Avg val. time: 0.0 hours, 0.0 minutes, 0.040400123596191405 seconds
Avg batch val. time: 0.010100030899047851 seconds
Avg sample val. time: 0.0013032297934255292 seconds
Epoch 16 Validation Summary: epoch: 16.000000 | loss: 1.459288 | accuracy: 0.290323 | precision: 0.309524 | 
Epoch 17 Training Summary: epoch: 17.000000 | loss: 1.291510 | 
Epoch runtime: 0.0 hours, 0.0 minutes, 0.3951587677001953 seconds

Avg epoch train. time: 0.0 hours, 0.0 minutes, 0.389479398727417 seconds
Avg batch train. time: 0.011455276433159323 seconds
Avg sample train. time: 0.001437193353237701 seconds
Epoch 18 Training Summary: epoch: 18.000000 | loss: 1.221168 | 
Epoch runtime: 0.0 hours, 0.0 minutes, 0.382352352142334 seconds

Avg epoch train. time: 0.0 hours, 0.0 minutes, 0.3890834516949124 seconds
Avg batch train. time: 0.011443630932203306 seconds
Avg sample train. time: 0.0014357322940771675 seconds
Evaluating on validation set ...
Validation runtime: 0.0 hours, 0.0 minutes, 0.01776432991027832 seconds

Avg val. time: 0.0 hours, 0.0 minutes, 0.03834232417019931 seconds
Avg batch val. time: 0.009585581042549828 seconds
Avg sample val. time: 0.0012368491667806229 seconds
Epoch 18 Validation Summary: epoch: 18.000000 | loss: 1.564353 | accuracy: 0.387097 | precision: 0.542522 | 
Epoch 19 Training Summary: epoch: 19.000000 | loss: 1.190082 | 
Epoch runtime: 0.0 hours, 0.0 minutes, 0.38470935821533203 seconds

Avg epoch train. time: 0.0 hours, 0.0 minutes, 0.38885323624861867 seconds
Avg batch train. time: 0.011436859889665255 seconds
Avg sample train. time: 0.0014348827905853088 seconds
Epoch 20 Training Summary: epoch: 20.000000 | loss: 1.163503 | 
Epoch runtime: 0.0 hours, 0.0 minutes, 0.39028477668762207 seconds

Avg epoch train. time: 0.0 hours, 0.0 minutes, 0.3889248132705688 seconds
Avg batch train. time: 0.011438965096193202 seconds
Avg sample train. time: 0.0014351469124375233 seconds
Evaluating on validation set ...
Validation runtime: 0.0 hours, 0.0 minutes, 0.017852306365966797 seconds

Avg val. time: 0.0 hours, 0.0 minutes, 0.03663482268651327 seconds
Avg batch val. time: 0.009158705671628317 seconds
Avg sample val. time: 0.0011817684737584924 seconds
Epoch 20 Validation Summary: epoch: 20.000000 | loss: 1.473610 | accuracy: 0.419355 | precision: 0.480667 | 
Epoch 21 Training Summary: epoch: 21.000000 | loss: 1.109512 | 
Epoch runtime: 0.0 hours, 0.0 minutes, 0.38124966621398926 seconds

Avg epoch train. time: 0.0 hours, 0.0 minutes, 0.3885593300773984 seconds
Avg batch train. time: 0.011428215590511718 seconds
Avg sample train. time: 0.0014337982659682598 seconds
Epoch 22 Training Summary: epoch: 22.000000 | loss: 1.109653 | 
Epoch runtime: 0.0 hours, 0.0 minutes, 0.4375159740447998 seconds

Avg epoch train. time: 0.0 hours, 0.0 minutes, 0.3907846320759166 seconds
Avg batch train. time: 0.011493665649291666 seconds
Avg sample train. time: 0.001442009712457257 seconds
Evaluating on validation set ...
Validation runtime: 0.0 hours, 0.0 minutes, 0.017488479614257812 seconds

Avg val. time: 0.0 hours, 0.0 minutes, 0.03516202706557054 seconds
Avg batch val. time: 0.008790506766392635 seconds
Avg sample val. time: 0.0011342589375990498 seconds
Epoch 22 Validation Summary: epoch: 22.000000 | loss: 1.253325 | accuracy: 0.516129 | precision: 0.651434 | 
Epoch 23 Training Summary: epoch: 23.000000 | loss: 1.011050 | 
Epoch runtime: 0.0 hours, 0.0 minutes, 0.3898646831512451 seconds

Avg epoch train. time: 0.0 hours, 0.0 minutes, 0.39074463429658307 seconds
Avg batch train. time: 0.011492489244017148 seconds
Avg sample train. time: 0.0014418621191755834 seconds
Epoch 24 Training Summary: epoch: 24.000000 | loss: 0.999729 | 
Epoch runtime: 0.0 hours, 0.0 minutes, 0.3832125663757324 seconds

Avg epoch train. time: 0.0 hours, 0.0 minutes, 0.3904307981332143 seconds
Avg batch train. time: 0.01148325876862395 seconds
Avg sample train. time: 0.0014407040521520822 seconds
Evaluating on validation set ...
Validation runtime: 0.0 hours, 0.0 minutes, 0.019158363342285156 seconds

Avg val. time: 0.0 hours, 0.0 minutes, 0.034018908228193014 seconds
Avg batch val. time: 0.008504727057048253 seconds
Avg sample val. time: 0.001097384136393323 seconds
Epoch 24 Validation Summary: epoch: 24.000000 | loss: 1.501978 | accuracy: 0.387097 | precision: 0.347507 | 
Epoch 25 Training Summary: epoch: 25.000000 | loss: 0.847615 | 
Epoch runtime: 0.0 hours, 0.0 minutes, 0.392228364944458 seconds

Avg epoch train. time: 0.0 hours, 0.0 minutes, 0.39050270080566407 seconds
Avg batch train. time: 0.011485373553107766 seconds
Avg sample train. time: 0.0014409693756666571 seconds
Epoch 26 Training Summary: epoch: 26.000000 | loss: 0.865667 | 
Epoch runtime: 0.0 hours, 0.0 minutes, 0.3923013210296631 seconds

Avg epoch train. time: 0.0 hours, 0.0 minutes, 0.3905718785065871 seconds
Avg batch train. time: 0.011487408191370209 seconds
Avg sample train. time: 0.0014412246439357457 seconds
Evaluating on validation set ...
Validation runtime: 0.0 hours, 0.0 minutes, 0.01973438262939453 seconds

Avg val. time: 0.0 hours, 0.0 minutes, 0.033066606521606444 seconds
Avg batch val. time: 0.008266651630401611 seconds
Avg sample val. time: 0.0010666647265034337 seconds
Epoch 26 Validation Summary: epoch: 26.000000 | loss: 1.675429 | accuracy: 0.354839 | precision: 0.358065 | 
Epoch 27 Training Summary: epoch: 27.000000 | loss: 0.818643 | 
Epoch runtime: 0.0 hours, 0.0 minutes, 0.4208247661590576 seconds

Avg epoch train. time: 0.0 hours, 0.0 minutes, 0.391692355827049 seconds
Avg batch train. time: 0.01152036340667791 seconds
Avg sample train. time: 0.0014453592465942767 seconds
Epoch 28 Training Summary: epoch: 28.000000 | loss: 0.717691 | 
Epoch runtime: 0.0 hours, 0.0 minutes, 0.3941469192504883 seconds

Avg epoch train. time: 0.0 hours, 0.0 minutes, 0.3917800188064575 seconds
Avg batch train. time: 0.011522941729601692 seconds
Avg sample train. time: 0.0014456827262230906 seconds
Evaluating on validation set ...
Validation runtime: 0.0 hours, 0.0 minutes, 0.01760411262512207 seconds

Avg val. time: 0.0 hours, 0.0 minutes, 0.03210020065307617 seconds
Avg batch val. time: 0.008025050163269043 seconds
Avg sample val. time: 0.0010354903436476184 seconds
Epoch 28 Validation Summary: epoch: 28.000000 | loss: 1.391245 | accuracy: 0.451613 | precision: 0.413018 | 
Epoch 29 Training Summary: epoch: 29.000000 | loss: 0.782705 | 
Epoch runtime: 0.0 hours, 0.0 minutes, 0.39104723930358887 seconds

Avg epoch train. time: 0.0 hours, 0.0 minutes, 0.3917547505477379 seconds
Avg batch train. time: 0.011522198545521703 seconds
Avg sample train. time: 0.001445589485416007 seconds
Epoch 30 Training Summary: epoch: 30.000000 | loss: 0.649036 | 
Epoch runtime: 0.0 hours, 0.0 minutes, 0.37115931510925293 seconds

Avg epoch train. time: 0.0 hours, 0.0 minutes, 0.39106823603312174 seconds
Avg batch train. time: 0.01150200694215064 seconds
Avg sample train. time: 0.0014430562215244345 seconds
Evaluating on validation set ...
Validation runtime: 0.0 hours, 0.0 minutes, 0.018102645874023438 seconds

Avg val. time: 0.0 hours, 0.0 minutes, 0.03127681507783778 seconds
Avg batch val. time: 0.007819203769459444 seconds
Avg sample val. time: 0.0010089295186399283 seconds
Epoch 30 Validation Summary: epoch: 30.000000 | loss: 1.620145 | accuracy: 0.419355 | precision: 0.467449 | 
Epoch 31 Training Summary: epoch: 31.000000 | loss: 0.690632 | 
Epoch runtime: 0.0 hours, 0.0 minutes, 0.38593387603759766 seconds

Avg epoch train. time: 0.0 hours, 0.0 minutes, 0.3909026115171371 seconds
Avg batch train. time: 0.011497135632856974 seconds
Avg sample train. time: 0.0014424450609488455 seconds
Epoch 32 Training Summary: epoch: 32.000000 | loss: 0.633144 | 
Epoch runtime: 0.0 hours, 0.0 minutes, 0.3986637592315674 seconds

Avg epoch train. time: 0.0 hours, 0.0 minutes, 0.39114514738321304 seconds
Avg batch train. time: 0.011504269040682736 seconds
Avg sample train. time: 0.0014433400272443285 seconds
Evaluating on validation set ...
Validation runtime: 0.0 hours, 0.0 minutes, 0.01776123046875 seconds

Avg val. time: 0.0 hours, 0.0 minutes, 0.030525949266221788 seconds
Avg batch val. time: 0.007631487316555447 seconds
Avg sample val. time: 0.0009847080408458642 seconds
Epoch 32 Validation Summary: epoch: 32.000000 | loss: 2.003416 | accuracy: 0.419355 | precision: 0.408407 | 
Epoch 33 Training Summary: epoch: 33.000000 | loss: 0.652895 | 
Epoch runtime: 0.0 hours, 0.0 minutes, 0.39464426040649414 seconds

Avg epoch train. time: 0.0 hours, 0.0 minutes, 0.3912511811111913 seconds
Avg batch train. time: 0.01150738767974092 seconds
Avg sample train. time: 0.001443731295613252 seconds
Epoch 34 Training Summary: epoch: 34.000000 | loss: 0.556027 | 
Epoch runtime: 0.0 hours, 0.0 minutes, 0.38732004165649414 seconds

Avg epoch train. time: 0.0 hours, 0.0 minutes, 0.3911355593625237 seconds
Avg batch train. time: 0.011503987040074227 seconds
Avg sample train. time: 0.0014433046470941834 seconds
Evaluating on validation set ...
Validation runtime: 0.0 hours, 0.0 minutes, 0.017122507095336914 seconds

Avg val. time: 0.0 hours, 0.0 minutes, 0.029820504941438373 seconds
Avg batch val. time: 0.007455126235359593 seconds
Avg sample val. time: 0.0009619517723044636 seconds
Epoch 34 Validation Summary: epoch: 34.000000 | loss: 1.750183 | accuracy: 0.387097 | precision: 0.305718 | 
Epoch 35 Training Summary: epoch: 35.000000 | loss: 0.502174 | 
Epoch runtime: 0.0 hours, 0.0 minutes, 0.37655091285705566 seconds

Avg epoch train. time: 0.0 hours, 0.0 minutes, 0.39071885517665317 seconds
Avg batch train. time: 0.011491731034607447 seconds
Avg sample train. time: 0.0014417669932717829 seconds
Epoch 36 Training Summary: epoch: 36.000000 | loss: 0.578140 | 
Epoch runtime: 0.0 hours, 0.0 minutes, 0.3727571964263916 seconds

Avg epoch train. time: 0.0 hours, 0.0 minutes, 0.39021992021136814 seconds
Avg batch train. time: 0.011477056476804946 seconds
Avg sample train. time: 0.0014399259048389968 seconds
Evaluating on validation set ...
Validation runtime: 0.0 hours, 0.0 minutes, 0.01747727394104004 seconds

Avg val. time: 0.0 hours, 0.0 minutes, 0.029203343391418456 seconds
Avg batch val. time: 0.007300835847854614 seconds
Avg sample val. time: 0.000942043335207047 seconds
Epoch 36 Validation Summary: epoch: 36.000000 | loss: 2.336517 | accuracy: 0.322581 | precision: 0.294624 | 
Epoch 37 Training Summary: epoch: 37.000000 | loss: 0.448482 | 
Epoch runtime: 0.0 hours, 0.0 minutes, 0.3998847007751465 seconds

Avg epoch train. time: 0.0 hours, 0.0 minutes, 0.39048113049687566 seconds
Avg batch train. time: 0.011484739132261048 seconds
Avg sample train. time: 0.0014408897804312755 seconds
Epoch 38 Training Summary: epoch: 38.000000 | loss: 0.414006 | 
Epoch runtime: 0.0 hours, 0.0 minutes, 0.38089871406555176 seconds

Avg epoch train. time: 0.0 hours, 0.0 minutes, 0.39022896164341975 seconds
Avg batch train. time: 0.011477322401277051 seconds
Avg sample train. time: 0.0014399592680568994 seconds
Evaluating on validation set ...
Validation runtime: 0.0 hours, 0.0 minutes, 0.016869783401489258 seconds

Avg val. time: 0.0 hours, 0.0 minutes, 0.028616031010945637 seconds
Avg batch val. time: 0.007154007752736409 seconds
Avg sample val. time: 0.0009230977745466334 seconds
Epoch 38 Validation Summary: epoch: 38.000000 | loss: 2.829781 | accuracy: 0.322581 | precision: 0.416129 | 
Epoch 39 Training Summary: epoch: 39.000000 | loss: 0.442782 | 
Epoch runtime: 0.0 hours, 0.0 minutes, 0.37694454193115234 seconds

Avg epoch train. time: 0.0 hours, 0.0 minutes, 0.3898883354969514 seconds
Avg batch train. time: 0.011467303985204453 seconds
Avg sample train. time: 0.0014387023450072008 seconds
Epoch 40 Training Summary: epoch: 40.000000 | loss: 0.373859 | 
Epoch runtime: 0.0 hours, 0.0 minutes, 0.3711354732513428 seconds

Avg epoch train. time: 0.0 hours, 0.0 minutes, 0.38941951394081115 seconds
Avg batch train. time: 0.011453515115906211 seconds
Avg sample train. time: 0.0014369723761653548 seconds
Evaluating on validation set ...
Validation runtime: 0.0 hours, 0.0 minutes, 0.01794910430908203 seconds

Avg val. time: 0.0 hours, 0.0 minutes, 0.028131170706315475 seconds
Avg batch val. time: 0.007032792676578869 seconds
Avg sample val. time: 0.0009074571195585638 seconds
Epoch 40 Validation Summary: epoch: 40.000000 | loss: 2.021409 | accuracy: 0.354839 | precision: 0.374808 | 
Best accuracy was 0.5161290322580645. Other metrics: OrderedDict([('epoch', 22), ('loss', 1.2533251547044324), ('accuracy', 0.5161290322580645), ('precision', 0.6514336917562724)])
All Done!
Total runtime: 0.0 hours, 0.0 minutes, 22.77018642425537 seconds

