Running:
src/main_crosssetting.py --output_dir experiments --target_user Zeyu --user_othersetting ZeyuZoom --comment classification from Scratch --name VRS_fromScratch --records_file VRS_records.xls --data_dir /mnt/d/OneDrive - Southern Methodist University/Phone_Privacy/input_feature/all_processpos_norm_downsample_480p_s22 --test_data_dir /mnt/d/OneDrive - Southern Methodist University/Phone_Privacy/input_feature/all_processpos_norm_downsample_480p_s22 --data_class vrs --val_ratio 0.1 --epochs 40 --lr 0.001 --dropout 0.2 --batch_size 8 --num_layers 3 --num_heads 4 --optimizer RAdam --pos_encoding learnable --task classification --normalization none --key_metric accuracy

Using device: cuda
Loading and preprocessing data ...
67 samples may be used for training
8 samples will be used for validation
0 samples will be used for testing
Creating model ...
Model:
TSTransformerEncoderClassiregressor(
  (project_inp): Linear(in_features=39, out_features=64, bias=True)
  (pos_enc): LearnablePositionalEncoding(
    (dropout): Dropout(p=0.2, inplace=False)
  )
  (transformer_encoder): TransformerEncoder(
    (layers): ModuleList(
      (0-2): 3 x TransformerBatchNormEncoderLayer(
        (self_attn): MultiheadAttention(
          (out_proj): NonDynamicallyQuantizableLinear(in_features=64, out_features=64, bias=True)
        )
        (linear1): Linear(in_features=64, out_features=256, bias=True)
        (dropout): Dropout(p=0.2, inplace=False)
        (linear2): Linear(in_features=256, out_features=64, bias=True)
        (norm1): BatchNorm1d(64, eps=1e-05, momentum=0.1, affine=True, track_running_stats=True)
        (norm2): BatchNorm1d(64, eps=1e-05, momentum=0.1, affine=True, track_running_stats=True)
        (dropout1): Dropout(p=0.2, inplace=False)
        (dropout2): Dropout(p=0.2, inplace=False)
      )
    )
  )
  (dropout1): Dropout(p=0.2, inplace=False)
  (output_layer): Linear(in_features=5120, out_features=5, bias=True)
)
Total number of parameters: 183237
Trainable parameters: 183237
Evaluating on validation set ...
Validation runtime: 0.0 hours, 0.0 minutes, 0.21425485610961914 seconds

Avg val. time: 0.0 hours, 0.0 minutes, 0.21425485610961914 seconds
Avg batch val. time: 0.21425485610961914 seconds
Avg sample val. time: 0.026781857013702393 seconds
Epoch 0 Validation Summary: epoch: 0.000000 | loss: 6.817957 | accuracy: 0.250000 | precision: 0.250000 | 
Starting training...
Epoch 1 Training Summary: epoch: 1.000000 | loss: 1.623103 | 
Epoch runtime: 0.0 hours, 0.0 minutes, 0.21069574356079102 seconds

Avg epoch train. time: 0.0 hours, 0.0 minutes, 0.21069574356079102 seconds
Avg batch train. time: 0.023410638173421223 seconds
Avg sample train. time: 0.0031447125904595676 seconds
Evaluating on validation set ...
Validation runtime: 0.0 hours, 0.0 minutes, 0.006624698638916016 seconds

Avg val. time: 0.0 hours, 0.0 minutes, 0.11043977737426758 seconds
Avg batch val. time: 0.11043977737426758 seconds
Avg sample val. time: 0.013804972171783447 seconds
Epoch 1 Validation Summary: epoch: 1.000000 | loss: 1.663360 | accuracy: 0.250000 | precision: 0.250000 | 
Epoch 2 Training Summary: epoch: 2.000000 | loss: 1.681983 | 
Epoch runtime: 0.0 hours, 0.0 minutes, 0.08618807792663574 seconds

Avg epoch train. time: 0.0 hours, 0.0 minutes, 0.14844191074371338 seconds
Avg batch train. time: 0.016493545638190374 seconds
Avg sample train. time: 0.002215550906622588 seconds
Evaluating on validation set ...
Validation runtime: 0.0 hours, 0.0 minutes, 0.006669282913208008 seconds

Avg val. time: 0.0 hours, 0.0 minutes, 0.07584961255391438 seconds
Avg batch val. time: 0.07584961255391438 seconds
Avg sample val. time: 0.009481201569239298 seconds
Epoch 2 Validation Summary: epoch: 2.000000 | loss: 1.631940 | accuracy: 0.250000 | precision: 0.266667 | 
Epoch 3 Training Summary: epoch: 3.000000 | loss: 1.607103 | 
Epoch runtime: 0.0 hours, 0.0 minutes, 0.0863490104675293 seconds

Avg epoch train. time: 0.0 hours, 0.0 minutes, 0.1277442773183187 seconds
Avg batch train. time: 0.0141938085909243 seconds
Avg sample train. time: 0.0019066310047510253 seconds
Epoch 4 Training Summary: epoch: 4.000000 | loss: 1.629243 | 
Epoch runtime: 0.0 hours, 0.0 minutes, 0.0909583568572998 seconds

Avg epoch train. time: 0.0 hours, 0.0 minutes, 0.11854779720306396 seconds
Avg batch train. time: 0.013171977467007108 seconds
Avg sample train. time: 0.0017693701075084175 seconds
Evaluating on validation set ...
Validation runtime: 0.0 hours, 0.0 minutes, 0.006753206253051758 seconds

Avg val. time: 0.0 hours, 0.0 minutes, 0.05857551097869873 seconds
Avg batch val. time: 0.05857551097869873 seconds
Avg sample val. time: 0.007321938872337341 seconds
Epoch 4 Validation Summary: epoch: 4.000000 | loss: 1.632365 | accuracy: 0.250000 | precision: 0.250000 | 
Epoch 5 Training Summary: epoch: 5.000000 | loss: 1.653094 | 
Epoch runtime: 0.0 hours, 0.0 minutes, 0.08648824691772461 seconds

Avg epoch train. time: 0.0 hours, 0.0 minutes, 0.1121358871459961 seconds
Avg batch train. time: 0.012459543016221788 seconds
Avg sample train. time: 0.0016736699574029267 seconds
Epoch 6 Training Summary: epoch: 6.000000 | loss: 1.583023 | 
Epoch runtime: 0.0 hours, 0.0 minutes, 0.0812835693359375 seconds

Avg epoch train. time: 0.0 hours, 0.0 minutes, 0.106993834177653 seconds
Avg batch train. time: 0.011888203797517 seconds
Avg sample train. time: 0.0015969228981739254 seconds
Evaluating on validation set ...
Validation runtime: 0.0 hours, 0.0 minutes, 0.006615161895751953 seconds

Avg val. time: 0.0 hours, 0.0 minutes, 0.048183441162109375 seconds
Avg batch val. time: 0.048183441162109375 seconds
Avg sample val. time: 0.006022930145263672 seconds
Epoch 6 Validation Summary: epoch: 6.000000 | loss: 1.637151 | accuracy: 0.250000 | precision: 0.190476 | 
Epoch 7 Training Summary: epoch: 7.000000 | loss: 1.677806 | 
Epoch runtime: 0.0 hours, 0.0 minutes, 0.08584213256835938 seconds

Avg epoch train. time: 0.0 hours, 0.0 minutes, 0.10397216251918248 seconds
Avg batch train. time: 0.011552462502131386 seconds
Avg sample train. time: 0.001551823321181828 seconds
Epoch 8 Training Summary: epoch: 8.000000 | loss: 1.624571 | 
Epoch runtime: 0.0 hours, 0.0 minutes, 0.08857417106628418 seconds

Avg epoch train. time: 0.0 hours, 0.0 minutes, 0.10204741358757019 seconds
Avg batch train. time: 0.01133860150973002 seconds
Avg sample train. time: 0.0015230957251876147 seconds
Evaluating on validation set ...
Validation runtime: 0.0 hours, 0.0 minutes, 0.006573200225830078 seconds

Avg val. time: 0.0 hours, 0.0 minutes, 0.04124840100606283 seconds
Avg batch val. time: 0.04124840100606283 seconds
Avg sample val. time: 0.0051560501257578535 seconds
Epoch 8 Validation Summary: epoch: 8.000000 | loss: 1.629291 | accuracy: 0.125000 | precision: 0.100000 | 
Epoch 9 Training Summary: epoch: 9.000000 | loss: 1.630888 | 
Epoch runtime: 0.0 hours, 0.0 minutes, 0.07960724830627441 seconds

Avg epoch train. time: 0.0 hours, 0.0 minutes, 0.09955406188964844 seconds
Avg batch train. time: 0.01106156243218316 seconds
Avg sample train. time: 0.0014858815207410214 seconds
Epoch 10 Training Summary: epoch: 10.000000 | loss: 1.554304 | 
Epoch runtime: 0.0 hours, 0.0 minutes, 0.08027148246765137 seconds

Avg epoch train. time: 0.0 hours, 0.0 minutes, 0.09762580394744873 seconds
Avg batch train. time: 0.010847311549716526 seconds
Avg sample train. time: 0.0014571015514544586 seconds
Evaluating on validation set ...
Validation runtime: 0.0 hours, 0.0 minutes, 0.006215333938598633 seconds

Avg val. time: 0.0 hours, 0.0 minutes, 0.03624367713928223 seconds
Avg batch val. time: 0.03624367713928223 seconds
Avg sample val. time: 0.004530459642410278 seconds
Epoch 10 Validation Summary: epoch: 10.000000 | loss: 1.622744 | accuracy: 0.125000 | precision: 0.100000 | 
Epoch 11 Training Summary: epoch: 11.000000 | loss: 1.556209 | 
Epoch runtime: 0.0 hours, 0.0 minutes, 0.08373260498046875 seconds

Avg epoch train. time: 0.0 hours, 0.0 minutes, 0.09636278585954146 seconds
Avg batch train. time: 0.010706976206615718 seconds
Avg sample train. time: 0.0014382505352170368 seconds
Epoch 12 Training Summary: epoch: 12.000000 | loss: 1.461872 | 
Epoch runtime: 0.0 hours, 0.0 minutes, 0.08140063285827637 seconds

Avg epoch train. time: 0.0 hours, 0.0 minutes, 0.0951159397761027 seconds
Avg batch train. time: 0.010568437752900301 seconds
Avg sample train. time: 0.0014196408921806373 seconds
Evaluating on validation set ...
Validation runtime: 0.0 hours, 0.0 minutes, 0.006372690200805664 seconds

Avg val. time: 0.0 hours, 0.0 minutes, 0.032509803771972656 seconds
Avg batch val. time: 0.032509803771972656 seconds
Avg sample val. time: 0.004063725471496582 seconds
Epoch 12 Validation Summary: epoch: 12.000000 | loss: 1.588294 | accuracy: 0.125000 | precision: 0.080000 | 
Epoch 13 Training Summary: epoch: 13.000000 | loss: 1.445881 | 
Epoch runtime: 0.0 hours, 0.0 minutes, 0.08150839805603027 seconds

Avg epoch train. time: 0.0 hours, 0.0 minutes, 0.09406920579763559 seconds
Avg batch train. time: 0.010452133977515064 seconds
Avg sample train. time: 0.0014040179969796356 seconds
Epoch 14 Training Summary: epoch: 14.000000 | loss: 1.439124 | 
Epoch runtime: 0.0 hours, 0.0 minutes, 0.07695150375366211 seconds

Avg epoch train. time: 0.0 hours, 0.0 minutes, 0.09284651279449463 seconds
Avg batch train. time: 0.010316279199388292 seconds
Avg sample train. time: 0.0013857688476790243 seconds
Evaluating on validation set ...
Validation runtime: 0.0 hours, 0.0 minutes, 0.006560802459716797 seconds

Avg val. time: 0.0 hours, 0.0 minutes, 0.029626581403944228 seconds
Avg batch val. time: 0.029626581403944228 seconds
Avg sample val. time: 0.0037033226754930285 seconds
Epoch 14 Validation Summary: epoch: 14.000000 | loss: 1.638933 | accuracy: 0.125000 | precision: 0.125000 | 
Epoch 15 Training Summary: epoch: 15.000000 | loss: 1.443654 | 
Epoch runtime: 0.0 hours, 0.0 minutes, 0.08157610893249512 seconds

Avg epoch train. time: 0.0 hours, 0.0 minutes, 0.09209515253702799 seconds
Avg batch train. time: 0.010232794726336444 seconds
Avg sample train. time: 0.0013745545154780297 seconds
Epoch 16 Training Summary: epoch: 16.000000 | loss: 1.448815 | 
Epoch runtime: 0.0 hours, 0.0 minutes, 0.07815098762512207 seconds

Avg epoch train. time: 0.0 hours, 0.0 minutes, 0.09122364223003387 seconds
Avg batch train. time: 0.010135960247781541 seconds
Avg sample train. time: 0.0013615468989557295 seconds
Evaluating on validation set ...
Validation runtime: 0.0 hours, 0.0 minutes, 0.007420063018798828 seconds

Avg val. time: 0.0 hours, 0.0 minutes, 0.027405929565429688 seconds
Avg batch val. time: 0.027405929565429688 seconds
Avg sample val. time: 0.003425741195678711 seconds
Epoch 16 Validation Summary: epoch: 16.000000 | loss: 1.582491 | accuracy: 0.250000 | precision: 0.250000 | 
Epoch 17 Training Summary: epoch: 17.000000 | loss: 1.430122 | 
Epoch runtime: 0.0 hours, 0.0 minutes, 0.08288741111755371 seconds

Avg epoch train. time: 0.0 hours, 0.0 minutes, 0.09073327569400563 seconds
Avg batch train. time: 0.010081475077111737 seconds
Avg sample train. time: 0.0013542279954329199 seconds
Epoch 18 Training Summary: epoch: 18.000000 | loss: 1.382925 | 
Epoch runtime: 0.0 hours, 0.0 minutes, 0.0849144458770752 seconds

Avg epoch train. time: 0.0 hours, 0.0 minutes, 0.09041000737084283 seconds
Avg batch train. time: 0.010045556374538092 seconds
Avg sample train. time: 0.0013494030950872064 seconds
Evaluating on validation set ...
Validation runtime: 0.0 hours, 0.0 minutes, 0.006479024887084961 seconds

Avg val. time: 0.0 hours, 0.0 minutes, 0.025503483685580166 seconds
Avg batch val. time: 0.025503483685580166 seconds
Avg sample val. time: 0.0031879354606975207 seconds
Epoch 18 Validation Summary: epoch: 18.000000 | loss: 1.487825 | accuracy: 0.250000 | precision: 0.312500 | 
Epoch 19 Training Summary: epoch: 19.000000 | loss: 1.430632 | 
Epoch runtime: 0.0 hours, 0.0 minutes, 0.08507013320922852 seconds

Avg epoch train. time: 0.0 hours, 0.0 minutes, 0.0901289613623368 seconds
Avg batch train. time: 0.010014329040259645 seconds
Avg sample train. time: 0.0013452083785423403 seconds
Epoch 20 Training Summary: epoch: 20.000000 | loss: 1.437002 | 
Epoch runtime: 0.0 hours, 0.0 minutes, 0.08408975601196289 seconds

Avg epoch train. time: 0.0 hours, 0.0 minutes, 0.08982700109481812 seconds
Avg batch train. time: 0.009980777899424234 seconds
Avg sample train. time: 0.0013407015088778822 seconds
Evaluating on validation set ...
Validation runtime: 0.0 hours, 0.0 minutes, 0.0071027278900146484 seconds

Avg val. time: 0.0 hours, 0.0 minutes, 0.02397008736928304 seconds
Avg batch val. time: 0.02397008736928304 seconds
Avg sample val. time: 0.00299626092116038 seconds
Epoch 20 Validation Summary: epoch: 20.000000 | loss: 1.530481 | accuracy: 0.125000 | precision: 0.083333 | 
Epoch 21 Training Summary: epoch: 21.000000 | loss: 1.320137 | 
Epoch runtime: 0.0 hours, 0.0 minutes, 0.0971682071685791 seconds

Avg epoch train. time: 0.0 hours, 0.0 minutes, 0.09017658233642578 seconds
Avg batch train. time: 0.010019620259602865 seconds
Avg sample train. time: 0.0013459191393496385 seconds
Epoch 22 Training Summary: epoch: 22.000000 | loss: 1.305680 | 
Epoch runtime: 0.0 hours, 0.0 minutes, 0.08667397499084473 seconds

Avg epoch train. time: 0.0 hours, 0.0 minutes, 0.09001737291162665 seconds
Avg batch train. time: 0.010001930323514072 seconds
Avg sample train. time: 0.0013435428792780096 seconds
Evaluating on validation set ...
Validation runtime: 0.0 hours, 0.0 minutes, 0.007157564163208008 seconds

Avg val. time: 0.0 hours, 0.0 minutes, 0.022676816353431113 seconds
Avg batch val. time: 0.022676816353431113 seconds
Avg sample val. time: 0.002834602044178889 seconds
Epoch 22 Validation Summary: epoch: 22.000000 | loss: 1.574952 | accuracy: 0.125000 | precision: 0.080000 | 
Epoch 23 Training Summary: epoch: 23.000000 | loss: 1.285517 | 
Epoch runtime: 0.0 hours, 0.0 minutes, 0.0922243595123291 seconds

Avg epoch train. time: 0.0 hours, 0.0 minutes, 0.09011332885078761 seconds
Avg batch train. time: 0.010012592094531958 seconds
Avg sample train. time: 0.001344975057474442 seconds
Epoch 24 Training Summary: epoch: 24.000000 | loss: 1.199479 | 
Epoch runtime: 0.0 hours, 0.0 minutes, 0.08905649185180664 seconds

Avg epoch train. time: 0.0 hours, 0.0 minutes, 0.09006929397583008 seconds
Avg batch train. time: 0.010007699330647787 seconds
Avg sample train. time: 0.0013443178205347773 seconds
Evaluating on validation set ...
Validation runtime: 0.0 hours, 0.0 minutes, 0.006649494171142578 seconds

Avg val. time: 0.0 hours, 0.0 minutes, 0.02153200762612479 seconds
Avg batch val. time: 0.02153200762612479 seconds
Avg sample val. time: 0.0026915009532655987 seconds
Epoch 24 Validation Summary: epoch: 24.000000 | loss: 1.603638 | accuracy: 0.000000 | precision: 0.000000 | 
Epoch 25 Training Summary: epoch: 25.000000 | loss: 1.319659 | 
Epoch runtime: 0.0 hours, 0.0 minutes, 0.08925580978393555 seconds

Avg epoch train. time: 0.0 hours, 0.0 minutes, 0.0900367546081543 seconds
Avg batch train. time: 0.010004083845350478 seconds
Avg sample train. time: 0.0013438321583306612 seconds
Epoch 26 Training Summary: epoch: 26.000000 | loss: 1.214499 | 
Epoch runtime: 0.0 hours, 0.0 minutes, 0.08692479133605957 seconds

Avg epoch train. time: 0.0 hours, 0.0 minutes, 0.08991706371307373 seconds
Avg batch train. time: 0.009990784857008193 seconds
Avg sample train. time: 0.001342045727060802 seconds
Evaluating on validation set ...
Validation runtime: 0.0 hours, 0.0 minutes, 0.007044553756713867 seconds

Avg val. time: 0.0 hours, 0.0 minutes, 0.020566177368164063 seconds
Avg batch val. time: 0.020566177368164063 seconds
Avg sample val. time: 0.002570772171020508 seconds
Epoch 26 Validation Summary: epoch: 26.000000 | loss: 1.336504 | accuracy: 0.500000 | precision: 0.660000 | 
Epoch 27 Training Summary: epoch: 27.000000 | loss: 1.173410 | 
Epoch runtime: 0.0 hours, 0.0 minutes, 0.16440200805664062 seconds

Avg epoch train. time: 0.0 hours, 0.0 minutes, 0.09267576535542806 seconds
Avg batch train. time: 0.010297307261714229 seconds
Avg sample train. time: 0.0013832203784392247 seconds
Epoch 28 Training Summary: epoch: 28.000000 | loss: 1.094451 | 
Epoch runtime: 0.0 hours, 0.0 minutes, 0.11596822738647461 seconds

Avg epoch train. time: 0.0 hours, 0.0 minutes, 0.093507638999394 seconds
Avg batch train. time: 0.010389737666599334 seconds
Avg sample train. time: 0.00139563640297603 seconds
Evaluating on validation set ...
Validation runtime: 0.0 hours, 0.0 minutes, 0.008267641067504883 seconds

Avg val. time: 0.0 hours, 0.0 minutes, 0.019797518849372864 seconds
Avg batch val. time: 0.019797518849372864 seconds
Avg sample val. time: 0.002474689856171608 seconds
Epoch 28 Validation Summary: epoch: 28.000000 | loss: 1.344253 | accuracy: 0.500000 | precision: 0.500000 | 
Epoch 29 Training Summary: epoch: 29.000000 | loss: 1.145386 | 
Epoch runtime: 0.0 hours, 0.0 minutes, 0.09790325164794922 seconds

Avg epoch train. time: 0.0 hours, 0.0 minutes, 0.09365921184934418 seconds
Avg batch train. time: 0.010406579094371576 seconds
Avg sample train. time: 0.00139789868431857 seconds
Epoch 30 Training Summary: epoch: 30.000000 | loss: 1.105535 | 
Epoch runtime: 0.0 hours, 0.0 minutes, 0.09451079368591309 seconds

Avg epoch train. time: 0.0 hours, 0.0 minutes, 0.09368759791056315 seconds
Avg batch train. time: 0.010409733101173683 seconds
Avg sample train. time: 0.001398322356874077 seconds
Evaluating on validation set ...
Validation runtime: 0.0 hours, 0.0 minutes, 0.00777745246887207 seconds

Avg val. time: 0.0 hours, 0.0 minutes, 0.019090456121108112 seconds
Avg batch val. time: 0.019090456121108112 seconds
Avg sample val. time: 0.002386307015138514 seconds
Epoch 30 Validation Summary: epoch: 30.000000 | loss: 1.403070 | accuracy: 0.375000 | precision: 0.400000 | 
Epoch 31 Training Summary: epoch: 31.000000 | loss: 0.957902 | 
Epoch runtime: 0.0 hours, 0.0 minutes, 0.08925199508666992 seconds

Avg epoch train. time: 0.0 hours, 0.0 minutes, 0.09354451394850208 seconds
Avg batch train. time: 0.010393834883166898 seconds
Avg sample train. time: 0.0013961867753507773 seconds
Epoch 32 Training Summary: epoch: 32.000000 | loss: 0.965181 | 
Epoch runtime: 0.0 hours, 0.0 minutes, 0.09268546104431152 seconds

Avg epoch train. time: 0.0 hours, 0.0 minutes, 0.09351766854524612 seconds
Avg batch train. time: 0.010390852060582902 seconds
Avg sample train. time: 0.0013957860976902407 seconds
Evaluating on validation set ...
Validation runtime: 0.0 hours, 0.0 minutes, 0.007680416107177734 seconds

Avg val. time: 0.0 hours, 0.0 minutes, 0.01845656500922309 seconds
Avg batch val. time: 0.01845656500922309 seconds
Avg sample val. time: 0.002307070626152886 seconds
Epoch 32 Validation Summary: epoch: 32.000000 | loss: 1.212482 | accuracy: 0.375000 | precision: 0.291667 | 
Epoch 33 Training Summary: epoch: 33.000000 | loss: 0.897929 | 
Epoch runtime: 0.0 hours, 0.0 minutes, 0.09221506118774414 seconds

Avg epoch train. time: 0.0 hours, 0.0 minutes, 0.0934781955950188 seconds
Avg batch train. time: 0.01038646617722431 seconds
Avg sample train. time: 0.001395196949179385 seconds
Epoch 34 Training Summary: epoch: 34.000000 | loss: 0.839710 | 
Epoch runtime: 0.0 hours, 0.0 minutes, 0.09162497520446777 seconds

Avg epoch train. time: 0.0 hours, 0.0 minutes, 0.09342368911294376 seconds
Avg batch train. time: 0.010380409901438195 seconds
Avg sample train. time: 0.0013943834195961754 seconds
Evaluating on validation set ...
Validation runtime: 0.0 hours, 0.0 minutes, 0.007983207702636719 seconds

Avg val. time: 0.0 hours, 0.0 minutes, 0.01790533567729749 seconds
Avg batch val. time: 0.01790533567729749 seconds
Avg sample val. time: 0.0022381669596621863 seconds
Epoch 34 Validation Summary: epoch: 34.000000 | loss: 1.173367 | accuracy: 0.375000 | precision: 0.476190 | 
Epoch 35 Training Summary: epoch: 35.000000 | loss: 0.858865 | 
Epoch runtime: 0.0 hours, 0.0 minutes, 0.09730744361877441 seconds

Avg epoch train. time: 0.0 hours, 0.0 minutes, 0.09353465352739607 seconds
Avg batch train. time: 0.010392739280821786 seconds
Avg sample train. time: 0.0013960396048865085 seconds
Epoch 36 Training Summary: epoch: 36.000000 | loss: 0.763176 | 
Epoch runtime: 0.0 hours, 0.0 minutes, 0.09949564933776855 seconds

Avg epoch train. time: 0.0 hours, 0.0 minutes, 0.09370023674435085 seconds
Avg batch train. time: 0.010411137416038984 seconds
Avg sample train. time: 0.0013985109961843411 seconds
Evaluating on validation set ...
Validation runtime: 0.0 hours, 0.0 minutes, 0.007080078125 seconds

Avg val. time: 0.0 hours, 0.0 minutes, 0.017364072799682616 seconds
Avg batch val. time: 0.017364072799682616 seconds
Avg sample val. time: 0.002170509099960327 seconds
Epoch 36 Validation Summary: epoch: 36.000000 | loss: 1.172875 | accuracy: 0.250000 | precision: 0.428571 | 
Epoch 37 Training Summary: epoch: 37.000000 | loss: 0.779751 | 
Epoch runtime: 0.0 hours, 0.0 minutes, 0.09189152717590332 seconds

Avg epoch train. time: 0.0 hours, 0.0 minutes, 0.09365135270196039 seconds
Avg batch train. time: 0.010405705855773377 seconds
Avg sample train. time: 0.0013977813836113491 seconds
Epoch 38 Training Summary: epoch: 38.000000 | loss: 0.768743 | 
Epoch runtime: 0.0 hours, 0.0 minutes, 0.08810997009277344 seconds

Avg epoch train. time: 0.0 hours, 0.0 minutes, 0.09350552684382389 seconds
Avg batch train. time: 0.0103895029826471 seconds
Avg sample train. time: 0.0013956048782660282 seconds
Evaluating on validation set ...
Validation runtime: 0.0 hours, 0.0 minutes, 0.006865024566650391 seconds

Avg val. time: 0.0 hours, 0.0 minutes, 0.016864118121919177 seconds
Avg batch val. time: 0.016864118121919177 seconds
Avg sample val. time: 0.002108014765239897 seconds
Epoch 38 Validation Summary: epoch: 38.000000 | loss: 1.162136 | accuracy: 0.625000 | precision: 0.733333 | 
Epoch 39 Training Summary: epoch: 39.000000 | loss: 0.698504 | 
Epoch runtime: 0.0 hours, 0.0 minutes, 0.0930795669555664 seconds

Avg epoch train. time: 0.0 hours, 0.0 minutes, 0.09349460479540703 seconds
Avg batch train. time: 0.010388289421711891 seconds
Avg sample train. time: 0.0013954418626180153 seconds
Epoch 40 Training Summary: epoch: 40.000000 | loss: 0.673125 | 
Epoch runtime: 0.0 hours, 0.0 minutes, 0.09764266014099121 seconds

Avg epoch train. time: 0.0 hours, 0.0 minutes, 0.09359830617904663 seconds
Avg batch train. time: 0.010399811797671847 seconds
Avg sample train. time: 0.0013969896444633826 seconds
Evaluating on validation set ...
Validation runtime: 0.0 hours, 0.0 minutes, 0.007850885391235352 seconds

Avg val. time: 0.0 hours, 0.0 minutes, 0.016454425725069912 seconds
Avg batch val. time: 0.016454425725069912 seconds
Avg sample val. time: 0.002056803215633739 seconds
Epoch 40 Validation Summary: epoch: 40.000000 | loss: 1.197566 | accuracy: 0.625000 | precision: 0.733333 | 
Best accuracy was 0.625. Other metrics: OrderedDict([('epoch', 38), ('loss', 1.1621363162994385), ('accuracy', 0.625), ('precision', 0.7333333333333334)])
All Done!
Total runtime: 0.0 hours, 0.0 minutes, 6.982975006103516 seconds

