Running:
src/main_5q.py --output_dir experiments --comment classification from Scratch --name VRS_fromScratch --records_file VRS_records.xls --data_dir /mnt/d/OneDrive - Southern Methodist University/Phone_Privacy/input_feature/all_processpos_norm_downsample_480p_s22 --data_class vrs --val_ratio 0.1 --epochs 40 --lr 0.001 --dropout 0.2 --batch_size 8 --num_layers 3 --num_heads 4 --optimizer RAdam --pos_encoding learnable --task classification --normalization none --key_metric accuracy

Using device: cuda
Loading and preprocessing data ...
271 samples may be used for training
31 samples will be used for validation
0 samples will be used for testing
Creating model ...
Model:
TSTransformerEncoderClassiregressor(
  (project_inp): Linear(in_features=39, out_features=64, bias=True)
  (pos_enc): LearnablePositionalEncoding(
    (dropout): Dropout(p=0.2, inplace=False)
  )
  (transformer_encoder): TransformerEncoder(
    (layers): ModuleList(
      (0-2): 3 x TransformerBatchNormEncoderLayer(
        (self_attn): MultiheadAttention(
          (out_proj): NonDynamicallyQuantizableLinear(in_features=64, out_features=64, bias=True)
        )
        (linear1): Linear(in_features=64, out_features=256, bias=True)
        (dropout): Dropout(p=0.2, inplace=False)
        (linear2): Linear(in_features=256, out_features=64, bias=True)
        (norm1): BatchNorm1d(64, eps=1e-05, momentum=0.1, affine=True, track_running_stats=True)
        (norm2): BatchNorm1d(64, eps=1e-05, momentum=0.1, affine=True, track_running_stats=True)
        (dropout1): Dropout(p=0.2, inplace=False)
        (dropout2): Dropout(p=0.2, inplace=False)
      )
    )
  )
  (dropout1): Dropout(p=0.2, inplace=False)
  (output_layer): Linear(in_features=5120, out_features=5, bias=True)
)
Total number of parameters: 183237
Trainable parameters: 183237
Evaluating on validation set ...
Validation runtime: 0.0 hours, 0.0 minutes, 0.3887059688568115 seconds

Avg val. time: 0.0 hours, 0.0 minutes, 0.3887059688568115 seconds
Avg batch val. time: 0.09717649221420288 seconds
Avg sample val. time: 0.012538902221187469 seconds
Epoch 0 Validation Summary: epoch: 0.000000 | loss: 6.174544 | accuracy: 0.193548 | precision: 0.193548 | 
Starting training...
Epoch 1 Training Summary: epoch: 1.000000 | loss: 1.693027 | 
Epoch runtime: 0.0 hours, 0.0 minutes, 0.7404615879058838 seconds

Avg epoch train. time: 0.0 hours, 0.0 minutes, 0.7404615879058838 seconds
Avg batch train. time: 0.021778281997231877 seconds
Avg sample train. time: 0.002732330582678538 seconds
Evaluating on validation set ...
Validation runtime: 0.0 hours, 0.0 minutes, 0.03143644332885742 seconds

Avg val. time: 0.0 hours, 0.0 minutes, 0.21007120609283447 seconds
Avg batch val. time: 0.05251780152320862 seconds
Avg sample val. time: 0.006776490519123692 seconds
Epoch 1 Validation Summary: epoch: 1.000000 | loss: 1.644451 | accuracy: 0.129032 | precision: 0.100806 | 
Epoch 2 Training Summary: epoch: 2.000000 | loss: 1.689857 | 
Epoch runtime: 0.0 hours, 0.0 minutes, 0.47798609733581543 seconds

Avg epoch train. time: 0.0 hours, 0.0 minutes, 0.6092238426208496 seconds
Avg batch train. time: 0.01791834831237793 seconds
Avg sample train. time: 0.0022480584598555337 seconds
Evaluating on validation set ...
Validation runtime: 0.0 hours, 0.0 minutes, 0.023769855499267578 seconds

Avg val. time: 0.0 hours, 0.0 minutes, 0.14797075589497885 seconds
Avg batch val. time: 0.03699268897374471 seconds
Avg sample val. time: 0.004773250190160608 seconds
Epoch 2 Validation Summary: epoch: 2.000000 | loss: 1.627252 | accuracy: 0.193548 | precision: 0.129032 | 
Epoch 3 Training Summary: epoch: 3.000000 | loss: 1.684425 | 
Epoch runtime: 0.0 hours, 0.0 minutes, 0.4201498031616211 seconds

Avg epoch train. time: 0.0 hours, 0.0 minutes, 0.5461991628011068 seconds
Avg batch train. time: 0.016064681258856083 seconds
Avg sample train. time: 0.002015495065686741 seconds
Epoch 4 Training Summary: epoch: 4.000000 | loss: 1.674586 | 
Epoch runtime: 0.0 hours, 0.0 minutes, 0.3618652820587158 seconds

Avg epoch train. time: 0.0 hours, 0.0 minutes, 0.500115692615509 seconds
Avg batch train. time: 0.014709285076926737 seconds
Avg sample train. time: 0.0018454453602048304 seconds
Evaluating on validation set ...
Validation runtime: 0.0 hours, 0.0 minutes, 0.015118837356567383 seconds

Avg val. time: 0.0 hours, 0.0 minutes, 0.11475777626037598 seconds
Avg batch val. time: 0.028689444065093994 seconds
Avg sample val. time: 0.003701863750334709 seconds
Epoch 4 Validation Summary: epoch: 4.000000 | loss: 1.647059 | accuracy: 0.193548 | precision: 0.208705 | 
Epoch 5 Training Summary: epoch: 5.000000 | loss: 1.649099 | 
Epoch runtime: 0.0 hours, 0.0 minutes, 0.35162782669067383 seconds

Avg epoch train. time: 0.0 hours, 0.0 minutes, 0.470418119430542 seconds
Avg batch train. time: 0.013835827042074766 seconds
Avg sample train. time: 0.001735860219300893 seconds
Epoch 6 Training Summary: epoch: 6.000000 | loss: 1.604373 | 
Epoch runtime: 0.0 hours, 0.0 minutes, 0.4679405689239502 seconds

Avg epoch train. time: 0.0 hours, 0.0 minutes, 0.47000519434611004 seconds
Avg batch train. time: 0.013823682186650296 seconds
Avg sample train. time: 0.001734336510502251 seconds
Evaluating on validation set ...
Validation runtime: 0.0 hours, 0.0 minutes, 0.017285585403442383 seconds

Avg val. time: 0.0 hours, 0.0 minutes, 0.09526333808898926 seconds
Avg batch val. time: 0.023815834522247316 seconds
Avg sample val. time: 0.0030730109060964276 seconds
Epoch 6 Validation Summary: epoch: 6.000000 | loss: 1.595191 | accuracy: 0.225806 | precision: 0.152074 | 
Epoch 7 Training Summary: epoch: 7.000000 | loss: 1.634365 | 
Epoch runtime: 0.0 hours, 0.0 minutes, 0.48769211769104004 seconds

Avg epoch train. time: 0.0 hours, 0.0 minutes, 0.47253189768110004 seconds
Avg batch train. time: 0.01389799699062059 seconds
Avg sample train. time: 0.0017436601390446497 seconds
Epoch 8 Training Summary: epoch: 8.000000 | loss: 1.611078 | 
Epoch runtime: 0.0 hours, 0.0 minutes, 0.47350549697875977 seconds

Avg epoch train. time: 0.0 hours, 0.0 minutes, 0.4726535975933075 seconds
Avg batch train. time: 0.013901576399803162 seconds
Avg sample train. time: 0.0017441092162114667 seconds
Evaluating on validation set ...
Validation runtime: 0.0 hours, 0.0 minutes, 0.018227100372314453 seconds

Avg val. time: 0.0 hours, 0.0 minutes, 0.08242396513621013 seconds
Avg batch val. time: 0.020605991284052532 seconds
Avg sample val. time: 0.0026588375850390366 seconds
Epoch 8 Validation Summary: epoch: 8.000000 | loss: 1.616842 | accuracy: 0.354839 | precision: 0.335081 | 
Epoch 9 Training Summary: epoch: 9.000000 | loss: 1.499047 | 
Epoch runtime: 0.0 hours, 0.0 minutes, 0.40961503982543945 seconds

Avg epoch train. time: 0.0 hours, 0.0 minutes, 0.4656493133968777 seconds
Avg batch train. time: 0.01369556804108464 seconds
Avg sample train. time: 0.0017182631490659695 seconds
Epoch 10 Training Summary: epoch: 10.000000 | loss: 1.483041 | 
Epoch runtime: 0.0 hours, 0.0 minutes, 0.3455922603607178 seconds

Avg epoch train. time: 0.0 hours, 0.0 minutes, 0.4536436080932617 seconds
Avg batch train. time: 0.01334245906156652 seconds
Avg sample train. time: 0.0016739616534806705 seconds
Evaluating on validation set ...
Validation runtime: 0.0 hours, 0.0 minutes, 0.015488147735595703 seconds

Avg val. time: 0.0 hours, 0.0 minutes, 0.07286170550755092 seconds
Avg batch val. time: 0.01821542637688773 seconds
Avg sample val. time: 0.0023503775970177714 seconds
Epoch 10 Validation Summary: epoch: 10.000000 | loss: 1.690561 | accuracy: 0.290323 | precision: 0.160000 | 
Epoch 11 Training Summary: epoch: 11.000000 | loss: 1.418495 | 
Epoch runtime: 0.0 hours, 0.0 minutes, 0.328812837600708 seconds

Avg epoch train. time: 0.0 hours, 0.0 minutes, 0.4422953562303023 seconds
Avg batch train. time: 0.013008686947950068 seconds
Avg sample train. time: 0.001632086185351669 seconds
Epoch 12 Training Summary: epoch: 12.000000 | loss: 1.419797 | 
Epoch runtime: 0.0 hours, 0.0 minutes, 0.3064756393432617 seconds

Avg epoch train. time: 0.0 hours, 0.0 minutes, 0.4309770464897156 seconds
Avg batch train. time: 0.012675795484991634 seconds
Avg sample train. time: 0.0015903212047590981 seconds
Evaluating on validation set ...
Validation runtime: 0.0 hours, 0.0 minutes, 0.014539003372192383 seconds

Avg val. time: 0.0 hours, 0.0 minutes, 0.0655713677406311 seconds
Avg batch val. time: 0.016392841935157776 seconds
Avg sample val. time: 0.0021152054109881 seconds
Epoch 12 Validation Summary: epoch: 12.000000 | loss: 1.721255 | accuracy: 0.322581 | precision: 0.250000 | 
Epoch 13 Training Summary: epoch: 13.000000 | loss: 1.338676 | 
Epoch runtime: 0.0 hours, 0.0 minutes, 0.3387463092803955 seconds

Avg epoch train. time: 0.0 hours, 0.0 minutes, 0.42388237439669096 seconds
Avg batch train. time: 0.012467128658726205 seconds
Avg sample train. time: 0.001564141602939819 seconds
Epoch 14 Training Summary: epoch: 14.000000 | loss: 1.318387 | 
Epoch runtime: 0.0 hours, 0.0 minutes, 0.3329439163208008 seconds

Avg epoch train. time: 0.0 hours, 0.0 minutes, 0.4173867702484131 seconds
Avg batch train. time: 0.012276081477894503 seconds
Avg sample train. time: 0.0015401725839424838 seconds
Evaluating on validation set ...
Validation runtime: 0.0 hours, 0.0 minutes, 0.015434503555297852 seconds

Avg val. time: 0.0 hours, 0.0 minutes, 0.060000605053371854 seconds
Avg batch val. time: 0.015000151263342964 seconds
Avg sample val. time: 0.001935503388818447 seconds
Epoch 14 Validation Summary: epoch: 14.000000 | loss: 1.706768 | accuracy: 0.354839 | precision: 0.182088 | 
Epoch 15 Training Summary: epoch: 15.000000 | loss: 1.302208 | 
Epoch runtime: 0.0 hours, 0.0 minutes, 0.32499098777770996 seconds

Avg epoch train. time: 0.0 hours, 0.0 minutes, 0.41122705141703286 seconds
Avg batch train. time: 0.012094913276971556 seconds
Avg sample train. time: 0.0015174429941587928 seconds
Epoch 16 Training Summary: epoch: 16.000000 | loss: 1.226417 | 
Epoch runtime: 0.0 hours, 0.0 minutes, 0.3331031799316406 seconds

Avg epoch train. time: 0.0 hours, 0.0 minutes, 0.40634430944919586 seconds
Avg batch train. time: 0.011951303219093996 seconds
Avg sample train. time: 0.001499425496122494 seconds
Evaluating on validation set ...
Validation runtime: 0.0 hours, 0.0 minutes, 0.013891220092773438 seconds

Avg val. time: 0.0 hours, 0.0 minutes, 0.05538966655731201 seconds
Avg batch val. time: 0.013847416639328003 seconds
Avg sample val. time: 0.0017867634373326456 seconds
Epoch 16 Validation Summary: epoch: 16.000000 | loss: 1.665532 | accuracy: 0.354839 | precision: 0.214227 | 
Epoch 17 Training Summary: epoch: 17.000000 | loss: 1.266874 | 
Epoch runtime: 0.0 hours, 0.0 minutes, 0.3004014492034912 seconds

Avg epoch train. time: 0.0 hours, 0.0 minutes, 0.4001123764935662 seconds
Avg batch train. time: 0.011768011073340181 seconds
Avg sample train. time: 0.0014764294335555947 seconds
Epoch 18 Training Summary: epoch: 18.000000 | loss: 1.176919 | 
Epoch runtime: 0.0 hours, 0.0 minutes, 0.3188304901123047 seconds

Avg epoch train. time: 0.0 hours, 0.0 minutes, 0.3955967161390517 seconds
Avg batch train. time: 0.01163519753350152 seconds
Avg sample train. time: 0.001459766480217903 seconds
Evaluating on validation set ...
Validation runtime: 0.0 hours, 0.0 minutes, 0.015993356704711914 seconds

Avg val. time: 0.0 hours, 0.0 minutes, 0.05180818384343928 seconds
Avg batch val. time: 0.01295204596085982 seconds
Avg sample val. time: 0.001671231736885138 seconds
Epoch 18 Validation Summary: epoch: 18.000000 | loss: 1.651610 | accuracy: 0.290323 | precision: 0.292934 | 
Epoch 19 Training Summary: epoch: 19.000000 | loss: 1.063233 | 
Epoch runtime: 0.0 hours, 0.0 minutes, 0.30690741539001465 seconds

Avg epoch train. time: 0.0 hours, 0.0 minutes, 0.3909288582048918 seconds
Avg batch train. time: 0.011497907594261524 seconds
Avg sample train. time: 0.0014425419121951728 seconds
Epoch 20 Training Summary: epoch: 20.000000 | loss: 1.000558 | 
Epoch runtime: 0.0 hours, 0.0 minutes, 0.2980930805206299 seconds

Avg epoch train. time: 0.0 hours, 0.0 minutes, 0.3862870693206787 seconds
Avg batch train. time: 0.011361384391784668 seconds
Avg sample train. time: 0.0014254135399287037 seconds
Evaluating on validation set ...
Validation runtime: 0.0 hours, 0.0 minutes, 0.014146804809570312 seconds

Avg val. time: 0.0 hours, 0.0 minutes, 0.04866973559061686 seconds
Avg batch val. time: 0.012167433897654215 seconds
Avg sample val. time: 0.00156999147066506 seconds
Epoch 20 Validation Summary: epoch: 20.000000 | loss: 1.537235 | accuracy: 0.387097 | precision: 0.295853 | 
Epoch 21 Training Summary: epoch: 21.000000 | loss: 0.945942 | 
Epoch runtime: 0.0 hours, 0.0 minutes, 0.31256604194641113 seconds

Avg epoch train. time: 0.0 hours, 0.0 minutes, 0.38277654420761836 seconds
Avg batch train. time: 0.011258133653165246 seconds
Avg sample train. time: 0.001412459572721839 seconds
Epoch 22 Training Summary: epoch: 22.000000 | loss: 0.959887 | 
Epoch runtime: 0.0 hours, 0.0 minutes, 0.3254084587097168 seconds

Avg epoch train. time: 0.0 hours, 0.0 minutes, 0.38016890395771374 seconds
Avg batch train. time: 0.011181438351697463 seconds
Avg sample train. time: 0.0014028372839768035 seconds
Evaluating on validation set ...
Validation runtime: 0.0 hours, 0.0 minutes, 0.014368295669555664 seconds

Avg val. time: 0.0 hours, 0.0 minutes, 0.04603116328899677 seconds
Avg batch val. time: 0.011507790822249193 seconds
Avg sample val. time: 0.001484876235128928 seconds
Epoch 22 Validation Summary: epoch: 22.000000 | loss: 1.838320 | accuracy: 0.354839 | precision: 0.430666 | 
Epoch 23 Training Summary: epoch: 23.000000 | loss: 0.903711 | 
Epoch runtime: 0.0 hours, 0.0 minutes, 0.300278902053833 seconds

Avg epoch train. time: 0.0 hours, 0.0 minutes, 0.37669542561406677 seconds
Avg batch train. time: 0.01107927722394314 seconds
Avg sample train. time: 0.0013900200207161136 seconds
Epoch 24 Training Summary: epoch: 24.000000 | loss: 0.886725 | 
Epoch runtime: 0.0 hours, 0.0 minutes, 0.2927680015563965 seconds

Avg epoch train. time: 0.0 hours, 0.0 minutes, 0.3731984496116638 seconds
Avg batch train. time: 0.010976424988578348 seconds
Avg sample train. time: 0.0013771160502275418 seconds
Evaluating on validation set ...
Validation runtime: 0.0 hours, 0.0 minutes, 0.015053033828735352 seconds

Avg val. time: 0.0 hours, 0.0 minutes, 0.04381843975612095 seconds
Avg batch val. time: 0.010954609939030238 seconds
Avg sample val. time: 0.0014134980566490628 seconds
Epoch 24 Validation Summary: epoch: 24.000000 | loss: 1.615025 | accuracy: 0.322581 | precision: 0.321505 | 
Epoch 25 Training Summary: epoch: 25.000000 | loss: 0.854994 | 
Epoch runtime: 0.0 hours, 0.0 minutes, 0.305736780166626 seconds

Avg epoch train. time: 0.0 hours, 0.0 minutes, 0.3704999828338623 seconds
Avg batch train. time: 0.010897058318643009 seconds
Avg sample train. time: 0.0013671586082430343 seconds
Epoch 26 Training Summary: epoch: 26.000000 | loss: 0.767042 | 
Epoch runtime: 0.0 hours, 0.0 minutes, 0.31103515625 seconds

Avg epoch train. time: 0.0 hours, 0.0 minutes, 0.36821287411909837 seconds
Avg batch train. time: 0.010829790415267599 seconds
Avg sample train. time: 0.0013587190926903998 seconds
Evaluating on validation set ...
Validation runtime: 0.0 hours, 0.0 minutes, 0.014254093170166016 seconds

Avg val. time: 0.0 hours, 0.0 minutes, 0.041847483317057295 seconds
Avg batch val. time: 0.010461870829264324 seconds
Avg sample val. time: 0.0013499188166792675 seconds
Epoch 26 Validation Summary: epoch: 26.000000 | loss: 1.724249 | accuracy: 0.290323 | precision: 0.208700 | 
Epoch 27 Training Summary: epoch: 27.000000 | loss: 0.761843 | 
Epoch runtime: 0.0 hours, 0.0 minutes, 0.30866527557373047 seconds

Avg epoch train. time: 0.0 hours, 0.0 minutes, 0.36600740750630695 seconds
Avg batch train. time: 0.010764923750185498 seconds
Avg sample train. time: 0.0013505808395066676 seconds
Epoch 28 Training Summary: epoch: 28.000000 | loss: 0.675542 | 
Epoch runtime: 0.0 hours, 0.0 minutes, 0.3071568012237549 seconds

Avg epoch train. time: 0.0 hours, 0.0 minutes, 0.36390560013907297 seconds
Avg batch train. time: 0.010703105886443322 seconds
Avg sample train. time: 0.001342825092764107 seconds
Evaluating on validation set ...
Validation runtime: 0.0 hours, 0.0 minutes, 0.015252828598022461 seconds

Avg val. time: 0.0 hours, 0.0 minutes, 0.040185317397117615 seconds
Avg batch val. time: 0.010046329349279404 seconds
Avg sample val. time: 0.0012963005611973425 seconds
Epoch 28 Validation Summary: epoch: 28.000000 | loss: 1.597555 | accuracy: 0.387097 | precision: 0.453568 | 
Epoch 29 Training Summary: epoch: 29.000000 | loss: 0.701841 | 
Epoch runtime: 0.0 hours, 0.0 minutes, 0.30080533027648926 seconds

Avg epoch train. time: 0.0 hours, 0.0 minutes, 0.3617297287645011 seconds
Avg batch train. time: 0.01063910966954415 seconds
Avg sample train. time: 0.0013347960471014801 seconds
Epoch 30 Training Summary: epoch: 30.000000 | loss: 0.601577 | 
Epoch runtime: 0.0 hours, 0.0 minutes, 0.2895047664642334 seconds

Avg epoch train. time: 0.0 hours, 0.0 minutes, 0.3593222300211589 seconds
Avg batch train. time: 0.010568300882975262 seconds
Avg sample train. time: 0.0013259122879009553 seconds
Evaluating on validation set ...
Validation runtime: 0.0 hours, 0.0 minutes, 0.01421666145324707 seconds

Avg val. time: 0.0 hours, 0.0 minutes, 0.03865774940041935 seconds
Avg batch val. time: 0.009664437350104837 seconds
Avg sample val. time: 0.0012470241742070759 seconds
Epoch 30 Validation Summary: epoch: 30.000000 | loss: 1.852404 | accuracy: 0.419355 | precision: 0.409677 | 
Epoch 31 Training Summary: epoch: 31.000000 | loss: 0.576695 | 
Epoch runtime: 0.0 hours, 0.0 minutes, 0.30295372009277344 seconds

Avg epoch train. time: 0.0 hours, 0.0 minutes, 0.35750389099121094 seconds
Avg batch train. time: 0.01051482032327091 seconds
Avg sample train. time: 0.001319202549783066 seconds
Epoch 32 Training Summary: epoch: 32.000000 | loss: 0.558194 | 
Epoch runtime: 0.0 hours, 0.0 minutes, 0.29897069931030273 seconds

Avg epoch train. time: 0.0 hours, 0.0 minutes, 0.35567472875118256 seconds
Avg batch train. time: 0.010461021433858311 seconds
Avg sample train. time: 0.0013124528736205999 seconds
Evaluating on validation set ...
Validation runtime: 0.0 hours, 0.0 minutes, 0.01362299919128418 seconds

Avg val. time: 0.0 hours, 0.0 minutes, 0.037266929944356285 seconds
Avg batch val. time: 0.009316732486089071 seconds
Avg sample val. time: 0.001202159030463106 seconds
Epoch 32 Validation Summary: epoch: 32.000000 | loss: 2.125885 | accuracy: 0.419355 | precision: 0.440176 | 
Epoch 33 Training Summary: epoch: 33.000000 | loss: 0.666098 | 
Epoch runtime: 0.0 hours, 0.0 minutes, 0.30635547637939453 seconds

Avg epoch train. time: 0.0 hours, 0.0 minutes, 0.3541802059520375 seconds
Avg batch train. time: 0.01041706488094228 seconds
Avg sample train. time: 0.0013069380293433117 seconds
Epoch 34 Training Summary: epoch: 34.000000 | loss: 0.523759 | 
Epoch runtime: 0.0 hours, 0.0 minutes, 0.31041455268859863 seconds

Avg epoch train. time: 0.0 hours, 0.0 minutes, 0.352892980856054 seconds
Avg batch train. time: 0.010379205319295705 seconds
Avg sample train. time: 0.0013021881212400515 seconds
Evaluating on validation set ...
Validation runtime: 0.0 hours, 0.0 minutes, 0.014034748077392578 seconds

Avg val. time: 0.0 hours, 0.0 minutes, 0.036044183530305564 seconds
Avg batch val. time: 0.009011045882576391 seconds
Avg sample val. time: 0.0011627155977517924 seconds
Epoch 34 Validation Summary: epoch: 34.000000 | loss: 1.908240 | accuracy: 0.451613 | precision: 0.485484 | 
Epoch 35 Training Summary: epoch: 35.000000 | loss: 0.517213 | 
Epoch runtime: 0.0 hours, 0.0 minutes, 0.3132662773132324 seconds

Avg epoch train. time: 0.0 hours, 0.0 minutes, 0.3517607893262591 seconds
Avg batch train. time: 0.010345905568419385 seconds
Avg sample train. time: 0.0012980102927168233 seconds
Epoch 36 Training Summary: epoch: 36.000000 | loss: 0.473331 | 
Epoch runtime: 0.0 hours, 0.0 minutes, 0.2984473705291748 seconds

Avg epoch train. time: 0.0 hours, 0.0 minutes, 0.35027986102634007 seconds
Avg batch train. time: 0.010302348853715884 seconds
Avg sample train. time: 0.0012925456126433213 seconds
Evaluating on validation set ...
Validation runtime: 0.0 hours, 0.0 minutes, 0.012749671936035156 seconds

Avg val. time: 0.0 hours, 0.0 minutes, 0.03487945795059204 seconds
Avg batch val. time: 0.00871986448764801 seconds
Avg sample val. time: 0.0011251438048578077 seconds
Epoch 36 Validation Summary: epoch: 36.000000 | loss: 2.324633 | accuracy: 0.354839 | precision: 0.280059 | 
Epoch 37 Training Summary: epoch: 37.000000 | loss: 0.455025 | 
Epoch runtime: 0.0 hours, 0.0 minutes, 0.30629539489746094 seconds

Avg epoch train. time: 0.0 hours, 0.0 minutes, 0.3490910916715055 seconds
Avg batch train. time: 0.010267385049161927 seconds
Avg sample train. time: 0.0012881590098579537 seconds
Epoch 38 Training Summary: epoch: 38.000000 | loss: 0.576871 | 
Epoch runtime: 0.0 hours, 0.0 minutes, 0.2972683906555176 seconds

Avg epoch train. time: 0.0 hours, 0.0 minutes, 0.3477273363816111 seconds
Avg batch train. time: 0.010227274599459149 seconds
Avg sample train. time: 0.00128312670251517 seconds
Evaluating on validation set ...
Validation runtime: 0.0 hours, 0.0 minutes, 0.01307058334350586 seconds

Avg val. time: 0.0 hours, 0.0 minutes, 0.033840940112159365 seconds
Avg batch val. time: 0.008460235028039841 seconds
Avg sample val. time: 0.0010916432294244957 seconds
Epoch 38 Validation Summary: epoch: 38.000000 | loss: 2.374499 | accuracy: 0.322581 | precision: 0.373272 | 
Epoch 39 Training Summary: epoch: 39.000000 | loss: 0.531914 | 
Epoch runtime: 0.0 hours, 0.0 minutes, 0.3008255958557129 seconds

Avg epoch train. time: 0.0 hours, 0.0 minutes, 0.3465247276501778 seconds
Avg batch train. time: 0.010191903754416993 seconds
Avg sample train. time: 0.0012786890319194753 seconds
Epoch 40 Training Summary: epoch: 40.000000 | loss: 0.454826 | 
Epoch runtime: 0.0 hours, 0.0 minutes, 0.29695677757263184 seconds

Avg epoch train. time: 0.0 hours, 0.0 minutes, 0.34528552889823916 seconds
Avg batch train. time: 0.010155456732301152 seconds
Avg sample train. time: 0.0012741163427979305 seconds
Evaluating on validation set ...
Validation runtime: 0.0 hours, 0.0 minutes, 0.012749195098876953 seconds

Avg val. time: 0.0 hours, 0.0 minutes, 0.032882224429737435 seconds
Avg batch val. time: 0.008220556107434359 seconds
Avg sample val. time: 0.0010607169170883043 seconds
Epoch 40 Validation Summary: epoch: 40.000000 | loss: 2.213353 | accuracy: 0.322581 | precision: 0.356631 | 
Best accuracy was 0.45161290322580644. Other metrics: OrderedDict([('epoch', 34), ('loss', 1.9082398568430254), ('accuracy', 0.45161290322580644), ('precision', 0.4854838709677419)])
All Done!
Total runtime: 0.0 hours, 0.0 minutes, 30.51864266395569 seconds

