Running:
src/main_crosssetting.py --output_dir experiments --target_user Zeyu --user_othersetting ZeyuZoom --comment classification from Scratch --name VRS_fromScratch --records_file VRS_records.xls --data_dir /mnt/d/OneDrive - Southern Methodist University/Phone_Privacy/input_feature/all_processpos_norm_downsample_480p_s22 --test_data_dir /mnt/d/OneDrive - Southern Methodist University/Phone_Privacy/input_feature/all_processpos_norm_downsample_480p_s22 --data_class vrs --val_ratio 0.1 --epochs 40 --lr 0.001 --dropout 0.2 --batch_size 8 --num_layers 3 --num_heads 4 --optimizer RAdam --pos_encoding learnable --task classification --normalization none --key_metric accuracy

Using device: cuda
Loading and preprocessing data ...
1069 samples may be used for training
119 samples will be used for validation
0 samples will be used for testing
Creating model ...
Model:
TSTransformerEncoderClassiregressor(
  (project_inp): Linear(in_features=39, out_features=64, bias=True)
  (pos_enc): LearnablePositionalEncoding(
    (dropout): Dropout(p=0.2, inplace=False)
  )
  (transformer_encoder): TransformerEncoder(
    (layers): ModuleList(
      (0-2): 3 x TransformerBatchNormEncoderLayer(
        (self_attn): MultiheadAttention(
          (out_proj): NonDynamicallyQuantizableLinear(in_features=64, out_features=64, bias=True)
        )
        (linear1): Linear(in_features=64, out_features=256, bias=True)
        (dropout): Dropout(p=0.2, inplace=False)
        (linear2): Linear(in_features=256, out_features=64, bias=True)
        (norm1): BatchNorm1d(64, eps=1e-05, momentum=0.1, affine=True, track_running_stats=True)
        (norm2): BatchNorm1d(64, eps=1e-05, momentum=0.1, affine=True, track_running_stats=True)
        (dropout1): Dropout(p=0.2, inplace=False)
        (dropout2): Dropout(p=0.2, inplace=False)
      )
    )
  )
  (dropout1): Dropout(p=0.2, inplace=False)
  (output_layer): Linear(in_features=5120, out_features=5, bias=True)
)
Total number of parameters: 183237
Trainable parameters: 183237
Evaluating on validation set ...
Validation runtime: 0.0 hours, 0.0 minutes, 0.23550963401794434 seconds

Avg val. time: 0.0 hours, 0.0 minutes, 0.23550963401794434 seconds
Avg batch val. time: 0.015700642267862955 seconds
Avg sample val. time: 0.0019790725547726416 seconds
Epoch 0 Validation Summary: epoch: 0.000000 | loss: 3.851701 | accuracy: 0.184874 | precision: 0.187138 | 
Starting training...
Epoch 1 Training Summary: epoch: 1.000000 | loss: 1.695716 | 
Epoch runtime: 0.0 hours, 0.0 minutes, 1.4532973766326904 seconds

Avg epoch train. time: 0.0 hours, 0.0 minutes, 1.4532973766326904 seconds
Avg batch train. time: 0.01084550281069172 seconds
Avg sample train. time: 0.0013594924009660342 seconds
Evaluating on validation set ...
Validation runtime: 0.0 hours, 0.0 minutes, 0.04656028747558594 seconds

Avg val. time: 0.0 hours, 0.0 minutes, 0.14103496074676514 seconds
Avg batch val. time: 0.009402330716451008 seconds
Avg sample val. time: 0.0011851677373677743 seconds
Epoch 1 Validation Summary: epoch: 1.000000 | loss: 1.647915 | accuracy: 0.235294 | precision: 0.443727 | 
Epoch 2 Training Summary: epoch: 2.000000 | loss: 1.663108 | 
Epoch runtime: 0.0 hours, 0.0 minutes, 1.4001269340515137 seconds

Avg epoch train. time: 0.0 hours, 0.0 minutes, 1.426712155342102 seconds
Avg batch train. time: 0.010647105636881359 seconds
Avg sample train. time: 0.0013346231574762413 seconds
Evaluating on validation set ...
Validation runtime: 0.0 hours, 0.0 minutes, 0.052276611328125 seconds

Avg val. time: 0.0 hours, 0.0 minutes, 0.11144884427388509 seconds
Avg batch val. time: 0.007429922951592339 seconds
Avg sample val. time: 0.0009365449098645806 seconds
Epoch 2 Validation Summary: epoch: 2.000000 | loss: 1.591309 | accuracy: 0.252101 | precision: 0.307059 | 
Epoch 3 Training Summary: epoch: 3.000000 | loss: 1.592345 | 
Epoch runtime: 0.0 hours, 0.0 minutes, 1.3972082138061523 seconds

Avg epoch train. time: 0.0 hours, 0.0 minutes, 1.4168775081634521 seconds
Avg batch train. time: 0.010573712747488449 seconds
Avg sample train. time: 0.0013254233004335381 seconds
Epoch 4 Training Summary: epoch: 4.000000 | loss: 1.550121 | 
Epoch runtime: 0.0 hours, 0.0 minutes, 1.4050450325012207 seconds

Avg epoch train. time: 0.0 hours, 0.0 minutes, 1.4139193892478943 seconds
Avg batch train. time: 0.010551637233193242 seconds
Avg sample train. time: 0.0013226561171636056 seconds
Evaluating on validation set ...
Validation runtime: 0.0 hours, 0.0 minutes, 0.04673290252685547 seconds

Avg val. time: 0.0 hours, 0.0 minutes, 0.09526985883712769 seconds
Avg batch val. time: 0.0063513239224751794 seconds
Avg sample val. time: 0.0008005870490514932 seconds
Epoch 4 Validation Summary: epoch: 4.000000 | loss: 1.504001 | accuracy: 0.310924 | precision: 0.334459 | 
Epoch 5 Training Summary: epoch: 5.000000 | loss: 1.568426 | 
Epoch runtime: 0.0 hours, 0.0 minutes, 1.3999409675598145 seconds

Avg epoch train. time: 0.0 hours, 0.0 minutes, 1.4111237049102783 seconds
Avg batch train. time: 0.010530773917240882 seconds
Avg sample train. time: 0.0013200408839198112 seconds
Epoch 6 Training Summary: epoch: 6.000000 | loss: 1.482981 | 
Epoch runtime: 0.0 hours, 0.0 minutes, 1.5275177955627441 seconds

Avg epoch train. time: 0.0 hours, 0.0 minutes, 1.4305227200190227 seconds
Avg batch train. time: 0.010675542686709125 seconds
Avg sample train. time: 0.0013381877642834638 seconds
Evaluating on validation set ...
Validation runtime: 0.0 hours, 0.0 minutes, 0.04875493049621582 seconds

Avg val. time: 0.0 hours, 0.0 minutes, 0.08596687316894532 seconds
Avg batch val. time: 0.005731124877929688 seconds
Avg sample val. time: 0.0007224106988987001 seconds
Epoch 6 Validation Summary: epoch: 6.000000 | loss: 1.402508 | accuracy: 0.268908 | precision: 0.237609 | 
Epoch 7 Training Summary: epoch: 7.000000 | loss: 1.507827 | 
Epoch runtime: 0.0 hours, 0.0 minutes, 1.422224998474121 seconds

Avg epoch train. time: 0.0 hours, 0.0 minutes, 1.4293373312268938 seconds
Avg batch train. time: 0.010666696501693237 seconds
Avg sample train. time: 0.0013370788879578052 seconds
Epoch 8 Training Summary: epoch: 8.000000 | loss: 1.449751 | 
Epoch runtime: 0.0 hours, 0.0 minutes, 1.361311435699463 seconds

Avg epoch train. time: 0.0 hours, 0.0 minutes, 1.420834094285965 seconds
Avg batch train. time: 0.010603239509596754 seconds
Avg sample train. time: 0.0013291245035415948 seconds
Evaluating on validation set ...
Validation runtime: 0.0 hours, 0.0 minutes, 0.04728960990905762 seconds

Avg val. time: 0.0 hours, 0.0 minutes, 0.07952066262563069 seconds
Avg batch val. time: 0.0053013775083753795 seconds
Avg sample val. time: 0.0006682408624002579 seconds
Epoch 8 Validation Summary: epoch: 8.000000 | loss: 1.339364 | accuracy: 0.411765 | precision: 0.410998 | 
Epoch 9 Training Summary: epoch: 9.000000 | loss: 1.433748 | 
Epoch runtime: 0.0 hours, 0.0 minutes, 1.379866600036621 seconds

Avg epoch train. time: 0.0 hours, 0.0 minutes, 1.4162821504804823 seconds
Avg batch train. time: 0.010569269779705091 seconds
Avg sample train. time: 0.0013248663708891322 seconds
Epoch 10 Training Summary: epoch: 10.000000 | loss: 1.401719 | 
Epoch runtime: 0.0 hours, 0.0 minutes, 1.3801605701446533 seconds

Avg epoch train. time: 0.0 hours, 0.0 minutes, 1.4126699924468995 seconds
Avg batch train. time: 0.0105423133764694 seconds
Avg sample train. time: 0.0013214873643095412 seconds
Evaluating on validation set ...
Validation runtime: 0.0 hours, 0.0 minutes, 0.04506230354309082 seconds

Avg val. time: 0.0 hours, 0.0 minutes, 0.07459803989955358 seconds
Avg batch val. time: 0.0049732026599702385 seconds
Avg sample val. time: 0.0006268742848701981 seconds
Epoch 10 Validation Summary: epoch: 10.000000 | loss: 1.427901 | accuracy: 0.386555 | precision: 0.368758 | 
Epoch 11 Training Summary: epoch: 11.000000 | loss: 1.353079 | 
Epoch runtime: 0.0 hours, 0.0 minutes, 1.4696733951568604 seconds

Avg epoch train. time: 0.0 hours, 0.0 minutes, 1.4178521199659868 seconds
Avg batch train. time: 0.010580985969895424 seconds
Avg sample train. time: 0.0013263350046454508 seconds
Epoch 12 Training Summary: epoch: 12.000000 | loss: 1.348859 | 
Epoch runtime: 0.0 hours, 0.0 minutes, 1.4787464141845703 seconds

Avg epoch train. time: 0.0 hours, 0.0 minutes, 1.4229266444842021 seconds
Avg batch train. time: 0.010618855555852255 seconds
Avg sample train. time: 0.0013310819873565969 seconds
Evaluating on validation set ...
Validation runtime: 0.0 hours, 0.0 minutes, 0.054346323013305664 seconds

Avg val. time: 0.0 hours, 0.0 minutes, 0.07206657528877258 seconds
Avg batch val. time: 0.004804438352584839 seconds
Avg sample val. time: 0.0006056014730148957 seconds
Epoch 12 Validation Summary: epoch: 12.000000 | loss: 1.489178 | accuracy: 0.470588 | precision: 0.496838 | 
Epoch 13 Training Summary: epoch: 13.000000 | loss: 1.305701 | 
Epoch runtime: 0.0 hours, 0.0 minutes, 1.5078606605529785 seconds

Avg epoch train. time: 0.0 hours, 0.0 minutes, 1.4294600303356464 seconds
Avg batch train. time: 0.010667612166683929 seconds
Avg sample train. time: 0.0013371936672924663 seconds
Epoch 14 Training Summary: epoch: 14.000000 | loss: 1.283556 | 
Epoch runtime: 0.0 hours, 0.0 minutes, 1.496671199798584 seconds

Avg epoch train. time: 0.0 hours, 0.0 minutes, 1.4342608281544276 seconds
Avg batch train. time: 0.010703439016077818 seconds
Avg sample train. time: 0.0013416845913511951 seconds
Evaluating on validation set ...
Validation runtime: 0.0 hours, 0.0 minutes, 0.052076101303100586 seconds

Avg val. time: 0.0 hours, 0.0 minutes, 0.0698454115125868 seconds
Avg batch val. time: 0.004656360767505787 seconds
Avg sample val. time: 0.0005869362311982084 seconds
Epoch 14 Validation Summary: epoch: 14.000000 | loss: 1.432032 | accuracy: 0.394958 | precision: 0.365296 | 
Epoch 15 Training Summary: epoch: 15.000000 | loss: 1.268920 | 
Epoch runtime: 0.0 hours, 0.0 minutes, 1.5567362308502197 seconds

Avg epoch train. time: 0.0 hours, 0.0 minutes, 1.4424258550008138 seconds
Avg batch train. time: 0.010764372052244878 seconds
Avg sample train. time: 0.001349322595884765 seconds
Epoch 16 Training Summary: epoch: 16.000000 | loss: 1.241438 | 
Epoch runtime: 0.0 hours, 0.0 minutes, 1.5289819240570068 seconds

Avg epoch train. time: 0.0 hours, 0.0 minutes, 1.4478356093168259 seconds
Avg batch train. time: 0.01080474335311064 seconds
Avg sample train. time: 0.0013543831705489485 seconds
Evaluating on validation set ...
Validation runtime: 0.0 hours, 0.0 minutes, 0.052484750747680664 seconds

Avg val. time: 0.0 hours, 0.0 minutes, 0.06810934543609619 seconds
Avg batch val. time: 0.00454062302907308 seconds
Avg sample val. time: 0.0005723474406394638 seconds
Epoch 16 Validation Summary: epoch: 16.000000 | loss: 1.478874 | accuracy: 0.394958 | precision: 0.380807 | 
Epoch 17 Training Summary: epoch: 17.000000 | loss: 1.264806 | 
Epoch runtime: 0.0 hours, 0.0 minutes, 1.5033934116363525 seconds

Avg epoch train. time: 0.0 hours, 0.0 minutes, 1.4511037153356217 seconds
Avg batch train. time: 0.010829132203997177 seconds
Avg sample train. time: 0.0013574403324000202 seconds
Epoch 18 Training Summary: epoch: 18.000000 | loss: 1.254284 | 
Epoch runtime: 0.0 hours, 0.0 minutes, 1.4944989681243896 seconds

Avg epoch train. time: 0.0 hours, 0.0 minutes, 1.4535145627127752 seconds
Avg batch train. time: 0.010847123602334143 seconds
Avg sample train. time: 0.0013596955684871612 seconds
Evaluating on validation set ...
Validation runtime: 0.0 hours, 0.0 minutes, 0.05376458168029785 seconds

Avg val. time: 0.0 hours, 0.0 minutes, 0.06680527600375089 seconds
Avg batch val. time: 0.004453685066916725 seconds
Avg sample val. time: 0.0005613888739810999 seconds
Epoch 18 Validation Summary: epoch: 18.000000 | loss: 1.391766 | accuracy: 0.428571 | precision: 0.435721 | 
Epoch 19 Training Summary: epoch: 19.000000 | loss: 1.220802 | 
Epoch runtime: 0.0 hours, 0.0 minutes, 1.460134744644165 seconds

Avg epoch train. time: 0.0 hours, 0.0 minutes, 1.4538629933407432 seconds
Avg batch train. time: 0.010849723830901069 seconds
Avg sample train. time: 0.0013600215092055595 seconds
Epoch 20 Training Summary: epoch: 20.000000 | loss: 1.224436 | 
Epoch runtime: 0.0 hours, 0.0 minutes, 1.4603707790374756 seconds

Avg epoch train. time: 0.0 hours, 0.0 minutes, 1.45418838262558 seconds
Avg batch train. time: 0.01085215210914612 seconds
Avg sample train. time: 0.0013603258958143872 seconds
Evaluating on validation set ...
Validation runtime: 0.0 hours, 0.0 minutes, 0.05022859573364258 seconds

Avg val. time: 0.0 hours, 0.0 minutes, 0.06542388598124187 seconds
Avg batch val. time: 0.004361592398749458 seconds
Avg sample val. time: 0.0005497805544642174 seconds
Epoch 20 Validation Summary: epoch: 20.000000 | loss: 1.422377 | accuracy: 0.394958 | precision: 0.377577 | 
Epoch 21 Training Summary: epoch: 21.000000 | loss: 1.209251 | 
Epoch runtime: 0.0 hours, 0.0 minutes, 1.4601233005523682 seconds

Avg epoch train. time: 0.0 hours, 0.0 minutes, 1.4544709977649508 seconds
Avg batch train. time: 0.01085426117735038 seconds
Avg sample train. time: 0.0013605902691907865 seconds
Epoch 22 Training Summary: epoch: 22.000000 | loss: 1.170622 | 
Epoch runtime: 0.0 hours, 0.0 minutes, 1.4324510097503662 seconds

Avg epoch train. time: 0.0 hours, 0.0 minutes, 1.4534700892188332 seconds
Avg batch train. time: 0.010846791710588308 seconds
Avg sample train. time: 0.0013596539655929218 seconds
Evaluating on validation set ...
Validation runtime: 0.0 hours, 0.0 minutes, 0.05098891258239746 seconds

Avg val. time: 0.0 hours, 0.0 minutes, 0.06431350341209999 seconds
Avg batch val. time: 0.0042875668941399995 seconds
Avg sample val. time: 0.000540449608505042 seconds
Epoch 22 Validation Summary: epoch: 22.000000 | loss: 1.440831 | accuracy: 0.436975 | precision: 0.410987 | 
Epoch 23 Training Summary: epoch: 23.000000 | loss: 1.142290 | 
Epoch runtime: 0.0 hours, 0.0 minutes, 1.4935698509216309 seconds

Avg epoch train. time: 0.0 hours, 0.0 minutes, 1.4552135571189548 seconds
Avg batch train. time: 0.010859802665066828 seconds
Avg sample train. time: 0.0013612848990822777 seconds
Epoch 24 Training Summary: epoch: 24.000000 | loss: 1.117497 | 
Epoch runtime: 0.0 hours, 0.0 minutes, 1.456810712814331 seconds

Avg epoch train. time: 0.0 hours, 0.0 minutes, 1.455280105272929 seconds
Avg batch train. time: 0.01086029929308156 seconds
Avg sample train. time: 0.0013613471517988109 seconds
Evaluating on validation set ...
Validation runtime: 0.0 hours, 0.0 minutes, 0.05128788948059082 seconds

Avg val. time: 0.0 hours, 0.0 minutes, 0.06338310241699219 seconds
Avg batch val. time: 0.004225540161132813 seconds
Avg sample val. time: 0.0005326311127478335 seconds
Epoch 24 Validation Summary: epoch: 24.000000 | loss: 1.568832 | accuracy: 0.319328 | precision: 0.297154 | 
Epoch 25 Training Summary: epoch: 25.000000 | loss: 1.140511 | 
Epoch runtime: 0.0 hours, 0.0 minutes, 1.4968862533569336 seconds

Avg epoch train. time: 0.0 hours, 0.0 minutes, 1.456944351196289 seconds
Avg batch train. time: 0.010872719038778275 seconds
Avg sample train. time: 0.001362903976797277 seconds
Epoch 26 Training Summary: epoch: 26.000000 | loss: 1.121104 | 
Epoch runtime: 0.0 hours, 0.0 minutes, 1.457998275756836 seconds

Avg epoch train. time: 0.0 hours, 0.0 minutes, 1.45698488675631 seconds
Avg batch train. time: 0.010873021542957537 seconds
Avg sample train. time: 0.0013629418959366791 seconds
Evaluating on validation set ...
Validation runtime: 0.0 hours, 0.0 minutes, 0.05562281608581543 seconds

Avg val. time: 0.0 hours, 0.0 minutes, 0.06286574999491373 seconds
Avg batch val. time: 0.004191049999660915 seconds
Avg sample val. time: 0.0005282836134026365 seconds
Epoch 26 Validation Summary: epoch: 26.000000 | loss: 1.527495 | accuracy: 0.378151 | precision: 0.374233 | 
Epoch 27 Training Summary: epoch: 27.000000 | loss: 1.106790 | 
Epoch runtime: 0.0 hours, 0.0 minutes, 1.4362647533416748 seconds

Avg epoch train. time: 0.0 hours, 0.0 minutes, 1.45621747440762 seconds
Avg batch train. time: 0.010867294585131491 seconds
Avg sample train. time: 0.001362224017219476 seconds
Epoch 28 Training Summary: epoch: 28.000000 | loss: 1.083515 | 
Epoch runtime: 0.0 hours, 0.0 minutes, 1.449777364730835 seconds

Avg epoch train. time: 0.0 hours, 0.0 minutes, 1.455987470490592 seconds
Avg batch train. time: 0.010865578137989492 seconds
Avg sample train. time: 0.001362008859205418 seconds
Evaluating on validation set ...
Validation runtime: 0.0 hours, 0.0 minutes, 0.05089831352233887 seconds

Avg val. time: 0.0 hours, 0.0 minutes, 0.06211778521537781 seconds
Avg batch val. time: 0.004141185681025187 seconds
Avg sample val. time: 0.0005219981950872085 seconds
Epoch 28 Validation Summary: epoch: 28.000000 | loss: 1.541193 | accuracy: 0.436975 | precision: 0.397034 | 
Epoch 29 Training Summary: epoch: 29.000000 | loss: 1.058089 | 
Epoch runtime: 0.0 hours, 0.0 minutes, 1.421149492263794 seconds

Avg epoch train. time: 0.0 hours, 0.0 minutes, 1.4547861608965644 seconds
Avg batch train. time: 0.010856613141019137 seconds
Avg sample train. time: 0.0013608850897067956 seconds
Epoch 30 Training Summary: epoch: 30.000000 | loss: 1.053905 | 
Epoch runtime: 0.0 hours, 0.0 minutes, 1.3973639011383057 seconds

Avg epoch train. time: 0.0 hours, 0.0 minutes, 1.452872085571289 seconds
Avg batch train. time: 0.010842328996800665 seconds
Avg sample train. time: 0.0013590945608711778 seconds
Evaluating on validation set ...
Validation runtime: 0.0 hours, 0.0 minutes, 0.050673723220825195 seconds

Avg val. time: 0.0 hours, 0.0 minutes, 0.061444605098051185 seconds
Avg batch val. time: 0.0040963070065367455 seconds
Avg sample val. time: 0.0005163412193113545 seconds
Epoch 30 Validation Summary: epoch: 30.000000 | loss: 1.552491 | accuracy: 0.394958 | precision: 0.396409 | 
Epoch 31 Training Summary: epoch: 31.000000 | loss: 1.050686 | 
Epoch runtime: 0.0 hours, 0.0 minutes, 1.4583141803741455 seconds

Avg epoch train. time: 0.0 hours, 0.0 minutes, 1.4530476370165426 seconds
Avg batch train. time: 0.010843639082213004 seconds
Avg sample train. time: 0.0013592587811193102 seconds
Epoch 32 Training Summary: epoch: 32.000000 | loss: 1.033866 | 
Epoch runtime: 0.0 hours, 0.0 minutes, 1.4031693935394287 seconds

Avg epoch train. time: 0.0 hours, 0.0 minutes, 1.4514889419078827 seconds
Avg batch train. time: 0.010832007029163303 seconds
Avg sample train. time: 0.0013578006940204702 seconds
Evaluating on validation set ...
Validation runtime: 0.0 hours, 0.0 minutes, 0.05083060264587402 seconds

Avg val. time: 0.0 hours, 0.0 minutes, 0.060854938295152455 seconds
Avg batch val. time: 0.004056995886343497 seconds
Avg sample val. time: 0.0005113860360937181 seconds
Epoch 32 Validation Summary: epoch: 32.000000 | loss: 1.553080 | accuracy: 0.411765 | precision: 0.379531 | 
Epoch 33 Training Summary: epoch: 33.000000 | loss: 1.044508 | 
Epoch runtime: 0.0 hours, 0.0 minutes, 1.5007762908935547 seconds

Avg epoch train. time: 0.0 hours, 0.0 minutes, 1.4529824979377515 seconds
Avg batch train. time: 0.010843152969684713 seconds
Avg sample train. time: 0.0013591978465273633 seconds
Epoch 34 Training Summary: epoch: 34.000000 | loss: 1.000395 | 
Epoch runtime: 0.0 hours, 0.0 minutes, 1.497943639755249 seconds

Avg epoch train. time: 0.0 hours, 0.0 minutes, 1.4543048844617956 seconds
Avg batch train. time: 0.010853021525834295 seconds
Avg sample train. time: 0.0013604348778875543 seconds
Evaluating on validation set ...
Validation runtime: 0.0 hours, 0.0 minutes, 0.05227017402648926 seconds

Avg val. time: 0.0 hours, 0.0 minutes, 0.06040310859680176 seconds
Avg batch val. time: 0.004026873906453451 seconds
Avg sample val. time: 0.0005075891478722837 seconds
Epoch 34 Validation Summary: epoch: 34.000000 | loss: 1.615221 | accuracy: 0.411765 | precision: 0.409715 | 
Epoch 35 Training Summary: epoch: 35.000000 | loss: 1.008937 | 
Epoch runtime: 0.0 hours, 0.0 minutes, 1.4576647281646729 seconds

Avg epoch train. time: 0.0 hours, 0.0 minutes, 1.4544008799961634 seconds
Avg batch train. time: 0.01085373791041913 seconds
Avg sample train. time: 0.0013605246772648862 seconds
Epoch 36 Training Summary: epoch: 36.000000 | loss: 1.076070 | 
Epoch runtime: 0.0 hours, 0.0 minutes, 1.501317024230957 seconds

Avg epoch train. time: 0.0 hours, 0.0 minutes, 1.4557041062249079 seconds
Avg batch train. time: 0.010863463479290358 seconds
Avg sample train. time: 0.0013617437850560411 seconds
Evaluating on validation set ...
Validation runtime: 0.0 hours, 0.0 minutes, 0.05257606506347656 seconds

Avg val. time: 0.0 hours, 0.0 minutes, 0.060011756420135495 seconds
Avg batch val. time: 0.004000783761342367 seconds
Avg sample val. time: 0.0005043004741187856 seconds
Epoch 36 Validation Summary: epoch: 36.000000 | loss: 1.639790 | accuracy: 0.369748 | precision: 0.360878 | 
Epoch 37 Training Summary: epoch: 37.000000 | loss: 0.990537 | 
Epoch runtime: 0.0 hours, 0.0 minutes, 1.4698827266693115 seconds

Avg epoch train. time: 0.0 hours, 0.0 minutes, 1.4560873121828646 seconds
Avg batch train. time: 0.010866323225245259 seconds
Avg sample train. time: 0.0013621022564853738 seconds
Epoch 38 Training Summary: epoch: 38.000000 | loss: 1.022241 | 
Epoch runtime: 0.0 hours, 0.0 minutes, 1.4192664623260498 seconds

Avg epoch train. time: 0.0 hours, 0.0 minutes, 1.4551183424497907 seconds
Avg batch train. time: 0.010859092107834258 seconds
Avg sample train. time: 0.0013611958301681859 seconds
Evaluating on validation set ...
Validation runtime: 0.0 hours, 0.0 minutes, 0.052646636962890625 seconds

Avg val. time: 0.0 hours, 0.0 minutes, 0.05966103644598098 seconds
Avg batch val. time: 0.003977402429732066 seconds
Avg sample val. time: 0.0005013532474452184 seconds
Epoch 38 Validation Summary: epoch: 38.000000 | loss: 1.552886 | accuracy: 0.403361 | precision: 0.385712 | 
Epoch 39 Training Summary: epoch: 39.000000 | loss: 1.004139 | 
Epoch runtime: 0.0 hours, 0.0 minutes, 1.4868013858795166 seconds

Avg epoch train. time: 0.0 hours, 0.0 minutes, 1.455930728178758 seconds
Avg batch train. time: 0.010865154687901179 seconds
Avg sample train. time: 0.0013619557794001477 seconds
Epoch 40 Training Summary: epoch: 40.000000 | loss: 1.014630 | 
Epoch runtime: 0.0 hours, 0.0 minutes, 1.5537605285644531 seconds

Avg epoch train. time: 0.0 hours, 0.0 minutes, 1.4583764731884004 seconds
Avg batch train. time: 0.010883406516331346 seconds
Avg sample train. time: 0.0013642436606065484 seconds
Evaluating on validation set ...
Validation runtime: 0.0 hours, 0.0 minutes, 0.050813913345336914 seconds

Avg val. time: 0.0 hours, 0.0 minutes, 0.059258894486860794 seconds
Avg batch val. time: 0.003950592965790719 seconds
Avg sample val. time: 0.000497973903250931 seconds
Epoch 40 Validation Summary: epoch: 40.000000 | loss: 1.654376 | accuracy: 0.361345 | precision: 0.417584 | 
Best accuracy was 0.47058823529411764. Other metrics: OrderedDict([('epoch', 12), ('loss', 1.4891780965468462), ('accuracy', 0.47058823529411764), ('precision', 0.49683804725821534)])
All Done!
Total runtime: 0.0 hours, 1.0 minutes, 15.38687252998352 seconds

