Running:
src/main_crosssetting.py --output_dir experiments --target_user Zeyu --user_othersetting ZeyuZoom --comment classification from Scratch --name VRS_fromScratch --records_file VRS_records.xls --data_dir /mnt/d/OneDrive - Southern Methodist University/Phone_Privacy/input_feature/opticalflow_22_downsample_480p_s22 --test_data_dir /mnt/d/OneDrive - Southern Methodist University/Phone_Privacy/input_feature/opticalflow_22_downsample_480p_s22 --data_class vrs --val_ratio 0.1 --epochs 40 --lr 0.001 --dropout 0.2 --batch_size 8 --num_layers 3 --num_heads 4 --optimizer RAdam --pos_encoding learnable --task classification --normalization none --key_metric accuracy

Using device: cuda
Loading and preprocessing data ...
1080 samples may be used for training
120 samples will be used for validation
0 samples will be used for testing
Creating model ...
Model:
TSTransformerEncoderClassiregressor(
  (project_inp): Linear(in_features=8, out_features=64, bias=True)
  (pos_enc): LearnablePositionalEncoding(
    (dropout): Dropout(p=0.2, inplace=False)
  )
  (transformer_encoder): TransformerEncoder(
    (layers): ModuleList(
      (0-2): 3 x TransformerBatchNormEncoderLayer(
        (self_attn): MultiheadAttention(
          (out_proj): NonDynamicallyQuantizableLinear(in_features=64, out_features=64, bias=True)
        )
        (linear1): Linear(in_features=64, out_features=256, bias=True)
        (dropout): Dropout(p=0.2, inplace=False)
        (linear2): Linear(in_features=256, out_features=64, bias=True)
        (norm1): BatchNorm1d(64, eps=1e-05, momentum=0.1, affine=True, track_running_stats=True)
        (norm2): BatchNorm1d(64, eps=1e-05, momentum=0.1, affine=True, track_running_stats=True)
        (dropout1): Dropout(p=0.2, inplace=False)
        (dropout2): Dropout(p=0.2, inplace=False)
      )
    )
  )
  (dropout1): Dropout(p=0.2, inplace=False)
  (output_layer): Linear(in_features=5120, out_features=5, bias=True)
)
Total number of parameters: 181253
Trainable parameters: 181253
Evaluating on validation set ...
Validation runtime: 0.0 hours, 0.0 minutes, 0.2486131191253662 seconds

Avg val. time: 0.0 hours, 0.0 minutes, 0.2486131191253662 seconds
Avg batch val. time: 0.01657420794169108 seconds
Avg sample val. time: 0.002071775992711385 seconds
Epoch 0 Validation Summary: epoch: 0.000000 | loss: 4.550484 | accuracy: 0.233333 | precision: 0.242958 | 
Starting training...
Epoch 1 Training Summary: epoch: 1.000000 | loss: 1.653685 | 
Epoch runtime: 0.0 hours, 0.0 minutes, 1.506197452545166 seconds

Avg epoch train. time: 0.0 hours, 0.0 minutes, 1.506197452545166 seconds
Avg batch train. time: 0.01115701816700123 seconds
Avg sample train. time: 0.0013946272708751538 seconds
Evaluating on validation set ...
Validation runtime: 0.0 hours, 0.0 minutes, 0.05089282989501953 seconds

Avg val. time: 0.0 hours, 0.0 minutes, 0.14975297451019287 seconds
Avg batch val. time: 0.009983531634012858 seconds
Avg sample val. time: 0.0012479414542516073 seconds
Epoch 1 Validation Summary: epoch: 1.000000 | loss: 1.635256 | accuracy: 0.241667 | precision: 0.330615 | 
Epoch 2 Training Summary: epoch: 2.000000 | loss: 1.634320 | 
Epoch runtime: 0.0 hours, 0.0 minutes, 1.5284130573272705 seconds

Avg epoch train. time: 0.0 hours, 0.0 minutes, 1.5173052549362183 seconds
Avg batch train. time: 0.011239298184712728 seconds
Avg sample train. time: 0.001404912273089091 seconds
Evaluating on validation set ...
Validation runtime: 0.0 hours, 0.0 minutes, 0.05267477035522461 seconds

Avg val. time: 0.0 hours, 0.0 minutes, 0.11739357312520345 seconds
Avg batch val. time: 0.007826238208346896 seconds
Avg sample val. time: 0.000978279776043362 seconds
Epoch 2 Validation Summary: epoch: 2.000000 | loss: 1.661127 | accuracy: 0.241667 | precision: 0.212354 | 
Epoch 3 Training Summary: epoch: 3.000000 | loss: 1.614299 | 
Epoch runtime: 0.0 hours, 0.0 minutes, 1.6936709880828857 seconds

Avg epoch train. time: 0.0 hours, 0.0 minutes, 1.5760938326517742 seconds
Avg batch train. time: 0.011674769130753883 seconds
Avg sample train. time: 0.0014593461413442354 seconds
Epoch 4 Training Summary: epoch: 4.000000 | loss: 1.599733 | 
Epoch runtime: 0.0 hours, 0.0 minutes, 1.4840710163116455 seconds

Avg epoch train. time: 0.0 hours, 0.0 minutes, 1.553088128566742 seconds
Avg batch train. time: 0.011504356507901792 seconds
Avg sample train. time: 0.001438044563487724 seconds
Evaluating on validation set ...
Validation runtime: 0.0 hours, 0.0 minutes, 0.05167412757873535 seconds

Avg val. time: 0.0 hours, 0.0 minutes, 0.10096371173858643 seconds
Avg batch val. time: 0.006730914115905762 seconds
Avg sample val. time: 0.0008413642644882202 seconds
Epoch 4 Validation Summary: epoch: 4.000000 | loss: 1.683248 | accuracy: 0.283333 | precision: 0.299020 | 
Epoch 5 Training Summary: epoch: 5.000000 | loss: 1.594576 | 
Epoch runtime: 0.0 hours, 0.0 minutes, 1.509683609008789 seconds

Avg epoch train. time: 0.0 hours, 0.0 minutes, 1.5444072246551515 seconds
Avg batch train. time: 0.011440053515964084 seconds
Avg sample train. time: 0.0014300066894955105 seconds
Epoch 6 Training Summary: epoch: 6.000000 | loss: 1.485873 | 
Epoch runtime: 0.0 hours, 0.0 minutes, 1.4934792518615723 seconds

Avg epoch train. time: 0.0 hours, 0.0 minutes, 1.535919229189555 seconds
Avg batch train. time: 0.011377179475478184 seconds
Avg sample train. time: 0.001422147434434773 seconds
Evaluating on validation set ...
Validation runtime: 0.0 hours, 0.0 minutes, 0.04886293411254883 seconds

Avg val. time: 0.0 hours, 0.0 minutes, 0.09054355621337891 seconds
Avg batch val. time: 0.0060362370808919276 seconds
Avg sample val. time: 0.0007545296351114909 seconds
Epoch 6 Validation Summary: epoch: 6.000000 | loss: 1.795381 | accuracy: 0.266667 | precision: 0.278104 | 
Epoch 7 Training Summary: epoch: 7.000000 | loss: 1.523753 | 
Epoch runtime: 0.0 hours, 0.0 minutes, 1.5650966167449951 seconds

Avg epoch train. time: 0.0 hours, 0.0 minutes, 1.5400874274117606 seconds
Avg batch train. time: 0.011408055017864894 seconds
Avg sample train. time: 0.0014260068772331117 seconds
Epoch 8 Training Summary: epoch: 8.000000 | loss: 1.456441 | 
Epoch runtime: 0.0 hours, 0.0 minutes, 1.4622306823730469 seconds

Avg epoch train. time: 0.0 hours, 0.0 minutes, 1.5303553342819214 seconds
Avg batch train. time: 0.011335965439125344 seconds
Avg sample train. time: 0.001416995679890668 seconds
Evaluating on validation set ...
Validation runtime: 0.0 hours, 0.0 minutes, 0.0505673885345459 seconds

Avg val. time: 0.0 hours, 0.0 minutes, 0.08388086160024007 seconds
Avg batch val. time: 0.005592057440016005 seconds
Avg sample val. time: 0.0006990071800020006 seconds
Epoch 8 Validation Summary: epoch: 8.000000 | loss: 1.639304 | accuracy: 0.316667 | precision: 0.322524 | 
Epoch 9 Training Summary: epoch: 9.000000 | loss: 1.415732 | 
Epoch runtime: 0.0 hours, 0.0 minutes, 1.6035401821136475 seconds

Avg epoch train. time: 0.0 hours, 0.0 minutes, 1.538486984041002 seconds
Avg batch train. time: 0.0113961998817852 seconds
Avg sample train. time: 0.00142452498522315 seconds
Epoch 10 Training Summary: epoch: 10.000000 | loss: 1.433986 | 
Epoch runtime: 0.0 hours, 0.0 minutes, 1.4716746807098389 seconds

Avg epoch train. time: 0.0 hours, 0.0 minutes, 1.5318057537078857 seconds
Avg batch train. time: 0.01134670928672508 seconds
Avg sample train. time: 0.001418338660840635 seconds
Evaluating on validation set ...
Validation runtime: 0.0 hours, 0.0 minutes, 0.04807090759277344 seconds

Avg val. time: 0.0 hours, 0.0 minutes, 0.0787651538848877 seconds
Avg batch val. time: 0.005251010258992513 seconds
Avg sample val. time: 0.0006563762823740641 seconds
Epoch 10 Validation Summary: epoch: 10.000000 | loss: 1.747955 | accuracy: 0.275000 | precision: 0.278037 | 
Epoch 11 Training Summary: epoch: 11.000000 | loss: 1.370162 | 
Epoch runtime: 0.0 hours, 0.0 minutes, 1.4131031036376953 seconds

Avg epoch train. time: 0.0 hours, 0.0 minutes, 1.5210146037015049 seconds
Avg batch train. time: 0.01126677484223337 seconds
Avg sample train. time: 0.0014083468552791713 seconds
Epoch 12 Training Summary: epoch: 12.000000 | loss: 1.347870 | 
Epoch runtime: 0.0 hours, 0.0 minutes, 1.7640750408172607 seconds

Avg epoch train. time: 0.0 hours, 0.0 minutes, 1.5412696401278179 seconds
Avg batch train. time: 0.011416812149094947 seconds
Avg sample train. time: 0.0014271015186368683 seconds
Evaluating on validation set ...
Validation runtime: 0.0 hours, 0.0 minutes, 0.053894758224487305 seconds

Avg val. time: 0.0 hours, 0.0 minutes, 0.07565635442733765 seconds
Avg batch val. time: 0.00504375696182251 seconds
Avg sample val. time: 0.0006304696202278137 seconds
Epoch 12 Validation Summary: epoch: 12.000000 | loss: 1.639752 | accuracy: 0.308333 | precision: 0.302738 | 
Epoch 13 Training Summary: epoch: 13.000000 | loss: 1.328384 | 
Epoch runtime: 0.0 hours, 0.0 minutes, 1.3782877922058105 seconds

Avg epoch train. time: 0.0 hours, 0.0 minutes, 1.528732574903048 seconds
Avg batch train. time: 0.011323944999281837 seconds
Avg sample train. time: 0.0014154931249102296 seconds
Epoch 14 Training Summary: epoch: 14.000000 | loss: 1.298100 | 
Epoch runtime: 0.0 hours, 0.0 minutes, 1.468872308731079 seconds

Avg epoch train. time: 0.0 hours, 0.0 minutes, 1.5244568416050501 seconds
Avg batch train. time: 0.011292272900778149 seconds
Avg sample train. time: 0.0014115341125972686 seconds
Evaluating on validation set ...
Validation runtime: 0.0 hours, 0.0 minutes, 0.053557634353637695 seconds

Avg val. time: 0.0 hours, 0.0 minutes, 0.07320094108581543 seconds
Avg batch val. time: 0.004880062739054362 seconds
Avg sample val. time: 0.0006100078423817953 seconds
Epoch 14 Validation Summary: epoch: 14.000000 | loss: 1.861143 | accuracy: 0.308333 | precision: 0.333369 | 
Epoch 15 Training Summary: epoch: 15.000000 | loss: 1.283373 | 
Epoch runtime: 0.0 hours, 0.0 minutes, 1.4303693771362305 seconds

Avg epoch train. time: 0.0 hours, 0.0 minutes, 1.5181843439737956 seconds
Avg batch train. time: 0.011245809955361449 seconds
Avg sample train. time: 0.001405726244420181 seconds
Epoch 16 Training Summary: epoch: 16.000000 | loss: 1.217233 | 
Epoch runtime: 0.0 hours, 0.0 minutes, 1.4595105648040771 seconds

Avg epoch train. time: 0.0 hours, 0.0 minutes, 1.5145172327756882 seconds
Avg batch train. time: 0.011218646168708801 seconds
Avg sample train. time: 0.0014023307710886001 seconds
Evaluating on validation set ...
Validation runtime: 0.0 hours, 0.0 minutes, 0.049759626388549805 seconds

Avg val. time: 0.0 hours, 0.0 minutes, 0.07085680961608887 seconds
Avg batch val. time: 0.004723787307739258 seconds
Avg sample val. time: 0.0005904734134674072 seconds
Epoch 16 Validation Summary: epoch: 16.000000 | loss: 1.794281 | accuracy: 0.291667 | precision: 0.288720 | 
Epoch 17 Training Summary: epoch: 17.000000 | loss: 1.236452 | 
Epoch runtime: 0.0 hours, 0.0 minutes, 1.3896443843841553 seconds

Avg epoch train. time: 0.0 hours, 0.0 minutes, 1.507171771105598 seconds
Avg batch train. time: 0.011164235341522949 seconds
Avg sample train. time: 0.0013955294176903686 seconds
Epoch 18 Training Summary: epoch: 18.000000 | loss: 1.179625 | 
Epoch runtime: 0.0 hours, 0.0 minutes, 1.4141364097595215 seconds

Avg epoch train. time: 0.0 hours, 0.0 minutes, 1.502003139919705 seconds
Avg batch train. time: 0.011125949184590407 seconds
Avg sample train. time: 0.0013907436480738008 seconds
Evaluating on validation set ...
Validation runtime: 0.0 hours, 0.0 minutes, 0.050581932067871094 seconds

Avg val. time: 0.0 hours, 0.0 minutes, 0.06901363892988725 seconds
Avg batch val. time: 0.0046009092619924835 seconds
Avg sample val. time: 0.0005751136577490604 seconds
Epoch 18 Validation Summary: epoch: 18.000000 | loss: 1.792508 | accuracy: 0.300000 | precision: 0.298005 | 
Epoch 19 Training Summary: epoch: 19.000000 | loss: 1.157488 | 
Epoch runtime: 0.0 hours, 0.0 minutes, 1.429560899734497 seconds

Avg epoch train. time: 0.0 hours, 0.0 minutes, 1.4981903904362728 seconds
Avg batch train. time: 0.011097706595824243 seconds
Avg sample train. time: 0.0013872133244780304 seconds
Epoch 20 Training Summary: epoch: 20.000000 | loss: 1.136470 | 
Epoch runtime: 0.0 hours, 0.0 minutes, 1.536755084991455 seconds

Avg epoch train. time: 0.0 hours, 0.0 minutes, 1.500118625164032 seconds
Avg batch train. time: 0.011111989816029866 seconds
Avg sample train. time: 0.0013889987270037333 seconds
Evaluating on validation set ...
Validation runtime: 0.0 hours, 0.0 minutes, 0.045668840408325195 seconds

Avg val. time: 0.0 hours, 0.0 minutes, 0.06706823905309041 seconds
Avg batch val. time: 0.004471215936872694 seconds
Avg sample val. time: 0.0005589019921090867 seconds
Epoch 20 Validation Summary: epoch: 20.000000 | loss: 1.875862 | accuracy: 0.341667 | precision: 0.342200 | 
Epoch 21 Training Summary: epoch: 21.000000 | loss: 1.140471 | 
Epoch runtime: 0.0 hours, 0.0 minutes, 1.5608417987823486 seconds

Avg epoch train. time: 0.0 hours, 0.0 minutes, 1.5030102048601424 seconds
Avg batch train. time: 0.011133408924889943 seconds
Avg sample train. time: 0.001391676115611243 seconds
Epoch 22 Training Summary: epoch: 22.000000 | loss: 1.117245 | 
Epoch runtime: 0.0 hours, 0.0 minutes, 1.5394680500030518 seconds

Avg epoch train. time: 0.0 hours, 0.0 minutes, 1.5046673796393655 seconds
Avg batch train. time: 0.01114568429362493 seconds
Avg sample train. time: 0.0013932105367031162 seconds
Evaluating on validation set ...
Validation runtime: 0.0 hours, 0.0 minutes, 0.055135488510131836 seconds

Avg val. time: 0.0 hours, 0.0 minutes, 0.06615033516517052 seconds
Avg batch val. time: 0.004410022344344702 seconds
Avg sample val. time: 0.0005512527930430877 seconds
Epoch 22 Validation Summary: epoch: 22.000000 | loss: 2.121039 | accuracy: 0.266667 | precision: 0.260177 | 
Epoch 23 Training Summary: epoch: 23.000000 | loss: 1.104746 | 
Epoch runtime: 0.0 hours, 0.0 minutes, 1.9696853160858154 seconds

Avg epoch train. time: 0.0 hours, 0.0 minutes, 1.5248855507892112 seconds
Avg batch train. time: 0.011295448524364527 seconds
Avg sample train. time: 0.0014119310655455659 seconds
Epoch 24 Training Summary: epoch: 24.000000 | loss: 1.039432 | 
Epoch runtime: 0.0 hours, 0.0 minutes, 1.558415412902832 seconds

Avg epoch train. time: 0.0 hours, 0.0 minutes, 1.5262826283772786 seconds
Avg batch train. time: 0.0113057972472391 seconds
Avg sample train. time: 0.0014132246559048875 seconds
Evaluating on validation set ...
Validation runtime: 0.0 hours, 0.0 minutes, 0.04582858085632324 seconds

Avg val. time: 0.0 hours, 0.0 minutes, 0.06469878128596715 seconds
Avg batch val. time: 0.004313252085731144 seconds
Avg sample val. time: 0.000539156510716393 seconds
Epoch 24 Validation Summary: epoch: 24.000000 | loss: 1.889946 | accuracy: 0.333333 | precision: 0.351096 | 
Epoch 25 Training Summary: epoch: 25.000000 | loss: 1.072621 | 
Epoch runtime: 0.0 hours, 0.0 minutes, 1.3248651027679443 seconds

Avg epoch train. time: 0.0 hours, 0.0 minutes, 1.5182259273529053 seconds
Avg batch train. time: 0.01124611798039189 seconds
Avg sample train. time: 0.0014057647475489864 seconds
Epoch 26 Training Summary: epoch: 26.000000 | loss: 1.045922 | 
Epoch runtime: 0.0 hours, 0.0 minutes, 1.4695501327514648 seconds

Avg epoch train. time: 0.0 hours, 0.0 minutes, 1.516353781406696 seconds
Avg batch train. time: 0.011232250232642193 seconds
Avg sample train. time: 0.0014040312790802741 seconds
Evaluating on validation set ...
Validation runtime: 0.0 hours, 0.0 minutes, 0.05662798881530762 seconds

Avg val. time: 0.0 hours, 0.0 minutes, 0.06416072845458984 seconds
Avg batch val. time: 0.004277381896972656 seconds
Avg sample val. time: 0.000534672737121582 seconds
Epoch 26 Validation Summary: epoch: 26.000000 | loss: 2.063936 | accuracy: 0.308333 | precision: 0.332193 | 
Epoch 27 Training Summary: epoch: 27.000000 | loss: 0.976408 | 
Epoch runtime: 0.0 hours, 0.0 minutes, 1.863647699356079 seconds

Avg epoch train. time: 0.0 hours, 0.0 minutes, 1.529216519108525 seconds
Avg batch train. time: 0.01132752977117426 seconds
Avg sample train. time: 0.0014159412213967824 seconds
Epoch 28 Training Summary: epoch: 28.000000 | loss: 0.961993 | 
Epoch runtime: 0.0 hours, 0.0 minutes, 1.8862385749816895 seconds

Avg epoch train. time: 0.0 hours, 0.0 minutes, 1.5419673068182809 seconds
Avg batch train. time: 0.011421980050505784 seconds
Avg sample train. time: 0.001427747506313223 seconds
Evaluating on validation set ...
Validation runtime: 0.0 hours, 0.0 minutes, 0.059056997299194336 seconds

Avg val. time: 0.0 hours, 0.0 minutes, 0.06384174525737762 seconds
Avg batch val. time: 0.004256116350491842 seconds
Avg sample val. time: 0.0005320145438114803 seconds
Epoch 28 Validation Summary: epoch: 28.000000 | loss: 2.057249 | accuracy: 0.300000 | precision: 0.320620 | 
Epoch 29 Training Summary: epoch: 29.000000 | loss: 0.962153 | 
Epoch runtime: 0.0 hours, 0.0 minutes, 1.652294397354126 seconds

Avg epoch train. time: 0.0 hours, 0.0 minutes, 1.5457716892505515 seconds
Avg batch train. time: 0.011450160661115196 seconds
Avg sample train. time: 0.0014312700826393996 seconds
Epoch 30 Training Summary: epoch: 30.000000 | loss: 0.924113 | 
Epoch runtime: 0.0 hours, 0.0 minutes, 1.4588744640350342 seconds

Avg epoch train. time: 0.0 hours, 0.0 minutes, 1.5428751150767008 seconds
Avg batch train. time: 0.01142870455612371 seconds
Avg sample train. time: 0.0014285880695154636 seconds
Evaluating on validation set ...
Validation runtime: 0.0 hours, 0.0 minutes, 0.048799991607666016 seconds

Avg val. time: 0.0 hours, 0.0 minutes, 0.06295693621915929 seconds
Avg batch val. time: 0.004197129081277286 seconds
Avg sample val. time: 0.0005246411351596608 seconds
Epoch 30 Validation Summary: epoch: 30.000000 | loss: 2.275176 | accuracy: 0.216667 | precision: 0.219982 | 
Epoch 31 Training Summary: epoch: 31.000000 | loss: 0.885996 | 
Epoch runtime: 0.0 hours, 0.0 minutes, 1.3602371215820312 seconds

Avg epoch train. time: 0.0 hours, 0.0 minutes, 1.5369835668994534 seconds
Avg batch train. time: 0.011385063458514469 seconds
Avg sample train. time: 0.0014231329323143086 seconds
Epoch 32 Training Summary: epoch: 32.000000 | loss: 0.899380 | 
Epoch runtime: 0.0 hours, 0.0 minutes, 1.3327584266662598 seconds

Avg epoch train. time: 0.0 hours, 0.0 minutes, 1.5306015312671661 seconds
Avg batch train. time: 0.011337789120497528 seconds
Avg sample train. time: 0.001417223640062191 seconds
Evaluating on validation set ...
Validation runtime: 0.0 hours, 0.0 minutes, 0.049997568130493164 seconds

Avg val. time: 0.0 hours, 0.0 minutes, 0.06223697132534451 seconds
Avg batch val. time: 0.004149131421689634 seconds
Avg sample val. time: 0.0005186414277112043 seconds
Epoch 32 Validation Summary: epoch: 32.000000 | loss: 2.344053 | accuracy: 0.366667 | precision: 0.375919 | 
Epoch 33 Training Summary: epoch: 33.000000 | loss: 0.899099 | 
Epoch runtime: 0.0 hours, 0.0 minutes, 1.5508365631103516 seconds

Avg epoch train. time: 0.0 hours, 0.0 minutes, 1.531214714050293 seconds
Avg batch train. time: 0.011342331215187355 seconds
Avg sample train. time: 0.0014177914018984193 seconds
Epoch 34 Training Summary: epoch: 34.000000 | loss: 0.895544 | 
Epoch runtime: 0.0 hours, 0.0 minutes, 1.8002028465270996 seconds

Avg epoch train. time: 0.0 hours, 0.0 minutes, 1.5391261297113754 seconds
Avg batch train. time: 0.011400934294158336 seconds
Avg sample train. time: 0.001425116786769792 seconds
Evaluating on validation set ...
Validation runtime: 0.0 hours, 0.0 minutes, 0.06601262092590332 seconds

Avg val. time: 0.0 hours, 0.0 minutes, 0.06243568972537392 seconds
Avg batch val. time: 0.004162379315024928 seconds
Avg sample val. time: 0.000520297414378116 seconds
Epoch 34 Validation Summary: epoch: 34.000000 | loss: 2.278977 | accuracy: 0.275000 | precision: 0.311347 | 
Epoch 35 Training Summary: epoch: 35.000000 | loss: 0.835615 | 
Epoch runtime: 0.0 hours, 0.0 minutes, 1.8769521713256836 seconds

Avg epoch train. time: 0.0 hours, 0.0 minutes, 1.5487783023289272 seconds
Avg batch train. time: 0.011472431869103164 seconds
Avg sample train. time: 0.0014340539836378955 seconds
Epoch 36 Training Summary: epoch: 36.000000 | loss: 0.891326 | 
Epoch runtime: 0.0 hours, 0.0 minutes, 1.6526846885681152 seconds

Avg epoch train. time: 0.0 hours, 0.0 minutes, 1.5516645908355713 seconds
Avg batch train. time: 0.011493811783967195 seconds
Avg sample train. time: 0.0014367264729958993 seconds
Evaluating on validation set ...
Validation runtime: 0.0 hours, 0.0 minutes, 0.04924464225769043 seconds

Avg val. time: 0.0 hours, 0.0 minutes, 0.061776137351989745 seconds
Avg batch val. time: 0.0041184091567993165 seconds
Avg sample val. time: 0.0005148011445999146 seconds
Epoch 36 Validation Summary: epoch: 36.000000 | loss: 2.244398 | accuracy: 0.250000 | precision: 0.268441 | 
Epoch 37 Training Summary: epoch: 37.000000 | loss: 0.800652 | 
Epoch runtime: 0.0 hours, 0.0 minutes, 1.7730941772460938 seconds

Avg epoch train. time: 0.0 hours, 0.0 minutes, 1.557649174252072 seconds
Avg batch train. time: 0.011538142031496829 seconds
Avg sample train. time: 0.0014422677539371036 seconds
Epoch 38 Training Summary: epoch: 38.000000 | loss: 0.873907 | 
Epoch runtime: 0.0 hours, 0.0 minutes, 1.799252986907959 seconds

Avg epoch train. time: 0.0 hours, 0.0 minutes, 1.5640071693219637 seconds
Avg batch train. time: 0.011585238291273805 seconds
Avg sample train. time: 0.0014481547864092256 seconds
Evaluating on validation set ...
Validation runtime: 0.0 hours, 0.0 minutes, 0.0475921630859375 seconds

Avg val. time: 0.0 hours, 0.0 minutes, 0.061100710005987255 seconds
Avg batch val. time: 0.004073380667065817 seconds
Avg sample val. time: 0.0005091725833832272 seconds
Epoch 38 Validation Summary: epoch: 38.000000 | loss: 2.195108 | accuracy: 0.300000 | precision: 0.290395 | 
Epoch 39 Training Summary: epoch: 39.000000 | loss: 0.826535 | 
Epoch runtime: 0.0 hours, 0.0 minutes, 1.4868454933166504 seconds

Avg epoch train. time: 0.0 hours, 0.0 minutes, 1.562028664809007 seconds
Avg batch train. time: 0.01157058270228894 seconds
Avg sample train. time: 0.0014463228377861175 seconds
Epoch 40 Training Summary: epoch: 40.000000 | loss: 0.827914 | 
Epoch runtime: 0.0 hours, 0.0 minutes, 1.3975658416748047 seconds

Avg epoch train. time: 0.0 hours, 0.0 minutes, 1.557917094230652 seconds
Avg batch train. time: 0.011540126623930756 seconds
Avg sample train. time: 0.0014425158279913444 seconds
Evaluating on validation set ...
Validation runtime: 0.0 hours, 0.0 minutes, 0.04673600196838379 seconds

Avg val. time: 0.0 hours, 0.0 minutes, 0.060447768731550736 seconds
Avg batch val. time: 0.004029851248770049 seconds
Avg sample val. time: 0.0005037314060962561 seconds
Epoch 40 Validation Summary: epoch: 40.000000 | loss: 2.229424 | accuracy: 0.258333 | precision: 0.286305 | 
Best accuracy was 0.36666666666666664. Other metrics: OrderedDict([('epoch', 32), ('loss', 2.344052712122599), ('accuracy', 0.36666666666666664), ('precision', 0.3759189086775294)])
All Done!
Total runtime: 0.0 hours, 1.0 minutes, 14.829482793807983 seconds

