Running:
src/main_5q.py --output_dir experiments --comment classification from Scratch --name VRS_fromScratch --records_file VRS_records.xls --data_dir /mnt/d/OneDrive - Southern Methodist University/Phone_Privacy/input_feature/all_norm_downsample_480p_s22 --data_class vrs --val_ratio 0.1 --epochs 40 --lr 0.001 --dropout 0.2 --batch_size 8 --num_layers 3 --num_heads 4 --optimizer RAdam --pos_encoding learnable --task classification --normalization none --key_metric accuracy

Using device: cuda
Loading and preprocessing data ...
204 samples may be used for training
23 samples will be used for validation
0 samples will be used for testing
Creating model ...
Model:
TSTransformerEncoderClassiregressor(
  (project_inp): Linear(in_features=39, out_features=64, bias=True)
  (pos_enc): LearnablePositionalEncoding(
    (dropout): Dropout(p=0.2, inplace=False)
  )
  (transformer_encoder): TransformerEncoder(
    (layers): ModuleList(
      (0-2): 3 x TransformerBatchNormEncoderLayer(
        (self_attn): MultiheadAttention(
          (out_proj): NonDynamicallyQuantizableLinear(in_features=64, out_features=64, bias=True)
        )
        (linear1): Linear(in_features=64, out_features=256, bias=True)
        (dropout): Dropout(p=0.2, inplace=False)
        (linear2): Linear(in_features=256, out_features=64, bias=True)
        (norm1): BatchNorm1d(64, eps=1e-05, momentum=0.1, affine=True, track_running_stats=True)
        (norm2): BatchNorm1d(64, eps=1e-05, momentum=0.1, affine=True, track_running_stats=True)
        (dropout1): Dropout(p=0.2, inplace=False)
        (dropout2): Dropout(p=0.2, inplace=False)
      )
    )
  )
  (dropout1): Dropout(p=0.2, inplace=False)
  (output_layer): Linear(in_features=5120, out_features=5, bias=True)
)
Total number of parameters: 183237
Trainable parameters: 183237
Evaluating on validation set ...
Validation runtime: 0.0 hours, 0.0 minutes, 0.2252192497253418 seconds

Avg val. time: 0.0 hours, 0.0 minutes, 0.2252192497253418 seconds
Avg batch val. time: 0.0750730832417806 seconds
Avg sample val. time: 0.009792141292406164 seconds
Epoch 0 Validation Summary: epoch: 0.000000 | loss: 3.539315 | accuracy: 0.217391 | precision: 0.217391 | 
Starting training...
Epoch 1 Training Summary: epoch: 1.000000 | loss: 1.687999 | 
Epoch runtime: 0.0 hours, 0.0 minutes, 0.4766085147857666 seconds

Avg epoch train. time: 0.0 hours, 0.0 minutes, 0.4766085147857666 seconds
Avg batch train. time: 0.018331096722529486 seconds
Avg sample train. time: 0.002336316248949836 seconds
Evaluating on validation set ...
Validation runtime: 0.0 hours, 0.0 minutes, 0.01541757583618164 seconds

Avg val. time: 0.0 hours, 0.0 minutes, 0.12031841278076172 seconds
Avg batch val. time: 0.04010613759358724 seconds
Avg sample val. time: 0.005231235338293988 seconds
Epoch 1 Validation Summary: epoch: 1.000000 | loss: 1.645844 | accuracy: 0.130435 | precision: 0.101343 | 
Epoch 2 Training Summary: epoch: 2.000000 | loss: 1.681981 | 
Epoch runtime: 0.0 hours, 0.0 minutes, 0.31644773483276367 seconds

Avg epoch train. time: 0.0 hours, 0.0 minutes, 0.39652812480926514 seconds
Avg batch train. time: 0.015251081723433275 seconds
Avg sample train. time: 0.0019437653176924761 seconds
Evaluating on validation set ...
Validation runtime: 0.0 hours, 0.0 minutes, 0.014855384826660156 seconds

Avg val. time: 0.0 hours, 0.0 minutes, 0.08516407012939453 seconds
Avg batch val. time: 0.028388023376464844 seconds
Avg sample val. time: 0.0037027856577997622 seconds
Epoch 2 Validation Summary: epoch: 2.000000 | loss: 1.642013 | accuracy: 0.173913 | precision: 0.137037 | 
Epoch 3 Training Summary: epoch: 3.000000 | loss: 1.644182 | 
Epoch runtime: 0.0 hours, 0.0 minutes, 0.3251988887786865 seconds

Avg epoch train. time: 0.0 hours, 0.0 minutes, 0.37275171279907227 seconds
Avg batch train. time: 0.014336604338425856 seconds
Avg sample train. time: 0.0018272142784268247 seconds
Epoch 4 Training Summary: epoch: 4.000000 | loss: 1.698758 | 
Epoch runtime: 0.0 hours, 0.0 minutes, 0.3006260395050049 seconds

Avg epoch train. time: 0.0 hours, 0.0 minutes, 0.3547202944755554 seconds
Avg batch train. time: 0.013643088249059824 seconds
Avg sample train. time: 0.0017388249729193893 seconds
Evaluating on validation set ...
Validation runtime: 0.0 hours, 0.0 minutes, 0.014776229858398438 seconds

Avg val. time: 0.0 hours, 0.0 minutes, 0.06756711006164551 seconds
Avg batch val. time: 0.022522370020548504 seconds
Avg sample val. time: 0.002937700437462848 seconds
Epoch 4 Validation Summary: epoch: 4.000000 | loss: 1.598460 | accuracy: 0.260870 | precision: 0.209105 | 
Epoch 5 Training Summary: epoch: 5.000000 | loss: 1.665593 | 
Epoch runtime: 0.0 hours, 0.0 minutes, 0.28634047508239746 seconds

Avg epoch train. time: 0.0 hours, 0.0 minutes, 0.34104433059692385 seconds
Avg batch train. time: 0.013117089638343226 seconds
Avg sample train. time: 0.0016717859342986463 seconds
Epoch 6 Training Summary: epoch: 6.000000 | loss: 1.661464 | 
Epoch runtime: 0.0 hours, 0.0 minutes, 0.29810595512390137 seconds

Avg epoch train. time: 0.0 hours, 0.0 minutes, 0.3338879346847534 seconds
Avg batch train. time: 0.012841843641721286 seconds
Avg sample train. time: 0.0016367055621801638 seconds
Evaluating on validation set ...
Validation runtime: 0.0 hours, 0.0 minutes, 0.013571500778198242 seconds

Avg val. time: 0.0 hours, 0.0 minutes, 0.05676798820495606 seconds
Avg batch val. time: 0.018922662734985354 seconds
Avg sample val. time: 0.0024681734002154807 seconds
Epoch 6 Validation Summary: epoch: 6.000000 | loss: 1.599131 | accuracy: 0.173913 | precision: 0.234962 | 
Epoch 7 Training Summary: epoch: 7.000000 | loss: 1.637263 | 
Epoch runtime: 0.0 hours, 0.0 minutes, 0.29671812057495117 seconds

Avg epoch train. time: 0.0 hours, 0.0 minutes, 0.32857796124049593 seconds
Avg batch train. time: 0.012637613893865227 seconds
Avg sample train. time: 0.0016106762805906663 seconds
Epoch 8 Training Summary: epoch: 8.000000 | loss: 1.630332 | 
Epoch runtime: 0.0 hours, 0.0 minutes, 0.28877735137939453 seconds

Avg epoch train. time: 0.0 hours, 0.0 minutes, 0.3236028850078583 seconds
Avg batch train. time: 0.012446264807994548 seconds
Avg sample train. time: 0.0015862886519993052 seconds
Evaluating on validation set ...
Validation runtime: 0.0 hours, 0.0 minutes, 0.01449728012084961 seconds

Avg val. time: 0.0 hours, 0.0 minutes, 0.049722870190938316 seconds
Avg batch val. time: 0.016574290063646104 seconds
Avg sample val. time: 0.0021618639213451443 seconds
Epoch 8 Validation Summary: epoch: 8.000000 | loss: 1.599384 | accuracy: 0.260870 | precision: 0.231481 | 
Epoch 9 Training Summary: epoch: 9.000000 | loss: 1.603845 | 
Epoch runtime: 0.0 hours, 0.0 minutes, 0.2859373092651367 seconds

Avg epoch train. time: 0.0 hours, 0.0 minutes, 0.3194178210364448 seconds
Avg batch train. time: 0.01228530080909403 seconds
Avg sample train. time: 0.0015657736325315921 seconds
Epoch 10 Training Summary: epoch: 10.000000 | loss: 1.601749 | 
Epoch runtime: 0.0 hours, 0.0 minutes, 0.27831196784973145 seconds

Avg epoch train. time: 0.0 hours, 0.0 minutes, 0.3153072357177734 seconds
Avg batch train. time: 0.012127201373760516 seconds
Avg sample train. time: 0.0015456237044988892 seconds
Evaluating on validation set ...
Validation runtime: 0.0 hours, 0.0 minutes, 0.014974832534790039 seconds

Avg val. time: 0.0 hours, 0.0 minutes, 0.04475886481148856 seconds
Avg batch val. time: 0.01491962160382952 seconds
Avg sample val. time: 0.0019460376004995026 seconds
Epoch 10 Validation Summary: epoch: 10.000000 | loss: 1.638658 | accuracy: 0.217391 | precision: 0.259259 | 
Epoch 11 Training Summary: epoch: 11.000000 | loss: 1.550152 | 
Epoch runtime: 0.0 hours, 0.0 minutes, 0.2803831100463867 seconds

Avg epoch train. time: 0.0 hours, 0.0 minutes, 0.3121323152021928 seconds
Avg batch train. time: 0.012005089046238185 seconds
Avg sample train. time: 0.0015300603686382 seconds
Epoch 12 Training Summary: epoch: 12.000000 | loss: 1.524859 | 
Epoch runtime: 0.0 hours, 0.0 minutes, 0.280102014541626 seconds

Avg epoch train. time: 0.0 hours, 0.0 minutes, 0.30946312348047894 seconds
Avg batch train. time: 0.011902427826172266 seconds
Avg sample train. time: 0.0015169760954925437 seconds
Evaluating on validation set ...
Validation runtime: 0.0 hours, 0.0 minutes, 0.01488804817199707 seconds

Avg val. time: 0.0 hours, 0.0 minutes, 0.041025012731552124 seconds
Avg batch val. time: 0.013675004243850708 seconds
Avg sample val. time: 0.0017836962057196577 seconds
Epoch 12 Validation Summary: epoch: 12.000000 | loss: 1.569424 | accuracy: 0.347826 | precision: 0.472503 | 
Epoch 13 Training Summary: epoch: 13.000000 | loss: 1.570143 | 
Epoch runtime: 0.0 hours, 0.0 minutes, 0.29125547409057617 seconds

Avg epoch train. time: 0.0 hours, 0.0 minutes, 0.308062535065871 seconds
Avg batch train. time: 0.011848559040995039 seconds
Avg sample train. time: 0.0015101104660091716 seconds
Epoch 14 Training Summary: epoch: 14.000000 | loss: 1.414016 | 
Epoch runtime: 0.0 hours, 0.0 minutes, 0.2993428707122803 seconds

Avg epoch train. time: 0.0 hours, 0.0 minutes, 0.3074397018977574 seconds
Avg batch train. time: 0.011824603919144515 seconds
Avg sample train. time: 0.0015070573622439087 seconds
Evaluating on validation set ...
Validation runtime: 0.0 hours, 0.0 minutes, 0.013455629348754883 seconds

Avg val. time: 0.0 hours, 0.0 minutes, 0.03796174791124132 seconds
Avg batch val. time: 0.012653915970413774 seconds
Avg sample val. time: 0.0016505107787496227 seconds
Epoch 14 Validation Summary: epoch: 14.000000 | loss: 1.431139 | accuracy: 0.391304 | precision: 0.397321 | 
Epoch 15 Training Summary: epoch: 15.000000 | loss: 1.434425 | 
Epoch runtime: 0.0 hours, 0.0 minutes, 0.2800407409667969 seconds

Avg epoch train. time: 0.0 hours, 0.0 minutes, 0.30561310450236 seconds
Avg batch train. time: 0.011754350173167692 seconds
Avg sample train. time: 0.0014981034534429412 seconds
Epoch 16 Training Summary: epoch: 16.000000 | loss: 1.380286 | 
Epoch runtime: 0.0 hours, 0.0 minutes, 0.29310035705566406 seconds

Avg epoch train. time: 0.0 hours, 0.0 minutes, 0.30483105778694153 seconds
Avg batch train. time: 0.011724271453343905 seconds
Avg sample train. time: 0.0014942698911124585 seconds
Evaluating on validation set ...
Validation runtime: 0.0 hours, 0.0 minutes, 0.013768911361694336 seconds

Avg val. time: 0.0 hours, 0.0 minutes, 0.03554246425628662 seconds
Avg batch val. time: 0.011847488085428874 seconds
Avg sample val. time: 0.001545324532882027 seconds
Epoch 16 Validation Summary: epoch: 16.000000 | loss: 1.427500 | accuracy: 0.434783 | precision: 0.323633 | 
Epoch 17 Training Summary: epoch: 17.000000 | loss: 1.274766 | 
Epoch runtime: 0.0 hours, 0.0 minutes, 0.2844874858856201 seconds

Avg epoch train. time: 0.0 hours, 0.0 minutes, 0.3036343770868638 seconds
Avg batch train. time: 0.011678245272571684 seconds
Avg sample train. time: 0.0014884038092493324 seconds
Epoch 18 Training Summary: epoch: 18.000000 | loss: 1.274322 | 
Epoch runtime: 0.0 hours, 0.0 minutes, 0.28138017654418945 seconds

Avg epoch train. time: 0.0 hours, 0.0 minutes, 0.3023980326122708 seconds
Avg batch train. time: 0.011630693562010415 seconds
Avg sample train. time: 0.0014823432971189743 seconds
Evaluating on validation set ...
Validation runtime: 0.0 hours, 0.0 minutes, 0.013693094253540039 seconds

Avg val. time: 0.0 hours, 0.0 minutes, 0.033556157892400566 seconds
Avg batch val. time: 0.011185385964133522 seconds
Avg sample val. time: 0.0014589633866261115 seconds
Epoch 18 Validation Summary: epoch: 18.000000 | loss: 1.446355 | accuracy: 0.434783 | precision: 0.452899 | 
Epoch 19 Training Summary: epoch: 19.000000 | loss: 1.204333 | 
Epoch runtime: 0.0 hours, 0.0 minutes, 0.29427266120910645 seconds

Avg epoch train. time: 0.0 hours, 0.0 minutes, 0.3019703814857884 seconds
Avg batch train. time: 0.011614245441761093 seconds
Avg sample train. time: 0.0014802469680675902 seconds
Epoch 20 Training Summary: epoch: 20.000000 | loss: 1.074094 | 
Epoch runtime: 0.0 hours, 0.0 minutes, 0.2961289882659912 seconds

Avg epoch train. time: 0.0 hours, 0.0 minutes, 0.3016783118247986 seconds
Avg batch train. time: 0.011603011993261485 seconds
Avg sample train. time: 0.0014788152540431304 seconds
Evaluating on validation set ...
Validation runtime: 0.0 hours, 0.0 minutes, 0.014791250228881836 seconds

Avg val. time: 0.0 hours, 0.0 minutes, 0.03199241558710734 seconds
Avg batch val. time: 0.010664138529035779 seconds
Avg sample val. time: 0.0013909745907437973 seconds
Epoch 20 Validation Summary: epoch: 20.000000 | loss: 1.480321 | accuracy: 0.347826 | precision: 0.339545 | 
Epoch 21 Training Summary: epoch: 21.000000 | loss: 1.121424 | 
Epoch runtime: 0.0 hours, 0.0 minutes, 0.3018043041229248 seconds

Avg epoch train. time: 0.0 hours, 0.0 minutes, 0.3016843114580427 seconds
Avg batch train. time: 0.011603242748386257 seconds
Avg sample train. time: 0.0014788446640100132 seconds
Epoch 22 Training Summary: epoch: 22.000000 | loss: 0.992456 | 
Epoch runtime: 0.0 hours, 0.0 minutes, 0.31497812271118164 seconds

Avg epoch train. time: 0.0 hours, 0.0 minutes, 0.30228857560591266 seconds
Avg batch train. time: 0.011626483677150487 seconds
Avg sample train. time: 0.0014818067431662384 seconds
Evaluating on validation set ...
Validation runtime: 0.0 hours, 0.0 minutes, 0.01671433448791504 seconds

Avg val. time: 0.0 hours, 0.0 minutes, 0.030817178579477165 seconds
Avg batch val. time: 0.010272392859825721 seconds
Avg sample val. time: 0.0013398773295424855 seconds
Epoch 22 Validation Summary: epoch: 22.000000 | loss: 1.445405 | accuracy: 0.434783 | precision: 0.422306 | 
Epoch 23 Training Summary: epoch: 23.000000 | loss: 0.916057 | 
Epoch runtime: 0.0 hours, 0.0 minutes, 0.33138108253479004 seconds

Avg epoch train. time: 0.0 hours, 0.0 minutes, 0.303553467211516 seconds
Avg batch train. time: 0.011675133354289076 seconds
Avg sample train. time: 0.0014880071922133136 seconds
Epoch 24 Training Summary: epoch: 24.000000 | loss: 0.900677 | 
Epoch runtime: 0.0 hours, 0.0 minutes, 0.3219566345214844 seconds

Avg epoch train. time: 0.0 hours, 0.0 minutes, 0.30432026584943134 seconds
Avg batch train. time: 0.011704625609593513 seconds
Avg sample train. time: 0.00149176600906584 seconds
Evaluating on validation set ...
Validation runtime: 0.0 hours, 0.0 minutes, 0.016149520874023438 seconds

Avg val. time: 0.0 hours, 0.0 minutes, 0.029769488743373325 seconds
Avg batch val. time: 0.009923162914457774 seconds
Avg sample val. time: 0.0012943255975379707 seconds
Epoch 24 Validation Summary: epoch: 24.000000 | loss: 1.727301 | accuracy: 0.347826 | precision: 0.304348 | 
Epoch 25 Training Summary: epoch: 25.000000 | loss: 0.837123 | 
Epoch runtime: 0.0 hours, 0.0 minutes, 0.3345339298248291 seconds

Avg epoch train. time: 0.0 hours, 0.0 minutes, 0.30552881240844726 seconds
Avg batch train. time: 0.011751108169555664 seconds
Avg sample train. time: 0.0014976902569041532 seconds
Epoch 26 Training Summary: epoch: 26.000000 | loss: 0.809115 | 
Epoch runtime: 0.0 hours, 0.0 minutes, 0.3373448848724365 seconds

Avg epoch train. time: 0.0 hours, 0.0 minutes, 0.3067525075032161 seconds
Avg batch train. time: 0.011798173365508311 seconds
Avg sample train. time: 0.0015036887622706671 seconds
Evaluating on validation set ...
Validation runtime: 0.0 hours, 0.0 minutes, 0.01865077018737793 seconds

Avg val. time: 0.0 hours, 0.0 minutes, 0.0290282408396403 seconds
Avg batch val. time: 0.0096760802798801 seconds
Avg sample val. time: 0.0012620974278104477 seconds
Epoch 26 Validation Summary: epoch: 26.000000 | loss: 1.607786 | accuracy: 0.391304 | precision: 0.415217 | 
Epoch 27 Training Summary: epoch: 27.000000 | loss: 0.717520 | 
Epoch runtime: 0.0 hours, 0.0 minutes, 0.2985222339630127 seconds

Avg epoch train. time: 0.0 hours, 0.0 minutes, 0.3064476825572826 seconds
Avg batch train. time: 0.011786449329126255 seconds
Avg sample train. time: 0.0015021945223396207 seconds
Epoch 28 Training Summary: epoch: 28.000000 | loss: 0.667598 | 
Epoch runtime: 0.0 hours, 0.0 minutes, 0.2630317211151123 seconds

Avg epoch train. time: 0.0 hours, 0.0 minutes, 0.30489711250577656 seconds
Avg batch train. time: 0.011726812019452944 seconds
Avg sample train. time: 0.0014945936887538066 seconds
Evaluating on validation set ...
Validation runtime: 0.0 hours, 0.0 minutes, 0.012495040893554688 seconds

Avg val. time: 0.0 hours, 0.0 minutes, 0.02799491584300995 seconds
Avg batch val. time: 0.009331638614336649 seconds
Avg sample val. time: 0.0012171702540439107 seconds
Epoch 28 Validation Summary: epoch: 28.000000 | loss: 2.055069 | accuracy: 0.391304 | precision: 0.459627 | 
Epoch 29 Training Summary: epoch: 29.000000 | loss: 0.661565 | 
Epoch runtime: 0.0 hours, 0.0 minutes, 0.25008702278137207 seconds

Avg epoch train. time: 0.0 hours, 0.0 minutes, 0.30300710941183157 seconds
Avg batch train. time: 0.011654119592762753 seconds
Avg sample train. time: 0.0014853289677050567 seconds
Epoch 30 Training Summary: epoch: 30.000000 | loss: 0.636725 | 
Epoch runtime: 0.0 hours, 0.0 minutes, 0.2711930274963379 seconds

Avg epoch train. time: 0.0 hours, 0.0 minutes, 0.30194664001464844 seconds
Avg batch train. time: 0.01161333230825571 seconds
Avg sample train. time: 0.0014801305883071002 seconds
Evaluating on validation set ...
Validation runtime: 0.0 hours, 0.0 minutes, 0.011999845504760742 seconds

Avg val. time: 0.0 hours, 0.0 minutes, 0.0270540293525247 seconds
Avg batch val. time: 0.0090180097841749 seconds
Avg sample val. time: 0.0011762621457619435 seconds
Epoch 30 Validation Summary: epoch: 30.000000 | loss: 1.923432 | accuracy: 0.391304 | precision: 0.331522 | 
Epoch 31 Training Summary: epoch: 31.000000 | loss: 0.629870 | 
Epoch runtime: 0.0 hours, 0.0 minutes, 0.32069873809814453 seconds

Avg epoch train. time: 0.0 hours, 0.0 minutes, 0.30255154640443865 seconds
Avg batch train. time: 0.011636597938632256 seconds
Avg sample train. time: 0.0014830958157080326 seconds
Epoch 32 Training Summary: epoch: 32.000000 | loss: 0.612993 | 
Epoch runtime: 0.0 hours, 0.0 minutes, 0.30149364471435547 seconds

Avg epoch train. time: 0.0 hours, 0.0 minutes, 0.30251848697662354 seconds
Avg batch train. time: 0.011635326422177829 seconds
Avg sample train. time: 0.001482933759689331 seconds
Evaluating on validation set ...
Validation runtime: 0.0 hours, 0.0 minutes, 0.013917922973632812 seconds

Avg val. time: 0.0 hours, 0.0 minutes, 0.026324245664808486 seconds
Avg batch val. time: 0.008774748554936162 seconds
Avg sample val. time: 0.0011445324202090646 seconds
Epoch 32 Validation Summary: epoch: 32.000000 | loss: 1.878511 | accuracy: 0.391304 | precision: 0.379400 | 
Epoch 33 Training Summary: epoch: 33.000000 | loss: 0.495789 | 
Epoch runtime: 0.0 hours, 0.0 minutes, 0.3073718547821045 seconds

Avg epoch train. time: 0.0 hours, 0.0 minutes, 0.30266555872830475 seconds
Avg batch train. time: 0.011640983028011722 seconds
Avg sample train. time: 0.0014836546996485527 seconds
Epoch 34 Training Summary: epoch: 34.000000 | loss: 0.457749 | 
Epoch runtime: 0.0 hours, 0.0 minutes, 0.3187448978424072 seconds

Avg epoch train. time: 0.0 hours, 0.0 minutes, 0.30313848046695485 seconds
Avg batch train. time: 0.01165917232565211 seconds
Avg sample train. time: 0.001485972943465465 seconds
Evaluating on validation set ...
Validation runtime: 0.0 hours, 0.0 minutes, 0.015347719192504883 seconds

Avg val. time: 0.0 hours, 0.0 minutes, 0.02574653374521356 seconds
Avg batch val. time: 0.008582177915071187 seconds
Avg sample val. time: 0.001119414510661459 seconds
Epoch 34 Validation Summary: epoch: 34.000000 | loss: 1.849764 | accuracy: 0.347826 | precision: 0.325052 | 
Epoch 35 Training Summary: epoch: 35.000000 | loss: 0.460326 | 
Epoch runtime: 0.0 hours, 0.0 minutes, 0.31624603271484375 seconds

Avg epoch train. time: 0.0 hours, 0.0 minutes, 0.3035129819597517 seconds
Avg batch train. time: 0.011673576229221218 seconds
Avg sample train. time: 0.001487808735096822 seconds
Epoch 36 Training Summary: epoch: 36.000000 | loss: 0.465066 | 
Epoch runtime: 0.0 hours, 0.0 minutes, 0.2923259735107422 seconds

Avg epoch train. time: 0.0 hours, 0.0 minutes, 0.30320223172505695 seconds
Avg batch train. time: 0.011661624297117574 seconds
Avg sample train. time: 0.001486285449632632 seconds
Evaluating on validation set ...
Validation runtime: 0.0 hours, 0.0 minutes, 0.014356136322021484 seconds

Avg val. time: 0.0 hours, 0.0 minutes, 0.025177013874053956 seconds
Avg batch val. time: 0.008392337958017986 seconds
Avg sample val. time: 0.0010946527771327806 seconds
Epoch 36 Validation Summary: epoch: 36.000000 | loss: 1.699150 | accuracy: 0.347826 | precision: 0.322464 | 
Epoch 37 Training Summary: epoch: 37.000000 | loss: 0.465486 | 
Epoch runtime: 0.0 hours, 0.0 minutes, 0.2738187313079834 seconds

Avg epoch train. time: 0.0 hours, 0.0 minutes, 0.30240808306513606 seconds
Avg batch train. time: 0.01163108011788985 seconds
Avg sample train. time: 0.0014823925640447845 seconds
Epoch 38 Training Summary: epoch: 38.000000 | loss: 0.415027 | 
Epoch runtime: 0.0 hours, 0.0 minutes, 0.28524017333984375 seconds

Avg epoch train. time: 0.0 hours, 0.0 minutes, 0.30195629596710205 seconds
Avg batch train. time: 0.011613703691042386 seconds
Avg sample train. time: 0.001480177921407363 seconds
Evaluating on validation set ...
Validation runtime: 0.0 hours, 0.0 minutes, 0.013118267059326172 seconds

Avg val. time: 0.0 hours, 0.0 minutes, 0.024602787835257395 seconds
Avg batch val. time: 0.008200929278419132 seconds
Avg sample val. time: 0.0010696864276198868 seconds
Epoch 38 Validation Summary: epoch: 38.000000 | loss: 1.891743 | accuracy: 0.391304 | precision: 0.391304 | 
Epoch 39 Training Summary: epoch: 39.000000 | loss: 0.334224 | 
Epoch runtime: 0.0 hours, 0.0 minutes, 0.29739952087402344 seconds

Avg epoch train. time: 0.0 hours, 0.0 minutes, 0.30183945558010006 seconds
Avg batch train. time: 0.01160920983000385 seconds
Avg sample train. time: 0.0014796051744122552 seconds
Epoch 40 Training Summary: epoch: 40.000000 | loss: 0.438513 | 
Epoch runtime: 0.0 hours, 0.0 minutes, 0.2838714122772217 seconds

Avg epoch train. time: 0.0 hours, 0.0 minutes, 0.3013902544975281 seconds
Avg batch train. time: 0.011591932865289542 seconds
Avg sample train. time: 0.0014774032083212161 seconds
Evaluating on validation set ...
Validation runtime: 0.0 hours, 0.0 minutes, 0.013414382934570312 seconds

Avg val. time: 0.0 hours, 0.0 minutes, 0.024094223976135254 seconds
Avg batch val. time: 0.008031407992045084 seconds
Avg sample val. time: 0.0010475749554841416 seconds
Epoch 40 Validation Summary: epoch: 40.000000 | loss: 2.653189 | accuracy: 0.304348 | precision: 0.195652 | 
Best accuracy was 0.43478260869565216. Other metrics: OrderedDict([('epoch', 16), ('loss', 1.4274996881899626), ('accuracy', 0.43478260869565216), ('precision', 0.3236331569664903)])
All Done!
Total runtime: 0.0 hours, 0.0 minutes, 17.897608280181885 seconds

