Running:
src/main_5q.py --output_dir experiments --comment classification from Scratch --name VRS_fromScratch --records_file VRS_records.xls --data_dir /mnt/d/OneDrive - Southern Methodist University/Phone_Privacy/input_feature/opticalflow_downsample_480p_s22 --data_class vrs --val_ratio 0.1 --epochs 40 --lr 0.001 --dropout 0.2 --batch_size 8 --num_layers 3 --num_heads 4 --optimizer RAdam --pos_encoding learnable --task classification --normalization none --key_metric accuracy

Using device: cuda
Loading and preprocessing data ...
271 samples may be used for training
31 samples will be used for validation
0 samples will be used for testing
Creating model ...
Model:
TSTransformerEncoderClassiregressor(
  (project_inp): Linear(in_features=8, out_features=64, bias=True)
  (pos_enc): LearnablePositionalEncoding(
    (dropout): Dropout(p=0.2, inplace=False)
  )
  (transformer_encoder): TransformerEncoder(
    (layers): ModuleList(
      (0-2): 3 x TransformerBatchNormEncoderLayer(
        (self_attn): MultiheadAttention(
          (out_proj): NonDynamicallyQuantizableLinear(in_features=64, out_features=64, bias=True)
        )
        (linear1): Linear(in_features=64, out_features=256, bias=True)
        (dropout): Dropout(p=0.2, inplace=False)
        (linear2): Linear(in_features=256, out_features=64, bias=True)
        (norm1): BatchNorm1d(64, eps=1e-05, momentum=0.1, affine=True, track_running_stats=True)
        (norm2): BatchNorm1d(64, eps=1e-05, momentum=0.1, affine=True, track_running_stats=True)
        (dropout1): Dropout(p=0.2, inplace=False)
        (dropout2): Dropout(p=0.2, inplace=False)
      )
    )
  )
  (dropout1): Dropout(p=0.2, inplace=False)
  (output_layer): Linear(in_features=5120, out_features=5, bias=True)
)
Total number of parameters: 181253
Trainable parameters: 181253
Evaluating on validation set ...
Validation runtime: 0.0 hours, 0.0 minutes, 0.4035494327545166 seconds

Avg val. time: 0.0 hours, 0.0 minutes, 0.4035494327545166 seconds
Avg batch val. time: 0.10088735818862915 seconds
Avg sample val. time: 0.01301772363724247 seconds
Epoch 0 Validation Summary: epoch: 0.000000 | loss: 5.155391 | accuracy: 0.129032 | precision: 0.170635 | 
Starting training...
Epoch 1 Training Summary: epoch: 1.000000 | loss: 1.664935 | 
Epoch runtime: 0.0 hours, 0.0 minutes, 0.5569992065429688 seconds

Avg epoch train. time: 0.0 hours, 0.0 minutes, 0.5569992065429688 seconds
Avg batch train. time: 0.016382329604204965 seconds
Avg sample train. time: 0.002055347625619811 seconds
Evaluating on validation set ...
Validation runtime: 0.0 hours, 0.0 minutes, 0.014361143112182617 seconds

Avg val. time: 0.0 hours, 0.0 minutes, 0.2089552879333496 seconds
Avg batch val. time: 0.0522388219833374 seconds
Avg sample val. time: 0.00674049315914031 seconds
Epoch 1 Validation Summary: epoch: 1.000000 | loss: 1.537702 | accuracy: 0.290323 | precision: 0.296774 | 
Epoch 2 Training Summary: epoch: 2.000000 | loss: 1.585340 | 
Epoch runtime: 0.0 hours, 0.0 minutes, 0.33380126953125 seconds

Avg epoch train. time: 0.0 hours, 0.0 minutes, 0.4454002380371094 seconds
Avg batch train. time: 0.013100007001091452 seconds
Avg sample train. time: 0.0016435433137900715 seconds
Evaluating on validation set ...
Validation runtime: 0.0 hours, 0.0 minutes, 0.01382136344909668 seconds

Avg val. time: 0.0 hours, 0.0 minutes, 0.14391064643859863 seconds
Avg batch val. time: 0.03597766160964966 seconds
Avg sample val. time: 0.004642278917374149 seconds
Epoch 2 Validation Summary: epoch: 2.000000 | loss: 1.460632 | accuracy: 0.387097 | precision: 0.472825 | 
Epoch 3 Training Summary: epoch: 3.000000 | loss: 1.514632 | 
Epoch runtime: 0.0 hours, 0.0 minutes, 0.3211538791656494 seconds

Avg epoch train. time: 0.0 hours, 0.0 minutes, 0.40398478507995605 seconds
Avg batch train. time: 0.011881905443528119 seconds
Avg sample train. time: 0.0014907187641326793 seconds
Epoch 4 Training Summary: epoch: 4.000000 | loss: 1.500815 | 
Epoch runtime: 0.0 hours, 0.0 minutes, 0.3223578929901123 seconds

Avg epoch train. time: 0.0 hours, 0.0 minutes, 0.3835780620574951 seconds
Avg batch train. time: 0.011281707707573385 seconds
Avg sample train. time: 0.0014154172031641886 seconds
Evaluating on validation set ...
Validation runtime: 0.0 hours, 0.0 minutes, 0.015611648559570312 seconds

Avg val. time: 0.0 hours, 0.0 minutes, 0.11183589696884155 seconds
Avg batch val. time: 0.027958974242210388 seconds
Avg sample val. time: 0.0036076095796400503 seconds
Epoch 4 Validation Summary: epoch: 4.000000 | loss: 1.387189 | accuracy: 0.354839 | precision: 0.257746 | 
Epoch 5 Training Summary: epoch: 5.000000 | loss: 1.377381 | 
Epoch runtime: 0.0 hours, 0.0 minutes, 0.3148524761199951 seconds

Avg epoch train. time: 0.0 hours, 0.0 minutes, 0.36983294486999513 seconds
Avg batch train. time: 0.010877439554999856 seconds
Avg sample train. time: 0.0013646972135424175 seconds
Epoch 6 Training Summary: epoch: 6.000000 | loss: 1.353873 | 
Epoch runtime: 0.0 hours, 0.0 minutes, 0.326322078704834 seconds

Avg epoch train. time: 0.0 hours, 0.0 minutes, 0.36258113384246826 seconds
Avg batch train. time: 0.010664150995366713 seconds
Avg sample train. time: 0.0013379377632563405 seconds
Evaluating on validation set ...
Validation runtime: 0.0 hours, 0.0 minutes, 0.013509035110473633 seconds

Avg val. time: 0.0 hours, 0.0 minutes, 0.09217052459716797 seconds
Avg batch val. time: 0.023042631149291993 seconds
Avg sample val. time: 0.0029732427289409025 seconds
Epoch 6 Validation Summary: epoch: 6.000000 | loss: 1.411454 | accuracy: 0.290323 | precision: 0.258490 | 
Epoch 7 Training Summary: epoch: 7.000000 | loss: 1.299063 | 
Epoch runtime: 0.0 hours, 0.0 minutes, 0.32151317596435547 seconds

Avg epoch train. time: 0.0 hours, 0.0 minutes, 0.3567142827170236 seconds
Avg batch train. time: 0.010491596550500694 seconds
Avg sample train. time: 0.0013162888661144782 seconds
Epoch 8 Training Summary: epoch: 8.000000 | loss: 1.226690 | 
Epoch runtime: 0.0 hours, 0.0 minutes, 0.3088948726654053 seconds

Avg epoch train. time: 0.0 hours, 0.0 minutes, 0.3507368564605713 seconds
Avg batch train. time: 0.010315789895899156 seconds
Avg sample train. time: 0.0012942319426589347 seconds
Evaluating on validation set ...
Validation runtime: 0.0 hours, 0.0 minutes, 0.014068126678466797 seconds

Avg val. time: 0.0 hours, 0.0 minutes, 0.07915345827738444 seconds
Avg batch val. time: 0.01978836456934611 seconds
Avg sample val. time: 0.002553337363786595 seconds
Epoch 8 Validation Summary: epoch: 8.000000 | loss: 1.373274 | accuracy: 0.419355 | precision: 0.535732 | 
Epoch 9 Training Summary: epoch: 9.000000 | loss: 1.161104 | 
Epoch runtime: 0.0 hours, 0.0 minutes, 0.3183128833770752 seconds

Avg epoch train. time: 0.0 hours, 0.0 minutes, 0.34713419278462726 seconds
Avg batch train. time: 0.010209829199547861 seconds
Avg sample train. time: 0.0012809379807550822 seconds
Epoch 10 Training Summary: epoch: 10.000000 | loss: 1.112778 | 
Epoch runtime: 0.0 hours, 0.0 minutes, 0.3394472599029541 seconds

Avg epoch train. time: 0.0 hours, 0.0 minutes, 0.34636549949645995 seconds
Avg batch train. time: 0.010187220573425292 seconds
Avg sample train. time: 0.0012781014741566788 seconds
Evaluating on validation set ...
Validation runtime: 0.0 hours, 0.0 minutes, 0.015146970748901367 seconds

Avg val. time: 0.0 hours, 0.0 minutes, 0.070009674344744 seconds
Avg batch val. time: 0.017502418586186 seconds
Avg sample val. time: 0.0022583765917659356 seconds
Epoch 10 Validation Summary: epoch: 10.000000 | loss: 1.374277 | accuracy: 0.483871 | precision: 0.457373 | 
Epoch 11 Training Summary: epoch: 11.000000 | loss: 1.088600 | 
Epoch runtime: 0.0 hours, 0.0 minutes, 0.31511759757995605 seconds

Avg epoch train. time: 0.0 hours, 0.0 minutes, 0.3435247811404141 seconds
Avg batch train. time: 0.010103670033541592 seconds
Avg sample train. time: 0.0012676191185993142 seconds
Epoch 12 Training Summary: epoch: 12.000000 | loss: 0.962339 | 
Epoch runtime: 0.0 hours, 0.0 minutes, 0.30820679664611816 seconds

Avg epoch train. time: 0.0 hours, 0.0 minutes, 0.34058161576588947 seconds
Avg batch train. time: 0.010017106346055573 seconds
Avg sample train. time: 0.0012567587297634298 seconds
Evaluating on validation set ...
Validation runtime: 0.0 hours, 0.0 minutes, 0.015899181365966797 seconds

Avg val. time: 0.0 hours, 0.0 minutes, 0.06324586272239685 seconds
Avg batch val. time: 0.015811465680599213 seconds
Avg sample val. time: 0.002040189120077318 seconds
Epoch 12 Validation Summary: epoch: 12.000000 | loss: 1.647124 | accuracy: 0.387097 | precision: 0.370968 | 
Epoch 13 Training Summary: epoch: 13.000000 | loss: 0.940426 | 
Epoch runtime: 0.0 hours, 0.0 minutes, 0.32407259941101074 seconds

Avg epoch train. time: 0.0 hours, 0.0 minutes, 0.3393116914308988 seconds
Avg batch train. time: 0.009979755630320553 seconds
Avg sample train. time: 0.0012520726621066377 seconds
Epoch 14 Training Summary: epoch: 14.000000 | loss: 0.910954 | 
Epoch runtime: 0.0 hours, 0.0 minutes, 0.32848310470581055 seconds

Avg epoch train. time: 0.0 hours, 0.0 minutes, 0.3385382209505354 seconds
Avg batch train. time: 0.009957006498545157 seconds
Avg sample train. time: 0.0012492185274927505 seconds
Evaluating on validation set ...
Validation runtime: 0.0 hours, 0.0 minutes, 0.014969348907470703 seconds

Avg val. time: 0.0 hours, 0.0 minutes, 0.0578818056318495 seconds
Avg batch val. time: 0.014470451407962374 seconds
Avg sample val. time: 0.0018671550203822418 seconds
Epoch 14 Validation Summary: epoch: 14.000000 | loss: 1.559926 | accuracy: 0.322581 | precision: 0.374194 | 
Epoch 15 Training Summary: epoch: 15.000000 | loss: 0.829085 | 
Epoch runtime: 0.0 hours, 0.0 minutes, 0.31140995025634766 seconds

Avg epoch train. time: 0.0 hours, 0.0 minutes, 0.3367296695709229 seconds
Avg batch train. time: 0.009903813810909497 seconds
Avg sample train. time: 0.0012425449061657671 seconds
Epoch 16 Training Summary: epoch: 16.000000 | loss: 0.810924 | 
Epoch runtime: 0.0 hours, 0.0 minutes, 0.3169825077056885 seconds

Avg epoch train. time: 0.0 hours, 0.0 minutes, 0.3354954719543457 seconds
Avg batch train. time: 0.009867513881010167 seconds
Avg sample train. time: 0.0012379906714182498 seconds
Evaluating on validation set ...
Validation runtime: 0.0 hours, 0.0 minutes, 0.018500566482543945 seconds

Avg val. time: 0.0 hours, 0.0 minutes, 0.05394368171691895 seconds
Avg batch val. time: 0.013485920429229737 seconds
Avg sample val. time: 0.0017401187650619016 seconds
Epoch 16 Validation Summary: epoch: 16.000000 | loss: 1.607274 | accuracy: 0.354839 | precision: 0.341014 | 
Epoch 17 Training Summary: epoch: 17.000000 | loss: 0.787686 | 
Epoch runtime: 0.0 hours, 0.0 minutes, 0.32068967819213867 seconds

Avg epoch train. time: 0.0 hours, 0.0 minutes, 0.33462454290951 seconds
Avg batch train. time: 0.009841898320867942 seconds
Avg sample train. time: 0.001234776911105203 seconds
Epoch 18 Training Summary: epoch: 18.000000 | loss: 0.690988 | 
Epoch runtime: 0.0 hours, 0.0 minutes, 0.3022632598876953 seconds

Avg epoch train. time: 0.0 hours, 0.0 minutes, 0.3328266938527425 seconds
Avg batch train. time: 0.009789020407433603 seconds
Avg sample train. time: 0.0012281427817444372 seconds
Evaluating on validation set ...
Validation runtime: 0.0 hours, 0.0 minutes, 0.013802051544189453 seconds

Avg val. time: 0.0 hours, 0.0 minutes, 0.050294442610307175 seconds
Avg batch val. time: 0.012573610652576794 seconds
Avg sample val. time: 0.0016224013745260379 seconds
Epoch 18 Validation Summary: epoch: 18.000000 | loss: 1.831910 | accuracy: 0.354839 | precision: 0.370968 | 
Epoch 19 Training Summary: epoch: 19.000000 | loss: 0.758332 | 
Epoch runtime: 0.0 hours, 0.0 minutes, 0.3120386600494385 seconds

Avg epoch train. time: 0.0 hours, 0.0 minutes, 0.33173258681046336 seconds
Avg batch train. time: 0.00975684078854304 seconds
Avg sample train. time: 0.0012241054863854736 seconds
Epoch 20 Training Summary: epoch: 20.000000 | loss: 0.656412 | 
Epoch runtime: 0.0 hours, 0.0 minutes, 0.3068888187408447 seconds

Avg epoch train. time: 0.0 hours, 0.0 minutes, 0.3304903984069824 seconds
Avg batch train. time: 0.009720305835499482 seconds
Avg sample train. time: 0.0012195217653394185 seconds
Evaluating on validation set ...
Validation runtime: 0.0 hours, 0.0 minutes, 0.015370368957519531 seconds

Avg val. time: 0.0 hours, 0.0 minutes, 0.04738410313924154 seconds
Avg batch val. time: 0.011846025784810385 seconds
Avg sample val. time: 0.0015285194561045657 seconds
Epoch 20 Validation Summary: epoch: 20.000000 | loss: 1.893213 | accuracy: 0.322581 | precision: 0.328648 | 
Epoch 21 Training Summary: epoch: 21.000000 | loss: 0.627828 | 
Epoch runtime: 0.0 hours, 0.0 minutes, 0.3115510940551758 seconds

Avg epoch train. time: 0.0 hours, 0.0 minutes, 0.3295885267711821 seconds
Avg batch train. time: 0.009693780199152416 seconds
Avg sample train. time: 0.0012161938257239193 seconds
Epoch 22 Training Summary: epoch: 22.000000 | loss: 0.568258 | 
Epoch runtime: 0.0 hours, 0.0 minutes, 0.316986083984375 seconds

Avg epoch train. time: 0.0 hours, 0.0 minutes, 0.32901568846269086 seconds
Avg batch train. time: 0.009676932013608554 seconds
Avg sample train. time: 0.0012140800312276415 seconds
Evaluating on validation set ...
Validation runtime: 0.0 hours, 0.0 minutes, 0.014330625534057617 seconds

Avg val. time: 0.0 hours, 0.0 minutes, 0.04484152793884277 seconds
Avg batch val. time: 0.011210381984710693 seconds
Avg sample val. time: 0.0014465009012529927 seconds
Epoch 22 Validation Summary: epoch: 22.000000 | loss: 2.189832 | accuracy: 0.322581 | precision: 0.322734 | 
Epoch 23 Training Summary: epoch: 23.000000 | loss: 0.570739 | 
Epoch runtime: 0.0 hours, 0.0 minutes, 0.31606101989746094 seconds

Avg epoch train. time: 0.0 hours, 0.0 minutes, 0.32845244200333307 seconds
Avg batch train. time: 0.009660365941274502 seconds
Avg sample train. time: 0.0012120016310086092 seconds
Epoch 24 Training Summary: epoch: 24.000000 | loss: 0.529753 | 
Epoch runtime: 0.0 hours, 0.0 minutes, 0.32074952125549316 seconds

Avg epoch train. time: 0.0 hours, 0.0 minutes, 0.32813148697217304 seconds
Avg batch train. time: 0.009650926087416854 seconds
Avg sample train. time: 0.0012108172951002694 seconds
Evaluating on validation set ...
Validation runtime: 0.0 hours, 0.0 minutes, 0.013473272323608398 seconds

Avg val. time: 0.0 hours, 0.0 minutes, 0.04260093825204032 seconds
Avg batch val. time: 0.01065023456301008 seconds
Avg sample val. time: 0.0013742238145819457 seconds
Epoch 24 Validation Summary: epoch: 24.000000 | loss: 2.178306 | accuracy: 0.387097 | precision: 0.351075 | 
Epoch 25 Training Summary: epoch: 25.000000 | loss: 0.583450 | 
Epoch runtime: 0.0 hours, 0.0 minutes, 0.3139822483062744 seconds

Avg epoch train. time: 0.0 hours, 0.0 minutes, 0.32756551742553713 seconds
Avg batch train. time: 0.009634279924280504 seconds
Avg sample train. time: 0.0012087288465886979 seconds
Epoch 26 Training Summary: epoch: 26.000000 | loss: 0.427446 | 
Epoch runtime: 0.0 hours, 0.0 minutes, 0.31490635871887207 seconds

Avg epoch train. time: 0.0 hours, 0.0 minutes, 0.32707862670605 seconds
Avg batch train. time: 0.00961995960900147 seconds
Avg sample train. time: 0.0012069322018673431 seconds
Evaluating on validation set ...
Validation runtime: 0.0 hours, 0.0 minutes, 0.014826297760009766 seconds

Avg val. time: 0.0 hours, 0.0 minutes, 0.04074929555257161 seconds
Avg batch val. time: 0.010187323888142903 seconds
Avg sample val. time: 0.001314493404921665 seconds
Epoch 26 Validation Summary: epoch: 26.000000 | loss: 1.750073 | accuracy: 0.451613 | precision: 0.456452 | 
Epoch 27 Training Summary: epoch: 27.000000 | loss: 0.438831 | 
Epoch runtime: 0.0 hours, 0.0 minutes, 0.3105039596557617 seconds

Avg epoch train. time: 0.0 hours, 0.0 minutes, 0.3264647501486319 seconds
Avg batch train. time: 0.009601904416136233 seconds
Avg sample train. time: 0.001204666974718199 seconds
Epoch 28 Training Summary: epoch: 28.000000 | loss: 0.439876 | 
Epoch runtime: 0.0 hours, 0.0 minutes, 0.31274914741516113 seconds

Avg epoch train. time: 0.0 hours, 0.0 minutes, 0.32597490719386507 seconds
Avg batch train. time: 0.009587497270407795 seconds
Avg sample train. time: 0.0012028594361397234 seconds
Evaluating on validation set ...
Validation runtime: 0.0 hours, 0.0 minutes, 0.01423192024230957 seconds

Avg val. time: 0.0 hours, 0.0 minutes, 0.03909195959568024 seconds
Avg batch val. time: 0.00977298989892006 seconds
Avg sample val. time: 0.0012610309546993625 seconds
Epoch 28 Validation Summary: epoch: 28.000000 | loss: 2.189713 | accuracy: 0.451613 | precision: 0.430184 | 
Epoch 29 Training Summary: epoch: 29.000000 | loss: 0.392334 | 
Epoch runtime: 0.0 hours, 0.0 minutes, 0.31739377975463867 seconds

Avg epoch train. time: 0.0 hours, 0.0 minutes, 0.32567900624768487 seconds
Avg batch train. time: 0.009578794301402497 seconds
Avg sample train. time: 0.0012017675507294645 seconds
Epoch 30 Training Summary: epoch: 30.000000 | loss: 0.434349 | 
Epoch runtime: 0.0 hours, 0.0 minutes, 0.3179352283477783 seconds

Avg epoch train. time: 0.0 hours, 0.0 minutes, 0.325420880317688 seconds
Avg batch train. time: 0.00957120236228494 seconds
Avg sample train. time: 0.001200815056522834 seconds
Evaluating on validation set ...
Validation runtime: 0.0 hours, 0.0 minutes, 0.015775203704833984 seconds

Avg val. time: 0.0 hours, 0.0 minutes, 0.037720385719748104 seconds
Avg batch val. time: 0.009430096429937026 seconds
Avg sample val. time: 0.0012167866361209065 seconds
Epoch 30 Validation Summary: epoch: 30.000000 | loss: 2.249389 | accuracy: 0.387097 | precision: 0.417742 | 
Epoch 31 Training Summary: epoch: 31.000000 | loss: 0.342689 | 
Epoch runtime: 0.0 hours, 0.0 minutes, 0.3192253112792969 seconds

Avg epoch train. time: 0.0 hours, 0.0 minutes, 0.3252210232519334 seconds
Avg batch train. time: 0.00956532421329216 seconds
Avg sample train. time: 0.0012000775765754 seconds
Epoch 32 Training Summary: epoch: 32.000000 | loss: 0.278977 | 
Epoch runtime: 0.0 hours, 0.0 minutes, 0.3172750473022461 seconds

Avg epoch train. time: 0.0 hours, 0.0 minutes, 0.3249727115035057 seconds
Avg batch train. time: 0.009558020926573697 seconds
Avg sample train. time: 0.0011991612970609067 seconds
Evaluating on validation set ...
Validation runtime: 0.0 hours, 0.0 minutes, 0.013818502426147461 seconds

Avg val. time: 0.0 hours, 0.0 minutes, 0.03639250331454807 seconds
Avg batch val. time: 0.009098125828637017 seconds
Avg sample val. time: 0.0011739517198241312 seconds
Epoch 32 Validation Summary: epoch: 32.000000 | loss: 2.223639 | accuracy: 0.354839 | precision: 0.361598 | 
Epoch 33 Training Summary: epoch: 33.000000 | loss: 0.245447 | 
Epoch runtime: 0.0 hours, 0.0 minutes, 0.31288981437683105 seconds

Avg epoch train. time: 0.0 hours, 0.0 minutes, 0.32460656310572766 seconds
Avg batch train. time: 0.009547251856050813 seconds
Avg sample train. time: 0.0011978101959620947 seconds
Epoch 34 Training Summary: epoch: 34.000000 | loss: 0.329861 | 
Epoch runtime: 0.0 hours, 0.0 minutes, 0.3198556900024414 seconds

Avg epoch train. time: 0.0 hours, 0.0 minutes, 0.32446683154386635 seconds
Avg batch train. time: 0.009543142104231364 seconds
Avg sample train. time: 0.0011972945813426802 seconds
Evaluating on validation set ...
Validation runtime: 0.0 hours, 0.0 minutes, 0.013959407806396484 seconds

Avg val. time: 0.0 hours, 0.0 minutes, 0.035211814077276936 seconds
Avg batch val. time: 0.008802953519319234 seconds
Avg sample val. time: 0.0011358649702347399 seconds
Epoch 34 Validation Summary: epoch: 34.000000 | loss: 2.066406 | accuracy: 0.419355 | precision: 0.423272 | 
Epoch 35 Training Summary: epoch: 35.000000 | loss: 0.282043 | 
Epoch runtime: 0.0 hours, 0.0 minutes, 0.32440829277038574 seconds

Avg epoch train. time: 0.0 hours, 0.0 minutes, 0.3244651590074812 seconds
Avg batch train. time: 0.00954309291198474 seconds
Avg sample train. time: 0.0011972884096217017 seconds
Epoch 36 Training Summary: epoch: 36.000000 | loss: 0.286890 | 
Epoch runtime: 0.0 hours, 0.0 minutes, 0.3188333511352539 seconds

Avg epoch train. time: 0.0 hours, 0.0 minutes, 0.3243087198999193 seconds
Avg batch train. time: 0.009538491761762332 seconds
Avg sample train. time: 0.0011967111435421376 seconds
Evaluating on validation set ...
Validation runtime: 0.0 hours, 0.0 minutes, 0.01474761962890625 seconds

Avg val. time: 0.0 hours, 0.0 minutes, 0.0341886043548584 seconds
Avg batch val. time: 0.0085471510887146 seconds
Avg sample val. time: 0.0011028582049954323 seconds
Epoch 36 Validation Summary: epoch: 36.000000 | loss: 2.371022 | accuracy: 0.322581 | precision: 0.337097 | 
Epoch 37 Training Summary: epoch: 37.000000 | loss: 0.198534 | 
Epoch runtime: 0.0 hours, 0.0 minutes, 0.32331418991088867 seconds

Avg epoch train. time: 0.0 hours, 0.0 minutes, 0.32428184071102656 seconds
Avg batch train. time: 0.009537701197383133 seconds
Avg sample train. time: 0.0011966119583432715 seconds
Epoch 38 Training Summary: epoch: 38.000000 | loss: 0.217491 | 
Epoch runtime: 0.0 hours, 0.0 minutes, 0.3282632827758789 seconds

Avg epoch train. time: 0.0 hours, 0.0 minutes, 0.3243866155022069 seconds
Avg batch train. time: 0.009540782808888438 seconds
Avg sample train. time: 0.0011969985811889554 seconds
Evaluating on validation set ...
Validation runtime: 0.0 hours, 0.0 minutes, 0.013623237609863281 seconds

Avg val. time: 0.0 hours, 0.0 minutes, 0.0332093011765253 seconds
Avg batch val. time: 0.008302325294131324 seconds
Avg sample val. time: 0.0010712677798879128 seconds
Epoch 38 Validation Summary: epoch: 38.000000 | loss: 3.060967 | accuracy: 0.322581 | precision: 0.354531 | 
Epoch 39 Training Summary: epoch: 39.000000 | loss: 0.243982 | 
Epoch runtime: 0.0 hours, 0.0 minutes, 0.31560587882995605 seconds

Avg epoch train. time: 0.0 hours, 0.0 minutes, 0.3241614684080466 seconds
Avg batch train. time: 0.009534160835530783 seconds
Avg sample train. time: 0.001196167780103493 seconds
Epoch 40 Training Summary: epoch: 40.000000 | loss: 0.236098 | 
Epoch runtime: 0.0 hours, 0.0 minutes, 0.32314157485961914 seconds

Avg epoch train. time: 0.0 hours, 0.0 minutes, 0.32413597106933595 seconds
Avg batch train. time: 0.009533410913803999 seconds
Avg sample train. time: 0.0011960736939827894 seconds
Evaluating on validation set ...
Validation runtime: 0.0 hours, 0.0 minutes, 0.01353764533996582 seconds

Avg val. time: 0.0 hours, 0.0 minutes, 0.03231513500213623 seconds
Avg batch val. time: 0.008078783750534058 seconds
Avg sample val. time: 0.00104242370974633 seconds
Epoch 40 Validation Summary: epoch: 40.000000 | loss: 2.718590 | accuracy: 0.419355 | precision: 0.494240 | 
Best accuracy was 0.4838709677419355. Other metrics: OrderedDict([('epoch', 10), ('loss', 1.3742767764676003), ('accuracy', 0.4838709677419355), ('precision', 0.4573732718894009)])
All Done!
Total runtime: 0.0 hours, 0.0 minutes, 28.016037940979004 seconds

